<Event xmlns='http://schemas.microsoft.com/win/2004/08/events/event'><System><Provider Name='Windows Error Reporting' Guid='{0ead09bd-2157-539a-8d6d-c87f95b64d70}'/><EventID>1001</EventID><Version>0</Version><Level>4</Level><Task>0</Task><Opcode>0</Opcode><Keywords>0x8000000000000000</Keywords><TimeCreated SystemTime='2025-06-02T16:47:11.0778437Z'/><EventRecordID>41</EventRecordID><Correlation/><Execution ProcessID='8836' ThreadID='8840'/><Channel>Application</Channel><Computer>NIKOLAISMETBD82</Computer><Security UserID='S-1-5-18'/></System><EventData><Data Name='Bucket'></Data><Data Name='BucketType'>0</Data><Data Name='EventName'>crashpad_log</Data><Data Name='Response'>Not available</Data><Data Name='CabId'>0</Data><Data Name='P1'>MicrosoftEdgeUpdate.exe</Data><Data Name='P2'>1.3.185.27</Data><Data Name='P3'>CriticalRequestError</Data><Data Name='P4'>0xa043081c</Data><Data Name='P5'></Data><Data Name='P6'></Data><Data Name='P7'></Data><Data Name='P8'></Data><Data Name='P9'></Data><Data Name='P10'></Data><Data Name='AttachedFiles'></Data><Data Name='StorePath'>\\?\C:\ProgramData\Microsoft\Windows\WER\ReportQueue\NonCritical_MicrosoftEdgeUpd_ba1b58b3ecde5815e8722828f5d4ca3184ec18c1_00000000_36885ca6-218d-4b27-a083-b213629ddb2f</Data><Data Name='AnalysisSymbol'></Data><Data Name='Rechecking'>0</Data><Data Name='ReportId'>36885ca6-218d-4b27-a083-b213629ddb2f</Data><Data Name='ReportStatus'>6</Data><Data Name='HashedBucket'></Data><Data Name='CabGuid'>0</Data></EventData><RenderingInfo Culture='en-US'><Message>Fault bucket , type 0&#13;&#10;Event Name: crashpad_log&#13;&#10;Response: Not available&#13;&#10;Cab Id: 0&#13;&#10;&#13;&#10;Problem signature:&#13;&#10;P1: MicrosoftEdgeUpdate.exe&#13;&#10;P2: 1.3.185.27&#13;&#10;P3: CriticalRequestError&#13;&#10;P4: 0xa043081c&#13;&#10;P5: &#13;&#10;P6: &#13;&#10;P7: &#13;&#10;P8: &#13;&#10;P9: &#13;&#10;P10: &#13;&#10;&#13;&#10;Attached files:&#13;&#10;&#13;&#10;These files may be available here:&#13;&#10;\\?\C:\ProgramData\Microsoft\Windows\WER\ReportQueue\NonCritical_MicrosoftEdgeUpd_ba1b58b3ecde5815e8722828f5d4ca3184ec18c1_00000000_36885ca6-218d-4b27-a083-b213629ddb2f&#13;&#10;&#13;&#10;Analysis symbol: &#13;&#10;Rechecking for solution: 0&#13;&#10;Report Id: 36885ca6-218d-4b27-a083-b213629ddb2f&#13;&#10;Report Status: 6&#13;&#10;Hashed bucket: &#13;&#10;Cab Guid: 0</Message><Level>Information</Level><Opcode>Info</Opcode><Channel>Application</Channel></RenderingInfo></Event><Event xmlns='http://schemas.microsoft.com/win/2004/08/events/event'><System><Provider Name='edgeupdate'/><EventID Qualifiers='0'>0</EventID><Version>0</Version><Level>4</Level><Task>0</Task><Opcode>0</Opcode><Keywords>0x80000000000000</Keywords><TimeCreated SystemTime='2025-06-02T16:47:09.8337212Z'/><EventRecordID>40</EventRecordID><Correlation/><Execution ProcessID='7808' ThreadID='0'/><Channel>Application</Channel><Computer>NIKOLAISMETBD82</Computer><Security/></System><EventData><Data>Service stopped</Data></EventData><RenderingInfo Culture='en-US'><Message>Service stopped.</Message><Level>Information</Level><Task>None</Task><Opcode>Info</Opcode><Keywords><Keyword>Classic</Keyword></Keywords></RenderingInfo></Event><Event xmlns='http://schemas.microsoft.com/win/2004/08/events/event'><System><Provider Name='Microsoft-Windows-AppModel-State' Guid='{bff15e13-81bf-45ee-8b16-7cfead00da86}'/><EventID>24</EventID><Version>0</Version><Level>3</Level><Task>0</Task><Opcode>0</Opcode><Keywords>0x8000000000000000</Keywords><TimeCreated SystemTime='2025-06-02T16:47:04.4880289Z'/><EventRecordID>39</EventRecordID><Correlation ActivityID='{e8fa5c98-d3dd-0002-029d-fae8ddd3db01}'/><Execution ProcessID='7380' ThreadID='7460'/><Channel>Application</Channel><Computer>NIKOLAISMETBD82</Computer><Security UserID='S-1-5-21-4155168598-3527253067-2058671051-1001'/></System><EventData><Data Name='Operation'>InitializeDataChangedSignaler</Data><Data Name='PackageFamily'>Microsoft.Windows.ContentDeliveryManager_cw5n1h2txyewy</Data><Data Name='OperationError'>-2147024894</Data><Data Name='RepairTriggerError'>0</Data></EventData><RenderingInfo Culture='en-US'><Message>Repair of state locations for operation InitializeDataChangedSignaler against package Microsoft.Windows.ContentDeliveryManager_cw5n1h2txyewy with error -2147024894 returned Error Code: 0</Message><Level>Warning</Level><Opcode>Info</Opcode><Channel>Application</Channel><Provider>Microsoft-Windows-AppModel-State</Provider></RenderingInfo></Event><Event xmlns='http://schemas.microsoft.com/win/2004/08/events/event'><System><Provider Name='Microsoft-Windows-AppModel-State' Guid='{bff15e13-81bf-45ee-8b16-7cfead00da86}'/><EventID>23</EventID><Version>0</Version><Level>3</Level><Task>0</Task><Opcode>0</Opcode><Keywords>0x8000000000000000</Keywords><TimeCreated SystemTime='2025-06-02T16:47:04.4178308Z'/><EventRecordID>38</EventRecordID><Correlation ActivityID='{e8fa5c98-d3dd-0002-029d-fae8ddd3db01}'/><Execution ProcessID='7380' ThreadID='7460'/><Channel>Application</Channel><Computer>NIKOLAISMETBD82</Computer><Security UserID='S-1-5-21-4155168598-3527253067-2058671051-1001'/></System><EventData><Data Name='Operation'>InitializeDataChangedSignaler</Data><Data Name='PackageFamily'>Microsoft.Windows.ContentDeliveryManager_cw5n1h2txyewy</Data><Data Name='OperationError'>-2147024894</Data></EventData><RenderingInfo Culture='en-US'><Message>Triggered repair of state locations because operation InitializeDataChangedSignaler against package Microsoft.Windows.ContentDeliveryManager_cw5n1h2txyewy hit error -2147024894.</Message><Level>Warning</Level><Opcode>Info</Opcode><Channel>Application</Channel><Provider>Microsoft-Windows-AppModel-State</Provider></RenderingInfo></Event><Event xmlns='http://schemas.microsoft.com/win/2004/08/events/event'><System><Provider Name='Microsoft-Windows-AppModel-State' Guid='{bff15e13-81bf-45ee-8b16-7cfead00da86}'/><EventID>24</EventID><Version>0</Version><Level>3</Level><Task>0</Task><Opcode>0</Opcode><Keywords>0x8000000000000000</Keywords><TimeCreated SystemTime='2025-06-02T16:47:04.2713179Z'/><EventRecordID>37</EventRecordID><Correlation/><Execution ProcessID='7356' ThreadID='7400'/><Channel>Application</Channel><Computer>NIKOLAISMETBD82</Computer><Security UserID='S-1-5-21-4155168598-3527253067-2058671051-1001'/></System><EventData><Data Name='Operation'>InitializeDataChangedSignaler</Data><Data Name='PackageFamily'>Microsoft.Windows.CloudExperienceHost_cw5n1h2txyewy</Data><Data Name='OperationError'>-2147024894</Data><Data Name='RepairTriggerError'>0</Data></EventData><RenderingInfo Culture='en-US'><Message>Repair of state locations for operation InitializeDataChangedSignaler against package Microsoft.Windows.CloudExperienceHost_cw5n1h2txyewy with error -2147024894 returned Error Code: 0</Message><Level>Warning</Level><Opcode>Info</Opcode><Channel>Application</Channel><Provider>Microsoft-Windows-AppModel-State</Provider></RenderingInfo></Event><Event xmlns='http://schemas.microsoft.com/win/2004/08/events/event'><System><Provider Name='Microsoft-Windows-AppModel-State' Guid='{bff15e13-81bf-45ee-8b16-7cfead00da86}'/><EventID>23</EventID><Version>0</Version><Level>3</Level><Task>0</Task><Opcode>0</Opcode><Keywords>0x8000000000000000</Keywords><TimeCreated SystemTime='2025-06-02T16:47:04.2059184Z'/><EventRecordID>36</EventRecordID><Correlation/><Execution ProcessID='7356' ThreadID='7400'/><Channel>Application</Channel><Computer>NIKOLAISMETBD82</Computer><Security UserID='S-1-5-21-4155168598-3527253067-2058671051-1001'/></System><EventData><Data Name='Operation'>InitializeDataChangedSignaler</Data><Data Name='PackageFamily'>Microsoft.Windows.CloudExperienceHost_cw5n1h2txyewy</Data><Data Name='OperationError'>-2147024894</Data></EventData><RenderingInfo Culture='en-US'><Message>Triggered repair of state locations because operation InitializeDataChangedSignaler against package Microsoft.Windows.CloudExperienceHost_cw5n1h2txyewy hit error -2147024894.</Message><Level>Warning</Level><Opcode>Info</Opcode><Channel>Application</Channel><Provider>Microsoft-Windows-AppModel-State</Provider></RenderingInfo></Event><Event xmlns='http://schemas.microsoft.com/win/2004/08/events/event'><System><Provider Name='Microsoft-Windows-AppModel-State' Guid='{bff15e13-81bf-45ee-8b16-7cfead00da86}'/><EventID>24</EventID><Version>0</Version><Level>3</Level><Task>0</Task><Opcode>0</Opcode><Keywords>0x8000000000000000</Keywords><TimeCreated SystemTime='2025-06-02T16:47:02.9834503Z'/><EventRecordID>35</EventRecordID><Correlation ActivityID='{e8fa5c98-d3dd-0001-427e-fae8ddd3db01}'/><Execution ProcessID='7000' ThreadID='7124'/><Channel>Application</Channel><Computer>NIKOLAISMETBD82</Computer><Security UserID='S-1-5-21-4155168598-3527253067-2058671051-1001'/></System><EventData><Data Name='Operation'>InitializeDataChangedSignaler</Data><Data Name='PackageFamily'>Microsoft.AAD.BrokerPlugin_cw5n1h2txyewy</Data><Data Name='OperationError'>-2147024894</Data><Data Name='RepairTriggerError'>0</Data></EventData><RenderingInfo Culture='en-US'><Message>Repair of state locations for operation InitializeDataChangedSignaler against package Microsoft.AAD.BrokerPlugin_cw5n1h2txyewy with error -2147024894 returned Error Code: 0</Message><Level>Warning</Level><Opcode>Info</Opcode><Channel>Application</Channel><Provider>Microsoft-Windows-AppModel-State</Provider></RenderingInfo></Event><Event xmlns='http://schemas.microsoft.com/win/2004/08/events/event'><System><Provider Name='Microsoft-Windows-AppModel-State' Guid='{bff15e13-81bf-45ee-8b16-7cfead00da86}'/><EventID>23</EventID><Version>0</Version><Level>3</Level><Task>0</Task><Opcode>0</Opcode><Keywords>0x8000000000000000</Keywords><TimeCreated SystemTime='2025-06-02T16:47:02.8620358Z'/><EventRecordID>34</EventRecordID><Correlation ActivityID='{e8fa5c98-d3dd-0001-427e-fae8ddd3db01}'/><Execution ProcessID='7000' ThreadID='7124'/><Channel>Application</Channel><Computer>NIKOLAISMETBD82</Computer><Security UserID='S-1-5-21-4155168598-3527253067-2058671051-1001'/></System><EventData><Data Name='Operation'>InitializeDataChangedSignaler</Data><Data Name='PackageFamily'>Microsoft.AAD.BrokerPlugin_cw5n1h2txyewy</Data><Data Name='OperationError'>-2147024894</Data></EventData><RenderingInfo Culture='en-US'><Message>Triggered repair of state locations because operation InitializeDataChangedSignaler against package Microsoft.AAD.BrokerPlugin_cw5n1h2txyewy hit error -2147024894.</Message><Level>Warning</Level><Opcode>Info</Opcode><Channel>Application</Channel><Provider>Microsoft-Windows-AppModel-State</Provider></RenderingInfo></Event><Event xmlns='http://schemas.microsoft.com/win/2004/08/events/event'><System><Provider Name='Microsoft-Windows-Winlogon' Guid='{DBE9B383-7CF3-4331-91CC-A3CB16A3B538}' EventSourceName='Wlclntfy'/><EventID Qualifiers='32768'>6000</EventID><Version>0</Version><Level>4</Level><Task>0</Task><Opcode>0</Opcode><Keywords>0x80000000000000</Keywords><TimeCreated SystemTime='2025-06-02T16:47:01.5536469Z'/><EventRecordID>33</EventRecordID><Correlation/><Execution ProcessID='824' ThreadID='0'/><Channel>Application</Channel><Computer>NIKOLAISMETBD82</Computer><Security/></System><EventData><Data>SessionEnv</Data><Binary>D9060000</Binary></EventData><RenderingInfo Culture='en-US'><Message>The winlogon notification subscriber &lt;SessionEnv&gt; was unavailable to handle a notification event.</Message><Level>Information</Level><Provider>Microsoft-Windows-Winlogon</Provider><Keywords><Keyword>Classic</Keyword></Keywords></RenderingInfo></Event><Event xmlns='http://schemas.microsoft.com/win/2004/08/events/event'><System><Provider Name='Microsoft-Windows-Winlogon' Guid='{DBE9B383-7CF3-4331-91CC-A3CB16A3B538}' EventSourceName='Wlclntfy'/><EventID Qualifiers='32768'>6003</EventID><Version>0</Version><Level>4</Level><Task>0</Task><Opcode>0</Opcode><Keywords>0x80000000000000</Keywords><TimeCreated SystemTime='2025-06-02T16:47:00.7597676Z'/><EventRecordID>32</EventRecordID><Correlation/><Execution ProcessID='824' ThreadID='0'/><Channel>Application</Channel><Computer>NIKOLAISMETBD82</Computer><Security/></System><EventData><Data>SessionEnv</Data><Binary>D9060000</Binary></EventData><RenderingInfo Culture='en-US'><Message>The winlogon notification subscriber &lt;SessionEnv&gt; was unavailable to handle a critical notification event.</Message><Level>Information</Level><Provider>Microsoft-Windows-Winlogon</Provider><Keywords><Keyword>Classic</Keyword></Keywords></RenderingInfo></Event><Event xmlns='http://schemas.microsoft.com/win/2004/08/events/event'><System><Provider Name='Microsoft-Windows-CAPI2' Guid='{5bbca4a8-b209-48dc-a8c7-b23d3e5216fb}' EventSourceName='Microsoft-Windows-CAPI2'/><EventID Qualifiers='0'>4097</EventID><Version>0</Version><Level>4</Level><Task>0</Task><Opcode>0</Opcode><Keywords>0x8080000000000000</Keywords><TimeCreated SystemTime='2025-06-02T16:46:58.9517723Z'/><EventRecordID>31</EventRecordID><Correlation/><Execution ProcessID='2080' ThreadID='3592'/><Channel>Application</Channel><Computer>NIKOLAISMETBD82</Computer><Security/></System><EventData><Data>CN=DigiCert Global Root G2, OU=www.digicert.com, O=DigiCert Inc, C=US</Data><Data>DF3C24F9BFD666761B268073FE06D1CC8D4F82A4</Data></EventData><RenderingInfo Culture='en-US'><Message>Successful auto update of third-party root certificate:: Subject: &lt;CN=DigiCert Global Root G2, OU=www.digicert.com, O=DigiCert Inc, C=US&gt; Sha1 thumbprint: &lt;DF3C24F9BFD666761B268073FE06D1CC8D4F82A4&gt;.</Message><Level>Information</Level><Opcode>Info</Opcode><Provider>Microsoft-Windows-CAPI2</Provider><Keywords><Keyword>Classic</Keyword></Keywords></RenderingInfo></Event><Event xmlns='http://schemas.microsoft.com/win/2004/08/events/event'><System><Provider Name='Microsoft-Windows-CAPI2' Guid='{5bbca4a8-b209-48dc-a8c7-b23d3e5216fb}' EventSourceName='Microsoft-Windows-CAPI2'/><EventID Qualifiers='0'>4097</EventID><Version>0</Version><Level>4</Level><Task>0</Task><Opcode>0</Opcode><Keywords>0x8080000000000000</Keywords><TimeCreated SystemTime='2025-06-02T16:46:58.9517723Z'/><EventRecordID>30</EventRecordID><Correlation/><Execution ProcessID='2080' ThreadID='4972'/><Channel>Application</Channel><Computer>NIKOLAISMETBD82</Computer><Security/></System><EventData><Data>CN=DigiCert Global Root G2, OU=www.digicert.com, O=DigiCert Inc, C=US</Data><Data>DF3C24F9BFD666761B268073FE06D1CC8D4F82A4</Data></EventData><RenderingInfo Culture='en-US'><Message>Successful auto update of third-party root certificate:: Subject: &lt;CN=DigiCert Global Root G2, OU=www.digicert.com, O=DigiCert Inc, C=US&gt; Sha1 thumbprint: &lt;DF3C24F9BFD666761B268073FE06D1CC8D4F82A4&gt;.</Message><Level>Information</Level><Opcode>Info</Opcode><Provider>Microsoft-Windows-CAPI2</Provider><Keywords><Keyword>Classic</Keyword></Keywords></RenderingInfo></Event><Event xmlns='http://schemas.microsoft.com/win/2004/08/events/event'><System><Provider Name='Microsoft-Windows-WMI' Guid='{1edeee53-0afe-4609-b846-d8c0b2075b1f}'/><EventID>5617</EventID><Version>2</Version><Level>4</Level><Task>0</Task><Opcode>0</Opcode><Keywords>0x8000000000000000</Keywords><TimeCreated SystemTime='2025-06-02T16:46:53.3905566Z'/><EventRecordID>29</EventRecordID><Correlation/><Execution ProcessID='3840' ThreadID='4008'/><Channel>Application</Channel><Computer>NIKOLAISMETBD82</Computer><Security UserID='S-1-5-18'/></System><EventData></EventData><RenderingInfo Culture='en-US'><Message>Windows Management Instrumentation Service subsystems initialized successfully</Message><Level>Information</Level><Opcode>Info</Opcode><Channel>Application</Channel><Provider>Microsoft-Windows-WMI</Provider></RenderingInfo></Event><Event xmlns='http://schemas.microsoft.com/win/2004/08/events/event'><System><Provider Name='Microsoft-Windows-Search' Guid='{CA4E628D-8567-4896-AB6B-835B221F373F}' EventSourceName='Windows Search Service'/><EventID Qualifiers='16384'>1003</EventID><Version>0</Version><Level>4</Level><Task>1</Task><Opcode>0</Opcode><Keywords>0x80000000000000</Keywords><TimeCreated SystemTime='2025-06-02T16:46:51.6589782Z'/><EventRecordID>28</EventRecordID><Correlation/><Execution ProcessID='4952' ThreadID='0'/><Channel>Application</Channel><Computer>NIKOLAISMETBD82</Computer><Security/></System><EventData><Data Name='ExtraInfo'>
</Data></EventData><RenderingInfo Culture='en-US'><Message>The Windows Search Service started.&#10;</Message><Level>Information</Level><Task>Search service</Task><Provider>Microsoft-Windows-Search</Provider><Keywords><Keyword>Classic</Keyword></Keywords></RenderingInfo></Event><Event xmlns='http://schemas.microsoft.com/win/2004/08/events/event'><System><Provider Name='Microsoft-Windows-Search' Guid='{CA4E628D-8567-4896-AB6B-835B221F373F}' EventSourceName='Windows Search Service'/><EventID Qualifiers='16384'>1005</EventID><Version>0</Version><Level>4</Level><Task>1</Task><Opcode>0</Opcode><Keywords>0x80000000000000</Keywords><TimeCreated SystemTime='2025-06-02T16:46:51.6463353Z'/><EventRecordID>27</EventRecordID><Correlation/><Execution ProcessID='4952' ThreadID='0'/><Channel>Application</Channel><Computer>NIKOLAISMETBD82</Computer><Security/></System><EventData><Data Name='ExtraInfo'>
</Data></EventData><RenderingInfo Culture='en-US'><Message>The Windows Search Service has successfully created the new search index. &#10;</Message><Level>Information</Level><Task>Search service</Task><Provider>Microsoft-Windows-Search</Provider><Keywords><Keyword>Classic</Keyword></Keywords></RenderingInfo></Event><Event xmlns='http://schemas.microsoft.com/win/2004/08/events/event'><System><Provider Name='Microsoft-Windows-Search' Guid='{CA4E628D-8567-4896-AB6B-835B221F373F}' EventSourceName='Windows Search Service'/><EventID Qualifiers='16384'>1004</EventID><Version>0</Version><Level>4</Level><Task>1</Task><Opcode>0</Opcode><Keywords>0x80000000000000</Keywords><TimeCreated SystemTime='2025-06-02T16:46:51.6029804Z'/><EventRecordID>26</EventRecordID><Correlation/><Execution ProcessID='4952' ThreadID='0'/><Channel>Application</Channel><Computer>NIKOLAISMETBD82</Computer><Security/></System><EventData><Data Name='ExtraInfo'>
</Data><Data Name='Reason'>Full Index Reset</Data></EventData><RenderingInfo Culture='en-US'><Message>The Windows Search service is creating the new search index {Reason: Full Index Reset}. &#10;</Message><Level>Information</Level><Task>Search service</Task><Provider>Microsoft-Windows-Search</Provider><Keywords><Keyword>Classic</Keyword></Keywords></RenderingInfo></Event><Event xmlns='http://schemas.microsoft.com/win/2004/08/events/event'><System><Provider Name='Microsoft-Windows-Search' Guid='{CA4E628D-8567-4896-AB6B-835B221F373F}' EventSourceName='Windows Search Service'/><EventID Qualifiers='16384'>1010</EventID><Version>0</Version><Level>4</Level><Task>1</Task><Opcode>0</Opcode><Keywords>0x80000000000000</Keywords><TimeCreated SystemTime='2025-06-02T16:46:51.2779178Z'/><EventRecordID>25</EventRecordID><Correlation/><Execution ProcessID='4952' ThreadID='0'/><Channel>Application</Channel><Computer>NIKOLAISMETBD82</Computer><Security/></System><EventData><Data Name='ExtraInfo'>
</Data></EventData><RenderingInfo Culture='en-US'><Message>The Windows Search Service has successfully removed the old search index. &#10;</Message><Level>Information</Level><Task>Search service</Task><Provider>Microsoft-Windows-Search</Provider><Keywords><Keyword>Classic</Keyword></Keywords></RenderingInfo></Event><Event xmlns='http://schemas.microsoft.com/win/2004/08/events/event'><System><Provider Name='Microsoft-Windows-Search' Guid='{CA4E628D-8567-4896-AB6B-835B221F373F}' EventSourceName='Windows Search Service'/><EventID Qualifiers='32768'>1008</EventID><Version>0</Version><Level>3</Level><Task>1</Task><Opcode>0</Opcode><Keywords>0x80000000000000</Keywords><TimeCreated SystemTime='2025-06-02T16:46:51.2765703Z'/><EventRecordID>24</EventRecordID><Correlation/><Execution ProcessID='4952' ThreadID='0'/><Channel>Application</Channel><Computer>NIKOLAISMETBD82</Computer><Security/></System><EventData><Data Name='ExtraInfo'>
</Data><Data Name='Reason'>Full Index Reset</Data></EventData><RenderingInfo Culture='en-US'><Message>The Windows Search Service is starting up and attempting to remove the old search index {Reason: Full Index Reset}. &#10;</Message><Level>Warning</Level><Task>Search service</Task><Provider>Microsoft-Windows-Search</Provider><Keywords><Keyword>Classic</Keyword></Keywords></RenderingInfo></Event><Event xmlns='http://schemas.microsoft.com/win/2004/08/events/event'><System><Provider Name='Microsoft-Windows-WMI' Guid='{1edeee53-0afe-4609-b846-d8c0b2075b1f}'/><EventID>5615</EventID><Version>2</Version><Level>4</Level><Task>0</Task><Opcode>0</Opcode><Keywords>0x8000000000000000</Keywords><TimeCreated SystemTime='2025-06-02T16:46:49.8341033Z'/><EventRecordID>23</EventRecordID><Correlation/><Execution ProcessID='3840' ThreadID='4028'/><Channel>Application</Channel><Computer>NIKOLAISMETBD82</Computer><Security UserID='S-1-5-18'/></System><EventData></EventData><RenderingInfo Culture='en-US'><Message>Windows Management Instrumentation Service started sucessfully</Message><Level>Information</Level><Opcode>Info</Opcode><Channel>Application</Channel><Provider>Microsoft-Windows-WMI</Provider></RenderingInfo></Event><Event xmlns='http://schemas.microsoft.com/win/2004/08/events/event'><System><Provider Name='Microsoft-Windows-Search-ProfileNotify' Guid='{FC6F77DD-769A-470E-BCF9-1B6555A118BE}' EventSourceName='Windows Search Service Profile Notification'/><EventID Qualifiers='16384'>5</EventID><Version>0</Version><Level>4</Level><Task>0</Task><Opcode>0</Opcode><Keywords>0x80000000000000</Keywords><TimeCreated SystemTime='2025-06-02T16:46:49.6149776Z'/><EventRecordID>22</EventRecordID><Correlation/><Execution ProcessID='1404' ThreadID='0'/><Channel>Application</Channel><Computer>NIKOLAISMETBD82</Computer><Security/></System><EventData><Data Name='User'>NIKOLAISMETBD82\defaultuser0</Data><Binary></Binary></EventData><RenderingInfo Culture='en-US'><Message>Windows Search Service has created default configuration for new user 'NIKOLAISMETBD82\defaultuser0' .&#13;&#10;</Message><Level>Information</Level><Provider>Microsoft-Windows-Search-ProfileNotify</Provider><Keywords><Keyword>Classic</Keyword></Keywords></RenderingInfo></Event><Event xmlns='http://schemas.microsoft.com/win/2004/08/events/event'><System><Provider Name='Microsoft-Windows-User Profiles Service' Guid='{89b1e9f0-5aff-44a6-9b44-0a07a7ce5845}'/><EventID>1531</EventID><Version>0</Version><Level>4</Level><Task>0</Task><Opcode>0</Opcode><Keywords>0x8000000000000000</Keywords><TimeCreated SystemTime='2025-06-02T16:46:42.3827040Z'/><EventRecordID>21</EventRecordID><Correlation/><Execution ProcessID='1404' ThreadID='1432'/><Channel>Application</Channel><Computer>NIKOLAISMETBD82</Computer><Security UserID='S-1-5-18'/></System><EventData></EventData><RenderingInfo Culture='en-US'><Message>The User Profile Service has started successfully.  &#13;&#10;&#13;&#10;</Message><Level>Information</Level><Opcode>Info</Opcode><Channel>Application</Channel><Provider>Microsoft-Windows-User Profile Service</Provider></RenderingInfo></Event><Event xmlns='http://schemas.microsoft.com/win/2004/08/events/event'><System><Provider Name='Microsoft-Windows-EventSystem' Guid='{899daace-4868-4295-afcd-9eb8fb497561}' EventSourceName='EventSystem'/><EventID Qualifiers='16384'>4625</EventID><Version>0</Version><Level>4</Level><Task>0</Task><Opcode>0</Opcode><Keywords>0x80000000000000</Keywords><TimeCreated SystemTime='2025-06-02T16:46:49.3895590Z'/><EventRecordID>20</EventRecordID><Correlation/><Execution ProcessID='3128' ThreadID='0'/><Channel>Application</Channel><Computer>NIKOLAISMETBD82</Computer><Security/></System><EventData><Data Name='param1'>86400</Data><Data Name='param2'>SuppressDuplicateDuration</Data><Data Name='param3'>Software\Microsoft\EventSystem\EventLog</Data></EventData><RenderingInfo Culture='en-US'><Message>The EventSystem sub system is suppressing duplicate event log entries for a duration of 86400 seconds.  The suppression timeout can be controlled by a REG_DWORD value named SuppressDuplicateDuration under the following registry key: HKLM\Software\Microsoft\EventSystem\EventLog.</Message><Level>Information</Level><Provider>Microsoft-Windows-EventSystem</Provider><Keywords><Keyword>Classic</Keyword></Keywords></RenderingInfo></Event><Event xmlns='http://schemas.microsoft.com/win/2004/08/events/event'><System><Provider Name='Microsoft-Windows-User Profiles Service' Guid='{89b1e9f0-5aff-44a6-9b44-0a07a7ce5845}'/><EventID>1532</EventID><Version>0</Version><Level>4</Level><Task>0</Task><Opcode>0</Opcode><Keywords>0x8000000000000000</Keywords><TimeCreated SystemTime='2025-06-02T16:46:34.3229923Z'/><EventRecordID>19</EventRecordID><Correlation/><Execution ProcessID='1392' ThreadID='1420'/><Channel>Application</Channel><Computer>NIKOLAI-BSDBOH4</Computer><Security UserID='S-1-5-18'/></System><EventData></EventData><RenderingInfo Culture='en-US'><Message>The User Profile Service has stopped.  &#13;&#10;&#13;&#10;</Message><Level>Information</Level><Opcode>Info</Opcode><Channel>Application</Channel><Provider>Microsoft-Windows-User Profile Service</Provider></RenderingInfo></Event><Event xmlns='http://schemas.microsoft.com/win/2004/08/events/event'><System><Provider Name='Microsoft-Windows-RestartManager' Guid='{0888e5ef-9b98-4695-979d-e92ce4247224}'/><EventID>10001</EventID><Version>0</Version><Level>4</Level><Task>0</Task><Opcode>0</Opcode><Keywords>0x8000000000000000</Keywords><TimeCreated SystemTime='2025-06-02T16:46:27.6119343Z'/><EventRecordID>18</EventRecordID><Correlation/><Execution ProcessID='1028' ThreadID='1380'/><Channel>Application</Channel><Computer>NIKOLAI-BSDBOH4</Computer><Security UserID='S-1-5-18'/></System><UserData><RmSessionEvent xmlns='http://www.microsoft.com/2005/08/Windows/Reliability/RestartManager/'><RmSessionId>0</RmSessionId><UTCStartTime>2025-06-03T00:46:01.9935829Z</UTCStartTime></RmSessionEvent></UserData><RenderingInfo Culture='en-US'><Message>Ending session 0 started ‎2025‎-‎06‎-‎03T00:46:01.993582900Z.</Message><Level>Information</Level><Opcode>Info</Opcode><Channel>Application</Channel><Provider>Microsoft-Windows-RestartManager</Provider></RenderingInfo></Event><Event xmlns='http://schemas.microsoft.com/win/2004/08/events/event'><System><Provider Name='Microsoft-Windows-WMI' Guid='{1edeee53-0afe-4609-b846-d8c0b2075b1f}'/><EventID>5617</EventID><Version>2</Version><Level>4</Level><Task>0</Task><Opcode>0</Opcode><Keywords>0x8000000000000000</Keywords><TimeCreated SystemTime='2025-06-03T00:46:16.6482928Z'/><EventRecordID>17</EventRecordID><Correlation/><Execution ProcessID='2580' ThreadID='2624'/><Channel>Application</Channel><Computer>NIKOLAI-BSDBOH4</Computer><Security UserID='S-1-5-18'/></System><EventData></EventData><RenderingInfo Culture='en-US'><Message>Windows Management Instrumentation Service subsystems initialized successfully</Message><Level>Information</Level><Opcode>Info</Opcode><Channel>Application</Channel><Provider>Microsoft-Windows-WMI</Provider></RenderingInfo></Event><Event xmlns='http://schemas.microsoft.com/win/2004/08/events/event'><System><Provider Name='Microsoft-Windows-WMI' Guid='{1edeee53-0afe-4609-b846-d8c0b2075b1f}'/><EventID>5615</EventID><Version>2</Version><Level>4</Level><Task>0</Task><Opcode>0</Opcode><Keywords>0x8000000000000000</Keywords><TimeCreated SystemTime='2025-06-03T00:46:16.5241985Z'/><EventRecordID>16</EventRecordID><Correlation/><Execution ProcessID='2580' ThreadID='2608'/><Channel>Application</Channel><Computer>NIKOLAI-BSDBOH4</Computer><Security UserID='S-1-5-18'/></System><EventData></EventData><RenderingInfo Culture='en-US'><Message>Windows Management Instrumentation Service started sucessfully</Message><Level>Information</Level><Opcode>Info</Opcode><Channel>Application</Channel><Provider>Microsoft-Windows-WMI</Provider></RenderingInfo></Event><Event xmlns='http://schemas.microsoft.com/win/2004/08/events/event'><System><Provider Name='Microsoft-Windows-CAPI2' Guid='{5bbca4a8-b209-48dc-a8c7-b23d3e5216fb}' EventSourceName='Microsoft-Windows-CAPI2'/><EventID Qualifiers='0'>4097</EventID><Version>0</Version><Level>4</Level><Task>0</Task><Opcode>0</Opcode><Keywords>0x8080000000000000</Keywords><TimeCreated SystemTime='2025-06-03T00:46:03.9868374Z'/><EventRecordID>15</EventRecordID><Correlation/><Execution ProcessID='1652' ThreadID='1720'/><Channel>Application</Channel><Computer>NIKOLAI-BSDBOH4</Computer><Security/></System><EventData><Data>CN=DigiCert High Assurance EV Root CA, OU=www.digicert.com, O=DigiCert Inc, C=US</Data><Data>5FB7EE0633E259DBAD0C4C9AE6D38F1A61C7DC25</Data></EventData><RenderingInfo Culture='en-US'><Message>Successful auto update of third-party root certificate:: Subject: &lt;CN=DigiCert High Assurance EV Root CA, OU=www.digicert.com, O=DigiCert Inc, C=US&gt; Sha1 thumbprint: &lt;5FB7EE0633E259DBAD0C4C9AE6D38F1A61C7DC25&gt;.</Message><Level>Information</Level><Opcode>Info</Opcode><Provider>Microsoft-Windows-CAPI2</Provider><Keywords><Keyword>Classic</Keyword></Keywords></RenderingInfo></Event><Event xmlns='http://schemas.microsoft.com/win/2004/08/events/event'><System><Provider Name='Microsoft-Windows-RestartManager' Guid='{0888e5ef-9b98-4695-979d-e92ce4247224}'/><EventID>10000</EventID><Version>0</Version><Level>4</Level><Task>0</Task><Opcode>0</Opcode><Keywords>0x8000000000000000</Keywords><TimeCreated SystemTime='2025-06-03T00:46:01.9946546Z'/><EventRecordID>14</EventRecordID><Correlation/><Execution ProcessID='1028' ThreadID='1560'/><Channel>Application</Channel><Computer>NIKOLAI-BSDBOH4</Computer><Security UserID='S-1-5-18'/></System><UserData><RmSessionEvent xmlns='http://www.microsoft.com/2005/08/Windows/Reliability/RestartManager/'><RmSessionId>0</RmSessionId><UTCStartTime>2025-06-03T00:46:01.9935829Z</UTCStartTime></RmSessionEvent></UserData><RenderingInfo Culture='en-US'><Message>Starting session 0 - ‎2025‎-‎06‎-‎03T00:46:01.993582900Z.</Message><Level>Information</Level><Opcode>Info</Opcode><Channel>Application</Channel><Provider>Microsoft-Windows-RestartManager</Provider></RenderingInfo></Event><Event xmlns='http://schemas.microsoft.com/win/2004/08/events/event'><System><Provider Name='Microsoft-Windows-User Profiles Service' Guid='{89b1e9f0-5aff-44a6-9b44-0a07a7ce5845}'/><EventID>1531</EventID><Version>0</Version><Level>4</Level><Task>0</Task><Opcode>0</Opcode><Keywords>0x8000000000000000</Keywords><TimeCreated SystemTime='2025-06-03T00:43:52.1116998Z'/><EventRecordID>13</EventRecordID><Correlation/><Execution ProcessID='1392' ThreadID='1420'/><Channel>Application</Channel><Computer>NIKOLAI-BSDBOH4</Computer><Security UserID='S-1-5-18'/></System><EventData></EventData><RenderingInfo Culture='en-US'><Message>The User Profile Service has started successfully.  &#13;&#10;&#13;&#10;</Message><Level>Information</Level><Opcode>Info</Opcode><Channel>Application</Channel><Provider>Microsoft-Windows-User Profile Service</Provider></RenderingInfo></Event><Event xmlns='http://schemas.microsoft.com/win/2004/08/events/event'><System><Provider Name='Microsoft-Windows-User Profiles Service' Guid='{89b1e9f0-5aff-44a6-9b44-0a07a7ce5845}'/><EventID>1532</EventID><Version>0</Version><Level>4</Level><Task>0</Task><Opcode>0</Opcode><Keywords>0x8000000000000000</Keywords><TimeCreated SystemTime='2025-06-03T00:43:41.7761460Z'/><EventRecordID>12</EventRecordID><Correlation/><Execution ProcessID='1356' ThreadID='1392'/><Channel>Application</Channel><Computer>NIKOLAI-BSDBOH4</Computer><Security UserID='S-1-5-18'/></System><EventData></EventData><RenderingInfo Culture='en-US'><Message>The User Profile Service has stopped.  &#13;&#10;&#13;&#10;</Message><Level>Information</Level><Opcode>Info</Opcode><Channel>Application</Channel><Provider>Microsoft-Windows-User Profile Service</Provider></RenderingInfo></Event><Event xmlns='http://schemas.microsoft.com/win/2004/08/events/event'><System><Provider Name='Microsoft-Windows-CAPI2' Guid='{5bbca4a8-b209-48dc-a8c7-b23d3e5216fb}' EventSourceName='Microsoft-Windows-CAPI2'/><EventID Qualifiers='0'>4097</EventID><Version>0</Version><Level>4</Level><Task>0</Task><Opcode>0</Opcode><Keywords>0x8080000000000000</Keywords><TimeCreated SystemTime='2025-06-03T00:43:41.2041654Z'/><EventRecordID>11</EventRecordID><Correlation/><Execution ProcessID='1876' ThreadID='3608'/><Channel>Application</Channel><Computer>NIKOLAI-BSDBOH4</Computer><Security/></System><EventData><Data>CN=DigiCert Assured ID Root CA, OU=www.digicert.com, O=DigiCert Inc, C=US</Data><Data>0563B8630D62D75ABBC8AB1E4BDFB5A899B24D43</Data></EventData><RenderingInfo Culture='en-US'><Message>Successful auto update of third-party root certificate:: Subject: &lt;CN=DigiCert Assured ID Root CA, OU=www.digicert.com, O=DigiCert Inc, C=US&gt; Sha1 thumbprint: &lt;0563B8630D62D75ABBC8AB1E4BDFB5A899B24D43&gt;.</Message><Level>Information</Level><Opcode>Info</Opcode><Provider>Microsoft-Windows-CAPI2</Provider><Keywords><Keyword>Classic</Keyword></Keywords></RenderingInfo></Event><Event xmlns='http://schemas.microsoft.com/win/2004/08/events/event'><System><Provider Name='Microsoft-Windows-CAPI2' Guid='{5bbca4a8-b209-48dc-a8c7-b23d3e5216fb}' EventSourceName='Microsoft-Windows-CAPI2'/><EventID Qualifiers='0'>4097</EventID><Version>0</Version><Level>4</Level><Task>0</Task><Opcode>0</Opcode><Keywords>0x8080000000000000</Keywords><TimeCreated SystemTime='2025-06-03T00:43:41.1377678Z'/><EventRecordID>10</EventRecordID><Correlation/><Execution ProcessID='1876' ThreadID='3608'/><Channel>Application</Channel><Computer>NIKOLAI-BSDBOH4</Computer><Security/></System><EventData><Data>CN=DigiCert Trusted Root G4, OU=www.digicert.com, O=DigiCert Inc, C=US</Data><Data>DDFB16CD4931C973A2037D3FC83A4D7D775D05E4</Data></EventData><RenderingInfo Culture='en-US'><Message>Successful auto update of third-party root certificate:: Subject: &lt;CN=DigiCert Trusted Root G4, OU=www.digicert.com, O=DigiCert Inc, C=US&gt; Sha1 thumbprint: &lt;DDFB16CD4931C973A2037D3FC83A4D7D775D05E4&gt;.</Message><Level>Information</Level><Opcode>Info</Opcode><Provider>Microsoft-Windows-CAPI2</Provider><Keywords><Keyword>Classic</Keyword></Keywords></RenderingInfo></Event><Event xmlns='http://schemas.microsoft.com/win/2004/08/events/event'><System><Provider Name='Microsoft-Windows-CAPI2' Guid='{5bbca4a8-b209-48dc-a8c7-b23d3e5216fb}' EventSourceName='Microsoft-Windows-CAPI2'/><EventID Qualifiers='0'>4111</EventID><Version>0</Version><Level>4</Level><Task>0</Task><Opcode>0</Opcode><Keywords>0x8080000000000000</Keywords><TimeCreated SystemTime='2025-06-03T00:43:41.1287537Z'/><EventRecordID>9</EventRecordID><Correlation/><Execution ProcessID='1876' ThreadID='3608'/><Channel>Application</Channel><Computer>NIKOLAI-BSDBOH4</Computer><Security/></System><EventData><Data>‎Wednesday, ‎May ‎14, ‎2025 8:55:19 AM</Data></EventData><RenderingInfo Culture='en-US'><Message>Successful auto update of third-party root list with effective date: ‎Wednesday, ‎May ‎14, ‎2025 8:55:19 AM.</Message><Level>Information</Level><Opcode>Info</Opcode><Provider>Microsoft-Windows-CAPI2</Provider><Keywords><Keyword>Classic</Keyword></Keywords></RenderingInfo></Event><Event xmlns='http://schemas.microsoft.com/win/2004/08/events/event'><System><Provider Name='Microsoft-Windows-CAPI2' Guid='{5bbca4a8-b209-48dc-a8c7-b23d3e5216fb}' EventSourceName='Microsoft-Windows-CAPI2'/><EventID Qualifiers='0'>4108</EventID><Version>0</Version><Level>4</Level><Task>0</Task><Opcode>0</Opcode><Keywords>0x8080000000000000</Keywords><TimeCreated SystemTime='2025-06-03T00:43:41.1287537Z'/><EventRecordID>8</EventRecordID><Correlation/><Execution ProcessID='1876' ThreadID='3608'/><Channel>Application</Channel><Computer>NIKOLAI-BSDBOH4</Computer><Security/></System><EventData><Data>OU=Class 3 Public Primary Certification Authority, O="VeriSign, Inc.", C=US</Data><Data>4F65566336DB6598581D584A596C87934D5F2AB4</Data></EventData><RenderingInfo Culture='en-US'><Message>Successful auto delete of third-party root certificate:: Subject: &lt;OU=Class 3 Public Primary Certification Authority, O="VeriSign, Inc.", C=US&gt; Sha1 thumbprint: &lt;4F65566336DB6598581D584A596C87934D5F2AB4&gt;.</Message><Level>Information</Level><Opcode>Info</Opcode><Provider>Microsoft-Windows-CAPI2</Provider><Keywords><Keyword>Classic</Keyword></Keywords></RenderingInfo></Event><Event xmlns='http://schemas.microsoft.com/win/2004/08/events/event'><System><Provider Name='Microsoft-Windows-CAPI2' Guid='{5bbca4a8-b209-48dc-a8c7-b23d3e5216fb}' EventSourceName='Microsoft-Windows-CAPI2'/><EventID Qualifiers='0'>4109</EventID><Version>0</Version><Level>4</Level><Task>0</Task><Opcode>0</Opcode><Keywords>0x8080000000000000</Keywords><TimeCreated SystemTime='2025-06-03T00:43:41.1287537Z'/><EventRecordID>7</EventRecordID><Correlation/><Execution ProcessID='1876' ThreadID='3608'/><Channel>Application</Channel><Computer>NIKOLAI-BSDBOH4</Computer><Security/></System><EventData><Data>OU=Class 3 Public Primary Certification Authority, O="VeriSign, Inc.", C=US</Data><Data>742C3192E607E424EB4549542BE1BBC53E6174E2</Data></EventData><RenderingInfo Culture='en-US'><Message>Successful auto property update of third-party root certificate:: Subject: &lt;OU=Class 3 Public Primary Certification Authority, O="VeriSign, Inc.", C=US&gt; Sha1 thumbprint: &lt;742C3192E607E424EB4549542BE1BBC53E6174E2&gt;.</Message><Level>Information</Level><Opcode>Info</Opcode><Provider>Microsoft-Windows-CAPI2</Provider><Keywords><Keyword>Classic</Keyword></Keywords></RenderingInfo></Event><Event xmlns='http://schemas.microsoft.com/win/2004/08/events/event'><System><Provider Name='Microsoft-Windows-CAPI2' Guid='{5bbca4a8-b209-48dc-a8c7-b23d3e5216fb}' EventSourceName='Microsoft-Windows-CAPI2'/><EventID Qualifiers='0'>4097</EventID><Version>0</Version><Level>4</Level><Task>0</Task><Opcode>0</Opcode><Keywords>0x8080000000000000</Keywords><TimeCreated SystemTime='2025-06-03T00:42:57.7857789Z'/><EventRecordID>6</EventRecordID><Correlation/><Execution ProcessID='1876' ThreadID='3720'/><Channel>Application</Channel><Computer>NIKOLAI-BSDBOH4</Computer><Security/></System><EventData><Data>CN=DigiCert Global Root CA, OU=www.digicert.com, O=DigiCert Inc, C=US</Data><Data>A8985D3A65E5E5C4B2D7D66D40C6DD2FB19C5436</Data></EventData><RenderingInfo Culture='en-US'><Message>Successful auto update of third-party root certificate:: Subject: &lt;CN=DigiCert Global Root CA, OU=www.digicert.com, O=DigiCert Inc, C=US&gt; Sha1 thumbprint: &lt;A8985D3A65E5E5C4B2D7D66D40C6DD2FB19C5436&gt;.</Message><Level>Information</Level><Opcode>Info</Opcode><Provider>Microsoft-Windows-CAPI2</Provider><Keywords><Keyword>Classic</Keyword></Keywords></RenderingInfo></Event><Event xmlns='http://schemas.microsoft.com/win/2004/08/events/event'><System><Provider Name='Microsoft-Windows-CAPI2' Guid='{5bbca4a8-b209-48dc-a8c7-b23d3e5216fb}' EventSourceName='Microsoft-Windows-CAPI2'/><EventID Qualifiers='0'>4112</EventID><Version>0</Version><Level>4</Level><Task>0</Task><Opcode>0</Opcode><Keywords>0x8080000000000000</Keywords><TimeCreated SystemTime='2025-06-03T00:42:48.1969614Z'/><EventRecordID>5</EventRecordID><Correlation/><Execution ProcessID='1876' ThreadID='3608'/><Channel>Application</Channel><Computer>NIKOLAI-BSDBOH4</Computer><Security/></System><EventData><Data>‎Wednesday, ‎December ‎4, ‎2024 11:00:14 AM</Data></EventData><RenderingInfo Culture='en-US'><Message>Successful auto update of disallowed certificate list with effective date: ‎Wednesday, ‎December ‎4, ‎2024 11:00:14 AM.</Message><Level>Information</Level><Opcode>Info</Opcode><Provider>Microsoft-Windows-CAPI2</Provider><Keywords><Keyword>Classic</Keyword></Keywords></RenderingInfo></Event><Event xmlns='http://schemas.microsoft.com/win/2004/08/events/event'><System><Provider Name='edgeupdate'/><EventID Qualifiers='0'>0</EventID><Version>0</Version><Level>4</Level><Task>0</Task><Opcode>0</Opcode><Keywords>0x80000000000000</Keywords><TimeCreated SystemTime='2025-06-03T00:42:46.6113191Z'/><EventRecordID>4</EventRecordID><Correlation/><Execution ProcessID='4848' ThreadID='0'/><Channel>Application</Channel><Computer>NIKOLAI-BSDBOH4</Computer><Security/></System><EventData><Data>Service stopped</Data></EventData><RenderingInfo Culture='en-US'><Message>Service stopped.</Message><Level>Information</Level><Task>None</Task><Opcode>Info</Opcode><Keywords><Keyword>Classic</Keyword></Keywords></RenderingInfo></Event><Event xmlns='http://schemas.microsoft.com/win/2004/08/events/event'><System><Provider Name='Microsoft-Windows-WMI' Guid='{1edeee53-0afe-4609-b846-d8c0b2075b1f}'/><EventID>5617</EventID><Version>2</Version><Level>4</Level><Task>0</Task><Opcode>0</Opcode><Keywords>0x8000000000000000</Keywords><TimeCreated SystemTime='2025-06-03T00:42:28.4241396Z'/><EventRecordID>3</EventRecordID><Correlation ActivityID='{5a3a9721-d420-0000-779a-3a5a20d4db01}'/><Execution ProcessID='1724' ThreadID='1760'/><Channel>Application</Channel><Computer>NIKOLAI-BSDBOH4</Computer><Security UserID='S-1-5-18'/></System><EventData></EventData><RenderingInfo Culture='en-US'><Message>Windows Management Instrumentation Service subsystems initialized successfully</Message><Level>Information</Level><Opcode>Info</Opcode><Channel>Application</Channel><Provider>Microsoft-Windows-WMI</Provider></RenderingInfo></Event><Event xmlns='http://schemas.microsoft.com/win/2004/08/events/event'><System><Provider Name='Microsoft-Windows-WMI' Guid='{1edeee53-0afe-4609-b846-d8c0b2075b1f}'/><EventID>5615</EventID><Version>2</Version><Level>4</Level><Task>0</Task><Opcode>0</Opcode><Keywords>0x8000000000000000</Keywords><TimeCreated SystemTime='2025-06-03T00:42:28.1664375Z'/><EventRecordID>2</EventRecordID><Correlation/><Execution ProcessID='1724' ThreadID='1748'/><Channel>Application</Channel><Computer>NIKOLAI-BSDBOH4</Computer><Security UserID='S-1-5-18'/></System><EventData></EventData><RenderingInfo Culture='en-US'><Message>Windows Management Instrumentation Service started sucessfully</Message><Level>Information</Level><Opcode>Info</Opcode><Channel>Application</Channel><Provider>Microsoft-Windows-WMI</Provider></RenderingInfo></Event><Event xmlns='http://schemas.microsoft.com/win/2004/08/events/event'><System><Provider Name='Microsoft-Windows-User Profiles Service' Guid='{89b1e9f0-5aff-44a6-9b44-0a07a7ce5845}'/><EventID>1531</EventID><Version>0</Version><Level>4</Level><Task>0</Task><Opcode>0</Opcode><Keywords>0x8000000000000000</Keywords><TimeCreated SystemTime='2025-06-03T00:42:22.4659145Z'/><EventRecordID>1</EventRecordID><Correlation/><Execution ProcessID='1356' ThreadID='1392'/><Channel>Application</Channel><Computer>NIKOLAI-BSDBOH4</Computer><Security UserID='S-1-5-18'/></System><EventData></EventData><RenderingInfo Culture='en-US'><Message>The User Profile Service has started successfully.  &#13;&#10;&#13;&#10;</Message><Level>Information</Level><Opcode>Info</Opcode><Channel>Application</Channel><Provider>Microsoft-Windows-User Profile Service</Provider></RenderingInfo></Event></Events>