<Event xmlns='http://schemas.microsoft.com/win/2004/08/events/event'><System><Provider Name='Microsoft-Windows-Security-SPP' Guid='{E23B33B0-C8C9-472C-A5F9-F2BDFEA0F156}' EventSourceName='Software Protection Platform Service'/><EventID Qualifiers='16384'>1004</EventID><Version>0</Version><Level>4</Level><Task>0</Task><Opcode>0</Opcode><Keywords>0x80000000000000</Keywords><TimeCreated SystemTime='2025-06-02T16:47:29.2947894Z'/><EventRecordID>170</EventRecordID><Correlation/><Execution ProcessID='1148' ThreadID='0'/><Channel>Application</Channel><Computer>NIKOLAISMETBD82</Computer><Security/></System><EventData><Data>Windows(R) UL phone License (Public)</Data><Data>3dd5958a-7e3c-41cb-adec-45e6e7fb0501</Data></EventData><RenderingInfo Culture='en-US'><Message>The Software Protection service has successfully installed the license.&#13;&#10;License Title=Windows(R) UL phone License (Public)&#13;&#10;License Id=3dd5958a-7e3c-41cb-adec-45e6e7fb0501</Message><Level>Information</Level><Provider>Microsoft-Windows-Security-SPP</Provider><Keywords><Keyword>Classic</Keyword></Keywords></RenderingInfo></Event><Event xmlns='http://schemas.microsoft.com/win/2004/08/events/event'><System><Provider Name='Microsoft-Windows-Security-SPP' Guid='{E23B33B0-C8C9-472C-A5F9-F2BDFEA0F156}' EventSourceName='Software Protection Platform Service'/><EventID Qualifiers='16384'>1004</EventID><Version>0</Version><Level>4</Level><Task>0</Task><Opcode>0</Opcode><Keywords>0x80000000000000</Keywords><TimeCreated SystemTime='2025-06-02T16:47:29.2738225Z'/><EventRecordID>169</EventRecordID><Correlation/><Execution ProcessID='1148' ThreadID='0'/><Channel>Application</Channel><Computer>NIKOLAISMETBD82</Computer><Security/></System><EventData><Data>Windows(R) UL oob License (Private)</Data><Data>3efcb292-d92b-40a6-8da4-c9cc86d99003</Data></EventData><RenderingInfo Culture='en-US'><Message>The Software Protection service has successfully installed the license.&#13;&#10;License Title=Windows(R) UL oob License (Private)&#13;&#10;License Id=3efcb292-d92b-40a6-8da4-c9cc86d99003</Message><Level>Information</Level><Provider>Microsoft-Windows-Security-SPP</Provider><Keywords><Keyword>Classic</Keyword></Keywords></RenderingInfo></Event><Event xmlns='http://schemas.microsoft.com/win/2004/08/events/event'><System><Provider Name='Microsoft-Windows-Security-SPP' Guid='{E23B33B0-C8C9-472C-A5F9-F2BDFEA0F156}' EventSourceName='Software Protection Platform Service'/><EventID Qualifiers='16384'>1004</EventID><Version>0</Version><Level>4</Level><Task>0</Task><Opcode>0</Opcode><Keywords>0x80000000000000</Keywords><TimeCreated SystemTime='2025-06-02T16:47:29.2730371Z'/><EventRecordID>168</EventRecordID><Correlation/><Execution ProcessID='1148' ThreadID='0'/><Channel>Application</Channel><Computer>NIKOLAISMETBD82</Computer><Security/></System><EventData><Data>Windows(R) UL oob License (Public)</Data><Data>affe6fb9-2395-4da0-9b47-2aa1bd1bfadd</Data></EventData><RenderingInfo Culture='en-US'><Message>The Software Protection service has successfully installed the license.&#13;&#10;License Title=Windows(R) UL oob License (Public)&#13;&#10;License Id=affe6fb9-2395-4da0-9b47-2aa1bd1bfadd</Message><Level>Information</Level><Provider>Microsoft-Windows-Security-SPP</Provider><Keywords><Keyword>Classic</Keyword></Keywords></RenderingInfo></Event><Event xmlns='http://schemas.microsoft.com/win/2004/08/events/event'><System><Provider Name='Microsoft-Windows-Security-SPP' Guid='{E23B33B0-C8C9-472C-A5F9-F2BDFEA0F156}' EventSourceName='Software Protection Platform Service'/><EventID Qualifiers='16384'>1004</EventID><Version>0</Version><Level>4</Level><Task>0</Task><Opcode>0</Opcode><Keywords>0x80000000000000</Keywords><TimeCreated SystemTime='2025-06-02T16:47:29.2524719Z'/><EventRecordID>167</EventRecordID><Correlation/><Execution ProcessID='1148' ThreadID='0'/><Channel>Application</Channel><Computer>NIKOLAISMETBD82</Computer><Security/></System><EventData><Data>Windows(R) Publishing License (Private)</Data><Data>1c73b87b-91ff-4b7e-9647-d792817ddcee</Data></EventData><RenderingInfo Culture='en-US'><Message>The Software Protection service has successfully installed the license.&#13;&#10;License Title=Windows(R) Publishing License (Private)&#13;&#10;License Id=1c73b87b-91ff-4b7e-9647-d792817ddcee</Message><Level>Information</Level><Provider>Microsoft-Windows-Security-SPP</Provider><Keywords><Keyword>Classic</Keyword></Keywords></RenderingInfo></Event><Event xmlns='http://schemas.microsoft.com/win/2004/08/events/event'><System><Provider Name='Microsoft-Windows-Security-SPP' Guid='{E23B33B0-C8C9-472C-A5F9-F2BDFEA0F156}' EventSourceName='Software Protection Platform Service'/><EventID Qualifiers='16384'>1004</EventID><Version>0</Version><Level>4</Level><Task>0</Task><Opcode>0</Opcode><Keywords>0x80000000000000</Keywords><TimeCreated SystemTime='2025-06-02T16:47:29.2517569Z'/><EventRecordID>166</EventRecordID><Correlation/><Execution ProcessID='1148' ThreadID='0'/><Channel>Application</Channel><Computer>NIKOLAISMETBD82</Computer><Security/></System><EventData><Data>Windows(R) Publishing License (Public)</Data><Data>1676893b-007f-4086-9f98-f362432c585d</Data></EventData><RenderingInfo Culture='en-US'><Message>The Software Protection service has successfully installed the license.&#13;&#10;License Title=Windows(R) Publishing License (Public)&#13;&#10;License Id=1676893b-007f-4086-9f98-f362432c585d</Message><Level>Information</Level><Provider>Microsoft-Windows-Security-SPP</Provider><Keywords><Keyword>Classic</Keyword></Keywords></RenderingInfo></Event><Event xmlns='http://schemas.microsoft.com/win/2004/08/events/event'><System><Provider Name='Microsoft-Windows-Security-SPP' Guid='{E23B33B0-C8C9-472C-A5F9-F2BDFEA0F156}' EventSourceName='Software Protection Platform Service'/><EventID Qualifiers='16384'>1004</EventID><Version>0</Version><Level>4</Level><Task>0</Task><Opcode>0</Opcode><Keywords>0x80000000000000</Keywords><TimeCreated SystemTime='2025-06-02T16:47:29.2323186Z'/><EventRecordID>165</EventRecordID><Correlation/><Execution ProcessID='1148' ThreadID='0'/><Channel>Application</Channel><Computer>NIKOLAISMETBD82</Computer><Security/></System><EventData><Data>Windows(R) UL store License (Private)</Data><Data>4cb2c5f6-860a-46c1-b05c-35b78304186b</Data></EventData><RenderingInfo Culture='en-US'><Message>The Software Protection service has successfully installed the license.&#13;&#10;License Title=Windows(R) UL store License (Private)&#13;&#10;License Id=4cb2c5f6-860a-46c1-b05c-35b78304186b</Message><Level>Information</Level><Provider>Microsoft-Windows-Security-SPP</Provider><Keywords><Keyword>Classic</Keyword></Keywords></RenderingInfo></Event><Event xmlns='http://schemas.microsoft.com/win/2004/08/events/event'><System><Provider Name='Microsoft-Windows-Security-SPP' Guid='{E23B33B0-C8C9-472C-A5F9-F2BDFEA0F156}' EventSourceName='Software Protection Platform Service'/><EventID Qualifiers='16384'>1004</EventID><Version>0</Version><Level>4</Level><Task>0</Task><Opcode>0</Opcode><Keywords>0x80000000000000</Keywords><TimeCreated SystemTime='2025-06-02T16:47:29.2315526Z'/><EventRecordID>164</EventRecordID><Correlation/><Execution ProcessID='1148' ThreadID='0'/><Channel>Application</Channel><Computer>NIKOLAISMETBD82</Computer><Security/></System><EventData><Data>Windows(R) UL store License (Public)</Data><Data>24ab335c-e421-438f-b12b-d122307dd267</Data></EventData><RenderingInfo Culture='en-US'><Message>The Software Protection service has successfully installed the license.&#13;&#10;License Title=Windows(R) UL store License (Public)&#13;&#10;License Id=24ab335c-e421-438f-b12b-d122307dd267</Message><Level>Information</Level><Provider>Microsoft-Windows-Security-SPP</Provider><Keywords><Keyword>Classic</Keyword></Keywords></RenderingInfo></Event><Event xmlns='http://schemas.microsoft.com/win/2004/08/events/event'><System><Provider Name='Microsoft-Windows-Security-SPP' Guid='{E23B33B0-C8C9-472C-A5F9-F2BDFEA0F156}' EventSourceName='Software Protection Platform Service'/><EventID Qualifiers='16384'>1004</EventID><Version>0</Version><Level>4</Level><Task>0</Task><Opcode>0</Opcode><Keywords>0x80000000000000</Keywords><TimeCreated SystemTime='2025-06-02T16:47:29.2113470Z'/><EventRecordID>163</EventRecordID><Correlation/><Execution ProcessID='1148' ThreadID='0'/><Channel>Application</Channel><Computer>NIKOLAISMETBD82</Computer><Security/></System><EventData><Data>Windows(R) UL phone License (Private)</Data><Data>0def227c-0b35-43dd-9a55-06cac2a777d8</Data></EventData><RenderingInfo Culture='en-US'><Message>The Software Protection service has successfully installed the license.&#13;&#10;License Title=Windows(R) UL phone License (Private)&#13;&#10;License Id=0def227c-0b35-43dd-9a55-06cac2a777d8</Message><Level>Information</Level><Provider>Microsoft-Windows-Security-SPP</Provider><Keywords><Keyword>Classic</Keyword></Keywords></RenderingInfo></Event><Event xmlns='http://schemas.microsoft.com/win/2004/08/events/event'><System><Provider Name='Microsoft-Windows-Security-SPP' Guid='{E23B33B0-C8C9-472C-A5F9-F2BDFEA0F156}' EventSourceName='Software Protection Platform Service'/><EventID Qualifiers='16384'>1004</EventID><Version>0</Version><Level>4</Level><Task>0</Task><Opcode>0</Opcode><Keywords>0x80000000000000</Keywords><TimeCreated SystemTime='2025-06-02T16:47:29.2104646Z'/><EventRecordID>162</EventRecordID><Correlation/><Execution ProcessID='1148' ThreadID='0'/><Channel>Application</Channel><Computer>NIKOLAISMETBD82</Computer><Security/></System><EventData><Data>Windows(R) UL phone License (Public)</Data><Data>8e5e3292-e1f6-42ca-8898-c3720415e3ff</Data></EventData><RenderingInfo Culture='en-US'><Message>The Software Protection service has successfully installed the license.&#13;&#10;License Title=Windows(R) UL phone License (Public)&#13;&#10;License Id=8e5e3292-e1f6-42ca-8898-c3720415e3ff</Message><Level>Information</Level><Provider>Microsoft-Windows-Security-SPP</Provider><Keywords><Keyword>Classic</Keyword></Keywords></RenderingInfo></Event><Event xmlns='http://schemas.microsoft.com/win/2004/08/events/event'><System><Provider Name='Microsoft-Windows-Security-SPP' Guid='{E23B33B0-C8C9-472C-A5F9-F2BDFEA0F156}' EventSourceName='Software Protection Platform Service'/><EventID Qualifiers='16384'>1004</EventID><Version>0</Version><Level>4</Level><Task>0</Task><Opcode>0</Opcode><Keywords>0x80000000000000</Keywords><TimeCreated SystemTime='2025-06-02T16:47:29.1890057Z'/><EventRecordID>161</EventRecordID><Correlation/><Execution ProcessID='1148' ThreadID='0'/><Channel>Application</Channel><Computer>NIKOLAISMETBD82</Computer><Security/></System><EventData><Data>Windows(R) UL oob License (Private)</Data><Data>8a76e1cc-8959-4449-9e86-7aba486af54d</Data></EventData><RenderingInfo Culture='en-US'><Message>The Software Protection service has successfully installed the license.&#13;&#10;License Title=Windows(R) UL oob License (Private)&#13;&#10;License Id=8a76e1cc-8959-4449-9e86-7aba486af54d</Message><Level>Information</Level><Provider>Microsoft-Windows-Security-SPP</Provider><Keywords><Keyword>Classic</Keyword></Keywords></RenderingInfo></Event><Event xmlns='http://schemas.microsoft.com/win/2004/08/events/event'><System><Provider Name='Microsoft-Windows-Security-SPP' Guid='{E23B33B0-C8C9-472C-A5F9-F2BDFEA0F156}' EventSourceName='Software Protection Platform Service'/><EventID Qualifiers='16384'>1004</EventID><Version>0</Version><Level>4</Level><Task>0</Task><Opcode>0</Opcode><Keywords>0x80000000000000</Keywords><TimeCreated SystemTime='2025-06-02T16:47:29.1878855Z'/><EventRecordID>160</EventRecordID><Correlation/><Execution ProcessID='1148' ThreadID='0'/><Channel>Application</Channel><Computer>NIKOLAISMETBD82</Computer><Security/></System><EventData><Data>Windows(R) UL oob License (Public)</Data><Data>f5626b1c-8d5b-478c-b29e-d6c3368ca428</Data></EventData><RenderingInfo Culture='en-US'><Message>The Software Protection service has successfully installed the license.&#13;&#10;License Title=Windows(R) UL oob License (Public)&#13;&#10;License Id=f5626b1c-8d5b-478c-b29e-d6c3368ca428</Message><Level>Information</Level><Provider>Microsoft-Windows-Security-SPP</Provider><Keywords><Keyword>Classic</Keyword></Keywords></RenderingInfo></Event><Event xmlns='http://schemas.microsoft.com/win/2004/08/events/event'><System><Provider Name='Microsoft-Windows-Security-SPP' Guid='{E23B33B0-C8C9-472C-A5F9-F2BDFEA0F156}' EventSourceName='Software Protection Platform Service'/><EventID Qualifiers='16384'>1004</EventID><Version>0</Version><Level>4</Level><Task>0</Task><Opcode>0</Opcode><Keywords>0x80000000000000</Keywords><TimeCreated SystemTime='2025-06-02T16:47:29.1676828Z'/><EventRecordID>159</EventRecordID><Correlation/><Execution ProcessID='1148' ThreadID='0'/><Channel>Application</Channel><Computer>NIKOLAISMETBD82</Computer><Security/></System><EventData><Data>Windows(R) Publishing License (Private)</Data><Data>baf325fe-68e4-432c-acae-09cda33ff17d</Data></EventData><RenderingInfo Culture='en-US'><Message>The Software Protection service has successfully installed the license.&#13;&#10;License Title=Windows(R) Publishing License (Private)&#13;&#10;License Id=baf325fe-68e4-432c-acae-09cda33ff17d</Message><Level>Information</Level><Provider>Microsoft-Windows-Security-SPP</Provider><Keywords><Keyword>Classic</Keyword></Keywords></RenderingInfo></Event><Event xmlns='http://schemas.microsoft.com/win/2004/08/events/event'><System><Provider Name='Microsoft-Windows-Security-SPP' Guid='{E23B33B0-C8C9-472C-A5F9-F2BDFEA0F156}' EventSourceName='Software Protection Platform Service'/><EventID Qualifiers='16384'>1004</EventID><Version>0</Version><Level>4</Level><Task>0</Task><Opcode>0</Opcode><Keywords>0x80000000000000</Keywords><TimeCreated SystemTime='2025-06-02T16:47:29.1670383Z'/><EventRecordID>158</EventRecordID><Correlation/><Execution ProcessID='1148' ThreadID='0'/><Channel>Application</Channel><Computer>NIKOLAISMETBD82</Computer><Security/></System><EventData><Data>Windows(R) Publishing License (Public)</Data><Data>4b2d50a2-6acd-4373-a0f6-fd5126309345</Data></EventData><RenderingInfo Culture='en-US'><Message>The Software Protection service has successfully installed the license.&#13;&#10;License Title=Windows(R) Publishing License (Public)&#13;&#10;License Id=4b2d50a2-6acd-4373-a0f6-fd5126309345</Message><Level>Information</Level><Provider>Microsoft-Windows-Security-SPP</Provider><Keywords><Keyword>Classic</Keyword></Keywords></RenderingInfo></Event><Event xmlns='http://schemas.microsoft.com/win/2004/08/events/event'><System><Provider Name='Microsoft-Windows-Security-SPP' Guid='{E23B33B0-C8C9-472C-A5F9-F2BDFEA0F156}' EventSourceName='Software Protection Platform Service'/><EventID Qualifiers='16384'>1004</EventID><Version>0</Version><Level>4</Level><Task>0</Task><Opcode>0</Opcode><Keywords>0x80000000000000</Keywords><TimeCreated SystemTime='2025-06-02T16:47:29.1473958Z'/><EventRecordID>157</EventRecordID><Correlation/><Execution ProcessID='1148' ThreadID='0'/><Channel>Application</Channel><Computer>NIKOLAISMETBD82</Computer><Security/></System><EventData><Data>Windows(R) UL store License (Private)</Data><Data>154092bf-97e1-43cf-80f5-8a762686bd05</Data></EventData><RenderingInfo Culture='en-US'><Message>The Software Protection service has successfully installed the license.&#13;&#10;License Title=Windows(R) UL store License (Private)&#13;&#10;License Id=154092bf-97e1-43cf-80f5-8a762686bd05</Message><Level>Information</Level><Provider>Microsoft-Windows-Security-SPP</Provider><Keywords><Keyword>Classic</Keyword></Keywords></RenderingInfo></Event><Event xmlns='http://schemas.microsoft.com/win/2004/08/events/event'><System><Provider Name='Microsoft-Windows-Security-SPP' Guid='{E23B33B0-C8C9-472C-A5F9-F2BDFEA0F156}' EventSourceName='Software Protection Platform Service'/><EventID Qualifiers='16384'>1004</EventID><Version>0</Version><Level>4</Level><Task>0</Task><Opcode>0</Opcode><Keywords>0x80000000000000</Keywords><TimeCreated SystemTime='2025-06-02T16:47:29.1467692Z'/><EventRecordID>156</EventRecordID><Correlation/><Execution ProcessID='1148' ThreadID='0'/><Channel>Application</Channel><Computer>NIKOLAISMETBD82</Computer><Security/></System><EventData><Data>Windows(R) UL store License (Public)</Data><Data>0bfb65a0-56d6-42ac-9d38-f9e7da59eed7</Data></EventData><RenderingInfo Culture='en-US'><Message>The Software Protection service has successfully installed the license.&#13;&#10;License Title=Windows(R) UL store License (Public)&#13;&#10;License Id=0bfb65a0-56d6-42ac-9d38-f9e7da59eed7</Message><Level>Information</Level><Provider>Microsoft-Windows-Security-SPP</Provider><Keywords><Keyword>Classic</Keyword></Keywords></RenderingInfo></Event><Event xmlns='http://schemas.microsoft.com/win/2004/08/events/event'><System><Provider Name='Microsoft-Windows-Security-SPP' Guid='{E23B33B0-C8C9-472C-A5F9-F2BDFEA0F156}' EventSourceName='Software Protection Platform Service'/><EventID Qualifiers='16384'>1004</EventID><Version>0</Version><Level>4</Level><Task>0</Task><Opcode>0</Opcode><Keywords>0x80000000000000</Keywords><TimeCreated SystemTime='2025-06-02T16:47:29.1271261Z'/><EventRecordID>155</EventRecordID><Correlation/><Execution ProcessID='1148' ThreadID='0'/><Channel>Application</Channel><Computer>NIKOLAISMETBD82</Computer><Security/></System><EventData><Data>Windows(R) UL phone License (Private)</Data><Data>280da2b3-0599-4fb1-a335-31c1cea62ca5</Data></EventData><RenderingInfo Culture='en-US'><Message>The Software Protection service has successfully installed the license.&#13;&#10;License Title=Windows(R) UL phone License (Private)&#13;&#10;License Id=280da2b3-0599-4fb1-a335-31c1cea62ca5</Message><Level>Information</Level><Provider>Microsoft-Windows-Security-SPP</Provider><Keywords><Keyword>Classic</Keyword></Keywords></RenderingInfo></Event><Event xmlns='http://schemas.microsoft.com/win/2004/08/events/event'><System><Provider Name='Microsoft-Windows-Security-SPP' Guid='{E23B33B0-C8C9-472C-A5F9-F2BDFEA0F156}' EventSourceName='Software Protection Platform Service'/><EventID Qualifiers='16384'>1004</EventID><Version>0</Version><Level>4</Level><Task>0</Task><Opcode>0</Opcode><Keywords>0x80000000000000</Keywords><TimeCreated SystemTime='2025-06-02T16:47:29.1264281Z'/><EventRecordID>154</EventRecordID><Correlation/><Execution ProcessID='1148' ThreadID='0'/><Channel>Application</Channel><Computer>NIKOLAISMETBD82</Computer><Security/></System><EventData><Data>Windows(R) UL phone License (Public)</Data><Data>654a5718-f462-4ee5-a591-8e96244ec2bc</Data></EventData><RenderingInfo Culture='en-US'><Message>The Software Protection service has successfully installed the license.&#13;&#10;License Title=Windows(R) UL phone License (Public)&#13;&#10;License Id=654a5718-f462-4ee5-a591-8e96244ec2bc</Message><Level>Information</Level><Provider>Microsoft-Windows-Security-SPP</Provider><Keywords><Keyword>Classic</Keyword></Keywords></RenderingInfo></Event><Event xmlns='http://schemas.microsoft.com/win/2004/08/events/event'><System><Provider Name='Microsoft-Windows-Security-SPP' Guid='{E23B33B0-C8C9-472C-A5F9-F2BDFEA0F156}' EventSourceName='Software Protection Platform Service'/><EventID Qualifiers='16384'>1004</EventID><Version>0</Version><Level>4</Level><Task>0</Task><Opcode>0</Opcode><Keywords>0x80000000000000</Keywords><TimeCreated SystemTime='2025-06-02T16:47:29.1065959Z'/><EventRecordID>153</EventRecordID><Correlation/><Execution ProcessID='1148' ThreadID='0'/><Channel>Application</Channel><Computer>NIKOLAISMETBD82</Computer><Security/></System><EventData><Data>Windows(R) UL oob License (Private)</Data><Data>e1ba5f8c-3f99-467f-9027-939962ce0a8e</Data></EventData><RenderingInfo Culture='en-US'><Message>The Software Protection service has successfully installed the license.&#13;&#10;License Title=Windows(R) UL oob License (Private)&#13;&#10;License Id=e1ba5f8c-3f99-467f-9027-939962ce0a8e</Message><Level>Information</Level><Provider>Microsoft-Windows-Security-SPP</Provider><Keywords><Keyword>Classic</Keyword></Keywords></RenderingInfo></Event><Event xmlns='http://schemas.microsoft.com/win/2004/08/events/event'><System><Provider Name='Microsoft-Windows-Security-SPP' Guid='{E23B33B0-C8C9-472C-A5F9-F2BDFEA0F156}' EventSourceName='Software Protection Platform Service'/><EventID Qualifiers='16384'>1004</EventID><Version>0</Version><Level>4</Level><Task>0</Task><Opcode>0</Opcode><Keywords>0x80000000000000</Keywords><TimeCreated SystemTime='2025-06-02T16:47:29.1057027Z'/><EventRecordID>152</EventRecordID><Correlation/><Execution ProcessID='1148' ThreadID='0'/><Channel>Application</Channel><Computer>NIKOLAISMETBD82</Computer><Security/></System><EventData><Data>Windows(R) UL oob License (Public)</Data><Data>e1fa9dfe-522f-44ad-ac8c-5ae5a2222621</Data></EventData><RenderingInfo Culture='en-US'><Message>The Software Protection service has successfully installed the license.&#13;&#10;License Title=Windows(R) UL oob License (Public)&#13;&#10;License Id=e1fa9dfe-522f-44ad-ac8c-5ae5a2222621</Message><Level>Information</Level><Provider>Microsoft-Windows-Security-SPP</Provider><Keywords><Keyword>Classic</Keyword></Keywords></RenderingInfo></Event><Event xmlns='http://schemas.microsoft.com/win/2004/08/events/event'><System><Provider Name='Microsoft-Windows-Security-SPP' Guid='{E23B33B0-C8C9-472C-A5F9-F2BDFEA0F156}' EventSourceName='Software Protection Platform Service'/><EventID Qualifiers='16384'>1004</EventID><Version>0</Version><Level>4</Level><Task>0</Task><Opcode>0</Opcode><Keywords>0x80000000000000</Keywords><TimeCreated SystemTime='2025-06-02T16:47:29.0861298Z'/><EventRecordID>151</EventRecordID><Correlation/><Execution ProcessID='1148' ThreadID='0'/><Channel>Application</Channel><Computer>NIKOLAISMETBD82</Computer><Security/></System><EventData><Data>Windows(R) Publishing License (Private)</Data><Data>176a8f23-b5bf-4b50-8e9f-d8532f4584e3</Data></EventData><RenderingInfo Culture='en-US'><Message>The Software Protection service has successfully installed the license.&#13;&#10;License Title=Windows(R) Publishing License (Private)&#13;&#10;License Id=176a8f23-b5bf-4b50-8e9f-d8532f4584e3</Message><Level>Information</Level><Provider>Microsoft-Windows-Security-SPP</Provider><Keywords><Keyword>Classic</Keyword></Keywords></RenderingInfo></Event><Event xmlns='http://schemas.microsoft.com/win/2004/08/events/event'><System><Provider Name='Microsoft-Windows-Security-SPP' Guid='{E23B33B0-C8C9-472C-A5F9-F2BDFEA0F156}' EventSourceName='Software Protection Platform Service'/><EventID Qualifiers='16384'>1004</EventID><Version>0</Version><Level>4</Level><Task>0</Task><Opcode>0</Opcode><Keywords>0x80000000000000</Keywords><TimeCreated SystemTime='2025-06-02T16:47:29.0851288Z'/><EventRecordID>150</EventRecordID><Correlation/><Execution ProcessID='1148' ThreadID='0'/><Channel>Application</Channel><Computer>NIKOLAISMETBD82</Computer><Security/></System><EventData><Data>Windows(R) Publishing License (Public)</Data><Data>b6c1eec8-b2c7-4257-be5c-377c568b7c7a</Data></EventData><RenderingInfo Culture='en-US'><Message>The Software Protection service has successfully installed the license.&#13;&#10;License Title=Windows(R) Publishing License (Public)&#13;&#10;License Id=b6c1eec8-b2c7-4257-be5c-377c568b7c7a</Message><Level>Information</Level><Provider>Microsoft-Windows-Security-SPP</Provider><Keywords><Keyword>Classic</Keyword></Keywords></RenderingInfo></Event><Event xmlns='http://schemas.microsoft.com/win/2004/08/events/event'><System><Provider Name='Microsoft-Windows-Security-SPP' Guid='{E23B33B0-C8C9-472C-A5F9-F2BDFEA0F156}' EventSourceName='Software Protection Platform Service'/><EventID Qualifiers='16384'>1004</EventID><Version>0</Version><Level>4</Level><Task>0</Task><Opcode>0</Opcode><Keywords>0x80000000000000</Keywords><TimeCreated SystemTime='2025-06-02T16:47:29.0665029Z'/><EventRecordID>149</EventRecordID><Correlation/><Execution ProcessID='1148' ThreadID='0'/><Channel>Application</Channel><Computer>NIKOLAISMETBD82</Computer><Security/></System><EventData><Data>Windows(R) UL store License (Private)</Data><Data>5409bbe2-9e0d-4240-aeef-9ba7d763906d</Data></EventData><RenderingInfo Culture='en-US'><Message>The Software Protection service has successfully installed the license.&#13;&#10;License Title=Windows(R) UL store License (Private)&#13;&#10;License Id=5409bbe2-9e0d-4240-aeef-9ba7d763906d</Message><Level>Information</Level><Provider>Microsoft-Windows-Security-SPP</Provider><Keywords><Keyword>Classic</Keyword></Keywords></RenderingInfo></Event><Event xmlns='http://schemas.microsoft.com/win/2004/08/events/event'><System><Provider Name='Microsoft-Windows-Security-SPP' Guid='{E23B33B0-C8C9-472C-A5F9-F2BDFEA0F156}' EventSourceName='Software Protection Platform Service'/><EventID Qualifiers='16384'>1004</EventID><Version>0</Version><Level>4</Level><Task>0</Task><Opcode>0</Opcode><Keywords>0x80000000000000</Keywords><TimeCreated SystemTime='2025-06-02T16:47:29.0649040Z'/><EventRecordID>148</EventRecordID><Correlation/><Execution ProcessID='1148' ThreadID='0'/><Channel>Application</Channel><Computer>NIKOLAISMETBD82</Computer><Security/></System><EventData><Data>Windows(R) UL store License (Public)</Data><Data>ce15b575-5f50-4582-9a6a-8405fd933f1b</Data></EventData><RenderingInfo Culture='en-US'><Message>The Software Protection service has successfully installed the license.&#13;&#10;License Title=Windows(R) UL store License (Public)&#13;&#10;License Id=ce15b575-5f50-4582-9a6a-8405fd933f1b</Message><Level>Information</Level><Provider>Microsoft-Windows-Security-SPP</Provider><Keywords><Keyword>Classic</Keyword></Keywords></RenderingInfo></Event><Event xmlns='http://schemas.microsoft.com/win/2004/08/events/event'><System><Provider Name='Microsoft-Windows-Security-SPP' Guid='{E23B33B0-C8C9-472C-A5F9-F2BDFEA0F156}' EventSourceName='Software Protection Platform Service'/><EventID Qualifiers='16384'>1004</EventID><Version>0</Version><Level>4</Level><Task>0</Task><Opcode>0</Opcode><Keywords>0x80000000000000</Keywords><TimeCreated SystemTime='2025-06-02T16:47:29.0455773Z'/><EventRecordID>147</EventRecordID><Correlation/><Execution ProcessID='1148' ThreadID='0'/><Channel>Application</Channel><Computer>NIKOLAISMETBD82</Computer><Security/></System><EventData><Data>Windows(R) UL phone License (Private)</Data><Data>06a2ff33-fede-4859-83e1-5397c9e9dd10</Data></EventData><RenderingInfo Culture='en-US'><Message>The Software Protection service has successfully installed the license.&#13;&#10;License Title=Windows(R) UL phone License (Private)&#13;&#10;License Id=06a2ff33-fede-4859-83e1-5397c9e9dd10</Message><Level>Information</Level><Provider>Microsoft-Windows-Security-SPP</Provider><Keywords><Keyword>Classic</Keyword></Keywords></RenderingInfo></Event><Event xmlns='http://schemas.microsoft.com/win/2004/08/events/event'><System><Provider Name='Microsoft-Windows-Security-SPP' Guid='{E23B33B0-C8C9-472C-A5F9-F2BDFEA0F156}' EventSourceName='Software Protection Platform Service'/><EventID Qualifiers='16384'>1004</EventID><Version>0</Version><Level>4</Level><Task>0</Task><Opcode>0</Opcode><Keywords>0x80000000000000</Keywords><TimeCreated SystemTime='2025-06-02T16:47:29.0447876Z'/><EventRecordID>146</EventRecordID><Correlation/><Execution ProcessID='1148' ThreadID='0'/><Channel>Application</Channel><Computer>NIKOLAISMETBD82</Computer><Security/></System><EventData><Data>Windows(R) UL phone License (Public)</Data><Data>ad9536a8-bf3d-4761-8092-a774fc61d2ac</Data></EventData><RenderingInfo Culture='en-US'><Message>The Software Protection service has successfully installed the license.&#13;&#10;License Title=Windows(R) UL phone License (Public)&#13;&#10;License Id=ad9536a8-bf3d-4761-8092-a774fc61d2ac</Message><Level>Information</Level><Provider>Microsoft-Windows-Security-SPP</Provider><Keywords><Keyword>Classic</Keyword></Keywords></RenderingInfo></Event><Event xmlns='http://schemas.microsoft.com/win/2004/08/events/event'><System><Provider Name='Microsoft-Windows-Security-SPP' Guid='{E23B33B0-C8C9-472C-A5F9-F2BDFEA0F156}' EventSourceName='Software Protection Platform Service'/><EventID Qualifiers='16384'>1004</EventID><Version>0</Version><Level>4</Level><Task>0</Task><Opcode>0</Opcode><Keywords>0x80000000000000</Keywords><TimeCreated SystemTime='2025-06-02T16:47:29.0255797Z'/><EventRecordID>145</EventRecordID><Correlation/><Execution ProcessID='1148' ThreadID='0'/><Channel>Application</Channel><Computer>NIKOLAISMETBD82</Computer><Security/></System><EventData><Data>Windows(R) UL oob License (Private)</Data><Data>967f0d93-cb04-4f78-b090-cca3aa5bd6d1</Data></EventData><RenderingInfo Culture='en-US'><Message>The Software Protection service has successfully installed the license.&#13;&#10;License Title=Windows(R) UL oob License (Private)&#13;&#10;License Id=967f0d93-cb04-4f78-b090-cca3aa5bd6d1</Message><Level>Information</Level><Provider>Microsoft-Windows-Security-SPP</Provider><Keywords><Keyword>Classic</Keyword></Keywords></RenderingInfo></Event><Event xmlns='http://schemas.microsoft.com/win/2004/08/events/event'><System><Provider Name='Microsoft-Windows-Security-SPP' Guid='{E23B33B0-C8C9-472C-A5F9-F2BDFEA0F156}' EventSourceName='Software Protection Platform Service'/><EventID Qualifiers='16384'>1004</EventID><Version>0</Version><Level>4</Level><Task>0</Task><Opcode>0</Opcode><Keywords>0x80000000000000</Keywords><TimeCreated SystemTime='2025-06-02T16:47:29.0249025Z'/><EventRecordID>144</EventRecordID><Correlation/><Execution ProcessID='1148' ThreadID='0'/><Channel>Application</Channel><Computer>NIKOLAISMETBD82</Computer><Security/></System><EventData><Data>Windows(R) UL oob License (Public)</Data><Data>2532b210-4dc4-4e76-a2dd-49c885142f45</Data></EventData><RenderingInfo Culture='en-US'><Message>The Software Protection service has successfully installed the license.&#13;&#10;License Title=Windows(R) UL oob License (Public)&#13;&#10;License Id=2532b210-4dc4-4e76-a2dd-49c885142f45</Message><Level>Information</Level><Provider>Microsoft-Windows-Security-SPP</Provider><Keywords><Keyword>Classic</Keyword></Keywords></RenderingInfo></Event><Event xmlns='http://schemas.microsoft.com/win/2004/08/events/event'><System><Provider Name='Microsoft-Windows-Security-SPP' Guid='{E23B33B0-C8C9-472C-A5F9-F2BDFEA0F156}' EventSourceName='Software Protection Platform Service'/><EventID Qualifiers='16384'>1004</EventID><Version>0</Version><Level>4</Level><Task>0</Task><Opcode>0</Opcode><Keywords>0x80000000000000</Keywords><TimeCreated SystemTime='2025-06-02T16:47:29.0058531Z'/><EventRecordID>143</EventRecordID><Correlation/><Execution ProcessID='1148' ThreadID='0'/><Channel>Application</Channel><Computer>NIKOLAISMETBD82</Computer><Security/></System><EventData><Data>Windows(R) Publishing License (Private)</Data><Data>2f57efe8-c443-4bb7-970c-c2b4c81f3043</Data></EventData><RenderingInfo Culture='en-US'><Message>The Software Protection service has successfully installed the license.&#13;&#10;License Title=Windows(R) Publishing License (Private)&#13;&#10;License Id=2f57efe8-c443-4bb7-970c-c2b4c81f3043</Message><Level>Information</Level><Provider>Microsoft-Windows-Security-SPP</Provider><Keywords><Keyword>Classic</Keyword></Keywords></RenderingInfo></Event><Event xmlns='http://schemas.microsoft.com/win/2004/08/events/event'><System><Provider Name='Microsoft-Windows-Security-SPP' Guid='{E23B33B0-C8C9-472C-A5F9-F2BDFEA0F156}' EventSourceName='Software Protection Platform Service'/><EventID Qualifiers='16384'>1004</EventID><Version>0</Version><Level>4</Level><Task>0</Task><Opcode>0</Opcode><Keywords>0x80000000000000</Keywords><TimeCreated SystemTime='2025-06-02T16:47:29.0052768Z'/><EventRecordID>142</EventRecordID><Correlation/><Execution ProcessID='1148' ThreadID='0'/><Channel>Application</Channel><Computer>NIKOLAISMETBD82</Computer><Security/></System><EventData><Data>Windows(R) Publishing License (Public)</Data><Data>d8b4df87-3203-4330-b6d3-a925c821a4a7</Data></EventData><RenderingInfo Culture='en-US'><Message>The Software Protection service has successfully installed the license.&#13;&#10;License Title=Windows(R) Publishing License (Public)&#13;&#10;License Id=d8b4df87-3203-4330-b6d3-a925c821a4a7</Message><Level>Information</Level><Provider>Microsoft-Windows-Security-SPP</Provider><Keywords><Keyword>Classic</Keyword></Keywords></RenderingInfo></Event><Event xmlns='http://schemas.microsoft.com/win/2004/08/events/event'><System><Provider Name='Microsoft-Windows-Security-SPP' Guid='{E23B33B0-C8C9-472C-A5F9-F2BDFEA0F156}' EventSourceName='Software Protection Platform Service'/><EventID Qualifiers='16384'>1004</EventID><Version>0</Version><Level>4</Level><Task>0</Task><Opcode>0</Opcode><Keywords>0x80000000000000</Keywords><TimeCreated SystemTime='2025-06-02T16:47:28.9874209Z'/><EventRecordID>141</EventRecordID><Correlation/><Execution ProcessID='1148' ThreadID='0'/><Channel>Application</Channel><Computer>NIKOLAISMETBD82</Computer><Security/></System><EventData><Data>Windows(R) UL store License (Private)</Data><Data>00e355b2-50dd-484a-8f77-b557de134b16</Data></EventData><RenderingInfo Culture='en-US'><Message>The Software Protection service has successfully installed the license.&#13;&#10;License Title=Windows(R) UL store License (Private)&#13;&#10;License Id=00e355b2-50dd-484a-8f77-b557de134b16</Message><Level>Information</Level><Provider>Microsoft-Windows-Security-SPP</Provider><Keywords><Keyword>Classic</Keyword></Keywords></RenderingInfo></Event><Event xmlns='http://schemas.microsoft.com/win/2004/08/events/event'><System><Provider Name='Microsoft-Windows-Security-SPP' Guid='{E23B33B0-C8C9-472C-A5F9-F2BDFEA0F156}' EventSourceName='Software Protection Platform Service'/><EventID Qualifiers='16384'>1004</EventID><Version>0</Version><Level>4</Level><Task>0</Task><Opcode>0</Opcode><Keywords>0x80000000000000</Keywords><TimeCreated SystemTime='2025-06-02T16:47:28.9868063Z'/><EventRecordID>140</EventRecordID><Correlation/><Execution ProcessID='1148' ThreadID='0'/><Channel>Application</Channel><Computer>NIKOLAISMETBD82</Computer><Security/></System><EventData><Data>Windows(R) UL store License (Public)</Data><Data>11f00018-33be-49bd-8556-05fecf4654ab</Data></EventData><RenderingInfo Culture='en-US'><Message>The Software Protection service has successfully installed the license.&#13;&#10;License Title=Windows(R) UL store License (Public)&#13;&#10;License Id=11f00018-33be-49bd-8556-05fecf4654ab</Message><Level>Information</Level><Provider>Microsoft-Windows-Security-SPP</Provider><Keywords><Keyword>Classic</Keyword></Keywords></RenderingInfo></Event><Event xmlns='http://schemas.microsoft.com/win/2004/08/events/event'><System><Provider Name='Microsoft-Windows-Security-SPP' Guid='{E23B33B0-C8C9-472C-A5F9-F2BDFEA0F156}' EventSourceName='Software Protection Platform Service'/><EventID Qualifiers='16384'>1004</EventID><Version>0</Version><Level>4</Level><Task>0</Task><Opcode>0</Opcode><Keywords>0x80000000000000</Keywords><TimeCreated SystemTime='2025-06-02T16:47:28.9679777Z'/><EventRecordID>139</EventRecordID><Correlation/><Execution ProcessID='1148' ThreadID='0'/><Channel>Application</Channel><Computer>NIKOLAISMETBD82</Computer><Security/></System><EventData><Data>Windows(R) UL phone License (Private)</Data><Data>5018493e-d294-44e1-894a-919b92f07c25</Data></EventData><RenderingInfo Culture='en-US'><Message>The Software Protection service has successfully installed the license.&#13;&#10;License Title=Windows(R) UL phone License (Private)&#13;&#10;License Id=5018493e-d294-44e1-894a-919b92f07c25</Message><Level>Information</Level><Provider>Microsoft-Windows-Security-SPP</Provider><Keywords><Keyword>Classic</Keyword></Keywords></RenderingInfo></Event><Event xmlns='http://schemas.microsoft.com/win/2004/08/events/event'><System><Provider Name='Microsoft-Windows-Security-SPP' Guid='{E23B33B0-C8C9-472C-A5F9-F2BDFEA0F156}' EventSourceName='Software Protection Platform Service'/><EventID Qualifiers='16384'>1004</EventID><Version>0</Version><Level>4</Level><Task>0</Task><Opcode>0</Opcode><Keywords>0x80000000000000</Keywords><TimeCreated SystemTime='2025-06-02T16:47:28.9673116Z'/><EventRecordID>138</EventRecordID><Correlation/><Execution ProcessID='1148' ThreadID='0'/><Channel>Application</Channel><Computer>NIKOLAISMETBD82</Computer><Security/></System><EventData><Data>Windows(R) UL phone License (Public)</Data><Data>043c5f00-6544-48bc-afae-8a8ab07aba82</Data></EventData><RenderingInfo Culture='en-US'><Message>The Software Protection service has successfully installed the license.&#13;&#10;License Title=Windows(R) UL phone License (Public)&#13;&#10;License Id=043c5f00-6544-48bc-afae-8a8ab07aba82</Message><Level>Information</Level><Provider>Microsoft-Windows-Security-SPP</Provider><Keywords><Keyword>Classic</Keyword></Keywords></RenderingInfo></Event><Event xmlns='http://schemas.microsoft.com/win/2004/08/events/event'><System><Provider Name='Microsoft-Windows-Security-SPP' Guid='{E23B33B0-C8C9-472C-A5F9-F2BDFEA0F156}' EventSourceName='Software Protection Platform Service'/><EventID Qualifiers='16384'>1004</EventID><Version>0</Version><Level>4</Level><Task>0</Task><Opcode>0</Opcode><Keywords>0x80000000000000</Keywords><TimeCreated SystemTime='2025-06-02T16:47:28.9486825Z'/><EventRecordID>137</EventRecordID><Correlation/><Execution ProcessID='1148' ThreadID='0'/><Channel>Application</Channel><Computer>NIKOLAISMETBD82</Computer><Security/></System><EventData><Data>Windows(R) UL oob License (Private)</Data><Data>a40766fb-0f4c-42bf-b6df-8d74792166df</Data></EventData><RenderingInfo Culture='en-US'><Message>The Software Protection service has successfully installed the license.&#13;&#10;License Title=Windows(R) UL oob License (Private)&#13;&#10;License Id=a40766fb-0f4c-42bf-b6df-8d74792166df</Message><Level>Information</Level><Provider>Microsoft-Windows-Security-SPP</Provider><Keywords><Keyword>Classic</Keyword></Keywords></RenderingInfo></Event><Event xmlns='http://schemas.microsoft.com/win/2004/08/events/event'><System><Provider Name='Microsoft-Windows-Security-SPP' Guid='{E23B33B0-C8C9-472C-A5F9-F2BDFEA0F156}' EventSourceName='Software Protection Platform Service'/><EventID Qualifiers='16384'>1004</EventID><Version>0</Version><Level>4</Level><Task>0</Task><Opcode>0</Opcode><Keywords>0x80000000000000</Keywords><TimeCreated SystemTime='2025-06-02T16:47:28.9478750Z'/><EventRecordID>136</EventRecordID><Correlation/><Execution ProcessID='1148' ThreadID='0'/><Channel>Application</Channel><Computer>NIKOLAISMETBD82</Computer><Security/></System><EventData><Data>Windows(R) UL oob License (Public)</Data><Data>f36e26bd-3ef9-46d8-9293-dd2540eeef89</Data></EventData><RenderingInfo Culture='en-US'><Message>The Software Protection service has successfully installed the license.&#13;&#10;License Title=Windows(R) UL oob License (Public)&#13;&#10;License Id=f36e26bd-3ef9-46d8-9293-dd2540eeef89</Message><Level>Information</Level><Provider>Microsoft-Windows-Security-SPP</Provider><Keywords><Keyword>Classic</Keyword></Keywords></RenderingInfo></Event><Event xmlns='http://schemas.microsoft.com/win/2004/08/events/event'><System><Provider Name='Microsoft-Windows-Security-SPP' Guid='{E23B33B0-C8C9-472C-A5F9-F2BDFEA0F156}' EventSourceName='Software Protection Platform Service'/><EventID Qualifiers='16384'>1004</EventID><Version>0</Version><Level>4</Level><Task>0</Task><Opcode>0</Opcode><Keywords>0x80000000000000</Keywords><TimeCreated SystemTime='2025-06-02T16:47:28.9294840Z'/><EventRecordID>135</EventRecordID><Correlation/><Execution ProcessID='1148' ThreadID='0'/><Channel>Application</Channel><Computer>NIKOLAISMETBD82</Computer><Security/></System><EventData><Data>Windows(R) Publishing License (Private)</Data><Data>21533ed6-1a70-40bc-b5fb-6d77ba198645</Data></EventData><RenderingInfo Culture='en-US'><Message>The Software Protection service has successfully installed the license.&#13;&#10;License Title=Windows(R) Publishing License (Private)&#13;&#10;License Id=21533ed6-1a70-40bc-b5fb-6d77ba198645</Message><Level>Information</Level><Provider>Microsoft-Windows-Security-SPP</Provider><Keywords><Keyword>Classic</Keyword></Keywords></RenderingInfo></Event><Event xmlns='http://schemas.microsoft.com/win/2004/08/events/event'><System><Provider Name='Microsoft-Windows-Security-SPP' Guid='{E23B33B0-C8C9-472C-A5F9-F2BDFEA0F156}' EventSourceName='Software Protection Platform Service'/><EventID Qualifiers='16384'>1004</EventID><Version>0</Version><Level>4</Level><Task>0</Task><Opcode>0</Opcode><Keywords>0x80000000000000</Keywords><TimeCreated SystemTime='2025-06-02T16:47:28.9285152Z'/><EventRecordID>134</EventRecordID><Correlation/><Execution ProcessID='1148' ThreadID='0'/><Channel>Application</Channel><Computer>NIKOLAISMETBD82</Computer><Security/></System><EventData><Data>Windows(R) Publishing License (Public)</Data><Data>1e7eb3c4-87dc-47b7-8dbd-d5a2a4f81999</Data></EventData><RenderingInfo Culture='en-US'><Message>The Software Protection service has successfully installed the license.&#13;&#10;License Title=Windows(R) Publishing License (Public)&#13;&#10;License Id=1e7eb3c4-87dc-47b7-8dbd-d5a2a4f81999</Message><Level>Information</Level><Provider>Microsoft-Windows-Security-SPP</Provider><Keywords><Keyword>Classic</Keyword></Keywords></RenderingInfo></Event><Event xmlns='http://schemas.microsoft.com/win/2004/08/events/event'><System><Provider Name='Microsoft-Windows-Security-SPP' Guid='{E23B33B0-C8C9-472C-A5F9-F2BDFEA0F156}' EventSourceName='Software Protection Platform Service'/><EventID Qualifiers='16384'>1004</EventID><Version>0</Version><Level>4</Level><Task>0</Task><Opcode>0</Opcode><Keywords>0x80000000000000</Keywords><TimeCreated SystemTime='2025-06-02T16:47:28.9110849Z'/><EventRecordID>133</EventRecordID><Correlation/><Execution ProcessID='1148' ThreadID='0'/><Channel>Application</Channel><Computer>NIKOLAISMETBD82</Computer><Security/></System><EventData><Data>Windows(R) UL store License (Private)</Data><Data>75481a9f-ae53-4c14-bdb0-6ef8148ff093</Data></EventData><RenderingInfo Culture='en-US'><Message>The Software Protection service has successfully installed the license.&#13;&#10;License Title=Windows(R) UL store License (Private)&#13;&#10;License Id=75481a9f-ae53-4c14-bdb0-6ef8148ff093</Message><Level>Information</Level><Provider>Microsoft-Windows-Security-SPP</Provider><Keywords><Keyword>Classic</Keyword></Keywords></RenderingInfo></Event><Event xmlns='http://schemas.microsoft.com/win/2004/08/events/event'><System><Provider Name='Microsoft-Windows-Security-SPP' Guid='{E23B33B0-C8C9-472C-A5F9-F2BDFEA0F156}' EventSourceName='Software Protection Platform Service'/><EventID Qualifiers='16384'>1004</EventID><Version>0</Version><Level>4</Level><Task>0</Task><Opcode>0</Opcode><Keywords>0x80000000000000</Keywords><TimeCreated SystemTime='2025-06-02T16:47:28.9102744Z'/><EventRecordID>132</EventRecordID><Correlation/><Execution ProcessID='1148' ThreadID='0'/><Channel>Application</Channel><Computer>NIKOLAISMETBD82</Computer><Security/></System><EventData><Data>Windows(R) UL store License (Public)</Data><Data>73e6e81f-687e-4e02-850a-3f3e7240db88</Data></EventData><RenderingInfo Culture='en-US'><Message>The Software Protection service has successfully installed the license.&#13;&#10;License Title=Windows(R) UL store License (Public)&#13;&#10;License Id=73e6e81f-687e-4e02-850a-3f3e7240db88</Message><Level>Information</Level><Provider>Microsoft-Windows-Security-SPP</Provider><Keywords><Keyword>Classic</Keyword></Keywords></RenderingInfo></Event><Event xmlns='http://schemas.microsoft.com/win/2004/08/events/event'><System><Provider Name='Microsoft-Windows-Security-SPP' Guid='{E23B33B0-C8C9-472C-A5F9-F2BDFEA0F156}' EventSourceName='Software Protection Platform Service'/><EventID Qualifiers='16384'>1004</EventID><Version>0</Version><Level>4</Level><Task>0</Task><Opcode>0</Opcode><Keywords>0x80000000000000</Keywords><TimeCreated SystemTime='2025-06-02T16:47:28.8919282Z'/><EventRecordID>131</EventRecordID><Correlation/><Execution ProcessID='1148' ThreadID='0'/><Channel>Application</Channel><Computer>NIKOLAISMETBD82</Computer><Security/></System><EventData><Data>Windows(R) UL phone License (Private)</Data><Data>1f3f5d1f-43d9-4e43-ab7a-d61d22878d98</Data></EventData><RenderingInfo Culture='en-US'><Message>The Software Protection service has successfully installed the license.&#13;&#10;License Title=Windows(R) UL phone License (Private)&#13;&#10;License Id=1f3f5d1f-43d9-4e43-ab7a-d61d22878d98</Message><Level>Information</Level><Provider>Microsoft-Windows-Security-SPP</Provider><Keywords><Keyword>Classic</Keyword></Keywords></RenderingInfo></Event><Event xmlns='http://schemas.microsoft.com/win/2004/08/events/event'><System><Provider Name='Microsoft-Windows-Security-SPP' Guid='{E23B33B0-C8C9-472C-A5F9-F2BDFEA0F156}' EventSourceName='Software Protection Platform Service'/><EventID Qualifiers='16384'>1004</EventID><Version>0</Version><Level>4</Level><Task>0</Task><Opcode>0</Opcode><Keywords>0x80000000000000</Keywords><TimeCreated SystemTime='2025-06-02T16:47:28.8908207Z'/><EventRecordID>130</EventRecordID><Correlation/><Execution ProcessID='1148' ThreadID='0'/><Channel>Application</Channel><Computer>NIKOLAISMETBD82</Computer><Security/></System><EventData><Data>Windows(R) UL phone License (Public)</Data><Data>46f93345-3806-4057-bc7b-edbf213a7d2d</Data></EventData><RenderingInfo Culture='en-US'><Message>The Software Protection service has successfully installed the license.&#13;&#10;License Title=Windows(R) UL phone License (Public)&#13;&#10;License Id=46f93345-3806-4057-bc7b-edbf213a7d2d</Message><Level>Information</Level><Provider>Microsoft-Windows-Security-SPP</Provider><Keywords><Keyword>Classic</Keyword></Keywords></RenderingInfo></Event><Event xmlns='http://schemas.microsoft.com/win/2004/08/events/event'><System><Provider Name='Microsoft-Windows-Security-SPP' Guid='{E23B33B0-C8C9-472C-A5F9-F2BDFEA0F156}' EventSourceName='Software Protection Platform Service'/><EventID Qualifiers='16384'>1004</EventID><Version>0</Version><Level>4</Level><Task>0</Task><Opcode>0</Opcode><Keywords>0x80000000000000</Keywords><TimeCreated SystemTime='2025-06-02T16:47:28.8710881Z'/><EventRecordID>129</EventRecordID><Correlation/><Execution ProcessID='1148' ThreadID='0'/><Channel>Application</Channel><Computer>NIKOLAISMETBD82</Computer><Security/></System><EventData><Data>Windows(R) UL oob License (Private)</Data><Data>c92795c4-9d51-4a42-ab78-578d91e22f53</Data></EventData><RenderingInfo Culture='en-US'><Message>The Software Protection service has successfully installed the license.&#13;&#10;License Title=Windows(R) UL oob License (Private)&#13;&#10;License Id=c92795c4-9d51-4a42-ab78-578d91e22f53</Message><Level>Information</Level><Provider>Microsoft-Windows-Security-SPP</Provider><Keywords><Keyword>Classic</Keyword></Keywords></RenderingInfo></Event><Event xmlns='http://schemas.microsoft.com/win/2004/08/events/event'><System><Provider Name='Microsoft-Windows-Security-SPP' Guid='{E23B33B0-C8C9-472C-A5F9-F2BDFEA0F156}' EventSourceName='Software Protection Platform Service'/><EventID Qualifiers='16384'>1004</EventID><Version>0</Version><Level>4</Level><Task>0</Task><Opcode>0</Opcode><Keywords>0x80000000000000</Keywords><TimeCreated SystemTime='2025-06-02T16:47:28.8701781Z'/><EventRecordID>128</EventRecordID><Correlation/><Execution ProcessID='1148' ThreadID='0'/><Channel>Application</Channel><Computer>NIKOLAISMETBD82</Computer><Security/></System><EventData><Data>Windows(R) UL oob License (Public)</Data><Data>eb15ffe7-e8a0-44c0-be8a-ba6d3bfb0688</Data></EventData><RenderingInfo Culture='en-US'><Message>The Software Protection service has successfully installed the license.&#13;&#10;License Title=Windows(R) UL oob License (Public)&#13;&#10;License Id=eb15ffe7-e8a0-44c0-be8a-ba6d3bfb0688</Message><Level>Information</Level><Provider>Microsoft-Windows-Security-SPP</Provider><Keywords><Keyword>Classic</Keyword></Keywords></RenderingInfo></Event><Event xmlns='http://schemas.microsoft.com/win/2004/08/events/event'><System><Provider Name='Microsoft-Windows-Security-SPP' Guid='{E23B33B0-C8C9-472C-A5F9-F2BDFEA0F156}' EventSourceName='Software Protection Platform Service'/><EventID Qualifiers='16384'>1004</EventID><Version>0</Version><Level>4</Level><Task>0</Task><Opcode>0</Opcode><Keywords>0x80000000000000</Keywords><TimeCreated SystemTime='2025-06-02T16:47:28.8508531Z'/><EventRecordID>127</EventRecordID><Correlation/><Execution ProcessID='1148' ThreadID='0'/><Channel>Application</Channel><Computer>NIKOLAISMETBD82</Computer><Security/></System><EventData><Data>Windows(R) Publishing License (Private)</Data><Data>2ed9a578-e0f3-4422-b048-ebcf2c1a784c</Data></EventData><RenderingInfo Culture='en-US'><Message>The Software Protection service has successfully installed the license.&#13;&#10;License Title=Windows(R) Publishing License (Private)&#13;&#10;License Id=2ed9a578-e0f3-4422-b048-ebcf2c1a784c</Message><Level>Information</Level><Provider>Microsoft-Windows-Security-SPP</Provider><Keywords><Keyword>Classic</Keyword></Keywords></RenderingInfo></Event>