<Event xmlns='http://schemas.microsoft.com/win/2004/08/events/event'><System><Provider Name='Microsoft-Windows-Security-SPP' Guid='{E23B33B0-C8C9-472C-A5F9-F2BDFEA0F156}' EventSourceName='Software Protection Platform Service'/><EventID Qualifiers='16384'>1004</EventID><Version>0</Version><Level>4</Level><Task>0</Task><Opcode>0</Opcode><Keywords>0x80000000000000</Keywords><TimeCreated SystemTime='2025-06-02T16:47:28.8498856Z'/><EventRecordID>126</EventRecordID><Correlation/><Execution ProcessID='1148' ThreadID='0'/><Channel>Application</Channel><Computer>NIKOLAISMETBD82</Computer><Security/></System><EventData><Data>Windows(R) Publishing License (Public)</Data><Data>91a683dc-2329-48e2-8729-715be7b89d5a</Data></EventData><RenderingInfo Culture='en-US'><Message>The Software Protection service has successfully installed the license.&#13;&#10;License Title=Windows(R) Publishing License (Public)&#13;&#10;License Id=91a683dc-2329-48e2-8729-715be7b89d5a</Message><Level>Information</Level><Provider>Microsoft-Windows-Security-SPP</Provider><Keywords><Keyword>Classic</Keyword></Keywords></RenderingInfo></Event><Event xmlns='http://schemas.microsoft.com/win/2004/08/events/event'><System><Provider Name='Microsoft-Windows-Security-SPP' Guid='{E23B33B0-C8C9-472C-A5F9-F2BDFEA0F156}' EventSourceName='Software Protection Platform Service'/><EventID Qualifiers='16384'>1004</EventID><Version>0</Version><Level>4</Level><Task>0</Task><Opcode>0</Opcode><Keywords>0x80000000000000</Keywords><TimeCreated SystemTime='2025-06-02T16:47:28.8306150Z'/><EventRecordID>125</EventRecordID><Correlation/><Execution ProcessID='1148' ThreadID='0'/><Channel>Application</Channel><Computer>NIKOLAISMETBD82</Computer><Security/></System><EventData><Data>Windows(R) Professional Product PPD License</Data><Data>1c213638-585f-d000-58d4-b060de01653f</Data></EventData><RenderingInfo Culture='en-US'><Message>The Software Protection service has successfully installed the license.&#13;&#10;License Title=Windows(R) Professional Product PPD License&#13;&#10;License Id=1c213638-585f-d000-58d4-b060de01653f</Message><Level>Information</Level><Provider>Microsoft-Windows-Security-SPP</Provider><Keywords><Keyword>Classic</Keyword></Keywords></RenderingInfo></Event><Event xmlns='http://schemas.microsoft.com/win/2004/08/events/event'><System><Provider Name='Microsoft-Windows-Security-SPP' Guid='{E23B33B0-C8C9-472C-A5F9-F2BDFEA0F156}' EventSourceName='Software Protection Platform Service'/><EventID Qualifiers='16384'>1004</EventID><Version>0</Version><Level>4</Level><Task>0</Task><Opcode>0</Opcode><Keywords>0x80000000000000</Keywords><TimeCreated SystemTime='2025-06-02T16:47:28.8074983Z'/><EventRecordID>124</EventRecordID><Correlation/><Execution ProcessID='1148' ThreadID='0'/><Channel>Application</Channel><Computer>NIKOLAISMETBD82</Computer><Security/></System><EventData><Data>Windows(R) UL store License (Private)</Data><Data>0ef735d2-6d07-47c2-832e-8d06c45d940f</Data></EventData><RenderingInfo Culture='en-US'><Message>The Software Protection service has successfully installed the license.&#13;&#10;License Title=Windows(R) UL store License (Private)&#13;&#10;License Id=0ef735d2-6d07-47c2-832e-8d06c45d940f</Message><Level>Information</Level><Provider>Microsoft-Windows-Security-SPP</Provider><Keywords><Keyword>Classic</Keyword></Keywords></RenderingInfo></Event><Event xmlns='http://schemas.microsoft.com/win/2004/08/events/event'><System><Provider Name='Microsoft-Windows-Security-SPP' Guid='{E23B33B0-C8C9-472C-A5F9-F2BDFEA0F156}' EventSourceName='Software Protection Platform Service'/><EventID Qualifiers='16384'>1004</EventID><Version>0</Version><Level>4</Level><Task>0</Task><Opcode>0</Opcode><Keywords>0x80000000000000</Keywords><TimeCreated SystemTime='2025-06-02T16:47:28.8039553Z'/><EventRecordID>123</EventRecordID><Correlation/><Execution ProcessID='1148' ThreadID='0'/><Channel>Application</Channel><Computer>NIKOLAISMETBD82</Computer><Security/></System><EventData><Data>Windows(R) UL store License (Public)</Data><Data>e3f386c9-c4b2-4f90-80fb-844fce347b4f</Data></EventData><RenderingInfo Culture='en-US'><Message>The Software Protection service has successfully installed the license.&#13;&#10;License Title=Windows(R) UL store License (Public)&#13;&#10;License Id=e3f386c9-c4b2-4f90-80fb-844fce347b4f</Message><Level>Information</Level><Provider>Microsoft-Windows-Security-SPP</Provider><Keywords><Keyword>Classic</Keyword></Keywords></RenderingInfo></Event><Event xmlns='http://schemas.microsoft.com/win/2004/08/events/event'><System><Provider Name='Microsoft-Windows-Security-SPP' Guid='{E23B33B0-C8C9-472C-A5F9-F2BDFEA0F156}' EventSourceName='Software Protection Platform Service'/><EventID Qualifiers='16384'>1004</EventID><Version>0</Version><Level>4</Level><Task>0</Task><Opcode>0</Opcode><Keywords>0x80000000000000</Keywords><TimeCreated SystemTime='2025-06-02T16:47:28.7624617Z'/><EventRecordID>122</EventRecordID><Correlation/><Execution ProcessID='1148' ThreadID='0'/><Channel>Application</Channel><Computer>NIKOLAISMETBD82</Computer><Security/></System><EventData><Data>Windows(R) UL phone License (Private)</Data><Data>c628150c-07b7-45d9-8070-f8ba678f0c2d</Data></EventData><RenderingInfo Culture='en-US'><Message>The Software Protection service has successfully installed the license.&#13;&#10;License Title=Windows(R) UL phone License (Private)&#13;&#10;License Id=c628150c-07b7-45d9-8070-f8ba678f0c2d</Message><Level>Information</Level><Provider>Microsoft-Windows-Security-SPP</Provider><Keywords><Keyword>Classic</Keyword></Keywords></RenderingInfo></Event><Event xmlns='http://schemas.microsoft.com/win/2004/08/events/event'><System><Provider Name='Microsoft-Windows-Security-SPP' Guid='{E23B33B0-C8C9-472C-A5F9-F2BDFEA0F156}' EventSourceName='Software Protection Platform Service'/><EventID Qualifiers='16384'>1004</EventID><Version>0</Version><Level>4</Level><Task>0</Task><Opcode>0</Opcode><Keywords>0x80000000000000</Keywords><TimeCreated SystemTime='2025-06-02T16:47:28.7615010Z'/><EventRecordID>121</EventRecordID><Correlation/><Execution ProcessID='1148' ThreadID='0'/><Channel>Application</Channel><Computer>NIKOLAISMETBD82</Computer><Security/></System><EventData><Data>Windows(R) UL phone License (Public)</Data><Data>73f379dc-717a-448a-abb9-28ad20fa430f</Data></EventData><RenderingInfo Culture='en-US'><Message>The Software Protection service has successfully installed the license.&#13;&#10;License Title=Windows(R) UL phone License (Public)&#13;&#10;License Id=73f379dc-717a-448a-abb9-28ad20fa430f</Message><Level>Information</Level><Provider>Microsoft-Windows-Security-SPP</Provider><Keywords><Keyword>Classic</Keyword></Keywords></RenderingInfo></Event><Event xmlns='http://schemas.microsoft.com/win/2004/08/events/event'><System><Provider Name='Microsoft-Windows-Security-SPP' Guid='{E23B33B0-C8C9-472C-A5F9-F2BDFEA0F156}' EventSourceName='Software Protection Platform Service'/><EventID Qualifiers='16384'>1004</EventID><Version>0</Version><Level>4</Level><Task>0</Task><Opcode>0</Opcode><Keywords>0x80000000000000</Keywords><TimeCreated SystemTime='2025-06-02T16:47:28.7424227Z'/><EventRecordID>120</EventRecordID><Correlation/><Execution ProcessID='1148' ThreadID='0'/><Channel>Application</Channel><Computer>NIKOLAISMETBD82</Computer><Security/></System><EventData><Data>Windows(R) UL oob License (Private)</Data><Data>53022e2f-d85d-4884-b365-c3d0aa5fb7c4</Data></EventData><RenderingInfo Culture='en-US'><Message>The Software Protection service has successfully installed the license.&#13;&#10;License Title=Windows(R) UL oob License (Private)&#13;&#10;License Id=53022e2f-d85d-4884-b365-c3d0aa5fb7c4</Message><Level>Information</Level><Provider>Microsoft-Windows-Security-SPP</Provider><Keywords><Keyword>Classic</Keyword></Keywords></RenderingInfo></Event><Event xmlns='http://schemas.microsoft.com/win/2004/08/events/event'><System><Provider Name='Microsoft-Windows-Security-SPP' Guid='{E23B33B0-C8C9-472C-A5F9-F2BDFEA0F156}' EventSourceName='Software Protection Platform Service'/><EventID Qualifiers='16384'>1004</EventID><Version>0</Version><Level>4</Level><Task>0</Task><Opcode>0</Opcode><Keywords>0x80000000000000</Keywords><TimeCreated SystemTime='2025-06-02T16:47:28.7414894Z'/><EventRecordID>119</EventRecordID><Correlation/><Execution ProcessID='1148' ThreadID='0'/><Channel>Application</Channel><Computer>NIKOLAISMETBD82</Computer><Security/></System><EventData><Data>Windows(R) UL oob License (Public)</Data><Data>715ed125-cd1c-49c0-9e25-48c89f1110ff</Data></EventData><RenderingInfo Culture='en-US'><Message>The Software Protection service has successfully installed the license.&#13;&#10;License Title=Windows(R) UL oob License (Public)&#13;&#10;License Id=715ed125-cd1c-49c0-9e25-48c89f1110ff</Message><Level>Information</Level><Provider>Microsoft-Windows-Security-SPP</Provider><Keywords><Keyword>Classic</Keyword></Keywords></RenderingInfo></Event><Event xmlns='http://schemas.microsoft.com/win/2004/08/events/event'><System><Provider Name='Microsoft-Windows-Security-SPP' Guid='{E23B33B0-C8C9-472C-A5F9-F2BDFEA0F156}' EventSourceName='Software Protection Platform Service'/><EventID Qualifiers='16384'>1004</EventID><Version>0</Version><Level>4</Level><Task>0</Task><Opcode>0</Opcode><Keywords>0x80000000000000</Keywords><TimeCreated SystemTime='2025-06-02T16:47:28.7237980Z'/><EventRecordID>118</EventRecordID><Correlation/><Execution ProcessID='1148' ThreadID='0'/><Channel>Application</Channel><Computer>NIKOLAISMETBD82</Computer><Security/></System><EventData><Data>Windows(R) Publishing License (Private)</Data><Data>dd3b3fe8-7d95-4a95-bfed-aa929e6b71df</Data></EventData><RenderingInfo Culture='en-US'><Message>The Software Protection service has successfully installed the license.&#13;&#10;License Title=Windows(R) Publishing License (Private)&#13;&#10;License Id=dd3b3fe8-7d95-4a95-bfed-aa929e6b71df</Message><Level>Information</Level><Provider>Microsoft-Windows-Security-SPP</Provider><Keywords><Keyword>Classic</Keyword></Keywords></RenderingInfo></Event><Event xmlns='http://schemas.microsoft.com/win/2004/08/events/event'><System><Provider Name='Microsoft-Windows-Security-SPP' Guid='{E23B33B0-C8C9-472C-A5F9-F2BDFEA0F156}' EventSourceName='Software Protection Platform Service'/><EventID Qualifiers='16384'>1004</EventID><Version>0</Version><Level>4</Level><Task>0</Task><Opcode>0</Opcode><Keywords>0x80000000000000</Keywords><TimeCreated SystemTime='2025-06-02T16:47:28.7231909Z'/><EventRecordID>117</EventRecordID><Correlation/><Execution ProcessID='1148' ThreadID='0'/><Channel>Application</Channel><Computer>NIKOLAISMETBD82</Computer><Security/></System><EventData><Data>Windows(R) Publishing License (Public)</Data><Data>f8f801de-2492-4605-9528-850ecc97f240</Data></EventData><RenderingInfo Culture='en-US'><Message>The Software Protection service has successfully installed the license.&#13;&#10;License Title=Windows(R) Publishing License (Public)&#13;&#10;License Id=f8f801de-2492-4605-9528-850ecc97f240</Message><Level>Information</Level><Provider>Microsoft-Windows-Security-SPP</Provider><Keywords><Keyword>Classic</Keyword></Keywords></RenderingInfo></Event><Event xmlns='http://schemas.microsoft.com/win/2004/08/events/event'><System><Provider Name='Microsoft-Windows-Security-SPP' Guid='{E23B33B0-C8C9-472C-A5F9-F2BDFEA0F156}' EventSourceName='Software Protection Platform Service'/><EventID Qualifiers='16384'>1004</EventID><Version>0</Version><Level>4</Level><Task>0</Task><Opcode>0</Opcode><Keywords>0x80000000000000</Keywords><TimeCreated SystemTime='2025-06-02T16:47:28.7053321Z'/><EventRecordID>116</EventRecordID><Correlation/><Execution ProcessID='1148' ThreadID='0'/><Channel>Application</Channel><Computer>NIKOLAISMETBD82</Computer><Security/></System><EventData><Data>Windows(R) UL store License (Private)</Data><Data>d243bcd2-63ac-41f2-aa47-12697be2154a</Data></EventData><RenderingInfo Culture='en-US'><Message>The Software Protection service has successfully installed the license.&#13;&#10;License Title=Windows(R) UL store License (Private)&#13;&#10;License Id=d243bcd2-63ac-41f2-aa47-12697be2154a</Message><Level>Information</Level><Provider>Microsoft-Windows-Security-SPP</Provider><Keywords><Keyword>Classic</Keyword></Keywords></RenderingInfo></Event><Event xmlns='http://schemas.microsoft.com/win/2004/08/events/event'><System><Provider Name='Microsoft-Windows-Security-SPP' Guid='{E23B33B0-C8C9-472C-A5F9-F2BDFEA0F156}' EventSourceName='Software Protection Platform Service'/><EventID Qualifiers='16384'>1004</EventID><Version>0</Version><Level>4</Level><Task>0</Task><Opcode>0</Opcode><Keywords>0x80000000000000</Keywords><TimeCreated SystemTime='2025-06-02T16:47:28.7044700Z'/><EventRecordID>115</EventRecordID><Correlation/><Execution ProcessID='1148' ThreadID='0'/><Channel>Application</Channel><Computer>NIKOLAISMETBD82</Computer><Security/></System><EventData><Data>Windows(R) UL store License (Public)</Data><Data>535f5ff8-9c4a-4ab7-81fc-e8e0a0c5868e</Data></EventData><RenderingInfo Culture='en-US'><Message>The Software Protection service has successfully installed the license.&#13;&#10;License Title=Windows(R) UL store License (Public)&#13;&#10;License Id=535f5ff8-9c4a-4ab7-81fc-e8e0a0c5868e</Message><Level>Information</Level><Provider>Microsoft-Windows-Security-SPP</Provider><Keywords><Keyword>Classic</Keyword></Keywords></RenderingInfo></Event><Event xmlns='http://schemas.microsoft.com/win/2004/08/events/event'><System><Provider Name='Microsoft-Windows-Security-SPP' Guid='{E23B33B0-C8C9-472C-A5F9-F2BDFEA0F156}' EventSourceName='Software Protection Platform Service'/><EventID Qualifiers='16384'>1004</EventID><Version>0</Version><Level>4</Level><Task>0</Task><Opcode>0</Opcode><Keywords>0x80000000000000</Keywords><TimeCreated SystemTime='2025-06-02T16:47:28.6866013Z'/><EventRecordID>114</EventRecordID><Correlation/><Execution ProcessID='1148' ThreadID='0'/><Channel>Application</Channel><Computer>NIKOLAISMETBD82</Computer><Security/></System><EventData><Data>Windows(R) UL phone License (Private)</Data><Data>5aa5295e-2ba8-4351-9f07-a1bc25ecc01a</Data></EventData><RenderingInfo Culture='en-US'><Message>The Software Protection service has successfully installed the license.&#13;&#10;License Title=Windows(R) UL phone License (Private)&#13;&#10;License Id=5aa5295e-2ba8-4351-9f07-a1bc25ecc01a</Message><Level>Information</Level><Provider>Microsoft-Windows-Security-SPP</Provider><Keywords><Keyword>Classic</Keyword></Keywords></RenderingInfo></Event><Event xmlns='http://schemas.microsoft.com/win/2004/08/events/event'><System><Provider Name='Microsoft-Windows-Security-SPP' Guid='{E23B33B0-C8C9-472C-A5F9-F2BDFEA0F156}' EventSourceName='Software Protection Platform Service'/><EventID Qualifiers='16384'>1004</EventID><Version>0</Version><Level>4</Level><Task>0</Task><Opcode>0</Opcode><Keywords>0x80000000000000</Keywords><TimeCreated SystemTime='2025-06-02T16:47:28.6859271Z'/><EventRecordID>113</EventRecordID><Correlation/><Execution ProcessID='1148' ThreadID='0'/><Channel>Application</Channel><Computer>NIKOLAISMETBD82</Computer><Security/></System><EventData><Data>Windows(R) UL phone License (Public)</Data><Data>df0f669e-cd22-45e2-8ef4-425e170f1372</Data></EventData><RenderingInfo Culture='en-US'><Message>The Software Protection service has successfully installed the license.&#13;&#10;License Title=Windows(R) UL phone License (Public)&#13;&#10;License Id=df0f669e-cd22-45e2-8ef4-425e170f1372</Message><Level>Information</Level><Provider>Microsoft-Windows-Security-SPP</Provider><Keywords><Keyword>Classic</Keyword></Keywords></RenderingInfo></Event><Event xmlns='http://schemas.microsoft.com/win/2004/08/events/event'><System><Provider Name='Microsoft-Windows-Security-SPP' Guid='{E23B33B0-C8C9-472C-A5F9-F2BDFEA0F156}' EventSourceName='Software Protection Platform Service'/><EventID Qualifiers='16384'>1004</EventID><Version>0</Version><Level>4</Level><Task>0</Task><Opcode>0</Opcode><Keywords>0x80000000000000</Keywords><TimeCreated SystemTime='2025-06-02T16:47:28.6678507Z'/><EventRecordID>112</EventRecordID><Correlation/><Execution ProcessID='1148' ThreadID='0'/><Channel>Application</Channel><Computer>NIKOLAISMETBD82</Computer><Security/></System><EventData><Data>Windows(R) UL oob License (Private)</Data><Data>971fc1f4-eb7c-495a-9d3c-9d722c1fa96e</Data></EventData><RenderingInfo Culture='en-US'><Message>The Software Protection service has successfully installed the license.&#13;&#10;License Title=Windows(R) UL oob License (Private)&#13;&#10;License Id=971fc1f4-eb7c-495a-9d3c-9d722c1fa96e</Message><Level>Information</Level><Provider>Microsoft-Windows-Security-SPP</Provider><Keywords><Keyword>Classic</Keyword></Keywords></RenderingInfo></Event><Event xmlns='http://schemas.microsoft.com/win/2004/08/events/event'><System><Provider Name='Microsoft-Windows-Security-SPP' Guid='{E23B33B0-C8C9-472C-A5F9-F2BDFEA0F156}' EventSourceName='Software Protection Platform Service'/><EventID Qualifiers='16384'>1004</EventID><Version>0</Version><Level>4</Level><Task>0</Task><Opcode>0</Opcode><Keywords>0x80000000000000</Keywords><TimeCreated SystemTime='2025-06-02T16:47:28.6671331Z'/><EventRecordID>111</EventRecordID><Correlation/><Execution ProcessID='1148' ThreadID='0'/><Channel>Application</Channel><Computer>NIKOLAISMETBD82</Computer><Security/></System><EventData><Data>Windows(R) UL oob License (Public)</Data><Data>090d9ebf-0e52-4dbd-b557-1f6be8484032</Data></EventData><RenderingInfo Culture='en-US'><Message>The Software Protection service has successfully installed the license.&#13;&#10;License Title=Windows(R) UL oob License (Public)&#13;&#10;License Id=090d9ebf-0e52-4dbd-b557-1f6be8484032</Message><Level>Information</Level><Provider>Microsoft-Windows-Security-SPP</Provider><Keywords><Keyword>Classic</Keyword></Keywords></RenderingInfo></Event><Event xmlns='http://schemas.microsoft.com/win/2004/08/events/event'><System><Provider Name='Microsoft-Windows-Security-SPP' Guid='{E23B33B0-C8C9-472C-A5F9-F2BDFEA0F156}' EventSourceName='Software Protection Platform Service'/><EventID Qualifiers='16384'>1004</EventID><Version>0</Version><Level>4</Level><Task>0</Task><Opcode>0</Opcode><Keywords>0x80000000000000</Keywords><TimeCreated SystemTime='2025-06-02T16:47:28.6495122Z'/><EventRecordID>110</EventRecordID><Correlation/><Execution ProcessID='1148' ThreadID='0'/><Channel>Application</Channel><Computer>NIKOLAISMETBD82</Computer><Security/></System><EventData><Data>Windows(R) Publishing License (Private)</Data><Data>7b254b14-dc01-45cc-b1c3-a298e3b7071a</Data></EventData><RenderingInfo Culture='en-US'><Message>The Software Protection service has successfully installed the license.&#13;&#10;License Title=Windows(R) Publishing License (Private)&#13;&#10;License Id=7b254b14-dc01-45cc-b1c3-a298e3b7071a</Message><Level>Information</Level><Provider>Microsoft-Windows-Security-SPP</Provider><Keywords><Keyword>Classic</Keyword></Keywords></RenderingInfo></Event><Event xmlns='http://schemas.microsoft.com/win/2004/08/events/event'><System><Provider Name='Microsoft-Windows-Security-SPP' Guid='{E23B33B0-C8C9-472C-A5F9-F2BDFEA0F156}' EventSourceName='Software Protection Platform Service'/><EventID Qualifiers='16384'>1004</EventID><Version>0</Version><Level>4</Level><Task>0</Task><Opcode>0</Opcode><Keywords>0x80000000000000</Keywords><TimeCreated SystemTime='2025-06-02T16:47:28.6483773Z'/><EventRecordID>109</EventRecordID><Correlation/><Execution ProcessID='1148' ThreadID='0'/><Channel>Application</Channel><Computer>NIKOLAISMETBD82</Computer><Security/></System><EventData><Data>Windows(R) Publishing License (Public)</Data><Data>761e3aed-e541-4ade-8bc9-fcf88f57dd43</Data></EventData><RenderingInfo Culture='en-US'><Message>The Software Protection service has successfully installed the license.&#13;&#10;License Title=Windows(R) Publishing License (Public)&#13;&#10;License Id=761e3aed-e541-4ade-8bc9-fcf88f57dd43</Message><Level>Information</Level><Provider>Microsoft-Windows-Security-SPP</Provider><Keywords><Keyword>Classic</Keyword></Keywords></RenderingInfo></Event><Event xmlns='http://schemas.microsoft.com/win/2004/08/events/event'><System><Provider Name='Microsoft-Windows-Security-SPP' Guid='{E23B33B0-C8C9-472C-A5F9-F2BDFEA0F156}' EventSourceName='Software Protection Platform Service'/><EventID Qualifiers='16384'>1004</EventID><Version>0</Version><Level>4</Level><Task>0</Task><Opcode>0</Opcode><Keywords>0x80000000000000</Keywords><TimeCreated SystemTime='2025-06-02T16:47:28.6318361Z'/><EventRecordID>108</EventRecordID><Correlation/><Execution ProcessID='1148' ThreadID='0'/><Channel>Application</Channel><Computer>NIKOLAISMETBD82</Computer><Security/></System><EventData><Data>Windows(R) UL store License (Private)</Data><Data>ed6ae0bc-e232-440d-9292-cd9f7518061e</Data></EventData><RenderingInfo Culture='en-US'><Message>The Software Protection service has successfully installed the license.&#13;&#10;License Title=Windows(R) UL store License (Private)&#13;&#10;License Id=ed6ae0bc-e232-440d-9292-cd9f7518061e</Message><Level>Information</Level><Provider>Microsoft-Windows-Security-SPP</Provider><Keywords><Keyword>Classic</Keyword></Keywords></RenderingInfo></Event><Event xmlns='http://schemas.microsoft.com/win/2004/08/events/event'><System><Provider Name='Microsoft-Windows-Security-SPP' Guid='{E23B33B0-C8C9-472C-A5F9-F2BDFEA0F156}' EventSourceName='Software Protection Platform Service'/><EventID Qualifiers='16384'>1004</EventID><Version>0</Version><Level>4</Level><Task>0</Task><Opcode>0</Opcode><Keywords>0x80000000000000</Keywords><TimeCreated SystemTime='2025-06-02T16:47:28.6312213Z'/><EventRecordID>107</EventRecordID><Correlation/><Execution ProcessID='1148' ThreadID='0'/><Channel>Application</Channel><Computer>NIKOLAISMETBD82</Computer><Security/></System><EventData><Data>Windows(R) UL store License (Public)</Data><Data>3a69bf1e-8cc8-41a1-89b5-365743552446</Data></EventData><RenderingInfo Culture='en-US'><Message>The Software Protection service has successfully installed the license.&#13;&#10;License Title=Windows(R) UL store License (Public)&#13;&#10;License Id=3a69bf1e-8cc8-41a1-89b5-365743552446</Message><Level>Information</Level><Provider>Microsoft-Windows-Security-SPP</Provider><Keywords><Keyword>Classic</Keyword></Keywords></RenderingInfo></Event><Event xmlns='http://schemas.microsoft.com/win/2004/08/events/event'><System><Provider Name='Microsoft-Windows-Security-SPP' Guid='{E23B33B0-C8C9-472C-A5F9-F2BDFEA0F156}' EventSourceName='Software Protection Platform Service'/><EventID Qualifiers='16384'>1004</EventID><Version>0</Version><Level>4</Level><Task>0</Task><Opcode>0</Opcode><Keywords>0x80000000000000</Keywords><TimeCreated SystemTime='2025-06-02T16:47:28.6138656Z'/><EventRecordID>106</EventRecordID><Correlation/><Execution ProcessID='1148' ThreadID='0'/><Channel>Application</Channel><Computer>NIKOLAISMETBD82</Computer><Security/></System><EventData><Data>Windows(R) UL phone License (Private)</Data><Data>86d7a764-1f9f-4035-9b1d-40a62e3ca4b6</Data></EventData><RenderingInfo Culture='en-US'><Message>The Software Protection service has successfully installed the license.&#13;&#10;License Title=Windows(R) UL phone License (Private)&#13;&#10;License Id=86d7a764-1f9f-4035-9b1d-40a62e3ca4b6</Message><Level>Information</Level><Provider>Microsoft-Windows-Security-SPP</Provider><Keywords><Keyword>Classic</Keyword></Keywords></RenderingInfo></Event><Event xmlns='http://schemas.microsoft.com/win/2004/08/events/event'><System><Provider Name='Microsoft-Windows-Security-SPP' Guid='{E23B33B0-C8C9-472C-A5F9-F2BDFEA0F156}' EventSourceName='Software Protection Platform Service'/><EventID Qualifiers='16384'>1004</EventID><Version>0</Version><Level>4</Level><Task>0</Task><Opcode>0</Opcode><Keywords>0x80000000000000</Keywords><TimeCreated SystemTime='2025-06-02T16:47:28.6132211Z'/><EventRecordID>105</EventRecordID><Correlation/><Execution ProcessID='1148' ThreadID='0'/><Channel>Application</Channel><Computer>NIKOLAISMETBD82</Computer><Security/></System><EventData><Data>Windows(R) UL phone License (Public)</Data><Data>0e9dc256-8723-4cfe-b40b-5798b6847566</Data></EventData><RenderingInfo Culture='en-US'><Message>The Software Protection service has successfully installed the license.&#13;&#10;License Title=Windows(R) UL phone License (Public)&#13;&#10;License Id=0e9dc256-8723-4cfe-b40b-5798b6847566</Message><Level>Information</Level><Provider>Microsoft-Windows-Security-SPP</Provider><Keywords><Keyword>Classic</Keyword></Keywords></RenderingInfo></Event><Event xmlns='http://schemas.microsoft.com/win/2004/08/events/event'><System><Provider Name='Microsoft-Windows-Security-SPP' Guid='{E23B33B0-C8C9-472C-A5F9-F2BDFEA0F156}' EventSourceName='Software Protection Platform Service'/><EventID Qualifiers='16384'>1004</EventID><Version>0</Version><Level>4</Level><Task>0</Task><Opcode>0</Opcode><Keywords>0x80000000000000</Keywords><TimeCreated SystemTime='2025-06-02T16:47:28.5957521Z'/><EventRecordID>104</EventRecordID><Correlation/><Execution ProcessID='1148' ThreadID='0'/><Channel>Application</Channel><Computer>NIKOLAISMETBD82</Computer><Security/></System><EventData><Data>Windows(R) UL oob License (Private)</Data><Data>e977c29e-ac58-4e15-ab28-d94bcc8600f2</Data></EventData><RenderingInfo Culture='en-US'><Message>The Software Protection service has successfully installed the license.&#13;&#10;License Title=Windows(R) UL oob License (Private)&#13;&#10;License Id=e977c29e-ac58-4e15-ab28-d94bcc8600f2</Message><Level>Information</Level><Provider>Microsoft-Windows-Security-SPP</Provider><Keywords><Keyword>Classic</Keyword></Keywords></RenderingInfo></Event><Event xmlns='http://schemas.microsoft.com/win/2004/08/events/event'><System><Provider Name='Microsoft-Windows-Security-SPP' Guid='{E23B33B0-C8C9-472C-A5F9-F2BDFEA0F156}' EventSourceName='Software Protection Platform Service'/><EventID Qualifiers='16384'>1004</EventID><Version>0</Version><Level>4</Level><Task>0</Task><Opcode>0</Opcode><Keywords>0x80000000000000</Keywords><TimeCreated SystemTime='2025-06-02T16:47:28.5951311Z'/><EventRecordID>103</EventRecordID><Correlation/><Execution ProcessID='1148' ThreadID='0'/><Channel>Application</Channel><Computer>NIKOLAISMETBD82</Computer><Security/></System><EventData><Data>Windows(R) UL oob License (Public)</Data><Data>9bd3b80d-5867-4686-94f1-b270b5fdf828</Data></EventData><RenderingInfo Culture='en-US'><Message>The Software Protection service has successfully installed the license.&#13;&#10;License Title=Windows(R) UL oob License (Public)&#13;&#10;License Id=9bd3b80d-5867-4686-94f1-b270b5fdf828</Message><Level>Information</Level><Provider>Microsoft-Windows-Security-SPP</Provider><Keywords><Keyword>Classic</Keyword></Keywords></RenderingInfo></Event><Event xmlns='http://schemas.microsoft.com/win/2004/08/events/event'><System><Provider Name='Microsoft-Windows-Security-SPP' Guid='{E23B33B0-C8C9-472C-A5F9-F2BDFEA0F156}' EventSourceName='Software Protection Platform Service'/><EventID Qualifiers='16384'>1004</EventID><Version>0</Version><Level>4</Level><Task>0</Task><Opcode>0</Opcode><Keywords>0x80000000000000</Keywords><TimeCreated SystemTime='2025-06-02T16:47:28.5782378Z'/><EventRecordID>102</EventRecordID><Correlation/><Execution ProcessID='1148' ThreadID='0'/><Channel>Application</Channel><Computer>NIKOLAISMETBD82</Computer><Security/></System><EventData><Data>Windows(R) Publishing License (Private)</Data><Data>e2c1cbc7-31aa-4dd6-861f-9e49d43c1c6e</Data></EventData><RenderingInfo Culture='en-US'><Message>The Software Protection service has successfully installed the license.&#13;&#10;License Title=Windows(R) Publishing License (Private)&#13;&#10;License Id=e2c1cbc7-31aa-4dd6-861f-9e49d43c1c6e</Message><Level>Information</Level><Provider>Microsoft-Windows-Security-SPP</Provider><Keywords><Keyword>Classic</Keyword></Keywords></RenderingInfo></Event><Event xmlns='http://schemas.microsoft.com/win/2004/08/events/event'><System><Provider Name='Microsoft-Windows-Security-SPP' Guid='{E23B33B0-C8C9-472C-A5F9-F2BDFEA0F156}' EventSourceName='Software Protection Platform Service'/><EventID Qualifiers='16384'>1004</EventID><Version>0</Version><Level>4</Level><Task>0</Task><Opcode>0</Opcode><Keywords>0x80000000000000</Keywords><TimeCreated SystemTime='2025-06-02T16:47:28.5774584Z'/><EventRecordID>101</EventRecordID><Correlation/><Execution ProcessID='1148' ThreadID='0'/><Channel>Application</Channel><Computer>NIKOLAISMETBD82</Computer><Security/></System><EventData><Data>Windows(R) Publishing License (Public)</Data><Data>94396ff2-c87f-4b30-88e1-3dcabcf42dda</Data></EventData><RenderingInfo Culture='en-US'><Message>The Software Protection service has successfully installed the license.&#13;&#10;License Title=Windows(R) Publishing License (Public)&#13;&#10;License Id=94396ff2-c87f-4b30-88e1-3dcabcf42dda</Message><Level>Information</Level><Provider>Microsoft-Windows-Security-SPP</Provider><Keywords><Keyword>Classic</Keyword></Keywords></RenderingInfo></Event><Event xmlns='http://schemas.microsoft.com/win/2004/08/events/event'><System><Provider Name='Microsoft-Windows-Security-SPP' Guid='{E23B33B0-C8C9-472C-A5F9-F2BDFEA0F156}' EventSourceName='Software Protection Platform Service'/><EventID Qualifiers='16384'>1004</EventID><Version>0</Version><Level>4</Level><Task>0</Task><Opcode>0</Opcode><Keywords>0x80000000000000</Keywords><TimeCreated SystemTime='2025-06-02T16:47:28.5606359Z'/><EventRecordID>100</EventRecordID><Correlation/><Execution ProcessID='1148' ThreadID='0'/><Channel>Application</Channel><Computer>NIKOLAISMETBD82</Computer><Security/></System><EventData><Data>Windows(R) UL store License (Private)</Data><Data>3aa5428a-53ae-4943-afad-a4ac0682f6e9</Data></EventData><RenderingInfo Culture='en-US'><Message>The Software Protection service has successfully installed the license.&#13;&#10;License Title=Windows(R) UL store License (Private)&#13;&#10;License Id=3aa5428a-53ae-4943-afad-a4ac0682f6e9</Message><Level>Information</Level><Provider>Microsoft-Windows-Security-SPP</Provider><Keywords><Keyword>Classic</Keyword></Keywords></RenderingInfo></Event><Event xmlns='http://schemas.microsoft.com/win/2004/08/events/event'><System><Provider Name='Microsoft-Windows-Security-SPP' Guid='{E23B33B0-C8C9-472C-A5F9-F2BDFEA0F156}' EventSourceName='Software Protection Platform Service'/><EventID Qualifiers='16384'>1004</EventID><Version>0</Version><Level>4</Level><Task>0</Task><Opcode>0</Opcode><Keywords>0x80000000000000</Keywords><TimeCreated SystemTime='2025-06-02T16:47:28.5599948Z'/><EventRecordID>99</EventRecordID><Correlation/><Execution ProcessID='1148' ThreadID='0'/><Channel>Application</Channel><Computer>NIKOLAISMETBD82</Computer><Security/></System><EventData><Data>Windows(R) UL store License (Public)</Data><Data>a762c6e3-04b4-41dc-b047-82864ba18ebc</Data></EventData><RenderingInfo Culture='en-US'><Message>The Software Protection service has successfully installed the license.&#13;&#10;License Title=Windows(R) UL store License (Public)&#13;&#10;License Id=a762c6e3-04b4-41dc-b047-82864ba18ebc</Message><Level>Information</Level><Provider>Microsoft-Windows-Security-SPP</Provider><Keywords><Keyword>Classic</Keyword></Keywords></RenderingInfo></Event><Event xmlns='http://schemas.microsoft.com/win/2004/08/events/event'><System><Provider Name='Microsoft-Windows-Security-SPP' Guid='{E23B33B0-C8C9-472C-A5F9-F2BDFEA0F156}' EventSourceName='Software Protection Platform Service'/><EventID Qualifiers='16384'>1004</EventID><Version>0</Version><Level>4</Level><Task>0</Task><Opcode>0</Opcode><Keywords>0x80000000000000</Keywords><TimeCreated SystemTime='2025-06-02T16:47:28.5432303Z'/><EventRecordID>98</EventRecordID><Correlation/><Execution ProcessID='1148' ThreadID='0'/><Channel>Application</Channel><Computer>NIKOLAISMETBD82</Computer><Security/></System><EventData><Data>Windows(R) UL phone License (Private)</Data><Data>501eac29-0a81-4006-9a92-7ae5d50d3785</Data></EventData><RenderingInfo Culture='en-US'><Message>The Software Protection service has successfully installed the license.&#13;&#10;License Title=Windows(R) UL phone License (Private)&#13;&#10;License Id=501eac29-0a81-4006-9a92-7ae5d50d3785</Message><Level>Information</Level><Provider>Microsoft-Windows-Security-SPP</Provider><Keywords><Keyword>Classic</Keyword></Keywords></RenderingInfo></Event><Event xmlns='http://schemas.microsoft.com/win/2004/08/events/event'><System><Provider Name='Microsoft-Windows-Security-SPP' Guid='{E23B33B0-C8C9-472C-A5F9-F2BDFEA0F156}' EventSourceName='Software Protection Platform Service'/><EventID Qualifiers='16384'>1004</EventID><Version>0</Version><Level>4</Level><Task>0</Task><Opcode>0</Opcode><Keywords>0x80000000000000</Keywords><TimeCreated SystemTime='2025-06-02T16:47:28.5426369Z'/><EventRecordID>97</EventRecordID><Correlation/><Execution ProcessID='1148' ThreadID='0'/><Channel>Application</Channel><Computer>NIKOLAISMETBD82</Computer><Security/></System><EventData><Data>Windows(R) UL phone License (Public)</Data><Data>79c41e7a-eaf9-4fd1-9a48-e0cfbf1c8721</Data></EventData><RenderingInfo Culture='en-US'><Message>The Software Protection service has successfully installed the license.&#13;&#10;License Title=Windows(R) UL phone License (Public)&#13;&#10;License Id=79c41e7a-eaf9-4fd1-9a48-e0cfbf1c8721</Message><Level>Information</Level><Provider>Microsoft-Windows-Security-SPP</Provider><Keywords><Keyword>Classic</Keyword></Keywords></RenderingInfo></Event><Event xmlns='http://schemas.microsoft.com/win/2004/08/events/event'><System><Provider Name='Microsoft-Windows-Security-SPP' Guid='{E23B33B0-C8C9-472C-A5F9-F2BDFEA0F156}' EventSourceName='Software Protection Platform Service'/><EventID Qualifiers='16384'>1004</EventID><Version>0</Version><Level>4</Level><Task>0</Task><Opcode>0</Opcode><Keywords>0x80000000000000</Keywords><TimeCreated SystemTime='2025-06-02T16:47:28.5252930Z'/><EventRecordID>96</EventRecordID><Correlation/><Execution ProcessID='1148' ThreadID='0'/><Channel>Application</Channel><Computer>NIKOLAISMETBD82</Computer><Security/></System><EventData><Data>Windows(R) UL oob License (Private)</Data><Data>48ea71fa-8423-4fdd-b855-24c3cf4619c1</Data></EventData><RenderingInfo Culture='en-US'><Message>The Software Protection service has successfully installed the license.&#13;&#10;License Title=Windows(R) UL oob License (Private)&#13;&#10;License Id=48ea71fa-8423-4fdd-b855-24c3cf4619c1</Message><Level>Information</Level><Provider>Microsoft-Windows-Security-SPP</Provider><Keywords><Keyword>Classic</Keyword></Keywords></RenderingInfo></Event><Event xmlns='http://schemas.microsoft.com/win/2004/08/events/event'><System><Provider Name='Microsoft-Windows-Security-SPP' Guid='{E23B33B0-C8C9-472C-A5F9-F2BDFEA0F156}' EventSourceName='Software Protection Platform Service'/><EventID Qualifiers='16384'>1004</EventID><Version>0</Version><Level>4</Level><Task>0</Task><Opcode>0</Opcode><Keywords>0x80000000000000</Keywords><TimeCreated SystemTime='2025-06-02T16:47:28.5245981Z'/><EventRecordID>95</EventRecordID><Correlation/><Execution ProcessID='1148' ThreadID='0'/><Channel>Application</Channel><Computer>NIKOLAISMETBD82</Computer><Security/></System><EventData><Data>Windows(R) UL oob License (Public)</Data><Data>63defafe-439c-4e65-8393-516066605a84</Data></EventData><RenderingInfo Culture='en-US'><Message>The Software Protection service has successfully installed the license.&#13;&#10;License Title=Windows(R) UL oob License (Public)&#13;&#10;License Id=63defafe-439c-4e65-8393-516066605a84</Message><Level>Information</Level><Provider>Microsoft-Windows-Security-SPP</Provider><Keywords><Keyword>Classic</Keyword></Keywords></RenderingInfo></Event><Event xmlns='http://schemas.microsoft.com/win/2004/08/events/event'><System><Provider Name='Microsoft-Windows-Security-SPP' Guid='{E23B33B0-C8C9-472C-A5F9-F2BDFEA0F156}' EventSourceName='Software Protection Platform Service'/><EventID Qualifiers='16384'>1004</EventID><Version>0</Version><Level>4</Level><Task>0</Task><Opcode>0</Opcode><Keywords>0x80000000000000</Keywords><TimeCreated SystemTime='2025-06-02T16:47:28.5073935Z'/><EventRecordID>94</EventRecordID><Correlation/><Execution ProcessID='1148' ThreadID='0'/><Channel>Application</Channel><Computer>NIKOLAISMETBD82</Computer><Security/></System><EventData><Data>Windows(R) Publishing License (Private)</Data><Data>49799b14-e0cb-4599-ba16-c0e6d71f37f5</Data></EventData><RenderingInfo Culture='en-US'><Message>The Software Protection service has successfully installed the license.&#13;&#10;License Title=Windows(R) Publishing License (Private)&#13;&#10;License Id=49799b14-e0cb-4599-ba16-c0e6d71f37f5</Message><Level>Information</Level><Provider>Microsoft-Windows-Security-SPP</Provider><Keywords><Keyword>Classic</Keyword></Keywords></RenderingInfo></Event><Event xmlns='http://schemas.microsoft.com/win/2004/08/events/event'><System><Provider Name='Microsoft-Windows-Security-SPP' Guid='{E23B33B0-C8C9-472C-A5F9-F2BDFEA0F156}' EventSourceName='Software Protection Platform Service'/><EventID Qualifiers='16384'>1004</EventID><Version>0</Version><Level>4</Level><Task>0</Task><Opcode>0</Opcode><Keywords>0x80000000000000</Keywords><TimeCreated SystemTime='2025-06-02T16:47:28.5067151Z'/><EventRecordID>93</EventRecordID><Correlation/><Execution ProcessID='1148' ThreadID='0'/><Channel>Application</Channel><Computer>NIKOLAISMETBD82</Computer><Security/></System><EventData><Data>Windows(R) Publishing License (Public)</Data><Data>abf6460d-6f95-4c91-8762-6e2ea3af9b9d</Data></EventData><RenderingInfo Culture='en-US'><Message>The Software Protection service has successfully installed the license.&#13;&#10;License Title=Windows(R) Publishing License (Public)&#13;&#10;License Id=abf6460d-6f95-4c91-8762-6e2ea3af9b9d</Message><Level>Information</Level><Provider>Microsoft-Windows-Security-SPP</Provider><Keywords><Keyword>Classic</Keyword></Keywords></RenderingInfo></Event><Event xmlns='http://schemas.microsoft.com/win/2004/08/events/event'><System><Provider Name='Microsoft-Windows-Security-SPP' Guid='{E23B33B0-C8C9-472C-A5F9-F2BDFEA0F156}' EventSourceName='Software Protection Platform Service'/><EventID Qualifiers='16384'>1004</EventID><Version>0</Version><Level>4</Level><Task>0</Task><Opcode>0</Opcode><Keywords>0x80000000000000</Keywords><TimeCreated SystemTime='2025-06-02T16:47:28.4901635Z'/><EventRecordID>92</EventRecordID><Correlation/><Execution ProcessID='1148' ThreadID='0'/><Channel>Application</Channel><Computer>NIKOLAISMETBD82</Computer><Security/></System><EventData><Data>Windows(R) UL store License (Private)</Data><Data>e707219e-24c6-4ba0-a594-c5dc16a30462</Data></EventData><RenderingInfo Culture='en-US'><Message>The Software Protection service has successfully installed the license.&#13;&#10;License Title=Windows(R) UL store License (Private)&#13;&#10;License Id=e707219e-24c6-4ba0-a594-c5dc16a30462</Message><Level>Information</Level><Provider>Microsoft-Windows-Security-SPP</Provider><Keywords><Keyword>Classic</Keyword></Keywords></RenderingInfo></Event><Event xmlns='http://schemas.microsoft.com/win/2004/08/events/event'><System><Provider Name='Microsoft-Windows-Security-SPP' Guid='{E23B33B0-C8C9-472C-A5F9-F2BDFEA0F156}' EventSourceName='Software Protection Platform Service'/><EventID Qualifiers='16384'>1004</EventID><Version>0</Version><Level>4</Level><Task>0</Task><Opcode>0</Opcode><Keywords>0x80000000000000</Keywords><TimeCreated SystemTime='2025-06-02T16:47:28.4893660Z'/><EventRecordID>91</EventRecordID><Correlation/><Execution ProcessID='1148' ThreadID='0'/><Channel>Application</Channel><Computer>NIKOLAISMETBD82</Computer><Security/></System><EventData><Data>Windows(R) UL store License (Public)</Data><Data>5c137d57-b01f-4af3-a02f-3b1bd503ccdd</Data></EventData><RenderingInfo Culture='en-US'><Message>The Software Protection service has successfully installed the license.&#13;&#10;License Title=Windows(R) UL store License (Public)&#13;&#10;License Id=5c137d57-b01f-4af3-a02f-3b1bd503ccdd</Message><Level>Information</Level><Provider>Microsoft-Windows-Security-SPP</Provider><Keywords><Keyword>Classic</Keyword></Keywords></RenderingInfo></Event><Event xmlns='http://schemas.microsoft.com/win/2004/08/events/event'><System><Provider Name='Microsoft-Windows-Security-SPP' Guid='{E23B33B0-C8C9-472C-A5F9-F2BDFEA0F156}' EventSourceName='Software Protection Platform Service'/><EventID Qualifiers='16384'>1004</EventID><Version>0</Version><Level>4</Level><Task>0</Task><Opcode>0</Opcode><Keywords>0x80000000000000</Keywords><TimeCreated SystemTime='2025-06-02T16:47:28.4728325Z'/><EventRecordID>90</EventRecordID><Correlation/><Execution ProcessID='1148' ThreadID='0'/><Channel>Application</Channel><Computer>NIKOLAISMETBD82</Computer><Security/></System><EventData><Data>Windows(R) UL phone License (Private)</Data><Data>0d8d39eb-877a-48ae-b2a5-e6ef7b74768a</Data></EventData><RenderingInfo Culture='en-US'><Message>The Software Protection service has successfully installed the license.&#13;&#10;License Title=Windows(R) UL phone License (Private)&#13;&#10;License Id=0d8d39eb-877a-48ae-b2a5-e6ef7b74768a</Message><Level>Information</Level><Provider>Microsoft-Windows-Security-SPP</Provider><Keywords><Keyword>Classic</Keyword></Keywords></RenderingInfo></Event><Event xmlns='http://schemas.microsoft.com/win/2004/08/events/event'><System><Provider Name='Microsoft-Windows-Security-SPP' Guid='{E23B33B0-C8C9-472C-A5F9-F2BDFEA0F156}' EventSourceName='Software Protection Platform Service'/><EventID Qualifiers='16384'>1004</EventID><Version>0</Version><Level>4</Level><Task>0</Task><Opcode>0</Opcode><Keywords>0x80000000000000</Keywords><TimeCreated SystemTime='2025-06-02T16:47:28.4721180Z'/><EventRecordID>89</EventRecordID><Correlation/><Execution ProcessID='1148' ThreadID='0'/><Channel>Application</Channel><Computer>NIKOLAISMETBD82</Computer><Security/></System><EventData><Data>Windows(R) UL phone License (Public)</Data><Data>c5aadb45-97cf-4d5a-80af-d13cabdfd794</Data></EventData><RenderingInfo Culture='en-US'><Message>The Software Protection service has successfully installed the license.&#13;&#10;License Title=Windows(R) UL phone License (Public)&#13;&#10;License Id=c5aadb45-97cf-4d5a-80af-d13cabdfd794</Message><Level>Information</Level><Provider>Microsoft-Windows-Security-SPP</Provider><Keywords><Keyword>Classic</Keyword></Keywords></RenderingInfo></Event><Event xmlns='http://schemas.microsoft.com/win/2004/08/events/event'><System><Provider Name='Microsoft-Windows-Security-SPP' Guid='{E23B33B0-C8C9-472C-A5F9-F2BDFEA0F156}' EventSourceName='Software Protection Platform Service'/><EventID Qualifiers='16384'>1004</EventID><Version>0</Version><Level>4</Level><Task>0</Task><Opcode>0</Opcode><Keywords>0x80000000000000</Keywords><TimeCreated SystemTime='2025-06-02T16:47:28.4560399Z'/><EventRecordID>88</EventRecordID><Correlation/><Execution ProcessID='1148' ThreadID='0'/><Channel>Application</Channel><Computer>NIKOLAISMETBD82</Computer><Security/></System><EventData><Data>Windows(R) UL oob License (Private)</Data><Data>145c911b-9be2-4c9d-8055-c382d9cfbf6b</Data></EventData><RenderingInfo Culture='en-US'><Message>The Software Protection service has successfully installed the license.&#13;&#10;License Title=Windows(R) UL oob License (Private)&#13;&#10;License Id=145c911b-9be2-4c9d-8055-c382d9cfbf6b</Message><Level>Information</Level><Provider>Microsoft-Windows-Security-SPP</Provider><Keywords><Keyword>Classic</Keyword></Keywords></RenderingInfo></Event><Event xmlns='http://schemas.microsoft.com/win/2004/08/events/event'><System><Provider Name='Microsoft-Windows-Security-SPP' Guid='{E23B33B0-C8C9-472C-A5F9-F2BDFEA0F156}' EventSourceName='Software Protection Platform Service'/><EventID Qualifiers='16384'>1004</EventID><Version>0</Version><Level>4</Level><Task>0</Task><Opcode>0</Opcode><Keywords>0x80000000000000</Keywords><TimeCreated SystemTime='2025-06-02T16:47:28.4553372Z'/><EventRecordID>87</EventRecordID><Correlation/><Execution ProcessID='1148' ThreadID='0'/><Channel>Application</Channel><Computer>NIKOLAISMETBD82</Computer><Security/></System><EventData><Data>Windows(R) UL oob License (Public)</Data><Data>feb7e8e9-c572-42ad-a1b3-aa305567e262</Data></EventData><RenderingInfo Culture='en-US'><Message>The Software Protection service has successfully installed the license.&#13;&#10;License Title=Windows(R) UL oob License (Public)&#13;&#10;License Id=feb7e8e9-c572-42ad-a1b3-aa305567e262</Message><Level>Information</Level><Provider>Microsoft-Windows-Security-SPP</Provider><Keywords><Keyword>Classic</Keyword></Keywords></RenderingInfo></Event><Event xmlns='http://schemas.microsoft.com/win/2004/08/events/event'><System><Provider Name='Microsoft-Windows-Security-SPP' Guid='{E23B33B0-C8C9-472C-A5F9-F2BDFEA0F156}' EventSourceName='Software Protection Platform Service'/><EventID Qualifiers='16384'>1004</EventID><Version>0</Version><Level>4</Level><Task>0</Task><Opcode>0</Opcode><Keywords>0x80000000000000</Keywords><TimeCreated SystemTime='2025-06-02T16:47:28.4394077Z'/><EventRecordID>86</EventRecordID><Correlation/><Execution ProcessID='1148' ThreadID='0'/><Channel>Application</Channel><Computer>NIKOLAISMETBD82</Computer><Security/></System><EventData><Data>Windows(R) Publishing License (Private)</Data><Data>6d06a9c8-f672-49ca-aa31-2fbd938c7a12</Data></EventData><RenderingInfo Culture='en-US'><Message>The Software Protection service has successfully installed the license.&#13;&#10;License Title=Windows(R) Publishing License (Private)&#13;&#10;License Id=6d06a9c8-f672-49ca-aa31-2fbd938c7a12</Message><Level>Information</Level><Provider>Microsoft-Windows-Security-SPP</Provider><Keywords><Keyword>Classic</Keyword></Keywords></RenderingInfo></Event><Event xmlns='http://schemas.microsoft.com/win/2004/08/events/event'><System><Provider Name='Microsoft-Windows-Security-SPP' Guid='{E23B33B0-C8C9-472C-A5F9-F2BDFEA0F156}' EventSourceName='Software Protection Platform Service'/><EventID Qualifiers='16384'>1004</EventID><Version>0</Version><Level>4</Level><Task>0</Task><Opcode>0</Opcode><Keywords>0x80000000000000</Keywords><TimeCreated SystemTime='2025-06-02T16:47:28.4385590Z'/><EventRecordID>85</EventRecordID><Correlation/><Execution ProcessID='1148' ThreadID='0'/><Channel>Application</Channel><Computer>NIKOLAISMETBD82</Computer><Security/></System><EventData><Data>Windows(R) Publishing License (Public)</Data><Data>875d9b65-23af-425b-b8d4-f35e25da2878</Data></EventData><RenderingInfo Culture='en-US'><Message>The Software Protection service has successfully installed the license.&#13;&#10;License Title=Windows(R) Publishing License (Public)&#13;&#10;License Id=875d9b65-23af-425b-b8d4-f35e25da2878</Message><Level>Information</Level><Provider>Microsoft-Windows-Security-SPP</Provider><Keywords><Keyword>Classic</Keyword></Keywords></RenderingInfo></Event><Event xmlns='http://schemas.microsoft.com/win/2004/08/events/event'><System><Provider Name='Microsoft-Windows-Security-SPP' Guid='{E23B33B0-C8C9-472C-A5F9-F2BDFEA0F156}' EventSourceName='Software Protection Platform Service'/><EventID Qualifiers='16384'>1004</EventID><Version>0</Version><Level>4</Level><Task>0</Task><Opcode>0</Opcode><Keywords>0x80000000000000</Keywords><TimeCreated SystemTime='2025-06-02T16:47:28.4233456Z'/><EventRecordID>84</EventRecordID><Correlation/><Execution ProcessID='1148' ThreadID='0'/><Channel>Application</Channel><Computer>NIKOLAISMETBD82</Computer><Security/></System><EventData><Data>Windows(R) UL store License (Private)</Data><Data>cdd210c1-43c4-4ed8-b745-39f281de2369</Data></EventData><RenderingInfo Culture='en-US'><Message>The Software Protection service has successfully installed the license.&#13;&#10;License Title=Windows(R) UL store License (Private)&#13;&#10;License Id=cdd210c1-43c4-4ed8-b745-39f281de2369</Message><Level>Information</Level><Provider>Microsoft-Windows-Security-SPP</Provider><Keywords><Keyword>Classic</Keyword></Keywords></RenderingInfo></Event><Event xmlns='http://schemas.microsoft.com/win/2004/08/events/event'><System><Provider Name='Microsoft-Windows-Security-SPP' Guid='{E23B33B0-C8C9-472C-A5F9-F2BDFEA0F156}' EventSourceName='Software Protection Platform Service'/><EventID Qualifiers='16384'>1004</EventID><Version>0</Version><Level>4</Level><Task>0</Task><Opcode>0</Opcode><Keywords>0x80000000000000</Keywords><TimeCreated SystemTime='2025-06-02T16:47:28.4227017Z'/><EventRecordID>83</EventRecordID><Correlation/><Execution ProcessID='1148' ThreadID='0'/><Channel>Application</Channel><Computer>NIKOLAISMETBD82</Computer><Security/></System><EventData><Data>Windows(R) UL store License (Public)</Data><Data>2a7b95ed-f5bf-4528-b44f-6d295f74016f</Data></EventData><RenderingInfo Culture='en-US'><Message>The Software Protection service has successfully installed the license.&#13;&#10;License Title=Windows(R) UL store License (Public)&#13;&#10;License Id=2a7b95ed-f5bf-4528-b44f-6d295f74016f</Message><Level>Information</Level><Provider>Microsoft-Windows-Security-SPP</Provider><Keywords><Keyword>Classic</Keyword></Keywords></RenderingInfo></Event>