<Event xmlns='http://schemas.microsoft.com/win/2004/08/events/event'><System><Provider Name='Microsoft-Windows-Security-SPP' Guid='{E23B33B0-C8C9-472C-A5F9-F2BDFEA0F156}' EventSourceName='Software Protection Platform Service'/><EventID Qualifiers='16384'>1004</EventID><Version>0</Version><Level>4</Level><Task>0</Task><Opcode>0</Opcode><Keywords>0x80000000000000</Keywords><TimeCreated SystemTime='2025-06-02T16:47:29.8279612Z'/><EventRecordID>214</EventRecordID><Correlation/><Execution ProcessID='1148' ThreadID='0'/><Channel>Application</Channel><Computer>NIKOLAISMETBD82</Computer><Security/></System><EventData><Data>Windows(R) UL oob License (Public)</Data><Data>c547d7bb-8f4c-4180-bfe0-71df02b1638d</Data></EventData><RenderingInfo Culture='en-US'><Message>The Software Protection service has successfully installed the license.&#13;&#10;License Title=Windows(R) UL oob License (Public)&#13;&#10;License Id=c547d7bb-8f4c-4180-bfe0-71df02b1638d</Message><Level>Information</Level><Provider>Microsoft-Windows-Security-SPP</Provider><Keywords><Keyword>Classic</Keyword></Keywords></RenderingInfo></Event><Event xmlns='http://schemas.microsoft.com/win/2004/08/events/event'><System><Provider Name='Microsoft-Windows-Security-SPP' Guid='{E23B33B0-C8C9-472C-A5F9-F2BDFEA0F156}' EventSourceName='Software Protection Platform Service'/><EventID Qualifiers='16384'>1004</EventID><Version>0</Version><Level>4</Level><Task>0</Task><Opcode>0</Opcode><Keywords>0x80000000000000</Keywords><TimeCreated SystemTime='2025-06-02T16:47:29.8045412Z'/><EventRecordID>213</EventRecordID><Correlation/><Execution ProcessID='1148' ThreadID='0'/><Channel>Application</Channel><Computer>NIKOLAISMETBD82</Computer><Security/></System><EventData><Data>Windows(R) UL store License (Private)</Data><Data>4e5c2db3-51a1-4254-a9b4-a4329303128d</Data></EventData><RenderingInfo Culture='en-US'><Message>The Software Protection service has successfully installed the license.&#13;&#10;License Title=Windows(R) UL store License (Private)&#13;&#10;License Id=4e5c2db3-51a1-4254-a9b4-a4329303128d</Message><Level>Information</Level><Provider>Microsoft-Windows-Security-SPP</Provider><Keywords><Keyword>Classic</Keyword></Keywords></RenderingInfo></Event><Event xmlns='http://schemas.microsoft.com/win/2004/08/events/event'><System><Provider Name='Microsoft-Windows-Security-SPP' Guid='{E23B33B0-C8C9-472C-A5F9-F2BDFEA0F156}' EventSourceName='Software Protection Platform Service'/><EventID Qualifiers='16384'>1004</EventID><Version>0</Version><Level>4</Level><Task>0</Task><Opcode>0</Opcode><Keywords>0x80000000000000</Keywords><TimeCreated SystemTime='2025-06-02T16:47:29.8036473Z'/><EventRecordID>212</EventRecordID><Correlation/><Execution ProcessID='1148' ThreadID='0'/><Channel>Application</Channel><Computer>NIKOLAISMETBD82</Computer><Security/></System><EventData><Data>Windows(R) UL store License (Public)</Data><Data>1ad0033d-1451-4b4b-b1ed-e0a31dcaf2df</Data></EventData><RenderingInfo Culture='en-US'><Message>The Software Protection service has successfully installed the license.&#13;&#10;License Title=Windows(R) UL store License (Public)&#13;&#10;License Id=1ad0033d-1451-4b4b-b1ed-e0a31dcaf2df</Message><Level>Information</Level><Provider>Microsoft-Windows-Security-SPP</Provider><Keywords><Keyword>Classic</Keyword></Keywords></RenderingInfo></Event><Event xmlns='http://schemas.microsoft.com/win/2004/08/events/event'><System><Provider Name='Microsoft-Windows-Security-SPP' Guid='{E23B33B0-C8C9-472C-A5F9-F2BDFEA0F156}' EventSourceName='Software Protection Platform Service'/><EventID Qualifiers='16384'>1004</EventID><Version>0</Version><Level>4</Level><Task>0</Task><Opcode>0</Opcode><Keywords>0x80000000000000</Keywords><TimeCreated SystemTime='2025-06-02T16:47:29.7812104Z'/><EventRecordID>211</EventRecordID><Correlation/><Execution ProcessID='1148' ThreadID='0'/><Channel>Application</Channel><Computer>NIKOLAISMETBD82</Computer><Security/></System><EventData><Data>Windows(R) UL phone License (Private)</Data><Data>bb7e3470-34d7-4dfc-8238-f327b0e1eaa1</Data></EventData><RenderingInfo Culture='en-US'><Message>The Software Protection service has successfully installed the license.&#13;&#10;License Title=Windows(R) UL phone License (Private)&#13;&#10;License Id=bb7e3470-34d7-4dfc-8238-f327b0e1eaa1</Message><Level>Information</Level><Provider>Microsoft-Windows-Security-SPP</Provider><Keywords><Keyword>Classic</Keyword></Keywords></RenderingInfo></Event><Event xmlns='http://schemas.microsoft.com/win/2004/08/events/event'><System><Provider Name='Microsoft-Windows-Security-SPP' Guid='{E23B33B0-C8C9-472C-A5F9-F2BDFEA0F156}' EventSourceName='Software Protection Platform Service'/><EventID Qualifiers='16384'>1004</EventID><Version>0</Version><Level>4</Level><Task>0</Task><Opcode>0</Opcode><Keywords>0x80000000000000</Keywords><TimeCreated SystemTime='2025-06-02T16:47:29.7804548Z'/><EventRecordID>210</EventRecordID><Correlation/><Execution ProcessID='1148' ThreadID='0'/><Channel>Application</Channel><Computer>NIKOLAISMETBD82</Computer><Security/></System><EventData><Data>Windows(R) UL phone License (Public)</Data><Data>b5b833dd-6c3c-4eb3-9497-a9781d1c8113</Data></EventData><RenderingInfo Culture='en-US'><Message>The Software Protection service has successfully installed the license.&#13;&#10;License Title=Windows(R) UL phone License (Public)&#13;&#10;License Id=b5b833dd-6c3c-4eb3-9497-a9781d1c8113</Message><Level>Information</Level><Provider>Microsoft-Windows-Security-SPP</Provider><Keywords><Keyword>Classic</Keyword></Keywords></RenderingInfo></Event><Event xmlns='http://schemas.microsoft.com/win/2004/08/events/event'><System><Provider Name='Microsoft-Windows-Security-SPP' Guid='{E23B33B0-C8C9-472C-A5F9-F2BDFEA0F156}' EventSourceName='Software Protection Platform Service'/><EventID Qualifiers='16384'>1004</EventID><Version>0</Version><Level>4</Level><Task>0</Task><Opcode>0</Opcode><Keywords>0x80000000000000</Keywords><TimeCreated SystemTime='2025-06-02T16:47:29.7557174Z'/><EventRecordID>209</EventRecordID><Correlation/><Execution ProcessID='1148' ThreadID='0'/><Channel>Application</Channel><Computer>NIKOLAISMETBD82</Computer><Security/></System><EventData><Data>Windows(R) UL oob License (Private)</Data><Data>d23670a3-bdaa-4840-bf48-79e2baa0286a</Data></EventData><RenderingInfo Culture='en-US'><Message>The Software Protection service has successfully installed the license.&#13;&#10;License Title=Windows(R) UL oob License (Private)&#13;&#10;License Id=d23670a3-bdaa-4840-bf48-79e2baa0286a</Message><Level>Information</Level><Provider>Microsoft-Windows-Security-SPP</Provider><Keywords><Keyword>Classic</Keyword></Keywords></RenderingInfo></Event><Event xmlns='http://schemas.microsoft.com/win/2004/08/events/event'><System><Provider Name='Microsoft-Windows-Security-SPP' Guid='{E23B33B0-C8C9-472C-A5F9-F2BDFEA0F156}' EventSourceName='Software Protection Platform Service'/><EventID Qualifiers='16384'>1004</EventID><Version>0</Version><Level>4</Level><Task>0</Task><Opcode>0</Opcode><Keywords>0x80000000000000</Keywords><TimeCreated SystemTime='2025-06-02T16:47:29.7550442Z'/><EventRecordID>208</EventRecordID><Correlation/><Execution ProcessID='1148' ThreadID='0'/><Channel>Application</Channel><Computer>NIKOLAISMETBD82</Computer><Security/></System><EventData><Data>Windows(R) UL oob License (Public)</Data><Data>427fa7ab-0fb6-4d03-822f-a6f6f7c1043f</Data></EventData><RenderingInfo Culture='en-US'><Message>The Software Protection service has successfully installed the license.&#13;&#10;License Title=Windows(R) UL oob License (Public)&#13;&#10;License Id=427fa7ab-0fb6-4d03-822f-a6f6f7c1043f</Message><Level>Information</Level><Provider>Microsoft-Windows-Security-SPP</Provider><Keywords><Keyword>Classic</Keyword></Keywords></RenderingInfo></Event><Event xmlns='http://schemas.microsoft.com/win/2004/08/events/event'><System><Provider Name='Microsoft-Windows-Security-SPP' Guid='{E23B33B0-C8C9-472C-A5F9-F2BDFEA0F156}' EventSourceName='Software Protection Platform Service'/><EventID Qualifiers='16384'>1004</EventID><Version>0</Version><Level>4</Level><Task>0</Task><Opcode>0</Opcode><Keywords>0x80000000000000</Keywords><TimeCreated SystemTime='2025-06-02T16:47:29.7324193Z'/><EventRecordID>207</EventRecordID><Correlation/><Execution ProcessID='1148' ThreadID='0'/><Channel>Application</Channel><Computer>NIKOLAISMETBD82</Computer><Security/></System><EventData><Data>Windows(R) Publishing License (Private)</Data><Data>768f5377-6dc1-4d98-aff0-cd3eb85ed324</Data></EventData><RenderingInfo Culture='en-US'><Message>The Software Protection service has successfully installed the license.&#13;&#10;License Title=Windows(R) Publishing License (Private)&#13;&#10;License Id=768f5377-6dc1-4d98-aff0-cd3eb85ed324</Message><Level>Information</Level><Provider>Microsoft-Windows-Security-SPP</Provider><Keywords><Keyword>Classic</Keyword></Keywords></RenderingInfo></Event><Event xmlns='http://schemas.microsoft.com/win/2004/08/events/event'><System><Provider Name='Microsoft-Windows-Security-SPP' Guid='{E23B33B0-C8C9-472C-A5F9-F2BDFEA0F156}' EventSourceName='Software Protection Platform Service'/><EventID Qualifiers='16384'>1004</EventID><Version>0</Version><Level>4</Level><Task>0</Task><Opcode>0</Opcode><Keywords>0x80000000000000</Keywords><TimeCreated SystemTime='2025-06-02T16:47:29.7317734Z'/><EventRecordID>206</EventRecordID><Correlation/><Execution ProcessID='1148' ThreadID='0'/><Channel>Application</Channel><Computer>NIKOLAISMETBD82</Computer><Security/></System><EventData><Data>Windows(R) Publishing License (Public)</Data><Data>36c5dc71-abda-4e13-8dcc-7ef60b89c7ae</Data></EventData><RenderingInfo Culture='en-US'><Message>The Software Protection service has successfully installed the license.&#13;&#10;License Title=Windows(R) Publishing License (Public)&#13;&#10;License Id=36c5dc71-abda-4e13-8dcc-7ef60b89c7ae</Message><Level>Information</Level><Provider>Microsoft-Windows-Security-SPP</Provider><Keywords><Keyword>Classic</Keyword></Keywords></RenderingInfo></Event><Event xmlns='http://schemas.microsoft.com/win/2004/08/events/event'><System><Provider Name='Microsoft-Windows-Security-SPP' Guid='{E23B33B0-C8C9-472C-A5F9-F2BDFEA0F156}' EventSourceName='Software Protection Platform Service'/><EventID Qualifiers='16384'>1004</EventID><Version>0</Version><Level>4</Level><Task>0</Task><Opcode>0</Opcode><Keywords>0x80000000000000</Keywords><TimeCreated SystemTime='2025-06-02T16:47:29.7083044Z'/><EventRecordID>205</EventRecordID><Correlation/><Execution ProcessID='1148' ThreadID='0'/><Channel>Application</Channel><Computer>NIKOLAISMETBD82</Computer><Security/></System><EventData><Data>Windows(R) UL store License (Private)</Data><Data>8c0d38fb-ba9f-470d-b797-09657773cbf3</Data></EventData><RenderingInfo Culture='en-US'><Message>The Software Protection service has successfully installed the license.&#13;&#10;License Title=Windows(R) UL store License (Private)&#13;&#10;License Id=8c0d38fb-ba9f-470d-b797-09657773cbf3</Message><Level>Information</Level><Provider>Microsoft-Windows-Security-SPP</Provider><Keywords><Keyword>Classic</Keyword></Keywords></RenderingInfo></Event><Event xmlns='http://schemas.microsoft.com/win/2004/08/events/event'><System><Provider Name='Microsoft-Windows-Security-SPP' Guid='{E23B33B0-C8C9-472C-A5F9-F2BDFEA0F156}' EventSourceName='Software Protection Platform Service'/><EventID Qualifiers='16384'>1004</EventID><Version>0</Version><Level>4</Level><Task>0</Task><Opcode>0</Opcode><Keywords>0x80000000000000</Keywords><TimeCreated SystemTime='2025-06-02T16:47:29.7075005Z'/><EventRecordID>204</EventRecordID><Correlation/><Execution ProcessID='1148' ThreadID='0'/><Channel>Application</Channel><Computer>NIKOLAISMETBD82</Computer><Security/></System><EventData><Data>Windows(R) UL store License (Public)</Data><Data>760b6a26-ed84-4dee-9db2-d75bf75f0722</Data></EventData><RenderingInfo Culture='en-US'><Message>The Software Protection service has successfully installed the license.&#13;&#10;License Title=Windows(R) UL store License (Public)&#13;&#10;License Id=760b6a26-ed84-4dee-9db2-d75bf75f0722</Message><Level>Information</Level><Provider>Microsoft-Windows-Security-SPP</Provider><Keywords><Keyword>Classic</Keyword></Keywords></RenderingInfo></Event><Event xmlns='http://schemas.microsoft.com/win/2004/08/events/event'><System><Provider Name='Microsoft-Windows-Security-SPP' Guid='{E23B33B0-C8C9-472C-A5F9-F2BDFEA0F156}' EventSourceName='Software Protection Platform Service'/><EventID Qualifiers='16384'>1004</EventID><Version>0</Version><Level>4</Level><Task>0</Task><Opcode>0</Opcode><Keywords>0x80000000000000</Keywords><TimeCreated SystemTime='2025-06-02T16:47:29.6821114Z'/><EventRecordID>203</EventRecordID><Correlation/><Execution ProcessID='1148' ThreadID='0'/><Channel>Application</Channel><Computer>NIKOLAISMETBD82</Computer><Security/></System><EventData><Data>Windows(R) UL phone License (Private)</Data><Data>8cff41af-8987-402a-91cf-1d050b515a9d</Data></EventData><RenderingInfo Culture='en-US'><Message>The Software Protection service has successfully installed the license.&#13;&#10;License Title=Windows(R) UL phone License (Private)&#13;&#10;License Id=8cff41af-8987-402a-91cf-1d050b515a9d</Message><Level>Information</Level><Provider>Microsoft-Windows-Security-SPP</Provider><Keywords><Keyword>Classic</Keyword></Keywords></RenderingInfo></Event><Event xmlns='http://schemas.microsoft.com/win/2004/08/events/event'><System><Provider Name='Microsoft-Windows-Security-SPP' Guid='{E23B33B0-C8C9-472C-A5F9-F2BDFEA0F156}' EventSourceName='Software Protection Platform Service'/><EventID Qualifiers='16384'>1004</EventID><Version>0</Version><Level>4</Level><Task>0</Task><Opcode>0</Opcode><Keywords>0x80000000000000</Keywords><TimeCreated SystemTime='2025-06-02T16:47:29.6813013Z'/><EventRecordID>202</EventRecordID><Correlation/><Execution ProcessID='1148' ThreadID='0'/><Channel>Application</Channel><Computer>NIKOLAISMETBD82</Computer><Security/></System><EventData><Data>Windows(R) UL phone License (Public)</Data><Data>42d4d593-aa6c-425e-b452-15fce67eab2a</Data></EventData><RenderingInfo Culture='en-US'><Message>The Software Protection service has successfully installed the license.&#13;&#10;License Title=Windows(R) UL phone License (Public)&#13;&#10;License Id=42d4d593-aa6c-425e-b452-15fce67eab2a</Message><Level>Information</Level><Provider>Microsoft-Windows-Security-SPP</Provider><Keywords><Keyword>Classic</Keyword></Keywords></RenderingInfo></Event><Event xmlns='http://schemas.microsoft.com/win/2004/08/events/event'><System><Provider Name='Microsoft-Windows-Security-SPP' Guid='{E23B33B0-C8C9-472C-A5F9-F2BDFEA0F156}' EventSourceName='Software Protection Platform Service'/><EventID Qualifiers='16384'>1004</EventID><Version>0</Version><Level>4</Level><Task>0</Task><Opcode>0</Opcode><Keywords>0x80000000000000</Keywords><TimeCreated SystemTime='2025-06-02T16:47:29.6541107Z'/><EventRecordID>201</EventRecordID><Correlation/><Execution ProcessID='1148' ThreadID='0'/><Channel>Application</Channel><Computer>NIKOLAISMETBD82</Computer><Security/></System><EventData><Data>Windows(R) UL oob License (Private)</Data><Data>b0d9dd25-6679-4fa2-9d52-f01860472703</Data></EventData><RenderingInfo Culture='en-US'><Message>The Software Protection service has successfully installed the license.&#13;&#10;License Title=Windows(R) UL oob License (Private)&#13;&#10;License Id=b0d9dd25-6679-4fa2-9d52-f01860472703</Message><Level>Information</Level><Provider>Microsoft-Windows-Security-SPP</Provider><Keywords><Keyword>Classic</Keyword></Keywords></RenderingInfo></Event><Event xmlns='http://schemas.microsoft.com/win/2004/08/events/event'><System><Provider Name='Microsoft-Windows-Security-SPP' Guid='{E23B33B0-C8C9-472C-A5F9-F2BDFEA0F156}' EventSourceName='Software Protection Platform Service'/><EventID Qualifiers='16384'>1004</EventID><Version>0</Version><Level>4</Level><Task>0</Task><Opcode>0</Opcode><Keywords>0x80000000000000</Keywords><TimeCreated SystemTime='2025-06-02T16:47:29.6534123Z'/><EventRecordID>200</EventRecordID><Correlation/><Execution ProcessID='1148' ThreadID='0'/><Channel>Application</Channel><Computer>NIKOLAISMETBD82</Computer><Security/></System><EventData><Data>Windows(R) UL oob License (Public)</Data><Data>82c55191-2f25-4933-b869-45243fe27b04</Data></EventData><RenderingInfo Culture='en-US'><Message>The Software Protection service has successfully installed the license.&#13;&#10;License Title=Windows(R) UL oob License (Public)&#13;&#10;License Id=82c55191-2f25-4933-b869-45243fe27b04</Message><Level>Information</Level><Provider>Microsoft-Windows-Security-SPP</Provider><Keywords><Keyword>Classic</Keyword></Keywords></RenderingInfo></Event><Event xmlns='http://schemas.microsoft.com/win/2004/08/events/event'><System><Provider Name='Microsoft-Windows-Security-SPP' Guid='{E23B33B0-C8C9-472C-A5F9-F2BDFEA0F156}' EventSourceName='Software Protection Platform Service'/><EventID Qualifiers='16384'>1004</EventID><Version>0</Version><Level>4</Level><Task>0</Task><Opcode>0</Opcode><Keywords>0x80000000000000</Keywords><TimeCreated SystemTime='2025-06-02T16:47:29.6265364Z'/><EventRecordID>199</EventRecordID><Correlation/><Execution ProcessID='1148' ThreadID='0'/><Channel>Application</Channel><Computer>NIKOLAISMETBD82</Computer><Security/></System><EventData><Data>Windows(R) Publishing License (Private)</Data><Data>d370fa73-40c2-40ad-9128-3fd0279c9245</Data></EventData><RenderingInfo Culture='en-US'><Message>The Software Protection service has successfully installed the license.&#13;&#10;License Title=Windows(R) Publishing License (Private)&#13;&#10;License Id=d370fa73-40c2-40ad-9128-3fd0279c9245</Message><Level>Information</Level><Provider>Microsoft-Windows-Security-SPP</Provider><Keywords><Keyword>Classic</Keyword></Keywords></RenderingInfo></Event><Event xmlns='http://schemas.microsoft.com/win/2004/08/events/event'><System><Provider Name='Microsoft-Windows-Security-SPP' Guid='{E23B33B0-C8C9-472C-A5F9-F2BDFEA0F156}' EventSourceName='Software Protection Platform Service'/><EventID Qualifiers='16384'>1004</EventID><Version>0</Version><Level>4</Level><Task>0</Task><Opcode>0</Opcode><Keywords>0x80000000000000</Keywords><TimeCreated SystemTime='2025-06-02T16:47:29.6256249Z'/><EventRecordID>198</EventRecordID><Correlation/><Execution ProcessID='1148' ThreadID='0'/><Channel>Application</Channel><Computer>NIKOLAISMETBD82</Computer><Security/></System><EventData><Data>Windows(R) Publishing License (Public)</Data><Data>932dfcba-1b2b-4748-8912-9d8722c8d76d</Data></EventData><RenderingInfo Culture='en-US'><Message>The Software Protection service has successfully installed the license.&#13;&#10;License Title=Windows(R) Publishing License (Public)&#13;&#10;License Id=932dfcba-1b2b-4748-8912-9d8722c8d76d</Message><Level>Information</Level><Provider>Microsoft-Windows-Security-SPP</Provider><Keywords><Keyword>Classic</Keyword></Keywords></RenderingInfo></Event><Event xmlns='http://schemas.microsoft.com/win/2004/08/events/event'><System><Provider Name='Microsoft-Windows-Security-SPP' Guid='{E23B33B0-C8C9-472C-A5F9-F2BDFEA0F156}' EventSourceName='Software Protection Platform Service'/><EventID Qualifiers='16384'>1004</EventID><Version>0</Version><Level>4</Level><Task>0</Task><Opcode>0</Opcode><Keywords>0x80000000000000</Keywords><TimeCreated SystemTime='2025-06-02T16:47:29.6036041Z'/><EventRecordID>197</EventRecordID><Correlation/><Execution ProcessID='1148' ThreadID='0'/><Channel>Application</Channel><Computer>NIKOLAISMETBD82</Computer><Security/></System><EventData><Data>Windows(R) UL store License (Private)</Data><Data>44796a26-3b02-4dfe-a974-9efac950450f</Data></EventData><RenderingInfo Culture='en-US'><Message>The Software Protection service has successfully installed the license.&#13;&#10;License Title=Windows(R) UL store License (Private)&#13;&#10;License Id=44796a26-3b02-4dfe-a974-9efac950450f</Message><Level>Information</Level><Provider>Microsoft-Windows-Security-SPP</Provider><Keywords><Keyword>Classic</Keyword></Keywords></RenderingInfo></Event><Event xmlns='http://schemas.microsoft.com/win/2004/08/events/event'><System><Provider Name='Microsoft-Windows-Security-SPP' Guid='{E23B33B0-C8C9-472C-A5F9-F2BDFEA0F156}' EventSourceName='Software Protection Platform Service'/><EventID Qualifiers='16384'>1004</EventID><Version>0</Version><Level>4</Level><Task>0</Task><Opcode>0</Opcode><Keywords>0x80000000000000</Keywords><TimeCreated SystemTime='2025-06-02T16:47:29.6024520Z'/><EventRecordID>196</EventRecordID><Correlation/><Execution ProcessID='1148' ThreadID='0'/><Channel>Application</Channel><Computer>NIKOLAISMETBD82</Computer><Security/></System><EventData><Data>Windows(R) UL store License (Public)</Data><Data>04c1dfc8-5dfc-4cd4-afb0-a8ee102cf6eb</Data></EventData><RenderingInfo Culture='en-US'><Message>The Software Protection service has successfully installed the license.&#13;&#10;License Title=Windows(R) UL store License (Public)&#13;&#10;License Id=04c1dfc8-5dfc-4cd4-afb0-a8ee102cf6eb</Message><Level>Information</Level><Provider>Microsoft-Windows-Security-SPP</Provider><Keywords><Keyword>Classic</Keyword></Keywords></RenderingInfo></Event><Event xmlns='http://schemas.microsoft.com/win/2004/08/events/event'><System><Provider Name='Microsoft-Windows-Security-SPP' Guid='{E23B33B0-C8C9-472C-A5F9-F2BDFEA0F156}' EventSourceName='Software Protection Platform Service'/><EventID Qualifiers='16384'>1004</EventID><Version>0</Version><Level>4</Level><Task>0</Task><Opcode>0</Opcode><Keywords>0x80000000000000</Keywords><TimeCreated SystemTime='2025-06-02T16:47:29.5774488Z'/><EventRecordID>195</EventRecordID><Correlation/><Execution ProcessID='1148' ThreadID='0'/><Channel>Application</Channel><Computer>NIKOLAISMETBD82</Computer><Security/></System><EventData><Data>Windows(R) UL phone License (Private)</Data><Data>fc854d65-562c-469b-acc7-112767583525</Data></EventData><RenderingInfo Culture='en-US'><Message>The Software Protection service has successfully installed the license.&#13;&#10;License Title=Windows(R) UL phone License (Private)&#13;&#10;License Id=fc854d65-562c-469b-acc7-112767583525</Message><Level>Information</Level><Provider>Microsoft-Windows-Security-SPP</Provider><Keywords><Keyword>Classic</Keyword></Keywords></RenderingInfo></Event><Event xmlns='http://schemas.microsoft.com/win/2004/08/events/event'><System><Provider Name='Microsoft-Windows-Security-SPP' Guid='{E23B33B0-C8C9-472C-A5F9-F2BDFEA0F156}' EventSourceName='Software Protection Platform Service'/><EventID Qualifiers='16384'>1004</EventID><Version>0</Version><Level>4</Level><Task>0</Task><Opcode>0</Opcode><Keywords>0x80000000000000</Keywords><TimeCreated SystemTime='2025-06-02T16:47:29.5765029Z'/><EventRecordID>194</EventRecordID><Correlation/><Execution ProcessID='1148' ThreadID='0'/><Channel>Application</Channel><Computer>NIKOLAISMETBD82</Computer><Security/></System><EventData><Data>Windows(R) UL phone License (Public)</Data><Data>8e26884e-878c-42e8-a63f-46796650f76a</Data></EventData><RenderingInfo Culture='en-US'><Message>The Software Protection service has successfully installed the license.&#13;&#10;License Title=Windows(R) UL phone License (Public)&#13;&#10;License Id=8e26884e-878c-42e8-a63f-46796650f76a</Message><Level>Information</Level><Provider>Microsoft-Windows-Security-SPP</Provider><Keywords><Keyword>Classic</Keyword></Keywords></RenderingInfo></Event><Event xmlns='http://schemas.microsoft.com/win/2004/08/events/event'><System><Provider Name='Microsoft-Windows-Security-SPP' Guid='{E23B33B0-C8C9-472C-A5F9-F2BDFEA0F156}' EventSourceName='Software Protection Platform Service'/><EventID Qualifiers='16384'>1004</EventID><Version>0</Version><Level>4</Level><Task>0</Task><Opcode>0</Opcode><Keywords>0x80000000000000</Keywords><TimeCreated SystemTime='2025-06-02T16:47:29.5516988Z'/><EventRecordID>193</EventRecordID><Correlation/><Execution ProcessID='1148' ThreadID='0'/><Channel>Application</Channel><Computer>NIKOLAISMETBD82</Computer><Security/></System><EventData><Data>Windows(R) UL oob License (Private)</Data><Data>1b3c5b13-9213-4181-90c0-0655e970ee2b</Data></EventData><RenderingInfo Culture='en-US'><Message>The Software Protection service has successfully installed the license.&#13;&#10;License Title=Windows(R) UL oob License (Private)&#13;&#10;License Id=1b3c5b13-9213-4181-90c0-0655e970ee2b</Message><Level>Information</Level><Provider>Microsoft-Windows-Security-SPP</Provider><Keywords><Keyword>Classic</Keyword></Keywords></RenderingInfo></Event><Event xmlns='http://schemas.microsoft.com/win/2004/08/events/event'><System><Provider Name='Microsoft-Windows-Security-SPP' Guid='{E23B33B0-C8C9-472C-A5F9-F2BDFEA0F156}' EventSourceName='Software Protection Platform Service'/><EventID Qualifiers='16384'>1004</EventID><Version>0</Version><Level>4</Level><Task>0</Task><Opcode>0</Opcode><Keywords>0x80000000000000</Keywords><TimeCreated SystemTime='2025-06-02T16:47:29.5510534Z'/><EventRecordID>192</EventRecordID><Correlation/><Execution ProcessID='1148' ThreadID='0'/><Channel>Application</Channel><Computer>NIKOLAISMETBD82</Computer><Security/></System><EventData><Data>Windows(R) UL oob License (Public)</Data><Data>8071558c-f687-429b-912f-9f458e96f075</Data></EventData><RenderingInfo Culture='en-US'><Message>The Software Protection service has successfully installed the license.&#13;&#10;License Title=Windows(R) UL oob License (Public)&#13;&#10;License Id=8071558c-f687-429b-912f-9f458e96f075</Message><Level>Information</Level><Provider>Microsoft-Windows-Security-SPP</Provider><Keywords><Keyword>Classic</Keyword></Keywords></RenderingInfo></Event><Event xmlns='http://schemas.microsoft.com/win/2004/08/events/event'><System><Provider Name='Microsoft-Windows-Security-SPP' Guid='{E23B33B0-C8C9-472C-A5F9-F2BDFEA0F156}' EventSourceName='Software Protection Platform Service'/><EventID Qualifiers='16384'>1004</EventID><Version>0</Version><Level>4</Level><Task>0</Task><Opcode>0</Opcode><Keywords>0x80000000000000</Keywords><TimeCreated SystemTime='2025-06-02T16:47:29.5271929Z'/><EventRecordID>191</EventRecordID><Correlation/><Execution ProcessID='1148' ThreadID='0'/><Channel>Application</Channel><Computer>NIKOLAISMETBD82</Computer><Security/></System><EventData><Data>Windows(R) Publishing License (Private)</Data><Data>a0e1335c-36c9-481d-91fd-69c91a7bbc4f</Data></EventData><RenderingInfo Culture='en-US'><Message>The Software Protection service has successfully installed the license.&#13;&#10;License Title=Windows(R) Publishing License (Private)&#13;&#10;License Id=a0e1335c-36c9-481d-91fd-69c91a7bbc4f</Message><Level>Information</Level><Provider>Microsoft-Windows-Security-SPP</Provider><Keywords><Keyword>Classic</Keyword></Keywords></RenderingInfo></Event><Event xmlns='http://schemas.microsoft.com/win/2004/08/events/event'><System><Provider Name='Microsoft-Windows-Security-SPP' Guid='{E23B33B0-C8C9-472C-A5F9-F2BDFEA0F156}' EventSourceName='Software Protection Platform Service'/><EventID Qualifiers='16384'>1004</EventID><Version>0</Version><Level>4</Level><Task>0</Task><Opcode>0</Opcode><Keywords>0x80000000000000</Keywords><TimeCreated SystemTime='2025-06-02T16:47:29.5265801Z'/><EventRecordID>190</EventRecordID><Correlation/><Execution ProcessID='1148' ThreadID='0'/><Channel>Application</Channel><Computer>NIKOLAISMETBD82</Computer><Security/></System><EventData><Data>Windows(R) Publishing License (Public)</Data><Data>5f3b4d8c-3060-46d1-bc43-c9140bd7fc24</Data></EventData><RenderingInfo Culture='en-US'><Message>The Software Protection service has successfully installed the license.&#13;&#10;License Title=Windows(R) Publishing License (Public)&#13;&#10;License Id=5f3b4d8c-3060-46d1-bc43-c9140bd7fc24</Message><Level>Information</Level><Provider>Microsoft-Windows-Security-SPP</Provider><Keywords><Keyword>Classic</Keyword></Keywords></RenderingInfo></Event><Event xmlns='http://schemas.microsoft.com/win/2004/08/events/event'><System><Provider Name='Microsoft-Windows-Security-SPP' Guid='{E23B33B0-C8C9-472C-A5F9-F2BDFEA0F156}' EventSourceName='Software Protection Platform Service'/><EventID Qualifiers='16384'>1004</EventID><Version>0</Version><Level>4</Level><Task>0</Task><Opcode>0</Opcode><Keywords>0x80000000000000</Keywords><TimeCreated SystemTime='2025-06-02T16:47:29.5055538Z'/><EventRecordID>189</EventRecordID><Correlation/><Execution ProcessID='1148' ThreadID='0'/><Channel>Application</Channel><Computer>NIKOLAISMETBD82</Computer><Security/></System><EventData><Data>Windows(R) UL store License (Private)</Data><Data>34db0b6a-af11-44fa-ab4e-017350205303</Data></EventData><RenderingInfo Culture='en-US'><Message>The Software Protection service has successfully installed the license.&#13;&#10;License Title=Windows(R) UL store License (Private)&#13;&#10;License Id=34db0b6a-af11-44fa-ab4e-017350205303</Message><Level>Information</Level><Provider>Microsoft-Windows-Security-SPP</Provider><Keywords><Keyword>Classic</Keyword></Keywords></RenderingInfo></Event><Event xmlns='http://schemas.microsoft.com/win/2004/08/events/event'><System><Provider Name='Microsoft-Windows-Security-SPP' Guid='{E23B33B0-C8C9-472C-A5F9-F2BDFEA0F156}' EventSourceName='Software Protection Platform Service'/><EventID Qualifiers='16384'>1004</EventID><Version>0</Version><Level>4</Level><Task>0</Task><Opcode>0</Opcode><Keywords>0x80000000000000</Keywords><TimeCreated SystemTime='2025-06-02T16:47:29.5048956Z'/><EventRecordID>188</EventRecordID><Correlation/><Execution ProcessID='1148' ThreadID='0'/><Channel>Application</Channel><Computer>NIKOLAISMETBD82</Computer><Security/></System><EventData><Data>Windows(R) UL store License (Public)</Data><Data>c14adf1e-1a06-4d95-9f2e-713ce30ce371</Data></EventData><RenderingInfo Culture='en-US'><Message>The Software Protection service has successfully installed the license.&#13;&#10;License Title=Windows(R) UL store License (Public)&#13;&#10;License Id=c14adf1e-1a06-4d95-9f2e-713ce30ce371</Message><Level>Information</Level><Provider>Microsoft-Windows-Security-SPP</Provider><Keywords><Keyword>Classic</Keyword></Keywords></RenderingInfo></Event><Event xmlns='http://schemas.microsoft.com/win/2004/08/events/event'><System><Provider Name='Microsoft-Windows-Security-SPP' Guid='{E23B33B0-C8C9-472C-A5F9-F2BDFEA0F156}' EventSourceName='Software Protection Platform Service'/><EventID Qualifiers='16384'>1004</EventID><Version>0</Version><Level>4</Level><Task>0</Task><Opcode>0</Opcode><Keywords>0x80000000000000</Keywords><TimeCreated SystemTime='2025-06-02T16:47:29.4845743Z'/><EventRecordID>187</EventRecordID><Correlation/><Execution ProcessID='1148' ThreadID='0'/><Channel>Application</Channel><Computer>NIKOLAISMETBD82</Computer><Security/></System><EventData><Data>Windows(R) UL phone License (Private)</Data><Data>2e841eaf-cc39-4ed7-ac44-7a247da529d2</Data></EventData><RenderingInfo Culture='en-US'><Message>The Software Protection service has successfully installed the license.&#13;&#10;License Title=Windows(R) UL phone License (Private)&#13;&#10;License Id=2e841eaf-cc39-4ed7-ac44-7a247da529d2</Message><Level>Information</Level><Provider>Microsoft-Windows-Security-SPP</Provider><Keywords><Keyword>Classic</Keyword></Keywords></RenderingInfo></Event><Event xmlns='http://schemas.microsoft.com/win/2004/08/events/event'><System><Provider Name='Microsoft-Windows-Security-SPP' Guid='{E23B33B0-C8C9-472C-A5F9-F2BDFEA0F156}' EventSourceName='Software Protection Platform Service'/><EventID Qualifiers='16384'>1004</EventID><Version>0</Version><Level>4</Level><Task>0</Task><Opcode>0</Opcode><Keywords>0x80000000000000</Keywords><TimeCreated SystemTime='2025-06-02T16:47:29.4840516Z'/><EventRecordID>186</EventRecordID><Correlation/><Execution ProcessID='1148' ThreadID='0'/><Channel>Application</Channel><Computer>NIKOLAISMETBD82</Computer><Security/></System><EventData><Data>Windows(R) UL phone License (Public)</Data><Data>0f31772c-0048-471a-bb41-035b9450bfe2</Data></EventData><RenderingInfo Culture='en-US'><Message>The Software Protection service has successfully installed the license.&#13;&#10;License Title=Windows(R) UL phone License (Public)&#13;&#10;License Id=0f31772c-0048-471a-bb41-035b9450bfe2</Message><Level>Information</Level><Provider>Microsoft-Windows-Security-SPP</Provider><Keywords><Keyword>Classic</Keyword></Keywords></RenderingInfo></Event><Event xmlns='http://schemas.microsoft.com/win/2004/08/events/event'><System><Provider Name='Microsoft-Windows-Security-SPP' Guid='{E23B33B0-C8C9-472C-A5F9-F2BDFEA0F156}' EventSourceName='Software Protection Platform Service'/><EventID Qualifiers='16384'>1004</EventID><Version>0</Version><Level>4</Level><Task>0</Task><Opcode>0</Opcode><Keywords>0x80000000000000</Keywords><TimeCreated SystemTime='2025-06-02T16:47:29.4625193Z'/><EventRecordID>185</EventRecordID><Correlation/><Execution ProcessID='1148' ThreadID='0'/><Channel>Application</Channel><Computer>NIKOLAISMETBD82</Computer><Security/></System><EventData><Data>Windows(R) UL oob License (Private)</Data><Data>b1433538-b317-4a3d-b946-f1d60cb14cec</Data></EventData><RenderingInfo Culture='en-US'><Message>The Software Protection service has successfully installed the license.&#13;&#10;License Title=Windows(R) UL oob License (Private)&#13;&#10;License Id=b1433538-b317-4a3d-b946-f1d60cb14cec</Message><Level>Information</Level><Provider>Microsoft-Windows-Security-SPP</Provider><Keywords><Keyword>Classic</Keyword></Keywords></RenderingInfo></Event><Event xmlns='http://schemas.microsoft.com/win/2004/08/events/event'><System><Provider Name='Microsoft-Windows-Security-SPP' Guid='{E23B33B0-C8C9-472C-A5F9-F2BDFEA0F156}' EventSourceName='Software Protection Platform Service'/><EventID Qualifiers='16384'>1004</EventID><Version>0</Version><Level>4</Level><Task>0</Task><Opcode>0</Opcode><Keywords>0x80000000000000</Keywords><TimeCreated SystemTime='2025-06-02T16:47:29.4618716Z'/><EventRecordID>184</EventRecordID><Correlation/><Execution ProcessID='1148' ThreadID='0'/><Channel>Application</Channel><Computer>NIKOLAISMETBD82</Computer><Security/></System><EventData><Data>Windows(R) UL oob License (Public)</Data><Data>47a2704c-1463-4e8c-a1e6-b456833f0598</Data></EventData><RenderingInfo Culture='en-US'><Message>The Software Protection service has successfully installed the license.&#13;&#10;License Title=Windows(R) UL oob License (Public)&#13;&#10;License Id=47a2704c-1463-4e8c-a1e6-b456833f0598</Message><Level>Information</Level><Provider>Microsoft-Windows-Security-SPP</Provider><Keywords><Keyword>Classic</Keyword></Keywords></RenderingInfo></Event><Event xmlns='http://schemas.microsoft.com/win/2004/08/events/event'><System><Provider Name='Microsoft-Windows-Security-SPP' Guid='{E23B33B0-C8C9-472C-A5F9-F2BDFEA0F156}' EventSourceName='Software Protection Platform Service'/><EventID Qualifiers='16384'>1004</EventID><Version>0</Version><Level>4</Level><Task>0</Task><Opcode>0</Opcode><Keywords>0x80000000000000</Keywords><TimeCreated SystemTime='2025-06-02T16:47:29.4386153Z'/><EventRecordID>183</EventRecordID><Correlation/><Execution ProcessID='1148' ThreadID='0'/><Channel>Application</Channel><Computer>NIKOLAISMETBD82</Computer><Security/></System><EventData><Data>Windows(R) Publishing License (Private)</Data><Data>91035f29-b68b-4a83-b610-b03038976d88</Data></EventData><RenderingInfo Culture='en-US'><Message>The Software Protection service has successfully installed the license.&#13;&#10;License Title=Windows(R) Publishing License (Private)&#13;&#10;License Id=91035f29-b68b-4a83-b610-b03038976d88</Message><Level>Information</Level><Provider>Microsoft-Windows-Security-SPP</Provider><Keywords><Keyword>Classic</Keyword></Keywords></RenderingInfo></Event><Event xmlns='http://schemas.microsoft.com/win/2004/08/events/event'><System><Provider Name='Microsoft-Windows-Security-SPP' Guid='{E23B33B0-C8C9-472C-A5F9-F2BDFEA0F156}' EventSourceName='Software Protection Platform Service'/><EventID Qualifiers='16384'>1004</EventID><Version>0</Version><Level>4</Level><Task>0</Task><Opcode>0</Opcode><Keywords>0x80000000000000</Keywords><TimeCreated SystemTime='2025-06-02T16:47:29.4371657Z'/><EventRecordID>182</EventRecordID><Correlation/><Execution ProcessID='1148' ThreadID='0'/><Channel>Application</Channel><Computer>NIKOLAISMETBD82</Computer><Security/></System><EventData><Data>Windows(R) Publishing License (Public)</Data><Data>4cf9d63e-13c8-4b8b-8a86-28dcfaf6f151</Data></EventData><RenderingInfo Culture='en-US'><Message>The Software Protection service has successfully installed the license.&#13;&#10;License Title=Windows(R) Publishing License (Public)&#13;&#10;License Id=4cf9d63e-13c8-4b8b-8a86-28dcfaf6f151</Message><Level>Information</Level><Provider>Microsoft-Windows-Security-SPP</Provider><Keywords><Keyword>Classic</Keyword></Keywords></RenderingInfo></Event><Event xmlns='http://schemas.microsoft.com/win/2004/08/events/event'><System><Provider Name='Microsoft-Windows-Security-SPP' Guid='{E23B33B0-C8C9-472C-A5F9-F2BDFEA0F156}' EventSourceName='Software Protection Platform Service'/><EventID Qualifiers='16384'>1004</EventID><Version>0</Version><Level>4</Level><Task>0</Task><Opcode>0</Opcode><Keywords>0x80000000000000</Keywords><TimeCreated SystemTime='2025-06-02T16:47:29.4116205Z'/><EventRecordID>181</EventRecordID><Correlation/><Execution ProcessID='1148' ThreadID='0'/><Channel>Application</Channel><Computer>NIKOLAISMETBD82</Computer><Security/></System><EventData><Data>Windows(R) UL store License (Private)</Data><Data>98e5ec6b-f3f7-4c7e-9921-942b3f71de28</Data></EventData><RenderingInfo Culture='en-US'><Message>The Software Protection service has successfully installed the license.&#13;&#10;License Title=Windows(R) UL store License (Private)&#13;&#10;License Id=98e5ec6b-f3f7-4c7e-9921-942b3f71de28</Message><Level>Information</Level><Provider>Microsoft-Windows-Security-SPP</Provider><Keywords><Keyword>Classic</Keyword></Keywords></RenderingInfo></Event><Event xmlns='http://schemas.microsoft.com/win/2004/08/events/event'><System><Provider Name='Microsoft-Windows-Security-SPP' Guid='{E23B33B0-C8C9-472C-A5F9-F2BDFEA0F156}' EventSourceName='Software Protection Platform Service'/><EventID Qualifiers='16384'>1004</EventID><Version>0</Version><Level>4</Level><Task>0</Task><Opcode>0</Opcode><Keywords>0x80000000000000</Keywords><TimeCreated SystemTime='2025-06-02T16:47:29.4108384Z'/><EventRecordID>180</EventRecordID><Correlation/><Execution ProcessID='1148' ThreadID='0'/><Channel>Application</Channel><Computer>NIKOLAISMETBD82</Computer><Security/></System><EventData><Data>Windows(R) UL store License (Public)</Data><Data>f8e522b1-b521-475a-83dd-5d0a5ca04de9</Data></EventData><RenderingInfo Culture='en-US'><Message>The Software Protection service has successfully installed the license.&#13;&#10;License Title=Windows(R) UL store License (Public)&#13;&#10;License Id=f8e522b1-b521-475a-83dd-5d0a5ca04de9</Message><Level>Information</Level><Provider>Microsoft-Windows-Security-SPP</Provider><Keywords><Keyword>Classic</Keyword></Keywords></RenderingInfo></Event><Event xmlns='http://schemas.microsoft.com/win/2004/08/events/event'><System><Provider Name='Microsoft-Windows-Security-SPP' Guid='{E23B33B0-C8C9-472C-A5F9-F2BDFEA0F156}' EventSourceName='Software Protection Platform Service'/><EventID Qualifiers='16384'>1004</EventID><Version>0</Version><Level>4</Level><Task>0</Task><Opcode>0</Opcode><Keywords>0x80000000000000</Keywords><TimeCreated SystemTime='2025-06-02T16:47:29.3905629Z'/><EventRecordID>179</EventRecordID><Correlation/><Execution ProcessID='1148' ThreadID='0'/><Channel>Application</Channel><Computer>NIKOLAISMETBD82</Computer><Security/></System><EventData><Data>Windows(R) UL phone License (Private)</Data><Data>24f88754-65b1-4c75-921a-01956b4dd758</Data></EventData><RenderingInfo Culture='en-US'><Message>The Software Protection service has successfully installed the license.&#13;&#10;License Title=Windows(R) UL phone License (Private)&#13;&#10;License Id=24f88754-65b1-4c75-921a-01956b4dd758</Message><Level>Information</Level><Provider>Microsoft-Windows-Security-SPP</Provider><Keywords><Keyword>Classic</Keyword></Keywords></RenderingInfo></Event><Event xmlns='http://schemas.microsoft.com/win/2004/08/events/event'><System><Provider Name='Microsoft-Windows-Security-SPP' Guid='{E23B33B0-C8C9-472C-A5F9-F2BDFEA0F156}' EventSourceName='Software Protection Platform Service'/><EventID Qualifiers='16384'>1004</EventID><Version>0</Version><Level>4</Level><Task>0</Task><Opcode>0</Opcode><Keywords>0x80000000000000</Keywords><TimeCreated SystemTime='2025-06-02T16:47:29.3898248Z'/><EventRecordID>178</EventRecordID><Correlation/><Execution ProcessID='1148' ThreadID='0'/><Channel>Application</Channel><Computer>NIKOLAISMETBD82</Computer><Security/></System><EventData><Data>Windows(R) UL phone License (Public)</Data><Data>4ed1ca07-2cd2-4280-bb53-2359e8cec27d</Data></EventData><RenderingInfo Culture='en-US'><Message>The Software Protection service has successfully installed the license.&#13;&#10;License Title=Windows(R) UL phone License (Public)&#13;&#10;License Id=4ed1ca07-2cd2-4280-bb53-2359e8cec27d</Message><Level>Information</Level><Provider>Microsoft-Windows-Security-SPP</Provider><Keywords><Keyword>Classic</Keyword></Keywords></RenderingInfo></Event><Event xmlns='http://schemas.microsoft.com/win/2004/08/events/event'><System><Provider Name='Microsoft-Windows-Security-SPP' Guid='{E23B33B0-C8C9-472C-A5F9-F2BDFEA0F156}' EventSourceName='Software Protection Platform Service'/><EventID Qualifiers='16384'>1004</EventID><Version>0</Version><Level>4</Level><Task>0</Task><Opcode>0</Opcode><Keywords>0x80000000000000</Keywords><TimeCreated SystemTime='2025-06-02T16:47:29.3631765Z'/><EventRecordID>177</EventRecordID><Correlation/><Execution ProcessID='1148' ThreadID='0'/><Channel>Application</Channel><Computer>NIKOLAISMETBD82</Computer><Security/></System><EventData><Data>Windows(R) UL oob License (Private)</Data><Data>7b157ffc-9dbc-4d4b-b87b-3ef1557f4180</Data></EventData><RenderingInfo Culture='en-US'><Message>The Software Protection service has successfully installed the license.&#13;&#10;License Title=Windows(R) UL oob License (Private)&#13;&#10;License Id=7b157ffc-9dbc-4d4b-b87b-3ef1557f4180</Message><Level>Information</Level><Provider>Microsoft-Windows-Security-SPP</Provider><Keywords><Keyword>Classic</Keyword></Keywords></RenderingInfo></Event><Event xmlns='http://schemas.microsoft.com/win/2004/08/events/event'><System><Provider Name='Microsoft-Windows-Security-SPP' Guid='{E23B33B0-C8C9-472C-A5F9-F2BDFEA0F156}' EventSourceName='Software Protection Platform Service'/><EventID Qualifiers='16384'>1004</EventID><Version>0</Version><Level>4</Level><Task>0</Task><Opcode>0</Opcode><Keywords>0x80000000000000</Keywords><TimeCreated SystemTime='2025-06-02T16:47:29.3622978Z'/><EventRecordID>176</EventRecordID><Correlation/><Execution ProcessID='1148' ThreadID='0'/><Channel>Application</Channel><Computer>NIKOLAISMETBD82</Computer><Security/></System><EventData><Data>Windows(R) UL oob License (Public)</Data><Data>0538af7f-1839-4785-adaf-0aa474b573b1</Data></EventData><RenderingInfo Culture='en-US'><Message>The Software Protection service has successfully installed the license.&#13;&#10;License Title=Windows(R) UL oob License (Public)&#13;&#10;License Id=0538af7f-1839-4785-adaf-0aa474b573b1</Message><Level>Information</Level><Provider>Microsoft-Windows-Security-SPP</Provider><Keywords><Keyword>Classic</Keyword></Keywords></RenderingInfo></Event><Event xmlns='http://schemas.microsoft.com/win/2004/08/events/event'><System><Provider Name='Microsoft-Windows-Security-SPP' Guid='{E23B33B0-C8C9-472C-A5F9-F2BDFEA0F156}' EventSourceName='Software Protection Platform Service'/><EventID Qualifiers='16384'>1004</EventID><Version>0</Version><Level>4</Level><Task>0</Task><Opcode>0</Opcode><Keywords>0x80000000000000</Keywords><TimeCreated SystemTime='2025-06-02T16:47:29.3395728Z'/><EventRecordID>175</EventRecordID><Correlation/><Execution ProcessID='1148' ThreadID='0'/><Channel>Application</Channel><Computer>NIKOLAISMETBD82</Computer><Security/></System><EventData><Data>Windows(R) Publishing License (Private)</Data><Data>9a2b7de2-9dcb-4aef-8541-ae960aac1b9c</Data></EventData><RenderingInfo Culture='en-US'><Message>The Software Protection service has successfully installed the license.&#13;&#10;License Title=Windows(R) Publishing License (Private)&#13;&#10;License Id=9a2b7de2-9dcb-4aef-8541-ae960aac1b9c</Message><Level>Information</Level><Provider>Microsoft-Windows-Security-SPP</Provider><Keywords><Keyword>Classic</Keyword></Keywords></RenderingInfo></Event><Event xmlns='http://schemas.microsoft.com/win/2004/08/events/event'><System><Provider Name='Microsoft-Windows-Security-SPP' Guid='{E23B33B0-C8C9-472C-A5F9-F2BDFEA0F156}' EventSourceName='Software Protection Platform Service'/><EventID Qualifiers='16384'>1004</EventID><Version>0</Version><Level>4</Level><Task>0</Task><Opcode>0</Opcode><Keywords>0x80000000000000</Keywords><TimeCreated SystemTime='2025-06-02T16:47:29.3386471Z'/><EventRecordID>174</EventRecordID><Correlation/><Execution ProcessID='1148' ThreadID='0'/><Channel>Application</Channel><Computer>NIKOLAISMETBD82</Computer><Security/></System><EventData><Data>Windows(R) Publishing License (Public)</Data><Data>8208c898-e3f0-4c1b-ad4a-314bcbd6ac7f</Data></EventData><RenderingInfo Culture='en-US'><Message>The Software Protection service has successfully installed the license.&#13;&#10;License Title=Windows(R) Publishing License (Public)&#13;&#10;License Id=8208c898-e3f0-4c1b-ad4a-314bcbd6ac7f</Message><Level>Information</Level><Provider>Microsoft-Windows-Security-SPP</Provider><Keywords><Keyword>Classic</Keyword></Keywords></RenderingInfo></Event><Event xmlns='http://schemas.microsoft.com/win/2004/08/events/event'><System><Provider Name='Microsoft-Windows-Security-SPP' Guid='{E23B33B0-C8C9-472C-A5F9-F2BDFEA0F156}' EventSourceName='Software Protection Platform Service'/><EventID Qualifiers='16384'>1004</EventID><Version>0</Version><Level>4</Level><Task>0</Task><Opcode>0</Opcode><Keywords>0x80000000000000</Keywords><TimeCreated SystemTime='2025-06-02T16:47:29.3171706Z'/><EventRecordID>173</EventRecordID><Correlation/><Execution ProcessID='1148' ThreadID='0'/><Channel>Application</Channel><Computer>NIKOLAISMETBD82</Computer><Security/></System><EventData><Data>Windows(R) UL store License (Private)</Data><Data>31c8a3b5-eb4d-4edc-8884-e76f352b3c5a</Data></EventData><RenderingInfo Culture='en-US'><Message>The Software Protection service has successfully installed the license.&#13;&#10;License Title=Windows(R) UL store License (Private)&#13;&#10;License Id=31c8a3b5-eb4d-4edc-8884-e76f352b3c5a</Message><Level>Information</Level><Provider>Microsoft-Windows-Security-SPP</Provider><Keywords><Keyword>Classic</Keyword></Keywords></RenderingInfo></Event><Event xmlns='http://schemas.microsoft.com/win/2004/08/events/event'><System><Provider Name='Microsoft-Windows-Security-SPP' Guid='{E23B33B0-C8C9-472C-A5F9-F2BDFEA0F156}' EventSourceName='Software Protection Platform Service'/><EventID Qualifiers='16384'>1004</EventID><Version>0</Version><Level>4</Level><Task>0</Task><Opcode>0</Opcode><Keywords>0x80000000000000</Keywords><TimeCreated SystemTime='2025-06-02T16:47:29.3163270Z'/><EventRecordID>172</EventRecordID><Correlation/><Execution ProcessID='1148' ThreadID='0'/><Channel>Application</Channel><Computer>NIKOLAISMETBD82</Computer><Security/></System><EventData><Data>Windows(R) UL store License (Public)</Data><Data>378f5547-f345-4657-b10f-087bbf1bb85f</Data></EventData><RenderingInfo Culture='en-US'><Message>The Software Protection service has successfully installed the license.&#13;&#10;License Title=Windows(R) UL store License (Public)&#13;&#10;License Id=378f5547-f345-4657-b10f-087bbf1bb85f</Message><Level>Information</Level><Provider>Microsoft-Windows-Security-SPP</Provider><Keywords><Keyword>Classic</Keyword></Keywords></RenderingInfo></Event><Event xmlns='http://schemas.microsoft.com/win/2004/08/events/event'><System><Provider Name='Microsoft-Windows-Security-SPP' Guid='{E23B33B0-C8C9-472C-A5F9-F2BDFEA0F156}' EventSourceName='Software Protection Platform Service'/><EventID Qualifiers='16384'>1004</EventID><Version>0</Version><Level>4</Level><Task>0</Task><Opcode>0</Opcode><Keywords>0x80000000000000</Keywords><TimeCreated SystemTime='2025-06-02T16:47:29.2955432Z'/><EventRecordID>171</EventRecordID><Correlation/><Execution ProcessID='1148' ThreadID='0'/><Channel>Application</Channel><Computer>NIKOLAISMETBD82</Computer><Security/></System><EventData><Data>Windows(R) UL phone License (Private)</Data><Data>607a02f9-bca3-4723-859b-65e30a47298c</Data></EventData><RenderingInfo Culture='en-US'><Message>The Software Protection service has successfully installed the license.&#13;&#10;License Title=Windows(R) UL phone License (Private)&#13;&#10;License Id=607a02f9-bca3-4723-859b-65e30a47298c</Message><Level>Information</Level><Provider>Microsoft-Windows-Security-SPP</Provider><Keywords><Keyword>Classic</Keyword></Keywords></RenderingInfo></Event>