<Event xmlns='http://schemas.microsoft.com/win/2004/08/events/event'><System><Provider Name='Microsoft-Windows-Security-SPP' Guid='{E23B33B0-C8C9-472C-A5F9-F2BDFEA0F156}' EventSourceName='Software Protection Platform Service'/><EventID Qualifiers='16384'>1004</EventID><Version>0</Version><Level>4</Level><Task>0</Task><Opcode>0</Opcode><Keywords>0x80000000000000</Keywords><TimeCreated SystemTime='2025-06-02T16:47:28.4067579Z'/><EventRecordID>82</EventRecordID><Correlation/><Execution ProcessID='1148' ThreadID='0'/><Channel>Application</Channel><Computer>NIKOLAISMETBD82</Computer><Security/></System><EventData><Data>Windows(R) UL phone License (Private)</Data><Data>f12cf425-9479-4e6f-9e92-02513a03d1ba</Data></EventData><RenderingInfo Culture='en-US'><Message>The Software Protection service has successfully installed the license.&#13;&#10;License Title=Windows(R) UL phone License (Private)&#13;&#10;License Id=f12cf425-9479-4e6f-9e92-02513a03d1ba</Message><Level>Information</Level><Provider>Microsoft-Windows-Security-SPP</Provider><Keywords><Keyword>Classic</Keyword></Keywords></RenderingInfo></Event><Event xmlns='http://schemas.microsoft.com/win/2004/08/events/event'><System><Provider Name='Microsoft-Windows-Security-SPP' Guid='{E23B33B0-C8C9-472C-A5F9-F2BDFEA0F156}' EventSourceName='Software Protection Platform Service'/><EventID Qualifiers='16384'>1004</EventID><Version>0</Version><Level>4</Level><Task>0</Task><Opcode>0</Opcode><Keywords>0x80000000000000</Keywords><TimeCreated SystemTime='2025-06-02T16:47:28.4060812Z'/><EventRecordID>81</EventRecordID><Correlation/><Execution ProcessID='1148' ThreadID='0'/><Channel>Application</Channel><Computer>NIKOLAISMETBD82</Computer><Security/></System><EventData><Data>Windows(R) UL phone License (Public)</Data><Data>b117ac22-031d-42e2-8341-37b47a10bf53</Data></EventData><RenderingInfo Culture='en-US'><Message>The Software Protection service has successfully installed the license.&#13;&#10;License Title=Windows(R) UL phone License (Public)&#13;&#10;License Id=b117ac22-031d-42e2-8341-37b47a10bf53</Message><Level>Information</Level><Provider>Microsoft-Windows-Security-SPP</Provider><Keywords><Keyword>Classic</Keyword></Keywords></RenderingInfo></Event><Event xmlns='http://schemas.microsoft.com/win/2004/08/events/event'><System><Provider Name='Microsoft-Windows-Security-SPP' Guid='{E23B33B0-C8C9-472C-A5F9-F2BDFEA0F156}' EventSourceName='Software Protection Platform Service'/><EventID Qualifiers='16384'>1004</EventID><Version>0</Version><Level>4</Level><Task>0</Task><Opcode>0</Opcode><Keywords>0x80000000000000</Keywords><TimeCreated SystemTime='2025-06-02T16:47:28.3902831Z'/><EventRecordID>80</EventRecordID><Correlation/><Execution ProcessID='1148' ThreadID='0'/><Channel>Application</Channel><Computer>NIKOLAISMETBD82</Computer><Security/></System><EventData><Data>Windows(R) UL oob License (Private)</Data><Data>cee174c5-f65c-48dd-a5df-636d9eb45e29</Data></EventData><RenderingInfo Culture='en-US'><Message>The Software Protection service has successfully installed the license.&#13;&#10;License Title=Windows(R) UL oob License (Private)&#13;&#10;License Id=cee174c5-f65c-48dd-a5df-636d9eb45e29</Message><Level>Information</Level><Provider>Microsoft-Windows-Security-SPP</Provider><Keywords><Keyword>Classic</Keyword></Keywords></RenderingInfo></Event><Event xmlns='http://schemas.microsoft.com/win/2004/08/events/event'><System><Provider Name='Microsoft-Windows-Security-SPP' Guid='{E23B33B0-C8C9-472C-A5F9-F2BDFEA0F156}' EventSourceName='Software Protection Platform Service'/><EventID Qualifiers='16384'>1004</EventID><Version>0</Version><Level>4</Level><Task>0</Task><Opcode>0</Opcode><Keywords>0x80000000000000</Keywords><TimeCreated SystemTime='2025-06-02T16:47:28.3896350Z'/><EventRecordID>79</EventRecordID><Correlation/><Execution ProcessID='1148' ThreadID='0'/><Channel>Application</Channel><Computer>NIKOLAISMETBD82</Computer><Security/></System><EventData><Data>Windows(R) UL oob License (Public)</Data><Data>ef9bbcdf-b405-4c6d-ad2d-71553bc96ba9</Data></EventData><RenderingInfo Culture='en-US'><Message>The Software Protection service has successfully installed the license.&#13;&#10;License Title=Windows(R) UL oob License (Public)&#13;&#10;License Id=ef9bbcdf-b405-4c6d-ad2d-71553bc96ba9</Message><Level>Information</Level><Provider>Microsoft-Windows-Security-SPP</Provider><Keywords><Keyword>Classic</Keyword></Keywords></RenderingInfo></Event><Event xmlns='http://schemas.microsoft.com/win/2004/08/events/event'><System><Provider Name='Microsoft-Windows-Security-SPP' Guid='{E23B33B0-C8C9-472C-A5F9-F2BDFEA0F156}' EventSourceName='Software Protection Platform Service'/><EventID Qualifiers='16384'>1004</EventID><Version>0</Version><Level>4</Level><Task>0</Task><Opcode>0</Opcode><Keywords>0x80000000000000</Keywords><TimeCreated SystemTime='2025-06-02T16:47:28.3734784Z'/><EventRecordID>78</EventRecordID><Correlation/><Execution ProcessID='1148' ThreadID='0'/><Channel>Application</Channel><Computer>NIKOLAISMETBD82</Computer><Security/></System><EventData><Data>Windows(R) Publishing License (Private)</Data><Data>0e749388-0a3c-423a-9c08-16b9fe35d5bd</Data></EventData><RenderingInfo Culture='en-US'><Message>The Software Protection service has successfully installed the license.&#13;&#10;License Title=Windows(R) Publishing License (Private)&#13;&#10;License Id=0e749388-0a3c-423a-9c08-16b9fe35d5bd</Message><Level>Information</Level><Provider>Microsoft-Windows-Security-SPP</Provider><Keywords><Keyword>Classic</Keyword></Keywords></RenderingInfo></Event><Event xmlns='http://schemas.microsoft.com/win/2004/08/events/event'><System><Provider Name='Microsoft-Windows-Security-SPP' Guid='{E23B33B0-C8C9-472C-A5F9-F2BDFEA0F156}' EventSourceName='Software Protection Platform Service'/><EventID Qualifiers='16384'>1004</EventID><Version>0</Version><Level>4</Level><Task>0</Task><Opcode>0</Opcode><Keywords>0x80000000000000</Keywords><TimeCreated SystemTime='2025-06-02T16:47:28.3724580Z'/><EventRecordID>77</EventRecordID><Correlation/><Execution ProcessID='1148' ThreadID='0'/><Channel>Application</Channel><Computer>NIKOLAISMETBD82</Computer><Security/></System><EventData><Data>Windows(R) Publishing License (Public)</Data><Data>e4e5aa8e-6191-4e7e-980e-323d85db36f1</Data></EventData><RenderingInfo Culture='en-US'><Message>The Software Protection service has successfully installed the license.&#13;&#10;License Title=Windows(R) Publishing License (Public)&#13;&#10;License Id=e4e5aa8e-6191-4e7e-980e-323d85db36f1</Message><Level>Information</Level><Provider>Microsoft-Windows-Security-SPP</Provider><Keywords><Keyword>Classic</Keyword></Keywords></RenderingInfo></Event><Event xmlns='http://schemas.microsoft.com/win/2004/08/events/event'><System><Provider Name='Microsoft-Windows-Security-SPP' Guid='{E23B33B0-C8C9-472C-A5F9-F2BDFEA0F156}' EventSourceName='Software Protection Platform Service'/><EventID Qualifiers='16384'>1004</EventID><Version>0</Version><Level>4</Level><Task>0</Task><Opcode>0</Opcode><Keywords>0x80000000000000</Keywords><TimeCreated SystemTime='2025-06-02T16:47:28.3567683Z'/><EventRecordID>76</EventRecordID><Correlation/><Execution ProcessID='1148' ThreadID='0'/><Channel>Application</Channel><Computer>NIKOLAISMETBD82</Computer><Security/></System><EventData><Data>Windows(R) UL store License (Private)</Data><Data>667b821f-820e-4aa2-b85d-e4361f4d77ad</Data></EventData><RenderingInfo Culture='en-US'><Message>The Software Protection service has successfully installed the license.&#13;&#10;License Title=Windows(R) UL store License (Private)&#13;&#10;License Id=667b821f-820e-4aa2-b85d-e4361f4d77ad</Message><Level>Information</Level><Provider>Microsoft-Windows-Security-SPP</Provider><Keywords><Keyword>Classic</Keyword></Keywords></RenderingInfo></Event><Event xmlns='http://schemas.microsoft.com/win/2004/08/events/event'><System><Provider Name='Microsoft-Windows-Security-SPP' Guid='{E23B33B0-C8C9-472C-A5F9-F2BDFEA0F156}' EventSourceName='Software Protection Platform Service'/><EventID Qualifiers='16384'>1004</EventID><Version>0</Version><Level>4</Level><Task>0</Task><Opcode>0</Opcode><Keywords>0x80000000000000</Keywords><TimeCreated SystemTime='2025-06-02T16:47:28.3560042Z'/><EventRecordID>75</EventRecordID><Correlation/><Execution ProcessID='1148' ThreadID='0'/><Channel>Application</Channel><Computer>NIKOLAISMETBD82</Computer><Security/></System><EventData><Data>Windows(R) UL store License (Public)</Data><Data>c37861b6-3f42-4ebb-a552-b39c75efef69</Data></EventData><RenderingInfo Culture='en-US'><Message>The Software Protection service has successfully installed the license.&#13;&#10;License Title=Windows(R) UL store License (Public)&#13;&#10;License Id=c37861b6-3f42-4ebb-a552-b39c75efef69</Message><Level>Information</Level><Provider>Microsoft-Windows-Security-SPP</Provider><Keywords><Keyword>Classic</Keyword></Keywords></RenderingInfo></Event><Event xmlns='http://schemas.microsoft.com/win/2004/08/events/event'><System><Provider Name='Microsoft-Windows-Security-SPP' Guid='{E23B33B0-C8C9-472C-A5F9-F2BDFEA0F156}' EventSourceName='Software Protection Platform Service'/><EventID Qualifiers='16384'>1004</EventID><Version>0</Version><Level>4</Level><Task>0</Task><Opcode>0</Opcode><Keywords>0x80000000000000</Keywords><TimeCreated SystemTime='2025-06-02T16:47:28.3391944Z'/><EventRecordID>74</EventRecordID><Correlation/><Execution ProcessID='1148' ThreadID='0'/><Channel>Application</Channel><Computer>NIKOLAISMETBD82</Computer><Security/></System><EventData><Data>Windows(R) UL phone License (Private)</Data><Data>3e10d463-d018-48eb-a2e9-d7150db533d2</Data></EventData><RenderingInfo Culture='en-US'><Message>The Software Protection service has successfully installed the license.&#13;&#10;License Title=Windows(R) UL phone License (Private)&#13;&#10;License Id=3e10d463-d018-48eb-a2e9-d7150db533d2</Message><Level>Information</Level><Provider>Microsoft-Windows-Security-SPP</Provider><Keywords><Keyword>Classic</Keyword></Keywords></RenderingInfo></Event><Event xmlns='http://schemas.microsoft.com/win/2004/08/events/event'><System><Provider Name='Microsoft-Windows-Security-SPP' Guid='{E23B33B0-C8C9-472C-A5F9-F2BDFEA0F156}' EventSourceName='Software Protection Platform Service'/><EventID Qualifiers='16384'>1004</EventID><Version>0</Version><Level>4</Level><Task>0</Task><Opcode>0</Opcode><Keywords>0x80000000000000</Keywords><TimeCreated SystemTime='2025-06-02T16:47:28.3380772Z'/><EventRecordID>73</EventRecordID><Correlation/><Execution ProcessID='1148' ThreadID='0'/><Channel>Application</Channel><Computer>NIKOLAISMETBD82</Computer><Security/></System><EventData><Data>Windows(R) UL phone License (Public)</Data><Data>ca120711-9f81-4448-9640-20162f7b736e</Data></EventData><RenderingInfo Culture='en-US'><Message>The Software Protection service has successfully installed the license.&#13;&#10;License Title=Windows(R) UL phone License (Public)&#13;&#10;License Id=ca120711-9f81-4448-9640-20162f7b736e</Message><Level>Information</Level><Provider>Microsoft-Windows-Security-SPP</Provider><Keywords><Keyword>Classic</Keyword></Keywords></RenderingInfo></Event><Event xmlns='http://schemas.microsoft.com/win/2004/08/events/event'><System><Provider Name='Microsoft-Windows-Security-SPP' Guid='{E23B33B0-C8C9-472C-A5F9-F2BDFEA0F156}' EventSourceName='Software Protection Platform Service'/><EventID Qualifiers='16384'>1004</EventID><Version>0</Version><Level>4</Level><Task>0</Task><Opcode>0</Opcode><Keywords>0x80000000000000</Keywords><TimeCreated SystemTime='2025-06-02T16:47:28.3211210Z'/><EventRecordID>72</EventRecordID><Correlation/><Execution ProcessID='1148' ThreadID='0'/><Channel>Application</Channel><Computer>NIKOLAISMETBD82</Computer><Security/></System><EventData><Data>Windows(R) UL oob License (Private)</Data><Data>91009d65-9cbe-4bcd-b770-b0e98846e205</Data></EventData><RenderingInfo Culture='en-US'><Message>The Software Protection service has successfully installed the license.&#13;&#10;License Title=Windows(R) UL oob License (Private)&#13;&#10;License Id=91009d65-9cbe-4bcd-b770-b0e98846e205</Message><Level>Information</Level><Provider>Microsoft-Windows-Security-SPP</Provider><Keywords><Keyword>Classic</Keyword></Keywords></RenderingInfo></Event><Event xmlns='http://schemas.microsoft.com/win/2004/08/events/event'><System><Provider Name='Microsoft-Windows-Security-SPP' Guid='{E23B33B0-C8C9-472C-A5F9-F2BDFEA0F156}' EventSourceName='Software Protection Platform Service'/><EventID Qualifiers='16384'>1004</EventID><Version>0</Version><Level>4</Level><Task>0</Task><Opcode>0</Opcode><Keywords>0x80000000000000</Keywords><TimeCreated SystemTime='2025-06-02T16:47:28.3204099Z'/><EventRecordID>71</EventRecordID><Correlation/><Execution ProcessID='1148' ThreadID='0'/><Channel>Application</Channel><Computer>NIKOLAISMETBD82</Computer><Security/></System><EventData><Data>Windows(R) UL oob License (Public)</Data><Data>ac333760-511f-4773-bda1-da6985cc0ffe</Data></EventData><RenderingInfo Culture='en-US'><Message>The Software Protection service has successfully installed the license.&#13;&#10;License Title=Windows(R) UL oob License (Public)&#13;&#10;License Id=ac333760-511f-4773-bda1-da6985cc0ffe</Message><Level>Information</Level><Provider>Microsoft-Windows-Security-SPP</Provider><Keywords><Keyword>Classic</Keyword></Keywords></RenderingInfo></Event><Event xmlns='http://schemas.microsoft.com/win/2004/08/events/event'><System><Provider Name='Microsoft-Windows-Security-SPP' Guid='{E23B33B0-C8C9-472C-A5F9-F2BDFEA0F156}' EventSourceName='Software Protection Platform Service'/><EventID Qualifiers='16384'>1004</EventID><Version>0</Version><Level>4</Level><Task>0</Task><Opcode>0</Opcode><Keywords>0x80000000000000</Keywords><TimeCreated SystemTime='2025-06-02T16:47:28.3041562Z'/><EventRecordID>70</EventRecordID><Correlation/><Execution ProcessID='1148' ThreadID='0'/><Channel>Application</Channel><Computer>NIKOLAISMETBD82</Computer><Security/></System><EventData><Data>Windows(R) Publishing License (Private)</Data><Data>faeebf3b-d001-420f-bdc4-5091c016ee13</Data></EventData><RenderingInfo Culture='en-US'><Message>The Software Protection service has successfully installed the license.&#13;&#10;License Title=Windows(R) Publishing License (Private)&#13;&#10;License Id=faeebf3b-d001-420f-bdc4-5091c016ee13</Message><Level>Information</Level><Provider>Microsoft-Windows-Security-SPP</Provider><Keywords><Keyword>Classic</Keyword></Keywords></RenderingInfo></Event><Event xmlns='http://schemas.microsoft.com/win/2004/08/events/event'><System><Provider Name='Microsoft-Windows-Security-SPP' Guid='{E23B33B0-C8C9-472C-A5F9-F2BDFEA0F156}' EventSourceName='Software Protection Platform Service'/><EventID Qualifiers='16384'>1004</EventID><Version>0</Version><Level>4</Level><Task>0</Task><Opcode>0</Opcode><Keywords>0x80000000000000</Keywords><TimeCreated SystemTime='2025-06-02T16:47:28.3034465Z'/><EventRecordID>69</EventRecordID><Correlation/><Execution ProcessID='1148' ThreadID='0'/><Channel>Application</Channel><Computer>NIKOLAISMETBD82</Computer><Security/></System><EventData><Data>Windows(R) Publishing License (Public)</Data><Data>0327e8d7-e28f-448b-b761-e6122c642215</Data></EventData><RenderingInfo Culture='en-US'><Message>The Software Protection service has successfully installed the license.&#13;&#10;License Title=Windows(R) Publishing License (Public)&#13;&#10;License Id=0327e8d7-e28f-448b-b761-e6122c642215</Message><Level>Information</Level><Provider>Microsoft-Windows-Security-SPP</Provider><Keywords><Keyword>Classic</Keyword></Keywords></RenderingInfo></Event><Event xmlns='http://schemas.microsoft.com/win/2004/08/events/event'><System><Provider Name='Microsoft-Windows-Security-SPP' Guid='{E23B33B0-C8C9-472C-A5F9-F2BDFEA0F156}' EventSourceName='Software Protection Platform Service'/><EventID Qualifiers='16384'>1004</EventID><Version>0</Version><Level>4</Level><Task>0</Task><Opcode>0</Opcode><Keywords>0x80000000000000</Keywords><TimeCreated SystemTime='2025-06-02T16:47:28.2872051Z'/><EventRecordID>68</EventRecordID><Correlation/><Execution ProcessID='1148' ThreadID='0'/><Channel>Application</Channel><Computer>NIKOLAISMETBD82</Computer><Security/></System><EventData><Data>DefaultPpd-Professional Component PPD License</Data><Data>45860a13-33c6-fe65-5493-dcbd75679908</Data></EventData><RenderingInfo Culture='en-US'><Message>The Software Protection service has successfully installed the license.&#13;&#10;License Title=DefaultPpd-Professional Component PPD License&#13;&#10;License Id=45860a13-33c6-fe65-5493-dcbd75679908</Message><Level>Information</Level><Provider>Microsoft-Windows-Security-SPP</Provider><Keywords><Keyword>Classic</Keyword></Keywords></RenderingInfo></Event><Event xmlns='http://schemas.microsoft.com/win/2004/08/events/event'><System><Provider Name='Microsoft-Windows-Security-SPP' Guid='{E23B33B0-C8C9-472C-A5F9-F2BDFEA0F156}' EventSourceName='Software Protection Platform Service'/><EventID Qualifiers='16384'>1004</EventID><Version>0</Version><Level>4</Level><Task>0</Task><Opcode>0</Opcode><Keywords>0x80000000000000</Keywords><TimeCreated SystemTime='2025-06-02T16:47:28.2674490Z'/><EventRecordID>67</EventRecordID><Correlation/><Execution ProcessID='1148' ThreadID='0'/><Channel>Application</Channel><Computer>NIKOLAISMETBD82</Computer><Security/></System><EventData><Data>DefaultPpd-CloudEdition Component PPD License</Data><Data>7f535359-1548-f4d1-b3a9-fa2760c3febf</Data></EventData><RenderingInfo Culture='en-US'><Message>The Software Protection service has successfully installed the license.&#13;&#10;License Title=DefaultPpd-CloudEdition Component PPD License&#13;&#10;License Id=7f535359-1548-f4d1-b3a9-fa2760c3febf</Message><Level>Information</Level><Provider>Microsoft-Windows-Security-SPP</Provider><Keywords><Keyword>Classic</Keyword></Keywords></RenderingInfo></Event><Event xmlns='http://schemas.microsoft.com/win/2004/08/events/event'><System><Provider Name='Microsoft-Windows-Security-SPP' Guid='{E23B33B0-C8C9-472C-A5F9-F2BDFEA0F156}' EventSourceName='Software Protection Platform Service'/><EventID Qualifiers='16384'>1004</EventID><Version>0</Version><Level>4</Level><Task>0</Task><Opcode>0</Opcode><Keywords>0x80000000000000</Keywords><TimeCreated SystemTime='2025-06-02T16:47:28.2467940Z'/><EventRecordID>66</EventRecordID><Correlation/><Execution ProcessID='1148' ThreadID='0'/><Channel>Application</Channel><Computer>NIKOLAISMETBD82</Computer><Security/></System><EventData><Data>Windows(R) UL volume License (Private)</Data><Data>b424707c-2029-452e-a4ce-4efac44c0d04</Data></EventData><RenderingInfo Culture='en-US'><Message>The Software Protection service has successfully installed the license.&#13;&#10;License Title=Windows(R) UL volume License (Private)&#13;&#10;License Id=b424707c-2029-452e-a4ce-4efac44c0d04</Message><Level>Information</Level><Provider>Microsoft-Windows-Security-SPP</Provider><Keywords><Keyword>Classic</Keyword></Keywords></RenderingInfo></Event><Event xmlns='http://schemas.microsoft.com/win/2004/08/events/event'><System><Provider Name='Microsoft-Windows-Security-SPP' Guid='{E23B33B0-C8C9-472C-A5F9-F2BDFEA0F156}' EventSourceName='Software Protection Platform Service'/><EventID Qualifiers='16384'>1004</EventID><Version>0</Version><Level>4</Level><Task>0</Task><Opcode>0</Opcode><Keywords>0x80000000000000</Keywords><TimeCreated SystemTime='2025-06-02T16:47:28.2459160Z'/><EventRecordID>65</EventRecordID><Correlation/><Execution ProcessID='1148' ThreadID='0'/><Channel>Application</Channel><Computer>NIKOLAISMETBD82</Computer><Security/></System><EventData><Data>Windows(R) UL volume License (Public)</Data><Data>ef943fe4-d0cc-4e19-b9ee-c0275661a553</Data></EventData><RenderingInfo Culture='en-US'><Message>The Software Protection service has successfully installed the license.&#13;&#10;License Title=Windows(R) UL volume License (Public)&#13;&#10;License Id=ef943fe4-d0cc-4e19-b9ee-c0275661a553</Message><Level>Information</Level><Provider>Microsoft-Windows-Security-SPP</Provider><Keywords><Keyword>Classic</Keyword></Keywords></RenderingInfo></Event><Event xmlns='http://schemas.microsoft.com/win/2004/08/events/event'><System><Provider Name='Microsoft-Windows-Security-SPP' Guid='{E23B33B0-C8C9-472C-A5F9-F2BDFEA0F156}' EventSourceName='Software Protection Platform Service'/><EventID Qualifiers='16384'>1004</EventID><Version>0</Version><Level>4</Level><Task>0</Task><Opcode>0</Opcode><Keywords>0x80000000000000</Keywords><TimeCreated SystemTime='2025-06-02T16:47:28.2300405Z'/><EventRecordID>64</EventRecordID><Correlation/><Execution ProcessID='1148' ThreadID='0'/><Channel>Application</Channel><Computer>NIKOLAISMETBD82</Computer><Security/></System><EventData><Data>Windows(R) UL oob License (Private)</Data><Data>44fd666e-1af9-47b7-8798-a31072748e79</Data></EventData><RenderingInfo Culture='en-US'><Message>The Software Protection service has successfully installed the license.&#13;&#10;License Title=Windows(R) UL oob License (Private)&#13;&#10;License Id=44fd666e-1af9-47b7-8798-a31072748e79</Message><Level>Information</Level><Provider>Microsoft-Windows-Security-SPP</Provider><Keywords><Keyword>Classic</Keyword></Keywords></RenderingInfo></Event><Event xmlns='http://schemas.microsoft.com/win/2004/08/events/event'><System><Provider Name='Microsoft-Windows-Security-SPP' Guid='{E23B33B0-C8C9-472C-A5F9-F2BDFEA0F156}' EventSourceName='Software Protection Platform Service'/><EventID Qualifiers='16384'>1004</EventID><Version>0</Version><Level>4</Level><Task>0</Task><Opcode>0</Opcode><Keywords>0x80000000000000</Keywords><TimeCreated SystemTime='2025-06-02T16:47:28.2293191Z'/><EventRecordID>63</EventRecordID><Correlation/><Execution ProcessID='1148' ThreadID='0'/><Channel>Application</Channel><Computer>NIKOLAISMETBD82</Computer><Security/></System><EventData><Data>Windows(R) UL oob License (Public)</Data><Data>4202e505-7ad7-4708-9a83-3d20b3668a2d</Data></EventData><RenderingInfo Culture='en-US'><Message>The Software Protection service has successfully installed the license.&#13;&#10;License Title=Windows(R) UL oob License (Public)&#13;&#10;License Id=4202e505-7ad7-4708-9a83-3d20b3668a2d</Message><Level>Information</Level><Provider>Microsoft-Windows-Security-SPP</Provider><Keywords><Keyword>Classic</Keyword></Keywords></RenderingInfo></Event><Event xmlns='http://schemas.microsoft.com/win/2004/08/events/event'><System><Provider Name='Microsoft-Windows-Security-SPP' Guid='{E23B33B0-C8C9-472C-A5F9-F2BDFEA0F156}' EventSourceName='Software Protection Platform Service'/><EventID Qualifiers='16384'>1004</EventID><Version>0</Version><Level>4</Level><Task>0</Task><Opcode>0</Opcode><Keywords>0x80000000000000</Keywords><TimeCreated SystemTime='2025-06-02T16:47:28.2129545Z'/><EventRecordID>62</EventRecordID><Correlation/><Execution ProcessID='1148' ThreadID='0'/><Channel>Application</Channel><Computer>NIKOLAISMETBD82</Computer><Security/></System><EventData><Data>Windows(R) UL store License (Private)</Data><Data>8a56c01f-dd06-478e-9931-06bd99070492</Data></EventData><RenderingInfo Culture='en-US'><Message>The Software Protection service has successfully installed the license.&#13;&#10;License Title=Windows(R) UL store License (Private)&#13;&#10;License Id=8a56c01f-dd06-478e-9931-06bd99070492</Message><Level>Information</Level><Provider>Microsoft-Windows-Security-SPP</Provider><Keywords><Keyword>Classic</Keyword></Keywords></RenderingInfo></Event><Event xmlns='http://schemas.microsoft.com/win/2004/08/events/event'><System><Provider Name='Microsoft-Windows-Security-SPP' Guid='{E23B33B0-C8C9-472C-A5F9-F2BDFEA0F156}' EventSourceName='Software Protection Platform Service'/><EventID Qualifiers='16384'>1004</EventID><Version>0</Version><Level>4</Level><Task>0</Task><Opcode>0</Opcode><Keywords>0x80000000000000</Keywords><TimeCreated SystemTime='2025-06-02T16:47:28.2121675Z'/><EventRecordID>61</EventRecordID><Correlation/><Execution ProcessID='1148' ThreadID='0'/><Channel>Application</Channel><Computer>NIKOLAISMETBD82</Computer><Security/></System><EventData><Data>Windows(R) UL store License (Public)</Data><Data>f6a4dcd7-d66b-46c7-ae02-29c32113c3b7</Data></EventData><RenderingInfo Culture='en-US'><Message>The Software Protection service has successfully installed the license.&#13;&#10;License Title=Windows(R) UL store License (Public)&#13;&#10;License Id=f6a4dcd7-d66b-46c7-ae02-29c32113c3b7</Message><Level>Information</Level><Provider>Microsoft-Windows-Security-SPP</Provider><Keywords><Keyword>Classic</Keyword></Keywords></RenderingInfo></Event><Event xmlns='http://schemas.microsoft.com/win/2004/08/events/event'><System><Provider Name='Microsoft-Windows-Security-SPP' Guid='{E23B33B0-C8C9-472C-A5F9-F2BDFEA0F156}' EventSourceName='Software Protection Platform Service'/><EventID Qualifiers='16384'>1004</EventID><Version>0</Version><Level>4</Level><Task>0</Task><Opcode>0</Opcode><Keywords>0x80000000000000</Keywords><TimeCreated SystemTime='2025-06-02T16:47:28.1964687Z'/><EventRecordID>60</EventRecordID><Correlation/><Execution ProcessID='1148' ThreadID='0'/><Channel>Application</Channel><Computer>NIKOLAISMETBD82</Computer><Security/></System><EventData><Data>Windows(R) UL phone License (Private)</Data><Data>ff106328-c04a-413c-85fd-85a0dd3547b6</Data></EventData><RenderingInfo Culture='en-US'><Message>The Software Protection service has successfully installed the license.&#13;&#10;License Title=Windows(R) UL phone License (Private)&#13;&#10;License Id=ff106328-c04a-413c-85fd-85a0dd3547b6</Message><Level>Information</Level><Provider>Microsoft-Windows-Security-SPP</Provider><Keywords><Keyword>Classic</Keyword></Keywords></RenderingInfo></Event><Event xmlns='http://schemas.microsoft.com/win/2004/08/events/event'><System><Provider Name='Microsoft-Windows-Security-SPP' Guid='{E23B33B0-C8C9-472C-A5F9-F2BDFEA0F156}' EventSourceName='Software Protection Platform Service'/><EventID Qualifiers='16384'>1004</EventID><Version>0</Version><Level>4</Level><Task>0</Task><Opcode>0</Opcode><Keywords>0x80000000000000</Keywords><TimeCreated SystemTime='2025-06-02T16:47:28.1955372Z'/><EventRecordID>59</EventRecordID><Correlation/><Execution ProcessID='1148' ThreadID='0'/><Channel>Application</Channel><Computer>NIKOLAISMETBD82</Computer><Security/></System><EventData><Data>Windows(R) UL phone License (Public)</Data><Data>3eb4a1c0-7dd4-4f9b-b1a4-9faa986e5a39</Data></EventData><RenderingInfo Culture='en-US'><Message>The Software Protection service has successfully installed the license.&#13;&#10;License Title=Windows(R) UL phone License (Public)&#13;&#10;License Id=3eb4a1c0-7dd4-4f9b-b1a4-9faa986e5a39</Message><Level>Information</Level><Provider>Microsoft-Windows-Security-SPP</Provider><Keywords><Keyword>Classic</Keyword></Keywords></RenderingInfo></Event><Event xmlns='http://schemas.microsoft.com/win/2004/08/events/event'><System><Provider Name='Microsoft-Windows-Security-SPP' Guid='{E23B33B0-C8C9-472C-A5F9-F2BDFEA0F156}' EventSourceName='Software Protection Platform Service'/><EventID Qualifiers='16384'>1004</EventID><Version>0</Version><Level>4</Level><Task>0</Task><Opcode>0</Opcode><Keywords>0x80000000000000</Keywords><TimeCreated SystemTime='2025-06-02T16:47:28.1787830Z'/><EventRecordID>58</EventRecordID><Correlation/><Execution ProcessID='1148' ThreadID='0'/><Channel>Application</Channel><Computer>NIKOLAISMETBD82</Computer><Security/></System><EventData><Data>Windows(R) UL oob License (Private)</Data><Data>d7cc19cb-cd21-4714-b67f-ffcde4bbd6fb</Data></EventData><RenderingInfo Culture='en-US'><Message>The Software Protection service has successfully installed the license.&#13;&#10;License Title=Windows(R) UL oob License (Private)&#13;&#10;License Id=d7cc19cb-cd21-4714-b67f-ffcde4bbd6fb</Message><Level>Information</Level><Provider>Microsoft-Windows-Security-SPP</Provider><Keywords><Keyword>Classic</Keyword></Keywords></RenderingInfo></Event><Event xmlns='http://schemas.microsoft.com/win/2004/08/events/event'><System><Provider Name='Microsoft-Windows-Security-SPP' Guid='{E23B33B0-C8C9-472C-A5F9-F2BDFEA0F156}' EventSourceName='Software Protection Platform Service'/><EventID Qualifiers='16384'>1004</EventID><Version>0</Version><Level>4</Level><Task>0</Task><Opcode>0</Opcode><Keywords>0x80000000000000</Keywords><TimeCreated SystemTime='2025-06-02T16:47:28.1778627Z'/><EventRecordID>57</EventRecordID><Correlation/><Execution ProcessID='1148' ThreadID='0'/><Channel>Application</Channel><Computer>NIKOLAISMETBD82</Computer><Security/></System><EventData><Data>Windows(R) UL oob License (Public)</Data><Data>2a5611ef-5374-4f96-ab65-c7174e40f59d</Data></EventData><RenderingInfo Culture='en-US'><Message>The Software Protection service has successfully installed the license.&#13;&#10;License Title=Windows(R) UL oob License (Public)&#13;&#10;License Id=2a5611ef-5374-4f96-ab65-c7174e40f59d</Message><Level>Information</Level><Provider>Microsoft-Windows-Security-SPP</Provider><Keywords><Keyword>Classic</Keyword></Keywords></RenderingInfo></Event><Event xmlns='http://schemas.microsoft.com/win/2004/08/events/event'><System><Provider Name='Microsoft-Windows-Security-SPP' Guid='{E23B33B0-C8C9-472C-A5F9-F2BDFEA0F156}' EventSourceName='Software Protection Platform Service'/><EventID Qualifiers='16384'>1004</EventID><Version>0</Version><Level>4</Level><Task>0</Task><Opcode>0</Opcode><Keywords>0x80000000000000</Keywords><TimeCreated SystemTime='2025-06-02T16:47:28.1626151Z'/><EventRecordID>56</EventRecordID><Correlation/><Execution ProcessID='1148' ThreadID='0'/><Channel>Application</Channel><Computer>NIKOLAISMETBD82</Computer><Security/></System><EventData><Data>Windows(R) Publishing License (Private)</Data><Data>74ca610e-6df9-429a-84b5-e9ec3a9c4c25</Data></EventData><RenderingInfo Culture='en-US'><Message>The Software Protection service has successfully installed the license.&#13;&#10;License Title=Windows(R) Publishing License (Private)&#13;&#10;License Id=74ca610e-6df9-429a-84b5-e9ec3a9c4c25</Message><Level>Information</Level><Provider>Microsoft-Windows-Security-SPP</Provider><Keywords><Keyword>Classic</Keyword></Keywords></RenderingInfo></Event><Event xmlns='http://schemas.microsoft.com/win/2004/08/events/event'><System><Provider Name='Microsoft-Windows-Security-SPP' Guid='{E23B33B0-C8C9-472C-A5F9-F2BDFEA0F156}' EventSourceName='Software Protection Platform Service'/><EventID Qualifiers='16384'>1004</EventID><Version>0</Version><Level>4</Level><Task>0</Task><Opcode>0</Opcode><Keywords>0x80000000000000</Keywords><TimeCreated SystemTime='2025-06-02T16:47:28.1619048Z'/><EventRecordID>55</EventRecordID><Correlation/><Execution ProcessID='1148' ThreadID='0'/><Channel>Application</Channel><Computer>NIKOLAISMETBD82</Computer><Security/></System><EventData><Data>Windows(R) Publishing License (Public)</Data><Data>babdffec-cd8f-40d3-8236-ffcdb072673b</Data></EventData><RenderingInfo Culture='en-US'><Message>The Software Protection service has successfully installed the license.&#13;&#10;License Title=Windows(R) Publishing License (Public)&#13;&#10;License Id=babdffec-cd8f-40d3-8236-ffcdb072673b</Message><Level>Information</Level><Provider>Microsoft-Windows-Security-SPP</Provider><Keywords><Keyword>Classic</Keyword></Keywords></RenderingInfo></Event><Event xmlns='http://schemas.microsoft.com/win/2004/08/events/event'><System><Provider Name='Microsoft-Windows-Security-SPP' Guid='{E23B33B0-C8C9-472C-A5F9-F2BDFEA0F156}' EventSourceName='Software Protection Platform Service'/><EventID Qualifiers='16384'>1004</EventID><Version>0</Version><Level>4</Level><Task>0</Task><Opcode>0</Opcode><Keywords>0x80000000000000</Keywords><TimeCreated SystemTime='2025-06-02T16:47:28.1467601Z'/><EventRecordID>54</EventRecordID><Correlation/><Execution ProcessID='1148' ThreadID='0'/><Channel>Application</Channel><Computer>NIKOLAISMETBD82</Computer><Security/></System><EventData><Data>Windows(R) CloudEdition Product PPD License</Data><Data>65b4a820-134c-ee40-3992-4eaccd2f7cab</Data></EventData><RenderingInfo Culture='en-US'><Message>The Software Protection service has successfully installed the license.&#13;&#10;License Title=Windows(R) CloudEdition Product PPD License&#13;&#10;License Id=65b4a820-134c-ee40-3992-4eaccd2f7cab</Message><Level>Information</Level><Provider>Microsoft-Windows-Security-SPP</Provider><Keywords><Keyword>Classic</Keyword></Keywords></RenderingInfo></Event><Event xmlns='http://schemas.microsoft.com/win/2004/08/events/event'><System><Provider Name='Microsoft-Windows-Security-SPP' Guid='{E23B33B0-C8C9-472C-A5F9-F2BDFEA0F156}' EventSourceName='Software Protection Platform Service'/><EventID Qualifiers='16384'>1004</EventID><Version>0</Version><Level>4</Level><Task>0</Task><Opcode>0</Opcode><Keywords>0x80000000000000</Keywords><TimeCreated SystemTime='2025-06-02T16:47:28.1299174Z'/><EventRecordID>53</EventRecordID><Correlation/><Execution ProcessID='1148' ThreadID='0'/><Channel>Application</Channel><Computer>NIKOLAISMETBD82</Computer><Security/></System><EventData><Data>Windows(R) UL store License (Private)</Data><Data>7f224694-58da-4d44-871a-b674be5828a0</Data></EventData><RenderingInfo Culture='en-US'><Message>The Software Protection service has successfully installed the license.&#13;&#10;License Title=Windows(R) UL store License (Private)&#13;&#10;License Id=7f224694-58da-4d44-871a-b674be5828a0</Message><Level>Information</Level><Provider>Microsoft-Windows-Security-SPP</Provider><Keywords><Keyword>Classic</Keyword></Keywords></RenderingInfo></Event><Event xmlns='http://schemas.microsoft.com/win/2004/08/events/event'><System><Provider Name='Microsoft-Windows-Security-SPP' Guid='{E23B33B0-C8C9-472C-A5F9-F2BDFEA0F156}' EventSourceName='Software Protection Platform Service'/><EventID Qualifiers='16384'>1004</EventID><Version>0</Version><Level>4</Level><Task>0</Task><Opcode>0</Opcode><Keywords>0x80000000000000</Keywords><TimeCreated SystemTime='2025-06-02T16:47:28.1290361Z'/><EventRecordID>52</EventRecordID><Correlation/><Execution ProcessID='1148' ThreadID='0'/><Channel>Application</Channel><Computer>NIKOLAISMETBD82</Computer><Security/></System><EventData><Data>Windows(R) UL store License (Public)</Data><Data>b19a1855-2e0a-4af7-bcab-98496a314896</Data></EventData><RenderingInfo Culture='en-US'><Message>The Software Protection service has successfully installed the license.&#13;&#10;License Title=Windows(R) UL store License (Public)&#13;&#10;License Id=b19a1855-2e0a-4af7-bcab-98496a314896</Message><Level>Information</Level><Provider>Microsoft-Windows-Security-SPP</Provider><Keywords><Keyword>Classic</Keyword></Keywords></RenderingInfo></Event><Event xmlns='http://schemas.microsoft.com/win/2004/08/events/event'><System><Provider Name='Microsoft-Windows-Security-SPP' Guid='{E23B33B0-C8C9-472C-A5F9-F2BDFEA0F156}' EventSourceName='Software Protection Platform Service'/><EventID Qualifiers='16384'>1004</EventID><Version>0</Version><Level>4</Level><Task>0</Task><Opcode>0</Opcode><Keywords>0x80000000000000</Keywords><TimeCreated SystemTime='2025-06-02T16:47:28.0796543Z'/><EventRecordID>51</EventRecordID><Correlation/><Execution ProcessID='1148' ThreadID='0'/><Channel>Application</Channel><Computer>NIKOLAISMETBD82</Computer><Security/></System><EventData><Data>Windows(R) UL phone License (Private)</Data><Data>4b0ffa2d-3c56-43ff-a5ac-4ed2e364354e</Data></EventData><RenderingInfo Culture='en-US'><Message>The Software Protection service has successfully installed the license.&#13;&#10;License Title=Windows(R) UL phone License (Private)&#13;&#10;License Id=4b0ffa2d-3c56-43ff-a5ac-4ed2e364354e</Message><Level>Information</Level><Provider>Microsoft-Windows-Security-SPP</Provider><Keywords><Keyword>Classic</Keyword></Keywords></RenderingInfo></Event><Event xmlns='http://schemas.microsoft.com/win/2004/08/events/event'><System><Provider Name='Microsoft-Windows-Security-SPP' Guid='{E23B33B0-C8C9-472C-A5F9-F2BDFEA0F156}' EventSourceName='Software Protection Platform Service'/><EventID Qualifiers='16384'>1004</EventID><Version>0</Version><Level>4</Level><Task>0</Task><Opcode>0</Opcode><Keywords>0x80000000000000</Keywords><TimeCreated SystemTime='2025-06-02T16:47:28.0786911Z'/><EventRecordID>50</EventRecordID><Correlation/><Execution ProcessID='1148' ThreadID='0'/><Channel>Application</Channel><Computer>NIKOLAISMETBD82</Computer><Security/></System><EventData><Data>Windows(R) UL phone License (Public)</Data><Data>d3c9bc4d-81a1-42d6-8b5a-3498e7821ee0</Data></EventData><RenderingInfo Culture='en-US'><Message>The Software Protection service has successfully installed the license.&#13;&#10;License Title=Windows(R) UL phone License (Public)&#13;&#10;License Id=d3c9bc4d-81a1-42d6-8b5a-3498e7821ee0</Message><Level>Information</Level><Provider>Microsoft-Windows-Security-SPP</Provider><Keywords><Keyword>Classic</Keyword></Keywords></RenderingInfo></Event><Event xmlns='http://schemas.microsoft.com/win/2004/08/events/event'><System><Provider Name='Microsoft-Windows-Security-SPP' Guid='{E23B33B0-C8C9-472C-A5F9-F2BDFEA0F156}' EventSourceName='Software Protection Platform Service'/><EventID Qualifiers='16384'>1004</EventID><Version>0</Version><Level>4</Level><Task>0</Task><Opcode>0</Opcode><Keywords>0x80000000000000</Keywords><TimeCreated SystemTime='2025-06-02T16:47:28.0536124Z'/><EventRecordID>49</EventRecordID><Correlation/><Execution ProcessID='1148' ThreadID='0'/><Channel>Application</Channel><Computer>NIKOLAISMETBD82</Computer><Security/></System><EventData><Data>Windows(R) UL oob License (Private)</Data><Data>4008a010-c4aa-4858-b8db-0ac12d533f1c</Data></EventData><RenderingInfo Culture='en-US'><Message>The Software Protection service has successfully installed the license.&#13;&#10;License Title=Windows(R) UL oob License (Private)&#13;&#10;License Id=4008a010-c4aa-4858-b8db-0ac12d533f1c</Message><Level>Information</Level><Provider>Microsoft-Windows-Security-SPP</Provider><Keywords><Keyword>Classic</Keyword></Keywords></RenderingInfo></Event><Event xmlns='http://schemas.microsoft.com/win/2004/08/events/event'><System><Provider Name='Microsoft-Windows-Security-SPP' Guid='{E23B33B0-C8C9-472C-A5F9-F2BDFEA0F156}' EventSourceName='Software Protection Platform Service'/><EventID Qualifiers='16384'>1004</EventID><Version>0</Version><Level>4</Level><Task>0</Task><Opcode>0</Opcode><Keywords>0x80000000000000</Keywords><TimeCreated SystemTime='2025-06-02T16:47:28.0530018Z'/><EventRecordID>48</EventRecordID><Correlation/><Execution ProcessID='1148' ThreadID='0'/><Channel>Application</Channel><Computer>NIKOLAISMETBD82</Computer><Security/></System><EventData><Data>Windows(R) UL oob License (Public)</Data><Data>00b36d8b-8ad3-499a-9e3b-381fde38c0e6</Data></EventData><RenderingInfo Culture='en-US'><Message>The Software Protection service has successfully installed the license.&#13;&#10;License Title=Windows(R) UL oob License (Public)&#13;&#10;License Id=00b36d8b-8ad3-499a-9e3b-381fde38c0e6</Message><Level>Information</Level><Provider>Microsoft-Windows-Security-SPP</Provider><Keywords><Keyword>Classic</Keyword></Keywords></RenderingInfo></Event><Event xmlns='http://schemas.microsoft.com/win/2004/08/events/event'><System><Provider Name='Microsoft-Windows-Security-SPP' Guid='{E23B33B0-C8C9-472C-A5F9-F2BDFEA0F156}' EventSourceName='Software Protection Platform Service'/><EventID Qualifiers='16384'>1004</EventID><Version>0</Version><Level>4</Level><Task>0</Task><Opcode>0</Opcode><Keywords>0x80000000000000</Keywords><TimeCreated SystemTime='2025-06-02T16:47:28.0353345Z'/><EventRecordID>47</EventRecordID><Correlation/><Execution ProcessID='1148' ThreadID='0'/><Channel>Application</Channel><Computer>NIKOLAISMETBD82</Computer><Security/></System><EventData><Data>Windows(R) Publishing License (Private)</Data><Data>5b9e0da7-6974-47f3-9de7-74295b0b2143</Data></EventData><RenderingInfo Culture='en-US'><Message>The Software Protection service has successfully installed the license.&#13;&#10;License Title=Windows(R) Publishing License (Private)&#13;&#10;License Id=5b9e0da7-6974-47f3-9de7-74295b0b2143</Message><Level>Information</Level><Provider>Microsoft-Windows-Security-SPP</Provider><Keywords><Keyword>Classic</Keyword></Keywords></RenderingInfo></Event><Event xmlns='http://schemas.microsoft.com/win/2004/08/events/event'><System><Provider Name='Microsoft-Windows-Security-SPP' Guid='{E23B33B0-C8C9-472C-A5F9-F2BDFEA0F156}' EventSourceName='Software Protection Platform Service'/><EventID Qualifiers='16384'>1004</EventID><Version>0</Version><Level>4</Level><Task>0</Task><Opcode>0</Opcode><Keywords>0x80000000000000</Keywords><TimeCreated SystemTime='2025-06-02T16:47:28.0341405Z'/><EventRecordID>46</EventRecordID><Correlation/><Execution ProcessID='1148' ThreadID='0'/><Channel>Application</Channel><Computer>NIKOLAISMETBD82</Computer><Security/></System><EventData><Data>Windows(R) Publishing License (Public)</Data><Data>2b38a663-b441-4331-8ae1-8e2cf368c3fe</Data></EventData><RenderingInfo Culture='en-US'><Message>The Software Protection service has successfully installed the license.&#13;&#10;License Title=Windows(R) Publishing License (Public)&#13;&#10;License Id=2b38a663-b441-4331-8ae1-8e2cf368c3fe</Message><Level>Information</Level><Provider>Microsoft-Windows-Security-SPP</Provider><Keywords><Keyword>Classic</Keyword></Keywords></RenderingInfo></Event><Event xmlns='http://schemas.microsoft.com/win/2004/08/events/event'><System><Provider Name='Microsoft-Windows-CAPI2' Guid='{5bbca4a8-b209-48dc-a8c7-b23d3e5216fb}' EventSourceName='Microsoft-Windows-CAPI2'/><EventID Qualifiers='0'>4097</EventID><Version>0</Version><Level>4</Level><Task>0</Task><Opcode>0</Opcode><Keywords>0x8080000000000000</Keywords><TimeCreated SystemTime='2025-06-02T16:47:12.0890792Z'/><EventRecordID>45</EventRecordID><Correlation/><Execution ProcessID='2080' ThreadID='4972'/><Channel>Application</Channel><Computer>NIKOLAISMETBD82</Computer><Security/></System><EventData><Data>CN=DigiCert Global Root G3, OU=www.digicert.com, O=DigiCert Inc, C=US</Data><Data>7E04DE896A3E666D00E687D33FFAD93BE83D349E</Data></EventData><RenderingInfo Culture='en-US'><Message>Successful auto update of third-party root certificate:: Subject: &lt;CN=DigiCert Global Root G3, OU=www.digicert.com, O=DigiCert Inc, C=US&gt; Sha1 thumbprint: &lt;7E04DE896A3E666D00E687D33FFAD93BE83D349E&gt;.</Message><Level>Information</Level><Opcode>Info</Opcode><Provider>Microsoft-Windows-CAPI2</Provider><Keywords><Keyword>Classic</Keyword></Keywords></RenderingInfo></Event><Event xmlns='http://schemas.microsoft.com/win/2004/08/events/event'><System><Provider Name='edgeupdate'/><EventID Qualifiers='0'>0</EventID><Version>0</Version><Level>4</Level><Task>0</Task><Opcode>0</Opcode><Keywords>0x80000000000000</Keywords><TimeCreated SystemTime='2025-06-02T16:47:12.1314344Z'/><EventRecordID>44</EventRecordID><Correlation/><Execution ProcessID='5616' ThreadID='0'/><Channel>Application</Channel><Computer>NIKOLAISMETBD82</Computer><Security/></System><EventData><Data>Service stopped</Data></EventData><RenderingInfo Culture='en-US'><Message>Service stopped.</Message><Level>Information</Level><Task>None</Task><Opcode>Info</Opcode><Keywords><Keyword>Classic</Keyword></Keywords></RenderingInfo></Event><Event xmlns='http://schemas.microsoft.com/win/2004/08/events/event'><System><Provider Name='Windows Error Reporting' Guid='{0ead09bd-2157-539a-8d6d-c87f95b64d70}'/><EventID>1001</EventID><Version>0</Version><Level>4</Level><Task>0</Task><Opcode>0</Opcode><Keywords>0x8000000000000000</Keywords><TimeCreated SystemTime='2025-06-02T16:47:11.2437962Z'/><EventRecordID>43</EventRecordID><Correlation/><Execution ProcessID='7956' ThreadID='8148'/><Channel>Application</Channel><Computer>NIKOLAISMETBD82</Computer><Security UserID='S-1-5-18'/></System><EventData><Data Name='Bucket'></Data><Data Name='BucketType'>0</Data><Data Name='EventName'>crashpad_log</Data><Data Name='Response'>Not available</Data><Data Name='CabId'>0</Data><Data Name='P1'>MicrosoftEdgeUpdate.exe</Data><Data Name='P2'>1.3.185.27</Data><Data Name='P3'>CriticalRequestError</Data><Data Name='P4'>0xa043081c</Data><Data Name='P5'></Data><Data Name='P6'></Data><Data Name='P7'></Data><Data Name='P8'></Data><Data Name='P9'></Data><Data Name='P10'></Data><Data Name='AttachedFiles'></Data><Data Name='StorePath'>\\?\C:\ProgramData\Microsoft\Windows\WER\ReportQueue\NonCritical_MicrosoftEdgeUpd_ba1b58b3ecde5815e8722828f5d4ca3184ec18c1_00000000_36885ca6-218d-4b27-a083-b213629ddb2f</Data><Data Name='AnalysisSymbol'></Data><Data Name='Rechecking'>0</Data><Data Name='ReportId'>36885ca6-218d-4b27-a083-b213629ddb2f</Data><Data Name='ReportStatus'>6</Data><Data Name='HashedBucket'></Data><Data Name='CabGuid'>0</Data></EventData><RenderingInfo Culture='en-US'><Message>Fault bucket , type 0&#13;&#10;Event Name: crashpad_log&#13;&#10;Response: Not available&#13;&#10;Cab Id: 0&#13;&#10;&#13;&#10;Problem signature:&#13;&#10;P1: MicrosoftEdgeUpdate.exe&#13;&#10;P2: 1.3.185.27&#13;&#10;P3: CriticalRequestError&#13;&#10;P4: 0xa043081c&#13;&#10;P5: &#13;&#10;P6: &#13;&#10;P7: &#13;&#10;P8: &#13;&#10;P9: &#13;&#10;P10: &#13;&#10;&#13;&#10;Attached files:&#13;&#10;&#13;&#10;These files may be available here:&#13;&#10;\\?\C:\ProgramData\Microsoft\Windows\WER\ReportQueue\NonCritical_MicrosoftEdgeUpd_ba1b58b3ecde5815e8722828f5d4ca3184ec18c1_00000000_36885ca6-218d-4b27-a083-b213629ddb2f&#13;&#10;&#13;&#10;Analysis symbol: &#13;&#10;Rechecking for solution: 0&#13;&#10;Report Id: 36885ca6-218d-4b27-a083-b213629ddb2f&#13;&#10;Report Status: 6&#13;&#10;Hashed bucket: &#13;&#10;Cab Guid: 0</Message><Level>Information</Level><Opcode>Info</Opcode><Channel>Application</Channel></RenderingInfo></Event><Event xmlns='http://schemas.microsoft.com/win/2004/08/events/event'><System><Provider Name='Windows Error Reporting' Guid='{0ead09bd-2157-539a-8d6d-c87f95b64d70}'/><EventID>1001</EventID><Version>0</Version><Level>4</Level><Task>0</Task><Opcode>0</Opcode><Keywords>0x8000000000000000</Keywords><TimeCreated SystemTime='2025-06-02T16:47:11.0872487Z'/><EventRecordID>42</EventRecordID><Correlation/><Execution ProcessID='7704' ThreadID='7708'/><Channel>Application</Channel><Computer>NIKOLAISMETBD82</Computer><Security UserID='S-1-5-18'/></System><EventData><Data Name='Bucket'></Data><Data Name='BucketType'>0</Data><Data Name='EventName'>crashpad_log</Data><Data Name='Response'>Not available</Data><Data Name='CabId'>0</Data><Data Name='P1'>MicrosoftEdgeUpdate.exe</Data><Data Name='P2'>1.3.185.27</Data><Data Name='P3'>CriticalRequestError</Data><Data Name='P4'>0xa043081c</Data><Data Name='P5'></Data><Data Name='P6'></Data><Data Name='P7'></Data><Data Name='P8'></Data><Data Name='P9'></Data><Data Name='P10'></Data><Data Name='AttachedFiles'>
\\?\C:\ProgramData\Microsoft\EdgeUpdate\Log\MicrosoftEdgeUpdate.log
\\?\C:\Windows\Temp\msedge_installer.log</Data><Data Name='StorePath'>NULL</Data><Data Name='AnalysisSymbol'></Data><Data Name='Rechecking'>0</Data><Data Name='ReportId'>36885ca6-218d-4b27-a083-b213629ddb2f</Data><Data Name='ReportStatus'>262148</Data><Data Name='HashedBucket'></Data><Data Name='CabGuid'>0</Data></EventData><RenderingInfo Culture='en-US'><Message>Fault bucket , type 0&#13;&#10;Event Name: crashpad_log&#13;&#10;Response: Not available&#13;&#10;Cab Id: 0&#13;&#10;&#13;&#10;Problem signature:&#13;&#10;P1: MicrosoftEdgeUpdate.exe&#13;&#10;P2: 1.3.185.27&#13;&#10;P3: CriticalRequestError&#13;&#10;P4: 0xa043081c&#13;&#10;P5: &#13;&#10;P6: &#13;&#10;P7: &#13;&#10;P8: &#13;&#10;P9: &#13;&#10;P10: &#13;&#10;&#13;&#10;Attached files:&#13;&#10;\\?\C:\ProgramData\Microsoft\EdgeUpdate\Log\MicrosoftEdgeUpdate.log&#13;&#10;\\?\C:\Windows\Temp\msedge_installer.log&#13;&#10;&#13;&#10;These files may be available here:&#13;&#10;NULL&#13;&#10;&#13;&#10;Analysis symbol: &#13;&#10;Rechecking for solution: 0&#13;&#10;Report Id: 36885ca6-218d-4b27-a083-b213629ddb2f&#13;&#10;Report Status: 262148&#13;&#10;Hashed bucket: &#13;&#10;Cab Guid: 0</Message><Level>Information</Level><Opcode>Info</Opcode><Channel>Application</Channel></RenderingInfo></Event>