<Event xmlns='http://schemas.microsoft.com/win/2004/08/events/event'><System><Provider Name='Microsoft-Windows-Security-SPP' Guid='{E23B33B0-C8C9-472C-A5F9-F2BDFEA0F156}' EventSourceName='Software Protection Platform Service'/><EventID Qualifiers='16384'>1003</EventID><Version>0</Version><Level>4</Level><Task>0</Task><Opcode>0</Opcode><Keywords>0x80000000000000</Keywords><TimeCreated SystemTime='2025-06-02T16:47:30.6587531Z'/><EventRecordID>247</EventRecordID><Correlation/><Execution ProcessID='1148' ThreadID='0'/><Channel>Application</Channel><Computer>NIKOLAISMETBD82</Computer><Security/></System><EventData><Data>55c92734-d682-4d71-983e-d6ec3f16059f</Data><Data>
1: 01eb852c-424d-4060-94b8-c10d799d7364, 1, 0 [(0 [0xC004F014, 0, 0], [(?)(?)(?)(?)(?)(?)(?)(?)])(1 )(2 )(3 )]
2: 040fa323-92b1-4baf-97a2-5b67feaefddb, 1, 0 [(0 [0xC004F014, 0, 0], [(?)(?)(?)(?)(?)(?)(?)(?)])(1 )(2 )(3 )]
3: 0724cb7d-3437-4cb7-93cb-830375d0079d, 1, 0 [(0 [0xC004F014, 0, 0], [(?)(?)(?)(?)(?)(?)(?)(?)])(1 )(2 )(3 )]
4: 0ad2ac98-7bb9-4201-8d92-312299201369, 1, 0 [(0 [0xC004F014, 0, 0], [(?)(?)(?)(?)(?)(?)(?)(?)])(1 )(2 )(3 )]
5: 19de9b2f-0166-4abb-9534-56ea69a80edb, 1, 0 [(0 [0xC004F014, 0, 0], [(?)(?)(?)(?)(?)(?)(?)(?)])(1 )(2 )(3 )]
6: 1a9a717a-cf13-4ba5-83c3-0fe25fa868d5, 1, 0 [(0 [0xC004F014, 0, 0], [(?)(?)(?)(?)(?)(?)(?)(?)])(1 )(2 )(3 )]
7: 221a02da-e2a1-4b75-864c-0a4410a33fdf, 1, 0 [(0 [0xC004F014, 0, 0], [(?)(?)(?)(?)(?)(?)(?)(?)])(1 )(2 )(3 )]
8: 265f3fad-6a1c-4bdd-ae30-c75efa556ccb, 1, 0 [(0 [0xC004F014, 0, 0], [(?)(?)(?)(?)(?)(?)(?)(?)])(1 )(2 )(3 )]
9: 291ece0e-9c38-40ca-a9e1-32cc7ec19507, 1, 0 [(0 [0xC004F014, 0, 0], [(?)(?)(?)(?)(?)(?)(?)(?)])(1 )(2 )(3 )]
10: 2936d1d2-913a-4542-b54e-ce5a602a2a38, 1, 0 [(0 [0xC004F014, 0, 0], [(?)(?)(?)(?)(?)(?)(?)(?)])(1 )(2 )(3 )]
11: 2c293c26-a45a-4a2a-a350-c69a67097529, 1, 0 [(0 [0xC004F014, 0, 0], [(?)(?)(?)(?)(?)(?)(?)(?)])(1 )(2 )(3 )]
12: 2de67392-b7a7-462a-b1ca-108dd189f588, 1, 0 [(0 [0xC004F014, 0, 0], [(?)(?)(?)(?)(?)(?)(?)(?)])(1 )(2 )(3 )]
13: 2ffd8952-423e-4903-b993-72a1aa44cf82, 1, 0 [(0 [0xC004F014, 0, 0], [(?)(?)(?)(?)(?)(?)(?)(?)])(1 )(2 )(3 )]
14: 30a42c86-b7a0-4a34-8c90-ff177cb2acb7, 1, 0 [(0 [0xC004F014, 0, 0], [(?)(?)(?)(?)(?)(?)(?)(?)])(1 )(2 )(3 )]
15: 345a5db0-d94f-4e3b-a0c0-7c42f7bc3ebf, 1, 0 [(0 [0xC004F014, 0, 0], [(?)(?)(?)(?)(?)(?)(?)(?)])(1 )(2 )(3 )]
16: 3502365a-f88a-4ba4-822a-5769d3073b65, 1, 0 [(0 [0xC004F014, 0, 0], [(?)(?)(?)(?)(?)(?)(?)(?)])(1 )(2 )(3 )]
17: 377333b1-8b5d-48d6-9679-1225c872d37c, 1, 0 [(0 [0xC004F014, 0, 0], [(?)(?)(?)(?)(?)(?)(?)(?)])(1 )(2 )(3 )]
18: 3df374ef-d444-4494-a5a1-4b0d9fd0e203, 1, 0 [(0 [0xC004F014, 0, 0], [(?)(?)(?)(?)(?)(?)(?)(?)])(1 )(2 )(3 )]
19: 3ebce241-ea87-4946-8a4f-80d00e921dff, 1, 0 [(0 [0xC004F014, 0, 0], [(?)(?)(?)(?)(?)(?)(?)(?)])(1 )(2 )(3 )]
20: 3f1afc82-f8ac-4f6c-8005-1d233e606eee, 1, 0 [(0 [0xC004F014, 0, 0], [(?)(?)(?)(?)(?)(?)(?)(?)])(1 )(2 )(3 )]
21: 4322a811-697c-44dc-865e-3e2fdcb86009, 1, 0 [(0 [0xC004F014, 0, 0], [(?)(?)(?)(?)(?)(?)(?)(?)])(1 )(2 )(3 )]
22: 49cd895b-53b2-4dc4-a5f7-b18aa019ad37, 1, 0 [(0 [0xC004F014, 0, 0], [(?)(?)(?)(?)(?)(?)(?)(?)])(1 )(2 )(3 )]
23: 4de7cb65-cdf1-4de9-8ae8-e3cce27b9f2c, 1, 0 [(0 )(1 )(2 [0xC004E003, 0, 0], [( 1 0xC004F034)( 1 0xC004F034)(?)(?)(?)(?)(?)(?)])(3 [0x00000000, 0, 0], [( 6 0xC004F009 0 0)( 1 0x00000000)( 6 0xC004F009 0 0)(?)(?)(?)( 10 0x00000000 msft:rm/algorithm/flags/1.0)( 11 0x00000000 0xC004F034)])]
24: 4f3da0d2-271d-4508-ae81-626b60809a38, 1, 0 [(0 [0xC004F014, 0, 0], [(?)(?)(?)(?)(?)(?)(?)(?)])(1 )(2 )(3 )]
25: 5d78c4e9-aeb3-4b40-8ac2-6a6005e0ad6d, 1, 0 [(0 [0xC004F014, 0, 0], [(?)(?)(?)(?)(?)(?)(?)(?)])(1 )(2 )(3 )]
26: 60b3ec1b-9545-4921-821f-311b129dd6f6, 1, 0 [(0 [0xC004F014, 0, 0], [(?)(?)(?)(?)(?)(?)(?)(?)])(1 )(2 )(3 )]
27: 613d217f-7f13-4268-9907-1662339531cd, 1, 0 [(0 [0xC004F014, 0, 0], [(?)(?)(?)(?)(?)(?)(?)(?)])(1 )(2 )(3 )]
28: 62f0c100-9c53-4e02-b886-a3528ddfe7f6, 1, 0 [(0 [0xC004F014, 0, 0], [(?)(?)(?)(?)(?)(?)(?)(?)])(1 )(2 )(3 )]
29: 6365275e-368d-46ca-a0ef-fc0404119333, 1, 0 [(0 [0xC004F014, 0, 0], [(?)(?)(?)(?)(?)(?)(?)(?)])(1 )(2 )(3 )]
30: 721f9237-9341-4453-a661-09e8baa6cca5, 1, 0 [(0 [0xC004F014, 0, 0], [(?)(?)(?)(?)(?)(?)(?)(?)])(1 )(2 )(3 )]
31: 73111121-5638-40f6-bc11-f1d7b0d64300, 1, 0 [(0 [0xC004F014, 0, 0], [(?)(?)(?)(?)(?)(?)(?)(?)])(1 )(2 )(3 )]
32: 7a802526-4c94-4bd1-ba14-835a1aca2120, 1, 0 [(0 [0xC004F014, 0, 0], [(?)(?)(?)(?)(?)(?)(?)(?)])(1 )(2 )(3 )]
33: 7cb546c0-c7d5-44d8-9a5c-69ecdd782b69, 1, 0 [(0 [0xC004F014, 0, 0], [(?)(?)(?)(?)(?)(?)(?)(?)])(1 )(2 )(3 )]
34: 80083eae-7031-4394-9e88-4901973d56fe, 1, 0 [(0 [0xC004F014, 0, 0], [(?)(?)(?)(?)(?)(?)(?)(?)])(1 )(2 )(3 )]
35: 82bbc092-bc50-4e16-8e18-b74fc486aec3, 1, 0 [(0 [0xC004F014, 0, 0], [(?)(?)(?)(?)(?)(?)(?)(?)])(1 )(2 )(3 )]
36: 8ab9bdd1-1f67-4997-82d9-8878520837d9, 1, 0 [(0 [0xC004F014, 0, 0], [(?)(?)(?)(?)(?)(?)(?)(?)])(1 )(2 )(3 )]
37: 8b351c9c-f398-4515-9900-09df49427262, 1, 0 [(0 [0xC004F014, 0, 0], [(?)(?)(?)(?)(?)(?)(?)(?)])(1 )(2 )(3 )]
38: 90da7373-1c51-430b-bf26-c97e9c5cdc31, 1, 0 [(0 [0xC004F014, 0, 0], [(?)(?)(?)(?)(?)(?)(?)(?)])(1 )(2 )(3 )]
39: 92fb8726-92a8-4ffc-94ce-f82e07444653, 1, 0 [(0 [0xC004F014, 0, 0], [(?)(?)(?)(?)(?)(?)(?)(?)])(1 )(2 )(3 )]
40: 95dca82f-385d-4d39-b85b-5c73fa285d6f, 1, 0 [(0 [0xC004F014, 0, 0], [(?)(?)(?)(?)(?)(?)(?)(?)])(1 )(2 )(3 )]
41: 97cde3ae-e908-4b59-ac96-a17645c5b57e, 1, 0 [(0 [0xC004F014, 0, 0], [(?)(?)(?)(?)(?)(?)(?)(?)])(1 )(2 )(3 )]
42: a48938aa-62fa-4966-9d44-9f04da3f72f2, 1, 0 [(0 [0xC004F014, 0, 0], [(?)(?)(?)(?)(?)(?)(?)(?)])(1 )(2 )(3 )]
43: b0773a15-df3a-4312-9ad2-83d69648e356, 1, 0 [(0 [0xC004F014, 0, 0], [(?)(?)(?)(?)(?)(?)(?)(?)])(1 )(2 )(3 )]
44: b4bfe195-541e-4e64-ad23-6177f19e395e, 1, 0 [(0 [0xC004F014, 0, 0], [(?)(?)(?)(?)(?)(?)(?)(?)])(1 )(2 )(3 )]
45: b68e61d2-68ca-4757-be45-0cc2f3e68eee, 1, 0 [(0 [0xC004F014, 0, 0], [(?)(?)(?)(?)(?)(?)(?)(?)])(1 )(2 )(3 )]
46: bd3762d7-270d-4760-8fb3-d829ca45278a, 1, 0 [(0 [0xC004F014, 0, 0], [(?)(?)(?)(?)(?)(?)(?)(?)])(1 )(2 )(3 )]
47: c86d5194-4840-4dae-9c1c-0301003a5ab0, 1, 0 [(0 [0xC004F014, 0, 0], [(?)(?)(?)(?)(?)(?)(?)(?)])(1 )(2 )(3 )]
48: ca7df2e3-5ea0-47b8-9ac1-b1be4d8edd69, 1, 0 [(0 [0xC004F014, 0, 0], [(?)(?)(?)(?)(?)(?)(?)(?)])(1 )(2 )(3 )]
49: d552befb-48cc-4327-8f39-47d2d94f987c, 1, 0 [(0 [0xC004F014, 0, 0], [(?)(?)(?)(?)(?)(?)(?)(?)])(1 )(2 )(3 )]
50: d6eadb3b-5ca8-4a6b-986e-35b550756111, 1, 0 [(0 [0xC004F014, 0, 0], [(?)(?)(?)(?)(?)(?)(?)(?)])(1 )(2 )(3 )]
51: df96023b-dcd9-4be2-afa0-c6c871159ebe, 1, 0 [(0 [0xC004F014, 0, 0], [(?)(?)(?)(?)(?)(?)(?)(?)])(1 )(2 )(3 )]
52: e0c42288-980c-4788-a014-c080d2e1926e, 1, 0 [(0 [0xC004F014, 0, 0], [(?)(?)(?)(?)(?)(?)(?)(?)])(1 )(2 )(3 )]
53: e4db50ea-bda1-4566-b047-0ca50abc6f07, 1, 0 [(0 [0xC004F014, 0, 0], [(?)(?)(?)(?)(?)(?)(?)(?)])(1 )(2 )(3 )]
54: e558417a-5123-4f6f-91e7-385c1c7ca9d4, 1, 0 [(0 [0xC004F014, 0, 0], [(?)(?)(?)(?)(?)(?)(?)(?)])(1 )(2 )(3 )]
55: e7a950a2-e548-4f10-bf16-02ec848e0643, 1, 0 [(0 [0xC004F014, 0, 0], [(?)(?)(?)(?)(?)(?)(?)(?)])(1 )(2 )(3 )]
56: eb6d346f-1c60-4643-b960-40ec31596c45, 1, 0 [(0 [0xC004F014, 0, 0], [(?)(?)(?)(?)(?)(?)(?)(?)])(1 )(2 )(3 )]
57: ec868e65-fadf-4759-b23e-93fe37f2cc29, 1, 0 [(0 [0xC004F014, 0, 0], [(?)(?)(?)(?)(?)(?)(?)(?)])(1 )(2 )(3 )]
58: ef51e000-2659-4f25-8345-3de70a9cf4c4, 1, 0 [(0 [0xC004F014, 0, 0], [(?)(?)(?)(?)(?)(?)(?)(?)])(1 )(2 )(3 )]
59: f7af7d09-40e4-419c-a49b-eae366689ebd, 1, 0 [(0 [0xC004F014, 0, 0], [(?)(?)(?)(?)(?)(?)(?)(?)])(1 )(2 )(3 )]
60: fa755fe6-6739-40b9-8d84-6d0ea3b6d1ab, 1, 0 [(0 [0xC004F014, 0, 0], [(?)(?)(?)(?)(?)(?)(?)(?)])(1 )(2 )(3 )]
61: fe74f55b-0338-41d6-b267-4a201abe7285, 1, 0 [(0 [0xC004F014, 0, 0], [(?)(?)(?)(?)(?)(?)(?)(?)])(1 )(2 )(3 )]

</Data></EventData><RenderingInfo Culture='en-US'><Message>The Software Protection service has completed licensing status check.&#13;&#10;Application Id=55c92734-d682-4d71-983e-d6ec3f16059f&#13;&#10;Licensing Status=&#10;1: 01eb852c-424d-4060-94b8-c10d799d7364, 1, 0 [(0 [0xC004F014, 0, 0], [(?)(?)(?)(?)(?)(?)(?)(?)])(1 )(2 )(3 )]&#10;2: 040fa323-92b1-4baf-97a2-5b67feaefddb, 1, 0 [(0 [0xC004F014, 0, 0], [(?)(?)(?)(?)(?)(?)(?)(?)])(1 )(2 )(3 )]&#10;3: 0724cb7d-3437-4cb7-93cb-830375d0079d, 1, 0 [(0 [0xC004F014, 0, 0], [(?)(?)(?)(?)(?)(?)(?)(?)])(1 )(2 )(3 )]&#10;4: 0ad2ac98-7bb9-4201-8d92-312299201369, 1, 0 [(0 [0xC004F014, 0, 0], [(?)(?)(?)(?)(?)(?)(?)(?)])(1 )(2 )(3 )]&#10;5: 19de9b2f-0166-4abb-9534-56ea69a80edb, 1, 0 [(0 [0xC004F014, 0, 0], [(?)(?)(?)(?)(?)(?)(?)(?)])(1 )(2 )(3 )]&#10;6: 1a9a717a-cf13-4ba5-83c3-0fe25fa868d5, 1, 0 [(0 [0xC004F014, 0, 0], [(?)(?)(?)(?)(?)(?)(?)(?)])(1 )(2 )(3 )]&#10;7: 221a02da-e2a1-4b75-864c-0a4410a33fdf, 1, 0 [(0 [0xC004F014, 0, 0], [(?)(?)(?)(?)(?)(?)(?)(?)])(1 )(2 )(3 )]&#10;8: 265f3fad-6a1c-4bdd-ae30-c75efa556ccb, 1, 0 [(0 [0xC004F014, 0, 0], [(?)(?)(?)(?)(?)(?)(?)(?)])(1 )(2 )(3 )]&#10;9: 291ece0e-9c38-40ca-a9e1-32cc7ec19507, 1, 0 [(0 [0xC004F014, 0, 0], [(?)(?)(?)(?)(?)(?)(?)(?)])(1 )(2 )(3 )]&#10;10: 2936d1d2-913a-4542-b54e-ce5a602a2a38, 1, 0 [(0 [0xC004F014, 0, 0], [(?)(?)(?)(?)(?)(?)(?)(?)])(1 )(2 )(3 )]&#10;11: 2c293c26-a45a-4a2a-a350-c69a67097529, 1, 0 [(0 [0xC004F014, 0, 0], [(?)(?)(?)(?)(?)(?)(?)(?)])(1 )(2 )(3 )]&#10;12: 2de67392-b7a7-462a-b1ca-108dd189f588, 1, 0 [(0 [0xC004F014, 0, 0], [(?)(?)(?)(?)(?)(?)(?)(?)])(1 )(2 )(3 )]&#10;13: 2ffd8952-423e-4903-b993-72a1aa44cf82, 1, 0 [(0 [0xC004F014, 0, 0], [(?)(?)(?)(?)(?)(?)(?)(?)])(1 )(2 )(3 )]&#10;14: 30a42c86-b7a0-4a34-8c90-ff177cb2acb7, 1, 0 [(0 [0xC004F014, 0, 0], [(?)(?)(?)(?)(?)(?)(?)(?)])(1 )(2 )(3 )]&#10;15: 345a5db0-d94f-4e3b-a0c0-7c42f7bc3ebf, 1, 0 [(0 [0xC004F014, 0, 0], [(?)(?)(?)(?)(?)(?)(?)(?)])(1 )(2 )(3 )]&#10;16: 3502365a-f88a-4ba4-822a-5769d3073b65, 1, 0 [(0 [0xC004F014, 0, 0], [(?)(?)(?)(?)(?)(?)(?)(?)])(1 )(2 )(3 )]&#10;17: 377333b1-8b5d-48d6-9679-1225c872d37c, 1, 0 [(0 [0xC004F014, 0, 0], [(?)(?)(?)(?)(?)(?)(?)(?)])(1 )(2 )(3 )]&#10;18: 3df374ef-d444-4494-a5a1-4b0d9fd0e203, 1, 0 [(0 [0xC004F014, 0, 0], [(?)(?)(?)(?)(?)(?)(?)(?)])(1 )(2 )(3 )]&#10;19: 3ebce241-ea87-4946-8a4f-80d00e921dff, 1, 0 [(0 [0xC004F014, 0, 0], [(?)(?)(?)(?)(?)(?)(?)(?)])(1 )(2 )(3 )]&#10;20: 3f1afc82-f8ac-4f6c-8005-1d233e606eee, 1, 0 [(0 [0xC004F014, 0, 0], [(?)(?)(?)(?)(?)(?)(?)(?)])(1 )(2 )(3 )]&#10;21: 4322a811-697c-44dc-865e-3e2fdcb86009, 1, 0 [(0 [0xC004F014, 0, 0], [(?)(?)(?)(?)(?)(?)(?)(?)])(1 )(2 )(3 )]&#10;22: 49cd895b-53b2-4dc4-a5f7-b18aa019ad37, 1, 0 [(0 [0xC004F014, 0, 0], [(?)(?)(?)(?)(?)(?)(?)(?)])(1 )(2 )(3 )]&#10;23: 4de7cb65-cdf1-4de9-8ae8-e3cce27b9f2c, 1, 0 [(0 )(1 )(2 [0xC004E003, 0, 0], [( 1 0xC004F034)( 1 0xC004F034)(?)(?)(?)(?)(?)(?)])(3 [0x00000000, 0, 0], [( 6 0xC004F009 0 0)( 1 0x00000000)( 6 0xC004F009 0 0)(?)(?)(?)( 10 0x00000000 msft:rm/algorithm/flags/1.0)( 11 0x00000000 0xC004F034)])]&#10;24: 4f3da0d2-271d-4508-ae81-626b60809a38, 1, 0 [(0 [0xC004F014, 0, 0], [(?)(?)(?)(?)(?)(?)(?)(?)])(1 )(2 )(3 )]&#10;25: 5d78c4e9-aeb3-4b40-8ac2-6a6005e0ad6d, 1, 0 [(0 [0xC004F014, 0, 0], [(?)(?)(?)(?)(?)(?)(?)(?)])(1 )(2 )(3 )]&#10;26: 60b3ec1b-9545-4921-821f-311b129dd6f6, 1, 0 [(0 [0xC004F014, 0, 0], [(?)(?)(?)(?)(?)(?)(?)(?)])(1 )(2 )(3 )]&#10;27: 613d217f-7f13-4268-9907-1662339531cd, 1, 0 [(0 [0xC004F014, 0, 0], [(?)(?)(?)(?)(?)(?)(?)(?)])(1 )(2 )(3 )]&#10;28: 62f0c100-9c53-4e02-b886-a3528ddfe7f6, 1, 0 [(0 [0xC004F014, 0, 0], [(?)(?)(?)(?)(?)(?)(?)(?)])(1 )(2 )(3 )]&#10;29: 6365275e-368d-46ca-a0ef-fc0404119333, 1, 0 [(0 [0xC004F014, 0, 0], [(?)(?)(?)(?)(?)(?)(?)(?)])(1 )(2 )(3 )]&#10;30: 721f9237-9341-4453-a661-09e8baa6cca5, 1, 0 [(0 [0xC004F014, 0, 0], [(?)(?)(?)(?)(?)(?)(?)(?)])(1 )(2 )(3 )]&#10;31: 73111121-5638-40f6-bc11-f1d7b0d64300, 1, 0 [(0 [0xC004F014, 0, 0], [(?)(?)(?)(?)(?)(?)(?)(?)])(1 )(2 )(3 )]&#10;32: 7a802526-4c94-4bd1-ba14-835a1aca2120, 1, 0 [(0 [0xC004F014, 0, 0], [(?)(?)(?)(?)(?)(?)(?)(?)])(1 )(2 )(3 )]&#10;33: 7cb546c0-c7d5-44d8-9a5c-69ecdd782b69, 1, 0 [(0 [0xC004F014, 0, 0], [(?)(?)(?)(?)(?)(?)(?)(?)])(1 )(2 )(3 )]&#10;34: 80083eae-7031-4394-9e88-4901973d56fe, 1, 0 [(0 [0xC004F014, 0, 0], [(?)(?)(?)(?)(?)(?)(?)(?)])(1 )(2 )(3 )]&#10;35: 82bbc092-bc50-4e16-8e18-b74fc486aec3, 1, 0 [(0 [0xC004F014, 0, 0], [(?)(?)(?)(?)(?)(?)(?)(?)])(1 )(2 )(3 )]&#10;36: 8ab9bdd1-1f67-4997-82d9-8878520837d9, 1, 0 [(0 [0xC004F014, 0, 0], [(?)(?)(?)(?)(?)(?)(?)(?)])(1 )(2 )(3 )]&#10;37: 8b351c9c-f398-4515-9900-09df49427262, 1, 0 [(0 [0xC004F014, 0, 0], [(?)(?)(?)(?)(?)(?)(?)(?)])(1 )(2 )(3 )]&#10;38: 90da7373-1c51-430b-bf26-c97e9c5cdc31, 1, 0 [(0 [0xC004F014, 0, 0], [(?)(?)(?)(?)(?)(?)(?)(?)])(1 )(2 )(3 )]&#10;39: 92fb8726-92a8-4ffc-94ce-f82e07444653, 1, 0 [(0 [0xC004F014, 0, 0], [(?)(?)(?)(?)(?)(?)(?)(?)])(1 )(2 )(3 )]&#10;40: 95dca82f-385d-4d39-b85b-5c73fa285d6f, 1, 0 [(0 [0xC004F014, 0, 0], [(?)(?)(?)(?)(?)(?)(?)(?)])(1 )(2 )(3 )]&#10;41: 97cde3ae-e908-4b59-ac96-a17645c5b57e, 1, 0 [(0 [0xC004F014, 0, 0], [(?)(?)(?)(?)(?)(?)(?)(?)])(1 )(2 )(3 )]&#10;42: a48938aa-62fa-4966-9d44-9f04da3f72f2, 1, 0 [(0 [0xC004F014, 0, 0], [(?)(?)(?)(?)(?)(?)(?)(?)])(1 )(2 )(3 )]&#10;43: b0773a15-df3a-4312-9ad2-83d69648e356, 1, 0 [(0 [0xC004F014, 0, 0], [(?)(?)(?)(?)(?)(?)(?)(?)])(1 )(2 )(3 )]&#10;44: b4bfe195-541e-4e64-ad23-6177f19e395e, 1, 0 [(0 [0xC004F014, 0, 0], [(?)(?)(?)(?)(?)(?)(?)(?)])(1 )(2 )(3 )]&#10;45: b68e61d2-68ca-4757-be45-0cc2f3e68eee, 1, 0 [(0 [0xC004F014, 0, 0], [(?)(?)(?)(?)(?)(?)(?)(?)])(1 )(2 )(3 )]&#10;46: bd3762d7-270d-4760-8fb3-d829ca45278a, 1, 0 [(0 [0xC004F014, 0, 0], [(?)(?)(?)(?)(?)(?)(?)(?)])(1 )(2 )(3 )]&#10;47: c86d5194-4840-4dae-9c1c-0301003a5ab0, 1, 0 [(0 [0xC004F014, 0, 0], [(?)(?)(?)(?)(?)(?)(?)(?)])(1 )(2 )(3 )]&#10;48: ca7df2e3-5ea0-47b8-9ac1-b1be4d8edd69, 1, 0 [(0 [0xC004F014, 0, 0], [(?)(?)(?)(?)(?)(?)(?)(?)])(1 )(2 )(3 )]&#10;49: d552befb-48cc-4327-8f39-47d2d94f987c, 1, 0 [(0 [0xC004F014, 0, 0], [(?)(?)(?)(?)(?)(?)(?)(?)])(1 )(2 )(3 )]&#10;50: d6eadb3b-5ca8-4a6b-986e-35b550756111, 1, 0 [(0 [0xC004F014, 0, 0], [(?)(?)(?)(?)(?)(?)(?)(?)])(1 )(2 )(3 )]&#10;51: df96023b-dcd9-4be2-afa0-c6c871159ebe, 1, 0 [(0 [0xC004F014, 0, 0], [(?)(?)(?)(?)(?)(?)(?)(?)])(1 )(2 )(3 )]&#10;52: e0c42288-980c-4788-a014-c080d2e1926e, 1, 0 [(0 [0xC004F014, 0, 0], [(?)(?)(?)(?)(?)(?)(?)(?)])(1 )(2 )(3 )]&#10;53: e4db50ea-bda1-4566-b047-0ca50abc6f07, 1, 0 [(0 [0xC004F014, 0, 0], [(?)(?)(?)(?)(?)(?)(?)(?)])(1 )(2 )(3 )]&#10;54: e558417a-5123-4f6f-91e7-385c1c7ca9d4, 1, 0 [(0 [0xC004F014, 0, 0], [(?)(?)(?)(?)(?)(?)(?)(?)])(1 )(2 )(3 )]&#10;55: e7a950a2-e548-4f10-bf16-02ec848e0643, 1, 0 [(0 [0xC004F014, 0, 0], [(?)(?)(?)(?)(?)(?)(?)(?)])(1 )(2 )(3 )]&#10;56: eb6d346f-1c60-4643-b960-40ec31596c45, 1, 0 [(0 [0xC004F014, 0, 0], [(?)(?)(?)(?)(?)(?)(?)(?)])(1 )(2 )(3 )]&#10;57: ec868e65-fadf-4759-b23e-93fe37f2cc29, 1, 0 [(0 [0xC004F014, 0, 0], [(?)(?)(?)(?)(?)(?)(?)(?)])(1 )(2 )(3 )]&#10;58: ef51e000-2659-4f25-8345-3de70a9cf4c4, 1, 0 [(0 [0xC004F014, 0, 0], [(?)(?)(?)(?)(?)(?)(?)(?)])(1 )(2 )(3 )]&#10;59: f7af7d09-40e4-419c-a49b-eae366689ebd, 1, 0 [(0 [0xC004F014, 0, 0], [(?)(?)(?)(?)(?)(?)(?)(?)])(1 )(2 )(3 )]&#10;60: fa755fe6-6739-40b9-8d84-6d0ea3b6d1ab, 1, 0 [(0 [0xC004F014, 0, 0], [(?)(?)(?)(?)(?)(?)(?)(?)])(1 )(2 )(3 )]&#10;61: fe74f55b-0338-41d6-b267-4a201abe7285, 1, 0 [(0 [0xC004F014, 0, 0], [(?)(?)(?)(?)(?)(?)(?)(?)])(1 )(2 )(3 )]&#10;&#10;</Message><Level>Information</Level><Provider>Microsoft-Windows-Security-SPP</Provider><Keywords><Keyword>Classic</Keyword></Keywords></RenderingInfo></Event><Event xmlns='http://schemas.microsoft.com/win/2004/08/events/event'><System><Provider Name='Microsoft-Windows-Security-SPP' Guid='{E23B33B0-C8C9-472C-A5F9-F2BDFEA0F156}' EventSourceName='Software Protection Platform Service'/><EventID Qualifiers='16384'>1033</EventID><Version>0</Version><Level>4</Level><Task>0</Task><Opcode>0</Opcode><Keywords>0x80000000000000</Keywords><TimeCreated SystemTime='2025-06-02T16:47:30.6447450Z'/><EventRecordID>246</EventRecordID><Correlation/><Execution ProcessID='1148' ThreadID='0'/><Channel>Application</Channel><Computer>NIKOLAISMETBD82</Computer><Security/></System><EventData><Data>(ActionRuntime-Available) (WSW-Policy-Win11Surface) </Data><Data>55c92734-d682-4d71-983e-d6ec3f16059f</Data><Data>4de7cb65-cdf1-4de9-8ae8-e3cce27b9f2c</Data></EventData><RenderingInfo Culture='en-US'><Message>These policies are being excluded since they are only defined with override-only attribute.&#13;&#10;Policy Names=(ActionRuntime-Available) (WSW-Policy-Win11Surface) &#13;&#10;App Id=55c92734-d682-4d71-983e-d6ec3f16059f&#13;&#10;Sku Id=4de7cb65-cdf1-4de9-8ae8-e3cce27b9f2c</Message><Level>Information</Level><Provider>Microsoft-Windows-Security-SPP</Provider><Keywords><Keyword>Classic</Keyword></Keywords></RenderingInfo></Event><Event xmlns='http://schemas.microsoft.com/win/2004/08/events/event'><System><Provider Name='Microsoft-Windows-Security-SPP' Guid='{E23B33B0-C8C9-472C-A5F9-F2BDFEA0F156}' EventSourceName='Software Protection Platform Service'/><EventID Qualifiers='16384'>1034</EventID><Version>0</Version><Level>4</Level><Task>0</Task><Opcode>0</Opcode><Keywords>0x80000000000000</Keywords><TimeCreated SystemTime='2025-06-02T16:47:30.6140076Z'/><EventRecordID>245</EventRecordID><Correlation/><Execution ProcessID='1148' ThreadID='0'/><Channel>Application</Channel><Computer>NIKOLAISMETBD82</Computer><Security/></System><EventData><Data>Security-SPP-WriteWauMarker</Data><Data>500</Data></EventData><RenderingInfo Culture='en-US'><Message>Duplicate definition of policy found. Policy name=Security-SPP-WriteWauMarker  Priority=500</Message><Level>Information</Level><Provider>Microsoft-Windows-Security-SPP</Provider><Keywords><Keyword>Classic</Keyword></Keywords></RenderingInfo></Event><Event xmlns='http://schemas.microsoft.com/win/2004/08/events/event'><System><Provider Name='Microsoft-Windows-Security-SPP' Guid='{E23B33B0-C8C9-472C-A5F9-F2BDFEA0F156}' EventSourceName='Software Protection Platform Service'/><EventID Qualifiers='16384'>1034</EventID><Version>0</Version><Level>4</Level><Task>0</Task><Opcode>0</Opcode><Keywords>0x80000000000000</Keywords><TimeCreated SystemTime='2025-06-02T16:47:30.6089679Z'/><EventRecordID>244</EventRecordID><Correlation/><Execution ProcessID='1148' ThreadID='0'/><Channel>Application</Channel><Computer>NIKOLAISMETBD82</Computer><Security/></System><EventData><Data>AAD-AddDeviceJoinUserToAdminGroup-Policy</Data><Data>100</Data></EventData><RenderingInfo Culture='en-US'><Message>Duplicate definition of policy found. Policy name=AAD-AddDeviceJoinUserToAdminGroup-Policy  Priority=100</Message><Level>Information</Level><Provider>Microsoft-Windows-Security-SPP</Provider><Keywords><Keyword>Classic</Keyword></Keywords></RenderingInfo></Event><Event xmlns='http://schemas.microsoft.com/win/2004/08/events/event'><System><Provider Name='Microsoft-Windows-Security-SPP' Guid='{E23B33B0-C8C9-472C-A5F9-F2BDFEA0F156}' EventSourceName='Software Protection Platform Service'/><EventID Qualifiers='16384'>1034</EventID><Version>0</Version><Level>4</Level><Task>0</Task><Opcode>0</Opcode><Keywords>0x80000000000000</Keywords><TimeCreated SystemTime='2025-06-02T16:47:30.5950846Z'/><EventRecordID>243</EventRecordID><Correlation/><Execution ProcessID='1148' ThreadID='0'/><Channel>Application</Channel><Computer>NIKOLAISMETBD82</Computer><Security/></System><EventData><Data>AAD-AddDeviceJoinUserToAdminGroup-Policy</Data><Data>100</Data></EventData><RenderingInfo Culture='en-US'><Message>Duplicate definition of policy found. Policy name=AAD-AddDeviceJoinUserToAdminGroup-Policy  Priority=100</Message><Level>Information</Level><Provider>Microsoft-Windows-Security-SPP</Provider><Keywords><Keyword>Classic</Keyword></Keywords></RenderingInfo></Event><Event xmlns='http://schemas.microsoft.com/win/2004/08/events/event'><System><Provider Name='Microsoft-Windows-Security-SPP' Guid='{E23B33B0-C8C9-472C-A5F9-F2BDFEA0F156}' EventSourceName='Software Protection Platform Service'/><EventID Qualifiers='16384'>1034</EventID><Version>0</Version><Level>4</Level><Task>0</Task><Opcode>0</Opcode><Keywords>0x80000000000000</Keywords><TimeCreated SystemTime='2025-06-02T16:47:30.5810533Z'/><EventRecordID>242</EventRecordID><Correlation/><Execution ProcessID='1148' ThreadID='0'/><Channel>Application</Channel><Computer>NIKOLAISMETBD82</Computer><Security/></System><EventData><Data>AAD-AddDeviceJoinUserToAdminGroup-Policy</Data><Data>100</Data></EventData><RenderingInfo Culture='en-US'><Message>Duplicate definition of policy found. Policy name=AAD-AddDeviceJoinUserToAdminGroup-Policy  Priority=100</Message><Level>Information</Level><Provider>Microsoft-Windows-Security-SPP</Provider><Keywords><Keyword>Classic</Keyword></Keywords></RenderingInfo></Event><Event xmlns='http://schemas.microsoft.com/win/2004/08/events/event'><System><Provider Name='Microsoft-Windows-Security-SPP' Guid='{E23B33B0-C8C9-472C-A5F9-F2BDFEA0F156}' EventSourceName='Software Protection Platform Service'/><EventID Qualifiers='16384'>1034</EventID><Version>0</Version><Level>4</Level><Task>0</Task><Opcode>0</Opcode><Keywords>0x80000000000000</Keywords><TimeCreated SystemTime='2025-06-02T16:47:30.5670448Z'/><EventRecordID>241</EventRecordID><Correlation/><Execution ProcessID='1148' ThreadID='0'/><Channel>Application</Channel><Computer>NIKOLAISMETBD82</Computer><Security/></System><EventData><Data>AAD-AddDeviceJoinUserToAdminGroup-Policy</Data><Data>100</Data></EventData><RenderingInfo Culture='en-US'><Message>Duplicate definition of policy found. Policy name=AAD-AddDeviceJoinUserToAdminGroup-Policy  Priority=100</Message><Level>Information</Level><Provider>Microsoft-Windows-Security-SPP</Provider><Keywords><Keyword>Classic</Keyword></Keywords></RenderingInfo></Event><Event xmlns='http://schemas.microsoft.com/win/2004/08/events/event'><System><Provider Name='Microsoft-Windows-Security-SPP' Guid='{E23B33B0-C8C9-472C-A5F9-F2BDFEA0F156}' EventSourceName='Software Protection Platform Service'/><EventID Qualifiers='16384'>1034</EventID><Version>0</Version><Level>4</Level><Task>0</Task><Opcode>0</Opcode><Keywords>0x80000000000000</Keywords><TimeCreated SystemTime='2025-06-02T16:47:30.5534510Z'/><EventRecordID>240</EventRecordID><Correlation/><Execution ProcessID='1148' ThreadID='0'/><Channel>Application</Channel><Computer>NIKOLAISMETBD82</Computer><Security/></System><EventData><Data>AAD-AddDeviceJoinUserToAdminGroup-Policy</Data><Data>100</Data></EventData><RenderingInfo Culture='en-US'><Message>Duplicate definition of policy found. Policy name=AAD-AddDeviceJoinUserToAdminGroup-Policy  Priority=100</Message><Level>Information</Level><Provider>Microsoft-Windows-Security-SPP</Provider><Keywords><Keyword>Classic</Keyword></Keywords></RenderingInfo></Event><Event xmlns='http://schemas.microsoft.com/win/2004/08/events/event'><System><Provider Name='Microsoft-Windows-Security-SPP' Guid='{E23B33B0-C8C9-472C-A5F9-F2BDFEA0F156}' EventSourceName='Software Protection Platform Service'/><EventID Qualifiers='16384'>1034</EventID><Version>0</Version><Level>4</Level><Task>0</Task><Opcode>0</Opcode><Keywords>0x80000000000000</Keywords><TimeCreated SystemTime='2025-06-02T16:47:30.5394211Z'/><EventRecordID>239</EventRecordID><Correlation/><Execution ProcessID='1148' ThreadID='0'/><Channel>Application</Channel><Computer>NIKOLAISMETBD82</Computer><Security/></System><EventData><Data>AAD-AddDeviceJoinUserToAdminGroup-Policy</Data><Data>100</Data></EventData><RenderingInfo Culture='en-US'><Message>Duplicate definition of policy found. Policy name=AAD-AddDeviceJoinUserToAdminGroup-Policy  Priority=100</Message><Level>Information</Level><Provider>Microsoft-Windows-Security-SPP</Provider><Keywords><Keyword>Classic</Keyword></Keywords></RenderingInfo></Event><Event xmlns='http://schemas.microsoft.com/win/2004/08/events/event'><System><Provider Name='Microsoft-Windows-Security-SPP' Guid='{E23B33B0-C8C9-472C-A5F9-F2BDFEA0F156}' EventSourceName='Software Protection Platform Service'/><EventID Qualifiers='16384'>1034</EventID><Version>0</Version><Level>4</Level><Task>0</Task><Opcode>0</Opcode><Keywords>0x80000000000000</Keywords><TimeCreated SystemTime='2025-06-02T16:47:30.5252988Z'/><EventRecordID>238</EventRecordID><Correlation/><Execution ProcessID='1148' ThreadID='0'/><Channel>Application</Channel><Computer>NIKOLAISMETBD82</Computer><Security/></System><EventData><Data>AAD-AddDeviceJoinUserToAdminGroup-Policy</Data><Data>100</Data></EventData><RenderingInfo Culture='en-US'><Message>Duplicate definition of policy found. Policy name=AAD-AddDeviceJoinUserToAdminGroup-Policy  Priority=100</Message><Level>Information</Level><Provider>Microsoft-Windows-Security-SPP</Provider><Keywords><Keyword>Classic</Keyword></Keywords></RenderingInfo></Event><Event xmlns='http://schemas.microsoft.com/win/2004/08/events/event'><System><Provider Name='Microsoft-Windows-Security-SPP' Guid='{E23B33B0-C8C9-472C-A5F9-F2BDFEA0F156}' EventSourceName='Software Protection Platform Service'/><EventID Qualifiers='16384'>1034</EventID><Version>0</Version><Level>4</Level><Task>0</Task><Opcode>0</Opcode><Keywords>0x80000000000000</Keywords><TimeCreated SystemTime='2025-06-02T16:47:30.5118903Z'/><EventRecordID>237</EventRecordID><Correlation/><Execution ProcessID='1148' ThreadID='0'/><Channel>Application</Channel><Computer>NIKOLAISMETBD82</Computer><Security/></System><EventData><Data>AAD-AddDeviceJoinUserToAdminGroup-Policy</Data><Data>100</Data></EventData><RenderingInfo Culture='en-US'><Message>Duplicate definition of policy found. Policy name=AAD-AddDeviceJoinUserToAdminGroup-Policy  Priority=100</Message><Level>Information</Level><Provider>Microsoft-Windows-Security-SPP</Provider><Keywords><Keyword>Classic</Keyword></Keywords></RenderingInfo></Event><Event xmlns='http://schemas.microsoft.com/win/2004/08/events/event'><System><Provider Name='Microsoft-Windows-Security-SPP' Guid='{E23B33B0-C8C9-472C-A5F9-F2BDFEA0F156}' EventSourceName='Software Protection Platform Service'/><EventID Qualifiers='16384'>1034</EventID><Version>0</Version><Level>4</Level><Task>0</Task><Opcode>0</Opcode><Keywords>0x80000000000000</Keywords><TimeCreated SystemTime='2025-06-02T16:47:30.4980209Z'/><EventRecordID>236</EventRecordID><Correlation/><Execution ProcessID='1148' ThreadID='0'/><Channel>Application</Channel><Computer>NIKOLAISMETBD82</Computer><Security/></System><EventData><Data>AAD-AddDeviceJoinUserToAdminGroup-Policy</Data><Data>100</Data></EventData><RenderingInfo Culture='en-US'><Message>Duplicate definition of policy found. Policy name=AAD-AddDeviceJoinUserToAdminGroup-Policy  Priority=100</Message><Level>Information</Level><Provider>Microsoft-Windows-Security-SPP</Provider><Keywords><Keyword>Classic</Keyword></Keywords></RenderingInfo></Event><Event xmlns='http://schemas.microsoft.com/win/2004/08/events/event'><System><Provider Name='Microsoft-Windows-Security-SPP' Guid='{E23B33B0-C8C9-472C-A5F9-F2BDFEA0F156}' EventSourceName='Software Protection Platform Service'/><EventID Qualifiers='16384'>1034</EventID><Version>0</Version><Level>4</Level><Task>0</Task><Opcode>0</Opcode><Keywords>0x80000000000000</Keywords><TimeCreated SystemTime='2025-06-02T16:47:30.4838793Z'/><EventRecordID>235</EventRecordID><Correlation/><Execution ProcessID='1148' ThreadID='0'/><Channel>Application</Channel><Computer>NIKOLAISMETBD82</Computer><Security/></System><EventData><Data>AAD-AddDeviceJoinUserToAdminGroup-Policy</Data><Data>100</Data></EventData><RenderingInfo Culture='en-US'><Message>Duplicate definition of policy found. Policy name=AAD-AddDeviceJoinUserToAdminGroup-Policy  Priority=100</Message><Level>Information</Level><Provider>Microsoft-Windows-Security-SPP</Provider><Keywords><Keyword>Classic</Keyword></Keywords></RenderingInfo></Event><Event xmlns='http://schemas.microsoft.com/win/2004/08/events/event'><System><Provider Name='Microsoft-Windows-Security-SPP' Guid='{E23B33B0-C8C9-472C-A5F9-F2BDFEA0F156}' EventSourceName='Software Protection Platform Service'/><EventID Qualifiers='16384'>1034</EventID><Version>0</Version><Level>4</Level><Task>0</Task><Opcode>0</Opcode><Keywords>0x80000000000000</Keywords><TimeCreated SystemTime='2025-06-02T16:47:30.4697960Z'/><EventRecordID>234</EventRecordID><Correlation/><Execution ProcessID='1148' ThreadID='0'/><Channel>Application</Channel><Computer>NIKOLAISMETBD82</Computer><Security/></System><EventData><Data>AAD-AddDeviceJoinUserToAdminGroup-Policy</Data><Data>100</Data></EventData><RenderingInfo Culture='en-US'><Message>Duplicate definition of policy found. Policy name=AAD-AddDeviceJoinUserToAdminGroup-Policy  Priority=100</Message><Level>Information</Level><Provider>Microsoft-Windows-Security-SPP</Provider><Keywords><Keyword>Classic</Keyword></Keywords></RenderingInfo></Event><Event xmlns='http://schemas.microsoft.com/win/2004/08/events/event'><System><Provider Name='Microsoft-Windows-Security-SPP' Guid='{E23B33B0-C8C9-472C-A5F9-F2BDFEA0F156}' EventSourceName='Software Protection Platform Service'/><EventID Qualifiers='16384'>1004</EventID><Version>0</Version><Level>4</Level><Task>0</Task><Opcode>0</Opcode><Keywords>0x80000000000000</Keywords><TimeCreated SystemTime='2025-06-02T16:47:30.0529550Z'/><EventRecordID>233</EventRecordID><Correlation/><Execution ProcessID='1148' ThreadID='0'/><Channel>Application</Channel><Computer>NIKOLAISMETBD82</Computer><Security/></System><EventData><Data>Windows(R) UL store License (Private)</Data><Data>58b52e4a-57d1-40ca-9d4f-d028613f7b51</Data></EventData><RenderingInfo Culture='en-US'><Message>The Software Protection service has successfully installed the license.&#13;&#10;License Title=Windows(R) UL store License (Private)&#13;&#10;License Id=58b52e4a-57d1-40ca-9d4f-d028613f7b51</Message><Level>Information</Level><Provider>Microsoft-Windows-Security-SPP</Provider><Keywords><Keyword>Classic</Keyword></Keywords></RenderingInfo></Event><Event xmlns='http://schemas.microsoft.com/win/2004/08/events/event'><System><Provider Name='Microsoft-Windows-Security-SPP' Guid='{E23B33B0-C8C9-472C-A5F9-F2BDFEA0F156}' EventSourceName='Software Protection Platform Service'/><EventID Qualifiers='16384'>1004</EventID><Version>0</Version><Level>4</Level><Task>0</Task><Opcode>0</Opcode><Keywords>0x80000000000000</Keywords><TimeCreated SystemTime='2025-06-02T16:47:30.0521674Z'/><EventRecordID>232</EventRecordID><Correlation/><Execution ProcessID='1148' ThreadID='0'/><Channel>Application</Channel><Computer>NIKOLAISMETBD82</Computer><Security/></System><EventData><Data>Windows(R) UL store License (Public)</Data><Data>f4a1348f-a680-423f-b61a-d36a7274161c</Data></EventData><RenderingInfo Culture='en-US'><Message>The Software Protection service has successfully installed the license.&#13;&#10;License Title=Windows(R) UL store License (Public)&#13;&#10;License Id=f4a1348f-a680-423f-b61a-d36a7274161c</Message><Level>Information</Level><Provider>Microsoft-Windows-Security-SPP</Provider><Keywords><Keyword>Classic</Keyword></Keywords></RenderingInfo></Event><Event xmlns='http://schemas.microsoft.com/win/2004/08/events/event'><System><Provider Name='Microsoft-Windows-Security-SPP' Guid='{E23B33B0-C8C9-472C-A5F9-F2BDFEA0F156}' EventSourceName='Software Protection Platform Service'/><EventID Qualifiers='16384'>1004</EventID><Version>0</Version><Level>4</Level><Task>0</Task><Opcode>0</Opcode><Keywords>0x80000000000000</Keywords><TimeCreated SystemTime='2025-06-02T16:47:30.0293908Z'/><EventRecordID>231</EventRecordID><Correlation/><Execution ProcessID='1148' ThreadID='0'/><Channel>Application</Channel><Computer>NIKOLAISMETBD82</Computer><Security/></System><EventData><Data>Windows(R) UL phone License (Private)</Data><Data>9165758e-b333-4936-bb14-8fb994fcb30f</Data></EventData><RenderingInfo Culture='en-US'><Message>The Software Protection service has successfully installed the license.&#13;&#10;License Title=Windows(R) UL phone License (Private)&#13;&#10;License Id=9165758e-b333-4936-bb14-8fb994fcb30f</Message><Level>Information</Level><Provider>Microsoft-Windows-Security-SPP</Provider><Keywords><Keyword>Classic</Keyword></Keywords></RenderingInfo></Event><Event xmlns='http://schemas.microsoft.com/win/2004/08/events/event'><System><Provider Name='Microsoft-Windows-Security-SPP' Guid='{E23B33B0-C8C9-472C-A5F9-F2BDFEA0F156}' EventSourceName='Software Protection Platform Service'/><EventID Qualifiers='16384'>1004</EventID><Version>0</Version><Level>4</Level><Task>0</Task><Opcode>0</Opcode><Keywords>0x80000000000000</Keywords><TimeCreated SystemTime='2025-06-02T16:47:30.0286820Z'/><EventRecordID>230</EventRecordID><Correlation/><Execution ProcessID='1148' ThreadID='0'/><Channel>Application</Channel><Computer>NIKOLAISMETBD82</Computer><Security/></System><EventData><Data>Windows(R) UL phone License (Public)</Data><Data>d128dd45-69d7-4503-bff5-95006e60bb76</Data></EventData><RenderingInfo Culture='en-US'><Message>The Software Protection service has successfully installed the license.&#13;&#10;License Title=Windows(R) UL phone License (Public)&#13;&#10;License Id=d128dd45-69d7-4503-bff5-95006e60bb76</Message><Level>Information</Level><Provider>Microsoft-Windows-Security-SPP</Provider><Keywords><Keyword>Classic</Keyword></Keywords></RenderingInfo></Event><Event xmlns='http://schemas.microsoft.com/win/2004/08/events/event'><System><Provider Name='Microsoft-Windows-Security-SPP' Guid='{E23B33B0-C8C9-472C-A5F9-F2BDFEA0F156}' EventSourceName='Software Protection Platform Service'/><EventID Qualifiers='16384'>1004</EventID><Version>0</Version><Level>4</Level><Task>0</Task><Opcode>0</Opcode><Keywords>0x80000000000000</Keywords><TimeCreated SystemTime='2025-06-02T16:47:30.0039641Z'/><EventRecordID>229</EventRecordID><Correlation/><Execution ProcessID='1148' ThreadID='0'/><Channel>Application</Channel><Computer>NIKOLAISMETBD82</Computer><Security/></System><EventData><Data>Windows(R) UL oob License (Private)</Data><Data>9d4f3b52-c419-4d39-bb89-6b43270123a4</Data></EventData><RenderingInfo Culture='en-US'><Message>The Software Protection service has successfully installed the license.&#13;&#10;License Title=Windows(R) UL oob License (Private)&#13;&#10;License Id=9d4f3b52-c419-4d39-bb89-6b43270123a4</Message><Level>Information</Level><Provider>Microsoft-Windows-Security-SPP</Provider><Keywords><Keyword>Classic</Keyword></Keywords></RenderingInfo></Event><Event xmlns='http://schemas.microsoft.com/win/2004/08/events/event'><System><Provider Name='Microsoft-Windows-Security-SPP' Guid='{E23B33B0-C8C9-472C-A5F9-F2BDFEA0F156}' EventSourceName='Software Protection Platform Service'/><EventID Qualifiers='16384'>1004</EventID><Version>0</Version><Level>4</Level><Task>0</Task><Opcode>0</Opcode><Keywords>0x80000000000000</Keywords><TimeCreated SystemTime='2025-06-02T16:47:30.0033672Z'/><EventRecordID>228</EventRecordID><Correlation/><Execution ProcessID='1148' ThreadID='0'/><Channel>Application</Channel><Computer>NIKOLAISMETBD82</Computer><Security/></System><EventData><Data>Windows(R) UL oob License (Public)</Data><Data>a314c7ae-5c7d-4204-ad56-21735c4fe541</Data></EventData><RenderingInfo Culture='en-US'><Message>The Software Protection service has successfully installed the license.&#13;&#10;License Title=Windows(R) UL oob License (Public)&#13;&#10;License Id=a314c7ae-5c7d-4204-ad56-21735c4fe541</Message><Level>Information</Level><Provider>Microsoft-Windows-Security-SPP</Provider><Keywords><Keyword>Classic</Keyword></Keywords></RenderingInfo></Event><Event xmlns='http://schemas.microsoft.com/win/2004/08/events/event'><System><Provider Name='Microsoft-Windows-Security-SPP' Guid='{E23B33B0-C8C9-472C-A5F9-F2BDFEA0F156}' EventSourceName='Software Protection Platform Service'/><EventID Qualifiers='16384'>1004</EventID><Version>0</Version><Level>4</Level><Task>0</Task><Opcode>0</Opcode><Keywords>0x80000000000000</Keywords><TimeCreated SystemTime='2025-06-02T16:47:29.9797178Z'/><EventRecordID>227</EventRecordID><Correlation/><Execution ProcessID='1148' ThreadID='0'/><Channel>Application</Channel><Computer>NIKOLAISMETBD82</Computer><Security/></System><EventData><Data>Windows(R) Publishing License (Private)</Data><Data>664d2293-f71b-44a8-ab4b-34df848fd77a</Data></EventData><RenderingInfo Culture='en-US'><Message>The Software Protection service has successfully installed the license.&#13;&#10;License Title=Windows(R) Publishing License (Private)&#13;&#10;License Id=664d2293-f71b-44a8-ab4b-34df848fd77a</Message><Level>Information</Level><Provider>Microsoft-Windows-Security-SPP</Provider><Keywords><Keyword>Classic</Keyword></Keywords></RenderingInfo></Event><Event xmlns='http://schemas.microsoft.com/win/2004/08/events/event'><System><Provider Name='Microsoft-Windows-Security-SPP' Guid='{E23B33B0-C8C9-472C-A5F9-F2BDFEA0F156}' EventSourceName='Software Protection Platform Service'/><EventID Qualifiers='16384'>1004</EventID><Version>0</Version><Level>4</Level><Task>0</Task><Opcode>0</Opcode><Keywords>0x80000000000000</Keywords><TimeCreated SystemTime='2025-06-02T16:47:29.9790809Z'/><EventRecordID>226</EventRecordID><Correlation/><Execution ProcessID='1148' ThreadID='0'/><Channel>Application</Channel><Computer>NIKOLAISMETBD82</Computer><Security/></System><EventData><Data>Windows(R) Publishing License (Public)</Data><Data>d40204ce-cc9d-4603-a2e5-15348e363fc5</Data></EventData><RenderingInfo Culture='en-US'><Message>The Software Protection service has successfully installed the license.&#13;&#10;License Title=Windows(R) Publishing License (Public)&#13;&#10;License Id=d40204ce-cc9d-4603-a2e5-15348e363fc5</Message><Level>Information</Level><Provider>Microsoft-Windows-Security-SPP</Provider><Keywords><Keyword>Classic</Keyword></Keywords></RenderingInfo></Event><Event xmlns='http://schemas.microsoft.com/win/2004/08/events/event'><System><Provider Name='Microsoft-Windows-Security-SPP' Guid='{E23B33B0-C8C9-472C-A5F9-F2BDFEA0F156}' EventSourceName='Software Protection Platform Service'/><EventID Qualifiers='16384'>1004</EventID><Version>0</Version><Level>4</Level><Task>0</Task><Opcode>0</Opcode><Keywords>0x80000000000000</Keywords><TimeCreated SystemTime='2025-06-02T16:47:29.9551618Z'/><EventRecordID>225</EventRecordID><Correlation/><Execution ProcessID='1148' ThreadID='0'/><Channel>Application</Channel><Computer>NIKOLAISMETBD82</Computer><Security/></System><EventData><Data>Windows(R) UL store License (Private)</Data><Data>101a2528-5831-46d0-a9a3-68ebdfa97a2b</Data></EventData><RenderingInfo Culture='en-US'><Message>The Software Protection service has successfully installed the license.&#13;&#10;License Title=Windows(R) UL store License (Private)&#13;&#10;License Id=101a2528-5831-46d0-a9a3-68ebdfa97a2b</Message><Level>Information</Level><Provider>Microsoft-Windows-Security-SPP</Provider><Keywords><Keyword>Classic</Keyword></Keywords></RenderingInfo></Event><Event xmlns='http://schemas.microsoft.com/win/2004/08/events/event'><System><Provider Name='Microsoft-Windows-Security-SPP' Guid='{E23B33B0-C8C9-472C-A5F9-F2BDFEA0F156}' EventSourceName='Software Protection Platform Service'/><EventID Qualifiers='16384'>1004</EventID><Version>0</Version><Level>4</Level><Task>0</Task><Opcode>0</Opcode><Keywords>0x80000000000000</Keywords><TimeCreated SystemTime='2025-06-02T16:47:29.9546228Z'/><EventRecordID>224</EventRecordID><Correlation/><Execution ProcessID='1148' ThreadID='0'/><Channel>Application</Channel><Computer>NIKOLAISMETBD82</Computer><Security/></System><EventData><Data>Windows(R) UL store License (Public)</Data><Data>5723297e-83d4-4e95-92f4-67e40dcf3df0</Data></EventData><RenderingInfo Culture='en-US'><Message>The Software Protection service has successfully installed the license.&#13;&#10;License Title=Windows(R) UL store License (Public)&#13;&#10;License Id=5723297e-83d4-4e95-92f4-67e40dcf3df0</Message><Level>Information</Level><Provider>Microsoft-Windows-Security-SPP</Provider><Keywords><Keyword>Classic</Keyword></Keywords></RenderingInfo></Event><Event xmlns='http://schemas.microsoft.com/win/2004/08/events/event'><System><Provider Name='Microsoft-Windows-Security-SPP' Guid='{E23B33B0-C8C9-472C-A5F9-F2BDFEA0F156}' EventSourceName='Software Protection Platform Service'/><EventID Qualifiers='16384'>1004</EventID><Version>0</Version><Level>4</Level><Task>0</Task><Opcode>0</Opcode><Keywords>0x80000000000000</Keywords><TimeCreated SystemTime='2025-06-02T16:47:29.9310732Z'/><EventRecordID>223</EventRecordID><Correlation/><Execution ProcessID='1148' ThreadID='0'/><Channel>Application</Channel><Computer>NIKOLAISMETBD82</Computer><Security/></System><EventData><Data>Windows(R) UL phone License (Private)</Data><Data>63966b3a-856c-425e-8897-90356ce2930a</Data></EventData><RenderingInfo Culture='en-US'><Message>The Software Protection service has successfully installed the license.&#13;&#10;License Title=Windows(R) UL phone License (Private)&#13;&#10;License Id=63966b3a-856c-425e-8897-90356ce2930a</Message><Level>Information</Level><Provider>Microsoft-Windows-Security-SPP</Provider><Keywords><Keyword>Classic</Keyword></Keywords></RenderingInfo></Event><Event xmlns='http://schemas.microsoft.com/win/2004/08/events/event'><System><Provider Name='Microsoft-Windows-Security-SPP' Guid='{E23B33B0-C8C9-472C-A5F9-F2BDFEA0F156}' EventSourceName='Software Protection Platform Service'/><EventID Qualifiers='16384'>1004</EventID><Version>0</Version><Level>4</Level><Task>0</Task><Opcode>0</Opcode><Keywords>0x80000000000000</Keywords><TimeCreated SystemTime='2025-06-02T16:47:29.9300769Z'/><EventRecordID>222</EventRecordID><Correlation/><Execution ProcessID='1148' ThreadID='0'/><Channel>Application</Channel><Computer>NIKOLAISMETBD82</Computer><Security/></System><EventData><Data>Windows(R) UL phone License (Public)</Data><Data>e7763e19-be88-4f05-8dd3-ca20c846d140</Data></EventData><RenderingInfo Culture='en-US'><Message>The Software Protection service has successfully installed the license.&#13;&#10;License Title=Windows(R) UL phone License (Public)&#13;&#10;License Id=e7763e19-be88-4f05-8dd3-ca20c846d140</Message><Level>Information</Level><Provider>Microsoft-Windows-Security-SPP</Provider><Keywords><Keyword>Classic</Keyword></Keywords></RenderingInfo></Event><Event xmlns='http://schemas.microsoft.com/win/2004/08/events/event'><System><Provider Name='Microsoft-Windows-Security-SPP' Guid='{E23B33B0-C8C9-472C-A5F9-F2BDFEA0F156}' EventSourceName='Software Protection Platform Service'/><EventID Qualifiers='16384'>1004</EventID><Version>0</Version><Level>4</Level><Task>0</Task><Opcode>0</Opcode><Keywords>0x80000000000000</Keywords><TimeCreated SystemTime='2025-06-02T16:47:29.9044223Z'/><EventRecordID>221</EventRecordID><Correlation/><Execution ProcessID='1148' ThreadID='0'/><Channel>Application</Channel><Computer>NIKOLAISMETBD82</Computer><Security/></System><EventData><Data>Windows(R) UL oob License (Private)</Data><Data>988cbb2b-c785-4797-a6a8-8ea15ade88fe</Data></EventData><RenderingInfo Culture='en-US'><Message>The Software Protection service has successfully installed the license.&#13;&#10;License Title=Windows(R) UL oob License (Private)&#13;&#10;License Id=988cbb2b-c785-4797-a6a8-8ea15ade88fe</Message><Level>Information</Level><Provider>Microsoft-Windows-Security-SPP</Provider><Keywords><Keyword>Classic</Keyword></Keywords></RenderingInfo></Event><Event xmlns='http://schemas.microsoft.com/win/2004/08/events/event'><System><Provider Name='Microsoft-Windows-Security-SPP' Guid='{E23B33B0-C8C9-472C-A5F9-F2BDFEA0F156}' EventSourceName='Software Protection Platform Service'/><EventID Qualifiers='16384'>1004</EventID><Version>0</Version><Level>4</Level><Task>0</Task><Opcode>0</Opcode><Keywords>0x80000000000000</Keywords><TimeCreated SystemTime='2025-06-02T16:47:29.9038223Z'/><EventRecordID>220</EventRecordID><Correlation/><Execution ProcessID='1148' ThreadID='0'/><Channel>Application</Channel><Computer>NIKOLAISMETBD82</Computer><Security/></System><EventData><Data>Windows(R) UL oob License (Public)</Data><Data>0dbe447f-51e0-4ff9-abd7-d3f7b663dd84</Data></EventData><RenderingInfo Culture='en-US'><Message>The Software Protection service has successfully installed the license.&#13;&#10;License Title=Windows(R) UL oob License (Public)&#13;&#10;License Id=0dbe447f-51e0-4ff9-abd7-d3f7b663dd84</Message><Level>Information</Level><Provider>Microsoft-Windows-Security-SPP</Provider><Keywords><Keyword>Classic</Keyword></Keywords></RenderingInfo></Event><Event xmlns='http://schemas.microsoft.com/win/2004/08/events/event'><System><Provider Name='Microsoft-Windows-Security-SPP' Guid='{E23B33B0-C8C9-472C-A5F9-F2BDFEA0F156}' EventSourceName='Software Protection Platform Service'/><EventID Qualifiers='16384'>1004</EventID><Version>0</Version><Level>4</Level><Task>0</Task><Opcode>0</Opcode><Keywords>0x80000000000000</Keywords><TimeCreated SystemTime='2025-06-02T16:47:29.8777126Z'/><EventRecordID>219</EventRecordID><Correlation/><Execution ProcessID='1148' ThreadID='0'/><Channel>Application</Channel><Computer>NIKOLAISMETBD82</Computer><Security/></System><EventData><Data>Windows(R) Publishing License (Private)</Data><Data>76c9ab96-f51e-4de8-a9a4-0ae0a10dc176</Data></EventData><RenderingInfo Culture='en-US'><Message>The Software Protection service has successfully installed the license.&#13;&#10;License Title=Windows(R) Publishing License (Private)&#13;&#10;License Id=76c9ab96-f51e-4de8-a9a4-0ae0a10dc176</Message><Level>Information</Level><Provider>Microsoft-Windows-Security-SPP</Provider><Keywords><Keyword>Classic</Keyword></Keywords></RenderingInfo></Event><Event xmlns='http://schemas.microsoft.com/win/2004/08/events/event'><System><Provider Name='Microsoft-Windows-Security-SPP' Guid='{E23B33B0-C8C9-472C-A5F9-F2BDFEA0F156}' EventSourceName='Software Protection Platform Service'/><EventID Qualifiers='16384'>1004</EventID><Version>0</Version><Level>4</Level><Task>0</Task><Opcode>0</Opcode><Keywords>0x80000000000000</Keywords><TimeCreated SystemTime='2025-06-02T16:47:29.8769224Z'/><EventRecordID>218</EventRecordID><Correlation/><Execution ProcessID='1148' ThreadID='0'/><Channel>Application</Channel><Computer>NIKOLAISMETBD82</Computer><Security/></System><EventData><Data>Windows(R) Publishing License (Public)</Data><Data>78e96eee-fa6d-4a76-bf42-d46f3ab54a6c</Data></EventData><RenderingInfo Culture='en-US'><Message>The Software Protection service has successfully installed the license.&#13;&#10;License Title=Windows(R) Publishing License (Public)&#13;&#10;License Id=78e96eee-fa6d-4a76-bf42-d46f3ab54a6c</Message><Level>Information</Level><Provider>Microsoft-Windows-Security-SPP</Provider><Keywords><Keyword>Classic</Keyword></Keywords></RenderingInfo></Event><Event xmlns='http://schemas.microsoft.com/win/2004/08/events/event'><System><Provider Name='Microsoft-Windows-Security-SPP' Guid='{E23B33B0-C8C9-472C-A5F9-F2BDFEA0F156}' EventSourceName='Software Protection Platform Service'/><EventID Qualifiers='16384'>1004</EventID><Version>0</Version><Level>4</Level><Task>0</Task><Opcode>0</Opcode><Keywords>0x80000000000000</Keywords><TimeCreated SystemTime='2025-06-02T16:47:29.8543251Z'/><EventRecordID>217</EventRecordID><Correlation/><Execution ProcessID='1148' ThreadID='0'/><Channel>Application</Channel><Computer>NIKOLAISMETBD82</Computer><Security/></System><EventData><Data>Windows(R) UL volume License (Private)</Data><Data>be9ae727-36b7-4ad2-a3af-b9b056b2020e</Data></EventData><RenderingInfo Culture='en-US'><Message>The Software Protection service has successfully installed the license.&#13;&#10;License Title=Windows(R) UL volume License (Private)&#13;&#10;License Id=be9ae727-36b7-4ad2-a3af-b9b056b2020e</Message><Level>Information</Level><Provider>Microsoft-Windows-Security-SPP</Provider><Keywords><Keyword>Classic</Keyword></Keywords></RenderingInfo></Event><Event xmlns='http://schemas.microsoft.com/win/2004/08/events/event'><System><Provider Name='Microsoft-Windows-Security-SPP' Guid='{E23B33B0-C8C9-472C-A5F9-F2BDFEA0F156}' EventSourceName='Software Protection Platform Service'/><EventID Qualifiers='16384'>1004</EventID><Version>0</Version><Level>4</Level><Task>0</Task><Opcode>0</Opcode><Keywords>0x80000000000000</Keywords><TimeCreated SystemTime='2025-06-02T16:47:29.8536915Z'/><EventRecordID>216</EventRecordID><Correlation/><Execution ProcessID='1148' ThreadID='0'/><Channel>Application</Channel><Computer>NIKOLAISMETBD82</Computer><Security/></System><EventData><Data>Windows(R) UL volume License (Public)</Data><Data>b8faec3e-9867-4e99-9793-063fb5d95eb3</Data></EventData><RenderingInfo Culture='en-US'><Message>The Software Protection service has successfully installed the license.&#13;&#10;License Title=Windows(R) UL volume License (Public)&#13;&#10;License Id=b8faec3e-9867-4e99-9793-063fb5d95eb3</Message><Level>Information</Level><Provider>Microsoft-Windows-Security-SPP</Provider><Keywords><Keyword>Classic</Keyword></Keywords></RenderingInfo></Event><Event xmlns='http://schemas.microsoft.com/win/2004/08/events/event'><System><Provider Name='Microsoft-Windows-Security-SPP' Guid='{E23B33B0-C8C9-472C-A5F9-F2BDFEA0F156}' EventSourceName='Software Protection Platform Service'/><EventID Qualifiers='16384'>1004</EventID><Version>0</Version><Level>4</Level><Task>0</Task><Opcode>0</Opcode><Keywords>0x80000000000000</Keywords><TimeCreated SystemTime='2025-06-02T16:47:29.8287263Z'/><EventRecordID>215</EventRecordID><Correlation/><Execution ProcessID='1148' ThreadID='0'/><Channel>Application</Channel><Computer>NIKOLAISMETBD82</Computer><Security/></System><EventData><Data>Windows(R) UL oob License (Private)</Data><Data>5c69d351-20d8-4089-97a7-a35d56f981a7</Data></EventData><RenderingInfo Culture='en-US'><Message>The Software Protection service has successfully installed the license.&#13;&#10;License Title=Windows(R) UL oob License (Private)&#13;&#10;License Id=5c69d351-20d8-4089-97a7-a35d56f981a7</Message><Level>Information</Level><Provider>Microsoft-Windows-Security-SPP</Provider><Keywords><Keyword>Classic</Keyword></Keywords></RenderingInfo></Event>