<Event xmlns='http://schemas.microsoft.com/win/2004/08/events/event'><System><Provider Name='Microsoft-Windows-Security-Auditing' Guid='{54849625-5478-4994-a5ba-3e3b0328c30d}'/><EventID>4907</EventID><Version>0</Version><Level>0</Level><Task>13568</Task><Opcode>0</Opcode><Keywords>0x8020000000000000</Keywords><TimeCreated SystemTime='2025-06-02T16:47:51.8613058Z'/><EventRecordID>1062</EventRecordID><Correlation/><Execution ProcessID='4' ThreadID='240'/><Channel>Security</Channel><Computer>NIKOLAISMETBD82</Computer><Security/></System><EventData><Data Name='SubjectUserSid'>S-1-5-18</Data><Data Name='SubjectUserName'>NIKOLAISMETBD82$</Data><Data Name='SubjectDomainName'>WORKGROUP</Data><Data Name='SubjectLogonId'>0x3e7</Data><Data Name='ObjectServer'>Security</Data><Data Name='ObjectType'>File</Data><Data Name='ObjectName'>C:\Windows\System32\CloudExperienceHostCommon.dll</Data><Data Name='HandleId'>0x1390</Data><Data Name='OldSd'>S:NO_ACCESS_CONTROL</Data><Data Name='NewSd'>S:(AU;SAFA;DCLCRPCRSDWDWO;;;WD)</Data><Data Name='ProcessId'>0x1508</Data><Data Name='ProcessName'>C:\Windows\WinSxS\arm64_microsoft-windows-servicingstack_31bf3856ad364e35_10.0.26100.2032_none_a54f5da7772e394d\TiWorker.exe</Data></EventData></Event><Event xmlns='http://schemas.microsoft.com/win/2004/08/events/event'><System><Provider Name='Microsoft-Windows-Security-Auditing' Guid='{54849625-5478-4994-a5ba-3e3b0328c30d}'/><EventID>4907</EventID><Version>0</Version><Level>0</Level><Task>13568</Task><Opcode>0</Opcode><Keywords>0x8020000000000000</Keywords><TimeCreated SystemTime='2025-06-02T16:47:51.8599959Z'/><EventRecordID>1061</EventRecordID><Correlation/><Execution ProcessID='4' ThreadID='240'/><Channel>Security</Channel><Computer>NIKOLAISMETBD82</Computer><Security/></System><EventData><Data Name='SubjectUserSid'>S-1-5-18</Data><Data Name='SubjectUserName'>NIKOLAISMETBD82$</Data><Data Name='SubjectDomainName'>WORKGROUP</Data><Data Name='SubjectLogonId'>0x3e7</Data><Data Name='ObjectServer'>Security</Data><Data Name='ObjectType'>File</Data><Data Name='ObjectName'>C:\Windows\System32\CloudExperienceHost.dll</Data><Data Name='HandleId'>0xf68</Data><Data Name='OldSd'>S:NO_ACCESS_CONTROL</Data><Data Name='NewSd'>S:(AU;SAFA;DCLCRPCRSDWDWO;;;WD)</Data><Data Name='ProcessId'>0x1508</Data><Data Name='ProcessName'>C:\Windows\WinSxS\arm64_microsoft-windows-servicingstack_31bf3856ad364e35_10.0.26100.2032_none_a54f5da7772e394d\TiWorker.exe</Data></EventData></Event><Event xmlns='http://schemas.microsoft.com/win/2004/08/events/event'><System><Provider Name='Microsoft-Windows-Security-Auditing' Guid='{54849625-5478-4994-a5ba-3e3b0328c30d}'/><EventID>4907</EventID><Version>0</Version><Level>0</Level><Task>13568</Task><Opcode>0</Opcode><Keywords>0x8020000000000000</Keywords><TimeCreated SystemTime='2025-06-02T16:47:51.8551983Z'/><EventRecordID>1060</EventRecordID><Correlation/><Execution ProcessID='4' ThreadID='7960'/><Channel>Security</Channel><Computer>NIKOLAISMETBD82</Computer><Security/></System><EventData><Data Name='SubjectUserSid'>S-1-5-18</Data><Data Name='SubjectUserName'>NIKOLAISMETBD82$</Data><Data Name='SubjectDomainName'>WORKGROUP</Data><Data Name='SubjectLogonId'>0x3e7</Data><Data Name='ObjectServer'>Security</Data><Data Name='ObjectType'>File</Data><Data Name='ObjectName'>C:\Windows\WinSxS\FileMaps\$$_system32_oobe_06655c95df2fa06f.cdf-ms</Data><Data Name='HandleId'>0x1380</Data><Data Name='OldSd'></Data><Data Name='NewSd'>S:(AU;SAFA;0x1f0116;;;WD)</Data><Data Name='ProcessId'>0x1508</Data><Data Name='ProcessName'>C:\Windows\WinSxS\arm64_microsoft-windows-servicingstack_31bf3856ad364e35_10.0.26100.2032_none_a54f5da7772e394d\TiWorker.exe</Data></EventData></Event><Event xmlns='http://schemas.microsoft.com/win/2004/08/events/event'><System><Provider Name='Microsoft-Windows-Security-Auditing' Guid='{54849625-5478-4994-a5ba-3e3b0328c30d}'/><EventID>4907</EventID><Version>0</Version><Level>0</Level><Task>13568</Task><Opcode>0</Opcode><Keywords>0x8020000000000000</Keywords><TimeCreated SystemTime='2025-06-02T16:47:51.8547112Z'/><EventRecordID>1059</EventRecordID><Correlation/><Execution ProcessID='4' ThreadID='7960'/><Channel>Security</Channel><Computer>NIKOLAISMETBD82</Computer><Security/></System><EventData><Data Name='SubjectUserSid'>S-1-5-18</Data><Data Name='SubjectUserName'>NIKOLAISMETBD82$</Data><Data Name='SubjectDomainName'>WORKGROUP</Data><Data Name='SubjectLogonId'>0x3e7</Data><Data Name='ObjectServer'>Security</Data><Data Name='ObjectType'>File</Data><Data Name='ObjectName'>C:\Windows\WinSxS\FileMaps\$$_system32_21f9a9c4a2f8b514.cdf-ms</Data><Data Name='HandleId'>0x1380</Data><Data Name='OldSd'></Data><Data Name='NewSd'>S:(AU;SAFA;0x1f0116;;;WD)</Data><Data Name='ProcessId'>0x1508</Data><Data Name='ProcessName'>C:\Windows\WinSxS\arm64_microsoft-windows-servicingstack_31bf3856ad364e35_10.0.26100.2032_none_a54f5da7772e394d\TiWorker.exe</Data></EventData></Event><Event xmlns='http://schemas.microsoft.com/win/2004/08/events/event'><System><Provider Name='Microsoft-Windows-Security-Auditing' Guid='{54849625-5478-4994-a5ba-3e3b0328c30d}'/><EventID>4907</EventID><Version>0</Version><Level>0</Level><Task>13568</Task><Opcode>0</Opcode><Keywords>0x8020000000000000</Keywords><TimeCreated SystemTime='2025-06-02T16:47:51.8542336Z'/><EventRecordID>1058</EventRecordID><Correlation/><Execution ProcessID='4' ThreadID='7960'/><Channel>Security</Channel><Computer>NIKOLAISMETBD82</Computer><Security/></System><EventData><Data Name='SubjectUserSid'>S-1-5-18</Data><Data Name='SubjectUserName'>NIKOLAISMETBD82$</Data><Data Name='SubjectDomainName'>WORKGROUP</Data><Data Name='SubjectLogonId'>0x3e7</Data><Data Name='ObjectServer'>Security</Data><Data Name='ObjectType'>File</Data><Data Name='ObjectName'>C:\Windows\WinSxS\FileMaps\$$_systemapps_microsoft.windows.cloudexperiencehost_cw5n1h2txyewy_core_js_applaunchers_de40849bf361043c.cdf-ms</Data><Data Name='HandleId'>0x1380</Data><Data Name='OldSd'></Data><Data Name='NewSd'>S:(AU;SAFA;0x1f0116;;;WD)</Data><Data Name='ProcessId'>0x1508</Data><Data Name='ProcessName'>C:\Windows\WinSxS\arm64_microsoft-windows-servicingstack_31bf3856ad364e35_10.0.26100.2032_none_a54f5da7772e394d\TiWorker.exe</Data></EventData></Event><Event xmlns='http://schemas.microsoft.com/win/2004/08/events/event'><System><Provider Name='Microsoft-Windows-Security-Auditing' Guid='{54849625-5478-4994-a5ba-3e3b0328c30d}'/><EventID>4907</EventID><Version>0</Version><Level>0</Level><Task>13568</Task><Opcode>0</Opcode><Keywords>0x8020000000000000</Keywords><TimeCreated SystemTime='2025-06-02T16:47:51.8536368Z'/><EventRecordID>1057</EventRecordID><Correlation/><Execution ProcessID='4' ThreadID='7960'/><Channel>Security</Channel><Computer>NIKOLAISMETBD82</Computer><Security/></System><EventData><Data Name='SubjectUserSid'>S-1-5-18</Data><Data Name='SubjectUserName'>NIKOLAISMETBD82$</Data><Data Name='SubjectDomainName'>WORKGROUP</Data><Data Name='SubjectLogonId'>0x3e7</Data><Data Name='ObjectServer'>Security</Data><Data Name='ObjectType'>File</Data><Data Name='ObjectName'>C:\Windows\WinSxS\FileMaps\$$_systemapps_microsoft.windows.cloudexperiencehost_cw5n1h2txyewy_core_js_2a738435bdbe8f70.cdf-ms</Data><Data Name='HandleId'>0x137c</Data><Data Name='OldSd'></Data><Data Name='NewSd'>S:(AU;SAFA;0x1f0116;;;WD)</Data><Data Name='ProcessId'>0x1508</Data><Data Name='ProcessName'>C:\Windows\WinSxS\arm64_microsoft-windows-servicingstack_31bf3856ad364e35_10.0.26100.2032_none_a54f5da7772e394d\TiWorker.exe</Data></EventData></Event><Event xmlns='http://schemas.microsoft.com/win/2004/08/events/event'><System><Provider Name='Microsoft-Windows-Security-Auditing' Guid='{54849625-5478-4994-a5ba-3e3b0328c30d}'/><EventID>4907</EventID><Version>0</Version><Level>0</Level><Task>13568</Task><Opcode>0</Opcode><Keywords>0x8020000000000000</Keywords><TimeCreated SystemTime='2025-06-02T16:47:51.8529093Z'/><EventRecordID>1056</EventRecordID><Correlation/><Execution ProcessID='4' ThreadID='240'/><Channel>Security</Channel><Computer>NIKOLAISMETBD82</Computer><Security/></System><EventData><Data Name='SubjectUserSid'>S-1-5-18</Data><Data Name='SubjectUserName'>NIKOLAISMETBD82$</Data><Data Name='SubjectDomainName'>WORKGROUP</Data><Data Name='SubjectLogonId'>0x3e7</Data><Data Name='ObjectServer'>Security</Data><Data Name='ObjectType'>File</Data><Data Name='ObjectName'>C:\Windows\WinSxS\FileMaps\$$_systemapps_microsoft.windows.cloudexperiencehost_cw5n1h2txyewy_core_view_c303ad0c866a9c46.cdf-ms</Data><Data Name='HandleId'>0x137c</Data><Data Name='OldSd'></Data><Data Name='NewSd'>S:(AU;SAFA;0x1f0116;;;WD)</Data><Data Name='ProcessId'>0x1508</Data><Data Name='ProcessName'>C:\Windows\WinSxS\arm64_microsoft-windows-servicingstack_31bf3856ad364e35_10.0.26100.2032_none_a54f5da7772e394d\TiWorker.exe</Data></EventData></Event><Event xmlns='http://schemas.microsoft.com/win/2004/08/events/event'><System><Provider Name='Microsoft-Windows-Security-Auditing' Guid='{54849625-5478-4994-a5ba-3e3b0328c30d}'/><EventID>4907</EventID><Version>0</Version><Level>0</Level><Task>13568</Task><Opcode>0</Opcode><Keywords>0x8020000000000000</Keywords><TimeCreated SystemTime='2025-06-02T16:47:51.8522622Z'/><EventRecordID>1055</EventRecordID><Correlation/><Execution ProcessID='4' ThreadID='240'/><Channel>Security</Channel><Computer>NIKOLAISMETBD82</Computer><Security/></System><EventData><Data Name='SubjectUserSid'>S-1-5-18</Data><Data Name='SubjectUserName'>NIKOLAISMETBD82$</Data><Data Name='SubjectDomainName'>WORKGROUP</Data><Data Name='SubjectLogonId'>0x3e7</Data><Data Name='ObjectServer'>Security</Data><Data Name='ObjectType'>File</Data><Data Name='ObjectName'>C:\Windows\WinSxS\FileMaps\$$_systemapps_microsoft.windows.cloudexperiencehost_cw5n1h2txyewy_core_443623ff27fc6f6b.cdf-ms</Data><Data Name='HandleId'>0x137c</Data><Data Name='OldSd'></Data><Data Name='NewSd'>S:(AU;SAFA;0x1f0116;;;WD)</Data><Data Name='ProcessId'>0x1508</Data><Data Name='ProcessName'>C:\Windows\WinSxS\arm64_microsoft-windows-servicingstack_31bf3856ad364e35_10.0.26100.2032_none_a54f5da7772e394d\TiWorker.exe</Data></EventData></Event><Event xmlns='http://schemas.microsoft.com/win/2004/08/events/event'><System><Provider Name='Microsoft-Windows-Security-Auditing' Guid='{54849625-5478-4994-a5ba-3e3b0328c30d}'/><EventID>4907</EventID><Version>0</Version><Level>0</Level><Task>13568</Task><Opcode>0</Opcode><Keywords>0x8020000000000000</Keywords><TimeCreated SystemTime='2025-06-02T16:47:51.8517895Z'/><EventRecordID>1054</EventRecordID><Correlation/><Execution ProcessID='4' ThreadID='7960'/><Channel>Security</Channel><Computer>NIKOLAISMETBD82</Computer><Security/></System><EventData><Data Name='SubjectUserSid'>S-1-5-18</Data><Data Name='SubjectUserName'>NIKOLAISMETBD82$</Data><Data Name='SubjectDomainName'>WORKGROUP</Data><Data Name='SubjectLogonId'>0x3e7</Data><Data Name='ObjectServer'>Security</Data><Data Name='ObjectType'>File</Data><Data Name='ObjectName'>C:\Windows\WinSxS\FileMaps\$$_systemapps_microsoft.windows.cloudexperiencehost_cw5n1h2txyewy_css_b0f49fc4f34fda43.cdf-ms</Data><Data Name='HandleId'>0x137c</Data><Data Name='OldSd'></Data><Data Name='NewSd'>S:(AU;SAFA;0x1f0116;;;WD)</Data><Data Name='ProcessId'>0x1508</Data><Data Name='ProcessName'>C:\Windows\WinSxS\arm64_microsoft-windows-servicingstack_31bf3856ad364e35_10.0.26100.2032_none_a54f5da7772e394d\TiWorker.exe</Data></EventData></Event><Event xmlns='http://schemas.microsoft.com/win/2004/08/events/event'><System><Provider Name='Microsoft-Windows-Security-Auditing' Guid='{54849625-5478-4994-a5ba-3e3b0328c30d}'/><EventID>4907</EventID><Version>0</Version><Level>0</Level><Task>13568</Task><Opcode>0</Opcode><Keywords>0x8020000000000000</Keywords><TimeCreated SystemTime='2025-06-02T16:47:51.8511607Z'/><EventRecordID>1053</EventRecordID><Correlation/><Execution ProcessID='4' ThreadID='7960'/><Channel>Security</Channel><Computer>NIKOLAISMETBD82</Computer><Security/></System><EventData><Data Name='SubjectUserSid'>S-1-5-18</Data><Data Name='SubjectUserName'>NIKOLAISMETBD82$</Data><Data Name='SubjectDomainName'>WORKGROUP</Data><Data Name='SubjectLogonId'>0x3e7</Data><Data Name='ObjectServer'>Security</Data><Data Name='ObjectType'>File</Data><Data Name='ObjectName'>C:\Windows\WinSxS\FileMaps\$$_systemapps_microsoft.windows.cloudexperiencehost_cw5n1h2txyewy_data_prod_c85cee3a7af640ef.cdf-ms</Data><Data Name='HandleId'>0x137c</Data><Data Name='OldSd'></Data><Data Name='NewSd'>S:(AU;SAFA;0x1f0116;;;WD)</Data><Data Name='ProcessId'>0x1508</Data><Data Name='ProcessName'>C:\Windows\WinSxS\arm64_microsoft-windows-servicingstack_31bf3856ad364e35_10.0.26100.2032_none_a54f5da7772e394d\TiWorker.exe</Data></EventData></Event><Event xmlns='http://schemas.microsoft.com/win/2004/08/events/event'><System><Provider Name='Microsoft-Windows-Security-Auditing' Guid='{54849625-5478-4994-a5ba-3e3b0328c30d}'/><EventID>4907</EventID><Version>0</Version><Level>0</Level><Task>13568</Task><Opcode>0</Opcode><Keywords>0x8020000000000000</Keywords><TimeCreated SystemTime='2025-06-02T16:47:51.8506399Z'/><EventRecordID>1052</EventRecordID><Correlation/><Execution ProcessID='4' ThreadID='7960'/><Channel>Security</Channel><Computer>NIKOLAISMETBD82</Computer><Security/></System><EventData><Data Name='SubjectUserSid'>S-1-5-18</Data><Data Name='SubjectUserName'>NIKOLAISMETBD82$</Data><Data Name='SubjectDomainName'>WORKGROUP</Data><Data Name='SubjectLogonId'>0x3e7</Data><Data Name='ObjectServer'>Security</Data><Data Name='ObjectType'>File</Data><Data Name='ObjectName'>C:\Windows\WinSxS\FileMaps\$$_systemapps_microsoft.windows.cloudexperiencehost_cw5n1h2txyewy_data_4436285d27fc685e.cdf-ms</Data><Data Name='HandleId'>0x137c</Data><Data Name='OldSd'></Data><Data Name='NewSd'>S:(AU;SAFA;0x1f0116;;;WD)</Data><Data Name='ProcessId'>0x1508</Data><Data Name='ProcessName'>C:\Windows\WinSxS\arm64_microsoft-windows-servicingstack_31bf3856ad364e35_10.0.26100.2032_none_a54f5da7772e394d\TiWorker.exe</Data></EventData></Event><Event xmlns='http://schemas.microsoft.com/win/2004/08/events/event'><System><Provider Name='Microsoft-Windows-Security-Auditing' Guid='{54849625-5478-4994-a5ba-3e3b0328c30d}'/><EventID>4907</EventID><Version>0</Version><Level>0</Level><Task>13568</Task><Opcode>0</Opcode><Keywords>0x8020000000000000</Keywords><TimeCreated SystemTime='2025-06-02T16:47:51.8501828Z'/><EventRecordID>1051</EventRecordID><Correlation/><Execution ProcessID='4' ThreadID='7960'/><Channel>Security</Channel><Computer>NIKOLAISMETBD82</Computer><Security/></System><EventData><Data Name='SubjectUserSid'>S-1-5-18</Data><Data Name='SubjectUserName'>NIKOLAISMETBD82$</Data><Data Name='SubjectDomainName'>WORKGROUP</Data><Data Name='SubjectLogonId'>0x3e7</Data><Data Name='ObjectServer'>Security</Data><Data Name='ObjectType'>File</Data><Data Name='ObjectName'>C:\Windows\WinSxS\FileMaps\$$_systemapps_microsoft.windows.cloudexperiencehost_cw5n1h2txyewy_fonts_f53d61bc0b5bbe04.cdf-ms</Data><Data Name='HandleId'>0x137c</Data><Data Name='OldSd'></Data><Data Name='NewSd'>S:(AU;SAFA;0x1f0116;;;WD)</Data><Data Name='ProcessId'>0x1508</Data><Data Name='ProcessName'>C:\Windows\WinSxS\arm64_microsoft-windows-servicingstack_31bf3856ad364e35_10.0.26100.2032_none_a54f5da7772e394d\TiWorker.exe</Data></EventData></Event><Event xmlns='http://schemas.microsoft.com/win/2004/08/events/event'><System><Provider Name='Microsoft-Windows-Security-Auditing' Guid='{54849625-5478-4994-a5ba-3e3b0328c30d}'/><EventID>4907</EventID><Version>0</Version><Level>0</Level><Task>13568</Task><Opcode>0</Opcode><Keywords>0x8020000000000000</Keywords><TimeCreated SystemTime='2025-06-02T16:47:51.8495310Z'/><EventRecordID>1050</EventRecordID><Correlation/><Execution ProcessID='4' ThreadID='240'/><Channel>Security</Channel><Computer>NIKOLAISMETBD82</Computer><Security/></System><EventData><Data Name='SubjectUserSid'>S-1-5-18</Data><Data Name='SubjectUserName'>NIKOLAISMETBD82$</Data><Data Name='SubjectDomainName'>WORKGROUP</Data><Data Name='SubjectLogonId'>0x3e7</Data><Data Name='ObjectServer'>Security</Data><Data Name='ObjectType'>File</Data><Data Name='ObjectName'>C:\Windows\WinSxS\FileMaps\$$_systemapps_microsoft.windows.cloudexperiencehost_cw5n1h2txyewy_images_f5434c400d60dd7c.cdf-ms</Data><Data Name='HandleId'>0x137c</Data><Data Name='OldSd'></Data><Data Name='NewSd'>S:(AU;SAFA;0x1f0116;;;WD)</Data><Data Name='ProcessId'>0x1508</Data><Data Name='ProcessName'>C:\Windows\WinSxS\arm64_microsoft-windows-servicingstack_31bf3856ad364e35_10.0.26100.2032_none_a54f5da7772e394d\TiWorker.exe</Data></EventData></Event><Event xmlns='http://schemas.microsoft.com/win/2004/08/events/event'><System><Provider Name='Microsoft-Windows-Security-Auditing' Guid='{54849625-5478-4994-a5ba-3e3b0328c30d}'/><EventID>4907</EventID><Version>0</Version><Level>0</Level><Task>13568</Task><Opcode>0</Opcode><Keywords>0x8020000000000000</Keywords><TimeCreated SystemTime='2025-06-02T16:47:51.8489965Z'/><EventRecordID>1049</EventRecordID><Correlation/><Execution ProcessID='4' ThreadID='7960'/><Channel>Security</Channel><Computer>NIKOLAISMETBD82</Computer><Security/></System><EventData><Data Name='SubjectUserSid'>S-1-5-18</Data><Data Name='SubjectUserName'>NIKOLAISMETBD82$</Data><Data Name='SubjectDomainName'>WORKGROUP</Data><Data Name='SubjectLogonId'>0x3e7</Data><Data Name='ObjectServer'>Security</Data><Data Name='ObjectType'>File</Data><Data Name='ObjectName'>C:\Windows\WinSxS\FileMaps\$$_systemapps_microsoft.windows.cloudexperiencehost_cw5n1h2txyewy_js_91283bc423026fc5.cdf-ms</Data><Data Name='HandleId'>0x137c</Data><Data Name='OldSd'></Data><Data Name='NewSd'>S:(AU;SAFA;0x1f0116;;;WD)</Data><Data Name='ProcessId'>0x1508</Data><Data Name='ProcessName'>C:\Windows\WinSxS\arm64_microsoft-windows-servicingstack_31bf3856ad364e35_10.0.26100.2032_none_a54f5da7772e394d\TiWorker.exe</Data></EventData></Event><Event xmlns='http://schemas.microsoft.com/win/2004/08/events/event'><System><Provider Name='Microsoft-Windows-Security-Auditing' Guid='{54849625-5478-4994-a5ba-3e3b0328c30d}'/><EventID>4907</EventID><Version>0</Version><Level>0</Level><Task>13568</Task><Opcode>0</Opcode><Keywords>0x8020000000000000</Keywords><TimeCreated SystemTime='2025-06-02T16:47:51.8484931Z'/><EventRecordID>1048</EventRecordID><Correlation/><Execution ProcessID='4' ThreadID='7960'/><Channel>Security</Channel><Computer>NIKOLAISMETBD82</Computer><Security/></System><EventData><Data Name='SubjectUserSid'>S-1-5-18</Data><Data Name='SubjectUserName'>NIKOLAISMETBD82$</Data><Data Name='SubjectDomainName'>WORKGROUP</Data><Data Name='SubjectLogonId'>0x3e7</Data><Data Name='ObjectServer'>Security</Data><Data Name='ObjectType'>File</Data><Data Name='ObjectName'>C:\Windows\WinSxS\FileMaps\$$_systemapps_microsoft.windows.cloudexperiencehost_cw5n1h2txyewy_lib_b0f47f90f3500a51.cdf-ms</Data><Data Name='HandleId'>0x137c</Data><Data Name='OldSd'></Data><Data Name='NewSd'>S:(AU;SAFA;0x1f0116;;;WD)</Data><Data Name='ProcessId'>0x1508</Data><Data Name='ProcessName'>C:\Windows\WinSxS\arm64_microsoft-windows-servicingstack_31bf3856ad364e35_10.0.26100.2032_none_a54f5da7772e394d\TiWorker.exe</Data></EventData></Event><Event xmlns='http://schemas.microsoft.com/win/2004/08/events/event'><System><Provider Name='Microsoft-Windows-Security-Auditing' Guid='{54849625-5478-4994-a5ba-3e3b0328c30d}'/><EventID>4907</EventID><Version>0</Version><Level>0</Level><Task>13568</Task><Opcode>0</Opcode><Keywords>0x8020000000000000</Keywords><TimeCreated SystemTime='2025-06-02T16:47:51.8480214Z'/><EventRecordID>1047</EventRecordID><Correlation/><Execution ProcessID='4' ThreadID='240'/><Channel>Security</Channel><Computer>NIKOLAISMETBD82</Computer><Security/></System><EventData><Data Name='SubjectUserSid'>S-1-5-18</Data><Data Name='SubjectUserName'>NIKOLAISMETBD82$</Data><Data Name='SubjectDomainName'>WORKGROUP</Data><Data Name='SubjectLogonId'>0x3e7</Data><Data Name='ObjectServer'>Security</Data><Data Name='ObjectType'>File</Data><Data Name='ObjectName'>C:\Windows\WinSxS\FileMaps\$$_systemapps_microsoft.windows.cloudexperiencehost_cw5n1h2txyewy_media_f54b539a0b1cc81a.cdf-ms</Data><Data Name='HandleId'>0x137c</Data><Data Name='OldSd'></Data><Data Name='NewSd'>S:(AU;SAFA;0x1f0116;;;WD)</Data><Data Name='ProcessId'>0x1508</Data><Data Name='ProcessName'>C:\Windows\WinSxS\arm64_microsoft-windows-servicingstack_31bf3856ad364e35_10.0.26100.2032_none_a54f5da7772e394d\TiWorker.exe</Data></EventData></Event><Event xmlns='http://schemas.microsoft.com/win/2004/08/events/event'><System><Provider Name='Microsoft-Windows-Security-Auditing' Guid='{54849625-5478-4994-a5ba-3e3b0328c30d}'/><EventID>4907</EventID><Version>0</Version><Level>0</Level><Task>13568</Task><Opcode>0</Opcode><Keywords>0x8020000000000000</Keywords><TimeCreated SystemTime='2025-06-02T16:47:51.8473771Z'/><EventRecordID>1046</EventRecordID><Correlation/><Execution ProcessID='4' ThreadID='240'/><Channel>Security</Channel><Computer>NIKOLAISMETBD82</Computer><Security/></System><EventData><Data Name='SubjectUserSid'>S-1-5-18</Data><Data Name='SubjectUserName'>NIKOLAISMETBD82$</Data><Data Name='SubjectDomainName'>WORKGROUP</Data><Data Name='SubjectLogonId'>0x3e7</Data><Data Name='ObjectServer'>Security</Data><Data Name='ObjectType'>File</Data><Data Name='ObjectName'>C:\Windows\WinSxS\FileMaps\$$_systemapps_microsoft.windows.cloudexperiencehost_cw5n1h2txyewy_microsoft.winjs-reduced_css_1f290cb460a43b49.cdf-ms</Data><Data Name='HandleId'>0x137c</Data><Data Name='OldSd'></Data><Data Name='NewSd'>S:(AU;SAFA;0x1f0116;;;WD)</Data><Data Name='ProcessId'>0x1508</Data><Data Name='ProcessName'>C:\Windows\WinSxS\arm64_microsoft-windows-servicingstack_31bf3856ad364e35_10.0.26100.2032_none_a54f5da7772e394d\TiWorker.exe</Data></EventData></Event><Event xmlns='http://schemas.microsoft.com/win/2004/08/events/event'><System><Provider Name='Microsoft-Windows-Security-Auditing' Guid='{54849625-5478-4994-a5ba-3e3b0328c30d}'/><EventID>4907</EventID><Version>0</Version><Level>0</Level><Task>13568</Task><Opcode>0</Opcode><Keywords>0x8020000000000000</Keywords><TimeCreated SystemTime='2025-06-02T16:47:51.8466851Z'/><EventRecordID>1045</EventRecordID><Correlation/><Execution ProcessID='4' ThreadID='240'/><Channel>Security</Channel><Computer>NIKOLAISMETBD82</Computer><Security/></System><EventData><Data Name='SubjectUserSid'>S-1-5-18</Data><Data Name='SubjectUserName'>NIKOLAISMETBD82$</Data><Data Name='SubjectDomainName'>WORKGROUP</Data><Data Name='SubjectLogonId'>0x3e7</Data><Data Name='ObjectServer'>Security</Data><Data Name='ObjectType'>File</Data><Data Name='ObjectName'>C:\Windows\WinSxS\FileMaps\$$_systemapps_microsoft.windows.cloudexperiencehost_cw5n1h2txyewy_microsoft.winjs-reduced_js_c3e6a46e6987d93b.cdf-ms</Data><Data Name='HandleId'>0x137c</Data><Data Name='OldSd'></Data><Data Name='NewSd'>S:(AU;SAFA;0x1f0116;;;WD)</Data><Data Name='ProcessId'>0x1508</Data><Data Name='ProcessName'>C:\Windows\WinSxS\arm64_microsoft-windows-servicingstack_31bf3856ad364e35_10.0.26100.2032_none_a54f5da7772e394d\TiWorker.exe</Data></EventData></Event><Event xmlns='http://schemas.microsoft.com/win/2004/08/events/event'><System><Provider Name='Microsoft-Windows-Security-Auditing' Guid='{54849625-5478-4994-a5ba-3e3b0328c30d}'/><EventID>4907</EventID><Version>0</Version><Level>0</Level><Task>13568</Task><Opcode>0</Opcode><Keywords>0x8020000000000000</Keywords><TimeCreated SystemTime='2025-06-02T16:47:51.8456186Z'/><EventRecordID>1044</EventRecordID><Correlation/><Execution ProcessID='4' ThreadID='240'/><Channel>Security</Channel><Computer>NIKOLAISMETBD82</Computer><Security/></System><EventData><Data Name='SubjectUserSid'>S-1-5-18</Data><Data Name='SubjectUserName'>NIKOLAISMETBD82$</Data><Data Name='SubjectDomainName'>WORKGROUP</Data><Data Name='SubjectLogonId'>0x3e7</Data><Data Name='ObjectServer'>Security</Data><Data Name='ObjectType'>File</Data><Data Name='ObjectName'>C:\Windows\WinSxS\FileMaps\$$_systemapps_microsoft.windows.cloudexperiencehost_cw5n1h2txyewy_microsoft.winjs-reduced_36e69b3b0e7ecf70.cdf-ms</Data><Data Name='HandleId'>0x137c</Data><Data Name='OldSd'></Data><Data Name='NewSd'>S:(AU;SAFA;0x1f0116;;;WD)</Data><Data Name='ProcessId'>0x1508</Data><Data Name='ProcessName'>C:\Windows\WinSxS\arm64_microsoft-windows-servicingstack_31bf3856ad364e35_10.0.26100.2032_none_a54f5da7772e394d\TiWorker.exe</Data></EventData></Event><Event xmlns='http://schemas.microsoft.com/win/2004/08/events/event'><System><Provider Name='Microsoft-Windows-Security-Auditing' Guid='{54849625-5478-4994-a5ba-3e3b0328c30d}'/><EventID>4907</EventID><Version>0</Version><Level>0</Level><Task>13568</Task><Opcode>0</Opcode><Keywords>0x8020000000000000</Keywords><TimeCreated SystemTime='2025-06-02T16:47:51.8439887Z'/><EventRecordID>1043</EventRecordID><Correlation/><Execution ProcessID='4' ThreadID='7960'/><Channel>Security</Channel><Computer>NIKOLAISMETBD82</Computer><Security/></System><EventData><Data Name='SubjectUserSid'>S-1-5-18</Data><Data Name='SubjectUserName'>NIKOLAISMETBD82$</Data><Data Name='SubjectDomainName'>WORKGROUP</Data><Data Name='SubjectLogonId'>0x3e7</Data><Data Name='ObjectServer'>Security</Data><Data Name='ObjectType'>File</Data><Data Name='ObjectName'>C:\Windows\WinSxS\FileMaps\$$_systemapps_microsoft.windows.cloudexperiencehost_cw5n1h2txyewy_pris_4436110b27fc8d08.cdf-ms</Data><Data Name='HandleId'>0xbb4</Data><Data Name='OldSd'></Data><Data Name='NewSd'>S:(AU;SAFA;0x1f0116;;;WD)</Data><Data Name='ProcessId'>0x1508</Data><Data Name='ProcessName'>C:\Windows\WinSxS\arm64_microsoft-windows-servicingstack_31bf3856ad364e35_10.0.26100.2032_none_a54f5da7772e394d\TiWorker.exe</Data></EventData></Event><Event xmlns='http://schemas.microsoft.com/win/2004/08/events/event'><System><Provider Name='Microsoft-Windows-Security-Auditing' Guid='{54849625-5478-4994-a5ba-3e3b0328c30d}'/><EventID>4907</EventID><Version>0</Version><Level>0</Level><Task>13568</Task><Opcode>0</Opcode><Keywords>0x8020000000000000</Keywords><TimeCreated SystemTime='2025-06-02T16:47:51.8433404Z'/><EventRecordID>1042</EventRecordID><Correlation/><Execution ProcessID='4' ThreadID='7960'/><Channel>Security</Channel><Computer>NIKOLAISMETBD82</Computer><Security/></System><EventData><Data Name='SubjectUserSid'>S-1-5-18</Data><Data Name='SubjectUserName'>NIKOLAISMETBD82$</Data><Data Name='SubjectDomainName'>WORKGROUP</Data><Data Name='SubjectLogonId'>0x3e7</Data><Data Name='ObjectServer'>Security</Data><Data Name='ObjectType'>File</Data><Data Name='ObjectName'>C:\Windows\WinSxS\FileMaps\$$_systemapps_microsoft.windows.cloudexperiencehost_cw5n1h2txyewy_retaildemo_d6007de2c4449ca2.cdf-ms</Data><Data Name='HandleId'>0xf68</Data><Data Name='OldSd'></Data><Data Name='NewSd'>S:(AU;SAFA;0x1f0116;;;WD)</Data><Data Name='ProcessId'>0x1508</Data><Data Name='ProcessName'>C:\Windows\WinSxS\arm64_microsoft-windows-servicingstack_31bf3856ad364e35_10.0.26100.2032_none_a54f5da7772e394d\TiWorker.exe</Data></EventData></Event><Event xmlns='http://schemas.microsoft.com/win/2004/08/events/event'><System><Provider Name='Microsoft-Windows-Security-Auditing' Guid='{54849625-5478-4994-a5ba-3e3b0328c30d}'/><EventID>4907</EventID><Version>0</Version><Level>0</Level><Task>13568</Task><Opcode>0</Opcode><Keywords>0x8020000000000000</Keywords><TimeCreated SystemTime='2025-06-02T16:47:51.8428373Z'/><EventRecordID>1041</EventRecordID><Correlation/><Execution ProcessID='4' ThreadID='7960'/><Channel>Security</Channel><Computer>NIKOLAISMETBD82</Computer><Security/></System><EventData><Data Name='SubjectUserSid'>S-1-5-18</Data><Data Name='SubjectUserName'>NIKOLAISMETBD82$</Data><Data Name='SubjectDomainName'>WORKGROUP</Data><Data Name='SubjectLogonId'>0x3e7</Data><Data Name='ObjectServer'>Security</Data><Data Name='ObjectType'>File</Data><Data Name='ObjectName'>C:\Windows\WinSxS\FileMaps\$$_systemapps_microsoft.windows.cloudexperiencehost_cw5n1h2txyewy_speech_0407_f24be5301cd5ef35.cdf-ms</Data><Data Name='HandleId'>0xf68</Data><Data Name='OldSd'></Data><Data Name='NewSd'>S:(AU;SAFA;0x1f0116;;;WD)</Data><Data Name='ProcessId'>0x1508</Data><Data Name='ProcessName'>C:\Windows\WinSxS\arm64_microsoft-windows-servicingstack_31bf3856ad364e35_10.0.26100.2032_none_a54f5da7772e394d\TiWorker.exe</Data></EventData></Event><Event xmlns='http://schemas.microsoft.com/win/2004/08/events/event'><System><Provider Name='Microsoft-Windows-Security-Auditing' Guid='{54849625-5478-4994-a5ba-3e3b0328c30d}'/><EventID>4907</EventID><Version>0</Version><Level>0</Level><Task>13568</Task><Opcode>0</Opcode><Keywords>0x8020000000000000</Keywords><TimeCreated SystemTime='2025-06-02T16:47:51.8421159Z'/><EventRecordID>1040</EventRecordID><Correlation/><Execution ProcessID='4' ThreadID='7960'/><Channel>Security</Channel><Computer>NIKOLAISMETBD82</Computer><Security/></System><EventData><Data Name='SubjectUserSid'>S-1-5-18</Data><Data Name='SubjectUserName'>NIKOLAISMETBD82$</Data><Data Name='SubjectDomainName'>WORKGROUP</Data><Data Name='SubjectLogonId'>0x3e7</Data><Data Name='ObjectServer'>Security</Data><Data Name='ObjectType'>File</Data><Data Name='ObjectName'>C:\Windows\WinSxS\FileMaps\$$_systemapps_microsoft.windows.cloudexperiencehost_cw5n1h2txyewy_speech_0409_f24be8fc1cd5e983.cdf-ms</Data><Data Name='HandleId'>0xf68</Data><Data Name='OldSd'></Data><Data Name='NewSd'>S:(AU;SAFA;0x1f0116;;;WD)</Data><Data Name='ProcessId'>0x1508</Data><Data Name='ProcessName'>C:\Windows\WinSxS\arm64_microsoft-windows-servicingstack_31bf3856ad364e35_10.0.26100.2032_none_a54f5da7772e394d\TiWorker.exe</Data></EventData></Event><Event xmlns='http://schemas.microsoft.com/win/2004/08/events/event'><System><Provider Name='Microsoft-Windows-Security-Auditing' Guid='{54849625-5478-4994-a5ba-3e3b0328c30d}'/><EventID>4907</EventID><Version>0</Version><Level>0</Level><Task>13568</Task><Opcode>0</Opcode><Keywords>0x8020000000000000</Keywords><TimeCreated SystemTime='2025-06-02T16:47:51.8414118Z'/><EventRecordID>1039</EventRecordID><Correlation/><Execution ProcessID='4' ThreadID='240'/><Channel>Security</Channel><Computer>NIKOLAISMETBD82</Computer><Security/></System><EventData><Data Name='SubjectUserSid'>S-1-5-18</Data><Data Name='SubjectUserName'>NIKOLAISMETBD82$</Data><Data Name='SubjectDomainName'>WORKGROUP</Data><Data Name='SubjectLogonId'>0x3e7</Data><Data Name='ObjectServer'>Security</Data><Data Name='ObjectType'>File</Data><Data Name='ObjectName'>C:\Windows\WinSxS\FileMaps\$$_systemapps_microsoft.windows.cloudexperiencehost_cw5n1h2txyewy_speech_040c_f24bfbf81cd5cd09.cdf-ms</Data><Data Name='HandleId'>0xf68</Data><Data Name='OldSd'></Data><Data Name='NewSd'>S:(AU;SAFA;0x1f0116;;;WD)</Data><Data Name='ProcessId'>0x1508</Data><Data Name='ProcessName'>C:\Windows\WinSxS\arm64_microsoft-windows-servicingstack_31bf3856ad364e35_10.0.26100.2032_none_a54f5da7772e394d\TiWorker.exe</Data></EventData></Event><Event xmlns='http://schemas.microsoft.com/win/2004/08/events/event'><System><Provider Name='Microsoft-Windows-Security-Auditing' Guid='{54849625-5478-4994-a5ba-3e3b0328c30d}'/><EventID>4907</EventID><Version>0</Version><Level>0</Level><Task>13568</Task><Opcode>0</Opcode><Keywords>0x8020000000000000</Keywords><TimeCreated SystemTime='2025-06-02T16:47:51.8409511Z'/><EventRecordID>1038</EventRecordID><Correlation/><Execution ProcessID='4' ThreadID='240'/><Channel>Security</Channel><Computer>NIKOLAISMETBD82</Computer><Security/></System><EventData><Data Name='SubjectUserSid'>S-1-5-18</Data><Data Name='SubjectUserName'>NIKOLAISMETBD82$</Data><Data Name='SubjectDomainName'>WORKGROUP</Data><Data Name='SubjectLogonId'>0x3e7</Data><Data Name='ObjectServer'>Security</Data><Data Name='ObjectType'>File</Data><Data Name='ObjectName'>C:\Windows\WinSxS\FileMaps\$$_systemapps_microsoft.windows.cloudexperiencehost_cw5n1h2txyewy_speech_0410_f24bd7e61cd60325.cdf-ms</Data><Data Name='HandleId'>0xf68</Data><Data Name='OldSd'></Data><Data Name='NewSd'>S:(AU;SAFA;0x1f0116;;;WD)</Data><Data Name='ProcessId'>0x1508</Data><Data Name='ProcessName'>C:\Windows\WinSxS\arm64_microsoft-windows-servicingstack_31bf3856ad364e35_10.0.26100.2032_none_a54f5da7772e394d\TiWorker.exe</Data></EventData></Event><Event xmlns='http://schemas.microsoft.com/win/2004/08/events/event'><System><Provider Name='Microsoft-Windows-Security-Auditing' Guid='{54849625-5478-4994-a5ba-3e3b0328c30d}'/><EventID>4907</EventID><Version>0</Version><Level>0</Level><Task>13568</Task><Opcode>0</Opcode><Keywords>0x8020000000000000</Keywords><TimeCreated SystemTime='2025-06-02T16:47:51.8404577Z'/><EventRecordID>1037</EventRecordID><Correlation/><Execution ProcessID='4' ThreadID='7960'/><Channel>Security</Channel><Computer>NIKOLAISMETBD82</Computer><Security/></System><EventData><Data Name='SubjectUserSid'>S-1-5-18</Data><Data Name='SubjectUserName'>NIKOLAISMETBD82$</Data><Data Name='SubjectDomainName'>WORKGROUP</Data><Data Name='SubjectLogonId'>0x3e7</Data><Data Name='ObjectServer'>Security</Data><Data Name='ObjectType'>File</Data><Data Name='ObjectName'>C:\Windows\WinSxS\FileMaps\$$_systemapps_microsoft.windows.cloudexperiencehost_cw5n1h2txyewy_speech_0411_f24bd9cc1cd6004c.cdf-ms</Data><Data Name='HandleId'>0xf68</Data><Data Name='OldSd'></Data><Data Name='NewSd'>S:(AU;SAFA;0x1f0116;;;WD)</Data><Data Name='ProcessId'>0x1508</Data><Data Name='ProcessName'>C:\Windows\WinSxS\arm64_microsoft-windows-servicingstack_31bf3856ad364e35_10.0.26100.2032_none_a54f5da7772e394d\TiWorker.exe</Data></EventData></Event><Event xmlns='http://schemas.microsoft.com/win/2004/08/events/event'><System><Provider Name='Microsoft-Windows-Security-Auditing' Guid='{54849625-5478-4994-a5ba-3e3b0328c30d}'/><EventID>4907</EventID><Version>0</Version><Level>0</Level><Task>13568</Task><Opcode>0</Opcode><Keywords>0x8020000000000000</Keywords><TimeCreated SystemTime='2025-06-02T16:47:51.8398799Z'/><EventRecordID>1036</EventRecordID><Correlation/><Execution ProcessID='4' ThreadID='7960'/><Channel>Security</Channel><Computer>NIKOLAISMETBD82</Computer><Security/></System><EventData><Data Name='SubjectUserSid'>S-1-5-18</Data><Data Name='SubjectUserName'>NIKOLAISMETBD82$</Data><Data Name='SubjectDomainName'>WORKGROUP</Data><Data Name='SubjectLogonId'>0x3e7</Data><Data Name='ObjectServer'>Security</Data><Data Name='ObjectType'>File</Data><Data Name='ObjectName'>C:\Windows\WinSxS\FileMaps\$$_systemapps_microsoft.windows.cloudexperiencehost_cw5n1h2txyewy_speech_0416_f24be34a1cd5f20f.cdf-ms</Data><Data Name='HandleId'>0x137c</Data><Data Name='OldSd'></Data><Data Name='NewSd'>S:(AU;SAFA;0x1f0116;;;WD)</Data><Data Name='ProcessId'>0x1508</Data><Data Name='ProcessName'>C:\Windows\WinSxS\arm64_microsoft-windows-servicingstack_31bf3856ad364e35_10.0.26100.2032_none_a54f5da7772e394d\TiWorker.exe</Data></EventData></Event><Event xmlns='http://schemas.microsoft.com/win/2004/08/events/event'><System><Provider Name='Microsoft-Windows-Security-Auditing' Guid='{54849625-5478-4994-a5ba-3e3b0328c30d}'/><EventID>4907</EventID><Version>0</Version><Level>0</Level><Task>13568</Task><Opcode>0</Opcode><Keywords>0x8020000000000000</Keywords><TimeCreated SystemTime='2025-06-02T16:47:51.8392776Z'/><EventRecordID>1035</EventRecordID><Correlation/><Execution ProcessID='4' ThreadID='7960'/><Channel>Security</Channel><Computer>NIKOLAISMETBD82</Computer><Security/></System><EventData><Data Name='SubjectUserSid'>S-1-5-18</Data><Data Name='SubjectUserName'>NIKOLAISMETBD82$</Data><Data Name='SubjectDomainName'>WORKGROUP</Data><Data Name='SubjectLogonId'>0x3e7</Data><Data Name='ObjectServer'>Security</Data><Data Name='ObjectType'>File</Data><Data Name='ObjectName'>C:\Windows\WinSxS\FileMaps\$$_systemapps_microsoft.windows.cloudexperiencehost_cw5n1h2txyewy_speech_0804_f24bdf861cd5f79c.cdf-ms</Data><Data Name='HandleId'>0x137c</Data><Data Name='OldSd'></Data><Data Name='NewSd'>S:(AU;SAFA;0x1f0116;;;WD)</Data><Data Name='ProcessId'>0x1508</Data><Data Name='ProcessName'>C:\Windows\WinSxS\arm64_microsoft-windows-servicingstack_31bf3856ad364e35_10.0.26100.2032_none_a54f5da7772e394d\TiWorker.exe</Data></EventData></Event><Event xmlns='http://schemas.microsoft.com/win/2004/08/events/event'><System><Provider Name='Microsoft-Windows-Security-Auditing' Guid='{54849625-5478-4994-a5ba-3e3b0328c30d}'/><EventID>4907</EventID><Version>0</Version><Level>0</Level><Task>13568</Task><Opcode>0</Opcode><Keywords>0x8020000000000000</Keywords><TimeCreated SystemTime='2025-06-02T16:47:51.8386932Z'/><EventRecordID>1034</EventRecordID><Correlation/><Execution ProcessID='4' ThreadID='240'/><Channel>Security</Channel><Computer>NIKOLAISMETBD82</Computer><Security/></System><EventData><Data Name='SubjectUserSid'>S-1-5-18</Data><Data Name='SubjectUserName'>NIKOLAISMETBD82$</Data><Data Name='SubjectDomainName'>WORKGROUP</Data><Data Name='SubjectLogonId'>0x3e7</Data><Data Name='ObjectServer'>Security</Data><Data Name='ObjectType'>File</Data><Data Name='ObjectName'>C:\Windows\WinSxS\FileMaps\$$_systemapps_microsoft.windows.cloudexperiencehost_cw5n1h2txyewy_speech_0809_f24be9041cd5e95f.cdf-ms</Data><Data Name='HandleId'>0x137c</Data><Data Name='OldSd'></Data><Data Name='NewSd'>S:(AU;SAFA;0x1f0116;;;WD)</Data><Data Name='ProcessId'>0x1508</Data><Data Name='ProcessName'>C:\Windows\WinSxS\arm64_microsoft-windows-servicingstack_31bf3856ad364e35_10.0.26100.2032_none_a54f5da7772e394d\TiWorker.exe</Data></EventData></Event><Event xmlns='http://schemas.microsoft.com/win/2004/08/events/event'><System><Provider Name='Microsoft-Windows-Security-Auditing' Guid='{54849625-5478-4994-a5ba-3e3b0328c30d}'/><EventID>4907</EventID><Version>0</Version><Level>0</Level><Task>13568</Task><Opcode>0</Opcode><Keywords>0x8020000000000000</Keywords><TimeCreated SystemTime='2025-06-02T16:47:51.8382306Z'/><EventRecordID>1033</EventRecordID><Correlation/><Execution ProcessID='4' ThreadID='240'/><Channel>Security</Channel><Computer>NIKOLAISMETBD82</Computer><Security/></System><EventData><Data Name='SubjectUserSid'>S-1-5-18</Data><Data Name='SubjectUserName'>NIKOLAISMETBD82$</Data><Data Name='SubjectDomainName'>WORKGROUP</Data><Data Name='SubjectLogonId'>0x3e7</Data><Data Name='ObjectServer'>Security</Data><Data Name='ObjectType'>File</Data><Data Name='ObjectName'>C:\Windows\WinSxS\FileMaps\$$_systemapps_microsoft.windows.cloudexperiencehost_cw5n1h2txyewy_speech_080a_f24bf8341cd5d297.cdf-ms</Data><Data Name='HandleId'>0x137c</Data><Data Name='OldSd'></Data><Data Name='NewSd'>S:(AU;SAFA;0x1f0116;;;WD)</Data><Data Name='ProcessId'>0x1508</Data><Data Name='ProcessName'>C:\Windows\WinSxS\arm64_microsoft-windows-servicingstack_31bf3856ad364e35_10.0.26100.2032_none_a54f5da7772e394d\TiWorker.exe</Data></EventData></Event><Event xmlns='http://schemas.microsoft.com/win/2004/08/events/event'><System><Provider Name='Microsoft-Windows-Security-Auditing' Guid='{54849625-5478-4994-a5ba-3e3b0328c30d}'/><EventID>4907</EventID><Version>0</Version><Level>0</Level><Task>13568</Task><Opcode>0</Opcode><Keywords>0x8020000000000000</Keywords><TimeCreated SystemTime='2025-06-02T16:47:51.8377127Z'/><EventRecordID>1032</EventRecordID><Correlation/><Execution ProcessID='4' ThreadID='240'/><Channel>Security</Channel><Computer>NIKOLAISMETBD82</Computer><Security/></System><EventData><Data Name='SubjectUserSid'>S-1-5-18</Data><Data Name='SubjectUserName'>NIKOLAISMETBD82$</Data><Data Name='SubjectDomainName'>WORKGROUP</Data><Data Name='SubjectLogonId'>0x3e7</Data><Data Name='ObjectServer'>Security</Data><Data Name='ObjectType'>File</Data><Data Name='ObjectName'>C:\Windows\WinSxS\FileMaps\$$_systemapps_microsoft.windows.cloudexperiencehost_cw5n1h2txyewy_speech_0c09_f24be91a1cd5e8fc.cdf-ms</Data><Data Name='HandleId'>0x137c</Data><Data Name='OldSd'></Data><Data Name='NewSd'>S:(AU;SAFA;0x1f0116;;;WD)</Data><Data Name='ProcessId'>0x1508</Data><Data Name='ProcessName'>C:\Windows\WinSxS\arm64_microsoft-windows-servicingstack_31bf3856ad364e35_10.0.26100.2032_none_a54f5da7772e394d\TiWorker.exe</Data></EventData></Event><Event xmlns='http://schemas.microsoft.com/win/2004/08/events/event'><System><Provider Name='Microsoft-Windows-Security-Auditing' Guid='{54849625-5478-4994-a5ba-3e3b0328c30d}'/><EventID>4907</EventID><Version>0</Version><Level>0</Level><Task>13568</Task><Opcode>0</Opcode><Keywords>0x8020000000000000</Keywords><TimeCreated SystemTime='2025-06-02T16:47:51.8373271Z'/><EventRecordID>1031</EventRecordID><Correlation/><Execution ProcessID='4' ThreadID='240'/><Channel>Security</Channel><Computer>NIKOLAISMETBD82</Computer><Security/></System><EventData><Data Name='SubjectUserSid'>S-1-5-18</Data><Data Name='SubjectUserName'>NIKOLAISMETBD82$</Data><Data Name='SubjectDomainName'>WORKGROUP</Data><Data Name='SubjectLogonId'>0x3e7</Data><Data Name='ObjectServer'>Security</Data><Data Name='ObjectType'>File</Data><Data Name='ObjectName'>C:\Windows\WinSxS\FileMaps\$$_systemapps_microsoft.windows.cloudexperiencehost_cw5n1h2txyewy_speech_0c0a_f24bf84a1cd5d234.cdf-ms</Data><Data Name='HandleId'>0x137c</Data><Data Name='OldSd'></Data><Data Name='NewSd'>S:(AU;SAFA;0x1f0116;;;WD)</Data><Data Name='ProcessId'>0x1508</Data><Data Name='ProcessName'>C:\Windows\WinSxS\arm64_microsoft-windows-servicingstack_31bf3856ad364e35_10.0.26100.2032_none_a54f5da7772e394d\TiWorker.exe</Data></EventData></Event><Event xmlns='http://schemas.microsoft.com/win/2004/08/events/event'><System><Provider Name='Microsoft-Windows-Security-Auditing' Guid='{54849625-5478-4994-a5ba-3e3b0328c30d}'/><EventID>4907</EventID><Version>0</Version><Level>0</Level><Task>13568</Task><Opcode>0</Opcode><Keywords>0x8020000000000000</Keywords><TimeCreated SystemTime='2025-06-02T16:47:51.8368883Z'/><EventRecordID>1030</EventRecordID><Correlation/><Execution ProcessID='4' ThreadID='240'/><Channel>Security</Channel><Computer>NIKOLAISMETBD82</Computer><Security/></System><EventData><Data Name='SubjectUserSid'>S-1-5-18</Data><Data Name='SubjectUserName'>NIKOLAISMETBD82$</Data><Data Name='SubjectDomainName'>WORKGROUP</Data><Data Name='SubjectLogonId'>0x3e7</Data><Data Name='ObjectServer'>Security</Data><Data Name='ObjectType'>File</Data><Data Name='ObjectName'>C:\Windows\WinSxS\FileMaps\$$_systemapps_microsoft.windows.cloudexperiencehost_cw5n1h2txyewy_speech_0c0c_f24bfc161cd5cc82.cdf-ms</Data><Data Name='HandleId'>0x137c</Data><Data Name='OldSd'></Data><Data Name='NewSd'>S:(AU;SAFA;0x1f0116;;;WD)</Data><Data Name='ProcessId'>0x1508</Data><Data Name='ProcessName'>C:\Windows\WinSxS\arm64_microsoft-windows-servicingstack_31bf3856ad364e35_10.0.26100.2032_none_a54f5da7772e394d\TiWorker.exe</Data></EventData></Event><Event xmlns='http://schemas.microsoft.com/win/2004/08/events/event'><System><Provider Name='Microsoft-Windows-Security-Auditing' Guid='{54849625-5478-4994-a5ba-3e3b0328c30d}'/><EventID>4907</EventID><Version>0</Version><Level>0</Level><Task>13568</Task><Opcode>0</Opcode><Keywords>0x8020000000000000</Keywords><TimeCreated SystemTime='2025-06-02T16:47:51.8363316Z'/><EventRecordID>1029</EventRecordID><Correlation/><Execution ProcessID='4' ThreadID='240'/><Channel>Security</Channel><Computer>NIKOLAISMETBD82</Computer><Security/></System><EventData><Data Name='SubjectUserSid'>S-1-5-18</Data><Data Name='SubjectUserName'>NIKOLAISMETBD82$</Data><Data Name='SubjectDomainName'>WORKGROUP</Data><Data Name='SubjectLogonId'>0x3e7</Data><Data Name='ObjectServer'>Security</Data><Data Name='ObjectType'>File</Data><Data Name='ObjectName'>C:\Windows\WinSxS\FileMaps\$$_systemapps_microsoft.windows.cloudexperiencehost_cw5n1h2txyewy_speech_1009_f24be8d01cd5e9f8.cdf-ms</Data><Data Name='HandleId'>0x137c</Data><Data Name='OldSd'></Data><Data Name='NewSd'>S:(AU;SAFA;0x1f0116;;;WD)</Data><Data Name='ProcessId'>0x1508</Data><Data Name='ProcessName'>C:\Windows\WinSxS\arm64_microsoft-windows-servicingstack_31bf3856ad364e35_10.0.26100.2032_none_a54f5da7772e394d\TiWorker.exe</Data></EventData></Event><Event xmlns='http://schemas.microsoft.com/win/2004/08/events/event'><System><Provider Name='Microsoft-Windows-Security-Auditing' Guid='{54849625-5478-4994-a5ba-3e3b0328c30d}'/><EventID>4907</EventID><Version>0</Version><Level>0</Level><Task>13568</Task><Opcode>0</Opcode><Keywords>0x8020000000000000</Keywords><TimeCreated SystemTime='2025-06-02T16:47:51.8359540Z'/><EventRecordID>1028</EventRecordID><Correlation/><Execution ProcessID='4' ThreadID='7960'/><Channel>Security</Channel><Computer>NIKOLAISMETBD82</Computer><Security/></System><EventData><Data Name='SubjectUserSid'>S-1-5-18</Data><Data Name='SubjectUserName'>NIKOLAISMETBD82$</Data><Data Name='SubjectDomainName'>WORKGROUP</Data><Data Name='SubjectLogonId'>0x3e7</Data><Data Name='ObjectServer'>Security</Data><Data Name='ObjectType'>File</Data><Data Name='ObjectName'>C:\Windows\WinSxS\FileMaps\$$_systemapps_microsoft.windows.cloudexperiencehost_cw5n1h2txyewy_speech_4009_f24be8641cd5eaeb.cdf-ms</Data><Data Name='HandleId'>0x137c</Data><Data Name='OldSd'></Data><Data Name='NewSd'>S:(AU;SAFA;0x1f0116;;;WD)</Data><Data Name='ProcessId'>0x1508</Data><Data Name='ProcessName'>C:\Windows\WinSxS\arm64_microsoft-windows-servicingstack_31bf3856ad364e35_10.0.26100.2032_none_a54f5da7772e394d\TiWorker.exe</Data></EventData></Event><Event xmlns='http://schemas.microsoft.com/win/2004/08/events/event'><System><Provider Name='Microsoft-Windows-Security-Auditing' Guid='{54849625-5478-4994-a5ba-3e3b0328c30d}'/><EventID>4907</EventID><Version>0</Version><Level>0</Level><Task>13568</Task><Opcode>0</Opcode><Keywords>0x8020000000000000</Keywords><TimeCreated SystemTime='2025-06-02T16:47:51.8355329Z'/><EventRecordID>1027</EventRecordID><Correlation/><Execution ProcessID='4' ThreadID='7960'/><Channel>Security</Channel><Computer>NIKOLAISMETBD82</Computer><Security/></System><EventData><Data Name='SubjectUserSid'>S-1-5-18</Data><Data Name='SubjectUserName'>NIKOLAISMETBD82$</Data><Data Name='SubjectDomainName'>WORKGROUP</Data><Data Name='SubjectLogonId'>0x3e7</Data><Data Name='ObjectServer'>Security</Data><Data Name='ObjectType'>File</Data><Data Name='ObjectName'>C:\Windows\WinSxS\FileMaps\$$_systemapps_microsoft.windows.cloudexperiencehost_cw5n1h2txyewy_speech_f55759080d09bc14.cdf-ms</Data><Data Name='HandleId'>0x137c</Data><Data Name='OldSd'></Data><Data Name='NewSd'>S:(AU;SAFA;0x1f0116;;;WD)</Data><Data Name='ProcessId'>0x1508</Data><Data Name='ProcessName'>C:\Windows\WinSxS\arm64_microsoft-windows-servicingstack_31bf3856ad364e35_10.0.26100.2032_none_a54f5da7772e394d\TiWorker.exe</Data></EventData></Event><Event xmlns='http://schemas.microsoft.com/win/2004/08/events/event'><System><Provider Name='Microsoft-Windows-Security-Auditing' Guid='{54849625-5478-4994-a5ba-3e3b0328c30d}'/><EventID>4907</EventID><Version>0</Version><Level>0</Level><Task>13568</Task><Opcode>0</Opcode><Keywords>0x8020000000000000</Keywords><TimeCreated SystemTime='2025-06-02T16:47:51.8350961Z'/><EventRecordID>1026</EventRecordID><Correlation/><Execution ProcessID='4' ThreadID='7960'/><Channel>Security</Channel><Computer>NIKOLAISMETBD82</Computer><Security/></System><EventData><Data Name='SubjectUserSid'>S-1-5-18</Data><Data Name='SubjectUserName'>NIKOLAISMETBD82$</Data><Data Name='SubjectDomainName'>WORKGROUP</Data><Data Name='SubjectLogonId'>0x3e7</Data><Data Name='ObjectServer'>Security</Data><Data Name='ObjectType'>File</Data><Data Name='ObjectName'>C:\Windows\WinSxS\FileMaps\$$_systemapps_microsoft.windows.cloudexperiencehost_cw5n1h2txyewy_views_f55d581a0acbb522.cdf-ms</Data><Data Name='HandleId'>0x137c</Data><Data Name='OldSd'></Data><Data Name='NewSd'>S:(AU;SAFA;0x1f0116;;;WD)</Data><Data Name='ProcessId'>0x1508</Data><Data Name='ProcessName'>C:\Windows\WinSxS\arm64_microsoft-windows-servicingstack_31bf3856ad364e35_10.0.26100.2032_none_a54f5da7772e394d\TiWorker.exe</Data></EventData></Event><Event xmlns='http://schemas.microsoft.com/win/2004/08/events/event'><System><Provider Name='Microsoft-Windows-Security-Auditing' Guid='{54849625-5478-4994-a5ba-3e3b0328c30d}'/><EventID>4907</EventID><Version>0</Version><Level>0</Level><Task>13568</Task><Opcode>0</Opcode><Keywords>0x8020000000000000</Keywords><TimeCreated SystemTime='2025-06-02T16:47:51.8344444Z'/><EventRecordID>1025</EventRecordID><Correlation/><Execution ProcessID='4' ThreadID='7960'/><Channel>Security</Channel><Computer>NIKOLAISMETBD82</Computer><Security/></System><EventData><Data Name='SubjectUserSid'>S-1-5-18</Data><Data Name='SubjectUserName'>NIKOLAISMETBD82$</Data><Data Name='SubjectDomainName'>WORKGROUP</Data><Data Name='SubjectLogonId'>0x3e7</Data><Data Name='ObjectServer'>Security</Data><Data Name='ObjectType'>File</Data><Data Name='ObjectName'>C:\Windows\WinSxS\FileMaps\$$_systemapps_microsoft.windows.cloudexperiencehost_cw5n1h2txyewy_webapps_enterprisengcenrollment_js_c58adfa13ec3cacc.cdf-ms</Data><Data Name='HandleId'>0x137c</Data><Data Name='OldSd'></Data><Data Name='NewSd'>S:(AU;SAFA;0x1f0116;;;WD)</Data><Data Name='ProcessId'>0x1508</Data><Data Name='ProcessName'>C:\Windows\WinSxS\arm64_microsoft-windows-servicingstack_31bf3856ad364e35_10.0.26100.2032_none_a54f5da7772e394d\TiWorker.exe</Data></EventData></Event>