<Event xmlns='http://schemas.microsoft.com/win/2004/08/events/event'><System><Provider Name='Microsoft-Windows-Security-Auditing' Guid='{54849625-5478-4994-a5ba-3e3b0328c30d}'/><EventID>4907</EventID><Version>0</Version><Level>0</Level><Task>13568</Task><Opcode>0</Opcode><Keywords>0x8020000000000000</Keywords><TimeCreated SystemTime='2025-06-02T16:47:51.9310656Z'/><EventRecordID>1138</EventRecordID><Correlation/><Execution ProcessID='4' ThreadID='240'/><Channel>Security</Channel><Computer>NIKOLAISMETBD82</Computer><Security/></System><EventData><Data Name='SubjectUserSid'>S-1-5-18</Data><Data Name='SubjectUserName'>NIKOLAISMETBD82$</Data><Data Name='SubjectDomainName'>WORKGROUP</Data><Data Name='SubjectLogonId'>0x3e7</Data><Data Name='ObjectServer'>Security</Data><Data Name='ObjectType'>File</Data><Data Name='ObjectName'>C:\Windows\SystemApps\Microsoft.Windows.CloudExperienceHost_cw5n1h2txyewy\webapps\inclusiveOobe\js\common\oobe-listview-vm.js</Data><Data Name='HandleId'>0x1380</Data><Data Name='OldSd'>S:NO_ACCESS_CONTROL</Data><Data Name='NewSd'>S:(AU;SAFA;DCLCRPCRSDWDWO;;;WD)</Data><Data Name='ProcessId'>0x1508</Data><Data Name='ProcessName'>C:\Windows\WinSxS\arm64_microsoft-windows-servicingstack_31bf3856ad364e35_10.0.26100.2032_none_a54f5da7772e394d\TiWorker.exe</Data></EventData></Event><Event xmlns='http://schemas.microsoft.com/win/2004/08/events/event'><System><Provider Name='Microsoft-Windows-Security-Auditing' Guid='{54849625-5478-4994-a5ba-3e3b0328c30d}'/><EventID>4907</EventID><Version>0</Version><Level>0</Level><Task>13568</Task><Opcode>0</Opcode><Keywords>0x8020000000000000</Keywords><TimeCreated SystemTime='2025-06-02T16:47:51.9301916Z'/><EventRecordID>1137</EventRecordID><Correlation/><Execution ProcessID='4' ThreadID='7960'/><Channel>Security</Channel><Computer>NIKOLAISMETBD82</Computer><Security/></System><EventData><Data Name='SubjectUserSid'>S-1-5-18</Data><Data Name='SubjectUserName'>NIKOLAISMETBD82$</Data><Data Name='SubjectDomainName'>WORKGROUP</Data><Data Name='SubjectLogonId'>0x3e7</Data><Data Name='ObjectServer'>Security</Data><Data Name='ObjectType'>File</Data><Data Name='ObjectName'>C:\Windows\SystemApps\Microsoft.Windows.CloudExperienceHost_cw5n1h2txyewy\webapps\inclusiveOobe\js\oobeupdatesettings-page.js</Data><Data Name='HandleId'>0x1380</Data><Data Name='OldSd'>S:NO_ACCESS_CONTROL</Data><Data Name='NewSd'>S:(AU;SAFA;DCLCRPCRSDWDWO;;;WD)</Data><Data Name='ProcessId'>0x1508</Data><Data Name='ProcessName'>C:\Windows\WinSxS\arm64_microsoft-windows-servicingstack_31bf3856ad364e35_10.0.26100.2032_none_a54f5da7772e394d\TiWorker.exe</Data></EventData></Event><Event xmlns='http://schemas.microsoft.com/win/2004/08/events/event'><System><Provider Name='Microsoft-Windows-Security-Auditing' Guid='{54849625-5478-4994-a5ba-3e3b0328c30d}'/><EventID>4907</EventID><Version>0</Version><Level>0</Level><Task>13568</Task><Opcode>0</Opcode><Keywords>0x8020000000000000</Keywords><TimeCreated SystemTime='2025-06-02T16:47:51.9290843Z'/><EventRecordID>1136</EventRecordID><Correlation/><Execution ProcessID='4' ThreadID='7960'/><Channel>Security</Channel><Computer>NIKOLAISMETBD82</Computer><Security/></System><EventData><Data Name='SubjectUserSid'>S-1-5-18</Data><Data Name='SubjectUserName'>NIKOLAISMETBD82$</Data><Data Name='SubjectDomainName'>WORKGROUP</Data><Data Name='SubjectLogonId'>0x3e7</Data><Data Name='ObjectServer'>Security</Data><Data Name='ObjectType'>File</Data><Data Name='ObjectName'>C:\Windows\SystemApps\Microsoft.Windows.CloudExperienceHost_cw5n1h2txyewy\webapps\inclusiveOobe\js\oobesettings-vm.js</Data><Data Name='HandleId'>0xba4</Data><Data Name='OldSd'>S:NO_ACCESS_CONTROL</Data><Data Name='NewSd'>S:(AU;SAFA;DCLCRPCRSDWDWO;;;WD)</Data><Data Name='ProcessId'>0x1508</Data><Data Name='ProcessName'>C:\Windows\WinSxS\arm64_microsoft-windows-servicingstack_31bf3856ad364e35_10.0.26100.2032_none_a54f5da7772e394d\TiWorker.exe</Data></EventData></Event><Event xmlns='http://schemas.microsoft.com/win/2004/08/events/event'><System><Provider Name='Microsoft-Windows-Security-Auditing' Guid='{54849625-5478-4994-a5ba-3e3b0328c30d}'/><EventID>4907</EventID><Version>0</Version><Level>0</Level><Task>13568</Task><Opcode>0</Opcode><Keywords>0x8020000000000000</Keywords><TimeCreated SystemTime='2025-06-02T16:47:51.9282207Z'/><EventRecordID>1135</EventRecordID><Correlation/><Execution ProcessID='4' ThreadID='7960'/><Channel>Security</Channel><Computer>NIKOLAISMETBD82</Computer><Security/></System><EventData><Data Name='SubjectUserSid'>S-1-5-18</Data><Data Name='SubjectUserName'>NIKOLAISMETBD82$</Data><Data Name='SubjectDomainName'>WORKGROUP</Data><Data Name='SubjectLogonId'>0x3e7</Data><Data Name='ObjectServer'>Security</Data><Data Name='ObjectType'>File</Data><Data Name='ObjectName'>C:\Windows\SystemApps\Microsoft.Windows.CloudExperienceHost_cw5n1h2txyewy\webapps\inclusiveOobe\js\oobesettings-page.js</Data><Data Name='HandleId'>0xba4</Data><Data Name='OldSd'>S:NO_ACCESS_CONTROL</Data><Data Name='NewSd'>S:(AU;SAFA;DCLCRPCRSDWDWO;;;WD)</Data><Data Name='ProcessId'>0x1508</Data><Data Name='ProcessName'>C:\Windows\WinSxS\arm64_microsoft-windows-servicingstack_31bf3856ad364e35_10.0.26100.2032_none_a54f5da7772e394d\TiWorker.exe</Data></EventData></Event><Event xmlns='http://schemas.microsoft.com/win/2004/08/events/event'><System><Provider Name='Microsoft-Windows-Security-Auditing' Guid='{54849625-5478-4994-a5ba-3e3b0328c30d}'/><EventID>4907</EventID><Version>0</Version><Level>0</Level><Task>13568</Task><Opcode>0</Opcode><Keywords>0x8020000000000000</Keywords><TimeCreated SystemTime='2025-06-02T16:47:51.9274574Z'/><EventRecordID>1134</EventRecordID><Correlation/><Execution ProcessID='4' ThreadID='7960'/><Channel>Security</Channel><Computer>NIKOLAISMETBD82</Computer><Security/></System><EventData><Data Name='SubjectUserSid'>S-1-5-18</Data><Data Name='SubjectUserName'>NIKOLAISMETBD82$</Data><Data Name='SubjectDomainName'>WORKGROUP</Data><Data Name='SubjectLogonId'>0x3e7</Data><Data Name='ObjectServer'>Security</Data><Data Name='ObjectType'>File</Data><Data Name='ObjectName'>C:\Windows\SystemApps\Microsoft.Windows.CloudExperienceHost_cw5n1h2txyewy\webapps\inclusiveOobe\js\oobesettings-multipage-vm.js</Data><Data Name='HandleId'>0xba4</Data><Data Name='OldSd'>S:NO_ACCESS_CONTROL</Data><Data Name='NewSd'>S:(AU;SAFA;DCLCRPCRSDWDWO;;;WD)</Data><Data Name='ProcessId'>0x1508</Data><Data Name='ProcessName'>C:\Windows\WinSxS\arm64_microsoft-windows-servicingstack_31bf3856ad364e35_10.0.26100.2032_none_a54f5da7772e394d\TiWorker.exe</Data></EventData></Event><Event xmlns='http://schemas.microsoft.com/win/2004/08/events/event'><System><Provider Name='Microsoft-Windows-Security-Auditing' Guid='{54849625-5478-4994-a5ba-3e3b0328c30d}'/><EventID>4907</EventID><Version>0</Version><Level>0</Level><Task>13568</Task><Opcode>0</Opcode><Keywords>0x8020000000000000</Keywords><TimeCreated SystemTime='2025-06-02T16:47:51.9266254Z'/><EventRecordID>1133</EventRecordID><Correlation/><Execution ProcessID='4' ThreadID='7960'/><Channel>Security</Channel><Computer>NIKOLAISMETBD82</Computer><Security/></System><EventData><Data Name='SubjectUserSid'>S-1-5-18</Data><Data Name='SubjectUserName'>NIKOLAISMETBD82$</Data><Data Name='SubjectDomainName'>WORKGROUP</Data><Data Name='SubjectLogonId'>0x3e7</Data><Data Name='ObjectServer'>Security</Data><Data Name='ObjectType'>File</Data><Data Name='ObjectName'>C:\Windows\SystemApps\Microsoft.Windows.CloudExperienceHost_cw5n1h2txyewy\webapps\inclusiveOobe\js\oobesettings-multipage-page.js</Data><Data Name='HandleId'>0xba4</Data><Data Name='OldSd'>S:NO_ACCESS_CONTROL</Data><Data Name='NewSd'>S:(AU;SAFA;DCLCRPCRSDWDWO;;;WD)</Data><Data Name='ProcessId'>0x1508</Data><Data Name='ProcessName'>C:\Windows\WinSxS\arm64_microsoft-windows-servicingstack_31bf3856ad364e35_10.0.26100.2032_none_a54f5da7772e394d\TiWorker.exe</Data></EventData></Event><Event xmlns='http://schemas.microsoft.com/win/2004/08/events/event'><System><Provider Name='Microsoft-Windows-Security-Auditing' Guid='{54849625-5478-4994-a5ba-3e3b0328c30d}'/><EventID>4907</EventID><Version>0</Version><Level>0</Level><Task>13568</Task><Opcode>0</Opcode><Keywords>0x8020000000000000</Keywords><TimeCreated SystemTime='2025-06-02T16:47:51.9259430Z'/><EventRecordID>1132</EventRecordID><Correlation/><Execution ProcessID='4' ThreadID='240'/><Channel>Security</Channel><Computer>NIKOLAISMETBD82</Computer><Security/></System><EventData><Data Name='SubjectUserSid'>S-1-5-18</Data><Data Name='SubjectUserName'>NIKOLAISMETBD82$</Data><Data Name='SubjectDomainName'>WORKGROUP</Data><Data Name='SubjectLogonId'>0x3e7</Data><Data Name='ObjectServer'>Security</Data><Data Name='ObjectType'>File</Data><Data Name='ObjectName'>C:\Windows\SystemApps\Microsoft.Windows.CloudExperienceHost_cw5n1h2txyewy\webapps\inclusiveOobe\js\oobesettings-data.js</Data><Data Name='HandleId'>0xba4</Data><Data Name='OldSd'>S:NO_ACCESS_CONTROL</Data><Data Name='NewSd'>S:(AU;SAFA;DCLCRPCRSDWDWO;;;WD)</Data><Data Name='ProcessId'>0x1508</Data><Data Name='ProcessName'>C:\Windows\WinSxS\arm64_microsoft-windows-servicingstack_31bf3856ad364e35_10.0.26100.2032_none_a54f5da7772e394d\TiWorker.exe</Data></EventData></Event><Event xmlns='http://schemas.microsoft.com/win/2004/08/events/event'><System><Provider Name='Microsoft-Windows-Security-Auditing' Guid='{54849625-5478-4994-a5ba-3e3b0328c30d}'/><EventID>4907</EventID><Version>0</Version><Level>0</Level><Task>13568</Task><Opcode>0</Opcode><Keywords>0x8020000000000000</Keywords><TimeCreated SystemTime='2025-06-02T16:47:51.9252592Z'/><EventRecordID>1131</EventRecordID><Correlation/><Execution ProcessID='4' ThreadID='240'/><Channel>Security</Channel><Computer>NIKOLAISMETBD82</Computer><Security/></System><EventData><Data Name='SubjectUserSid'>S-1-5-18</Data><Data Name='SubjectUserName'>NIKOLAISMETBD82$</Data><Data Name='SubjectDomainName'>WORKGROUP</Data><Data Name='SubjectLogonId'>0x3e7</Data><Data Name='ObjectServer'>Security</Data><Data Name='ObjectType'>File</Data><Data Name='ObjectName'>C:\Windows\SystemApps\Microsoft.Windows.CloudExperienceHost_cw5n1h2txyewy\webapps\inclusiveOobe\js\ooberegion-page.js</Data><Data Name='HandleId'>0xba4</Data><Data Name='OldSd'>S:NO_ACCESS_CONTROL</Data><Data Name='NewSd'>S:(AU;SAFA;DCLCRPCRSDWDWO;;;WD)</Data><Data Name='ProcessId'>0x1508</Data><Data Name='ProcessName'>C:\Windows\WinSxS\arm64_microsoft-windows-servicingstack_31bf3856ad364e35_10.0.26100.2032_none_a54f5da7772e394d\TiWorker.exe</Data></EventData></Event><Event xmlns='http://schemas.microsoft.com/win/2004/08/events/event'><System><Provider Name='Microsoft-Windows-Security-Auditing' Guid='{54849625-5478-4994-a5ba-3e3b0328c30d}'/><EventID>4907</EventID><Version>0</Version><Level>0</Level><Task>13568</Task><Opcode>0</Opcode><Keywords>0x8020000000000000</Keywords><TimeCreated SystemTime='2025-06-02T16:47:51.9245481Z'/><EventRecordID>1130</EventRecordID><Correlation/><Execution ProcessID='4' ThreadID='240'/><Channel>Security</Channel><Computer>NIKOLAISMETBD82</Computer><Security/></System><EventData><Data Name='SubjectUserSid'>S-1-5-18</Data><Data Name='SubjectUserName'>NIKOLAISMETBD82$</Data><Data Name='SubjectDomainName'>WORKGROUP</Data><Data Name='SubjectLogonId'>0x3e7</Data><Data Name='ObjectServer'>Security</Data><Data Name='ObjectType'>File</Data><Data Name='ObjectName'>C:\Windows\SystemApps\Microsoft.Windows.CloudExperienceHost_cw5n1h2txyewy\webapps\inclusiveOobe\js\oobeoemregistration-page.js</Data><Data Name='HandleId'>0xba4</Data><Data Name='OldSd'>S:NO_ACCESS_CONTROL</Data><Data Name='NewSd'>S:(AU;SAFA;DCLCRPCRSDWDWO;;;WD)</Data><Data Name='ProcessId'>0x1508</Data><Data Name='ProcessName'>C:\Windows\WinSxS\arm64_microsoft-windows-servicingstack_31bf3856ad364e35_10.0.26100.2032_none_a54f5da7772e394d\TiWorker.exe</Data></EventData></Event><Event xmlns='http://schemas.microsoft.com/win/2004/08/events/event'><System><Provider Name='Microsoft-Windows-Security-Auditing' Guid='{54849625-5478-4994-a5ba-3e3b0328c30d}'/><EventID>4907</EventID><Version>0</Version><Level>0</Level><Task>13568</Task><Opcode>0</Opcode><Keywords>0x8020000000000000</Keywords><TimeCreated SystemTime='2025-06-02T16:47:51.9238008Z'/><EventRecordID>1129</EventRecordID><Correlation/><Execution ProcessID='4' ThreadID='240'/><Channel>Security</Channel><Computer>NIKOLAISMETBD82</Computer><Security/></System><EventData><Data Name='SubjectUserSid'>S-1-5-18</Data><Data Name='SubjectUserName'>NIKOLAISMETBD82$</Data><Data Name='SubjectDomainName'>WORKGROUP</Data><Data Name='SubjectLogonId'>0x3e7</Data><Data Name='ObjectServer'>Security</Data><Data Name='ObjectType'>File</Data><Data Name='ObjectName'>C:\Windows\SystemApps\Microsoft.Windows.CloudExperienceHost_cw5n1h2txyewy\webapps\inclusiveOobe\js\oobelocalngc-page.js</Data><Data Name='HandleId'>0xba4</Data><Data Name='OldSd'>S:NO_ACCESS_CONTROL</Data><Data Name='NewSd'>S:(AU;SAFA;DCLCRPCRSDWDWO;;;WD)</Data><Data Name='ProcessId'>0x1508</Data><Data Name='ProcessName'>C:\Windows\WinSxS\arm64_microsoft-windows-servicingstack_31bf3856ad364e35_10.0.26100.2032_none_a54f5da7772e394d\TiWorker.exe</Data></EventData></Event><Event xmlns='http://schemas.microsoft.com/win/2004/08/events/event'><System><Provider Name='Microsoft-Windows-Security-Auditing' Guid='{54849625-5478-4994-a5ba-3e3b0328c30d}'/><EventID>4907</EventID><Version>0</Version><Level>0</Level><Task>13568</Task><Opcode>0</Opcode><Keywords>0x8020000000000000</Keywords><TimeCreated SystemTime='2025-06-02T16:47:51.9230306Z'/><EventRecordID>1128</EventRecordID><Correlation/><Execution ProcessID='4' ThreadID='240'/><Channel>Security</Channel><Computer>NIKOLAISMETBD82</Computer><Security/></System><EventData><Data Name='SubjectUserSid'>S-1-5-18</Data><Data Name='SubjectUserName'>NIKOLAISMETBD82$</Data><Data Name='SubjectDomainName'>WORKGROUP</Data><Data Name='SubjectLogonId'>0x3e7</Data><Data Name='ObjectServer'>Security</Data><Data Name='ObjectType'>File</Data><Data Name='ObjectName'>C:\Windows\SystemApps\Microsoft.Windows.CloudExperienceHost_cw5n1h2txyewy\webapps\inclusiveOobe\js\oobelocalaccount-vm.js</Data><Data Name='HandleId'>0xba4</Data><Data Name='OldSd'>S:NO_ACCESS_CONTROL</Data><Data Name='NewSd'>S:(AU;SAFA;DCLCRPCRSDWDWO;;;WD)</Data><Data Name='ProcessId'>0x1508</Data><Data Name='ProcessName'>C:\Windows\WinSxS\arm64_microsoft-windows-servicingstack_31bf3856ad364e35_10.0.26100.2032_none_a54f5da7772e394d\TiWorker.exe</Data></EventData></Event><Event xmlns='http://schemas.microsoft.com/win/2004/08/events/event'><System><Provider Name='Microsoft-Windows-Security-Auditing' Guid='{54849625-5478-4994-a5ba-3e3b0328c30d}'/><EventID>4907</EventID><Version>0</Version><Level>0</Level><Task>13568</Task><Opcode>0</Opcode><Keywords>0x8020000000000000</Keywords><TimeCreated SystemTime='2025-06-02T16:47:51.9222677Z'/><EventRecordID>1127</EventRecordID><Correlation/><Execution ProcessID='4' ThreadID='240'/><Channel>Security</Channel><Computer>NIKOLAISMETBD82</Computer><Security/></System><EventData><Data Name='SubjectUserSid'>S-1-5-18</Data><Data Name='SubjectUserName'>NIKOLAISMETBD82$</Data><Data Name='SubjectDomainName'>WORKGROUP</Data><Data Name='SubjectLogonId'>0x3e7</Data><Data Name='ObjectServer'>Security</Data><Data Name='ObjectType'>File</Data><Data Name='ObjectName'>C:\Windows\SystemApps\Microsoft.Windows.CloudExperienceHost_cw5n1h2txyewy\webapps\inclusiveOobe\js\oobelocalaccount-page.js</Data><Data Name='HandleId'>0xba4</Data><Data Name='OldSd'>S:NO_ACCESS_CONTROL</Data><Data Name='NewSd'>S:(AU;SAFA;DCLCRPCRSDWDWO;;;WD)</Data><Data Name='ProcessId'>0x1508</Data><Data Name='ProcessName'>C:\Windows\WinSxS\arm64_microsoft-windows-servicingstack_31bf3856ad364e35_10.0.26100.2032_none_a54f5da7772e394d\TiWorker.exe</Data></EventData></Event><Event xmlns='http://schemas.microsoft.com/win/2004/08/events/event'><System><Provider Name='Microsoft-Windows-Security-Auditing' Guid='{54849625-5478-4994-a5ba-3e3b0328c30d}'/><EventID>4907</EventID><Version>0</Version><Level>0</Level><Task>13568</Task><Opcode>0</Opcode><Keywords>0x8020000000000000</Keywords><TimeCreated SystemTime='2025-06-02T16:47:51.9215224Z'/><EventRecordID>1126</EventRecordID><Correlation/><Execution ProcessID='4' ThreadID='240'/><Channel>Security</Channel><Computer>NIKOLAISMETBD82</Computer><Security/></System><EventData><Data Name='SubjectUserSid'>S-1-5-18</Data><Data Name='SubjectUserName'>NIKOLAISMETBD82$</Data><Data Name='SubjectDomainName'>WORKGROUP</Data><Data Name='SubjectLogonId'>0x3e7</Data><Data Name='ObjectServer'>Security</Data><Data Name='ObjectType'>File</Data><Data Name='ObjectName'>C:\Windows\SystemApps\Microsoft.Windows.CloudExperienceHost_cw5n1h2txyewy\webapps\inclusiveOobe\js\oobelanguage-vm.js</Data><Data Name='HandleId'>0xba4</Data><Data Name='OldSd'>S:NO_ACCESS_CONTROL</Data><Data Name='NewSd'>S:(AU;SAFA;DCLCRPCRSDWDWO;;;WD)</Data><Data Name='ProcessId'>0x1508</Data><Data Name='ProcessName'>C:\Windows\WinSxS\arm64_microsoft-windows-servicingstack_31bf3856ad364e35_10.0.26100.2032_none_a54f5da7772e394d\TiWorker.exe</Data></EventData></Event><Event xmlns='http://schemas.microsoft.com/win/2004/08/events/event'><System><Provider Name='Microsoft-Windows-Security-Auditing' Guid='{54849625-5478-4994-a5ba-3e3b0328c30d}'/><EventID>4907</EventID><Version>0</Version><Level>0</Level><Task>13568</Task><Opcode>0</Opcode><Keywords>0x8020000000000000</Keywords><TimeCreated SystemTime='2025-06-02T16:47:51.9207651Z'/><EventRecordID>1125</EventRecordID><Correlation/><Execution ProcessID='4' ThreadID='240'/><Channel>Security</Channel><Computer>NIKOLAISMETBD82</Computer><Security/></System><EventData><Data Name='SubjectUserSid'>S-1-5-18</Data><Data Name='SubjectUserName'>NIKOLAISMETBD82$</Data><Data Name='SubjectDomainName'>WORKGROUP</Data><Data Name='SubjectLogonId'>0x3e7</Data><Data Name='ObjectServer'>Security</Data><Data Name='ObjectType'>File</Data><Data Name='ObjectName'>C:\Windows\SystemApps\Microsoft.Windows.CloudExperienceHost_cw5n1h2txyewy\webapps\inclusiveOobe\js\oobelanguage-page.js</Data><Data Name='HandleId'>0xba4</Data><Data Name='OldSd'>S:NO_ACCESS_CONTROL</Data><Data Name='NewSd'>S:(AU;SAFA;DCLCRPCRSDWDWO;;;WD)</Data><Data Name='ProcessId'>0x1508</Data><Data Name='ProcessName'>C:\Windows\WinSxS\arm64_microsoft-windows-servicingstack_31bf3856ad364e35_10.0.26100.2032_none_a54f5da7772e394d\TiWorker.exe</Data></EventData></Event><Event xmlns='http://schemas.microsoft.com/win/2004/08/events/event'><System><Provider Name='Microsoft-Windows-Security-Auditing' Guid='{54849625-5478-4994-a5ba-3e3b0328c30d}'/><EventID>4907</EventID><Version>0</Version><Level>0</Level><Task>13568</Task><Opcode>0</Opcode><Keywords>0x8020000000000000</Keywords><TimeCreated SystemTime='2025-06-02T16:47:51.9198022Z'/><EventRecordID>1124</EventRecordID><Correlation/><Execution ProcessID='4' ThreadID='240'/><Channel>Security</Channel><Computer>NIKOLAISMETBD82</Computer><Security/></System><EventData><Data Name='SubjectUserSid'>S-1-5-18</Data><Data Name='SubjectUserName'>NIKOLAISMETBD82$</Data><Data Name='SubjectDomainName'>WORKGROUP</Data><Data Name='SubjectLogonId'>0x3e7</Data><Data Name='ObjectServer'>Security</Data><Data Name='ObjectType'>File</Data><Data Name='ObjectName'>C:\Windows\SystemApps\Microsoft.Windows.CloudExperienceHost_cw5n1h2txyewy\webapps\inclusiveOobe\js\oobekeyboard-page.js</Data><Data Name='HandleId'>0xba4</Data><Data Name='OldSd'>S:NO_ACCESS_CONTROL</Data><Data Name='NewSd'>S:(AU;SAFA;DCLCRPCRSDWDWO;;;WD)</Data><Data Name='ProcessId'>0x1508</Data><Data Name='ProcessName'>C:\Windows\WinSxS\arm64_microsoft-windows-servicingstack_31bf3856ad364e35_10.0.26100.2032_none_a54f5da7772e394d\TiWorker.exe</Data></EventData></Event><Event xmlns='http://schemas.microsoft.com/win/2004/08/events/event'><System><Provider Name='Microsoft-Windows-Security-Auditing' Guid='{54849625-5478-4994-a5ba-3e3b0328c30d}'/><EventID>4907</EventID><Version>0</Version><Level>0</Level><Task>13568</Task><Opcode>0</Opcode><Keywords>0x8020000000000000</Keywords><TimeCreated SystemTime='2025-06-02T16:47:51.9186057Z'/><EventRecordID>1123</EventRecordID><Correlation/><Execution ProcessID='4' ThreadID='240'/><Channel>Security</Channel><Computer>NIKOLAISMETBD82</Computer><Security/></System><EventData><Data Name='SubjectUserSid'>S-1-5-18</Data><Data Name='SubjectUserName'>NIKOLAISMETBD82$</Data><Data Name='SubjectDomainName'>WORKGROUP</Data><Data Name='SubjectLogonId'>0x3e7</Data><Data Name='ObjectServer'>Security</Data><Data Name='ObjectType'>File</Data><Data Name='ObjectName'>C:\Windows\SystemApps\Microsoft.Windows.CloudExperienceHost_cw5n1h2txyewy\webapps\inclusiveOobe\js\oobehello-vm.js</Data><Data Name='HandleId'>0xba4</Data><Data Name='OldSd'>S:NO_ACCESS_CONTROL</Data><Data Name='NewSd'>S:(AU;SAFA;DCLCRPCRSDWDWO;;;WD)</Data><Data Name='ProcessId'>0x1508</Data><Data Name='ProcessName'>C:\Windows\WinSxS\arm64_microsoft-windows-servicingstack_31bf3856ad364e35_10.0.26100.2032_none_a54f5da7772e394d\TiWorker.exe</Data></EventData></Event><Event xmlns='http://schemas.microsoft.com/win/2004/08/events/event'><System><Provider Name='Microsoft-Windows-Security-Auditing' Guid='{54849625-5478-4994-a5ba-3e3b0328c30d}'/><EventID>4907</EventID><Version>0</Version><Level>0</Level><Task>13568</Task><Opcode>0</Opcode><Keywords>0x8020000000000000</Keywords><TimeCreated SystemTime='2025-06-02T16:47:51.9178952Z'/><EventRecordID>1122</EventRecordID><Correlation/><Execution ProcessID='4' ThreadID='240'/><Channel>Security</Channel><Computer>NIKOLAISMETBD82</Computer><Security/></System><EventData><Data Name='SubjectUserSid'>S-1-5-18</Data><Data Name='SubjectUserName'>NIKOLAISMETBD82$</Data><Data Name='SubjectDomainName'>WORKGROUP</Data><Data Name='SubjectLogonId'>0x3e7</Data><Data Name='ObjectServer'>Security</Data><Data Name='ObjectType'>File</Data><Data Name='ObjectName'>C:\Windows\SystemApps\Microsoft.Windows.CloudExperienceHost_cw5n1h2txyewy\webapps\inclusiveOobe\js\oobehello-page.js</Data><Data Name='HandleId'>0xba4</Data><Data Name='OldSd'>S:NO_ACCESS_CONTROL</Data><Data Name='NewSd'>S:(AU;SAFA;DCLCRPCRSDWDWO;;;WD)</Data><Data Name='ProcessId'>0x1508</Data><Data Name='ProcessName'>C:\Windows\WinSxS\arm64_microsoft-windows-servicingstack_31bf3856ad364e35_10.0.26100.2032_none_a54f5da7772e394d\TiWorker.exe</Data></EventData></Event><Event xmlns='http://schemas.microsoft.com/win/2004/08/events/event'><System><Provider Name='Microsoft-Windows-Security-Auditing' Guid='{54849625-5478-4994-a5ba-3e3b0328c30d}'/><EventID>4907</EventID><Version>0</Version><Level>0</Level><Task>13568</Task><Opcode>0</Opcode><Keywords>0x8020000000000000</Keywords><TimeCreated SystemTime='2025-06-02T16:47:51.9171055Z'/><EventRecordID>1121</EventRecordID><Correlation/><Execution ProcessID='4' ThreadID='240'/><Channel>Security</Channel><Computer>NIKOLAISMETBD82</Computer><Security/></System><EventData><Data Name='SubjectUserSid'>S-1-5-18</Data><Data Name='SubjectUserName'>NIKOLAISMETBD82$</Data><Data Name='SubjectDomainName'>WORKGROUP</Data><Data Name='SubjectLogonId'>0x3e7</Data><Data Name='ObjectServer'>Security</Data><Data Name='ObjectType'>File</Data><Data Name='ObjectName'>C:\Windows\SystemApps\Microsoft.Windows.CloudExperienceHost_cw5n1h2txyewy\webapps\inclusiveOobe\js\oobeeula-page.js</Data><Data Name='HandleId'>0xba4</Data><Data Name='OldSd'>S:NO_ACCESS_CONTROL</Data><Data Name='NewSd'>S:(AU;SAFA;DCLCRPCRSDWDWO;;;WD)</Data><Data Name='ProcessId'>0x1508</Data><Data Name='ProcessName'>C:\Windows\WinSxS\arm64_microsoft-windows-servicingstack_31bf3856ad364e35_10.0.26100.2032_none_a54f5da7772e394d\TiWorker.exe</Data></EventData></Event><Event xmlns='http://schemas.microsoft.com/win/2004/08/events/event'><System><Provider Name='Microsoft-Windows-Security-Auditing' Guid='{54849625-5478-4994-a5ba-3e3b0328c30d}'/><EventID>4907</EventID><Version>0</Version><Level>0</Level><Task>13568</Task><Opcode>0</Opcode><Keywords>0x8020000000000000</Keywords><TimeCreated SystemTime='2025-06-02T16:47:51.9163745Z'/><EventRecordID>1120</EventRecordID><Correlation/><Execution ProcessID='4' ThreadID='240'/><Channel>Security</Channel><Computer>NIKOLAISMETBD82</Computer><Security/></System><EventData><Data Name='SubjectUserSid'>S-1-5-18</Data><Data Name='SubjectUserName'>NIKOLAISMETBD82$</Data><Data Name='SubjectDomainName'>WORKGROUP</Data><Data Name='SubjectLogonId'>0x3e7</Data><Data Name='ObjectServer'>Security</Data><Data Name='ObjectType'>File</Data><Data Name='ObjectName'>C:\Windows\SystemApps\Microsoft.Windows.CloudExperienceHost_cw5n1h2txyewy\webapps\inclusiveOobe\js\oobeerror-page.js</Data><Data Name='HandleId'>0x1380</Data><Data Name='OldSd'>S:NO_ACCESS_CONTROL</Data><Data Name='NewSd'>S:(AU;SAFA;DCLCRPCRSDWDWO;;;WD)</Data><Data Name='ProcessId'>0x1508</Data><Data Name='ProcessName'>C:\Windows\WinSxS\arm64_microsoft-windows-servicingstack_31bf3856ad364e35_10.0.26100.2032_none_a54f5da7772e394d\TiWorker.exe</Data></EventData></Event><Event xmlns='http://schemas.microsoft.com/win/2004/08/events/event'><System><Provider Name='Microsoft-Windows-Security-Auditing' Guid='{54849625-5478-4994-a5ba-3e3b0328c30d}'/><EventID>4907</EventID><Version>0</Version><Level>0</Level><Task>13568</Task><Opcode>0</Opcode><Keywords>0x8020000000000000</Keywords><TimeCreated SystemTime='2025-06-02T16:47:51.9153052Z'/><EventRecordID>1119</EventRecordID><Correlation/><Execution ProcessID='4' ThreadID='240'/><Channel>Security</Channel><Computer>NIKOLAISMETBD82</Computer><Security/></System><EventData><Data Name='SubjectUserSid'>S-1-5-18</Data><Data Name='SubjectUserName'>NIKOLAISMETBD82$</Data><Data Name='SubjectDomainName'>WORKGROUP</Data><Data Name='SubjectLogonId'>0x3e7</Data><Data Name='ObjectServer'>Security</Data><Data Name='ObjectType'>File</Data><Data Name='ObjectName'>C:\Windows\SystemApps\Microsoft.Windows.CloudExperienceHost_cw5n1h2txyewy\views\localAccount.html</Data><Data Name='HandleId'>0xba4</Data><Data Name='OldSd'>S:NO_ACCESS_CONTROL</Data><Data Name='NewSd'>S:(AU;SAFA;DCLCRPCRSDWDWO;;;WD)</Data><Data Name='ProcessId'>0x1508</Data><Data Name='ProcessName'>C:\Windows\WinSxS\arm64_microsoft-windows-servicingstack_31bf3856ad364e35_10.0.26100.2032_none_a54f5da7772e394d\TiWorker.exe</Data></EventData></Event><Event xmlns='http://schemas.microsoft.com/win/2004/08/events/event'><System><Provider Name='Microsoft-Windows-Security-Auditing' Guid='{54849625-5478-4994-a5ba-3e3b0328c30d}'/><EventID>4907</EventID><Version>0</Version><Level>0</Level><Task>13568</Task><Opcode>0</Opcode><Keywords>0x8020000000000000</Keywords><TimeCreated SystemTime='2025-06-02T16:47:51.9140853Z'/><EventRecordID>1118</EventRecordID><Correlation/><Execution ProcessID='4' ThreadID='240'/><Channel>Security</Channel><Computer>NIKOLAISMETBD82</Computer><Security/></System><EventData><Data Name='SubjectUserSid'>S-1-5-18</Data><Data Name='SubjectUserName'>NIKOLAISMETBD82$</Data><Data Name='SubjectDomainName'>WORKGROUP</Data><Data Name='SubjectLogonId'>0x3e7</Data><Data Name='ObjectServer'>Security</Data><Data Name='ObjectType'>File</Data><Data Name='ObjectName'>C:\Windows\SystemApps\Microsoft.Windows.CloudExperienceHost_cw5n1h2txyewy\pris\resources.en-US.pri</Data><Data Name='HandleId'>0xba4</Data><Data Name='OldSd'>S:NO_ACCESS_CONTROL</Data><Data Name='NewSd'>S:(AU;SAFA;DCLCRPCRSDWDWO;;;WD)</Data><Data Name='ProcessId'>0x1508</Data><Data Name='ProcessName'>C:\Windows\WinSxS\arm64_microsoft-windows-servicingstack_31bf3856ad364e35_10.0.26100.2032_none_a54f5da7772e394d\TiWorker.exe</Data></EventData></Event><Event xmlns='http://schemas.microsoft.com/win/2004/08/events/event'><System><Provider Name='Microsoft-Windows-Security-Auditing' Guid='{54849625-5478-4994-a5ba-3e3b0328c30d}'/><EventID>4907</EventID><Version>0</Version><Level>0</Level><Task>13568</Task><Opcode>0</Opcode><Keywords>0x8020000000000000</Keywords><TimeCreated SystemTime='2025-06-02T16:47:51.9128506Z'/><EventRecordID>1117</EventRecordID><Correlation/><Execution ProcessID='4' ThreadID='240'/><Channel>Security</Channel><Computer>NIKOLAISMETBD82</Computer><Security/></System><EventData><Data Name='SubjectUserSid'>S-1-5-18</Data><Data Name='SubjectUserName'>NIKOLAISMETBD82$</Data><Data Name='SubjectDomainName'>WORKGROUP</Data><Data Name='SubjectLogonId'>0x3e7</Data><Data Name='ObjectServer'>Security</Data><Data Name='ObjectType'>File</Data><Data Name='ObjectName'>C:\Windows\SystemApps\Microsoft.Windows.CloudExperienceHost_cw5n1h2txyewy\Microsoft.WinJS-reduced\js\base.js</Data><Data Name='HandleId'>0x1380</Data><Data Name='OldSd'>S:NO_ACCESS_CONTROL</Data><Data Name='NewSd'>S:(AU;SAFA;DCLCRPCRSDWDWO;;;WD)</Data><Data Name='ProcessId'>0x1508</Data><Data Name='ProcessName'>C:\Windows\WinSxS\arm64_microsoft-windows-servicingstack_31bf3856ad364e35_10.0.26100.2032_none_a54f5da7772e394d\TiWorker.exe</Data></EventData></Event><Event xmlns='http://schemas.microsoft.com/win/2004/08/events/event'><System><Provider Name='Microsoft-Windows-Security-Auditing' Guid='{54849625-5478-4994-a5ba-3e3b0328c30d}'/><EventID>4907</EventID><Version>0</Version><Level>0</Level><Task>13568</Task><Opcode>0</Opcode><Keywords>0x8020000000000000</Keywords><TimeCreated SystemTime='2025-06-02T16:47:51.9117860Z'/><EventRecordID>1116</EventRecordID><Correlation/><Execution ProcessID='4' ThreadID='7960'/><Channel>Security</Channel><Computer>NIKOLAISMETBD82</Computer><Security/></System><EventData><Data Name='SubjectUserSid'>S-1-5-18</Data><Data Name='SubjectUserName'>NIKOLAISMETBD82$</Data><Data Name='SubjectDomainName'>WORKGROUP</Data><Data Name='SubjectLogonId'>0x3e7</Data><Data Name='ObjectServer'>Security</Data><Data Name='ObjectType'>File</Data><Data Name='ObjectName'>C:\Windows\SystemApps\Microsoft.Windows.CloudExperienceHost_cw5n1h2txyewy\js\telemetry.js</Data><Data Name='HandleId'>0xba4</Data><Data Name='OldSd'>S:NO_ACCESS_CONTROL</Data><Data Name='NewSd'>S:(AU;SAFA;DCLCRPCRSDWDWO;;;WD)</Data><Data Name='ProcessId'>0x1508</Data><Data Name='ProcessName'>C:\Windows\WinSxS\arm64_microsoft-windows-servicingstack_31bf3856ad364e35_10.0.26100.2032_none_a54f5da7772e394d\TiWorker.exe</Data></EventData></Event><Event xmlns='http://schemas.microsoft.com/win/2004/08/events/event'><System><Provider Name='Microsoft-Windows-Security-Auditing' Guid='{54849625-5478-4994-a5ba-3e3b0328c30d}'/><EventID>4907</EventID><Version>0</Version><Level>0</Level><Task>13568</Task><Opcode>0</Opcode><Keywords>0x8020000000000000</Keywords><TimeCreated SystemTime='2025-06-02T16:47:51.9109793Z'/><EventRecordID>1115</EventRecordID><Correlation/><Execution ProcessID='4' ThreadID='240'/><Channel>Security</Channel><Computer>NIKOLAISMETBD82</Computer><Security/></System><EventData><Data Name='SubjectUserSid'>S-1-5-18</Data><Data Name='SubjectUserName'>NIKOLAISMETBD82$</Data><Data Name='SubjectDomainName'>WORKGROUP</Data><Data Name='SubjectLogonId'>0x3e7</Data><Data Name='ObjectServer'>Security</Data><Data Name='ObjectType'>File</Data><Data Name='ObjectName'>C:\Windows\SystemApps\Microsoft.Windows.CloudExperienceHost_cw5n1h2txyewy\js\navigator.js</Data><Data Name='HandleId'>0x1380</Data><Data Name='OldSd'>S:NO_ACCESS_CONTROL</Data><Data Name='NewSd'>S:(AU;SAFA;DCLCRPCRSDWDWO;;;WD)</Data><Data Name='ProcessId'>0x1508</Data><Data Name='ProcessName'>C:\Windows\WinSxS\arm64_microsoft-windows-servicingstack_31bf3856ad364e35_10.0.26100.2032_none_a54f5da7772e394d\TiWorker.exe</Data></EventData></Event><Event xmlns='http://schemas.microsoft.com/win/2004/08/events/event'><System><Provider Name='Microsoft-Windows-Security-Auditing' Guid='{54849625-5478-4994-a5ba-3e3b0328c30d}'/><EventID>4907</EventID><Version>0</Version><Level>0</Level><Task>13568</Task><Opcode>0</Opcode><Keywords>0x8020000000000000</Keywords><TimeCreated SystemTime='2025-06-02T16:47:51.9101786Z'/><EventRecordID>1114</EventRecordID><Correlation/><Execution ProcessID='4' ThreadID='7960'/><Channel>Security</Channel><Computer>NIKOLAISMETBD82</Computer><Security/></System><EventData><Data Name='SubjectUserSid'>S-1-5-18</Data><Data Name='SubjectUserName'>NIKOLAISMETBD82$</Data><Data Name='SubjectDomainName'>WORKGROUP</Data><Data Name='SubjectLogonId'>0x3e7</Data><Data Name='ObjectServer'>Security</Data><Data Name='ObjectType'>File</Data><Data Name='ObjectName'>C:\Windows\SystemApps\Microsoft.Windows.CloudExperienceHost_cw5n1h2txyewy\js\helloEnrollmentPage.js</Data><Data Name='HandleId'>0x1380</Data><Data Name='OldSd'>S:NO_ACCESS_CONTROL</Data><Data Name='NewSd'>S:(AU;SAFA;DCLCRPCRSDWDWO;;;WD)</Data><Data Name='ProcessId'>0x1508</Data><Data Name='ProcessName'>C:\Windows\WinSxS\arm64_microsoft-windows-servicingstack_31bf3856ad364e35_10.0.26100.2032_none_a54f5da7772e394d\TiWorker.exe</Data></EventData></Event><Event xmlns='http://schemas.microsoft.com/win/2004/08/events/event'><System><Provider Name='Microsoft-Windows-Security-Auditing' Guid='{54849625-5478-4994-a5ba-3e3b0328c30d}'/><EventID>4907</EventID><Version>0</Version><Level>0</Level><Task>13568</Task><Opcode>0</Opcode><Keywords>0x8020000000000000</Keywords><TimeCreated SystemTime='2025-06-02T16:47:51.9091444Z'/><EventRecordID>1113</EventRecordID><Correlation/><Execution ProcessID='4' ThreadID='7960'/><Channel>Security</Channel><Computer>NIKOLAISMETBD82</Computer><Security/></System><EventData><Data Name='SubjectUserSid'>S-1-5-18</Data><Data Name='SubjectUserName'>NIKOLAISMETBD82$</Data><Data Name='SubjectDomainName'>WORKGROUP</Data><Data Name='SubjectLogonId'>0x3e7</Data><Data Name='ObjectServer'>Security</Data><Data Name='ObjectType'>File</Data><Data Name='ObjectName'>C:\Windows\SystemApps\Microsoft.Windows.CloudExperienceHost_cw5n1h2txyewy\js\globalization.js</Data><Data Name='HandleId'>0xba4</Data><Data Name='OldSd'>S:NO_ACCESS_CONTROL</Data><Data Name='NewSd'>S:(AU;SAFA;DCLCRPCRSDWDWO;;;WD)</Data><Data Name='ProcessId'>0x1508</Data><Data Name='ProcessName'>C:\Windows\WinSxS\arm64_microsoft-windows-servicingstack_31bf3856ad364e35_10.0.26100.2032_none_a54f5da7772e394d\TiWorker.exe</Data></EventData></Event><Event xmlns='http://schemas.microsoft.com/win/2004/08/events/event'><System><Provider Name='Microsoft-Windows-Security-Auditing' Guid='{54849625-5478-4994-a5ba-3e3b0328c30d}'/><EventID>4907</EventID><Version>0</Version><Level>0</Level><Task>13568</Task><Opcode>0</Opcode><Keywords>0x8020000000000000</Keywords><TimeCreated SystemTime='2025-06-02T16:47:51.9077447Z'/><EventRecordID>1112</EventRecordID><Correlation/><Execution ProcessID='4' ThreadID='240'/><Channel>Security</Channel><Computer>NIKOLAISMETBD82</Computer><Security/></System><EventData><Data Name='SubjectUserSid'>S-1-5-18</Data><Data Name='SubjectUserName'>NIKOLAISMETBD82$</Data><Data Name='SubjectDomainName'>WORKGROUP</Data><Data Name='SubjectLogonId'>0x3e7</Data><Data Name='ObjectServer'>Security</Data><Data Name='ObjectType'>File</Data><Data Name='ObjectName'>C:\Windows\SystemApps\Microsoft.Windows.CloudExperienceHost_cw5n1h2txyewy\js\environment.js</Data><Data Name='HandleId'>0xba4</Data><Data Name='OldSd'>S:NO_ACCESS_CONTROL</Data><Data Name='NewSd'>S:(AU;SAFA;DCLCRPCRSDWDWO;;;WD)</Data><Data Name='ProcessId'>0x1508</Data><Data Name='ProcessName'>C:\Windows\WinSxS\arm64_microsoft-windows-servicingstack_31bf3856ad364e35_10.0.26100.2032_none_a54f5da7772e394d\TiWorker.exe</Data></EventData></Event><Event xmlns='http://schemas.microsoft.com/win/2004/08/events/event'><System><Provider Name='Microsoft-Windows-Security-Auditing' Guid='{54849625-5478-4994-a5ba-3e3b0328c30d}'/><EventID>4907</EventID><Version>0</Version><Level>0</Level><Task>13568</Task><Opcode>0</Opcode><Keywords>0x8020000000000000</Keywords><TimeCreated SystemTime='2025-06-02T16:47:51.9064215Z'/><EventRecordID>1111</EventRecordID><Correlation/><Execution ProcessID='4' ThreadID='7960'/><Channel>Security</Channel><Computer>NIKOLAISMETBD82</Computer><Security/></System><EventData><Data Name='SubjectUserSid'>S-1-5-18</Data><Data Name='SubjectUserName'>NIKOLAISMETBD82$</Data><Data Name='SubjectDomainName'>WORKGROUP</Data><Data Name='SubjectLogonId'>0x3e7</Data><Data Name='ObjectServer'>Security</Data><Data Name='ObjectType'>File</Data><Data Name='ObjectName'>C:\Windows\SystemApps\Microsoft.Windows.CloudExperienceHost_cw5n1h2txyewy\js\discovery.js</Data><Data Name='HandleId'>0xba4</Data><Data Name='OldSd'>S:NO_ACCESS_CONTROL</Data><Data Name='NewSd'>S:(AU;SAFA;DCLCRPCRSDWDWO;;;WD)</Data><Data Name='ProcessId'>0x1508</Data><Data Name='ProcessName'>C:\Windows\WinSxS\arm64_microsoft-windows-servicingstack_31bf3856ad364e35_10.0.26100.2032_none_a54f5da7772e394d\TiWorker.exe</Data></EventData></Event><Event xmlns='http://schemas.microsoft.com/win/2004/08/events/event'><System><Provider Name='Microsoft-Windows-Security-Auditing' Guid='{54849625-5478-4994-a5ba-3e3b0328c30d}'/><EventID>4907</EventID><Version>0</Version><Level>0</Level><Task>13568</Task><Opcode>0</Opcode><Keywords>0x8020000000000000</Keywords><TimeCreated SystemTime='2025-06-02T16:47:51.9055678Z'/><EventRecordID>1110</EventRecordID><Correlation/><Execution ProcessID='4' ThreadID='7960'/><Channel>Security</Channel><Computer>NIKOLAISMETBD82</Computer><Security/></System><EventData><Data Name='SubjectUserSid'>S-1-5-18</Data><Data Name='SubjectUserName'>NIKOLAISMETBD82$</Data><Data Name='SubjectDomainName'>WORKGROUP</Data><Data Name='SubjectLogonId'>0x3e7</Data><Data Name='ObjectServer'>Security</Data><Data Name='ObjectType'>File</Data><Data Name='ObjectName'>C:\Windows\SystemApps\Microsoft.Windows.CloudExperienceHost_cw5n1h2txyewy\js\default.js</Data><Data Name='HandleId'>0xba4</Data><Data Name='OldSd'>S:NO_ACCESS_CONTROL</Data><Data Name='NewSd'>S:(AU;SAFA;DCLCRPCRSDWDWO;;;WD)</Data><Data Name='ProcessId'>0x1508</Data><Data Name='ProcessName'>C:\Windows\WinSxS\arm64_microsoft-windows-servicingstack_31bf3856ad364e35_10.0.26100.2032_none_a54f5da7772e394d\TiWorker.exe</Data></EventData></Event><Event xmlns='http://schemas.microsoft.com/win/2004/08/events/event'><System><Provider Name='Microsoft-Windows-Security-Auditing' Guid='{54849625-5478-4994-a5ba-3e3b0328c30d}'/><EventID>4907</EventID><Version>0</Version><Level>0</Level><Task>13568</Task><Opcode>0</Opcode><Keywords>0x8020000000000000</Keywords><TimeCreated SystemTime='2025-06-02T16:47:51.9047448Z'/><EventRecordID>1109</EventRecordID><Correlation/><Execution ProcessID='4' ThreadID='7960'/><Channel>Security</Channel><Computer>NIKOLAISMETBD82</Computer><Security/></System><EventData><Data Name='SubjectUserSid'>S-1-5-18</Data><Data Name='SubjectUserName'>NIKOLAISMETBD82$</Data><Data Name='SubjectDomainName'>WORKGROUP</Data><Data Name='SubjectLogonId'>0x3e7</Data><Data Name='ObjectServer'>Security</Data><Data Name='ObjectType'>File</Data><Data Name='ObjectName'>C:\Windows\SystemApps\Microsoft.Windows.CloudExperienceHost_cw5n1h2txyewy\js\core.js</Data><Data Name='HandleId'>0x1380</Data><Data Name='OldSd'>S:NO_ACCESS_CONTROL</Data><Data Name='NewSd'>S:(AU;SAFA;DCLCRPCRSDWDWO;;;WD)</Data><Data Name='ProcessId'>0x1508</Data><Data Name='ProcessName'>C:\Windows\WinSxS\arm64_microsoft-windows-servicingstack_31bf3856ad364e35_10.0.26100.2032_none_a54f5da7772e394d\TiWorker.exe</Data></EventData></Event><Event xmlns='http://schemas.microsoft.com/win/2004/08/events/event'><System><Provider Name='Microsoft-Windows-Security-Auditing' Guid='{54849625-5478-4994-a5ba-3e3b0328c30d}'/><EventID>4907</EventID><Version>0</Version><Level>0</Level><Task>13568</Task><Opcode>0</Opcode><Keywords>0x8020000000000000</Keywords><TimeCreated SystemTime='2025-06-02T16:47:51.9039949Z'/><EventRecordID>1108</EventRecordID><Correlation/><Execution ProcessID='4' ThreadID='240'/><Channel>Security</Channel><Computer>NIKOLAISMETBD82</Computer><Security/></System><EventData><Data Name='SubjectUserSid'>S-1-5-18</Data><Data Name='SubjectUserName'>NIKOLAISMETBD82$</Data><Data Name='SubjectDomainName'>WORKGROUP</Data><Data Name='SubjectLogonId'>0x3e7</Data><Data Name='ObjectServer'>Security</Data><Data Name='ObjectType'>File</Data><Data Name='ObjectName'>C:\Windows\SystemApps\Microsoft.Windows.CloudExperienceHost_cw5n1h2txyewy\js\appViewManager.js</Data><Data Name='HandleId'>0x1380</Data><Data Name='OldSd'>S:NO_ACCESS_CONTROL</Data><Data Name='NewSd'>S:(AU;SAFA;DCLCRPCRSDWDWO;;;WD)</Data><Data Name='ProcessId'>0x1508</Data><Data Name='ProcessName'>C:\Windows\WinSxS\arm64_microsoft-windows-servicingstack_31bf3856ad364e35_10.0.26100.2032_none_a54f5da7772e394d\TiWorker.exe</Data></EventData></Event><Event xmlns='http://schemas.microsoft.com/win/2004/08/events/event'><System><Provider Name='Microsoft-Windows-Security-Auditing' Guid='{54849625-5478-4994-a5ba-3e3b0328c30d}'/><EventID>4907</EventID><Version>0</Version><Level>0</Level><Task>13568</Task><Opcode>0</Opcode><Keywords>0x8020000000000000</Keywords><TimeCreated SystemTime='2025-06-02T16:47:51.9032588Z'/><EventRecordID>1107</EventRecordID><Correlation/><Execution ProcessID='4' ThreadID='7960'/><Channel>Security</Channel><Computer>NIKOLAISMETBD82</Computer><Security/></System><EventData><Data Name='SubjectUserSid'>S-1-5-18</Data><Data Name='SubjectUserName'>NIKOLAISMETBD82$</Data><Data Name='SubjectDomainName'>WORKGROUP</Data><Data Name='SubjectLogonId'>0x3e7</Data><Data Name='ObjectServer'>Security</Data><Data Name='ObjectType'>File</Data><Data Name='ObjectName'>C:\Windows\SystemApps\Microsoft.Windows.CloudExperienceHost_cw5n1h2txyewy\js\appManager.js</Data><Data Name='HandleId'>0x1380</Data><Data Name='OldSd'>S:NO_ACCESS_CONTROL</Data><Data Name='NewSd'>S:(AU;SAFA;DCLCRPCRSDWDWO;;;WD)</Data><Data Name='ProcessId'>0x1508</Data><Data Name='ProcessName'>C:\Windows\WinSxS\arm64_microsoft-windows-servicingstack_31bf3856ad364e35_10.0.26100.2032_none_a54f5da7772e394d\TiWorker.exe</Data></EventData></Event><Event xmlns='http://schemas.microsoft.com/win/2004/08/events/event'><System><Provider Name='Microsoft-Windows-Security-Auditing' Guid='{54849625-5478-4994-a5ba-3e3b0328c30d}'/><EventID>4907</EventID><Version>0</Version><Level>0</Level><Task>13568</Task><Opcode>0</Opcode><Keywords>0x8020000000000000</Keywords><TimeCreated SystemTime='2025-06-02T16:47:51.9025862Z'/><EventRecordID>1106</EventRecordID><Correlation/><Execution ProcessID='4' ThreadID='7960'/><Channel>Security</Channel><Computer>NIKOLAISMETBD82</Computer><Security/></System><EventData><Data Name='SubjectUserSid'>S-1-5-18</Data><Data Name='SubjectUserName'>NIKOLAISMETBD82$</Data><Data Name='SubjectDomainName'>WORKGROUP</Data><Data Name='SubjectLogonId'>0x3e7</Data><Data Name='ObjectServer'>Security</Data><Data Name='ObjectType'>File</Data><Data Name='ObjectName'>C:\Windows\SystemApps\Microsoft.Windows.CloudExperienceHost_cw5n1h2txyewy\js\appFrame.js</Data><Data Name='HandleId'>0x1380</Data><Data Name='OldSd'>S:NO_ACCESS_CONTROL</Data><Data Name='NewSd'>S:(AU;SAFA;DCLCRPCRSDWDWO;;;WD)</Data><Data Name='ProcessId'>0x1508</Data><Data Name='ProcessName'>C:\Windows\WinSxS\arm64_microsoft-windows-servicingstack_31bf3856ad364e35_10.0.26100.2032_none_a54f5da7772e394d\TiWorker.exe</Data></EventData></Event><Event xmlns='http://schemas.microsoft.com/win/2004/08/events/event'><System><Provider Name='Microsoft-Windows-Security-Auditing' Guid='{54849625-5478-4994-a5ba-3e3b0328c30d}'/><EventID>4907</EventID><Version>0</Version><Level>0</Level><Task>13568</Task><Opcode>0</Opcode><Keywords>0x8020000000000000</Keywords><TimeCreated SystemTime='2025-06-02T16:47:51.9018754Z'/><EventRecordID>1105</EventRecordID><Correlation/><Execution ProcessID='4' ThreadID='7960'/><Channel>Security</Channel><Computer>NIKOLAISMETBD82</Computer><Security/></System><EventData><Data Name='SubjectUserSid'>S-1-5-18</Data><Data Name='SubjectUserName'>NIKOLAISMETBD82$</Data><Data Name='SubjectDomainName'>WORKGROUP</Data><Data Name='SubjectLogonId'>0x3e7</Data><Data Name='ObjectServer'>Security</Data><Data Name='ObjectType'>File</Data><Data Name='ObjectName'>C:\Windows\SystemApps\Microsoft.Windows.CloudExperienceHost_cw5n1h2txyewy\js\app.js</Data><Data Name='HandleId'>0x9fc</Data><Data Name='OldSd'>S:NO_ACCESS_CONTROL</Data><Data Name='NewSd'>S:(AU;SAFA;DCLCRPCRSDWDWO;;;WD)</Data><Data Name='ProcessId'>0x1508</Data><Data Name='ProcessName'>C:\Windows\WinSxS\arm64_microsoft-windows-servicingstack_31bf3856ad364e35_10.0.26100.2032_none_a54f5da7772e394d\TiWorker.exe</Data></EventData></Event><Event xmlns='http://schemas.microsoft.com/win/2004/08/events/event'><System><Provider Name='Microsoft-Windows-Security-Auditing' Guid='{54849625-5478-4994-a5ba-3e3b0328c30d}'/><EventID>4907</EventID><Version>0</Version><Level>0</Level><Task>13568</Task><Opcode>0</Opcode><Keywords>0x8020000000000000</Keywords><TimeCreated SystemTime='2025-06-02T16:47:51.9008694Z'/><EventRecordID>1104</EventRecordID><Correlation/><Execution ProcessID='4' ThreadID='7960'/><Channel>Security</Channel><Computer>NIKOLAISMETBD82</Computer><Security/></System><EventData><Data Name='SubjectUserSid'>S-1-5-18</Data><Data Name='SubjectUserName'>NIKOLAISMETBD82$</Data><Data Name='SubjectDomainName'>WORKGROUP</Data><Data Name='SubjectLogonId'>0x3e7</Data><Data Name='ObjectServer'>Security</Data><Data Name='ObjectType'>File</Data><Data Name='ObjectName'>C:\Windows\SystemApps\Microsoft.Windows.CloudExperienceHost_cw5n1h2txyewy\data\prod\uriRules.json</Data><Data Name='HandleId'>0xba4</Data><Data Name='OldSd'>S:NO_ACCESS_CONTROL</Data><Data Name='NewSd'>S:(AU;SAFA;DCLCRPCRSDWDWO;;;WD)</Data><Data Name='ProcessId'>0x1508</Data><Data Name='ProcessName'>C:\Windows\WinSxS\arm64_microsoft-windows-servicingstack_31bf3856ad364e35_10.0.26100.2032_none_a54f5da7772e394d\TiWorker.exe</Data></EventData></Event><Event xmlns='http://schemas.microsoft.com/win/2004/08/events/event'><System><Provider Name='Microsoft-Windows-Security-Auditing' Guid='{54849625-5478-4994-a5ba-3e3b0328c30d}'/><EventID>4907</EventID><Version>0</Version><Level>0</Level><Task>13568</Task><Opcode>0</Opcode><Keywords>0x8020000000000000</Keywords><TimeCreated SystemTime='2025-06-02T16:47:51.8999394Z'/><EventRecordID>1103</EventRecordID><Correlation/><Execution ProcessID='4' ThreadID='7960'/><Channel>Security</Channel><Computer>NIKOLAISMETBD82</Computer><Security/></System><EventData><Data Name='SubjectUserSid'>S-1-5-18</Data><Data Name='SubjectUserName'>NIKOLAISMETBD82$</Data><Data Name='SubjectDomainName'>WORKGROUP</Data><Data Name='SubjectLogonId'>0x3e7</Data><Data Name='ObjectServer'>Security</Data><Data Name='ObjectType'>File</Data><Data Name='ObjectName'>C:\Windows\SystemApps\Microsoft.Windows.CloudExperienceHost_cw5n1h2txyewy\data\prod\navigation.json</Data><Data Name='HandleId'>0x9fc</Data><Data Name='OldSd'>S:NO_ACCESS_CONTROL</Data><Data Name='NewSd'>S:(AU;SAFA;DCLCRPCRSDWDWO;;;WD)</Data><Data Name='ProcessId'>0x1508</Data><Data Name='ProcessName'>C:\Windows\WinSxS\arm64_microsoft-windows-servicingstack_31bf3856ad364e35_10.0.26100.2032_none_a54f5da7772e394d\TiWorker.exe</Data></EventData></Event><Event xmlns='http://schemas.microsoft.com/win/2004/08/events/event'><System><Provider Name='Microsoft-Windows-Security-Auditing' Guid='{54849625-5478-4994-a5ba-3e3b0328c30d}'/><EventID>4907</EventID><Version>0</Version><Level>0</Level><Task>13568</Task><Opcode>0</Opcode><Keywords>0x8020000000000000</Keywords><TimeCreated SystemTime='2025-06-02T16:47:51.8989648Z'/><EventRecordID>1102</EventRecordID><Correlation/><Execution ProcessID='4' ThreadID='7960'/><Channel>Security</Channel><Computer>NIKOLAISMETBD82</Computer><Security/></System><EventData><Data Name='SubjectUserSid'>S-1-5-18</Data><Data Name='SubjectUserName'>NIKOLAISMETBD82$</Data><Data Name='SubjectDomainName'>WORKGROUP</Data><Data Name='SubjectLogonId'>0x3e7</Data><Data Name='ObjectServer'>Security</Data><Data Name='ObjectType'>File</Data><Data Name='ObjectName'>C:\Windows\SystemApps\Microsoft.Windows.CloudExperienceHost_cw5n1h2txyewy\css\settings-desktop.css</Data><Data Name='HandleId'>0xba4</Data><Data Name='OldSd'>S:NO_ACCESS_CONTROL</Data><Data Name='NewSd'>S:(AU;SAFA;DCLCRPCRSDWDWO;;;WD)</Data><Data Name='ProcessId'>0x1508</Data><Data Name='ProcessName'>C:\Windows\WinSxS\arm64_microsoft-windows-servicingstack_31bf3856ad364e35_10.0.26100.2032_none_a54f5da7772e394d\TiWorker.exe</Data></EventData></Event><Event xmlns='http://schemas.microsoft.com/win/2004/08/events/event'><System><Provider Name='Microsoft-Windows-Security-Auditing' Guid='{54849625-5478-4994-a5ba-3e3b0328c30d}'/><EventID>4907</EventID><Version>0</Version><Level>0</Level><Task>13568</Task><Opcode>0</Opcode><Keywords>0x8020000000000000</Keywords><TimeCreated SystemTime='2025-06-02T16:47:51.8982988Z'/><EventRecordID>1101</EventRecordID><Correlation/><Execution ProcessID='4' ThreadID='7960'/><Channel>Security</Channel><Computer>NIKOLAISMETBD82</Computer><Security/></System><EventData><Data Name='SubjectUserSid'>S-1-5-18</Data><Data Name='SubjectUserName'>NIKOLAISMETBD82$</Data><Data Name='SubjectDomainName'>WORKGROUP</Data><Data Name='SubjectLogonId'>0x3e7</Data><Data Name='ObjectServer'>Security</Data><Data Name='ObjectType'>File</Data><Data Name='ObjectName'>C:\Windows\SystemApps\Microsoft.Windows.CloudExperienceHost_cw5n1h2txyewy\core\view\oobe-light-frame-template.html</Data><Data Name='HandleId'>0xba4</Data><Data Name='OldSd'>S:NO_ACCESS_CONTROL</Data><Data Name='NewSd'>S:(AU;SAFA;DCLCRPCRSDWDWO;;;WD)</Data><Data Name='ProcessId'>0x1508</Data><Data Name='ProcessName'>C:\Windows\WinSxS\arm64_microsoft-windows-servicingstack_31bf3856ad364e35_10.0.26100.2032_none_a54f5da7772e394d\TiWorker.exe</Data></EventData></Event>