<Event xmlns='http://schemas.microsoft.com/win/2004/08/events/event'><System><Provider Name='Microsoft-Windows-Security-Auditing' Guid='{54849625-5478-4994-a5ba-3e3b0328c30d}'/><EventID>5379</EventID><Version>0</Version><Level>0</Level><Task>13824</Task><Opcode>0</Opcode><Keywords>0x8020000000000000</Keywords><TimeCreated SystemTime='2025-06-02T16:48:28.7642230Z'/><EventRecordID>1363</EventRecordID><Correlation ActivityID='{189ccb3f-d3de-0002-c0cb-9c18ded3db01}'/><Execution ProcessID='912' ThreadID='956'/><Channel>Security</Channel><Computer>NIKOLAISMETBD82</Computer><Security/></System><EventData><Data Name='SubjectUserSid'>S-1-5-21-4155168598-3527253067-2058671051-1000</Data><Data Name='SubjectUserName'>nikolai.smetannikov</Data><Data Name='SubjectDomainName'>NIKOLAISMETBD82</Data><Data Name='SubjectLogonId'>0x12f7f3</Data><Data Name='TargetName'>MicrosoftAccount:user=02tjnhhxlpdhqhkm</Data><Data Name='Type'>0</Data><Data Name='CountOfCredentialsReturned'>0</Data><Data Name='ReadOperation'>%%8100</Data><Data Name='ReturnCode'>3221226021</Data><Data Name='ProcessCreationTime'>2025-06-02T16:48:26.1702154Z</Data><Data Name='ClientProcessId'>9996</Data></EventData></Event><Event xmlns='http://schemas.microsoft.com/win/2004/08/events/event'><System><Provider Name='Microsoft-Windows-Security-Auditing' Guid='{54849625-5478-4994-a5ba-3e3b0328c30d}'/><EventID>5379</EventID><Version>0</Version><Level>0</Level><Task>13824</Task><Opcode>0</Opcode><Keywords>0x8020000000000000</Keywords><TimeCreated SystemTime='2025-06-02T16:48:28.7641047Z'/><EventRecordID>1362</EventRecordID><Correlation ActivityID='{189ccb3f-d3de-0002-c0cb-9c18ded3db01}'/><Execution ProcessID='912' ThreadID='956'/><Channel>Security</Channel><Computer>NIKOLAISMETBD82</Computer><Security/></System><EventData><Data Name='SubjectUserSid'>S-1-5-21-4155168598-3527253067-2058671051-1000</Data><Data Name='SubjectUserName'>nikolai.smetannikov</Data><Data Name='SubjectDomainName'>NIKOLAISMETBD82</Data><Data Name='SubjectLogonId'>0x12f7f3</Data><Data Name='TargetName'>MicrosoftAccount:user=02tjnhhxlpdhqhkm</Data><Data Name='Type'>0</Data><Data Name='CountOfCredentialsReturned'>0</Data><Data Name='ReadOperation'>%%8100</Data><Data Name='ReturnCode'>3221226021</Data><Data Name='ProcessCreationTime'>2025-06-02T16:48:26.1702154Z</Data><Data Name='ClientProcessId'>9996</Data></EventData></Event><Event xmlns='http://schemas.microsoft.com/win/2004/08/events/event'><System><Provider Name='Microsoft-Windows-Security-Auditing' Guid='{54849625-5478-4994-a5ba-3e3b0328c30d}'/><EventID>5379</EventID><Version>0</Version><Level>0</Level><Task>13824</Task><Opcode>0</Opcode><Keywords>0x8020000000000000</Keywords><TimeCreated SystemTime='2025-06-02T16:48:28.7611796Z'/><EventRecordID>1361</EventRecordID><Correlation ActivityID='{189ccb3f-d3de-0002-c0cb-9c18ded3db01}'/><Execution ProcessID='912' ThreadID='956'/><Channel>Security</Channel><Computer>NIKOLAISMETBD82</Computer><Security/></System><EventData><Data Name='SubjectUserSid'>S-1-5-21-4155168598-3527253067-2058671051-1000</Data><Data Name='SubjectUserName'>nikolai.smetannikov</Data><Data Name='SubjectDomainName'>NIKOLAISMETBD82</Data><Data Name='SubjectLogonId'>0x12f7f3</Data><Data Name='TargetName'>MicrosoftAccount:user=02tjnhhxlpdhqhkm</Data><Data Name='Type'>0</Data><Data Name='CountOfCredentialsReturned'>0</Data><Data Name='ReadOperation'>%%8100</Data><Data Name='ReturnCode'>3221226021</Data><Data Name='ProcessCreationTime'>2025-06-02T16:48:26.1702154Z</Data><Data Name='ClientProcessId'>9996</Data></EventData></Event><Event xmlns='http://schemas.microsoft.com/win/2004/08/events/event'><System><Provider Name='Microsoft-Windows-Security-Auditing' Guid='{54849625-5478-4994-a5ba-3e3b0328c30d}'/><EventID>5379</EventID><Version>0</Version><Level>0</Level><Task>13824</Task><Opcode>0</Opcode><Keywords>0x8020000000000000</Keywords><TimeCreated SystemTime='2025-06-02T16:48:28.7606899Z'/><EventRecordID>1360</EventRecordID><Correlation ActivityID='{189ccb3f-d3de-0002-c0cb-9c18ded3db01}'/><Execution ProcessID='912' ThreadID='992'/><Channel>Security</Channel><Computer>NIKOLAISMETBD82</Computer><Security/></System><EventData><Data Name='SubjectUserSid'>S-1-5-21-4155168598-3527253067-2058671051-1000</Data><Data Name='SubjectUserName'>nikolai.smetannikov</Data><Data Name='SubjectDomainName'>NIKOLAISMETBD82</Data><Data Name='SubjectLogonId'>0x12f9a9</Data><Data Name='TargetName'>MicrosoftAccount:user=02tjnhhxlpdhqhkm</Data><Data Name='Type'>0</Data><Data Name='CountOfCredentialsReturned'>0</Data><Data Name='ReadOperation'>%%8100</Data><Data Name='ReturnCode'>3221226021</Data><Data Name='ProcessCreationTime'>2025-06-02T16:48:26.1702154Z</Data><Data Name='ClientProcessId'>9996</Data></EventData></Event><Event xmlns='http://schemas.microsoft.com/win/2004/08/events/event'><System><Provider Name='Microsoft-Windows-Security-Auditing' Guid='{54849625-5478-4994-a5ba-3e3b0328c30d}'/><EventID>5379</EventID><Version>0</Version><Level>0</Level><Task>13824</Task><Opcode>0</Opcode><Keywords>0x8020000000000000</Keywords><TimeCreated SystemTime='2025-06-02T16:48:28.7541311Z'/><EventRecordID>1359</EventRecordID><Correlation ActivityID='{189ccb3f-d3de-0002-c0cb-9c18ded3db01}'/><Execution ProcessID='912' ThreadID='992'/><Channel>Security</Channel><Computer>NIKOLAISMETBD82</Computer><Security/></System><EventData><Data Name='SubjectUserSid'>S-1-5-21-4155168598-3527253067-2058671051-1000</Data><Data Name='SubjectUserName'>nikolai.smetannikov</Data><Data Name='SubjectDomainName'>NIKOLAISMETBD82</Data><Data Name='SubjectLogonId'>0x12f7f3</Data><Data Name='TargetName'>MicrosoftAccount:user=02tjnhhxlpdhqhkm</Data><Data Name='Type'>0</Data><Data Name='CountOfCredentialsReturned'>0</Data><Data Name='ReadOperation'>%%8100</Data><Data Name='ReturnCode'>3221226021</Data><Data Name='ProcessCreationTime'>2025-06-02T16:48:26.1702154Z</Data><Data Name='ClientProcessId'>9996</Data></EventData></Event><Event xmlns='http://schemas.microsoft.com/win/2004/08/events/event'><System><Provider Name='Microsoft-Windows-Security-Auditing' Guid='{54849625-5478-4994-a5ba-3e3b0328c30d}'/><EventID>5379</EventID><Version>0</Version><Level>0</Level><Task>13824</Task><Opcode>0</Opcode><Keywords>0x8020000000000000</Keywords><TimeCreated SystemTime='2025-06-02T16:48:28.7540046Z'/><EventRecordID>1358</EventRecordID><Correlation ActivityID='{189ccb3f-d3de-0002-c0cb-9c18ded3db01}'/><Execution ProcessID='912' ThreadID='992'/><Channel>Security</Channel><Computer>NIKOLAISMETBD82</Computer><Security/></System><EventData><Data Name='SubjectUserSid'>S-1-5-21-4155168598-3527253067-2058671051-1000</Data><Data Name='SubjectUserName'>nikolai.smetannikov</Data><Data Name='SubjectDomainName'>NIKOLAISMETBD82</Data><Data Name='SubjectLogonId'>0x12f9a9</Data><Data Name='TargetName'>MicrosoftAccount:user=02tjnhhxlpdhqhkm</Data><Data Name='Type'>0</Data><Data Name='CountOfCredentialsReturned'>0</Data><Data Name='ReadOperation'>%%8100</Data><Data Name='ReturnCode'>3221226021</Data><Data Name='ProcessCreationTime'>2025-06-02T16:48:26.1702154Z</Data><Data Name='ClientProcessId'>9996</Data></EventData></Event><Event xmlns='http://schemas.microsoft.com/win/2004/08/events/event'><System><Provider Name='Microsoft-Windows-Security-Auditing' Guid='{54849625-5478-4994-a5ba-3e3b0328c30d}'/><EventID>5379</EventID><Version>0</Version><Level>0</Level><Task>13824</Task><Opcode>0</Opcode><Keywords>0x8020000000000000</Keywords><TimeCreated SystemTime='2025-06-02T16:48:28.5914087Z'/><EventRecordID>1357</EventRecordID><Correlation ActivityID='{189ccb3f-d3de-0002-c0cb-9c18ded3db01}'/><Execution ProcessID='912' ThreadID='992'/><Channel>Security</Channel><Computer>NIKOLAISMETBD82</Computer><Security/></System><EventData><Data Name='SubjectUserSid'>S-1-5-21-4155168598-3527253067-2058671051-1000</Data><Data Name='SubjectUserName'>nikolai.smetannikov</Data><Data Name='SubjectDomainName'>NIKOLAISMETBD82</Data><Data Name='SubjectLogonId'>0x12f9a9</Data><Data Name='TargetName'>MicrosoftAccount:user=02tjnhhxlpdhqhkm</Data><Data Name='Type'>0</Data><Data Name='CountOfCredentialsReturned'>0</Data><Data Name='ReadOperation'>%%8100</Data><Data Name='ReturnCode'>3221226021</Data><Data Name='ProcessCreationTime'>2025-06-02T16:48:26.1702154Z</Data><Data Name='ClientProcessId'>9996</Data></EventData></Event><Event xmlns='http://schemas.microsoft.com/win/2004/08/events/event'><System><Provider Name='Microsoft-Windows-Security-Auditing' Guid='{54849625-5478-4994-a5ba-3e3b0328c30d}'/><EventID>5379</EventID><Version>0</Version><Level>0</Level><Task>13824</Task><Opcode>0</Opcode><Keywords>0x8020000000000000</Keywords><TimeCreated SystemTime='2025-06-02T16:48:28.5913239Z'/><EventRecordID>1356</EventRecordID><Correlation ActivityID='{189ccb3f-d3de-0002-c0cb-9c18ded3db01}'/><Execution ProcessID='912' ThreadID='992'/><Channel>Security</Channel><Computer>NIKOLAISMETBD82</Computer><Security/></System><EventData><Data Name='SubjectUserSid'>S-1-5-21-4155168598-3527253067-2058671051-1000</Data><Data Name='SubjectUserName'>nikolai.smetannikov</Data><Data Name='SubjectDomainName'>NIKOLAISMETBD82</Data><Data Name='SubjectLogonId'>0x12f9a9</Data><Data Name='TargetName'>MicrosoftAccount:user=02tjnhhxlpdhqhkm</Data><Data Name='Type'>0</Data><Data Name='CountOfCredentialsReturned'>0</Data><Data Name='ReadOperation'>%%8100</Data><Data Name='ReturnCode'>3221226021</Data><Data Name='ProcessCreationTime'>2025-06-02T16:48:26.1702154Z</Data><Data Name='ClientProcessId'>9996</Data></EventData></Event><Event xmlns='http://schemas.microsoft.com/win/2004/08/events/event'><System><Provider Name='Microsoft-Windows-Security-Auditing' Guid='{54849625-5478-4994-a5ba-3e3b0328c30d}'/><EventID>5379</EventID><Version>0</Version><Level>0</Level><Task>13824</Task><Opcode>0</Opcode><Keywords>0x8020000000000000</Keywords><TimeCreated SystemTime='2025-06-02T16:48:28.5623180Z'/><EventRecordID>1355</EventRecordID><Correlation ActivityID='{189ccb3f-d3de-0002-c0cb-9c18ded3db01}'/><Execution ProcessID='912' ThreadID='1268'/><Channel>Security</Channel><Computer>NIKOLAISMETBD82</Computer><Security/></System><EventData><Data Name='SubjectUserSid'>S-1-5-21-4155168598-3527253067-2058671051-1000</Data><Data Name='SubjectUserName'>nikolai.smetannikov</Data><Data Name='SubjectDomainName'>NIKOLAISMETBD82</Data><Data Name='SubjectLogonId'>0x12f9a9</Data><Data Name='TargetName'>MicrosoftAccount:user=02tjnhhxlpdhqhkm</Data><Data Name='Type'>0</Data><Data Name='CountOfCredentialsReturned'>0</Data><Data Name='ReadOperation'>%%8100</Data><Data Name='ReturnCode'>3221226021</Data><Data Name='ProcessCreationTime'>2025-06-02T16:48:26.1702154Z</Data><Data Name='ClientProcessId'>9996</Data></EventData></Event><Event xmlns='http://schemas.microsoft.com/win/2004/08/events/event'><System><Provider Name='Microsoft-Windows-Security-Auditing' Guid='{54849625-5478-4994-a5ba-3e3b0328c30d}'/><EventID>5379</EventID><Version>0</Version><Level>0</Level><Task>13824</Task><Opcode>0</Opcode><Keywords>0x8020000000000000</Keywords><TimeCreated SystemTime='2025-06-02T16:48:28.5586558Z'/><EventRecordID>1354</EventRecordID><Correlation ActivityID='{189ccb3f-d3de-0002-c0cb-9c18ded3db01}'/><Execution ProcessID='912' ThreadID='992'/><Channel>Security</Channel><Computer>NIKOLAISMETBD82</Computer><Security/></System><EventData><Data Name='SubjectUserSid'>S-1-5-21-4155168598-3527253067-2058671051-1000</Data><Data Name='SubjectUserName'>nikolai.smetannikov</Data><Data Name='SubjectDomainName'>NIKOLAISMETBD82</Data><Data Name='SubjectLogonId'>0x12f9a9</Data><Data Name='TargetName'>MicrosoftAccount:user=02tjnhhxlpdhqhkm</Data><Data Name='Type'>0</Data><Data Name='CountOfCredentialsReturned'>0</Data><Data Name='ReadOperation'>%%8100</Data><Data Name='ReturnCode'>3221226021</Data><Data Name='ProcessCreationTime'>2025-06-02T16:48:26.1702154Z</Data><Data Name='ClientProcessId'>9996</Data></EventData></Event><Event xmlns='http://schemas.microsoft.com/win/2004/08/events/event'><System><Provider Name='Microsoft-Windows-Security-Auditing' Guid='{54849625-5478-4994-a5ba-3e3b0328c30d}'/><EventID>5379</EventID><Version>0</Version><Level>0</Level><Task>13824</Task><Opcode>0</Opcode><Keywords>0x8020000000000000</Keywords><TimeCreated SystemTime='2025-06-02T16:48:28.3131172Z'/><EventRecordID>1353</EventRecordID><Correlation ActivityID='{189ccb3f-d3de-0002-c0cb-9c18ded3db01}'/><Execution ProcessID='912' ThreadID='992'/><Channel>Security</Channel><Computer>NIKOLAISMETBD82</Computer><Security/></System><EventData><Data Name='SubjectUserSid'>S-1-5-21-4155168598-3527253067-2058671051-1000</Data><Data Name='SubjectUserName'>nikolai.smetannikov</Data><Data Name='SubjectDomainName'>NIKOLAISMETBD82</Data><Data Name='SubjectLogonId'>0x12f9a9</Data><Data Name='TargetName'>WindowsLive:(cert):name=02tjnhhxlpdhqhkm;serviceuri=*</Data><Data Name='Type'>0</Data><Data Name='CountOfCredentialsReturned'>0</Data><Data Name='ReadOperation'>%%8100</Data><Data Name='ReturnCode'>3221226021</Data><Data Name='ProcessCreationTime'>2025-06-02T16:48:26.1702154Z</Data><Data Name='ClientProcessId'>9996</Data></EventData></Event><Event xmlns='http://schemas.microsoft.com/win/2004/08/events/event'><System><Provider Name='Microsoft-Windows-Security-Auditing' Guid='{54849625-5478-4994-a5ba-3e3b0328c30d}'/><EventID>5379</EventID><Version>0</Version><Level>0</Level><Task>13824</Task><Opcode>0</Opcode><Keywords>0x8020000000000000</Keywords><TimeCreated SystemTime='2025-06-02T16:48:28.3127473Z'/><EventRecordID>1352</EventRecordID><Correlation ActivityID='{189ccb3f-d3de-0002-c0cb-9c18ded3db01}'/><Execution ProcessID='912' ThreadID='992'/><Channel>Security</Channel><Computer>NIKOLAISMETBD82</Computer><Security/></System><EventData><Data Name='SubjectUserSid'>S-1-5-21-4155168598-3527253067-2058671051-1000</Data><Data Name='SubjectUserName'>nikolai.smetannikov</Data><Data Name='SubjectDomainName'>NIKOLAISMETBD82</Data><Data Name='SubjectLogonId'>0x12f9a9</Data><Data Name='TargetName'>WindowsLive:(token):name=02tjnhhxlpdhqhkm;serviceuri=*</Data><Data Name='Type'>0</Data><Data Name='CountOfCredentialsReturned'>0</Data><Data Name='ReadOperation'>%%8100</Data><Data Name='ReturnCode'>3221226021</Data><Data Name='ProcessCreationTime'>2025-06-02T16:48:26.1702154Z</Data><Data Name='ClientProcessId'>9996</Data></EventData></Event><Event xmlns='http://schemas.microsoft.com/win/2004/08/events/event'><System><Provider Name='Microsoft-Windows-Security-Auditing' Guid='{54849625-5478-4994-a5ba-3e3b0328c30d}'/><EventID>5379</EventID><Version>0</Version><Level>0</Level><Task>13824</Task><Opcode>0</Opcode><Keywords>0x8020000000000000</Keywords><TimeCreated SystemTime='2025-06-02T16:48:28.3126801Z'/><EventRecordID>1351</EventRecordID><Correlation ActivityID='{189ccb3f-d3de-0002-c0cb-9c18ded3db01}'/><Execution ProcessID='912' ThreadID='992'/><Channel>Security</Channel><Computer>NIKOLAISMETBD82</Computer><Security/></System><EventData><Data Name='SubjectUserSid'>S-1-5-21-4155168598-3527253067-2058671051-1000</Data><Data Name='SubjectUserName'>nikolai.smetannikov</Data><Data Name='SubjectDomainName'>NIKOLAISMETBD82</Data><Data Name='SubjectLogonId'>0x12f7f3</Data><Data Name='TargetName'>WindowsLive:(cert):name=02tjnhhxlpdhqhkm;serviceuri=*</Data><Data Name='Type'>0</Data><Data Name='CountOfCredentialsReturned'>0</Data><Data Name='ReadOperation'>%%8100</Data><Data Name='ReturnCode'>3221226021</Data><Data Name='ProcessCreationTime'>2025-06-02T16:48:26.1702154Z</Data><Data Name='ClientProcessId'>9996</Data></EventData></Event><Event xmlns='http://schemas.microsoft.com/win/2004/08/events/event'><System><Provider Name='Microsoft-Windows-Security-Auditing' Guid='{54849625-5478-4994-a5ba-3e3b0328c30d}'/><EventID>5379</EventID><Version>0</Version><Level>0</Level><Task>13824</Task><Opcode>0</Opcode><Keywords>0x8020000000000000</Keywords><TimeCreated SystemTime='2025-06-02T16:48:28.3126103Z'/><EventRecordID>1350</EventRecordID><Correlation ActivityID='{189ccb3f-d3de-0002-c0cb-9c18ded3db01}'/><Execution ProcessID='912' ThreadID='992'/><Channel>Security</Channel><Computer>NIKOLAISMETBD82</Computer><Security/></System><EventData><Data Name='SubjectUserSid'>S-1-5-21-4155168598-3527253067-2058671051-1000</Data><Data Name='SubjectUserName'>nikolai.smetannikov</Data><Data Name='SubjectDomainName'>NIKOLAISMETBD82</Data><Data Name='SubjectLogonId'>0x12f9a9</Data><Data Name='TargetName'>MicrosoftAccount:user=02tjnhhxlpdhqhkm</Data><Data Name='Type'>0</Data><Data Name='CountOfCredentialsReturned'>0</Data><Data Name='ReadOperation'>%%8100</Data><Data Name='ReturnCode'>3221226021</Data><Data Name='ProcessCreationTime'>2025-06-02T16:48:26.1702154Z</Data><Data Name='ClientProcessId'>9996</Data></EventData></Event><Event xmlns='http://schemas.microsoft.com/win/2004/08/events/event'><System><Provider Name='Microsoft-Windows-Security-Auditing' Guid='{54849625-5478-4994-a5ba-3e3b0328c30d}'/><EventID>5379</EventID><Version>0</Version><Level>0</Level><Task>13824</Task><Opcode>0</Opcode><Keywords>0x8020000000000000</Keywords><TimeCreated SystemTime='2025-06-02T16:48:28.3123586Z'/><EventRecordID>1349</EventRecordID><Correlation ActivityID='{189ccb3f-d3de-0002-c0cb-9c18ded3db01}'/><Execution ProcessID='912' ThreadID='992'/><Channel>Security</Channel><Computer>NIKOLAISMETBD82</Computer><Security/></System><EventData><Data Name='SubjectUserSid'>S-1-5-21-4155168598-3527253067-2058671051-1000</Data><Data Name='SubjectUserName'>nikolai.smetannikov</Data><Data Name='SubjectDomainName'>NIKOLAISMETBD82</Data><Data Name='SubjectLogonId'>0x12f7f3</Data><Data Name='TargetName'>WindowsLive:(token):name=02tjnhhxlpdhqhkm;serviceuri=*</Data><Data Name='Type'>0</Data><Data Name='CountOfCredentialsReturned'>0</Data><Data Name='ReadOperation'>%%8100</Data><Data Name='ReturnCode'>3221226021</Data><Data Name='ProcessCreationTime'>2025-06-02T16:48:26.1702154Z</Data><Data Name='ClientProcessId'>9996</Data></EventData></Event><Event xmlns='http://schemas.microsoft.com/win/2004/08/events/event'><System><Provider Name='Microsoft-Windows-Security-Auditing' Guid='{54849625-5478-4994-a5ba-3e3b0328c30d}'/><EventID>5379</EventID><Version>0</Version><Level>0</Level><Task>13824</Task><Opcode>0</Opcode><Keywords>0x8020000000000000</Keywords><TimeCreated SystemTime='2025-06-02T16:48:28.3122953Z'/><EventRecordID>1348</EventRecordID><Correlation ActivityID='{189ccb3f-d3de-0002-c0cb-9c18ded3db01}'/><Execution ProcessID='912' ThreadID='992'/><Channel>Security</Channel><Computer>NIKOLAISMETBD82</Computer><Security/></System><EventData><Data Name='SubjectUserSid'>S-1-5-21-4155168598-3527253067-2058671051-1000</Data><Data Name='SubjectUserName'>nikolai.smetannikov</Data><Data Name='SubjectDomainName'>NIKOLAISMETBD82</Data><Data Name='SubjectLogonId'>0x12f9a9</Data><Data Name='TargetName'>WindowsLive:(cert):name=02tjnhhxlpdhqhkm;serviceuri=*</Data><Data Name='Type'>0</Data><Data Name='CountOfCredentialsReturned'>0</Data><Data Name='ReadOperation'>%%8100</Data><Data Name='ReturnCode'>3221226021</Data><Data Name='ProcessCreationTime'>2025-06-02T16:48:26.1702154Z</Data><Data Name='ClientProcessId'>9996</Data></EventData></Event><Event xmlns='http://schemas.microsoft.com/win/2004/08/events/event'><System><Provider Name='Microsoft-Windows-Security-Auditing' Guid='{54849625-5478-4994-a5ba-3e3b0328c30d}'/><EventID>5379</EventID><Version>0</Version><Level>0</Level><Task>13824</Task><Opcode>0</Opcode><Keywords>0x8020000000000000</Keywords><TimeCreated SystemTime='2025-06-02T16:48:28.3120438Z'/><EventRecordID>1347</EventRecordID><Correlation ActivityID='{189ccb3f-d3de-0002-c0cb-9c18ded3db01}'/><Execution ProcessID='912' ThreadID='992'/><Channel>Security</Channel><Computer>NIKOLAISMETBD82</Computer><Security/></System><EventData><Data Name='SubjectUserSid'>S-1-5-21-4155168598-3527253067-2058671051-1000</Data><Data Name='SubjectUserName'>nikolai.smetannikov</Data><Data Name='SubjectDomainName'>NIKOLAISMETBD82</Data><Data Name='SubjectLogonId'>0x12f7f3</Data><Data Name='TargetName'>MicrosoftAccount:user=02tjnhhxlpdhqhkm</Data><Data Name='Type'>0</Data><Data Name='CountOfCredentialsReturned'>0</Data><Data Name='ReadOperation'>%%8100</Data><Data Name='ReturnCode'>3221226021</Data><Data Name='ProcessCreationTime'>2025-06-02T16:48:26.1702154Z</Data><Data Name='ClientProcessId'>9996</Data></EventData></Event><Event xmlns='http://schemas.microsoft.com/win/2004/08/events/event'><System><Provider Name='Microsoft-Windows-Security-Auditing' Guid='{54849625-5478-4994-a5ba-3e3b0328c30d}'/><EventID>5379</EventID><Version>0</Version><Level>0</Level><Task>13824</Task><Opcode>0</Opcode><Keywords>0x8020000000000000</Keywords><TimeCreated SystemTime='2025-06-02T16:48:28.3116485Z'/><EventRecordID>1346</EventRecordID><Correlation ActivityID='{189ccb3f-d3de-0002-c0cb-9c18ded3db01}'/><Execution ProcessID='912' ThreadID='992'/><Channel>Security</Channel><Computer>NIKOLAISMETBD82</Computer><Security/></System><EventData><Data Name='SubjectUserSid'>S-1-5-21-4155168598-3527253067-2058671051-1000</Data><Data Name='SubjectUserName'>nikolai.smetannikov</Data><Data Name='SubjectDomainName'>NIKOLAISMETBD82</Data><Data Name='SubjectLogonId'>0x12f9a9</Data><Data Name='TargetName'>WindowsLive:(token):name=02tjnhhxlpdhqhkm;serviceuri=*</Data><Data Name='Type'>0</Data><Data Name='CountOfCredentialsReturned'>0</Data><Data Name='ReadOperation'>%%8100</Data><Data Name='ReturnCode'>3221226021</Data><Data Name='ProcessCreationTime'>2025-06-02T16:48:26.1702154Z</Data><Data Name='ClientProcessId'>9996</Data></EventData></Event><Event xmlns='http://schemas.microsoft.com/win/2004/08/events/event'><System><Provider Name='Microsoft-Windows-Security-Auditing' Guid='{54849625-5478-4994-a5ba-3e3b0328c30d}'/><EventID>5379</EventID><Version>0</Version><Level>0</Level><Task>13824</Task><Opcode>0</Opcode><Keywords>0x8020000000000000</Keywords><TimeCreated SystemTime='2025-06-02T16:48:28.3112871Z'/><EventRecordID>1345</EventRecordID><Correlation ActivityID='{189ccb3f-d3de-0002-c0cb-9c18ded3db01}'/><Execution ProcessID='912' ThreadID='992'/><Channel>Security</Channel><Computer>NIKOLAISMETBD82</Computer><Security/></System><EventData><Data Name='SubjectUserSid'>S-1-5-21-4155168598-3527253067-2058671051-1000</Data><Data Name='SubjectUserName'>nikolai.smetannikov</Data><Data Name='SubjectDomainName'>NIKOLAISMETBD82</Data><Data Name='SubjectLogonId'>0x12f9a9</Data><Data Name='TargetName'>MicrosoftAccount:user=02tjnhhxlpdhqhkm</Data><Data Name='Type'>0</Data><Data Name='CountOfCredentialsReturned'>0</Data><Data Name='ReadOperation'>%%8100</Data><Data Name='ReturnCode'>3221226021</Data><Data Name='ProcessCreationTime'>2025-06-02T16:48:26.1702154Z</Data><Data Name='ClientProcessId'>9996</Data></EventData></Event><Event xmlns='http://schemas.microsoft.com/win/2004/08/events/event'><System><Provider Name='Microsoft-Windows-Security-Auditing' Guid='{54849625-5478-4994-a5ba-3e3b0328c30d}'/><EventID>5379</EventID><Version>0</Version><Level>0</Level><Task>13824</Task><Opcode>0</Opcode><Keywords>0x8020000000000000</Keywords><TimeCreated SystemTime='2025-06-02T16:48:28.3018865Z'/><EventRecordID>1344</EventRecordID><Correlation ActivityID='{189ccb3f-d3de-0002-c0cb-9c18ded3db01}'/><Execution ProcessID='912' ThreadID='1268'/><Channel>Security</Channel><Computer>NIKOLAISMETBD82</Computer><Security/></System><EventData><Data Name='SubjectUserSid'>S-1-5-21-4155168598-3527253067-2058671051-1000</Data><Data Name='SubjectUserName'>nikolai.smetannikov</Data><Data Name='SubjectDomainName'>NIKOLAISMETBD82</Data><Data Name='SubjectLogonId'>0x12f9a9</Data><Data Name='TargetName'>WindowsLive:target=virtualapp/didlogical</Data><Data Name='Type'>0</Data><Data Name='CountOfCredentialsReturned'>0</Data><Data Name='ReadOperation'>%%8100</Data><Data Name='ReturnCode'>3221226021</Data><Data Name='ProcessCreationTime'>2025-06-02T16:48:26.1702154Z</Data><Data Name='ClientProcessId'>9996</Data></EventData></Event><Event xmlns='http://schemas.microsoft.com/win/2004/08/events/event'><System><Provider Name='Microsoft-Windows-Security-Auditing' Guid='{54849625-5478-4994-a5ba-3e3b0328c30d}'/><EventID>5379</EventID><Version>0</Version><Level>0</Level><Task>13824</Task><Opcode>0</Opcode><Keywords>0x8020000000000000</Keywords><TimeCreated SystemTime='2025-06-02T16:48:28.3014441Z'/><EventRecordID>1343</EventRecordID><Correlation ActivityID='{189ccb3f-d3de-0002-c0cb-9c18ded3db01}'/><Execution ProcessID='912' ThreadID='996'/><Channel>Security</Channel><Computer>NIKOLAISMETBD82</Computer><Security/></System><EventData><Data Name='SubjectUserSid'>S-1-5-21-4155168598-3527253067-2058671051-1000</Data><Data Name='SubjectUserName'>nikolai.smetannikov</Data><Data Name='SubjectDomainName'>NIKOLAISMETBD82</Data><Data Name='SubjectLogonId'>0x12f9a9</Data><Data Name='TargetName'>MicrosoftAccount:user=02tjnhhxlpdhqhkm</Data><Data Name='Type'>0</Data><Data Name='CountOfCredentialsReturned'>0</Data><Data Name='ReadOperation'>%%8100</Data><Data Name='ReturnCode'>3221226021</Data><Data Name='ProcessCreationTime'>2025-06-02T16:48:26.1702154Z</Data><Data Name='ClientProcessId'>9996</Data></EventData></Event><Event xmlns='http://schemas.microsoft.com/win/2004/08/events/event'><System><Provider Name='Microsoft-Windows-Security-Auditing' Guid='{54849625-5478-4994-a5ba-3e3b0328c30d}'/><EventID>5379</EventID><Version>0</Version><Level>0</Level><Task>13824</Task><Opcode>0</Opcode><Keywords>0x8020000000000000</Keywords><TimeCreated SystemTime='2025-06-02T16:48:28.2911475Z'/><EventRecordID>1342</EventRecordID><Correlation ActivityID='{189ccb3f-d3de-0002-c0cb-9c18ded3db01}'/><Execution ProcessID='912' ThreadID='1268'/><Channel>Security</Channel><Computer>NIKOLAISMETBD82</Computer><Security/></System><EventData><Data Name='SubjectUserSid'>S-1-5-21-4155168598-3527253067-2058671051-1000</Data><Data Name='SubjectUserName'>nikolai.smetannikov</Data><Data Name='SubjectDomainName'>NIKOLAISMETBD82</Data><Data Name='SubjectLogonId'>0x12f9a9</Data><Data Name='TargetName'>MicrosoftAccount:user=02tjnhhxlpdhqhkm</Data><Data Name='Type'>1</Data><Data Name='CountOfCredentialsReturned'>1</Data><Data Name='ReadOperation'>%%8099</Data><Data Name='ReturnCode'>3221226021</Data><Data Name='ProcessCreationTime'>2025-06-02T16:48:26.1702154Z</Data><Data Name='ClientProcessId'>9996</Data></EventData></Event><Event xmlns='http://schemas.microsoft.com/win/2004/08/events/event'><System><Provider Name='Microsoft-Windows-Security-Auditing' Guid='{54849625-5478-4994-a5ba-3e3b0328c30d}'/><EventID>5379</EventID><Version>0</Version><Level>0</Level><Task>13824</Task><Opcode>0</Opcode><Keywords>0x8020000000000000</Keywords><TimeCreated SystemTime='2025-06-02T16:48:28.2266765Z'/><EventRecordID>1341</EventRecordID><Correlation ActivityID='{189ccb3f-d3de-0002-c0cb-9c18ded3db01}'/><Execution ProcessID='912' ThreadID='996'/><Channel>Security</Channel><Computer>NIKOLAISMETBD82</Computer><Security/></System><EventData><Data Name='SubjectUserSid'>S-1-5-21-4155168598-3527253067-2058671051-1000</Data><Data Name='SubjectUserName'>nikolai.smetannikov</Data><Data Name='SubjectDomainName'>NIKOLAISMETBD82</Data><Data Name='SubjectLogonId'>0x12f9a9</Data><Data Name='TargetName'>MicrosoftAccount:user=02tjnhhxlpdhqhkm</Data><Data Name='Type'>0</Data><Data Name='CountOfCredentialsReturned'>0</Data><Data Name='ReadOperation'>%%8100</Data><Data Name='ReturnCode'>3221226021</Data><Data Name='ProcessCreationTime'>2025-06-02T16:48:26.1702154Z</Data><Data Name='ClientProcessId'>9996</Data></EventData></Event><Event xmlns='http://schemas.microsoft.com/win/2004/08/events/event'><System><Provider Name='Microsoft-Windows-Security-Auditing' Guid='{54849625-5478-4994-a5ba-3e3b0328c30d}'/><EventID>4799</EventID><Version>0</Version><Level>0</Level><Task>13826</Task><Opcode>0</Opcode><Keywords>0x8020000000000000</Keywords><TimeCreated SystemTime='2025-06-02T16:48:28.1455160Z'/><EventRecordID>1340</EventRecordID><Correlation ActivityID='{189ccb3f-d3de-0002-c0cb-9c18ded3db01}'/><Execution ProcessID='912' ThreadID='1268'/><Channel>Security</Channel><Computer>NIKOLAISMETBD82</Computer><Security/></System><EventData><Data Name='TargetUserName'>Administrators</Data><Data Name='TargetDomainName'>Builtin</Data><Data Name='TargetSid'>S-1-5-32-544</Data><Data Name='SubjectUserSid'>S-1-5-21-4155168598-3527253067-2058671051-1000</Data><Data Name='SubjectUserName'>nikolai.smetannikov</Data><Data Name='SubjectDomainName'>NIKOLAISMETBD82</Data><Data Name='SubjectLogonId'>0x12f9a9</Data><Data Name='CallerProcessId'>0x265c</Data><Data Name='CallerProcessName'>C:\Windows\System32\RuntimeBroker.exe</Data></EventData></Event><Event xmlns='http://schemas.microsoft.com/win/2004/08/events/event'><System><Provider Name='Microsoft-Windows-Security-Auditing' Guid='{54849625-5478-4994-a5ba-3e3b0328c30d}'/><EventID>4799</EventID><Version>0</Version><Level>0</Level><Task>13826</Task><Opcode>0</Opcode><Keywords>0x8020000000000000</Keywords><TimeCreated SystemTime='2025-06-02T16:48:28.1380920Z'/><EventRecordID>1339</EventRecordID><Correlation ActivityID='{189ccb3f-d3de-0002-c0cb-9c18ded3db01}'/><Execution ProcessID='912' ThreadID='996'/><Channel>Security</Channel><Computer>NIKOLAISMETBD82</Computer><Security/></System><EventData><Data Name='TargetUserName'>Administrators</Data><Data Name='TargetDomainName'>Builtin</Data><Data Name='TargetSid'>S-1-5-32-544</Data><Data Name='SubjectUserSid'>S-1-5-21-4155168598-3527253067-2058671051-1000</Data><Data Name='SubjectUserName'>nikolai.smetannikov</Data><Data Name='SubjectDomainName'>NIKOLAISMETBD82</Data><Data Name='SubjectLogonId'>0x12f9a9</Data><Data Name='CallerProcessId'>0x265c</Data><Data Name='CallerProcessName'>C:\Windows\System32\RuntimeBroker.exe</Data></EventData></Event><Event xmlns='http://schemas.microsoft.com/win/2004/08/events/event'><System><Provider Name='Microsoft-Windows-Security-Auditing' Guid='{54849625-5478-4994-a5ba-3e3b0328c30d}'/><EventID>5379</EventID><Version>0</Version><Level>0</Level><Task>13824</Task><Opcode>0</Opcode><Keywords>0x8020000000000000</Keywords><TimeCreated SystemTime='2025-06-02T16:48:26.4503596Z'/><EventRecordID>1338</EventRecordID><Correlation ActivityID='{189ccb3f-d3de-0002-c0cb-9c18ded3db01}'/><Execution ProcessID='912' ThreadID='1268'/><Channel>Security</Channel><Computer>NIKOLAISMETBD82</Computer><Security/></System><EventData><Data Name='SubjectUserSid'>S-1-5-21-4155168598-3527253067-2058671051-1000</Data><Data Name='SubjectUserName'>nikolai.smetannikov</Data><Data Name='SubjectDomainName'>NIKOLAISMETBD82</Data><Data Name='SubjectLogonId'>0x12f9a9</Data><Data Name='TargetName'>WindowsLive:target=virtualapp/didlogical</Data><Data Name='Type'>0</Data><Data Name='CountOfCredentialsReturned'>0</Data><Data Name='ReadOperation'>%%8100</Data><Data Name='ReturnCode'>3221226021</Data><Data Name='ProcessCreationTime'>2025-06-02T16:48:26.1702154Z</Data><Data Name='ClientProcessId'>9996</Data></EventData></Event><Event xmlns='http://schemas.microsoft.com/win/2004/08/events/event'><System><Provider Name='Microsoft-Windows-Security-Auditing' Guid='{54849625-5478-4994-a5ba-3e3b0328c30d}'/><EventID>5379</EventID><Version>0</Version><Level>0</Level><Task>13824</Task><Opcode>0</Opcode><Keywords>0x8020000000000000</Keywords><TimeCreated SystemTime='2025-06-02T16:48:26.4502914Z'/><EventRecordID>1337</EventRecordID><Correlation ActivityID='{189ccb3f-d3de-0002-c0cb-9c18ded3db01}'/><Execution ProcessID='912' ThreadID='1268'/><Channel>Security</Channel><Computer>NIKOLAISMETBD82</Computer><Security/></System><EventData><Data Name='SubjectUserSid'>S-1-5-21-4155168598-3527253067-2058671051-1000</Data><Data Name='SubjectUserName'>nikolai.smetannikov</Data><Data Name='SubjectDomainName'>NIKOLAISMETBD82</Data><Data Name='SubjectLogonId'>0x12f9a9</Data><Data Name='TargetName'>WindowsLive:(cert):name=02tjnhhxlpdhqhkm;serviceuri=*</Data><Data Name='Type'>0</Data><Data Name='CountOfCredentialsReturned'>0</Data><Data Name='ReadOperation'>%%8100</Data><Data Name='ReturnCode'>3221226021</Data><Data Name='ProcessCreationTime'>2025-06-02T16:48:26.1702154Z</Data><Data Name='ClientProcessId'>9996</Data></EventData></Event><Event xmlns='http://schemas.microsoft.com/win/2004/08/events/event'><System><Provider Name='Microsoft-Windows-Security-Auditing' Guid='{54849625-5478-4994-a5ba-3e3b0328c30d}'/><EventID>5379</EventID><Version>0</Version><Level>0</Level><Task>13824</Task><Opcode>0</Opcode><Keywords>0x8020000000000000</Keywords><TimeCreated SystemTime='2025-06-02T16:48:26.4499740Z'/><EventRecordID>1336</EventRecordID><Correlation ActivityID='{189ccb3f-d3de-0002-c0cb-9c18ded3db01}'/><Execution ProcessID='912' ThreadID='1268'/><Channel>Security</Channel><Computer>NIKOLAISMETBD82</Computer><Security/></System><EventData><Data Name='SubjectUserSid'>S-1-5-21-4155168598-3527253067-2058671051-1000</Data><Data Name='SubjectUserName'>nikolai.smetannikov</Data><Data Name='SubjectDomainName'>NIKOLAISMETBD82</Data><Data Name='SubjectLogonId'>0x12f9a9</Data><Data Name='TargetName'>WindowsLive:(token):name=02tjnhhxlpdhqhkm;serviceuri=*</Data><Data Name='Type'>0</Data><Data Name='CountOfCredentialsReturned'>0</Data><Data Name='ReadOperation'>%%8100</Data><Data Name='ReturnCode'>3221226021</Data><Data Name='ProcessCreationTime'>2025-06-02T16:48:26.1702154Z</Data><Data Name='ClientProcessId'>9996</Data></EventData></Event><Event xmlns='http://schemas.microsoft.com/win/2004/08/events/event'><System><Provider Name='Microsoft-Windows-Security-Auditing' Guid='{54849625-5478-4994-a5ba-3e3b0328c30d}'/><EventID>5379</EventID><Version>0</Version><Level>0</Level><Task>13824</Task><Opcode>0</Opcode><Keywords>0x8020000000000000</Keywords><TimeCreated SystemTime='2025-06-02T16:48:26.4298751Z'/><EventRecordID>1335</EventRecordID><Correlation ActivityID='{189ccb3f-d3de-0002-c0cb-9c18ded3db01}'/><Execution ProcessID='912' ThreadID='992'/><Channel>Security</Channel><Computer>NIKOLAISMETBD82</Computer><Security/></System><EventData><Data Name='SubjectUserSid'>S-1-5-18</Data><Data Name='SubjectUserName'>NIKOLAISMETBD82$</Data><Data Name='SubjectDomainName'>WORKGROUP</Data><Data Name='SubjectLogonId'>0x3e7</Data><Data Name='TargetName'>WindowsLive:target=virtualapp/didlogical</Data><Data Name='Type'>0</Data><Data Name='CountOfCredentialsReturned'>1</Data><Data Name='ReadOperation'>%%8100</Data><Data Name='ReturnCode'>0</Data><Data Name='ProcessCreationTime'>2025-06-02T16:48:26.1702154Z</Data><Data Name='ClientProcessId'>9996</Data></EventData></Event><Event xmlns='http://schemas.microsoft.com/win/2004/08/events/event'><System><Provider Name='Microsoft-Windows-Security-Auditing' Guid='{54849625-5478-4994-a5ba-3e3b0328c30d}'/><EventID>5379</EventID><Version>0</Version><Level>0</Level><Task>13824</Task><Opcode>0</Opcode><Keywords>0x8020000000000000</Keywords><TimeCreated SystemTime='2025-06-02T16:48:26.4293269Z'/><EventRecordID>1334</EventRecordID><Correlation ActivityID='{189ccb3f-d3de-0002-c0cb-9c18ded3db01}'/><Execution ProcessID='912' ThreadID='992'/><Channel>Security</Channel><Computer>NIKOLAISMETBD82</Computer><Security/></System><EventData><Data Name='SubjectUserSid'>S-1-5-18</Data><Data Name='SubjectUserName'>NIKOLAISMETBD82$</Data><Data Name='SubjectDomainName'>WORKGROUP</Data><Data Name='SubjectLogonId'>0x3e7</Data><Data Name='TargetName'>WindowsLive:target=virtualapp/didlogical</Data><Data Name='Type'>0</Data><Data Name='CountOfCredentialsReturned'>1</Data><Data Name='ReadOperation'>%%8100</Data><Data Name='ReturnCode'>0</Data><Data Name='ProcessCreationTime'>2025-06-02T16:48:26.1702154Z</Data><Data Name='ClientProcessId'>9996</Data></EventData></Event><Event xmlns='http://schemas.microsoft.com/win/2004/08/events/event'><System><Provider Name='Microsoft-Windows-Security-Auditing' Guid='{54849625-5478-4994-a5ba-3e3b0328c30d}'/><EventID>5379</EventID><Version>0</Version><Level>0</Level><Task>13824</Task><Opcode>0</Opcode><Keywords>0x8020000000000000</Keywords><TimeCreated SystemTime='2025-06-02T16:48:26.4288175Z'/><EventRecordID>1333</EventRecordID><Correlation ActivityID='{189ccb3f-d3de-0002-c0cb-9c18ded3db01}'/><Execution ProcessID='912' ThreadID='992'/><Channel>Security</Channel><Computer>NIKOLAISMETBD82</Computer><Security/></System><EventData><Data Name='SubjectUserSid'>S-1-5-18</Data><Data Name='SubjectUserName'>NIKOLAISMETBD82$</Data><Data Name='SubjectDomainName'>WORKGROUP</Data><Data Name='SubjectLogonId'>0x3e7</Data><Data Name='TargetName'>WindowsLive:(cert):name=02qygxeypbzmyhzm;serviceuri=*</Data><Data Name='Type'>0</Data><Data Name='CountOfCredentialsReturned'>0</Data><Data Name='ReadOperation'>%%8100</Data><Data Name='ReturnCode'>3221226021</Data><Data Name='ProcessCreationTime'>2025-06-02T16:48:26.1702154Z</Data><Data Name='ClientProcessId'>9996</Data></EventData></Event><Event xmlns='http://schemas.microsoft.com/win/2004/08/events/event'><System><Provider Name='Microsoft-Windows-Security-Auditing' Guid='{54849625-5478-4994-a5ba-3e3b0328c30d}'/><EventID>5379</EventID><Version>0</Version><Level>0</Level><Task>13824</Task><Opcode>0</Opcode><Keywords>0x8020000000000000</Keywords><TimeCreated SystemTime='2025-06-02T16:48:26.4254873Z'/><EventRecordID>1332</EventRecordID><Correlation ActivityID='{189ccb3f-d3de-0002-c0cb-9c18ded3db01}'/><Execution ProcessID='912' ThreadID='992'/><Channel>Security</Channel><Computer>NIKOLAISMETBD82</Computer><Security/></System><EventData><Data Name='SubjectUserSid'>S-1-5-18</Data><Data Name='SubjectUserName'>NIKOLAISMETBD82$</Data><Data Name='SubjectDomainName'>WORKGROUP</Data><Data Name='SubjectLogonId'>0x3e7</Data><Data Name='TargetName'>WindowsLive:(token):name=02qygxeypbzmyhzm;serviceuri=*</Data><Data Name='Type'>0</Data><Data Name='CountOfCredentialsReturned'>0</Data><Data Name='ReadOperation'>%%8100</Data><Data Name='ReturnCode'>3221226021</Data><Data Name='ProcessCreationTime'>2025-06-02T16:48:26.1702154Z</Data><Data Name='ClientProcessId'>9996</Data></EventData></Event><Event xmlns='http://schemas.microsoft.com/win/2004/08/events/event'><System><Provider Name='Microsoft-Windows-Security-Auditing' Guid='{54849625-5478-4994-a5ba-3e3b0328c30d}'/><EventID>5379</EventID><Version>0</Version><Level>0</Level><Task>13824</Task><Opcode>0</Opcode><Keywords>0x8020000000000000</Keywords><TimeCreated SystemTime='2025-06-02T16:48:26.4236530Z'/><EventRecordID>1331</EventRecordID><Correlation ActivityID='{189ccb3f-d3de-0002-c0cb-9c18ded3db01}'/><Execution ProcessID='912' ThreadID='1268'/><Channel>Security</Channel><Computer>NIKOLAISMETBD82</Computer><Security/></System><EventData><Data Name='SubjectUserSid'>S-1-5-18</Data><Data Name='SubjectUserName'>NIKOLAISMETBD82$</Data><Data Name='SubjectDomainName'>WORKGROUP</Data><Data Name='SubjectLogonId'>0x3e7</Data><Data Name='TargetName'>WindowsLive:(cert):name=02qygxeypbzmyhzm;serviceuri=*</Data><Data Name='Type'>0</Data><Data Name='CountOfCredentialsReturned'>0</Data><Data Name='ReadOperation'>%%8100</Data><Data Name='ReturnCode'>3221226021</Data><Data Name='ProcessCreationTime'>2025-06-02T16:48:26.1702154Z</Data><Data Name='ClientProcessId'>9996</Data></EventData></Event><Event xmlns='http://schemas.microsoft.com/win/2004/08/events/event'><System><Provider Name='Microsoft-Windows-Security-Auditing' Guid='{54849625-5478-4994-a5ba-3e3b0328c30d}'/><EventID>5379</EventID><Version>0</Version><Level>0</Level><Task>13824</Task><Opcode>0</Opcode><Keywords>0x8020000000000000</Keywords><TimeCreated SystemTime='2025-06-02T16:48:26.4230896Z'/><EventRecordID>1330</EventRecordID><Correlation ActivityID='{189ccb3f-d3de-0002-c0cb-9c18ded3db01}'/><Execution ProcessID='912' ThreadID='1268'/><Channel>Security</Channel><Computer>NIKOLAISMETBD82</Computer><Security/></System><EventData><Data Name='SubjectUserSid'>S-1-5-18</Data><Data Name='SubjectUserName'>NIKOLAISMETBD82$</Data><Data Name='SubjectDomainName'>WORKGROUP</Data><Data Name='SubjectLogonId'>0x3e7</Data><Data Name='TargetName'>WindowsLive:(token):name=02qygxeypbzmyhzm;serviceuri=*</Data><Data Name='Type'>0</Data><Data Name='CountOfCredentialsReturned'>0</Data><Data Name='ReadOperation'>%%8100</Data><Data Name='ReturnCode'>3221226021</Data><Data Name='ProcessCreationTime'>2025-06-02T16:48:26.1702154Z</Data><Data Name='ClientProcessId'>9996</Data></EventData></Event><Event xmlns='http://schemas.microsoft.com/win/2004/08/events/event'><System><Provider Name='Microsoft-Windows-Security-Auditing' Guid='{54849625-5478-4994-a5ba-3e3b0328c30d}'/><EventID>5379</EventID><Version>0</Version><Level>0</Level><Task>13824</Task><Opcode>0</Opcode><Keywords>0x8020000000000000</Keywords><TimeCreated SystemTime='2025-06-02T16:48:26.4196576Z'/><EventRecordID>1329</EventRecordID><Correlation ActivityID='{189ccb3f-d3de-0002-c0cb-9c18ded3db01}'/><Execution ProcessID='912' ThreadID='992'/><Channel>Security</Channel><Computer>NIKOLAISMETBD82</Computer><Security/></System><EventData><Data Name='SubjectUserSid'>S-1-5-21-4155168598-3527253067-2058671051-1000</Data><Data Name='SubjectUserName'>nikolai.smetannikov</Data><Data Name='SubjectDomainName'>NIKOLAISMETBD82</Data><Data Name='SubjectLogonId'>0x12f9a9</Data><Data Name='TargetName'>WindowsLive:user=*</Data><Data Name='Type'>0</Data><Data Name='CountOfCredentialsReturned'>0</Data><Data Name='ReadOperation'>%%8100</Data><Data Name='ReturnCode'>3221226021</Data><Data Name='ProcessCreationTime'>2025-06-02T16:48:26.1702154Z</Data><Data Name='ClientProcessId'>9996</Data></EventData></Event><Event xmlns='http://schemas.microsoft.com/win/2004/08/events/event'><System><Provider Name='Microsoft-Windows-Security-Auditing' Guid='{54849625-5478-4994-a5ba-3e3b0328c30d}'/><EventID>5379</EventID><Version>0</Version><Level>0</Level><Task>13824</Task><Opcode>0</Opcode><Keywords>0x8020000000000000</Keywords><TimeCreated SystemTime='2025-06-02T16:48:26.4195718Z'/><EventRecordID>1328</EventRecordID><Correlation ActivityID='{189ccb3f-d3de-0002-c0cb-9c18ded3db01}'/><Execution ProcessID='912' ThreadID='992'/><Channel>Security</Channel><Computer>NIKOLAISMETBD82</Computer><Security/></System><EventData><Data Name='SubjectUserSid'>S-1-5-21-4155168598-3527253067-2058671051-1000</Data><Data Name='SubjectUserName'>nikolai.smetannikov</Data><Data Name='SubjectDomainName'>NIKOLAISMETBD82</Data><Data Name='SubjectLogonId'>0x12f9a9</Data><Data Name='TargetName'>WindowsLive:name=*</Data><Data Name='Type'>0</Data><Data Name='CountOfCredentialsReturned'>0</Data><Data Name='ReadOperation'>%%8100</Data><Data Name='ReturnCode'>3221226021</Data><Data Name='ProcessCreationTime'>2025-06-02T16:48:26.1702154Z</Data><Data Name='ClientProcessId'>9996</Data></EventData></Event><Event xmlns='http://schemas.microsoft.com/win/2004/08/events/event'><System><Provider Name='Microsoft-Windows-Security-Auditing' Guid='{54849625-5478-4994-a5ba-3e3b0328c30d}'/><EventID>4672</EventID><Version>0</Version><Level>0</Level><Task>12548</Task><Opcode>0</Opcode><Keywords>0x8020000000000000</Keywords><TimeCreated SystemTime='2025-06-02T16:48:26.1687252Z'/><EventRecordID>1327</EventRecordID><Correlation ActivityID='{189ccb3f-d3de-0002-c0cb-9c18ded3db01}'/><Execution ProcessID='912' ThreadID='992'/><Channel>Security</Channel><Computer>NIKOLAISMETBD82</Computer><Security/></System><EventData><Data Name='SubjectUserSid'>S-1-5-18</Data><Data Name='SubjectUserName'>SYSTEM</Data><Data Name='SubjectDomainName'>NT AUTHORITY</Data><Data Name='SubjectLogonId'>0x3e7</Data><Data Name='PrivilegeList'>SeAssignPrimaryTokenPrivilege
			SeTcbPrivilege
			SeSecurityPrivilege
			SeTakeOwnershipPrivilege
			SeLoadDriverPrivilege
			SeBackupPrivilege
			SeRestorePrivilege
			SeDebugPrivilege
			SeAuditPrivilege
			SeSystemEnvironmentPrivilege
			SeImpersonatePrivilege
			SeDelegateSessionUserImpersonatePrivilege</Data></EventData></Event><Event xmlns='http://schemas.microsoft.com/win/2004/08/events/event'><System><Provider Name='Microsoft-Windows-Security-Auditing' Guid='{54849625-5478-4994-a5ba-3e3b0328c30d}'/><EventID>4624</EventID><Version>3</Version><Level>0</Level><Task>12544</Task><Opcode>0</Opcode><Keywords>0x8020000000000000</Keywords><TimeCreated SystemTime='2025-06-02T16:48:26.1687182Z'/><EventRecordID>1326</EventRecordID><Correlation ActivityID='{189ccb3f-d3de-0002-c0cb-9c18ded3db01}'/><Execution ProcessID='912' ThreadID='992'/><Channel>Security</Channel><Computer>NIKOLAISMETBD82</Computer><Security/></System><EventData><Data Name='SubjectUserSid'>S-1-5-18</Data><Data Name='SubjectUserName'>NIKOLAISMETBD82$</Data><Data Name='SubjectDomainName'>WORKGROUP</Data><Data Name='SubjectLogonId'>0x3e7</Data><Data Name='TargetUserSid'>S-1-5-18</Data><Data Name='TargetUserName'>SYSTEM</Data><Data Name='TargetDomainName'>NT AUTHORITY</Data><Data Name='TargetLogonId'>0x3e7</Data><Data Name='LogonType'>5</Data><Data Name='LogonProcessName'>Advapi  </Data><Data Name='AuthenticationPackageName'>Negotiate</Data><Data Name='WorkstationName'>-</Data><Data Name='LogonGuid'>{00000000-0000-0000-0000-000000000000}</Data><Data Name='TransmittedServices'>-</Data><Data Name='LmPackageName'>-</Data><Data Name='KeyLength'>0</Data><Data Name='ProcessId'>0x37c</Data><Data Name='ProcessName'>C:\Windows\System32\services.exe</Data><Data Name='IpAddress'>-</Data><Data Name='IpPort'>-</Data><Data Name='ImpersonationLevel'>%%1833</Data><Data Name='RestrictedAdminMode'>-</Data><Data Name='RemoteCredentialGuard'>-</Data><Data Name='TargetOutboundUserName'>-</Data><Data Name='TargetOutboundDomainName'>-</Data><Data Name='VirtualAccount'>%%1843</Data><Data Name='TargetLinkedLogonId'>0x0</Data><Data Name='ElevatedToken'>%%1842</Data></EventData></Event><Event xmlns='http://schemas.microsoft.com/win/2004/08/events/event'><System><Provider Name='Microsoft-Windows-Security-Auditing' Guid='{54849625-5478-4994-a5ba-3e3b0328c30d}'/><EventID>4738</EventID><Version>0</Version><Level>0</Level><Task>13824</Task><Opcode>0</Opcode><Keywords>0x8020000000000000</Keywords><TimeCreated SystemTime='2025-06-02T16:48:25.9432531Z'/><EventRecordID>1325</EventRecordID><Correlation ActivityID='{189ccb3f-d3de-0002-c0cb-9c18ded3db01}'/><Execution ProcessID='912' ThreadID='992'/><Channel>Security</Channel><Computer>NIKOLAISMETBD82</Computer><Security/></System><EventData><Data Name='Dummy'>-</Data><Data Name='TargetUserName'>nikolai.smetannikov</Data><Data Name='TargetDomainName'>NIKOLAISMETBD82</Data><Data Name='TargetSid'>S-1-5-21-4155168598-3527253067-2058671051-1000</Data><Data Name='SubjectUserSid'>S-1-5-21-4155168598-3527253067-2058671051-1000</Data><Data Name='SubjectUserName'>nikolai.smetannikov</Data><Data Name='SubjectDomainName'>NIKOLAISMETBD82</Data><Data Name='SubjectLogonId'>0x12f7f3</Data><Data Name='PrivilegeList'>-</Data><Data Name='SamAccountName'>nikolai.smetannikov</Data><Data Name='DisplayName'>%%1793</Data><Data Name='UserPrincipalName'>-</Data><Data Name='HomeDirectory'>%%1793</Data><Data Name='HomePath'>%%1793</Data><Data Name='ScriptPath'>%%1793</Data><Data Name='ProfilePath'>%%1793</Data><Data Name='UserWorkstations'>%%1793</Data><Data Name='PasswordLastSet'>6/2/2025 5:46:47 PM</Data><Data Name='AccountExpires'>%%1794</Data><Data Name='PrimaryGroupId'>513</Data><Data Name='AllowedToDelegateTo'>-</Data><Data Name='OldUacValue'>0x14</Data><Data Name='NewUacValue'>0x214</Data><Data Name='UserAccountControl'>
		%%2089</Data><Data Name='UserParameters'>%%1793</Data><Data Name='SidHistory'>-</Data><Data Name='LogonHours'>%%1797</Data></EventData></Event><Event xmlns='http://schemas.microsoft.com/win/2004/08/events/event'><System><Provider Name='Microsoft-Windows-Security-Auditing' Guid='{54849625-5478-4994-a5ba-3e3b0328c30d}'/><EventID>4798</EventID><Version>0</Version><Level>0</Level><Task>13824</Task><Opcode>0</Opcode><Keywords>0x8020000000000000</Keywords><TimeCreated SystemTime='2025-06-02T16:48:25.9423945Z'/><EventRecordID>1324</EventRecordID><Correlation ActivityID='{189ccb3f-d3de-0002-c0cb-9c18ded3db01}'/><Execution ProcessID='912' ThreadID='992'/><Channel>Security</Channel><Computer>NIKOLAISMETBD82</Computer><Security/></System><EventData><Data Name='TargetUserName'>nikolai.smetannikov</Data><Data Name='TargetDomainName'>NIKOLAISMETBD82</Data><Data Name='TargetSid'>S-1-5-21-4155168598-3527253067-2058671051-1000</Data><Data Name='SubjectUserSid'>S-1-5-21-4155168598-3527253067-2058671051-1000</Data><Data Name='SubjectUserName'>nikolai.smetannikov</Data><Data Name='SubjectDomainName'>NIKOLAISMETBD82</Data><Data Name='SubjectLogonId'>0x12f7f3</Data><Data Name='CallerProcessId'>0x1288</Data><Data Name='CallerProcessName'>C:\Windows\System32\wbem\WmiPrvSE.exe</Data></EventData></Event><Event xmlns='http://schemas.microsoft.com/win/2004/08/events/event'><System><Provider Name='Microsoft-Windows-Security-Auditing' Guid='{54849625-5478-4994-a5ba-3e3b0328c30d}'/><EventID>4798</EventID><Version>0</Version><Level>0</Level><Task>13824</Task><Opcode>0</Opcode><Keywords>0x8020000000000000</Keywords><TimeCreated SystemTime='2025-06-02T16:48:25.9375430Z'/><EventRecordID>1323</EventRecordID><Correlation ActivityID='{189ccb3f-d3de-0002-c0cb-9c18ded3db01}'/><Execution ProcessID='912' ThreadID='992'/><Channel>Security</Channel><Computer>NIKOLAISMETBD82</Computer><Security/></System><EventData><Data Name='TargetUserName'>nikolai.smetannikov</Data><Data Name='TargetDomainName'>NIKOLAISMETBD82</Data><Data Name='TargetSid'>S-1-5-21-4155168598-3527253067-2058671051-1000</Data><Data Name='SubjectUserSid'>S-1-5-21-4155168598-3527253067-2058671051-1000</Data><Data Name='SubjectUserName'>nikolai.smetannikov</Data><Data Name='SubjectDomainName'>NIKOLAISMETBD82</Data><Data Name='SubjectLogonId'>0x12f7f3</Data><Data Name='CallerProcessId'>0x1288</Data><Data Name='CallerProcessName'>C:\Windows\System32\wbem\WmiPrvSE.exe</Data></EventData></Event>