<Event xmlns='http://schemas.microsoft.com/win/2004/08/events/event'><System><Provider Name='Microsoft-Windows-Security-Auditing' Guid='{54849625-5478-4994-a5ba-3e3b0328c30d}'/><EventID>4624</EventID><Version>3</Version><Level>0</Level><Task>12544</Task><Opcode>0</Opcode><Keywords>0x8020000000000000</Keywords><TimeCreated SystemTime='2025-06-03T00:43:52.0867256Z'/><EventRecordID>258</EventRecordID><Correlation ActivityID='{92554509-d420-0001-d045-559220d4db01}'/><Execution ProcessID='916' ThreadID='960'/><Channel>Security</Channel><Computer>NIKOLAI-BSDBOH4</Computer><Security/></System><EventData><Data Name='SubjectUserSid'>S-1-5-18</Data><Data Name='SubjectUserName'>NIKOLAI-BSDBOH4$</Data><Data Name='SubjectDomainName'>WORKGROUP</Data><Data Name='SubjectLogonId'>0x3e7</Data><Data Name='TargetUserSid'>S-1-5-18</Data><Data Name='TargetUserName'>SYSTEM</Data><Data Name='TargetDomainName'>NT AUTHORITY</Data><Data Name='TargetLogonId'>0x3e7</Data><Data Name='LogonType'>5</Data><Data Name='LogonProcessName'>Advapi  </Data><Data Name='AuthenticationPackageName'>Negotiate</Data><Data Name='WorkstationName'>-</Data><Data Name='LogonGuid'>{00000000-0000-0000-0000-000000000000}</Data><Data Name='TransmittedServices'>-</Data><Data Name='LmPackageName'>-</Data><Data Name='KeyLength'>0</Data><Data Name='ProcessId'>0x380</Data><Data Name='ProcessName'>C:\Windows\System32\services.exe</Data><Data Name='IpAddress'>-</Data><Data Name='IpPort'>-</Data><Data Name='ImpersonationLevel'>%%1833</Data><Data Name='RestrictedAdminMode'>-</Data><Data Name='RemoteCredentialGuard'>-</Data><Data Name='TargetOutboundUserName'>-</Data><Data Name='TargetOutboundDomainName'>-</Data><Data Name='VirtualAccount'>%%1843</Data><Data Name='TargetLinkedLogonId'>0x0</Data><Data Name='ElevatedToken'>%%1842</Data></EventData></Event><Event xmlns='http://schemas.microsoft.com/win/2004/08/events/event'><System><Provider Name='Microsoft-Windows-Security-Auditing' Guid='{54849625-5478-4994-a5ba-3e3b0328c30d}'/><EventID>4672</EventID><Version>0</Version><Level>0</Level><Task>12548</Task><Opcode>0</Opcode><Keywords>0x8020000000000000</Keywords><TimeCreated SystemTime='2025-06-03T00:43:51.7138833Z'/><EventRecordID>257</EventRecordID><Correlation ActivityID='{92554509-d420-0001-d045-559220d4db01}'/><Execution ProcessID='916' ThreadID='960'/><Channel>Security</Channel><Computer>NIKOLAI-BSDBOH4</Computer><Security/></System><EventData><Data Name='SubjectUserSid'>S-1-5-90-0-1</Data><Data Name='SubjectUserName'>DWM-1</Data><Data Name='SubjectDomainName'>Window Manager</Data><Data Name='SubjectLogonId'>0xdb0f</Data><Data Name='PrivilegeList'>SeAssignPrimaryTokenPrivilege
			SeAuditPrivilege</Data></EventData></Event><Event xmlns='http://schemas.microsoft.com/win/2004/08/events/event'><System><Provider Name='Microsoft-Windows-Security-Auditing' Guid='{54849625-5478-4994-a5ba-3e3b0328c30d}'/><EventID>4672</EventID><Version>0</Version><Level>0</Level><Task>12548</Task><Opcode>0</Opcode><Keywords>0x8020000000000000</Keywords><TimeCreated SystemTime='2025-06-03T00:43:51.7138813Z'/><EventRecordID>256</EventRecordID><Correlation ActivityID='{92554509-d420-0001-d045-559220d4db01}'/><Execution ProcessID='916' ThreadID='960'/><Channel>Security</Channel><Computer>NIKOLAI-BSDBOH4</Computer><Security/></System><EventData><Data Name='SubjectUserSid'>S-1-5-90-0-1</Data><Data Name='SubjectUserName'>DWM-1</Data><Data Name='SubjectDomainName'>Window Manager</Data><Data Name='SubjectLogonId'>0xdaec</Data><Data Name='PrivilegeList'>SeAssignPrimaryTokenPrivilege
			SeAuditPrivilege
			SeImpersonatePrivilege</Data></EventData></Event><Event xmlns='http://schemas.microsoft.com/win/2004/08/events/event'><System><Provider Name='Microsoft-Windows-Security-Auditing' Guid='{54849625-5478-4994-a5ba-3e3b0328c30d}'/><EventID>4624</EventID><Version>3</Version><Level>0</Level><Task>12544</Task><Opcode>0</Opcode><Keywords>0x8020000000000000</Keywords><TimeCreated SystemTime='2025-06-03T00:43:51.7138751Z'/><EventRecordID>255</EventRecordID><Correlation ActivityID='{92554509-d420-0001-d045-559220d4db01}'/><Execution ProcessID='916' ThreadID='960'/><Channel>Security</Channel><Computer>NIKOLAI-BSDBOH4</Computer><Security/></System><EventData><Data Name='SubjectUserSid'>S-1-5-18</Data><Data Name='SubjectUserName'>NIKOLAI-BSDBOH4$</Data><Data Name='SubjectDomainName'>WORKGROUP</Data><Data Name='SubjectLogonId'>0x3e7</Data><Data Name='TargetUserSid'>S-1-5-90-0-1</Data><Data Name='TargetUserName'>DWM-1</Data><Data Name='TargetDomainName'>Window Manager</Data><Data Name='TargetLogonId'>0xdb0f</Data><Data Name='LogonType'>2</Data><Data Name='LogonProcessName'>Advapi  </Data><Data Name='AuthenticationPackageName'>Negotiate</Data><Data Name='WorkstationName'>-</Data><Data Name='LogonGuid'>{00000000-0000-0000-0000-000000000000}</Data><Data Name='TransmittedServices'>-</Data><Data Name='LmPackageName'>-</Data><Data Name='KeyLength'>0</Data><Data Name='ProcessId'>0x32c</Data><Data Name='ProcessName'>C:\Windows\System32\winlogon.exe</Data><Data Name='IpAddress'>-</Data><Data Name='IpPort'>-</Data><Data Name='ImpersonationLevel'>%%1833</Data><Data Name='RestrictedAdminMode'>-</Data><Data Name='RemoteCredentialGuard'>-</Data><Data Name='TargetOutboundUserName'>-</Data><Data Name='TargetOutboundDomainName'>-</Data><Data Name='VirtualAccount'>%%1842</Data><Data Name='TargetLinkedLogonId'>0xdaec</Data><Data Name='ElevatedToken'>%%1843</Data></EventData></Event><Event xmlns='http://schemas.microsoft.com/win/2004/08/events/event'><System><Provider Name='Microsoft-Windows-Security-Auditing' Guid='{54849625-5478-4994-a5ba-3e3b0328c30d}'/><EventID>4624</EventID><Version>3</Version><Level>0</Level><Task>12544</Task><Opcode>0</Opcode><Keywords>0x8020000000000000</Keywords><TimeCreated SystemTime='2025-06-03T00:43:51.7138570Z'/><EventRecordID>254</EventRecordID><Correlation ActivityID='{92554509-d420-0001-d045-559220d4db01}'/><Execution ProcessID='916' ThreadID='960'/><Channel>Security</Channel><Computer>NIKOLAI-BSDBOH4</Computer><Security/></System><EventData><Data Name='SubjectUserSid'>S-1-5-18</Data><Data Name='SubjectUserName'>NIKOLAI-BSDBOH4$</Data><Data Name='SubjectDomainName'>WORKGROUP</Data><Data Name='SubjectLogonId'>0x3e7</Data><Data Name='TargetUserSid'>S-1-5-90-0-1</Data><Data Name='TargetUserName'>DWM-1</Data><Data Name='TargetDomainName'>Window Manager</Data><Data Name='TargetLogonId'>0xdaec</Data><Data Name='LogonType'>2</Data><Data Name='LogonProcessName'>Advapi  </Data><Data Name='AuthenticationPackageName'>Negotiate</Data><Data Name='WorkstationName'>-</Data><Data Name='LogonGuid'>{00000000-0000-0000-0000-000000000000}</Data><Data Name='TransmittedServices'>-</Data><Data Name='LmPackageName'>-</Data><Data Name='KeyLength'>0</Data><Data Name='ProcessId'>0x32c</Data><Data Name='ProcessName'>C:\Windows\System32\winlogon.exe</Data><Data Name='IpAddress'>-</Data><Data Name='IpPort'>-</Data><Data Name='ImpersonationLevel'>%%1833</Data><Data Name='RestrictedAdminMode'>-</Data><Data Name='RemoteCredentialGuard'>-</Data><Data Name='TargetOutboundUserName'>-</Data><Data Name='TargetOutboundDomainName'>-</Data><Data Name='VirtualAccount'>%%1842</Data><Data Name='TargetLinkedLogonId'>0xdb0f</Data><Data Name='ElevatedToken'>%%1842</Data></EventData></Event><Event xmlns='http://schemas.microsoft.com/win/2004/08/events/event'><System><Provider Name='Microsoft-Windows-Security-Auditing' Guid='{54849625-5478-4994-a5ba-3e3b0328c30d}'/><EventID>4648</EventID><Version>0</Version><Level>0</Level><Task>12544</Task><Opcode>0</Opcode><Keywords>0x8020000000000000</Keywords><TimeCreated SystemTime='2025-06-03T00:43:51.7138366Z'/><EventRecordID>253</EventRecordID><Correlation ActivityID='{92554509-d420-0001-d045-559220d4db01}'/><Execution ProcessID='916' ThreadID='960'/><Channel>Security</Channel><Computer>NIKOLAI-BSDBOH4</Computer><Security/></System><EventData><Data Name='SubjectUserSid'>S-1-5-18</Data><Data Name='SubjectUserName'>NIKOLAI-BSDBOH4$</Data><Data Name='SubjectDomainName'>WORKGROUP</Data><Data Name='SubjectLogonId'>0x3e7</Data><Data Name='LogonGuid'>{00000000-0000-0000-0000-000000000000}</Data><Data Name='TargetUserName'>DWM-1</Data><Data Name='TargetDomainName'>Window Manager</Data><Data Name='TargetLogonGuid'>{00000000-0000-0000-0000-000000000000}</Data><Data Name='TargetServerName'>localhost</Data><Data Name='TargetInfo'>localhost</Data><Data Name='ProcessId'>0x32c</Data><Data Name='ProcessName'>C:\Windows\System32\winlogon.exe</Data><Data Name='IpAddress'>-</Data><Data Name='IpPort'>-</Data></EventData></Event><Event xmlns='http://schemas.microsoft.com/win/2004/08/events/event'><System><Provider Name='Microsoft-Windows-Security-Auditing' Guid='{54849625-5478-4994-a5ba-3e3b0328c30d}'/><EventID>4672</EventID><Version>0</Version><Level>0</Level><Task>12548</Task><Opcode>0</Opcode><Keywords>0x8020000000000000</Keywords><TimeCreated SystemTime='2025-06-03T00:43:51.7008317Z'/><EventRecordID>252</EventRecordID><Correlation ActivityID='{92554509-d420-0001-d045-559220d4db01}'/><Execution ProcessID='916' ThreadID='972'/><Channel>Security</Channel><Computer>NIKOLAI-BSDBOH4</Computer><Security/></System><EventData><Data Name='SubjectUserSid'>S-1-5-19</Data><Data Name='SubjectUserName'>LOCAL SERVICE</Data><Data Name='SubjectDomainName'>NT AUTHORITY</Data><Data Name='SubjectLogonId'>0x3e5</Data><Data Name='PrivilegeList'>SeAssignPrimaryTokenPrivilege
			SeAuditPrivilege
			SeImpersonatePrivilege</Data></EventData></Event><Event xmlns='http://schemas.microsoft.com/win/2004/08/events/event'><System><Provider Name='Microsoft-Windows-Security-Auditing' Guid='{54849625-5478-4994-a5ba-3e3b0328c30d}'/><EventID>4624</EventID><Version>3</Version><Level>0</Level><Task>12544</Task><Opcode>0</Opcode><Keywords>0x8020000000000000</Keywords><TimeCreated SystemTime='2025-06-03T00:43:51.7008198Z'/><EventRecordID>251</EventRecordID><Correlation ActivityID='{92554509-d420-0001-d045-559220d4db01}'/><Execution ProcessID='916' ThreadID='972'/><Channel>Security</Channel><Computer>NIKOLAI-BSDBOH4</Computer><Security/></System><EventData><Data Name='SubjectUserSid'>S-1-5-18</Data><Data Name='SubjectUserName'>NIKOLAI-BSDBOH4$</Data><Data Name='SubjectDomainName'>WORKGROUP</Data><Data Name='SubjectLogonId'>0x3e7</Data><Data Name='TargetUserSid'>S-1-5-19</Data><Data Name='TargetUserName'>LOCAL SERVICE</Data><Data Name='TargetDomainName'>NT AUTHORITY</Data><Data Name='TargetLogonId'>0x3e5</Data><Data Name='LogonType'>5</Data><Data Name='LogonProcessName'>Advapi  </Data><Data Name='AuthenticationPackageName'>Negotiate</Data><Data Name='WorkstationName'>-</Data><Data Name='LogonGuid'>{00000000-0000-0000-0000-000000000000}</Data><Data Name='TransmittedServices'>-</Data><Data Name='LmPackageName'>-</Data><Data Name='KeyLength'>0</Data><Data Name='ProcessId'>0x380</Data><Data Name='ProcessName'>C:\Windows\System32\services.exe</Data><Data Name='IpAddress'>-</Data><Data Name='IpPort'>-</Data><Data Name='ImpersonationLevel'>%%1833</Data><Data Name='RestrictedAdminMode'>-</Data><Data Name='RemoteCredentialGuard'>-</Data><Data Name='TargetOutboundUserName'>-</Data><Data Name='TargetOutboundDomainName'>-</Data><Data Name='VirtualAccount'>%%1843</Data><Data Name='TargetLinkedLogonId'>0x0</Data><Data Name='ElevatedToken'>%%1842</Data></EventData></Event><Event xmlns='http://schemas.microsoft.com/win/2004/08/events/event'><System><Provider Name='Microsoft-Windows-Security-Auditing' Guid='{54849625-5478-4994-a5ba-3e3b0328c30d}'/><EventID>4672</EventID><Version>0</Version><Level>0</Level><Task>12548</Task><Opcode>0</Opcode><Keywords>0x8020000000000000</Keywords><TimeCreated SystemTime='2025-06-03T00:43:51.6585879Z'/><EventRecordID>250</EventRecordID><Correlation ActivityID='{92554509-d420-0001-d045-559220d4db01}'/><Execution ProcessID='916' ThreadID='960'/><Channel>Security</Channel><Computer>NIKOLAI-BSDBOH4</Computer><Security/></System><EventData><Data Name='SubjectUserSid'>S-1-5-18</Data><Data Name='SubjectUserName'>SYSTEM</Data><Data Name='SubjectDomainName'>NT AUTHORITY</Data><Data Name='SubjectLogonId'>0x3e7</Data><Data Name='PrivilegeList'>SeAssignPrimaryTokenPrivilege
			SeTcbPrivilege
			SeSecurityPrivilege
			SeTakeOwnershipPrivilege
			SeLoadDriverPrivilege
			SeBackupPrivilege
			SeRestorePrivilege
			SeDebugPrivilege
			SeAuditPrivilege
			SeSystemEnvironmentPrivilege
			SeImpersonatePrivilege
			SeDelegateSessionUserImpersonatePrivilege</Data></EventData></Event><Event xmlns='http://schemas.microsoft.com/win/2004/08/events/event'><System><Provider Name='Microsoft-Windows-Security-Auditing' Guid='{54849625-5478-4994-a5ba-3e3b0328c30d}'/><EventID>4624</EventID><Version>3</Version><Level>0</Level><Task>12544</Task><Opcode>0</Opcode><Keywords>0x8020000000000000</Keywords><TimeCreated SystemTime='2025-06-03T00:43:51.6585806Z'/><EventRecordID>249</EventRecordID><Correlation ActivityID='{92554509-d420-0001-d045-559220d4db01}'/><Execution ProcessID='916' ThreadID='960'/><Channel>Security</Channel><Computer>NIKOLAI-BSDBOH4</Computer><Security/></System><EventData><Data Name='SubjectUserSid'>S-1-5-18</Data><Data Name='SubjectUserName'>NIKOLAI-BSDBOH4$</Data><Data Name='SubjectDomainName'>WORKGROUP</Data><Data Name='SubjectLogonId'>0x3e7</Data><Data Name='TargetUserSid'>S-1-5-18</Data><Data Name='TargetUserName'>SYSTEM</Data><Data Name='TargetDomainName'>NT AUTHORITY</Data><Data Name='TargetLogonId'>0x3e7</Data><Data Name='LogonType'>5</Data><Data Name='LogonProcessName'>Advapi  </Data><Data Name='AuthenticationPackageName'>Negotiate</Data><Data Name='WorkstationName'>-</Data><Data Name='LogonGuid'>{00000000-0000-0000-0000-000000000000}</Data><Data Name='TransmittedServices'>-</Data><Data Name='LmPackageName'>-</Data><Data Name='KeyLength'>0</Data><Data Name='ProcessId'>0x380</Data><Data Name='ProcessName'>C:\Windows\System32\services.exe</Data><Data Name='IpAddress'>-</Data><Data Name='IpPort'>-</Data><Data Name='ImpersonationLevel'>%%1833</Data><Data Name='RestrictedAdminMode'>-</Data><Data Name='RemoteCredentialGuard'>-</Data><Data Name='TargetOutboundUserName'>-</Data><Data Name='TargetOutboundDomainName'>-</Data><Data Name='VirtualAccount'>%%1843</Data><Data Name='TargetLinkedLogonId'>0x0</Data><Data Name='ElevatedToken'>%%1842</Data></EventData></Event><Event xmlns='http://schemas.microsoft.com/win/2004/08/events/event'><System><Provider Name='Microsoft-Windows-Security-Auditing' Guid='{54849625-5478-4994-a5ba-3e3b0328c30d}'/><EventID>4672</EventID><Version>0</Version><Level>0</Level><Task>12548</Task><Opcode>0</Opcode><Keywords>0x8020000000000000</Keywords><TimeCreated SystemTime='2025-06-03T00:43:51.6446684Z'/><EventRecordID>248</EventRecordID><Correlation ActivityID='{92554509-d420-0001-d045-559220d4db01}'/><Execution ProcessID='916' ThreadID='960'/><Channel>Security</Channel><Computer>NIKOLAI-BSDBOH4</Computer><Security/></System><EventData><Data Name='SubjectUserSid'>S-1-5-18</Data><Data Name='SubjectUserName'>SYSTEM</Data><Data Name='SubjectDomainName'>NT AUTHORITY</Data><Data Name='SubjectLogonId'>0x3e7</Data><Data Name='PrivilegeList'>SeAssignPrimaryTokenPrivilege
			SeTcbPrivilege
			SeSecurityPrivilege
			SeTakeOwnershipPrivilege
			SeLoadDriverPrivilege
			SeBackupPrivilege
			SeRestorePrivilege
			SeDebugPrivilege
			SeAuditPrivilege
			SeSystemEnvironmentPrivilege
			SeImpersonatePrivilege
			SeDelegateSessionUserImpersonatePrivilege</Data></EventData></Event><Event xmlns='http://schemas.microsoft.com/win/2004/08/events/event'><System><Provider Name='Microsoft-Windows-Security-Auditing' Guid='{54849625-5478-4994-a5ba-3e3b0328c30d}'/><EventID>4624</EventID><Version>3</Version><Level>0</Level><Task>12544</Task><Opcode>0</Opcode><Keywords>0x8020000000000000</Keywords><TimeCreated SystemTime='2025-06-03T00:43:51.6446611Z'/><EventRecordID>247</EventRecordID><Correlation ActivityID='{92554509-d420-0001-d045-559220d4db01}'/><Execution ProcessID='916' ThreadID='960'/><Channel>Security</Channel><Computer>NIKOLAI-BSDBOH4</Computer><Security/></System><EventData><Data Name='SubjectUserSid'>S-1-5-18</Data><Data Name='SubjectUserName'>NIKOLAI-BSDBOH4$</Data><Data Name='SubjectDomainName'>WORKGROUP</Data><Data Name='SubjectLogonId'>0x3e7</Data><Data Name='TargetUserSid'>S-1-5-18</Data><Data Name='TargetUserName'>SYSTEM</Data><Data Name='TargetDomainName'>NT AUTHORITY</Data><Data Name='TargetLogonId'>0x3e7</Data><Data Name='LogonType'>5</Data><Data Name='LogonProcessName'>Advapi  </Data><Data Name='AuthenticationPackageName'>Negotiate</Data><Data Name='WorkstationName'>-</Data><Data Name='LogonGuid'>{00000000-0000-0000-0000-000000000000}</Data><Data Name='TransmittedServices'>-</Data><Data Name='LmPackageName'>-</Data><Data Name='KeyLength'>0</Data><Data Name='ProcessId'>0x380</Data><Data Name='ProcessName'>C:\Windows\System32\services.exe</Data><Data Name='IpAddress'>-</Data><Data Name='IpPort'>-</Data><Data Name='ImpersonationLevel'>%%1833</Data><Data Name='RestrictedAdminMode'>-</Data><Data Name='RemoteCredentialGuard'>-</Data><Data Name='TargetOutboundUserName'>-</Data><Data Name='TargetOutboundDomainName'>-</Data><Data Name='VirtualAccount'>%%1843</Data><Data Name='TargetLinkedLogonId'>0x0</Data><Data Name='ElevatedToken'>%%1842</Data></EventData></Event><Event xmlns='http://schemas.microsoft.com/win/2004/08/events/event'><System><Provider Name='Microsoft-Windows-Security-Auditing' Guid='{54849625-5478-4994-a5ba-3e3b0328c30d}'/><EventID>4672</EventID><Version>0</Version><Level>0</Level><Task>12548</Task><Opcode>0</Opcode><Keywords>0x8020000000000000</Keywords><TimeCreated SystemTime='2025-06-03T00:43:51.4001102Z'/><EventRecordID>246</EventRecordID><Correlation ActivityID='{92554509-d420-0001-d045-559220d4db01}'/><Execution ProcessID='916' ThreadID='972'/><Channel>Security</Channel><Computer>NIKOLAI-BSDBOH4</Computer><Security/></System><EventData><Data Name='SubjectUserSid'>S-1-5-18</Data><Data Name='SubjectUserName'>SYSTEM</Data><Data Name='SubjectDomainName'>NT AUTHORITY</Data><Data Name='SubjectLogonId'>0x3e7</Data><Data Name='PrivilegeList'>SeAssignPrimaryTokenPrivilege
			SeTcbPrivilege
			SeSecurityPrivilege
			SeTakeOwnershipPrivilege
			SeLoadDriverPrivilege
			SeBackupPrivilege
			SeRestorePrivilege
			SeDebugPrivilege
			SeAuditPrivilege
			SeSystemEnvironmentPrivilege
			SeImpersonatePrivilege
			SeDelegateSessionUserImpersonatePrivilege</Data></EventData></Event><Event xmlns='http://schemas.microsoft.com/win/2004/08/events/event'><System><Provider Name='Microsoft-Windows-Security-Auditing' Guid='{54849625-5478-4994-a5ba-3e3b0328c30d}'/><EventID>4624</EventID><Version>3</Version><Level>0</Level><Task>12544</Task><Opcode>0</Opcode><Keywords>0x8020000000000000</Keywords><TimeCreated SystemTime='2025-06-03T00:43:51.4000906Z'/><EventRecordID>245</EventRecordID><Correlation ActivityID='{92554509-d420-0001-d045-559220d4db01}'/><Execution ProcessID='916' ThreadID='972'/><Channel>Security</Channel><Computer>NIKOLAI-BSDBOH4</Computer><Security/></System><EventData><Data Name='SubjectUserSid'>S-1-5-18</Data><Data Name='SubjectUserName'>NIKOLAI-BSDBOH4$</Data><Data Name='SubjectDomainName'>WORKGROUP</Data><Data Name='SubjectLogonId'>0x3e7</Data><Data Name='TargetUserSid'>S-1-5-18</Data><Data Name='TargetUserName'>SYSTEM</Data><Data Name='TargetDomainName'>NT AUTHORITY</Data><Data Name='TargetLogonId'>0x3e7</Data><Data Name='LogonType'>5</Data><Data Name='LogonProcessName'>Advapi  </Data><Data Name='AuthenticationPackageName'>Negotiate</Data><Data Name='WorkstationName'>-</Data><Data Name='LogonGuid'>{00000000-0000-0000-0000-000000000000}</Data><Data Name='TransmittedServices'>-</Data><Data Name='LmPackageName'>-</Data><Data Name='KeyLength'>0</Data><Data Name='ProcessId'>0x380</Data><Data Name='ProcessName'>C:\Windows\System32\services.exe</Data><Data Name='IpAddress'>-</Data><Data Name='IpPort'>-</Data><Data Name='ImpersonationLevel'>%%1833</Data><Data Name='RestrictedAdminMode'>-</Data><Data Name='RemoteCredentialGuard'>-</Data><Data Name='TargetOutboundUserName'>-</Data><Data Name='TargetOutboundDomainName'>-</Data><Data Name='VirtualAccount'>%%1843</Data><Data Name='TargetLinkedLogonId'>0x0</Data><Data Name='ElevatedToken'>%%1842</Data></EventData></Event><Event xmlns='http://schemas.microsoft.com/win/2004/08/events/event'><System><Provider Name='Microsoft-Windows-Security-Auditing' Guid='{54849625-5478-4994-a5ba-3e3b0328c30d}'/><EventID>4672</EventID><Version>0</Version><Level>0</Level><Task>12548</Task><Opcode>0</Opcode><Keywords>0x8020000000000000</Keywords><TimeCreated SystemTime='2025-06-03T00:43:51.3367155Z'/><EventRecordID>244</EventRecordID><Correlation ActivityID='{92554509-d420-0001-d045-559220d4db01}'/><Execution ProcessID='916' ThreadID='560'/><Channel>Security</Channel><Computer>NIKOLAI-BSDBOH4</Computer><Security/></System><EventData><Data Name='SubjectUserSid'>S-1-5-20</Data><Data Name='SubjectUserName'>NETWORK SERVICE</Data><Data Name='SubjectDomainName'>NT AUTHORITY</Data><Data Name='SubjectLogonId'>0x3e4</Data><Data Name='PrivilegeList'>SeAssignPrimaryTokenPrivilege
			SeAuditPrivilege
			SeImpersonatePrivilege</Data></EventData></Event><Event xmlns='http://schemas.microsoft.com/win/2004/08/events/event'><System><Provider Name='Microsoft-Windows-Security-Auditing' Guid='{54849625-5478-4994-a5ba-3e3b0328c30d}'/><EventID>4624</EventID><Version>3</Version><Level>0</Level><Task>12544</Task><Opcode>0</Opcode><Keywords>0x8020000000000000</Keywords><TimeCreated SystemTime='2025-06-03T00:43:51.3367089Z'/><EventRecordID>243</EventRecordID><Correlation ActivityID='{92554509-d420-0001-d045-559220d4db01}'/><Execution ProcessID='916' ThreadID='560'/><Channel>Security</Channel><Computer>NIKOLAI-BSDBOH4</Computer><Security/></System><EventData><Data Name='SubjectUserSid'>S-1-5-18</Data><Data Name='SubjectUserName'>NIKOLAI-BSDBOH4$</Data><Data Name='SubjectDomainName'>WORKGROUP</Data><Data Name='SubjectLogonId'>0x3e7</Data><Data Name='TargetUserSid'>S-1-5-20</Data><Data Name='TargetUserName'>NETWORK SERVICE</Data><Data Name='TargetDomainName'>NT AUTHORITY</Data><Data Name='TargetLogonId'>0x3e4</Data><Data Name='LogonType'>5</Data><Data Name='LogonProcessName'>Advapi  </Data><Data Name='AuthenticationPackageName'>Negotiate</Data><Data Name='WorkstationName'>-</Data><Data Name='LogonGuid'>{00000000-0000-0000-0000-000000000000}</Data><Data Name='TransmittedServices'>-</Data><Data Name='LmPackageName'>-</Data><Data Name='KeyLength'>0</Data><Data Name='ProcessId'>0x380</Data><Data Name='ProcessName'>C:\Windows\System32\services.exe</Data><Data Name='IpAddress'>-</Data><Data Name='IpPort'>-</Data><Data Name='ImpersonationLevel'>%%1833</Data><Data Name='RestrictedAdminMode'>-</Data><Data Name='RemoteCredentialGuard'>-</Data><Data Name='TargetOutboundUserName'>-</Data><Data Name='TargetOutboundDomainName'>-</Data><Data Name='VirtualAccount'>%%1843</Data><Data Name='TargetLinkedLogonId'>0x0</Data><Data Name='ElevatedToken'>%%1842</Data></EventData></Event><Event xmlns='http://schemas.microsoft.com/win/2004/08/events/event'><System><Provider Name='Microsoft-Windows-Security-Auditing' Guid='{54849625-5478-4994-a5ba-3e3b0328c30d}'/><EventID>4634</EventID><Version>0</Version><Level>0</Level><Task>12545</Task><Opcode>0</Opcode><Keywords>0x8020000000000000</Keywords><TimeCreated SystemTime='2025-06-03T00:43:51.2718604Z'/><EventRecordID>242</EventRecordID><Correlation/><Execution ProcessID='916' ThreadID='560'/><Channel>Security</Channel><Computer>NIKOLAI-BSDBOH4</Computer><Security/></System><EventData><Data Name='TargetUserSid'>S-1-5-96-0-1</Data><Data Name='TargetUserName'>UMFD-1</Data><Data Name='TargetDomainName'>Font Driver Host</Data><Data Name='TargetLogonId'>0x7deb</Data><Data Name='LogonType'>2</Data></EventData></Event><Event xmlns='http://schemas.microsoft.com/win/2004/08/events/event'><System><Provider Name='Microsoft-Windows-Security-Auditing' Guid='{54849625-5478-4994-a5ba-3e3b0328c30d}'/><EventID>4634</EventID><Version>0</Version><Level>0</Level><Task>12545</Task><Opcode>0</Opcode><Keywords>0x8020000000000000</Keywords><TimeCreated SystemTime='2025-06-03T00:43:51.2717917Z'/><EventRecordID>241</EventRecordID><Correlation/><Execution ProcessID='916' ThreadID='960'/><Channel>Security</Channel><Computer>NIKOLAI-BSDBOH4</Computer><Security/></System><EventData><Data Name='TargetUserSid'>S-1-5-96-0-0</Data><Data Name='TargetUserName'>UMFD-0</Data><Data Name='TargetDomainName'>Font Driver Host</Data><Data Name='TargetLogonId'>0x7e02</Data><Data Name='LogonType'>2</Data></EventData></Event><Event xmlns='http://schemas.microsoft.com/win/2004/08/events/event'><System><Provider Name='Microsoft-Windows-Security-Auditing' Guid='{54849625-5478-4994-a5ba-3e3b0328c30d}'/><EventID>4624</EventID><Version>3</Version><Level>0</Level><Task>12544</Task><Opcode>0</Opcode><Keywords>0x8020000000000000</Keywords><TimeCreated SystemTime='2025-06-03T00:43:51.2135690Z'/><EventRecordID>240</EventRecordID><Correlation ActivityID='{92554509-d420-0001-d045-559220d4db01}'/><Execution ProcessID='916' ThreadID='560'/><Channel>Security</Channel><Computer>NIKOLAI-BSDBOH4</Computer><Security/></System><EventData><Data Name='SubjectUserSid'>S-1-5-18</Data><Data Name='SubjectUserName'>NIKOLAI-BSDBOH4$</Data><Data Name='SubjectDomainName'>WORKGROUP</Data><Data Name='SubjectLogonId'>0x3e7</Data><Data Name='TargetUserSid'>S-1-5-96-0-0</Data><Data Name='TargetUserName'>UMFD-0</Data><Data Name='TargetDomainName'>Font Driver Host</Data><Data Name='TargetLogonId'>0x7e02</Data><Data Name='LogonType'>2</Data><Data Name='LogonProcessName'>Advapi  </Data><Data Name='AuthenticationPackageName'>Negotiate</Data><Data Name='WorkstationName'>-</Data><Data Name='LogonGuid'>{00000000-0000-0000-0000-000000000000}</Data><Data Name='TransmittedServices'>-</Data><Data Name='LmPackageName'>-</Data><Data Name='KeyLength'>0</Data><Data Name='ProcessId'>0x2e8</Data><Data Name='ProcessName'>C:\Windows\System32\wininit.exe</Data><Data Name='IpAddress'>-</Data><Data Name='IpPort'>-</Data><Data Name='ImpersonationLevel'>%%1833</Data><Data Name='RestrictedAdminMode'>-</Data><Data Name='RemoteCredentialGuard'>-</Data><Data Name='TargetOutboundUserName'>-</Data><Data Name='TargetOutboundDomainName'>-</Data><Data Name='VirtualAccount'>%%1842</Data><Data Name='TargetLinkedLogonId'>0x0</Data><Data Name='ElevatedToken'>%%1843</Data></EventData></Event><Event xmlns='http://schemas.microsoft.com/win/2004/08/events/event'><System><Provider Name='Microsoft-Windows-Security-Auditing' Guid='{54849625-5478-4994-a5ba-3e3b0328c30d}'/><EventID>4624</EventID><Version>3</Version><Level>0</Level><Task>12544</Task><Opcode>0</Opcode><Keywords>0x8020000000000000</Keywords><TimeCreated SystemTime='2025-06-03T00:43:51.2135374Z'/><EventRecordID>239</EventRecordID><Correlation ActivityID='{92554509-d420-0001-d045-559220d4db01}'/><Execution ProcessID='916' ThreadID='960'/><Channel>Security</Channel><Computer>NIKOLAI-BSDBOH4</Computer><Security/></System><EventData><Data Name='SubjectUserSid'>S-1-5-18</Data><Data Name='SubjectUserName'>NIKOLAI-BSDBOH4$</Data><Data Name='SubjectDomainName'>WORKGROUP</Data><Data Name='SubjectLogonId'>0x3e7</Data><Data Name='TargetUserSid'>S-1-5-96-0-1</Data><Data Name='TargetUserName'>UMFD-1</Data><Data Name='TargetDomainName'>Font Driver Host</Data><Data Name='TargetLogonId'>0x7deb</Data><Data Name='LogonType'>2</Data><Data Name='LogonProcessName'>Advapi  </Data><Data Name='AuthenticationPackageName'>Negotiate</Data><Data Name='WorkstationName'>-</Data><Data Name='LogonGuid'>{00000000-0000-0000-0000-000000000000}</Data><Data Name='TransmittedServices'>-</Data><Data Name='LmPackageName'>-</Data><Data Name='KeyLength'>0</Data><Data Name='ProcessId'>0x32c</Data><Data Name='ProcessName'>C:\Windows\System32\winlogon.exe</Data><Data Name='IpAddress'>-</Data><Data Name='IpPort'>-</Data><Data Name='ImpersonationLevel'>%%1833</Data><Data Name='RestrictedAdminMode'>-</Data><Data Name='RemoteCredentialGuard'>-</Data><Data Name='TargetOutboundUserName'>-</Data><Data Name='TargetOutboundDomainName'>-</Data><Data Name='VirtualAccount'>%%1842</Data><Data Name='TargetLinkedLogonId'>0x0</Data><Data Name='ElevatedToken'>%%1843</Data></EventData></Event><Event xmlns='http://schemas.microsoft.com/win/2004/08/events/event'><System><Provider Name='Microsoft-Windows-Security-Auditing' Guid='{54849625-5478-4994-a5ba-3e3b0328c30d}'/><EventID>4648</EventID><Version>0</Version><Level>0</Level><Task>12544</Task><Opcode>0</Opcode><Keywords>0x8020000000000000</Keywords><TimeCreated SystemTime='2025-06-03T00:43:51.2135340Z'/><EventRecordID>238</EventRecordID><Correlation ActivityID='{92554509-d420-0001-d045-559220d4db01}'/><Execution ProcessID='916' ThreadID='560'/><Channel>Security</Channel><Computer>NIKOLAI-BSDBOH4</Computer><Security/></System><EventData><Data Name='SubjectUserSid'>S-1-5-18</Data><Data Name='SubjectUserName'>NIKOLAI-BSDBOH4$</Data><Data Name='SubjectDomainName'>WORKGROUP</Data><Data Name='SubjectLogonId'>0x3e7</Data><Data Name='LogonGuid'>{00000000-0000-0000-0000-000000000000}</Data><Data Name='TargetUserName'>UMFD-0</Data><Data Name='TargetDomainName'>Font Driver Host</Data><Data Name='TargetLogonGuid'>{00000000-0000-0000-0000-000000000000}</Data><Data Name='TargetServerName'>localhost</Data><Data Name='TargetInfo'>localhost</Data><Data Name='ProcessId'>0x2e8</Data><Data Name='ProcessName'>C:\Windows\System32\wininit.exe</Data><Data Name='IpAddress'>-</Data><Data Name='IpPort'>-</Data></EventData></Event><Event xmlns='http://schemas.microsoft.com/win/2004/08/events/event'><System><Provider Name='Microsoft-Windows-Security-Auditing' Guid='{54849625-5478-4994-a5ba-3e3b0328c30d}'/><EventID>4648</EventID><Version>0</Version><Level>0</Level><Task>12544</Task><Opcode>0</Opcode><Keywords>0x8020000000000000</Keywords><TimeCreated SystemTime='2025-06-03T00:43:51.2135063Z'/><EventRecordID>237</EventRecordID><Correlation ActivityID='{92554509-d420-0001-d045-559220d4db01}'/><Execution ProcessID='916' ThreadID='960'/><Channel>Security</Channel><Computer>NIKOLAI-BSDBOH4</Computer><Security/></System><EventData><Data Name='SubjectUserSid'>S-1-5-18</Data><Data Name='SubjectUserName'>NIKOLAI-BSDBOH4$</Data><Data Name='SubjectDomainName'>WORKGROUP</Data><Data Name='SubjectLogonId'>0x3e7</Data><Data Name='LogonGuid'>{00000000-0000-0000-0000-000000000000}</Data><Data Name='TargetUserName'>UMFD-1</Data><Data Name='TargetDomainName'>Font Driver Host</Data><Data Name='TargetLogonGuid'>{00000000-0000-0000-0000-000000000000}</Data><Data Name='TargetServerName'>localhost</Data><Data Name='TargetInfo'>localhost</Data><Data Name='ProcessId'>0x32c</Data><Data Name='ProcessName'>C:\Windows\System32\winlogon.exe</Data><Data Name='IpAddress'>-</Data><Data Name='IpPort'>-</Data></EventData></Event><Event xmlns='http://schemas.microsoft.com/win/2004/08/events/event'><System><Provider Name='Microsoft-Windows-Security-Auditing' Guid='{54849625-5478-4994-a5ba-3e3b0328c30d}'/><EventID>4672</EventID><Version>0</Version><Level>0</Level><Task>12548</Task><Opcode>0</Opcode><Keywords>0x8020000000000000</Keywords><TimeCreated SystemTime='2025-06-03T00:43:51.2134546Z'/><EventRecordID>236</EventRecordID><Correlation ActivityID='{92554509-d420-0001-d045-559220d4db01}'/><Execution ProcessID='916' ThreadID='1020'/><Channel>Security</Channel><Computer>NIKOLAI-BSDBOH4</Computer><Security/></System><EventData><Data Name='SubjectUserSid'>S-1-5-18</Data><Data Name='SubjectUserName'>SYSTEM</Data><Data Name='SubjectDomainName'>NT AUTHORITY</Data><Data Name='SubjectLogonId'>0x3e7</Data><Data Name='PrivilegeList'>SeAssignPrimaryTokenPrivilege
			SeTcbPrivilege
			SeSecurityPrivilege
			SeTakeOwnershipPrivilege
			SeLoadDriverPrivilege
			SeBackupPrivilege
			SeRestorePrivilege
			SeDebugPrivilege
			SeAuditPrivilege
			SeSystemEnvironmentPrivilege
			SeImpersonatePrivilege
			SeDelegateSessionUserImpersonatePrivilege</Data></EventData></Event><Event xmlns='http://schemas.microsoft.com/win/2004/08/events/event'><System><Provider Name='Microsoft-Windows-Security-Auditing' Guid='{54849625-5478-4994-a5ba-3e3b0328c30d}'/><EventID>4624</EventID><Version>3</Version><Level>0</Level><Task>12544</Task><Opcode>0</Opcode><Keywords>0x8020000000000000</Keywords><TimeCreated SystemTime='2025-06-03T00:43:51.2134343Z'/><EventRecordID>235</EventRecordID><Correlation ActivityID='{92554509-d420-0001-d045-559220d4db01}'/><Execution ProcessID='916' ThreadID='1020'/><Channel>Security</Channel><Computer>NIKOLAI-BSDBOH4</Computer><Security/></System><EventData><Data Name='SubjectUserSid'>S-1-5-18</Data><Data Name='SubjectUserName'>NIKOLAI-BSDBOH4$</Data><Data Name='SubjectDomainName'>WORKGROUP</Data><Data Name='SubjectLogonId'>0x3e7</Data><Data Name='TargetUserSid'>S-1-5-18</Data><Data Name='TargetUserName'>SYSTEM</Data><Data Name='TargetDomainName'>NT AUTHORITY</Data><Data Name='TargetLogonId'>0x3e7</Data><Data Name='LogonType'>5</Data><Data Name='LogonProcessName'>Advapi  </Data><Data Name='AuthenticationPackageName'>Negotiate</Data><Data Name='WorkstationName'>-</Data><Data Name='LogonGuid'>{00000000-0000-0000-0000-000000000000}</Data><Data Name='TransmittedServices'>-</Data><Data Name='LmPackageName'>-</Data><Data Name='KeyLength'>0</Data><Data Name='ProcessId'>0x380</Data><Data Name='ProcessName'>C:\Windows\System32\services.exe</Data><Data Name='IpAddress'>-</Data><Data Name='IpPort'>-</Data><Data Name='ImpersonationLevel'>%%1833</Data><Data Name='RestrictedAdminMode'>-</Data><Data Name='RemoteCredentialGuard'>-</Data><Data Name='TargetOutboundUserName'>-</Data><Data Name='TargetOutboundDomainName'>-</Data><Data Name='VirtualAccount'>%%1843</Data><Data Name='TargetLinkedLogonId'>0x0</Data><Data Name='ElevatedToken'>%%1842</Data></EventData></Event><Event xmlns='http://schemas.microsoft.com/win/2004/08/events/event'><System><Provider Name='Microsoft-Windows-Security-Auditing' Guid='{54849625-5478-4994-a5ba-3e3b0328c30d}'/><EventID>4902</EventID><Version>0</Version><Level>0</Level><Task>13568</Task><Opcode>0</Opcode><Keywords>0x8020000000000000</Keywords><TimeCreated SystemTime='2025-06-03T00:43:51.1638278Z'/><EventRecordID>234</EventRecordID><Correlation/><Execution ProcessID='916' ThreadID='976'/><Channel>Security</Channel><Computer>NIKOLAI-BSDBOH4</Computer><Security/></System><EventData><Data Name='PuaCount'>0</Data><Data Name='PuaPolicyId'>0x79bb</Data></EventData></Event><Event xmlns='http://schemas.microsoft.com/win/2004/08/events/event'><System><Provider Name='Microsoft-Windows-Security-Auditing' Guid='{54849625-5478-4994-a5ba-3e3b0328c30d}'/><EventID>4624</EventID><Version>3</Version><Level>0</Level><Task>12544</Task><Opcode>0</Opcode><Keywords>0x8020000000000000</Keywords><TimeCreated SystemTime='2025-06-03T00:43:50.9857367Z'/><EventRecordID>233</EventRecordID><Correlation/><Execution ProcessID='916' ThreadID='920'/><Channel>Security</Channel><Computer>NIKOLAI-BSDBOH4</Computer><Security/></System><EventData><Data Name='SubjectUserSid'>S-1-0-0</Data><Data Name='SubjectUserName'>-</Data><Data Name='SubjectDomainName'>-</Data><Data Name='SubjectLogonId'>0x0</Data><Data Name='TargetUserSid'>S-1-5-18</Data><Data Name='TargetUserName'>SYSTEM</Data><Data Name='TargetDomainName'>NT AUTHORITY</Data><Data Name='TargetLogonId'>0x3e7</Data><Data Name='LogonType'>0</Data><Data Name='LogonProcessName'>-</Data><Data Name='AuthenticationPackageName'>-</Data><Data Name='WorkstationName'>-</Data><Data Name='LogonGuid'>{00000000-0000-0000-0000-000000000000}</Data><Data Name='TransmittedServices'>-</Data><Data Name='LmPackageName'>-</Data><Data Name='KeyLength'>0</Data><Data Name='ProcessId'>0x4</Data><Data Name='ProcessName'></Data><Data Name='IpAddress'>-</Data><Data Name='IpPort'>-</Data><Data Name='ImpersonationLevel'>-</Data><Data Name='RestrictedAdminMode'>-</Data><Data Name='RemoteCredentialGuard'>-</Data><Data Name='TargetOutboundUserName'>-</Data><Data Name='TargetOutboundDomainName'>-</Data><Data Name='VirtualAccount'>%%1843</Data><Data Name='TargetLinkedLogonId'>0x0</Data><Data Name='ElevatedToken'>%%1842</Data></EventData></Event><Event xmlns='http://schemas.microsoft.com/win/2004/08/events/event'><System><Provider Name='Microsoft-Windows-Security-Auditing' Guid='{54849625-5478-4994-a5ba-3e3b0328c30d}'/><EventID>4608</EventID><Version>0</Version><Level>0</Level><Task>12288</Task><Opcode>0</Opcode><Keywords>0x8020000000000000</Keywords><TimeCreated SystemTime='2025-06-03T00:43:50.9798748Z'/><EventRecordID>232</EventRecordID><Correlation/><Execution ProcessID='916' ThreadID='920'/><Channel>Security</Channel><Computer>NIKOLAI-BSDBOH4</Computer><Security/></System><EventData></EventData></Event><Event xmlns='http://schemas.microsoft.com/win/2004/08/events/event'><System><Provider Name='Microsoft-Windows-Security-Auditing' Guid='{54849625-5478-4994-a5ba-3e3b0328c30d}'/><EventID>6417</EventID><Version>0</Version><Level>0</Level><Task>12290</Task><Opcode>0</Opcode><Keywords>0x8020000000000000</Keywords><TimeCreated SystemTime='2025-06-03T00:43:50.9774266Z'/><EventRecordID>231</EventRecordID><Correlation/><Execution ProcessID='4' ThreadID='272'/><Channel>Security</Channel><Computer>NIKOLAI-BSDBOH4</Computer><Security/></System><EventData><Data Name='ProcessId'>0x394</Data><Data Name='ProcessName'>C:\Windows\System32\lsass.exe</Data></EventData></Event><Event xmlns='http://schemas.microsoft.com/win/2004/08/events/event'><System><Provider Name='Microsoft-Windows-Security-Auditing' Guid='{54849625-5478-4994-a5ba-3e3b0328c30d}'/><EventID>4688</EventID><Version>2</Version><Level>0</Level><Task>13312</Task><Opcode>0</Opcode><Keywords>0x8020000000000000</Keywords><TimeCreated SystemTime='2025-06-03T00:43:50.9107366Z'/><EventRecordID>230</EventRecordID><Correlation/><Execution ProcessID='4' ThreadID='272'/><Channel>Security</Channel><Computer>NIKOLAI-BSDBOH4</Computer><Security/></System><EventData><Data Name='SubjectUserSid'>S-1-5-18</Data><Data Name='SubjectUserName'>-</Data><Data Name='SubjectDomainName'>-</Data><Data Name='SubjectLogonId'>0x3e7</Data><Data Name='NewProcessId'>0x394</Data><Data Name='NewProcessName'>C:\Windows\System32\lsass.exe</Data><Data Name='TokenElevationType'>%%1936</Data><Data Name='ProcessId'>0x2e8</Data><Data Name='CommandLine'></Data><Data Name='TargetUserSid'>S-1-0-0</Data><Data Name='TargetUserName'>-</Data><Data Name='TargetDomainName'>-</Data><Data Name='TargetLogonId'>0x0</Data><Data Name='ParentProcessName'>C:\Windows\System32\wininit.exe</Data><Data Name='MandatoryLabel'>S-1-16-16384</Data></EventData></Event><Event xmlns='http://schemas.microsoft.com/win/2004/08/events/event'><System><Provider Name='Microsoft-Windows-Security-Auditing' Guid='{54849625-5478-4994-a5ba-3e3b0328c30d}'/><EventID>4688</EventID><Version>2</Version><Level>0</Level><Task>13312</Task><Opcode>0</Opcode><Keywords>0x8020000000000000</Keywords><TimeCreated SystemTime='2025-06-03T00:43:50.8717843Z'/><EventRecordID>229</EventRecordID><Correlation/><Execution ProcessID='4' ThreadID='272'/><Channel>Security</Channel><Computer>NIKOLAI-BSDBOH4</Computer><Security/></System><EventData><Data Name='SubjectUserSid'>S-1-5-18</Data><Data Name='SubjectUserName'>-</Data><Data Name='SubjectDomainName'>-</Data><Data Name='SubjectLogonId'>0x3e7</Data><Data Name='NewProcessId'>0x380</Data><Data Name='NewProcessName'>C:\Windows\System32\services.exe</Data><Data Name='TokenElevationType'>%%1936</Data><Data Name='ProcessId'>0x2e8</Data><Data Name='CommandLine'></Data><Data Name='TargetUserSid'>S-1-0-0</Data><Data Name='TargetUserName'>-</Data><Data Name='TargetDomainName'>-</Data><Data Name='TargetLogonId'>0x0</Data><Data Name='ParentProcessName'>C:\Windows\System32\wininit.exe</Data><Data Name='MandatoryLabel'>S-1-16-16384</Data></EventData></Event><Event xmlns='http://schemas.microsoft.com/win/2004/08/events/event'><System><Provider Name='Microsoft-Windows-Security-Auditing' Guid='{54849625-5478-4994-a5ba-3e3b0328c30d}'/><EventID>4688</EventID><Version>2</Version><Level>0</Level><Task>13312</Task><Opcode>0</Opcode><Keywords>0x8020000000000000</Keywords><TimeCreated SystemTime='2025-06-03T00:43:50.7899748Z'/><EventRecordID>228</EventRecordID><Correlation/><Execution ProcessID='4' ThreadID='272'/><Channel>Security</Channel><Computer>NIKOLAI-BSDBOH4</Computer><Security/></System><EventData><Data Name='SubjectUserSid'>S-1-5-18</Data><Data Name='SubjectUserName'>-</Data><Data Name='SubjectDomainName'>-</Data><Data Name='SubjectLogonId'>0x3e7</Data><Data Name='NewProcessId'>0x32c</Data><Data Name='NewProcessName'>C:\Windows\System32\winlogon.exe</Data><Data Name='TokenElevationType'>%%1936</Data><Data Name='ProcessId'>0x2e0</Data><Data Name='CommandLine'></Data><Data Name='TargetUserSid'>S-1-0-0</Data><Data Name='TargetUserName'>-</Data><Data Name='TargetDomainName'>-</Data><Data Name='TargetLogonId'>0x0</Data><Data Name='ParentProcessName'>C:\Windows\System32\smss.exe</Data><Data Name='MandatoryLabel'>S-1-16-16384</Data></EventData></Event><Event xmlns='http://schemas.microsoft.com/win/2004/08/events/event'><System><Provider Name='Microsoft-Windows-Security-Auditing' Guid='{54849625-5478-4994-a5ba-3e3b0328c30d}'/><EventID>4688</EventID><Version>2</Version><Level>0</Level><Task>13312</Task><Opcode>0</Opcode><Keywords>0x8020000000000000</Keywords><TimeCreated SystemTime='2025-06-03T00:43:50.7748748Z'/><EventRecordID>227</EventRecordID><Correlation/><Execution ProcessID='4' ThreadID='272'/><Channel>Security</Channel><Computer>NIKOLAI-BSDBOH4</Computer><Security/></System><EventData><Data Name='SubjectUserSid'>S-1-5-18</Data><Data Name='SubjectUserName'>-</Data><Data Name='SubjectDomainName'>-</Data><Data Name='SubjectLogonId'>0x3e7</Data><Data Name='NewProcessId'>0x2f0</Data><Data Name='NewProcessName'>C:\Windows\System32\csrss.exe</Data><Data Name='TokenElevationType'>%%1936</Data><Data Name='ProcessId'>0x2e0</Data><Data Name='CommandLine'></Data><Data Name='TargetUserSid'>S-1-0-0</Data><Data Name='TargetUserName'>-</Data><Data Name='TargetDomainName'>-</Data><Data Name='TargetLogonId'>0x0</Data><Data Name='ParentProcessName'>C:\Windows\System32\smss.exe</Data><Data Name='MandatoryLabel'>S-1-16-16384</Data></EventData></Event><Event xmlns='http://schemas.microsoft.com/win/2004/08/events/event'><System><Provider Name='Microsoft-Windows-Security-Auditing' Guid='{54849625-5478-4994-a5ba-3e3b0328c30d}'/><EventID>4688</EventID><Version>2</Version><Level>0</Level><Task>13312</Task><Opcode>0</Opcode><Keywords>0x8020000000000000</Keywords><TimeCreated SystemTime='2025-06-03T00:43:50.7716628Z'/><EventRecordID>226</EventRecordID><Correlation/><Execution ProcessID='4' ThreadID='272'/><Channel>Security</Channel><Computer>NIKOLAI-BSDBOH4</Computer><Security/></System><EventData><Data Name='SubjectUserSid'>S-1-5-18</Data><Data Name='SubjectUserName'>-</Data><Data Name='SubjectDomainName'>-</Data><Data Name='SubjectLogonId'>0x3e7</Data><Data Name='NewProcessId'>0x2e8</Data><Data Name='NewProcessName'>C:\Windows\System32\wininit.exe</Data><Data Name='TokenElevationType'>%%1936</Data><Data Name='ProcessId'>0x260</Data><Data Name='CommandLine'></Data><Data Name='TargetUserSid'>S-1-0-0</Data><Data Name='TargetUserName'>-</Data><Data Name='TargetDomainName'>-</Data><Data Name='TargetLogonId'>0x0</Data><Data Name='ParentProcessName'>C:\Windows\System32\smss.exe</Data><Data Name='MandatoryLabel'>S-1-16-16384</Data></EventData></Event><Event xmlns='http://schemas.microsoft.com/win/2004/08/events/event'><System><Provider Name='Microsoft-Windows-Security-Auditing' Guid='{54849625-5478-4994-a5ba-3e3b0328c30d}'/><EventID>4688</EventID><Version>2</Version><Level>0</Level><Task>13312</Task><Opcode>0</Opcode><Keywords>0x8020000000000000</Keywords><TimeCreated SystemTime='2025-06-03T00:43:50.7703516Z'/><EventRecordID>225</EventRecordID><Correlation/><Execution ProcessID='4' ThreadID='272'/><Channel>Security</Channel><Computer>NIKOLAI-BSDBOH4</Computer><Security/></System><EventData><Data Name='SubjectUserSid'>S-1-5-18</Data><Data Name='SubjectUserName'>-</Data><Data Name='SubjectDomainName'>-</Data><Data Name='SubjectLogonId'>0x3e7</Data><Data Name='NewProcessId'>0x2e0</Data><Data Name='NewProcessName'>C:\Windows\System32\smss.exe</Data><Data Name='TokenElevationType'>%%1936</Data><Data Name='ProcessId'>0x1c4</Data><Data Name='CommandLine'></Data><Data Name='TargetUserSid'>S-1-0-0</Data><Data Name='TargetUserName'>-</Data><Data Name='TargetDomainName'>-</Data><Data Name='TargetLogonId'>0x0</Data><Data Name='ParentProcessName'>C:\Windows\System32\smss.exe</Data><Data Name='MandatoryLabel'>S-1-16-16384</Data></EventData></Event><Event xmlns='http://schemas.microsoft.com/win/2004/08/events/event'><System><Provider Name='Microsoft-Windows-Security-Auditing' Guid='{54849625-5478-4994-a5ba-3e3b0328c30d}'/><EventID>4688</EventID><Version>2</Version><Level>0</Level><Task>13312</Task><Opcode>0</Opcode><Keywords>0x8020000000000000</Keywords><TimeCreated SystemTime='2025-06-03T00:43:50.6975798Z'/><EventRecordID>224</EventRecordID><Correlation/><Execution ProcessID='4' ThreadID='468'/><Channel>Security</Channel><Computer>NIKOLAI-BSDBOH4</Computer><Security/></System><EventData><Data Name='SubjectUserSid'>S-1-5-18</Data><Data Name='SubjectUserName'>-</Data><Data Name='SubjectDomainName'>-</Data><Data Name='SubjectLogonId'>0x3e7</Data><Data Name='NewProcessId'>0x2a4</Data><Data Name='NewProcessName'>C:\Windows\System32\csrss.exe</Data><Data Name='TokenElevationType'>%%1936</Data><Data Name='ProcessId'>0x260</Data><Data Name='CommandLine'></Data><Data Name='TargetUserSid'>S-1-0-0</Data><Data Name='TargetUserName'>-</Data><Data Name='TargetDomainName'>-</Data><Data Name='TargetLogonId'>0x0</Data><Data Name='ParentProcessName'>C:\Windows\System32\smss.exe</Data><Data Name='MandatoryLabel'>S-1-16-16384</Data></EventData></Event><Event xmlns='http://schemas.microsoft.com/win/2004/08/events/event'><System><Provider Name='Microsoft-Windows-Security-Auditing' Guid='{54849625-5478-4994-a5ba-3e3b0328c30d}'/><EventID>4688</EventID><Version>2</Version><Level>0</Level><Task>13312</Task><Opcode>0</Opcode><Keywords>0x8020000000000000</Keywords><TimeCreated SystemTime='2025-06-03T00:43:50.5296443Z'/><EventRecordID>223</EventRecordID><Correlation/><Execution ProcessID='4' ThreadID='68'/><Channel>Security</Channel><Computer>NIKOLAI-BSDBOH4</Computer><Security/></System><EventData><Data Name='SubjectUserSid'>S-1-5-18</Data><Data Name='SubjectUserName'>-</Data><Data Name='SubjectDomainName'>-</Data><Data Name='SubjectLogonId'>0x3e7</Data><Data Name='NewProcessId'>0x260</Data><Data Name='NewProcessName'>C:\Windows\System32\smss.exe</Data><Data Name='TokenElevationType'>%%1936</Data><Data Name='ProcessId'>0x1c4</Data><Data Name='CommandLine'></Data><Data Name='TargetUserSid'>S-1-0-0</Data><Data Name='TargetUserName'>-</Data><Data Name='TargetDomainName'>-</Data><Data Name='TargetLogonId'>0x0</Data><Data Name='ParentProcessName'>C:\Windows\System32\smss.exe</Data><Data Name='MandatoryLabel'>S-1-16-16384</Data></EventData></Event><Event xmlns='http://schemas.microsoft.com/win/2004/08/events/event'><System><Provider Name='Microsoft-Windows-Security-Auditing' Guid='{54849625-5478-4994-a5ba-3e3b0328c30d}'/><EventID>4688</EventID><Version>2</Version><Level>0</Level><Task>13312</Task><Opcode>0</Opcode><Keywords>0x8020000000000000</Keywords><TimeCreated SystemTime='2025-06-03T00:43:50.4273472Z'/><EventRecordID>222</EventRecordID><Correlation/><Execution ProcessID='4' ThreadID='272'/><Channel>Security</Channel><Computer>NIKOLAI-BSDBOH4</Computer><Security/></System><EventData><Data Name='SubjectUserSid'>S-1-5-18</Data><Data Name='SubjectUserName'>-</Data><Data Name='SubjectDomainName'>-</Data><Data Name='SubjectLogonId'>0x3e7</Data><Data Name='NewProcessId'>0x1ec</Data><Data Name='NewProcessName'>C:\Windows\System32\autochk.exe</Data><Data Name='TokenElevationType'>%%1936</Data><Data Name='ProcessId'>0x1c4</Data><Data Name='CommandLine'></Data><Data Name='TargetUserSid'>S-1-0-0</Data><Data Name='TargetUserName'>-</Data><Data Name='TargetDomainName'>-</Data><Data Name='TargetLogonId'>0x0</Data><Data Name='ParentProcessName'>C:\Windows\System32\smss.exe</Data><Data Name='MandatoryLabel'>S-1-16-16384</Data></EventData></Event><Event xmlns='http://schemas.microsoft.com/win/2004/08/events/event'><System><Provider Name='Microsoft-Windows-Security-Auditing' Guid='{54849625-5478-4994-a5ba-3e3b0328c30d}'/><EventID>4688</EventID><Version>2</Version><Level>0</Level><Task>13312</Task><Opcode>0</Opcode><Keywords>0x8020000000000000</Keywords><TimeCreated SystemTime='2025-06-03T00:43:50.1548167Z'/><EventRecordID>221</EventRecordID><Correlation/><Execution ProcessID='4' ThreadID='392'/><Channel>Security</Channel><Computer>NIKOLAI-BSDBOH4</Computer><Security/></System><EventData><Data Name='SubjectUserSid'>S-1-5-18</Data><Data Name='SubjectUserName'>-</Data><Data Name='SubjectDomainName'>-</Data><Data Name='SubjectLogonId'>0x3e7</Data><Data Name='NewProcessId'>0x1c4</Data><Data Name='NewProcessName'>C:\Windows\System32\smss.exe</Data><Data Name='TokenElevationType'>%%1936</Data><Data Name='ProcessId'>0x4</Data><Data Name='CommandLine'></Data><Data Name='TargetUserSid'>S-1-0-0</Data><Data Name='TargetUserName'>-</Data><Data Name='TargetDomainName'>-</Data><Data Name='TargetLogonId'>0x0</Data><Data Name='ParentProcessName'></Data><Data Name='MandatoryLabel'>S-1-16-16384</Data></EventData></Event>