<Event xmlns='http://schemas.microsoft.com/win/2004/08/events/event'><System><Provider Name='Microsoft-Windows-Security-Auditing' Guid='{54849625-5478-4994-a5ba-3e3b0328c30d}'/><EventID>4735</EventID><Version>0</Version><Level>0</Level><Task>13826</Task><Opcode>0</Opcode><Keywords>0x8020000000000000</Keywords><TimeCreated SystemTime='2025-06-02T16:46:48.8008105Z'/><EventRecordID>404</EventRecordID><Correlation ActivityID='{e8fa5c98-d3dd-0002-0d5d-fae8ddd3db01}'/><Execution ProcessID='916' ThreadID='1004'/><Channel>Security</Channel><Computer>NIKOLAISMETBD82</Computer><Security/></System><EventData><Data Name='TargetUserName'>Backup Operators</Data><Data Name='TargetDomainName'>Builtin</Data><Data Name='TargetSid'>S-1-5-32-551</Data><Data Name='SubjectUserSid'>S-1-5-18</Data><Data Name='SubjectUserName'>NIKOLAISMETBD82$</Data><Data Name='SubjectDomainName'>WORKGROUP</Data><Data Name='SubjectLogonId'>0x3e7</Data><Data Name='PrivilegeList'>-</Data><Data Name='SamAccountName'>-</Data><Data Name='SidHistory'>-</Data></EventData></Event><Event xmlns='http://schemas.microsoft.com/win/2004/08/events/event'><System><Provider Name='Microsoft-Windows-Security-Auditing' Guid='{54849625-5478-4994-a5ba-3e3b0328c30d}'/><EventID>4735</EventID><Version>0</Version><Level>0</Level><Task>13826</Task><Opcode>0</Opcode><Keywords>0x8020000000000000</Keywords><TimeCreated SystemTime='2025-06-02T16:46:48.8006903Z'/><EventRecordID>403</EventRecordID><Correlation ActivityID='{e8fa5c98-d3dd-0002-0d5d-fae8ddd3db01}'/><Execution ProcessID='916' ThreadID='1004'/><Channel>Security</Channel><Computer>NIKOLAISMETBD82</Computer><Security/></System><EventData><Data Name='TargetUserName'>Guests</Data><Data Name='TargetDomainName'>Builtin</Data><Data Name='TargetSid'>S-1-5-32-546</Data><Data Name='SubjectUserSid'>S-1-5-18</Data><Data Name='SubjectUserName'>NIKOLAISMETBD82$</Data><Data Name='SubjectDomainName'>WORKGROUP</Data><Data Name='SubjectLogonId'>0x3e7</Data><Data Name='PrivilegeList'>-</Data><Data Name='SamAccountName'>Guests</Data><Data Name='SidHistory'>-</Data></EventData></Event><Event xmlns='http://schemas.microsoft.com/win/2004/08/events/event'><System><Provider Name='Microsoft-Windows-Security-Auditing' Guid='{54849625-5478-4994-a5ba-3e3b0328c30d}'/><EventID>4781</EventID><Version>0</Version><Level>0</Level><Task>13824</Task><Opcode>0</Opcode><Keywords>0x8020000000000000</Keywords><TimeCreated SystemTime='2025-06-02T16:46:48.8006523Z'/><EventRecordID>402</EventRecordID><Correlation ActivityID='{e8fa5c98-d3dd-0002-0d5d-fae8ddd3db01}'/><Execution ProcessID='916' ThreadID='1004'/><Channel>Security</Channel><Computer>NIKOLAISMETBD82</Computer><Security/></System><EventData><Data Name='OldTargetUserName'>Guests</Data><Data Name='NewTargetUserName'>Guests</Data><Data Name='TargetDomainName'>Builtin</Data><Data Name='TargetSid'>S-1-5-32-546</Data><Data Name='SubjectUserSid'>S-1-5-18</Data><Data Name='SubjectUserName'>NIKOLAISMETBD82$</Data><Data Name='SubjectDomainName'>WORKGROUP</Data><Data Name='SubjectLogonId'>0x3e7</Data><Data Name='PrivilegeList'>-</Data></EventData></Event><Event xmlns='http://schemas.microsoft.com/win/2004/08/events/event'><System><Provider Name='Microsoft-Windows-Security-Auditing' Guid='{54849625-5478-4994-a5ba-3e3b0328c30d}'/><EventID>4735</EventID><Version>0</Version><Level>0</Level><Task>13826</Task><Opcode>0</Opcode><Keywords>0x8020000000000000</Keywords><TimeCreated SystemTime='2025-06-02T16:46:48.8005738Z'/><EventRecordID>401</EventRecordID><Correlation ActivityID='{e8fa5c98-d3dd-0002-0d5d-fae8ddd3db01}'/><Execution ProcessID='916' ThreadID='1004'/><Channel>Security</Channel><Computer>NIKOLAISMETBD82</Computer><Security/></System><EventData><Data Name='TargetUserName'>Guests</Data><Data Name='TargetDomainName'>Builtin</Data><Data Name='TargetSid'>S-1-5-32-546</Data><Data Name='SubjectUserSid'>S-1-5-18</Data><Data Name='SubjectUserName'>NIKOLAISMETBD82$</Data><Data Name='SubjectDomainName'>WORKGROUP</Data><Data Name='SubjectLogonId'>0x3e7</Data><Data Name='PrivilegeList'>-</Data><Data Name='SamAccountName'>-</Data><Data Name='SidHistory'>-</Data></EventData></Event><Event xmlns='http://schemas.microsoft.com/win/2004/08/events/event'><System><Provider Name='Microsoft-Windows-Security-Auditing' Guid='{54849625-5478-4994-a5ba-3e3b0328c30d}'/><EventID>4735</EventID><Version>0</Version><Level>0</Level><Task>13826</Task><Opcode>0</Opcode><Keywords>0x8020000000000000</Keywords><TimeCreated SystemTime='2025-06-02T16:46:48.8004502Z'/><EventRecordID>400</EventRecordID><Correlation ActivityID='{e8fa5c98-d3dd-0002-0d5d-fae8ddd3db01}'/><Execution ProcessID='916' ThreadID='1004'/><Channel>Security</Channel><Computer>NIKOLAISMETBD82</Computer><Security/></System><EventData><Data Name='TargetUserName'>Users</Data><Data Name='TargetDomainName'>Builtin</Data><Data Name='TargetSid'>S-1-5-32-545</Data><Data Name='SubjectUserSid'>S-1-5-18</Data><Data Name='SubjectUserName'>NIKOLAISMETBD82$</Data><Data Name='SubjectDomainName'>WORKGROUP</Data><Data Name='SubjectLogonId'>0x3e7</Data><Data Name='PrivilegeList'>-</Data><Data Name='SamAccountName'>Users</Data><Data Name='SidHistory'>-</Data></EventData></Event><Event xmlns='http://schemas.microsoft.com/win/2004/08/events/event'><System><Provider Name='Microsoft-Windows-Security-Auditing' Guid='{54849625-5478-4994-a5ba-3e3b0328c30d}'/><EventID>4781</EventID><Version>0</Version><Level>0</Level><Task>13824</Task><Opcode>0</Opcode><Keywords>0x8020000000000000</Keywords><TimeCreated SystemTime='2025-06-02T16:46:48.8004371Z'/><EventRecordID>399</EventRecordID><Correlation ActivityID='{e8fa5c98-d3dd-0002-0d5d-fae8ddd3db01}'/><Execution ProcessID='916' ThreadID='1004'/><Channel>Security</Channel><Computer>NIKOLAISMETBD82</Computer><Security/></System><EventData><Data Name='OldTargetUserName'>Users</Data><Data Name='NewTargetUserName'>Users</Data><Data Name='TargetDomainName'>Builtin</Data><Data Name='TargetSid'>S-1-5-32-545</Data><Data Name='SubjectUserSid'>S-1-5-18</Data><Data Name='SubjectUserName'>NIKOLAISMETBD82$</Data><Data Name='SubjectDomainName'>WORKGROUP</Data><Data Name='SubjectLogonId'>0x3e7</Data><Data Name='PrivilegeList'>-</Data></EventData></Event><Event xmlns='http://schemas.microsoft.com/win/2004/08/events/event'><System><Provider Name='Microsoft-Windows-Security-Auditing' Guid='{54849625-5478-4994-a5ba-3e3b0328c30d}'/><EventID>4735</EventID><Version>0</Version><Level>0</Level><Task>13826</Task><Opcode>0</Opcode><Keywords>0x8020000000000000</Keywords><TimeCreated SystemTime='2025-06-02T16:46:48.8003183Z'/><EventRecordID>398</EventRecordID><Correlation ActivityID='{e8fa5c98-d3dd-0002-0d5d-fae8ddd3db01}'/><Execution ProcessID='916' ThreadID='1004'/><Channel>Security</Channel><Computer>NIKOLAISMETBD82</Computer><Security/></System><EventData><Data Name='TargetUserName'>Users</Data><Data Name='TargetDomainName'>Builtin</Data><Data Name='TargetSid'>S-1-5-32-545</Data><Data Name='SubjectUserSid'>S-1-5-18</Data><Data Name='SubjectUserName'>NIKOLAISMETBD82$</Data><Data Name='SubjectDomainName'>WORKGROUP</Data><Data Name='SubjectLogonId'>0x3e7</Data><Data Name='PrivilegeList'>-</Data><Data Name='SamAccountName'>-</Data><Data Name='SidHistory'>-</Data></EventData></Event><Event xmlns='http://schemas.microsoft.com/win/2004/08/events/event'><System><Provider Name='Microsoft-Windows-Security-Auditing' Guid='{54849625-5478-4994-a5ba-3e3b0328c30d}'/><EventID>4735</EventID><Version>0</Version><Level>0</Level><Task>13826</Task><Opcode>0</Opcode><Keywords>0x8020000000000000</Keywords><TimeCreated SystemTime='2025-06-02T16:46:48.8001850Z'/><EventRecordID>397</EventRecordID><Correlation ActivityID='{e8fa5c98-d3dd-0002-0d5d-fae8ddd3db01}'/><Execution ProcessID='916' ThreadID='1004'/><Channel>Security</Channel><Computer>NIKOLAISMETBD82</Computer><Security/></System><EventData><Data Name='TargetUserName'>Administrators</Data><Data Name='TargetDomainName'>Builtin</Data><Data Name='TargetSid'>S-1-5-32-544</Data><Data Name='SubjectUserSid'>S-1-5-18</Data><Data Name='SubjectUserName'>NIKOLAISMETBD82$</Data><Data Name='SubjectDomainName'>WORKGROUP</Data><Data Name='SubjectLogonId'>0x3e7</Data><Data Name='PrivilegeList'>-</Data><Data Name='SamAccountName'>Administrators</Data><Data Name='SidHistory'>-</Data></EventData></Event><Event xmlns='http://schemas.microsoft.com/win/2004/08/events/event'><System><Provider Name='Microsoft-Windows-Security-Auditing' Guid='{54849625-5478-4994-a5ba-3e3b0328c30d}'/><EventID>4781</EventID><Version>0</Version><Level>0</Level><Task>13824</Task><Opcode>0</Opcode><Keywords>0x8020000000000000</Keywords><TimeCreated SystemTime='2025-06-02T16:46:48.8001698Z'/><EventRecordID>396</EventRecordID><Correlation ActivityID='{e8fa5c98-d3dd-0002-0d5d-fae8ddd3db01}'/><Execution ProcessID='916' ThreadID='1004'/><Channel>Security</Channel><Computer>NIKOLAISMETBD82</Computer><Security/></System><EventData><Data Name='OldTargetUserName'>Administrators</Data><Data Name='NewTargetUserName'>Administrators</Data><Data Name='TargetDomainName'>Builtin</Data><Data Name='TargetSid'>S-1-5-32-544</Data><Data Name='SubjectUserSid'>S-1-5-18</Data><Data Name='SubjectUserName'>NIKOLAISMETBD82$</Data><Data Name='SubjectDomainName'>WORKGROUP</Data><Data Name='SubjectLogonId'>0x3e7</Data><Data Name='PrivilegeList'>-</Data></EventData></Event><Event xmlns='http://schemas.microsoft.com/win/2004/08/events/event'><System><Provider Name='Microsoft-Windows-Security-Auditing' Guid='{54849625-5478-4994-a5ba-3e3b0328c30d}'/><EventID>4735</EventID><Version>0</Version><Level>0</Level><Task>13826</Task><Opcode>0</Opcode><Keywords>0x8020000000000000</Keywords><TimeCreated SystemTime='2025-06-02T16:46:48.8000511Z'/><EventRecordID>395</EventRecordID><Correlation ActivityID='{e8fa5c98-d3dd-0002-0d5d-fae8ddd3db01}'/><Execution ProcessID='916' ThreadID='1004'/><Channel>Security</Channel><Computer>NIKOLAISMETBD82</Computer><Security/></System><EventData><Data Name='TargetUserName'>Administrators</Data><Data Name='TargetDomainName'>Builtin</Data><Data Name='TargetSid'>S-1-5-32-544</Data><Data Name='SubjectUserSid'>S-1-5-18</Data><Data Name='SubjectUserName'>NIKOLAISMETBD82$</Data><Data Name='SubjectDomainName'>WORKGROUP</Data><Data Name='SubjectLogonId'>0x3e7</Data><Data Name='PrivilegeList'>-</Data><Data Name='SamAccountName'>-</Data><Data Name='SidHistory'>-</Data></EventData></Event><Event xmlns='http://schemas.microsoft.com/win/2004/08/events/event'><System><Provider Name='Microsoft-Windows-Security-Auditing' Guid='{54849625-5478-4994-a5ba-3e3b0328c30d}'/><EventID>4672</EventID><Version>0</Version><Level>0</Level><Task>12548</Task><Opcode>0</Opcode><Keywords>0x8020000000000000</Keywords><TimeCreated SystemTime='2025-06-02T16:46:48.3697299Z'/><EventRecordID>394</EventRecordID><Correlation ActivityID='{e8fa5c98-d3dd-0002-0d5d-fae8ddd3db01}'/><Execution ProcessID='916' ThreadID='964'/><Channel>Security</Channel><Computer>NIKOLAISMETBD82</Computer><Security/></System><EventData><Data Name='SubjectUserSid'>S-1-5-18</Data><Data Name='SubjectUserName'>SYSTEM</Data><Data Name='SubjectDomainName'>NT AUTHORITY</Data><Data Name='SubjectLogonId'>0x3e7</Data><Data Name='PrivilegeList'>SeAssignPrimaryTokenPrivilege
			SeTcbPrivilege
			SeSecurityPrivilege
			SeTakeOwnershipPrivilege
			SeLoadDriverPrivilege
			SeBackupPrivilege
			SeRestorePrivilege
			SeDebugPrivilege
			SeAuditPrivilege
			SeSystemEnvironmentPrivilege
			SeImpersonatePrivilege
			SeDelegateSessionUserImpersonatePrivilege</Data></EventData></Event><Event xmlns='http://schemas.microsoft.com/win/2004/08/events/event'><System><Provider Name='Microsoft-Windows-Security-Auditing' Guid='{54849625-5478-4994-a5ba-3e3b0328c30d}'/><EventID>4624</EventID><Version>3</Version><Level>0</Level><Task>12544</Task><Opcode>0</Opcode><Keywords>0x8020000000000000</Keywords><TimeCreated SystemTime='2025-06-02T16:46:48.3697238Z'/><EventRecordID>393</EventRecordID><Correlation ActivityID='{e8fa5c98-d3dd-0002-0d5d-fae8ddd3db01}'/><Execution ProcessID='916' ThreadID='964'/><Channel>Security</Channel><Computer>NIKOLAISMETBD82</Computer><Security/></System><EventData><Data Name='SubjectUserSid'>S-1-5-18</Data><Data Name='SubjectUserName'>NIKOLAISMETBD82$</Data><Data Name='SubjectDomainName'>WORKGROUP</Data><Data Name='SubjectLogonId'>0x3e7</Data><Data Name='TargetUserSid'>S-1-5-18</Data><Data Name='TargetUserName'>SYSTEM</Data><Data Name='TargetDomainName'>NT AUTHORITY</Data><Data Name='TargetLogonId'>0x3e7</Data><Data Name='LogonType'>5</Data><Data Name='LogonProcessName'>Advapi  </Data><Data Name='AuthenticationPackageName'>Negotiate</Data><Data Name='WorkstationName'>-</Data><Data Name='LogonGuid'>{00000000-0000-0000-0000-000000000000}</Data><Data Name='TransmittedServices'>-</Data><Data Name='LmPackageName'>-</Data><Data Name='KeyLength'>0</Data><Data Name='ProcessId'>0x380</Data><Data Name='ProcessName'>C:\Windows\System32\services.exe</Data><Data Name='IpAddress'>-</Data><Data Name='IpPort'>-</Data><Data Name='ImpersonationLevel'>%%1833</Data><Data Name='RestrictedAdminMode'>-</Data><Data Name='RemoteCredentialGuard'>-</Data><Data Name='TargetOutboundUserName'>-</Data><Data Name='TargetOutboundDomainName'>-</Data><Data Name='VirtualAccount'>%%1843</Data><Data Name='TargetLinkedLogonId'>0x0</Data><Data Name='ElevatedToken'>%%1842</Data></EventData></Event><Event xmlns='http://schemas.microsoft.com/win/2004/08/events/event'><System><Provider Name='Microsoft-Windows-Security-Auditing' Guid='{54849625-5478-4994-a5ba-3e3b0328c30d}'/><EventID>4672</EventID><Version>0</Version><Level>0</Level><Task>12548</Task><Opcode>0</Opcode><Keywords>0x8020000000000000</Keywords><TimeCreated SystemTime='2025-06-02T16:46:48.0629983Z'/><EventRecordID>392</EventRecordID><Correlation ActivityID='{e8fa5c98-d3dd-0002-0d5d-fae8ddd3db01}'/><Execution ProcessID='916' ThreadID='964'/><Channel>Security</Channel><Computer>NIKOLAISMETBD82</Computer><Security/></System><EventData><Data Name='SubjectUserSid'>S-1-5-18</Data><Data Name='SubjectUserName'>SYSTEM</Data><Data Name='SubjectDomainName'>NT AUTHORITY</Data><Data Name='SubjectLogonId'>0x3e7</Data><Data Name='PrivilegeList'>SeAssignPrimaryTokenPrivilege
			SeTcbPrivilege
			SeSecurityPrivilege
			SeTakeOwnershipPrivilege
			SeLoadDriverPrivilege
			SeBackupPrivilege
			SeRestorePrivilege
			SeDebugPrivilege
			SeAuditPrivilege
			SeSystemEnvironmentPrivilege
			SeImpersonatePrivilege
			SeDelegateSessionUserImpersonatePrivilege</Data></EventData></Event><Event xmlns='http://schemas.microsoft.com/win/2004/08/events/event'><System><Provider Name='Microsoft-Windows-Security-Auditing' Guid='{54849625-5478-4994-a5ba-3e3b0328c30d}'/><EventID>4624</EventID><Version>3</Version><Level>0</Level><Task>12544</Task><Opcode>0</Opcode><Keywords>0x8020000000000000</Keywords><TimeCreated SystemTime='2025-06-02T16:46:48.0629915Z'/><EventRecordID>391</EventRecordID><Correlation ActivityID='{e8fa5c98-d3dd-0002-0d5d-fae8ddd3db01}'/><Execution ProcessID='916' ThreadID='964'/><Channel>Security</Channel><Computer>NIKOLAISMETBD82</Computer><Security/></System><EventData><Data Name='SubjectUserSid'>S-1-5-18</Data><Data Name='SubjectUserName'>NIKOLAISMETBD82$</Data><Data Name='SubjectDomainName'>WORKGROUP</Data><Data Name='SubjectLogonId'>0x3e7</Data><Data Name='TargetUserSid'>S-1-5-18</Data><Data Name='TargetUserName'>SYSTEM</Data><Data Name='TargetDomainName'>NT AUTHORITY</Data><Data Name='TargetLogonId'>0x3e7</Data><Data Name='LogonType'>5</Data><Data Name='LogonProcessName'>Advapi  </Data><Data Name='AuthenticationPackageName'>Negotiate</Data><Data Name='WorkstationName'>-</Data><Data Name='LogonGuid'>{00000000-0000-0000-0000-000000000000}</Data><Data Name='TransmittedServices'>-</Data><Data Name='LmPackageName'>-</Data><Data Name='KeyLength'>0</Data><Data Name='ProcessId'>0x380</Data><Data Name='ProcessName'>C:\Windows\System32\services.exe</Data><Data Name='IpAddress'>-</Data><Data Name='IpPort'>-</Data><Data Name='ImpersonationLevel'>%%1833</Data><Data Name='RestrictedAdminMode'>-</Data><Data Name='RemoteCredentialGuard'>-</Data><Data Name='TargetOutboundUserName'>-</Data><Data Name='TargetOutboundDomainName'>-</Data><Data Name='VirtualAccount'>%%1843</Data><Data Name='TargetLinkedLogonId'>0x0</Data><Data Name='ElevatedToken'>%%1842</Data></EventData></Event><Event xmlns='http://schemas.microsoft.com/win/2004/08/events/event'><System><Provider Name='Microsoft-Windows-Security-Auditing' Guid='{54849625-5478-4994-a5ba-3e3b0328c30d}'/><EventID>4672</EventID><Version>0</Version><Level>0</Level><Task>12548</Task><Opcode>0</Opcode><Keywords>0x8020000000000000</Keywords><TimeCreated SystemTime='2025-06-02T16:46:47.9686935Z'/><EventRecordID>390</EventRecordID><Correlation ActivityID='{e8fa5c98-d3dd-0002-0d5d-fae8ddd3db01}'/><Execution ProcessID='916' ThreadID='964'/><Channel>Security</Channel><Computer>NIKOLAISMETBD82</Computer><Security/></System><EventData><Data Name='SubjectUserSid'>S-1-5-18</Data><Data Name='SubjectUserName'>SYSTEM</Data><Data Name='SubjectDomainName'>NT AUTHORITY</Data><Data Name='SubjectLogonId'>0x3e7</Data><Data Name='PrivilegeList'>SeAssignPrimaryTokenPrivilege
			SeTcbPrivilege
			SeSecurityPrivilege
			SeTakeOwnershipPrivilege
			SeLoadDriverPrivilege
			SeBackupPrivilege
			SeRestorePrivilege
			SeDebugPrivilege
			SeAuditPrivilege
			SeSystemEnvironmentPrivilege
			SeImpersonatePrivilege
			SeDelegateSessionUserImpersonatePrivilege</Data></EventData></Event><Event xmlns='http://schemas.microsoft.com/win/2004/08/events/event'><System><Provider Name='Microsoft-Windows-Security-Auditing' Guid='{54849625-5478-4994-a5ba-3e3b0328c30d}'/><EventID>4624</EventID><Version>3</Version><Level>0</Level><Task>12544</Task><Opcode>0</Opcode><Keywords>0x8020000000000000</Keywords><TimeCreated SystemTime='2025-06-02T16:46:47.9686871Z'/><EventRecordID>389</EventRecordID><Correlation ActivityID='{e8fa5c98-d3dd-0002-0d5d-fae8ddd3db01}'/><Execution ProcessID='916' ThreadID='964'/><Channel>Security</Channel><Computer>NIKOLAISMETBD82</Computer><Security/></System><EventData><Data Name='SubjectUserSid'>S-1-5-18</Data><Data Name='SubjectUserName'>NIKOLAISMETBD82$</Data><Data Name='SubjectDomainName'>WORKGROUP</Data><Data Name='SubjectLogonId'>0x3e7</Data><Data Name='TargetUserSid'>S-1-5-18</Data><Data Name='TargetUserName'>SYSTEM</Data><Data Name='TargetDomainName'>NT AUTHORITY</Data><Data Name='TargetLogonId'>0x3e7</Data><Data Name='LogonType'>5</Data><Data Name='LogonProcessName'>Advapi  </Data><Data Name='AuthenticationPackageName'>Negotiate</Data><Data Name='WorkstationName'>-</Data><Data Name='LogonGuid'>{00000000-0000-0000-0000-000000000000}</Data><Data Name='TransmittedServices'>-</Data><Data Name='LmPackageName'>-</Data><Data Name='KeyLength'>0</Data><Data Name='ProcessId'>0x380</Data><Data Name='ProcessName'>C:\Windows\System32\services.exe</Data><Data Name='IpAddress'>-</Data><Data Name='IpPort'>-</Data><Data Name='ImpersonationLevel'>%%1833</Data><Data Name='RestrictedAdminMode'>-</Data><Data Name='RemoteCredentialGuard'>-</Data><Data Name='TargetOutboundUserName'>-</Data><Data Name='TargetOutboundDomainName'>-</Data><Data Name='VirtualAccount'>%%1843</Data><Data Name='TargetLinkedLogonId'>0x0</Data><Data Name='ElevatedToken'>%%1842</Data></EventData></Event><Event xmlns='http://schemas.microsoft.com/win/2004/08/events/event'><System><Provider Name='Microsoft-Windows-Security-Auditing' Guid='{54849625-5478-4994-a5ba-3e3b0328c30d}'/><EventID>4724</EventID><Version>0</Version><Level>0</Level><Task>13824</Task><Opcode>0</Opcode><Keywords>0x8020000000000000</Keywords><TimeCreated SystemTime='2025-06-02T16:46:47.8966920Z'/><EventRecordID>388</EventRecordID><Correlation ActivityID='{e8fa5c98-d3dd-0002-0d5d-fae8ddd3db01}'/><Execution ProcessID='916' ThreadID='964'/><Channel>Security</Channel><Computer>NIKOLAISMETBD82</Computer><Security/></System><EventData><Data Name='TargetUserName'>Administrator</Data><Data Name='TargetDomainName'>NIKOLAISMETBD82</Data><Data Name='TargetSid'>S-1-5-21-4155168598-3527253067-2058671051-500</Data><Data Name='SubjectUserSid'>S-1-5-18</Data><Data Name='SubjectUserName'>NIKOLAISMETBD82$</Data><Data Name='SubjectDomainName'>WORKGROUP</Data><Data Name='SubjectLogonId'>0x3e7</Data></EventData></Event><Event xmlns='http://schemas.microsoft.com/win/2004/08/events/event'><System><Provider Name='Microsoft-Windows-Security-Auditing' Guid='{54849625-5478-4994-a5ba-3e3b0328c30d}'/><EventID>4738</EventID><Version>0</Version><Level>0</Level><Task>13824</Task><Opcode>0</Opcode><Keywords>0x8020000000000000</Keywords><TimeCreated SystemTime='2025-06-02T16:46:47.8966710Z'/><EventRecordID>387</EventRecordID><Correlation ActivityID='{e8fa5c98-d3dd-0002-0d5d-fae8ddd3db01}'/><Execution ProcessID='916' ThreadID='964'/><Channel>Security</Channel><Computer>NIKOLAISMETBD82</Computer><Security/></System><EventData><Data Name='Dummy'>-</Data><Data Name='TargetUserName'>Administrator</Data><Data Name='TargetDomainName'>NIKOLAISMETBD82</Data><Data Name='TargetSid'>S-1-5-21-4155168598-3527253067-2058671051-500</Data><Data Name='SubjectUserSid'>S-1-5-18</Data><Data Name='SubjectUserName'>NIKOLAISMETBD82$</Data><Data Name='SubjectDomainName'>WORKGROUP</Data><Data Name='SubjectLogonId'>0x3e7</Data><Data Name='PrivilegeList'>-</Data><Data Name='SamAccountName'>Administrator</Data><Data Name='DisplayName'>%%1793</Data><Data Name='UserPrincipalName'>-</Data><Data Name='HomeDirectory'>%%1793</Data><Data Name='HomePath'>%%1793</Data><Data Name='ScriptPath'>%%1793</Data><Data Name='ProfilePath'>%%1793</Data><Data Name='UserWorkstations'>%%1793</Data><Data Name='PasswordLastSet'>6/2/2025 5:46:47 PM</Data><Data Name='AccountExpires'>%%1794</Data><Data Name='PrimaryGroupId'>513</Data><Data Name='AllowedToDelegateTo'>-</Data><Data Name='OldUacValue'>0x211</Data><Data Name='NewUacValue'>0x215</Data><Data Name='UserAccountControl'>
		%%2082</Data><Data Name='UserParameters'>-</Data><Data Name='SidHistory'>-</Data><Data Name='LogonHours'>%%1797</Data></EventData></Event><Event xmlns='http://schemas.microsoft.com/win/2004/08/events/event'><System><Provider Name='Microsoft-Windows-Security-Auditing' Guid='{54849625-5478-4994-a5ba-3e3b0328c30d}'/><EventID>4798</EventID><Version>0</Version><Level>0</Level><Task>13824</Task><Opcode>0</Opcode><Keywords>0x8020000000000000</Keywords><TimeCreated SystemTime='2025-06-02T16:46:47.8655399Z'/><EventRecordID>386</EventRecordID><Correlation ActivityID='{e8fa5c98-d3dd-0002-0d5d-fae8ddd3db01}'/><Execution ProcessID='916' ThreadID='964'/><Channel>Security</Channel><Computer>NIKOLAISMETBD82</Computer><Security/></System><EventData><Data Name='TargetUserName'>Administrator</Data><Data Name='TargetDomainName'>NIKOLAISMETBD82</Data><Data Name='TargetSid'>S-1-5-21-4155168598-3527253067-2058671051-500</Data><Data Name='SubjectUserSid'>S-1-5-18</Data><Data Name='SubjectUserName'>NIKOLAISMETBD82$</Data><Data Name='SubjectDomainName'>WORKGROUP</Data><Data Name='SubjectLogonId'>0x3e7</Data><Data Name='CallerProcessId'>0x69c</Data><Data Name='CallerProcessName'>C:\Windows\System32\rundll32.exe</Data></EventData></Event><Event xmlns='http://schemas.microsoft.com/win/2004/08/events/event'><System><Provider Name='Microsoft-Windows-Security-Auditing' Guid='{54849625-5478-4994-a5ba-3e3b0328c30d}'/><EventID>4798</EventID><Version>0</Version><Level>0</Level><Task>13824</Task><Opcode>0</Opcode><Keywords>0x8020000000000000</Keywords><TimeCreated SystemTime='2025-06-02T16:46:47.8652084Z'/><EventRecordID>385</EventRecordID><Correlation ActivityID='{e8fa5c98-d3dd-0002-0d5d-fae8ddd3db01}'/><Execution ProcessID='916' ThreadID='964'/><Channel>Security</Channel><Computer>NIKOLAISMETBD82</Computer><Security/></System><EventData><Data Name='TargetUserName'>Administrator</Data><Data Name='TargetDomainName'>NIKOLAISMETBD82</Data><Data Name='TargetSid'>S-1-5-21-4155168598-3527253067-2058671051-500</Data><Data Name='SubjectUserSid'>S-1-5-18</Data><Data Name='SubjectUserName'>NIKOLAISMETBD82$</Data><Data Name='SubjectDomainName'>WORKGROUP</Data><Data Name='SubjectLogonId'>0x3e7</Data><Data Name='CallerProcessId'>0x69c</Data><Data Name='CallerProcessName'>C:\Windows\System32\rundll32.exe</Data></EventData></Event><Event xmlns='http://schemas.microsoft.com/win/2004/08/events/event'><System><Provider Name='Microsoft-Windows-Security-Auditing' Guid='{54849625-5478-4994-a5ba-3e3b0328c30d}'/><EventID>4739</EventID><Version>0</Version><Level>0</Level><Task>13569</Task><Opcode>0</Opcode><Keywords>0x8020000000000000</Keywords><TimeCreated SystemTime='2025-06-02T16:46:47.8643669Z'/><EventRecordID>384</EventRecordID><Correlation ActivityID='{e8fa5c98-d3dd-0002-0d5d-fae8ddd3db01}'/><Execution ProcessID='916' ThreadID='964'/><Channel>Security</Channel><Computer>NIKOLAISMETBD82</Computer><Security/></System><EventData><Data Name='DomainPolicyChanged'>Password Policy</Data><Data Name='DomainName'>NIKOLAISMETBD82</Data><Data Name='DomainSid'>S-1-5-21-4155168598-3527253067-2058671051</Data><Data Name='SubjectUserSid'>S-1-5-18</Data><Data Name='SubjectUserName'>NIKOLAISMETBD82$</Data><Data Name='SubjectDomainName'>WORKGROUP</Data><Data Name='SubjectLogonId'>0x3e7</Data><Data Name='PrivilegeList'>-</Data><Data Name='MinPasswordAge'>unavailable</Data><Data Name='MaxPasswordAge'>42:00:00:00</Data><Data Name='ForceLogoff'>-</Data><Data Name='LockoutThreshold'>-</Data><Data Name='LockoutObservationWindow'>-</Data><Data Name='LockoutDuration'>-</Data><Data Name='PasswordProperties'>8</Data><Data Name='MinPasswordLength'>0</Data><Data Name='PasswordHistoryLength'>0</Data><Data Name='MachineAccountQuota'>-</Data><Data Name='MixedDomainMode'>-</Data><Data Name='DomainBehaviorVersion'>-</Data><Data Name='OemInformation'>-</Data></EventData></Event><Event xmlns='http://schemas.microsoft.com/win/2004/08/events/event'><System><Provider Name='Microsoft-Windows-Security-Auditing' Guid='{54849625-5478-4994-a5ba-3e3b0328c30d}'/><EventID>4732</EventID><Version>0</Version><Level>0</Level><Task>13826</Task><Opcode>0</Opcode><Keywords>0x8020000000000000</Keywords><TimeCreated SystemTime='2025-06-02T16:46:47.8630787Z'/><EventRecordID>383</EventRecordID><Correlation ActivityID='{e8fa5c98-d3dd-0002-0d5d-fae8ddd3db01}'/><Execution ProcessID='916' ThreadID='964'/><Channel>Security</Channel><Computer>NIKOLAISMETBD82</Computer><Security/></System><EventData><Data Name='MemberName'>-</Data><Data Name='MemberSid'>S-1-5-21-4155168598-3527253067-2058671051-1000</Data><Data Name='TargetUserName'>Administrators</Data><Data Name='TargetDomainName'>Builtin</Data><Data Name='TargetSid'>S-1-5-32-544</Data><Data Name='SubjectUserSid'>S-1-5-18</Data><Data Name='SubjectUserName'>NIKOLAISMETBD82$</Data><Data Name='SubjectDomainName'>WORKGROUP</Data><Data Name='SubjectLogonId'>0x3e7</Data><Data Name='PrivilegeList'>-</Data></EventData></Event><Event xmlns='http://schemas.microsoft.com/win/2004/08/events/event'><System><Provider Name='Microsoft-Windows-Security-Auditing' Guid='{54849625-5478-4994-a5ba-3e3b0328c30d}'/><EventID>4724</EventID><Version>0</Version><Level>0</Level><Task>13824</Task><Opcode>0</Opcode><Keywords>0x8020000000000000</Keywords><TimeCreated SystemTime='2025-06-02T16:46:47.8605915Z'/><EventRecordID>382</EventRecordID><Correlation ActivityID='{e8fa5c98-d3dd-0002-0d5d-fae8ddd3db01}'/><Execution ProcessID='916' ThreadID='964'/><Channel>Security</Channel><Computer>NIKOLAISMETBD82</Computer><Security/></System><EventData><Data Name='TargetUserName'>nikolai.smetannikov</Data><Data Name='TargetDomainName'>NIKOLAISMETBD82</Data><Data Name='TargetSid'>S-1-5-21-4155168598-3527253067-2058671051-1000</Data><Data Name='SubjectUserSid'>S-1-5-18</Data><Data Name='SubjectUserName'>NIKOLAISMETBD82$</Data><Data Name='SubjectDomainName'>WORKGROUP</Data><Data Name='SubjectLogonId'>0x3e7</Data></EventData></Event><Event xmlns='http://schemas.microsoft.com/win/2004/08/events/event'><System><Provider Name='Microsoft-Windows-Security-Auditing' Guid='{54849625-5478-4994-a5ba-3e3b0328c30d}'/><EventID>4738</EventID><Version>0</Version><Level>0</Level><Task>13824</Task><Opcode>0</Opcode><Keywords>0x8020000000000000</Keywords><TimeCreated SystemTime='2025-06-02T16:46:47.8605734Z'/><EventRecordID>381</EventRecordID><Correlation ActivityID='{e8fa5c98-d3dd-0002-0d5d-fae8ddd3db01}'/><Execution ProcessID='916' ThreadID='964'/><Channel>Security</Channel><Computer>NIKOLAISMETBD82</Computer><Security/></System><EventData><Data Name='Dummy'>-</Data><Data Name='TargetUserName'>nikolai.smetannikov</Data><Data Name='TargetDomainName'>NIKOLAISMETBD82</Data><Data Name='TargetSid'>S-1-5-21-4155168598-3527253067-2058671051-1000</Data><Data Name='SubjectUserSid'>S-1-5-18</Data><Data Name='SubjectUserName'>NIKOLAISMETBD82$</Data><Data Name='SubjectDomainName'>WORKGROUP</Data><Data Name='SubjectLogonId'>0x3e7</Data><Data Name='PrivilegeList'>-</Data><Data Name='SamAccountName'>nikolai.smetannikov</Data><Data Name='DisplayName'>%%1793</Data><Data Name='UserPrincipalName'>-</Data><Data Name='HomeDirectory'>%%1793</Data><Data Name='HomePath'>%%1793</Data><Data Name='ScriptPath'>%%1793</Data><Data Name='ProfilePath'>%%1793</Data><Data Name='UserWorkstations'>%%1793</Data><Data Name='PasswordLastSet'>6/2/2025 5:46:47 PM</Data><Data Name='AccountExpires'>%%1794</Data><Data Name='PrimaryGroupId'>513</Data><Data Name='AllowedToDelegateTo'>-</Data><Data Name='OldUacValue'>0x14</Data><Data Name='NewUacValue'>0x14</Data><Data Name='UserAccountControl'>-</Data><Data Name='UserParameters'>-</Data><Data Name='SidHistory'>-</Data><Data Name='LogonHours'>%%1797</Data></EventData></Event><Event xmlns='http://schemas.microsoft.com/win/2004/08/events/event'><System><Provider Name='Microsoft-Windows-Security-Auditing' Guid='{54849625-5478-4994-a5ba-3e3b0328c30d}'/><EventID>4798</EventID><Version>0</Version><Level>0</Level><Task>13824</Task><Opcode>0</Opcode><Keywords>0x8020000000000000</Keywords><TimeCreated SystemTime='2025-06-02T16:46:47.8278147Z'/><EventRecordID>380</EventRecordID><Correlation ActivityID='{e8fa5c98-d3dd-0002-0d5d-fae8ddd3db01}'/><Execution ProcessID='916' ThreadID='964'/><Channel>Security</Channel><Computer>NIKOLAISMETBD82</Computer><Security/></System><EventData><Data Name='TargetUserName'>nikolai.smetannikov</Data><Data Name='TargetDomainName'>NIKOLAISMETBD82</Data><Data Name='TargetSid'>S-1-5-21-4155168598-3527253067-2058671051-1000</Data><Data Name='SubjectUserSid'>S-1-5-18</Data><Data Name='SubjectUserName'>NIKOLAISMETBD82$</Data><Data Name='SubjectDomainName'>WORKGROUP</Data><Data Name='SubjectLogonId'>0x3e7</Data><Data Name='CallerProcessId'>0x69c</Data><Data Name='CallerProcessName'>C:\Windows\System32\rundll32.exe</Data></EventData></Event><Event xmlns='http://schemas.microsoft.com/win/2004/08/events/event'><System><Provider Name='Microsoft-Windows-Security-Auditing' Guid='{54849625-5478-4994-a5ba-3e3b0328c30d}'/><EventID>4798</EventID><Version>0</Version><Level>0</Level><Task>13824</Task><Opcode>0</Opcode><Keywords>0x8020000000000000</Keywords><TimeCreated SystemTime='2025-06-02T16:46:47.8274103Z'/><EventRecordID>379</EventRecordID><Correlation ActivityID='{e8fa5c98-d3dd-0002-0d5d-fae8ddd3db01}'/><Execution ProcessID='916' ThreadID='1012'/><Channel>Security</Channel><Computer>NIKOLAISMETBD82</Computer><Security/></System><EventData><Data Name='TargetUserName'>nikolai.smetannikov</Data><Data Name='TargetDomainName'>NIKOLAISMETBD82</Data><Data Name='TargetSid'>S-1-5-21-4155168598-3527253067-2058671051-1000</Data><Data Name='SubjectUserSid'>S-1-5-18</Data><Data Name='SubjectUserName'>NIKOLAISMETBD82$</Data><Data Name='SubjectDomainName'>WORKGROUP</Data><Data Name='SubjectLogonId'>0x3e7</Data><Data Name='CallerProcessId'>0x69c</Data><Data Name='CallerProcessName'>C:\Windows\System32\rundll32.exe</Data></EventData></Event><Event xmlns='http://schemas.microsoft.com/win/2004/08/events/event'><System><Provider Name='Microsoft-Windows-Security-Auditing' Guid='{54849625-5478-4994-a5ba-3e3b0328c30d}'/><EventID>4739</EventID><Version>0</Version><Level>0</Level><Task>13569</Task><Opcode>0</Opcode><Keywords>0x8020000000000000</Keywords><TimeCreated SystemTime='2025-06-02T16:46:47.8259452Z'/><EventRecordID>378</EventRecordID><Correlation ActivityID='{e8fa5c98-d3dd-0002-0d5d-fae8ddd3db01}'/><Execution ProcessID='916' ThreadID='964'/><Channel>Security</Channel><Computer>NIKOLAISMETBD82</Computer><Security/></System><EventData><Data Name='DomainPolicyChanged'>Password Policy</Data><Data Name='DomainName'>NIKOLAISMETBD82</Data><Data Name='DomainSid'>S-1-5-21-4155168598-3527253067-2058671051</Data><Data Name='SubjectUserSid'>S-1-5-18</Data><Data Name='SubjectUserName'>NIKOLAISMETBD82$</Data><Data Name='SubjectDomainName'>WORKGROUP</Data><Data Name='SubjectLogonId'>0x3e7</Data><Data Name='PrivilegeList'>-</Data><Data Name='MinPasswordAge'>unavailable</Data><Data Name='MaxPasswordAge'>42:00:00:00</Data><Data Name='ForceLogoff'>-</Data><Data Name='LockoutThreshold'>-</Data><Data Name='LockoutObservationWindow'>-</Data><Data Name='LockoutDuration'>-</Data><Data Name='PasswordProperties'>8</Data><Data Name='MinPasswordLength'>0</Data><Data Name='PasswordHistoryLength'>0</Data><Data Name='MachineAccountQuota'>-</Data><Data Name='MixedDomainMode'>-</Data><Data Name='DomainBehaviorVersion'>-</Data><Data Name='OemInformation'>-</Data></EventData></Event><Event xmlns='http://schemas.microsoft.com/win/2004/08/events/event'><System><Provider Name='Microsoft-Windows-Security-Auditing' Guid='{54849625-5478-4994-a5ba-3e3b0328c30d}'/><EventID>4732</EventID><Version>0</Version><Level>0</Level><Task>13826</Task><Opcode>0</Opcode><Keywords>0x8020000000000000</Keywords><TimeCreated SystemTime='2025-06-02T16:46:47.8235706Z'/><EventRecordID>377</EventRecordID><Correlation ActivityID='{e8fa5c98-d3dd-0002-0d5d-fae8ddd3db01}'/><Execution ProcessID='916' ThreadID='964'/><Channel>Security</Channel><Computer>NIKOLAISMETBD82</Computer><Security/></System><EventData><Data Name='MemberName'>-</Data><Data Name='MemberSid'>S-1-5-21-4155168598-3527253067-2058671051-1000</Data><Data Name='TargetUserName'>Users</Data><Data Name='TargetDomainName'>Builtin</Data><Data Name='TargetSid'>S-1-5-32-545</Data><Data Name='SubjectUserSid'>S-1-5-18</Data><Data Name='SubjectUserName'>NIKOLAISMETBD82$</Data><Data Name='SubjectDomainName'>WORKGROUP</Data><Data Name='SubjectLogonId'>0x3e7</Data><Data Name='PrivilegeList'>-</Data></EventData></Event><Event xmlns='http://schemas.microsoft.com/win/2004/08/events/event'><System><Provider Name='Microsoft-Windows-Security-Auditing' Guid='{54849625-5478-4994-a5ba-3e3b0328c30d}'/><EventID>4738</EventID><Version>0</Version><Level>0</Level><Task>13824</Task><Opcode>0</Opcode><Keywords>0x8020000000000000</Keywords><TimeCreated SystemTime='2025-06-02T16:46:47.8207449Z'/><EventRecordID>376</EventRecordID><Correlation ActivityID='{e8fa5c98-d3dd-0002-0d5d-fae8ddd3db01}'/><Execution ProcessID='916' ThreadID='964'/><Channel>Security</Channel><Computer>NIKOLAISMETBD82</Computer><Security/></System><EventData><Data Name='Dummy'>-</Data><Data Name='TargetUserName'>nikolai.smetannikov</Data><Data Name='TargetDomainName'>NIKOLAISMETBD82</Data><Data Name='TargetSid'>S-1-5-21-4155168598-3527253067-2058671051-1000</Data><Data Name='SubjectUserSid'>S-1-5-18</Data><Data Name='SubjectUserName'>NIKOLAISMETBD82$</Data><Data Name='SubjectDomainName'>WORKGROUP</Data><Data Name='SubjectLogonId'>0x3e7</Data><Data Name='PrivilegeList'>-</Data><Data Name='SamAccountName'>nikolai.smetannikov</Data><Data Name='DisplayName'>%%1793</Data><Data Name='UserPrincipalName'>-</Data><Data Name='HomeDirectory'>%%1793</Data><Data Name='HomePath'>%%1793</Data><Data Name='ScriptPath'>%%1793</Data><Data Name='ProfilePath'>%%1793</Data><Data Name='UserWorkstations'>%%1793</Data><Data Name='PasswordLastSet'>%%1794</Data><Data Name='AccountExpires'>%%1794</Data><Data Name='PrimaryGroupId'>513</Data><Data Name='AllowedToDelegateTo'>-</Data><Data Name='OldUacValue'>0x15</Data><Data Name='NewUacValue'>0x14</Data><Data Name='UserAccountControl'>
		%%2048</Data><Data Name='UserParameters'>%%1793</Data><Data Name='SidHistory'>-</Data><Data Name='LogonHours'>%%1797</Data></EventData></Event><Event xmlns='http://schemas.microsoft.com/win/2004/08/events/event'><System><Provider Name='Microsoft-Windows-Security-Auditing' Guid='{54849625-5478-4994-a5ba-3e3b0328c30d}'/><EventID>4722</EventID><Version>0</Version><Level>0</Level><Task>13824</Task><Opcode>0</Opcode><Keywords>0x8020000000000000</Keywords><TimeCreated SystemTime='2025-06-02T16:46:47.8206891Z'/><EventRecordID>375</EventRecordID><Correlation ActivityID='{e8fa5c98-d3dd-0002-0d5d-fae8ddd3db01}'/><Execution ProcessID='916' ThreadID='964'/><Channel>Security</Channel><Computer>NIKOLAISMETBD82</Computer><Security/></System><EventData><Data Name='TargetUserName'>nikolai.smetannikov</Data><Data Name='TargetDomainName'>NIKOLAISMETBD82</Data><Data Name='TargetSid'>S-1-5-21-4155168598-3527253067-2058671051-1000</Data><Data Name='SubjectUserSid'>S-1-5-18</Data><Data Name='SubjectUserName'>NIKOLAISMETBD82$</Data><Data Name='SubjectDomainName'>WORKGROUP</Data><Data Name='SubjectLogonId'>0x3e7</Data></EventData></Event><Event xmlns='http://schemas.microsoft.com/win/2004/08/events/event'><System><Provider Name='Microsoft-Windows-Security-Auditing' Guid='{54849625-5478-4994-a5ba-3e3b0328c30d}'/><EventID>4720</EventID><Version>0</Version><Level>0</Level><Task>13824</Task><Opcode>0</Opcode><Keywords>0x8020000000000000</Keywords><TimeCreated SystemTime='2025-06-02T16:46:47.8201366Z'/><EventRecordID>374</EventRecordID><Correlation ActivityID='{e8fa5c98-d3dd-0002-0d5d-fae8ddd3db01}'/><Execution ProcessID='916' ThreadID='964'/><Channel>Security</Channel><Computer>NIKOLAISMETBD82</Computer><Security/></System><EventData><Data Name='TargetUserName'>nikolai.smetannikov</Data><Data Name='TargetDomainName'>NIKOLAISMETBD82</Data><Data Name='TargetSid'>S-1-5-21-4155168598-3527253067-2058671051-1000</Data><Data Name='SubjectUserSid'>S-1-5-18</Data><Data Name='SubjectUserName'>NIKOLAISMETBD82$</Data><Data Name='SubjectDomainName'>WORKGROUP</Data><Data Name='SubjectLogonId'>0x3e7</Data><Data Name='PrivilegeList'>-</Data><Data Name='SamAccountName'>nikolai.smetannikov</Data><Data Name='DisplayName'>%%1793</Data><Data Name='UserPrincipalName'>-</Data><Data Name='HomeDirectory'>%%1793</Data><Data Name='HomePath'>%%1793</Data><Data Name='ScriptPath'>%%1793</Data><Data Name='ProfilePath'>%%1793</Data><Data Name='UserWorkstations'>%%1793</Data><Data Name='PasswordLastSet'>%%1794</Data><Data Name='AccountExpires'>%%1794</Data><Data Name='PrimaryGroupId'>513</Data><Data Name='AllowedToDelegateTo'>-</Data><Data Name='OldUacValue'>0x0</Data><Data Name='NewUacValue'>0x15</Data><Data Name='UserAccountControl'>
		%%2080
		%%2082
		%%2084</Data><Data Name='UserParameters'>%%1793</Data><Data Name='SidHistory'>-</Data><Data Name='LogonHours'>%%1797</Data></EventData></Event><Event xmlns='http://schemas.microsoft.com/win/2004/08/events/event'><System><Provider Name='Microsoft-Windows-Security-Auditing' Guid='{54849625-5478-4994-a5ba-3e3b0328c30d}'/><EventID>4728</EventID><Version>0</Version><Level>0</Level><Task>13826</Task><Opcode>0</Opcode><Keywords>0x8020000000000000</Keywords><TimeCreated SystemTime='2025-06-02T16:46:47.8198385Z'/><EventRecordID>373</EventRecordID><Correlation ActivityID='{e8fa5c98-d3dd-0002-0d5d-fae8ddd3db01}'/><Execution ProcessID='916' ThreadID='964'/><Channel>Security</Channel><Computer>NIKOLAISMETBD82</Computer><Security/></System><EventData><Data Name='MemberName'>-</Data><Data Name='MemberSid'>S-1-5-21-4155168598-3527253067-2058671051-1000</Data><Data Name='TargetUserName'>None</Data><Data Name='TargetDomainName'>NIKOLAISMETBD82</Data><Data Name='TargetSid'>S-1-5-21-4155168598-3527253067-2058671051-513</Data><Data Name='SubjectUserSid'>S-1-5-18</Data><Data Name='SubjectUserName'>NIKOLAISMETBD82$</Data><Data Name='SubjectDomainName'>WORKGROUP</Data><Data Name='SubjectLogonId'>0x3e7</Data><Data Name='PrivilegeList'>-</Data></EventData></Event><Event xmlns='http://schemas.microsoft.com/win/2004/08/events/event'><System><Provider Name='Microsoft-Windows-Security-Auditing' Guid='{54849625-5478-4994-a5ba-3e3b0328c30d}'/><EventID>4672</EventID><Version>0</Version><Level>0</Level><Task>12548</Task><Opcode>0</Opcode><Keywords>0x8020000000000000</Keywords><TimeCreated SystemTime='2025-06-02T16:46:42.3832752Z'/><EventRecordID>372</EventRecordID><Correlation ActivityID='{e8fa5c98-d3dd-0002-0d5d-fae8ddd3db01}'/><Execution ProcessID='916' ThreadID='976'/><Channel>Security</Channel><Computer>NIKOLAISMETBD82</Computer><Security/></System><EventData><Data Name='SubjectUserSid'>S-1-5-18</Data><Data Name='SubjectUserName'>SYSTEM</Data><Data Name='SubjectDomainName'>NT AUTHORITY</Data><Data Name='SubjectLogonId'>0x3e7</Data><Data Name='PrivilegeList'>SeAssignPrimaryTokenPrivilege
			SeTcbPrivilege
			SeSecurityPrivilege
			SeTakeOwnershipPrivilege
			SeLoadDriverPrivilege
			SeBackupPrivilege
			SeRestorePrivilege
			SeDebugPrivilege
			SeAuditPrivilege
			SeSystemEnvironmentPrivilege
			SeImpersonatePrivilege
			SeDelegateSessionUserImpersonatePrivilege</Data></EventData></Event><Event xmlns='http://schemas.microsoft.com/win/2004/08/events/event'><System><Provider Name='Microsoft-Windows-Security-Auditing' Guid='{54849625-5478-4994-a5ba-3e3b0328c30d}'/><EventID>4624</EventID><Version>3</Version><Level>0</Level><Task>12544</Task><Opcode>0</Opcode><Keywords>0x8020000000000000</Keywords><TimeCreated SystemTime='2025-06-02T16:46:42.3832669Z'/><EventRecordID>371</EventRecordID><Correlation ActivityID='{e8fa5c98-d3dd-0002-0d5d-fae8ddd3db01}'/><Execution ProcessID='916' ThreadID='976'/><Channel>Security</Channel><Computer>NIKOLAISMETBD82</Computer><Security/></System><EventData><Data Name='SubjectUserSid'>S-1-5-18</Data><Data Name='SubjectUserName'>NIKOLAISMETBD82$</Data><Data Name='SubjectDomainName'>WORKGROUP</Data><Data Name='SubjectLogonId'>0x3e7</Data><Data Name='TargetUserSid'>S-1-5-18</Data><Data Name='TargetUserName'>SYSTEM</Data><Data Name='TargetDomainName'>NT AUTHORITY</Data><Data Name='TargetLogonId'>0x3e7</Data><Data Name='LogonType'>5</Data><Data Name='LogonProcessName'>Advapi  </Data><Data Name='AuthenticationPackageName'>Negotiate</Data><Data Name='WorkstationName'>-</Data><Data Name='LogonGuid'>{00000000-0000-0000-0000-000000000000}</Data><Data Name='TransmittedServices'>-</Data><Data Name='LmPackageName'>-</Data><Data Name='KeyLength'>0</Data><Data Name='ProcessId'>0x380</Data><Data Name='ProcessName'>C:\Windows\System32\services.exe</Data><Data Name='IpAddress'>-</Data><Data Name='IpPort'>-</Data><Data Name='ImpersonationLevel'>%%1833</Data><Data Name='RestrictedAdminMode'>-</Data><Data Name='RemoteCredentialGuard'>-</Data><Data Name='TargetOutboundUserName'>-</Data><Data Name='TargetOutboundDomainName'>-</Data><Data Name='VirtualAccount'>%%1843</Data><Data Name='TargetLinkedLogonId'>0x0</Data><Data Name='ElevatedToken'>%%1842</Data></EventData></Event><Event xmlns='http://schemas.microsoft.com/win/2004/08/events/event'><System><Provider Name='Microsoft-Windows-Security-Auditing' Guid='{54849625-5478-4994-a5ba-3e3b0328c30d}'/><EventID>4672</EventID><Version>0</Version><Level>0</Level><Task>12548</Task><Opcode>0</Opcode><Keywords>0x8020000000000000</Keywords><TimeCreated SystemTime='2025-06-02T16:46:42.3594200Z'/><EventRecordID>370</EventRecordID><Correlation ActivityID='{e8fa5c98-d3dd-0002-0d5d-fae8ddd3db01}'/><Execution ProcessID='916' ThreadID='976'/><Channel>Security</Channel><Computer>NIKOLAISMETBD82</Computer><Security/></System><EventData><Data Name='SubjectUserSid'>S-1-5-18</Data><Data Name='SubjectUserName'>SYSTEM</Data><Data Name='SubjectDomainName'>NT AUTHORITY</Data><Data Name='SubjectLogonId'>0x3e7</Data><Data Name='PrivilegeList'>SeAssignPrimaryTokenPrivilege
			SeTcbPrivilege
			SeSecurityPrivilege
			SeTakeOwnershipPrivilege
			SeLoadDriverPrivilege
			SeBackupPrivilege
			SeRestorePrivilege
			SeDebugPrivilege
			SeAuditPrivilege
			SeSystemEnvironmentPrivilege
			SeImpersonatePrivilege
			SeDelegateSessionUserImpersonatePrivilege</Data></EventData></Event><Event xmlns='http://schemas.microsoft.com/win/2004/08/events/event'><System><Provider Name='Microsoft-Windows-Security-Auditing' Guid='{54849625-5478-4994-a5ba-3e3b0328c30d}'/><EventID>4624</EventID><Version>3</Version><Level>0</Level><Task>12544</Task><Opcode>0</Opcode><Keywords>0x8020000000000000</Keywords><TimeCreated SystemTime='2025-06-02T16:46:42.3594112Z'/><EventRecordID>369</EventRecordID><Correlation ActivityID='{e8fa5c98-d3dd-0002-0d5d-fae8ddd3db01}'/><Execution ProcessID='916' ThreadID='976'/><Channel>Security</Channel><Computer>NIKOLAISMETBD82</Computer><Security/></System><EventData><Data Name='SubjectUserSid'>S-1-5-18</Data><Data Name='SubjectUserName'>NIKOLAISMETBD82$</Data><Data Name='SubjectDomainName'>WORKGROUP</Data><Data Name='SubjectLogonId'>0x3e7</Data><Data Name='TargetUserSid'>S-1-5-18</Data><Data Name='TargetUserName'>SYSTEM</Data><Data Name='TargetDomainName'>NT AUTHORITY</Data><Data Name='TargetLogonId'>0x3e7</Data><Data Name='LogonType'>5</Data><Data Name='LogonProcessName'>Advapi  </Data><Data Name='AuthenticationPackageName'>Negotiate</Data><Data Name='WorkstationName'>-</Data><Data Name='LogonGuid'>{00000000-0000-0000-0000-000000000000}</Data><Data Name='TransmittedServices'>-</Data><Data Name='LmPackageName'>-</Data><Data Name='KeyLength'>0</Data><Data Name='ProcessId'>0x380</Data><Data Name='ProcessName'>C:\Windows\System32\services.exe</Data><Data Name='IpAddress'>-</Data><Data Name='IpPort'>-</Data><Data Name='ImpersonationLevel'>%%1833</Data><Data Name='RestrictedAdminMode'>-</Data><Data Name='RemoteCredentialGuard'>-</Data><Data Name='TargetOutboundUserName'>-</Data><Data Name='TargetOutboundDomainName'>-</Data><Data Name='VirtualAccount'>%%1843</Data><Data Name='TargetLinkedLogonId'>0x0</Data><Data Name='ElevatedToken'>%%1842</Data></EventData></Event><Event xmlns='http://schemas.microsoft.com/win/2004/08/events/event'><System><Provider Name='Microsoft-Windows-Security-Auditing' Guid='{54849625-5478-4994-a5ba-3e3b0328c30d}'/><EventID>4672</EventID><Version>0</Version><Level>0</Level><Task>12548</Task><Opcode>0</Opcode><Keywords>0x8020000000000000</Keywords><TimeCreated SystemTime='2025-06-02T16:46:42.1601230Z'/><EventRecordID>368</EventRecordID><Correlation ActivityID='{e8fa5c98-d3dd-0002-0d5d-fae8ddd3db01}'/><Execution ProcessID='916' ThreadID='964'/><Channel>Security</Channel><Computer>NIKOLAISMETBD82</Computer><Security/></System><EventData><Data Name='SubjectUserSid'>S-1-5-90-0-1</Data><Data Name='SubjectUserName'>DWM-1</Data><Data Name='SubjectDomainName'>Window Manager</Data><Data Name='SubjectLogonId'>0xe8e5</Data><Data Name='PrivilegeList'>SeAssignPrimaryTokenPrivilege
			SeAuditPrivilege</Data></EventData></Event><Event xmlns='http://schemas.microsoft.com/win/2004/08/events/event'><System><Provider Name='Microsoft-Windows-Security-Auditing' Guid='{54849625-5478-4994-a5ba-3e3b0328c30d}'/><EventID>4672</EventID><Version>0</Version><Level>0</Level><Task>12548</Task><Opcode>0</Opcode><Keywords>0x8020000000000000</Keywords><TimeCreated SystemTime='2025-06-02T16:46:42.1601213Z'/><EventRecordID>367</EventRecordID><Correlation ActivityID='{e8fa5c98-d3dd-0002-0d5d-fae8ddd3db01}'/><Execution ProcessID='916' ThreadID='964'/><Channel>Security</Channel><Computer>NIKOLAISMETBD82</Computer><Security/></System><EventData><Data Name='SubjectUserSid'>S-1-5-90-0-1</Data><Data Name='SubjectUserName'>DWM-1</Data><Data Name='SubjectDomainName'>Window Manager</Data><Data Name='SubjectLogonId'>0xe8d3</Data><Data Name='PrivilegeList'>SeAssignPrimaryTokenPrivilege
			SeAuditPrivilege
			SeImpersonatePrivilege</Data></EventData></Event><Event xmlns='http://schemas.microsoft.com/win/2004/08/events/event'><System><Provider Name='Microsoft-Windows-Security-Auditing' Guid='{54849625-5478-4994-a5ba-3e3b0328c30d}'/><EventID>4624</EventID><Version>3</Version><Level>0</Level><Task>12544</Task><Opcode>0</Opcode><Keywords>0x8020000000000000</Keywords><TimeCreated SystemTime='2025-06-02T16:46:42.1601163Z'/><EventRecordID>366</EventRecordID><Correlation ActivityID='{e8fa5c98-d3dd-0002-0d5d-fae8ddd3db01}'/><Execution ProcessID='916' ThreadID='964'/><Channel>Security</Channel><Computer>NIKOLAISMETBD82</Computer><Security/></System><EventData><Data Name='SubjectUserSid'>S-1-5-18</Data><Data Name='SubjectUserName'>NIKOLAISMETBD82$</Data><Data Name='SubjectDomainName'>WORKGROUP</Data><Data Name='SubjectLogonId'>0x3e7</Data><Data Name='TargetUserSid'>S-1-5-90-0-1</Data><Data Name='TargetUserName'>DWM-1</Data><Data Name='TargetDomainName'>Window Manager</Data><Data Name='TargetLogonId'>0xe8e5</Data><Data Name='LogonType'>2</Data><Data Name='LogonProcessName'>Advapi  </Data><Data Name='AuthenticationPackageName'>Negotiate</Data><Data Name='WorkstationName'>-</Data><Data Name='LogonGuid'>{00000000-0000-0000-0000-000000000000}</Data><Data Name='TransmittedServices'>-</Data><Data Name='LmPackageName'>-</Data><Data Name='KeyLength'>0</Data><Data Name='ProcessId'>0x338</Data><Data Name='ProcessName'>C:\Windows\System32\winlogon.exe</Data><Data Name='IpAddress'>-</Data><Data Name='IpPort'>-</Data><Data Name='ImpersonationLevel'>%%1833</Data><Data Name='RestrictedAdminMode'>-</Data><Data Name='RemoteCredentialGuard'>-</Data><Data Name='TargetOutboundUserName'>-</Data><Data Name='TargetOutboundDomainName'>-</Data><Data Name='VirtualAccount'>%%1842</Data><Data Name='TargetLinkedLogonId'>0xe8d3</Data><Data Name='ElevatedToken'>%%1843</Data></EventData></Event>