<Event xmlns='http://schemas.microsoft.com/win/2004/08/events/event'><System><Provider Name='Microsoft-Windows-Security-Auditing' Guid='{54849625-5478-4994-a5ba-3e3b0328c30d}'/><EventID>4907</EventID><Version>0</Version><Level>0</Level><Task>13568</Task><Opcode>0</Opcode><Keywords>0x8020000000000000</Keywords><TimeCreated SystemTime='2025-06-02T16:47:51.8338775Z'/><EventRecordID>1024</EventRecordID><Correlation/><Execution ProcessID='4' ThreadID='240'/><Channel>Security</Channel><Computer>NIKOLAISMETBD82</Computer><Security/></System><EventData><Data Name='SubjectUserSid'>S-1-5-18</Data><Data Name='SubjectUserName'>NIKOLAISMETBD82$</Data><Data Name='SubjectDomainName'>WORKGROUP</Data><Data Name='SubjectLogonId'>0x3e7</Data><Data Name='ObjectServer'>Security</Data><Data Name='ObjectType'>File</Data><Data Name='ObjectName'>C:\Windows\WinSxS\FileMaps\$$_systemapps_microsoft.windows.cloudexperiencehost_cw5n1h2txyewy_webapps_enterprisengcenrollment_vi_7e71e645381609fd.cdf-ms</Data><Data Name='HandleId'>0x418</Data><Data Name='OldSd'></Data><Data Name='NewSd'>S:(AU;SAFA;0x1f0116;;;WD)</Data><Data Name='ProcessId'>0x1508</Data><Data Name='ProcessName'>C:\Windows\WinSxS\arm64_microsoft-windows-servicingstack_31bf3856ad364e35_10.0.26100.2032_none_a54f5da7772e394d\TiWorker.exe</Data></EventData></Event><Event xmlns='http://schemas.microsoft.com/win/2004/08/events/event'><System><Provider Name='Microsoft-Windows-Security-Auditing' Guid='{54849625-5478-4994-a5ba-3e3b0328c30d}'/><EventID>4907</EventID><Version>0</Version><Level>0</Level><Task>13568</Task><Opcode>0</Opcode><Keywords>0x8020000000000000</Keywords><TimeCreated SystemTime='2025-06-02T16:47:51.8322770Z'/><EventRecordID>1023</EventRecordID><Correlation/><Execution ProcessID='4' ThreadID='7960'/><Channel>Security</Channel><Computer>NIKOLAISMETBD82</Computer><Security/></System><EventData><Data Name='SubjectUserSid'>S-1-5-18</Data><Data Name='SubjectUserName'>NIKOLAISMETBD82$</Data><Data Name='SubjectDomainName'>WORKGROUP</Data><Data Name='SubjectLogonId'>0x3e7</Data><Data Name='ObjectServer'>Security</Data><Data Name='ObjectType'>File</Data><Data Name='ObjectName'>C:\Windows\WinSxS\FileMaps\$$_systemapps_microsoft.windows.cloudexperiencehost_cw5n1h2txyewy_webapps_enterprisengcenrollment_82255765359ba571.cdf-ms</Data><Data Name='HandleId'>0x137c</Data><Data Name='OldSd'></Data><Data Name='NewSd'>S:(AU;SAFA;0x1f0116;;;WD)</Data><Data Name='ProcessId'>0x1508</Data><Data Name='ProcessName'>C:\Windows\WinSxS\arm64_microsoft-windows-servicingstack_31bf3856ad364e35_10.0.26100.2032_none_a54f5da7772e394d\TiWorker.exe</Data></EventData></Event><Event xmlns='http://schemas.microsoft.com/win/2004/08/events/event'><System><Provider Name='Microsoft-Windows-Security-Auditing' Guid='{54849625-5478-4994-a5ba-3e3b0328c30d}'/><EventID>4907</EventID><Version>0</Version><Level>0</Level><Task>13568</Task><Opcode>0</Opcode><Keywords>0x8020000000000000</Keywords><TimeCreated SystemTime='2025-06-02T16:47:51.8317216Z'/><EventRecordID>1022</EventRecordID><Correlation/><Execution ProcessID='4' ThreadID='7960'/><Channel>Security</Channel><Computer>NIKOLAISMETBD82</Computer><Security/></System><EventData><Data Name='SubjectUserSid'>S-1-5-18</Data><Data Name='SubjectUserName'>NIKOLAISMETBD82$</Data><Data Name='SubjectDomainName'>WORKGROUP</Data><Data Name='SubjectLogonId'>0x3e7</Data><Data Name='ObjectServer'>Security</Data><Data Name='ObjectType'>File</Data><Data Name='ObjectName'>C:\Windows\WinSxS\FileMaps\$$_systemapps_microsoft.windows.cloudexperiencehost_cw5n1h2txyewy_webapps_hololensdiagnostics_js_8c1a5a20ff89a7b5.cdf-ms</Data><Data Name='HandleId'>0x137c</Data><Data Name='OldSd'></Data><Data Name='NewSd'>S:(AU;SAFA;0x1f0116;;;WD)</Data><Data Name='ProcessId'>0x1508</Data><Data Name='ProcessName'>C:\Windows\WinSxS\arm64_microsoft-windows-servicingstack_31bf3856ad364e35_10.0.26100.2032_none_a54f5da7772e394d\TiWorker.exe</Data></EventData></Event><Event xmlns='http://schemas.microsoft.com/win/2004/08/events/event'><System><Provider Name='Microsoft-Windows-Security-Auditing' Guid='{54849625-5478-4994-a5ba-3e3b0328c30d}'/><EventID>4907</EventID><Version>0</Version><Level>0</Level><Task>13568</Task><Opcode>0</Opcode><Keywords>0x8020000000000000</Keywords><TimeCreated SystemTime='2025-06-02T16:47:51.8311096Z'/><EventRecordID>1021</EventRecordID><Correlation/><Execution ProcessID='4' ThreadID='7960'/><Channel>Security</Channel><Computer>NIKOLAISMETBD82</Computer><Security/></System><EventData><Data Name='SubjectUserSid'>S-1-5-18</Data><Data Name='SubjectUserName'>NIKOLAISMETBD82$</Data><Data Name='SubjectDomainName'>WORKGROUP</Data><Data Name='SubjectLogonId'>0x3e7</Data><Data Name='ObjectServer'>Security</Data><Data Name='ObjectType'>File</Data><Data Name='ObjectName'>C:\Windows\WinSxS\FileMaps\$$_systemapps_microsoft.windows.cloudexperiencehost_cw5n1h2txyewy_webapps_hololensdiagnostics_views_d5eef763b212983a.cdf-ms</Data><Data Name='HandleId'>0x137c</Data><Data Name='OldSd'></Data><Data Name='NewSd'>S:(AU;SAFA;0x1f0116;;;WD)</Data><Data Name='ProcessId'>0x1508</Data><Data Name='ProcessName'>C:\Windows\WinSxS\arm64_microsoft-windows-servicingstack_31bf3856ad364e35_10.0.26100.2032_none_a54f5da7772e394d\TiWorker.exe</Data></EventData></Event><Event xmlns='http://schemas.microsoft.com/win/2004/08/events/event'><System><Provider Name='Microsoft-Windows-Security-Auditing' Guid='{54849625-5478-4994-a5ba-3e3b0328c30d}'/><EventID>4907</EventID><Version>0</Version><Level>0</Level><Task>13568</Task><Opcode>0</Opcode><Keywords>0x8020000000000000</Keywords><TimeCreated SystemTime='2025-06-02T16:47:51.8305792Z'/><EventRecordID>1020</EventRecordID><Correlation/><Execution ProcessID='4' ThreadID='7960'/><Channel>Security</Channel><Computer>NIKOLAISMETBD82</Computer><Security/></System><EventData><Data Name='SubjectUserSid'>S-1-5-18</Data><Data Name='SubjectUserName'>NIKOLAISMETBD82$</Data><Data Name='SubjectDomainName'>WORKGROUP</Data><Data Name='SubjectLogonId'>0x3e7</Data><Data Name='ObjectServer'>Security</Data><Data Name='ObjectType'>File</Data><Data Name='ObjectName'>C:\Windows\WinSxS\FileMaps\$$_systemapps_microsoft.windows.cloudexperiencehost_cw5n1h2txyewy_webapps_inclusiveoobe_css_9d5145ddb46283ae.cdf-ms</Data><Data Name='HandleId'>0x137c</Data><Data Name='OldSd'></Data><Data Name='NewSd'>S:(AU;SAFA;0x1f0116;;;WD)</Data><Data Name='ProcessId'>0x1508</Data><Data Name='ProcessName'>C:\Windows\WinSxS\arm64_microsoft-windows-servicingstack_31bf3856ad364e35_10.0.26100.2032_none_a54f5da7772e394d\TiWorker.exe</Data></EventData></Event><Event xmlns='http://schemas.microsoft.com/win/2004/08/events/event'><System><Provider Name='Microsoft-Windows-Security-Auditing' Guid='{54849625-5478-4994-a5ba-3e3b0328c30d}'/><EventID>4907</EventID><Version>0</Version><Level>0</Level><Task>13568</Task><Opcode>0</Opcode><Keywords>0x8020000000000000</Keywords><TimeCreated SystemTime='2025-06-02T16:47:51.8301484Z'/><EventRecordID>1019</EventRecordID><Correlation/><Execution ProcessID='4' ThreadID='240'/><Channel>Security</Channel><Computer>NIKOLAISMETBD82</Computer><Security/></System><EventData><Data Name='SubjectUserSid'>S-1-5-18</Data><Data Name='SubjectUserName'>NIKOLAISMETBD82$</Data><Data Name='SubjectDomainName'>WORKGROUP</Data><Data Name='SubjectLogonId'>0x3e7</Data><Data Name='ObjectServer'>Security</Data><Data Name='ObjectType'>File</Data><Data Name='ObjectName'>C:\Windows\WinSxS\FileMaps\$$_systemapps_microsoft.windows.cloudexperiencehost_cw5n1h2txyewy_webapps_inclusiveoobe_js_common_9b35fdf5c98f69bb.cdf-ms</Data><Data Name='HandleId'>0x137c</Data><Data Name='OldSd'></Data><Data Name='NewSd'>S:(AU;SAFA;0x1f0116;;;WD)</Data><Data Name='ProcessId'>0x1508</Data><Data Name='ProcessName'>C:\Windows\WinSxS\arm64_microsoft-windows-servicingstack_31bf3856ad364e35_10.0.26100.2032_none_a54f5da7772e394d\TiWorker.exe</Data></EventData></Event><Event xmlns='http://schemas.microsoft.com/win/2004/08/events/event'><System><Provider Name='Microsoft-Windows-Security-Auditing' Guid='{54849625-5478-4994-a5ba-3e3b0328c30d}'/><EventID>4907</EventID><Version>0</Version><Level>0</Level><Task>13568</Task><Opcode>0</Opcode><Keywords>0x8020000000000000</Keywords><TimeCreated SystemTime='2025-06-02T16:47:51.8296775Z'/><EventRecordID>1018</EventRecordID><Correlation/><Execution ProcessID='4' ThreadID='7960'/><Channel>Security</Channel><Computer>NIKOLAISMETBD82</Computer><Security/></System><EventData><Data Name='SubjectUserSid'>S-1-5-18</Data><Data Name='SubjectUserName'>NIKOLAISMETBD82$</Data><Data Name='SubjectDomainName'>WORKGROUP</Data><Data Name='SubjectLogonId'>0x3e7</Data><Data Name='ObjectServer'>Security</Data><Data Name='ObjectType'>File</Data><Data Name='ObjectName'>C:\Windows\WinSxS\FileMaps\$$_systemapps_microsoft.windows.cloudexperiencehost_cw5n1h2txyewy_webapps_inclusiveoobe_js_fed525f87d913b20.cdf-ms</Data><Data Name='HandleId'>0x137c</Data><Data Name='OldSd'></Data><Data Name='NewSd'>S:(AU;SAFA;0x1f0116;;;WD)</Data><Data Name='ProcessId'>0x1508</Data><Data Name='ProcessName'>C:\Windows\WinSxS\arm64_microsoft-windows-servicingstack_31bf3856ad364e35_10.0.26100.2032_none_a54f5da7772e394d\TiWorker.exe</Data></EventData></Event><Event xmlns='http://schemas.microsoft.com/win/2004/08/events/event'><System><Provider Name='Microsoft-Windows-Security-Auditing' Guid='{54849625-5478-4994-a5ba-3e3b0328c30d}'/><EventID>4907</EventID><Version>0</Version><Level>0</Level><Task>13568</Task><Opcode>0</Opcode><Keywords>0x8020000000000000</Keywords><TimeCreated SystemTime='2025-06-02T16:47:51.8291074Z'/><EventRecordID>1017</EventRecordID><Correlation/><Execution ProcessID='4' ThreadID='240'/><Channel>Security</Channel><Computer>NIKOLAISMETBD82</Computer><Security/></System><EventData><Data Name='SubjectUserSid'>S-1-5-18</Data><Data Name='SubjectUserName'>NIKOLAISMETBD82$</Data><Data Name='SubjectDomainName'>WORKGROUP</Data><Data Name='SubjectLogonId'>0x3e7</Data><Data Name='ObjectServer'>Security</Data><Data Name='ObjectType'>File</Data><Data Name='ObjectName'>C:\Windows\WinSxS\FileMaps\$$_systemapps_microsoft.windows.cloudexperiencehost_cw5n1h2txyewy_webapps_inclusiveoobe_media_fff1539a1a4e3fb7.cdf-ms</Data><Data Name='HandleId'>0x137c</Data><Data Name='OldSd'></Data><Data Name='NewSd'>S:(AU;SAFA;0x1f0116;;;WD)</Data><Data Name='ProcessId'>0x1508</Data><Data Name='ProcessName'>C:\Windows\WinSxS\arm64_microsoft-windows-servicingstack_31bf3856ad364e35_10.0.26100.2032_none_a54f5da7772e394d\TiWorker.exe</Data></EventData></Event><Event xmlns='http://schemas.microsoft.com/win/2004/08/events/event'><System><Provider Name='Microsoft-Windows-Security-Auditing' Guid='{54849625-5478-4994-a5ba-3e3b0328c30d}'/><EventID>4907</EventID><Version>0</Version><Level>0</Level><Task>13568</Task><Opcode>0</Opcode><Keywords>0x8020000000000000</Keywords><TimeCreated SystemTime='2025-06-02T16:47:51.8286018Z'/><EventRecordID>1016</EventRecordID><Correlation/><Execution ProcessID='4' ThreadID='7960'/><Channel>Security</Channel><Computer>NIKOLAISMETBD82</Computer><Security/></System><EventData><Data Name='SubjectUserSid'>S-1-5-18</Data><Data Name='SubjectUserName'>NIKOLAISMETBD82$</Data><Data Name='SubjectDomainName'>WORKGROUP</Data><Data Name='SubjectLogonId'>0x3e7</Data><Data Name='ObjectServer'>Security</Data><Data Name='ObjectType'>File</Data><Data Name='ObjectName'>C:\Windows\WinSxS\FileMaps\$$_systemapps_microsoft.windows.cloudexperiencehost_cw5n1h2txyewy_webapps_inclusiveoobe_view_templat_72e2a4dd8431fbed.cdf-ms</Data><Data Name='HandleId'>0x137c</Data><Data Name='OldSd'></Data><Data Name='NewSd'>S:(AU;SAFA;0x1f0116;;;WD)</Data><Data Name='ProcessId'>0x1508</Data><Data Name='ProcessName'>C:\Windows\WinSxS\arm64_microsoft-windows-servicingstack_31bf3856ad364e35_10.0.26100.2032_none_a54f5da7772e394d\TiWorker.exe</Data></EventData></Event><Event xmlns='http://schemas.microsoft.com/win/2004/08/events/event'><System><Provider Name='Microsoft-Windows-Security-Auditing' Guid='{54849625-5478-4994-a5ba-3e3b0328c30d}'/><EventID>4907</EventID><Version>0</Version><Level>0</Level><Task>13568</Task><Opcode>0</Opcode><Keywords>0x8020000000000000</Keywords><TimeCreated SystemTime='2025-06-02T16:47:51.8280796Z'/><EventRecordID>1015</EventRecordID><Correlation/><Execution ProcessID='4' ThreadID='240'/><Channel>Security</Channel><Computer>NIKOLAISMETBD82</Computer><Security/></System><EventData><Data Name='SubjectUserSid'>S-1-5-18</Data><Data Name='SubjectUserName'>NIKOLAISMETBD82$</Data><Data Name='SubjectDomainName'>WORKGROUP</Data><Data Name='SubjectLogonId'>0x3e7</Data><Data Name='ObjectServer'>Security</Data><Data Name='ObjectType'>File</Data><Data Name='ObjectName'>C:\Windows\WinSxS\FileMaps\$$_systemapps_microsoft.windows.cloudexperiencehost_cw5n1h2txyewy_webapps_inclusiveoobe_view_9d516b3c2e3e1a84.cdf-ms</Data><Data Name='HandleId'>0x137c</Data><Data Name='OldSd'></Data><Data Name='NewSd'>S:(AU;SAFA;0x1f0116;;;WD)</Data><Data Name='ProcessId'>0x1508</Data><Data Name='ProcessName'>C:\Windows\WinSxS\arm64_microsoft-windows-servicingstack_31bf3856ad364e35_10.0.26100.2032_none_a54f5da7772e394d\TiWorker.exe</Data></EventData></Event><Event xmlns='http://schemas.microsoft.com/win/2004/08/events/event'><System><Provider Name='Microsoft-Windows-Security-Auditing' Guid='{54849625-5478-4994-a5ba-3e3b0328c30d}'/><EventID>4907</EventID><Version>0</Version><Level>0</Level><Task>13568</Task><Opcode>0</Opcode><Keywords>0x8020000000000000</Keywords><TimeCreated SystemTime='2025-06-02T16:47:51.8275316Z'/><EventRecordID>1014</EventRecordID><Correlation/><Execution ProcessID='4' ThreadID='240'/><Channel>Security</Channel><Computer>NIKOLAISMETBD82</Computer><Security/></System><EventData><Data Name='SubjectUserSid'>S-1-5-18</Data><Data Name='SubjectUserName'>NIKOLAISMETBD82$</Data><Data Name='SubjectDomainName'>WORKGROUP</Data><Data Name='SubjectLogonId'>0x3e7</Data><Data Name='ObjectServer'>Security</Data><Data Name='ObjectType'>File</Data><Data Name='ObjectName'>C:\Windows\WinSxS\FileMaps\$$_systemapps_microsoft.windows.cloudexperiencehost_cw5n1h2txyewy_webapps_inclusiveoobe_d9ae09c5d2ccd3fb.cdf-ms</Data><Data Name='HandleId'>0x137c</Data><Data Name='OldSd'></Data><Data Name='NewSd'>S:(AU;SAFA;0x1f0116;;;WD)</Data><Data Name='ProcessId'>0x1508</Data><Data Name='ProcessName'>C:\Windows\WinSxS\arm64_microsoft-windows-servicingstack_31bf3856ad364e35_10.0.26100.2032_none_a54f5da7772e394d\TiWorker.exe</Data></EventData></Event><Event xmlns='http://schemas.microsoft.com/win/2004/08/events/event'><System><Provider Name='Microsoft-Windows-Security-Auditing' Guid='{54849625-5478-4994-a5ba-3e3b0328c30d}'/><EventID>4907</EventID><Version>0</Version><Level>0</Level><Task>13568</Task><Opcode>0</Opcode><Keywords>0x8020000000000000</Keywords><TimeCreated SystemTime='2025-06-02T16:47:51.8270429Z'/><EventRecordID>1013</EventRecordID><Correlation/><Execution ProcessID='4' ThreadID='7960'/><Channel>Security</Channel><Computer>NIKOLAISMETBD82</Computer><Security/></System><EventData><Data Name='SubjectUserSid'>S-1-5-18</Data><Data Name='SubjectUserName'>NIKOLAISMETBD82$</Data><Data Name='SubjectDomainName'>WORKGROUP</Data><Data Name='SubjectLogonId'>0x3e7</Data><Data Name='ObjectServer'>Security</Data><Data Name='ObjectType'>File</Data><Data Name='ObjectName'>C:\Windows\WinSxS\FileMaps\$$_systemapps_microsoft.windows.cloudexperiencehost_cw5n1h2txyewy_webapps_inclusivesspr_js_04768872769d851d.cdf-ms</Data><Data Name='HandleId'>0x137c</Data><Data Name='OldSd'></Data><Data Name='NewSd'>S:(AU;SAFA;0x1f0116;;;WD)</Data><Data Name='ProcessId'>0x1508</Data><Data Name='ProcessName'>C:\Windows\WinSxS\arm64_microsoft-windows-servicingstack_31bf3856ad364e35_10.0.26100.2032_none_a54f5da7772e394d\TiWorker.exe</Data></EventData></Event><Event xmlns='http://schemas.microsoft.com/win/2004/08/events/event'><System><Provider Name='Microsoft-Windows-Security-Auditing' Guid='{54849625-5478-4994-a5ba-3e3b0328c30d}'/><EventID>4907</EventID><Version>0</Version><Level>0</Level><Task>13568</Task><Opcode>0</Opcode><Keywords>0x8020000000000000</Keywords><TimeCreated SystemTime='2025-06-02T16:47:51.8265049Z'/><EventRecordID>1012</EventRecordID><Correlation/><Execution ProcessID='4' ThreadID='240'/><Channel>Security</Channel><Computer>NIKOLAISMETBD82</Computer><Security/></System><EventData><Data Name='SubjectUserSid'>S-1-5-18</Data><Data Name='SubjectUserName'>NIKOLAISMETBD82$</Data><Data Name='SubjectDomainName'>WORKGROUP</Data><Data Name='SubjectLogonId'>0x3e7</Data><Data Name='ObjectServer'>Security</Data><Data Name='ObjectType'>File</Data><Data Name='ObjectName'>C:\Windows\WinSxS\FileMaps\$$_systemapps_microsoft.windows.cloudexperiencehost_cw5n1h2txyewy_webapps_inclusivesspr_view_a30cd40228c98533.cdf-ms</Data><Data Name='HandleId'>0x137c</Data><Data Name='OldSd'></Data><Data Name='NewSd'>S:(AU;SAFA;0x1f0116;;;WD)</Data><Data Name='ProcessId'>0x1508</Data><Data Name='ProcessName'>C:\Windows\WinSxS\arm64_microsoft-windows-servicingstack_31bf3856ad364e35_10.0.26100.2032_none_a54f5da7772e394d\TiWorker.exe</Data></EventData></Event><Event xmlns='http://schemas.microsoft.com/win/2004/08/events/event'><System><Provider Name='Microsoft-Windows-Security-Auditing' Guid='{54849625-5478-4994-a5ba-3e3b0328c30d}'/><EventID>4907</EventID><Version>0</Version><Level>0</Level><Task>13568</Task><Opcode>0</Opcode><Keywords>0x8020000000000000</Keywords><TimeCreated SystemTime='2025-06-02T16:47:51.8259701Z'/><EventRecordID>1011</EventRecordID><Correlation/><Execution ProcessID='4' ThreadID='7960'/><Channel>Security</Channel><Computer>NIKOLAISMETBD82</Computer><Security/></System><EventData><Data Name='SubjectUserSid'>S-1-5-18</Data><Data Name='SubjectUserName'>NIKOLAISMETBD82$</Data><Data Name='SubjectDomainName'>WORKGROUP</Data><Data Name='SubjectLogonId'>0x3e7</Data><Data Name='ObjectServer'>Security</Data><Data Name='ObjectType'>File</Data><Data Name='ObjectName'>C:\Windows\WinSxS\FileMaps\$$_systemapps_microsoft.windows.cloudexperiencehost_cw5n1h2txyewy_webapps_inclusivesspr_d9ae0f7fd2cccc94.cdf-ms</Data><Data Name='HandleId'>0x137c</Data><Data Name='OldSd'></Data><Data Name='NewSd'>S:(AU;SAFA;0x1f0116;;;WD)</Data><Data Name='ProcessId'>0x1508</Data><Data Name='ProcessName'>C:\Windows\WinSxS\arm64_microsoft-windows-servicingstack_31bf3856ad364e35_10.0.26100.2032_none_a54f5da7772e394d\TiWorker.exe</Data></EventData></Event><Event xmlns='http://schemas.microsoft.com/win/2004/08/events/event'><System><Provider Name='Microsoft-Windows-Security-Auditing' Guid='{54849625-5478-4994-a5ba-3e3b0328c30d}'/><EventID>4907</EventID><Version>0</Version><Level>0</Level><Task>13568</Task><Opcode>0</Opcode><Keywords>0x8020000000000000</Keywords><TimeCreated SystemTime='2025-06-02T16:47:51.8254751Z'/><EventRecordID>1010</EventRecordID><Correlation/><Execution ProcessID='4' ThreadID='240'/><Channel>Security</Channel><Computer>NIKOLAISMETBD82</Computer><Security/></System><EventData><Data Name='SubjectUserSid'>S-1-5-18</Data><Data Name='SubjectUserName'>NIKOLAISMETBD82$</Data><Data Name='SubjectDomainName'>WORKGROUP</Data><Data Name='SubjectLogonId'>0x3e7</Data><Data Name='ObjectServer'>Security</Data><Data Name='ObjectType'>File</Data><Data Name='ObjectName'>C:\Windows\WinSxS\FileMaps\$$_systemapps_microsoft.windows.cloudexperiencehost_cw5n1h2txyewy_webapps_scoobe_js_common_5c49fd1a5570d1f3.cdf-ms</Data><Data Name='HandleId'>0x137c</Data><Data Name='OldSd'></Data><Data Name='NewSd'>S:(AU;SAFA;0x1f0116;;;WD)</Data><Data Name='ProcessId'>0x1508</Data><Data Name='ProcessName'>C:\Windows\WinSxS\arm64_microsoft-windows-servicingstack_31bf3856ad364e35_10.0.26100.2032_none_a54f5da7772e394d\TiWorker.exe</Data></EventData></Event><Event xmlns='http://schemas.microsoft.com/win/2004/08/events/event'><System><Provider Name='Microsoft-Windows-Security-Auditing' Guid='{54849625-5478-4994-a5ba-3e3b0328c30d}'/><EventID>4907</EventID><Version>0</Version><Level>0</Level><Task>13568</Task><Opcode>0</Opcode><Keywords>0x8020000000000000</Keywords><TimeCreated SystemTime='2025-06-02T16:47:51.8250104Z'/><EventRecordID>1009</EventRecordID><Correlation/><Execution ProcessID='4' ThreadID='7960'/><Channel>Security</Channel><Computer>NIKOLAISMETBD82</Computer><Security/></System><EventData><Data Name='SubjectUserSid'>S-1-5-18</Data><Data Name='SubjectUserName'>NIKOLAISMETBD82$</Data><Data Name='SubjectDomainName'>WORKGROUP</Data><Data Name='SubjectLogonId'>0x3e7</Data><Data Name='ObjectServer'>Security</Data><Data Name='ObjectType'>File</Data><Data Name='ObjectName'>C:\Windows\WinSxS\FileMaps\$$_systemapps_microsoft.windows.cloudexperiencehost_cw5n1h2txyewy_webapps_scoobe_js_2be3c432c2ce3ede.cdf-ms</Data><Data Name='HandleId'>0x137c</Data><Data Name='OldSd'></Data><Data Name='NewSd'>S:(AU;SAFA;0x1f0116;;;WD)</Data><Data Name='ProcessId'>0x1508</Data><Data Name='ProcessName'>C:\Windows\WinSxS\arm64_microsoft-windows-servicingstack_31bf3856ad364e35_10.0.26100.2032_none_a54f5da7772e394d\TiWorker.exe</Data></EventData></Event><Event xmlns='http://schemas.microsoft.com/win/2004/08/events/event'><System><Provider Name='Microsoft-Windows-Security-Auditing' Guid='{54849625-5478-4994-a5ba-3e3b0328c30d}'/><EventID>4907</EventID><Version>0</Version><Level>0</Level><Task>13568</Task><Opcode>0</Opcode><Keywords>0x8020000000000000</Keywords><TimeCreated SystemTime='2025-06-02T16:47:51.8243732Z'/><EventRecordID>1008</EventRecordID><Correlation/><Execution ProcessID='4' ThreadID='7960'/><Channel>Security</Channel><Computer>NIKOLAISMETBD82</Computer><Security/></System><EventData><Data Name='SubjectUserSid'>S-1-5-18</Data><Data Name='SubjectUserName'>NIKOLAISMETBD82$</Data><Data Name='SubjectDomainName'>WORKGROUP</Data><Data Name='SubjectLogonId'>0x3e7</Data><Data Name='ObjectServer'>Security</Data><Data Name='ObjectType'>File</Data><Data Name='ObjectName'>C:\Windows\WinSxS\FileMaps\$$_systemapps_microsoft.windows.cloudexperiencehost_cw5n1h2txyewy_webapps_scoobe_media_2e29d64a701c210b.cdf-ms</Data><Data Name='HandleId'>0x137c</Data><Data Name='OldSd'></Data><Data Name='NewSd'>S:(AU;SAFA;0x1f0116;;;WD)</Data><Data Name='ProcessId'>0x1508</Data><Data Name='ProcessName'>C:\Windows\WinSxS\arm64_microsoft-windows-servicingstack_31bf3856ad364e35_10.0.26100.2032_none_a54f5da7772e394d\TiWorker.exe</Data></EventData></Event><Event xmlns='http://schemas.microsoft.com/win/2004/08/events/event'><System><Provider Name='Microsoft-Windows-Security-Auditing' Guid='{54849625-5478-4994-a5ba-3e3b0328c30d}'/><EventID>4907</EventID><Version>0</Version><Level>0</Level><Task>13568</Task><Opcode>0</Opcode><Keywords>0x8020000000000000</Keywords><TimeCreated SystemTime='2025-06-02T16:47:51.8239583Z'/><EventRecordID>1007</EventRecordID><Correlation/><Execution ProcessID='4' ThreadID='240'/><Channel>Security</Channel><Computer>NIKOLAISMETBD82</Computer><Security/></System><EventData><Data Name='SubjectUserSid'>S-1-5-18</Data><Data Name='SubjectUserName'>NIKOLAISMETBD82$</Data><Data Name='SubjectDomainName'>WORKGROUP</Data><Data Name='SubjectLogonId'>0x3e7</Data><Data Name='ObjectServer'>Security</Data><Data Name='ObjectType'>File</Data><Data Name='ObjectName'>C:\Windows\WinSxS\FileMaps\$$_systemapps_microsoft.windows.cloudexperiencehost_cw5n1h2txyewy_webapps_scoobe_view_ffe5b70b18357b66.cdf-ms</Data><Data Name='HandleId'>0x137c</Data><Data Name='OldSd'></Data><Data Name='NewSd'>S:(AU;SAFA;0x1f0116;;;WD)</Data><Data Name='ProcessId'>0x1508</Data><Data Name='ProcessName'>C:\Windows\WinSxS\arm64_microsoft-windows-servicingstack_31bf3856ad364e35_10.0.26100.2032_none_a54f5da7772e394d\TiWorker.exe</Data></EventData></Event><Event xmlns='http://schemas.microsoft.com/win/2004/08/events/event'><System><Provider Name='Microsoft-Windows-Security-Auditing' Guid='{54849625-5478-4994-a5ba-3e3b0328c30d}'/><EventID>4907</EventID><Version>0</Version><Level>0</Level><Task>13568</Task><Opcode>0</Opcode><Keywords>0x8020000000000000</Keywords><TimeCreated SystemTime='2025-06-02T16:47:51.8235707Z'/><EventRecordID>1006</EventRecordID><Correlation/><Execution ProcessID='4' ThreadID='7960'/><Channel>Security</Channel><Computer>NIKOLAISMETBD82</Computer><Security/></System><EventData><Data Name='SubjectUserSid'>S-1-5-18</Data><Data Name='SubjectUserName'>NIKOLAISMETBD82$</Data><Data Name='SubjectDomainName'>WORKGROUP</Data><Data Name='SubjectLogonId'>0x3e7</Data><Data Name='ObjectServer'>Security</Data><Data Name='ObjectType'>File</Data><Data Name='ObjectName'>C:\Windows\WinSxS\FileMaps\$$_systemapps_microsoft.windows.cloudexperiencehost_cw5n1h2txyewy_webapps_scoobe_47e577bfb89f66ff.cdf-ms</Data><Data Name='HandleId'>0x137c</Data><Data Name='OldSd'></Data><Data Name='NewSd'>S:(AU;SAFA;0x1f0116;;;WD)</Data><Data Name='ProcessId'>0x1508</Data><Data Name='ProcessName'>C:\Windows\WinSxS\arm64_microsoft-windows-servicingstack_31bf3856ad364e35_10.0.26100.2032_none_a54f5da7772e394d\TiWorker.exe</Data></EventData></Event><Event xmlns='http://schemas.microsoft.com/win/2004/08/events/event'><System><Provider Name='Microsoft-Windows-Security-Auditing' Guid='{54849625-5478-4994-a5ba-3e3b0328c30d}'/><EventID>4907</EventID><Version>0</Version><Level>0</Level><Task>13568</Task><Opcode>0</Opcode><Keywords>0x8020000000000000</Keywords><TimeCreated SystemTime='2025-06-02T16:47:51.8231150Z'/><EventRecordID>1005</EventRecordID><Correlation/><Execution ProcessID='4' ThreadID='7960'/><Channel>Security</Channel><Computer>NIKOLAISMETBD82</Computer><Security/></System><EventData><Data Name='SubjectUserSid'>S-1-5-18</Data><Data Name='SubjectUserName'>NIKOLAISMETBD82$</Data><Data Name='SubjectDomainName'>WORKGROUP</Data><Data Name='SubjectLogonId'>0x3e7</Data><Data Name='ObjectServer'>Security</Data><Data Name='ObjectType'>File</Data><Data Name='ObjectName'>C:\Windows\WinSxS\FileMaps\$$_systemapps_microsoft.windows.cloudexperiencehost_cw5n1h2txyewy_webapps_surfacehubdeviceuser_js_b837e3558be51686.cdf-ms</Data><Data Name='HandleId'>0x137c</Data><Data Name='OldSd'></Data><Data Name='NewSd'>S:(AU;SAFA;0x1f0116;;;WD)</Data><Data Name='ProcessId'>0x1508</Data><Data Name='ProcessName'>C:\Windows\WinSxS\arm64_microsoft-windows-servicingstack_31bf3856ad364e35_10.0.26100.2032_none_a54f5da7772e394d\TiWorker.exe</Data></EventData></Event><Event xmlns='http://schemas.microsoft.com/win/2004/08/events/event'><System><Provider Name='Microsoft-Windows-Security-Auditing' Guid='{54849625-5478-4994-a5ba-3e3b0328c30d}'/><EventID>4907</EventID><Version>0</Version><Level>0</Level><Task>13568</Task><Opcode>0</Opcode><Keywords>0x8020000000000000</Keywords><TimeCreated SystemTime='2025-06-02T16:47:51.8226896Z'/><EventRecordID>1004</EventRecordID><Correlation/><Execution ProcessID='4' ThreadID='240'/><Channel>Security</Channel><Computer>NIKOLAISMETBD82</Computer><Security/></System><EventData><Data Name='SubjectUserSid'>S-1-5-18</Data><Data Name='SubjectUserName'>NIKOLAISMETBD82$</Data><Data Name='SubjectDomainName'>WORKGROUP</Data><Data Name='SubjectLogonId'>0x3e7</Data><Data Name='ObjectServer'>Security</Data><Data Name='ObjectType'>File</Data><Data Name='ObjectName'>C:\Windows\WinSxS\FileMaps\$$_systemapps_microsoft.windows.cloudexperiencehost_cw5n1h2txyewy_webapps_surfacehubdeviceuser_view_878bf08afd4f7608.cdf-ms</Data><Data Name='HandleId'>0x137c</Data><Data Name='OldSd'></Data><Data Name='NewSd'>S:(AU;SAFA;0x1f0116;;;WD)</Data><Data Name='ProcessId'>0x1508</Data><Data Name='ProcessName'>C:\Windows\WinSxS\arm64_microsoft-windows-servicingstack_31bf3856ad364e35_10.0.26100.2032_none_a54f5da7772e394d\TiWorker.exe</Data></EventData></Event><Event xmlns='http://schemas.microsoft.com/win/2004/08/events/event'><System><Provider Name='Microsoft-Windows-Security-Auditing' Guid='{54849625-5478-4994-a5ba-3e3b0328c30d}'/><EventID>4907</EventID><Version>0</Version><Level>0</Level><Task>13568</Task><Opcode>0</Opcode><Keywords>0x8020000000000000</Keywords><TimeCreated SystemTime='2025-06-02T16:47:51.8222085Z'/><EventRecordID>1003</EventRecordID><Correlation/><Execution ProcessID='4' ThreadID='7960'/><Channel>Security</Channel><Computer>NIKOLAISMETBD82</Computer><Security/></System><EventData><Data Name='SubjectUserSid'>S-1-5-18</Data><Data Name='SubjectUserName'>NIKOLAISMETBD82$</Data><Data Name='SubjectDomainName'>WORKGROUP</Data><Data Name='SubjectLogonId'>0x3e7</Data><Data Name='ObjectServer'>Security</Data><Data Name='ObjectType'>File</Data><Data Name='ObjectName'>C:\Windows\WinSxS\FileMaps\$$_systemapps_microsoft.windows.cloudexperiencehost_cw5n1h2txyewy_webapps_surfacehubdeviceuser_40a8494b26aff035.cdf-ms</Data><Data Name='HandleId'>0x137c</Data><Data Name='OldSd'></Data><Data Name='NewSd'>S:(AU;SAFA;0x1f0116;;;WD)</Data><Data Name='ProcessId'>0x1508</Data><Data Name='ProcessName'>C:\Windows\WinSxS\arm64_microsoft-windows-servicingstack_31bf3856ad364e35_10.0.26100.2032_none_a54f5da7772e394d\TiWorker.exe</Data></EventData></Event><Event xmlns='http://schemas.microsoft.com/win/2004/08/events/event'><System><Provider Name='Microsoft-Windows-Security-Auditing' Guid='{54849625-5478-4994-a5ba-3e3b0328c30d}'/><EventID>4907</EventID><Version>0</Version><Level>0</Level><Task>13568</Task><Opcode>0</Opcode><Keywords>0x8020000000000000</Keywords><TimeCreated SystemTime='2025-06-02T16:47:51.8217729Z'/><EventRecordID>1002</EventRecordID><Correlation/><Execution ProcessID='4' ThreadID='240'/><Channel>Security</Channel><Computer>NIKOLAISMETBD82</Computer><Security/></System><EventData><Data Name='SubjectUserSid'>S-1-5-18</Data><Data Name='SubjectUserName'>NIKOLAISMETBD82$</Data><Data Name='SubjectDomainName'>WORKGROUP</Data><Data Name='SubjectLogonId'>0x3e7</Data><Data Name='ObjectServer'>Security</Data><Data Name='ObjectType'>File</Data><Data Name='ObjectName'>C:\Windows\WinSxS\FileMaps\$$_systemapps_microsoft.windows.cloudexperiencehost_cw5n1h2txyewy_webapps_templates_js_30c977d57667d018.cdf-ms</Data><Data Name='HandleId'>0x137c</Data><Data Name='OldSd'></Data><Data Name='NewSd'>S:(AU;SAFA;0x1f0116;;;WD)</Data><Data Name='ProcessId'>0x1508</Data><Data Name='ProcessName'>C:\Windows\WinSxS\arm64_microsoft-windows-servicingstack_31bf3856ad364e35_10.0.26100.2032_none_a54f5da7772e394d\TiWorker.exe</Data></EventData></Event><Event xmlns='http://schemas.microsoft.com/win/2004/08/events/event'><System><Provider Name='Microsoft-Windows-Security-Auditing' Guid='{54849625-5478-4994-a5ba-3e3b0328c30d}'/><EventID>4907</EventID><Version>0</Version><Level>0</Level><Task>13568</Task><Opcode>0</Opcode><Keywords>0x8020000000000000</Keywords><TimeCreated SystemTime='2025-06-02T16:47:51.8211987Z'/><EventRecordID>1001</EventRecordID><Correlation/><Execution ProcessID='4' ThreadID='7960'/><Channel>Security</Channel><Computer>NIKOLAISMETBD82</Computer><Security/></System><EventData><Data Name='SubjectUserSid'>S-1-5-18</Data><Data Name='SubjectUserName'>NIKOLAISMETBD82$</Data><Data Name='SubjectDomainName'>WORKGROUP</Data><Data Name='SubjectLogonId'>0x3e7</Data><Data Name='ObjectServer'>Security</Data><Data Name='ObjectType'>File</Data><Data Name='ObjectName'>C:\Windows\WinSxS\FileMaps\$$_systemapps_microsoft.windows.cloudexperiencehost_cw5n1h2txyewy_webapps_templates_view_fa144ce8b696a5f6.cdf-ms</Data><Data Name='HandleId'>0x137c</Data><Data Name='OldSd'></Data><Data Name='NewSd'>S:(AU;SAFA;0x1f0116;;;WD)</Data><Data Name='ProcessId'>0x1508</Data><Data Name='ProcessName'>C:\Windows\WinSxS\arm64_microsoft-windows-servicingstack_31bf3856ad364e35_10.0.26100.2032_none_a54f5da7772e394d\TiWorker.exe</Data></EventData></Event><Event xmlns='http://schemas.microsoft.com/win/2004/08/events/event'><System><Provider Name='Microsoft-Windows-Security-Auditing' Guid='{54849625-5478-4994-a5ba-3e3b0328c30d}'/><EventID>4907</EventID><Version>0</Version><Level>0</Level><Task>13568</Task><Opcode>0</Opcode><Keywords>0x8020000000000000</Keywords><TimeCreated SystemTime='2025-06-02T16:47:51.8207016Z'/><EventRecordID>1000</EventRecordID><Correlation/><Execution ProcessID='4' ThreadID='7960'/><Channel>Security</Channel><Computer>NIKOLAISMETBD82</Computer><Security/></System><EventData><Data Name='SubjectUserSid'>S-1-5-18</Data><Data Name='SubjectUserName'>NIKOLAISMETBD82$</Data><Data Name='SubjectDomainName'>WORKGROUP</Data><Data Name='SubjectLogonId'>0x3e7</Data><Data Name='ObjectServer'>Security</Data><Data Name='ObjectType'>File</Data><Data Name='ObjectName'>C:\Windows\WinSxS\FileMaps\$$_systemapps_microsoft.windows.cloudexperiencehost_cw5n1h2txyewy_webapps_templates_2902e194c40c2d99.cdf-ms</Data><Data Name='HandleId'>0x137c</Data><Data Name='OldSd'></Data><Data Name='NewSd'>S:(AU;SAFA;0x1f0116;;;WD)</Data><Data Name='ProcessId'>0x1508</Data><Data Name='ProcessName'>C:\Windows\WinSxS\arm64_microsoft-windows-servicingstack_31bf3856ad364e35_10.0.26100.2032_none_a54f5da7772e394d\TiWorker.exe</Data></EventData></Event><Event xmlns='http://schemas.microsoft.com/win/2004/08/events/event'><System><Provider Name='Microsoft-Windows-Security-Auditing' Guid='{54849625-5478-4994-a5ba-3e3b0328c30d}'/><EventID>4907</EventID><Version>0</Version><Level>0</Level><Task>13568</Task><Opcode>0</Opcode><Keywords>0x8020000000000000</Keywords><TimeCreated SystemTime='2025-06-02T16:47:51.8201401Z'/><EventRecordID>999</EventRecordID><Correlation/><Execution ProcessID='4' ThreadID='7960'/><Channel>Security</Channel><Computer>NIKOLAISMETBD82</Computer><Security/></System><EventData><Data Name='SubjectUserSid'>S-1-5-18</Data><Data Name='SubjectUserName'>NIKOLAISMETBD82$</Data><Data Name='SubjectDomainName'>WORKGROUP</Data><Data Name='SubjectLogonId'>0x3e7</Data><Data Name='ObjectServer'>Security</Data><Data Name='ObjectType'>File</Data><Data Name='ObjectName'>C:\Windows\WinSxS\FileMaps\$$_systemapps_microsoft.windows.cloudexperiencehost_cw5n1h2txyewy_webapps_unifiedenrollment_js_c50fa6bbbb7c87b1.cdf-ms</Data><Data Name='HandleId'>0x137c</Data><Data Name='OldSd'></Data><Data Name='NewSd'>S:(AU;SAFA;0x1f0116;;;WD)</Data><Data Name='ProcessId'>0x1508</Data><Data Name='ProcessName'>C:\Windows\WinSxS\arm64_microsoft-windows-servicingstack_31bf3856ad364e35_10.0.26100.2032_none_a54f5da7772e394d\TiWorker.exe</Data></EventData></Event><Event xmlns='http://schemas.microsoft.com/win/2004/08/events/event'><System><Provider Name='Microsoft-Windows-Security-Auditing' Guid='{54849625-5478-4994-a5ba-3e3b0328c30d}'/><EventID>4907</EventID><Version>0</Version><Level>0</Level><Task>13568</Task><Opcode>0</Opcode><Keywords>0x8020000000000000</Keywords><TimeCreated SystemTime='2025-06-02T16:47:51.8195005Z'/><EventRecordID>998</EventRecordID><Correlation/><Execution ProcessID='4' ThreadID='240'/><Channel>Security</Channel><Computer>NIKOLAISMETBD82</Computer><Security/></System><EventData><Data Name='SubjectUserSid'>S-1-5-18</Data><Data Name='SubjectUserName'>NIKOLAISMETBD82$</Data><Data Name='SubjectDomainName'>WORKGROUP</Data><Data Name='SubjectLogonId'>0x3e7</Data><Data Name='ObjectServer'>Security</Data><Data Name='ObjectType'>File</Data><Data Name='ObjectName'>C:\Windows\WinSxS\FileMaps\$$_systemapps_microsoft.windows.cloudexperiencehost_cw5n1h2txyewy_webapps_unifiedenrollment_views_ab3b53e7951674ac.cdf-ms</Data><Data Name='HandleId'>0x137c</Data><Data Name='OldSd'></Data><Data Name='NewSd'>S:(AU;SAFA;0x1f0116;;;WD)</Data><Data Name='ProcessId'>0x1508</Data><Data Name='ProcessName'>C:\Windows\WinSxS\arm64_microsoft-windows-servicingstack_31bf3856ad364e35_10.0.26100.2032_none_a54f5da7772e394d\TiWorker.exe</Data></EventData></Event><Event xmlns='http://schemas.microsoft.com/win/2004/08/events/event'><System><Provider Name='Microsoft-Windows-Security-Auditing' Guid='{54849625-5478-4994-a5ba-3e3b0328c30d}'/><EventID>4907</EventID><Version>0</Version><Level>0</Level><Task>13568</Task><Opcode>0</Opcode><Keywords>0x8020000000000000</Keywords><TimeCreated SystemTime='2025-06-02T16:47:51.8187108Z'/><EventRecordID>997</EventRecordID><Correlation/><Execution ProcessID='4' ThreadID='496'/><Channel>Security</Channel><Computer>NIKOLAISMETBD82</Computer><Security/></System><EventData><Data Name='SubjectUserSid'>S-1-5-18</Data><Data Name='SubjectUserName'>NIKOLAISMETBD82$</Data><Data Name='SubjectDomainName'>WORKGROUP</Data><Data Name='SubjectLogonId'>0x3e7</Data><Data Name='ObjectServer'>Security</Data><Data Name='ObjectType'>File</Data><Data Name='ObjectName'>C:\Windows\WinSxS\FileMaps\$$_systemapps_microsoft.windows.cloudexperiencehost_cw5n1h2txyewy_webapps_unifiedenrollment_608128e0971fe102.cdf-ms</Data><Data Name='HandleId'>0x137c</Data><Data Name='OldSd'></Data><Data Name='NewSd'>S:(AU;SAFA;0x1f0116;;;WD)</Data><Data Name='ProcessId'>0x1508</Data><Data Name='ProcessName'>C:\Windows\WinSxS\arm64_microsoft-windows-servicingstack_31bf3856ad364e35_10.0.26100.2032_none_a54f5da7772e394d\TiWorker.exe</Data></EventData></Event><Event xmlns='http://schemas.microsoft.com/win/2004/08/events/event'><System><Provider Name='Microsoft-Windows-Security-Auditing' Guid='{54849625-5478-4994-a5ba-3e3b0328c30d}'/><EventID>4907</EventID><Version>0</Version><Level>0</Level><Task>13568</Task><Opcode>0</Opcode><Keywords>0x8020000000000000</Keywords><TimeCreated SystemTime='2025-06-02T16:47:51.8181482Z'/><EventRecordID>996</EventRecordID><Correlation/><Execution ProcessID='4' ThreadID='496'/><Channel>Security</Channel><Computer>NIKOLAISMETBD82</Computer><Security/></System><EventData><Data Name='SubjectUserSid'>S-1-5-18</Data><Data Name='SubjectUserName'>NIKOLAISMETBD82$</Data><Data Name='SubjectDomainName'>WORKGROUP</Data><Data Name='SubjectLogonId'>0x3e7</Data><Data Name='ObjectServer'>Security</Data><Data Name='ObjectType'>File</Data><Data Name='ObjectName'>C:\Windows\WinSxS\FileMaps\$$_systemapps_microsoft.windows.cloudexperiencehost_cw5n1h2txyewy_webapps_0c3414e5ea9b964c.cdf-ms</Data><Data Name='HandleId'>0x137c</Data><Data Name='OldSd'></Data><Data Name='NewSd'>S:(AU;SAFA;0x1f0116;;;WD)</Data><Data Name='ProcessId'>0x1508</Data><Data Name='ProcessName'>C:\Windows\WinSxS\arm64_microsoft-windows-servicingstack_31bf3856ad364e35_10.0.26100.2032_none_a54f5da7772e394d\TiWorker.exe</Data></EventData></Event><Event xmlns='http://schemas.microsoft.com/win/2004/08/events/event'><System><Provider Name='Microsoft-Windows-Security-Auditing' Guid='{54849625-5478-4994-a5ba-3e3b0328c30d}'/><EventID>4907</EventID><Version>0</Version><Level>0</Level><Task>13568</Task><Opcode>0</Opcode><Keywords>0x8020000000000000</Keywords><TimeCreated SystemTime='2025-06-02T16:47:51.8176441Z'/><EventRecordID>995</EventRecordID><Correlation/><Execution ProcessID='4' ThreadID='496'/><Channel>Security</Channel><Computer>NIKOLAISMETBD82</Computer><Security/></System><EventData><Data Name='SubjectUserSid'>S-1-5-18</Data><Data Name='SubjectUserName'>NIKOLAISMETBD82$</Data><Data Name='SubjectDomainName'>WORKGROUP</Data><Data Name='SubjectLogonId'>0x3e7</Data><Data Name='ObjectServer'>Security</Data><Data Name='ObjectType'>File</Data><Data Name='ObjectName'>C:\Windows\WinSxS\FileMaps\$$_systemapps_microsoft.windows.cloudexperiencehost_cw5n1h2txyewy_e92250ef2519d1f6.cdf-ms</Data><Data Name='HandleId'>0x137c</Data><Data Name='OldSd'></Data><Data Name='NewSd'>S:(AU;SAFA;0x1f0116;;;WD)</Data><Data Name='ProcessId'>0x1508</Data><Data Name='ProcessName'>C:\Windows\WinSxS\arm64_microsoft-windows-servicingstack_31bf3856ad364e35_10.0.26100.2032_none_a54f5da7772e394d\TiWorker.exe</Data></EventData></Event><Event xmlns='http://schemas.microsoft.com/win/2004/08/events/event'><System><Provider Name='Microsoft-Windows-Security-Auditing' Guid='{54849625-5478-4994-a5ba-3e3b0328c30d}'/><EventID>4907</EventID><Version>0</Version><Level>0</Level><Task>13568</Task><Opcode>0</Opcode><Keywords>0x8020000000000000</Keywords><TimeCreated SystemTime='2025-06-02T16:47:51.8172518Z'/><EventRecordID>994</EventRecordID><Correlation/><Execution ProcessID='4' ThreadID='7960'/><Channel>Security</Channel><Computer>NIKOLAISMETBD82</Computer><Security/></System><EventData><Data Name='SubjectUserSid'>S-1-5-18</Data><Data Name='SubjectUserName'>NIKOLAISMETBD82$</Data><Data Name='SubjectDomainName'>WORKGROUP</Data><Data Name='SubjectLogonId'>0x3e7</Data><Data Name='ObjectServer'>Security</Data><Data Name='ObjectType'>File</Data><Data Name='ObjectName'>C:\Windows\WinSxS\FileMaps\$$_systemresources_windows.ui.oobewv2host_assets_images_cdfe7282107fb89a.cdf-ms</Data><Data Name='HandleId'>0x137c</Data><Data Name='OldSd'></Data><Data Name='NewSd'>S:(AU;SAFA;0x1f0116;;;WD)</Data><Data Name='ProcessId'>0x1508</Data><Data Name='ProcessName'>C:\Windows\WinSxS\arm64_microsoft-windows-servicingstack_31bf3856ad364e35_10.0.26100.2032_none_a54f5da7772e394d\TiWorker.exe</Data></EventData></Event><Event xmlns='http://schemas.microsoft.com/win/2004/08/events/event'><System><Provider Name='Microsoft-Windows-Security-Auditing' Guid='{54849625-5478-4994-a5ba-3e3b0328c30d}'/><EventID>4907</EventID><Version>0</Version><Level>0</Level><Task>13568</Task><Opcode>0</Opcode><Keywords>0x8020000000000000</Keywords><TimeCreated SystemTime='2025-06-02T16:47:51.8166315Z'/><EventRecordID>993</EventRecordID><Correlation/><Execution ProcessID='4' ThreadID='496'/><Channel>Security</Channel><Computer>NIKOLAISMETBD82</Computer><Security/></System><EventData><Data Name='SubjectUserSid'>S-1-5-18</Data><Data Name='SubjectUserName'>NIKOLAISMETBD82$</Data><Data Name='SubjectDomainName'>WORKGROUP</Data><Data Name='SubjectLogonId'>0x3e7</Data><Data Name='ObjectServer'>Security</Data><Data Name='ObjectType'>File</Data><Data Name='ObjectName'>C:\Windows\WinSxS\FileMaps\$$_systemresources_windows.ui.oobewv2host_pris_5baf02f61dae2607.cdf-ms</Data><Data Name='HandleId'>0x1390</Data><Data Name='OldSd'></Data><Data Name='NewSd'>S:(AU;SAFA;0x1f0116;;;WD)</Data><Data Name='ProcessId'>0x1508</Data><Data Name='ProcessName'>C:\Windows\WinSxS\arm64_microsoft-windows-servicingstack_31bf3856ad364e35_10.0.26100.2032_none_a54f5da7772e394d\TiWorker.exe</Data></EventData></Event><Event xmlns='http://schemas.microsoft.com/win/2004/08/events/event'><System><Provider Name='Microsoft-Windows-Security-Auditing' Guid='{54849625-5478-4994-a5ba-3e3b0328c30d}'/><EventID>4907</EventID><Version>0</Version><Level>0</Level><Task>13568</Task><Opcode>0</Opcode><Keywords>0x8020000000000000</Keywords><TimeCreated SystemTime='2025-06-02T16:47:51.8160053Z'/><EventRecordID>992</EventRecordID><Correlation/><Execution ProcessID='4' ThreadID='496'/><Channel>Security</Channel><Computer>NIKOLAISMETBD82</Computer><Security/></System><EventData><Data Name='SubjectUserSid'>S-1-5-18</Data><Data Name='SubjectUserName'>NIKOLAISMETBD82$</Data><Data Name='SubjectDomainName'>WORKGROUP</Data><Data Name='SubjectLogonId'>0x3e7</Data><Data Name='ObjectServer'>Security</Data><Data Name='ObjectType'>File</Data><Data Name='ObjectName'>C:\Windows\WinSxS\FileMaps\$$_systemresources_windows.ui.oobewv2host_06c3b2f4118c86b7.cdf-ms</Data><Data Name='HandleId'>0x654</Data><Data Name='OldSd'></Data><Data Name='NewSd'>S:(AU;SAFA;0x1f0116;;;WD)</Data><Data Name='ProcessId'>0x1508</Data><Data Name='ProcessName'>C:\Windows\WinSxS\arm64_microsoft-windows-servicingstack_31bf3856ad364e35_10.0.26100.2032_none_a54f5da7772e394d\TiWorker.exe</Data></EventData></Event><Event xmlns='http://schemas.microsoft.com/win/2004/08/events/event'><System><Provider Name='Microsoft-Windows-Security-Auditing' Guid='{54849625-5478-4994-a5ba-3e3b0328c30d}'/><EventID>4907</EventID><Version>0</Version><Level>0</Level><Task>13568</Task><Opcode>0</Opcode><Keywords>0x8020000000000000</Keywords><TimeCreated SystemTime='2025-06-02T16:47:51.8151144Z'/><EventRecordID>991</EventRecordID><Correlation/><Execution ProcessID='4' ThreadID='7960'/><Channel>Security</Channel><Computer>NIKOLAISMETBD82</Computer><Security/></System><EventData><Data Name='SubjectUserSid'>S-1-5-18</Data><Data Name='SubjectUserName'>NIKOLAISMETBD82$</Data><Data Name='SubjectDomainName'>WORKGROUP</Data><Data Name='SubjectLogonId'>0x3e7</Data><Data Name='ObjectServer'>Security</Data><Data Name='ObjectType'>File</Data><Data Name='ObjectName'>C:\Windows\WinSxS\FileMaps\$$_systemresources_0307ca33e1cd9708.cdf-ms</Data><Data Name='HandleId'>0x1390</Data><Data Name='OldSd'></Data><Data Name='NewSd'>S:(AU;SAFA;0x1f0116;;;WD)</Data><Data Name='ProcessId'>0x1508</Data><Data Name='ProcessName'>C:\Windows\WinSxS\arm64_microsoft-windows-servicingstack_31bf3856ad364e35_10.0.26100.2032_none_a54f5da7772e394d\TiWorker.exe</Data></EventData></Event><Event xmlns='http://schemas.microsoft.com/win/2004/08/events/event'><System><Provider Name='Microsoft-Windows-Security-Auditing' Guid='{54849625-5478-4994-a5ba-3e3b0328c30d}'/><EventID>4907</EventID><Version>0</Version><Level>0</Level><Task>13568</Task><Opcode>0</Opcode><Keywords>0x8020000000000000</Keywords><TimeCreated SystemTime='2025-06-02T16:47:51.8145199Z'/><EventRecordID>990</EventRecordID><Correlation/><Execution ProcessID='4' ThreadID='7960'/><Channel>Security</Channel><Computer>NIKOLAISMETBD82</Computer><Security/></System><EventData><Data Name='SubjectUserSid'>S-1-5-18</Data><Data Name='SubjectUserName'>NIKOLAISMETBD82$</Data><Data Name='SubjectDomainName'>WORKGROUP</Data><Data Name='SubjectLogonId'>0x3e7</Data><Data Name='ObjectServer'>Security</Data><Data Name='ObjectType'>File</Data><Data Name='ObjectName'>C:\Windows\WinSxS\FileMaps\$$_syswow64_21ffbdd2a2dd92e0.cdf-ms</Data><Data Name='HandleId'>0x1390</Data><Data Name='OldSd'></Data><Data Name='NewSd'>S:(AU;SAFA;0x1f0116;;;WD)</Data><Data Name='ProcessId'>0x1508</Data><Data Name='ProcessName'>C:\Windows\WinSxS\arm64_microsoft-windows-servicingstack_31bf3856ad364e35_10.0.26100.2032_none_a54f5da7772e394d\TiWorker.exe</Data></EventData></Event><Event xmlns='http://schemas.microsoft.com/win/2004/08/events/event'><System><Provider Name='Microsoft-Windows-Security-Auditing' Guid='{54849625-5478-4994-a5ba-3e3b0328c30d}'/><EventID>4907</EventID><Version>0</Version><Level>0</Level><Task>13568</Task><Opcode>0</Opcode><Keywords>0x8020000000000000</Keywords><TimeCreated SystemTime='2025-06-02T16:47:51.8139418Z'/><EventRecordID>989</EventRecordID><Correlation/><Execution ProcessID='4' ThreadID='7960'/><Channel>Security</Channel><Computer>NIKOLAISMETBD82</Computer><Security/></System><EventData><Data Name='SubjectUserSid'>S-1-5-18</Data><Data Name='SubjectUserName'>NIKOLAISMETBD82$</Data><Data Name='SubjectDomainName'>WORKGROUP</Data><Data Name='SubjectLogonId'>0x3e7</Data><Data Name='ObjectServer'>Security</Data><Data Name='ObjectType'>File</Data><Data Name='ObjectName'>C:\Windows\WinSxS\FileMaps\$$.cdf-ms</Data><Data Name='HandleId'>0x1390</Data><Data Name='OldSd'></Data><Data Name='NewSd'>S:(AU;SAFA;0x1f0116;;;WD)</Data><Data Name='ProcessId'>0x1508</Data><Data Name='ProcessName'>C:\Windows\WinSxS\arm64_microsoft-windows-servicingstack_31bf3856ad364e35_10.0.26100.2032_none_a54f5da7772e394d\TiWorker.exe</Data></EventData></Event><Event xmlns='http://schemas.microsoft.com/win/2004/08/events/event'><System><Provider Name='Microsoft-Windows-Security-Auditing' Guid='{54849625-5478-4994-a5ba-3e3b0328c30d}'/><EventID>4907</EventID><Version>0</Version><Level>0</Level><Task>13568</Task><Opcode>0</Opcode><Keywords>0x8020000000000000</Keywords><TimeCreated SystemTime='2025-06-02T16:47:51.8131309Z'/><EventRecordID>988</EventRecordID><Correlation/><Execution ProcessID='4' ThreadID='240'/><Channel>Security</Channel><Computer>NIKOLAISMETBD82</Computer><Security/></System><EventData><Data Name='SubjectUserSid'>S-1-5-18</Data><Data Name='SubjectUserName'>NIKOLAISMETBD82$</Data><Data Name='SubjectDomainName'>WORKGROUP</Data><Data Name='SubjectLogonId'>0x3e7</Data><Data Name='ObjectServer'>Security</Data><Data Name='ObjectType'>File</Data><Data Name='ObjectName'>C:\Windows\WinSxS\FileMaps\_0000000000000000.cdf-ms</Data><Data Name='HandleId'>0x1390</Data><Data Name='OldSd'></Data><Data Name='NewSd'>S:(AU;SAFA;0x1f0116;;;WD)</Data><Data Name='ProcessId'>0x1508</Data><Data Name='ProcessName'>C:\Windows\WinSxS\arm64_microsoft-windows-servicingstack_31bf3856ad364e35_10.0.26100.2032_none_a54f5da7772e394d\TiWorker.exe</Data></EventData></Event><Event xmlns='http://schemas.microsoft.com/win/2004/08/events/event'><System><Provider Name='Microsoft-Windows-Security-Auditing' Guid='{54849625-5478-4994-a5ba-3e3b0328c30d}'/><EventID>4907</EventID><Version>0</Version><Level>0</Level><Task>13568</Task><Opcode>0</Opcode><Keywords>0x8020000000000000</Keywords><TimeCreated SystemTime='2025-06-02T16:47:51.7327185Z'/><EventRecordID>987</EventRecordID><Correlation/><Execution ProcessID='4' ThreadID='240'/><Channel>Security</Channel><Computer>NIKOLAISMETBD82</Computer><Security/></System><EventData><Data Name='SubjectUserSid'>S-1-5-18</Data><Data Name='SubjectUserName'>NIKOLAISMETBD82$</Data><Data Name='SubjectDomainName'>WORKGROUP</Data><Data Name='SubjectLogonId'>0x3e7</Data><Data Name='ObjectServer'>Security</Data><Data Name='ObjectType'>File</Data><Data Name='ObjectName'>C:\Windows\System32\CloudExperienceHost.dll</Data><Data Name='HandleId'>0x97c</Data><Data Name='OldSd'>S:NO_ACCESS_CONTROL</Data><Data Name='NewSd'>S:(AU;SAFA;DCLCRPCRSDWDWO;;;WD)</Data><Data Name='ProcessId'>0x1508</Data><Data Name='ProcessName'>C:\Windows\WinSxS\arm64_microsoft-windows-servicingstack_31bf3856ad364e35_10.0.26100.2032_none_a54f5da7772e394d\TiWorker.exe</Data></EventData></Event>