<Event xmlns='http://schemas.microsoft.com/win/2004/08/events/event'><System><Provider Name='Microsoft-Windows-Directory-Services-SAM' Guid='{0d4fdc09-8c27-494a-bda0-505e4fd8adae}'/><EventID>16977</EventID><Version>0</Version><Level>4</Level><Task>0</Task><Opcode>0</Opcode><Keywords>0x8000000000000000</Keywords><TimeCreated SystemTime='2025-06-03T00:42:21.0414486Z'/><EventRecordID>45</EventRecordID><Correlation ActivityID='{5a3a9721-d420-0000-b998-3a5a20d4db01}'/><Execution ProcessID='904' ThreadID='908'/><Channel>System</Channel><Computer>NIKOLAI-BSDBOH4</Computer><Security UserID='S-1-5-18'/></System><EventData Name='SAMMSG_MINPWDLEN_SETTINGS_IN_EFFECT'><Data Name='MinimumPasswordLength'>0</Data><Data Name='RelaxMinimumPasswordLengthLimits'>0</Data><Data Name='MinimumPasswordLengthAudit'>-1</Data></EventData></Event><Event xmlns='http://schemas.microsoft.com/win/2004/08/events/event'><System><Provider Name='Microsoft-Windows-Directory-Services-SAM' Guid='{0d4fdc09-8c27-494a-bda0-505e4fd8adae}'/><EventID>16962</EventID><Version>0</Version><Level>4</Level><Task>0</Task><Opcode>0</Opcode><Keywords>0x8000000000000000</Keywords><TimeCreated SystemTime='2025-06-03T00:42:21.0330462Z'/><EventRecordID>44</EventRecordID><Correlation ActivityID='{5a3a9721-d420-0000-b998-3a5a20d4db01}'/><Execution ProcessID='904' ThreadID='908'/><Channel>System</Channel><Computer>NIKOLAI-BSDBOH4</Computer><Security UserID='S-1-5-18'/></System><EventData Name='SAMMSG_RESTRICT_REMOTE_SAM_DEFAULT_SD'><Data Name='Default SD String:'>O:SYG:SYD:(A;;RC;;;BA)</Data></EventData></Event><Event xmlns='http://schemas.microsoft.com/win/2004/08/events/event'><System><Provider Name='LsaSrv' Guid='{199fe037-2b82-40a9-82ac-e1d46c792b99}'/><EventID>6156</EventID><Version>0</Version><Level>4</Level><Task>0</Task><Opcode>0</Opcode><Keywords>0x8000000000000000</Keywords><TimeCreated SystemTime='2025-06-03T00:42:20.8766071Z'/><EventRecordID>43</EventRecordID><Correlation/><Execution ProcessID='904' ThreadID='908'/><Channel>System</Channel><Computer>NIKOLAI-BSDBOH4</Computer><Security UserID='S-1-5-18'/></System><EventData><Data Name='HardwareChecks'>0</Data><Data Name='ADDomainJoin'>0</Data><Data Name='AADDomainJoin'>0</Data><Data Name='IsLicensed'>1</Data><Data Name='DomainController'>0</Data></EventData></Event><Event xmlns='http://schemas.microsoft.com/win/2004/08/events/event'><System><Provider Name='Microsoft-Windows-Wininit' Guid='{206f6dea-d3c5-4d10-bc72-989f03c8b84b}'/><EventID>12</EventID><Version>0</Version><Level>4</Level><Task>0</Task><Opcode>0</Opcode><Keywords>0x4000000000000000</Keywords><TimeCreated SystemTime='2025-06-03T00:42:20.8341591Z'/><EventRecordID>42</EventRecordID><Correlation/><Execution ProcessID='732' ThreadID='736'/><Channel>System</Channel><Computer>NIKOLAI-BSDBOH4</Computer><Security UserID='S-1-5-18'/></System><EventData><Data Name='Level'>4</Data></EventData></Event><Event xmlns='http://schemas.microsoft.com/win/2004/08/events/event'><System><Provider Name='Microsoft-Windows-Wininit' Guid='{206f6dea-d3c5-4d10-bc72-989f03c8b84b}'/><EventID>14</EventID><Version>0</Version><Level>4</Level><Task>0</Task><Opcode>0</Opcode><Keywords>0x4000000000000000</Keywords><TimeCreated SystemTime='2025-06-03T00:42:20.8225801Z'/><EventRecordID>41</EventRecordID><Correlation/><Execution ProcessID='732' ThreadID='736'/><Channel>System</Channel><Computer>NIKOLAI-BSDBOH4</Computer><Security UserID='S-1-5-18'/></System><EventData><Data Name='Config'>0</Data><Data Name='IsTestConfig'>0</Data><Data Name='IsAutoEnabled'>0</Data></EventData></Event><Event xmlns='http://schemas.microsoft.com/win/2004/08/events/event'><System><Provider Name='Microsoft-Windows-Kernel-General' Guid='{a68ca8b7-004f-d7b6-a698-07e2de0f1f5d}'/><EventID>16</EventID><Version>0</Version><Level>4</Level><Task>0</Task><Opcode>0</Opcode><Keywords>0x8000000000000000</Keywords><TimeCreated SystemTime='2025-06-03T00:42:20.5686282Z'/><EventRecordID>40</EventRecordID><Correlation/><Execution ProcessID='596' ThreadID='600'/><Channel>System</Channel><Computer>NIKOLAI-BSDBOH4</Computer><Security UserID='S-1-5-18'/></System><EventData><Data Name='HiveNameLength'>31</Data><Data Name='HiveName'>\??\C:\Users\Default\NTUSER.DAT</Data><Data Name='KeysUpdated'>24</Data><Data Name='DirtyPages'>7</Data></EventData></Event><Event xmlns='http://schemas.microsoft.com/win/2004/08/events/event'><System><Provider Name='Microsoft-Windows-Kernel-General' Guid='{a68ca8b7-004f-d7b6-a698-07e2de0f1f5d}'/><EventID>16</EventID><Version>0</Version><Level>4</Level><Task>0</Task><Opcode>0</Opcode><Keywords>0x8000000000000000</Keywords><TimeCreated SystemTime='2025-06-03T00:42:17.0488414Z'/><EventRecordID>39</EventRecordID><Correlation/><Execution ProcessID='468' ThreadID='472'/><Channel>System</Channel><Computer>NIKOLAI-BSDBOH4</Computer><Security UserID='S-1-5-18'/></System><EventData><Data Name='HiveNameLength'>46</Data><Data Name='HiveName'>\Device\HarddiskVolume2\EFI\Microsoft\Boot\BCD</Data><Data Name='KeysUpdated'>101</Data><Data Name='DirtyPages'>4</Data></EventData></Event><Event xmlns='http://schemas.microsoft.com/win/2004/08/events/event'><System><Provider Name='Microsoft-Windows-Kernel-General' Guid='{a68ca8b7-004f-d7b6-a698-07e2de0f1f5d}'/><EventID>16</EventID><Version>0</Version><Level>4</Level><Task>0</Task><Opcode>0</Opcode><Keywords>0x8000000000000000</Keywords><TimeCreated SystemTime='2025-06-03T00:42:16.9078889Z'/><EventRecordID>38</EventRecordID><Correlation/><Execution ProcessID='4' ThreadID='120'/><Channel>System</Channel><Computer>NIKOLAI-BSDBOH4</Computer><Security UserID='S-1-5-18'/></System><EventData><Data Name='HiveNameLength'>35</Data><Data Name='HiveName'>\SystemRoot\System32\config\DRIVERS</Data><Data Name='KeysUpdated'>416</Data><Data Name='DirtyPages'>48</Data></EventData></Event><Event xmlns='http://schemas.microsoft.com/win/2004/08/events/event'><System><Provider Name='Microsoft-Windows-Kernel-General' Guid='{a68ca8b7-004f-d7b6-a698-07e2de0f1f5d}'/><EventID>24</EventID><Version>0</Version><Level>4</Level><Task>11</Task><Opcode>0</Opcode><Keywords>0x8000000000000010</Keywords><TimeCreated SystemTime='2025-06-03T00:42:16.9033817Z'/><EventRecordID>37</EventRecordID><Correlation/><Execution ProcessID='124' ThreadID='592'/><Channel>System</Channel><Computer>NIKOLAI-BSDBOH4</Computer><Security UserID='S-1-5-18'/></System><EventData><Data Name='ExitReason'>0</Data><Data Name='CurrentBias'>420</Data><Data Name='CurrentTimeZoneID'>2</Data><Data Name='TimeZoneInfoCacheUpdated'>0</Data><Data Name='FirstRefresh'>0</Data></EventData></Event><Event xmlns='http://schemas.microsoft.com/win/2004/08/events/event'><System><Provider Name='Microsoft-Windows-HAL' Guid='{63d1e632-95cc-4443-9312-af927761d52a}'/><EventID>20</EventID><Version>0</Version><Level>2</Level><Task>0</Task><Opcode>0</Opcode><Keywords>0x8000000000000000</Keywords><TimeCreated SystemTime='2025-06-03T00:42:16.9022447Z'/><EventRecordID>36</EventRecordID><Correlation/><Execution ProcessID='124' ThreadID='592'/><Channel>System</Channel><Computer>NIKOLAI-BSDBOH4</Computer><Security UserID='S-1-5-18'/></System><EventData><Data Name='Status'>3221225473</Data></EventData></Event><Event xmlns='http://schemas.microsoft.com/win/2004/08/events/event'><System><Provider Name='Microsoft-Windows-Kernel-General' Guid='{a68ca8b7-004f-d7b6-a698-07e2de0f1f5d}'/><EventID>16</EventID><Version>0</Version><Level>4</Level><Task>0</Task><Opcode>0</Opcode><Keywords>0x8000000000000000</Keywords><TimeCreated SystemTime='2025-06-03T00:42:16.8770456Z'/><EventRecordID>35</EventRecordID><Correlation/><Execution ProcessID='496' ThreadID='500'/><Channel>System</Channel><Computer>NIKOLAI-BSDBOH4</Computer><Security UserID='S-1-5-18'/></System><EventData><Data Name='HiveNameLength'>46</Data><Data Name='HiveName'>\Device\HarddiskVolume2\EFI\Microsoft\Boot\BCD</Data><Data Name='KeysUpdated'>101</Data><Data Name='DirtyPages'>4</Data></EventData></Event><Event xmlns='http://schemas.microsoft.com/win/2004/08/events/event'><System><Provider Name='Microsoft-Windows-Ntfs' Guid='{3ff37a1c-a68d-4d6e-8c9b-f79e8b16c482}'/><EventID>98</EventID><Version>0</Version><Level>4</Level><Task>0</Task><Opcode>0</Opcode><Keywords>0x8000000000000002</Keywords><TimeCreated SystemTime='2025-06-03T00:42:16.8725301Z'/><EventRecordID>34</EventRecordID><Correlation/><Execution ProcessID='4' ThreadID='396'/><Channel>System</Channel><Computer>NIKOLAI-BSDBOH4</Computer><Security UserID='S-1-5-18'/></System><EventData><Data Name='DriveName'>\\?\Volume{68206a47-414c-4344-94cb-e9c5077b8440}</Data><Data Name='DeviceName'>\Device\HarddiskVolume1</Data><Data Name='CorruptionActionState'>0</Data></EventData></Event><Event xmlns='http://schemas.microsoft.com/win/2004/08/events/event'><System><Provider Name='Microsoft-Windows-Kernel-General' Guid='{a68ca8b7-004f-d7b6-a698-07e2de0f1f5d}'/><EventID>16</EventID><Version>0</Version><Level>4</Level><Task>0</Task><Opcode>0</Opcode><Keywords>0x8000000000000000</Keywords><TimeCreated SystemTime='2025-06-03T00:42:16.8656562Z'/><EventRecordID>33</EventRecordID><Correlation/><Execution ProcessID='496' ThreadID='500'/><Channel>System</Channel><Computer>NIKOLAI-BSDBOH4</Computer><Security UserID='S-1-5-18'/></System><EventData><Data Name='HiveNameLength'>46</Data><Data Name='HiveName'>\Device\HarddiskVolume2\EFI\Microsoft\Boot\BCD</Data><Data Name='KeysUpdated'>101</Data><Data Name='DirtyPages'>4</Data></EventData></Event><Event xmlns='http://schemas.microsoft.com/win/2004/08/events/event'><System><Provider Name='Microsoft-Windows-Kernel-General' Guid='{a68ca8b7-004f-d7b6-a698-07e2de0f1f5d}'/><EventID>16</EventID><Version>0</Version><Level>4</Level><Task>0</Task><Opcode>0</Opcode><Keywords>0x8000000000000000</Keywords><TimeCreated SystemTime='2025-06-03T00:42:16.8608311Z'/><EventRecordID>32</EventRecordID><Correlation/><Execution ProcessID='496' ThreadID='500'/><Channel>System</Channel><Computer>NIKOLAI-BSDBOH4</Computer><Security UserID='S-1-5-18'/></System><EventData><Data Name='HiveNameLength'>46</Data><Data Name='HiveName'>\Device\HarddiskVolume2\EFI\Microsoft\Boot\BCD</Data><Data Name='KeysUpdated'>101</Data><Data Name='DirtyPages'>4</Data></EventData></Event><Event xmlns='http://schemas.microsoft.com/win/2004/08/events/event'><System><Provider Name='Microsoft-Windows-Kernel-General' Guid='{a68ca8b7-004f-d7b6-a698-07e2de0f1f5d}'/><EventID>16</EventID><Version>0</Version><Level>4</Level><Task>0</Task><Opcode>0</Opcode><Keywords>0x8000000000000000</Keywords><TimeCreated SystemTime='2025-06-03T00:42:16.8540118Z'/><EventRecordID>31</EventRecordID><Correlation/><Execution ProcessID='496' ThreadID='500'/><Channel>System</Channel><Computer>NIKOLAI-BSDBOH4</Computer><Security UserID='S-1-5-18'/></System><EventData><Data Name='HiveNameLength'>46</Data><Data Name='HiveName'>\Device\HarddiskVolume2\EFI\Microsoft\Boot\BCD</Data><Data Name='KeysUpdated'>101</Data><Data Name='DirtyPages'>4</Data></EventData></Event><Event xmlns='http://schemas.microsoft.com/win/2004/08/events/event'><System><Provider Name='Microsoft-Windows-Kernel-General' Guid='{a68ca8b7-004f-d7b6-a698-07e2de0f1f5d}'/><EventID>16</EventID><Version>0</Version><Level>4</Level><Task>0</Task><Opcode>0</Opcode><Keywords>0x8000000000000000</Keywords><TimeCreated SystemTime='2025-06-03T00:42:16.5766022Z'/><EventRecordID>30</EventRecordID><Correlation/><Execution ProcessID='124' ThreadID='444'/><Channel>System</Channel><Computer>NIKOLAI-BSDBOH4</Computer><Security UserID='S-1-5-18'/></System><EventData><Data Name='HiveNameLength'>36</Data><Data Name='HiveName'>\SystemRoot\System32\Config\SOFTWARE</Data><Data Name='KeysUpdated'>249867</Data><Data Name='DirtyPages'>16353</Data></EventData></Event><Event xmlns='http://schemas.microsoft.com/win/2004/08/events/event'><System><Provider Name='Microsoft-Windows-Kernel-Power' Guid='{331c3b3a-2005-44c2-ac5e-77220c37d6b4}'/><EventID>521</EventID><Version>0</Version><Level>4</Level><Task>220</Task><Opcode>0</Opcode><Keywords>0x8000000000000404</Keywords><TimeCreated SystemTime='2025-06-03T00:42:16.2922097Z'/><EventRecordID>29</EventRecordID><Correlation/><Execution ProcessID='4' ThreadID='280'/><Channel>System</Channel><Computer>NIKOLAI-BSDBOH4</Computer><Security UserID='S-1-5-18'/></System><EventData><Data Name='ValidBatteryCount'>1</Data><Data Name='ErrorBatteryCount'>0</Data><Data Name='AbandonedBatteryCount'>0</Data></EventData></Event><Event xmlns='http://schemas.microsoft.com/win/2004/08/events/event'><System><Provider Name='Microsoft-Windows-Kernel-Processor-Power' Guid='{0f67e49f-fe51-4e9f-b490-6f2948cc6027}'/><EventID>55</EventID><Version>0</Version><Level>4</Level><Task>47</Task><Opcode>0</Opcode><Keywords>0x8000000000000000</Keywords><TimeCreated SystemTime='2025-06-03T00:42:16.2879028Z'/><EventRecordID>28</EventRecordID><Correlation/><Execution ProcessID='4' ThreadID='132'/><Channel>System</Channel><Computer>NIKOLAI-BSDBOH4</Computer><Security UserID='S-1-5-18'/></System><EventData><Data Name='Group'>0</Data><Data Name='Number'>3</Data><Data Name='IdleStateCount'>0</Data><Data Name='IdleImplementation'>0</Data><Data Name='NominalFrequency'>3200</Data><Data Name='MaximumPerformancePercent'>100</Data><Data Name='MinimumPerformancePercent'>100</Data><Data Name='MinimumThrottlePercent'>100</Data><Data Name='PerformanceImplementation'>0</Data></EventData></Event><Event xmlns='http://schemas.microsoft.com/win/2004/08/events/event'><System><Provider Name='Microsoft-Windows-Kernel-Processor-Power' Guid='{0f67e49f-fe51-4e9f-b490-6f2948cc6027}'/><EventID>55</EventID><Version>0</Version><Level>4</Level><Task>47</Task><Opcode>0</Opcode><Keywords>0x8000000000000000</Keywords><TimeCreated SystemTime='2025-06-03T00:42:16.2875238Z'/><EventRecordID>27</EventRecordID><Correlation/><Execution ProcessID='4' ThreadID='132'/><Channel>System</Channel><Computer>NIKOLAI-BSDBOH4</Computer><Security UserID='S-1-5-18'/></System><EventData><Data Name='Group'>0</Data><Data Name='Number'>2</Data><Data Name='IdleStateCount'>0</Data><Data Name='IdleImplementation'>0</Data><Data Name='NominalFrequency'>3200</Data><Data Name='MaximumPerformancePercent'>100</Data><Data Name='MinimumPerformancePercent'>100</Data><Data Name='MinimumThrottlePercent'>100</Data><Data Name='PerformanceImplementation'>0</Data></EventData></Event><Event xmlns='http://schemas.microsoft.com/win/2004/08/events/event'><System><Provider Name='Microsoft-Windows-Kernel-Processor-Power' Guid='{0f67e49f-fe51-4e9f-b490-6f2948cc6027}'/><EventID>55</EventID><Version>0</Version><Level>4</Level><Task>47</Task><Opcode>0</Opcode><Keywords>0x8000000000000000</Keywords><TimeCreated SystemTime='2025-06-03T00:42:16.2871455Z'/><EventRecordID>26</EventRecordID><Correlation/><Execution ProcessID='4' ThreadID='132'/><Channel>System</Channel><Computer>NIKOLAI-BSDBOH4</Computer><Security UserID='S-1-5-18'/></System><EventData><Data Name='Group'>0</Data><Data Name='Number'>1</Data><Data Name='IdleStateCount'>0</Data><Data Name='IdleImplementation'>0</Data><Data Name='NominalFrequency'>3200</Data><Data Name='MaximumPerformancePercent'>100</Data><Data Name='MinimumPerformancePercent'>100</Data><Data Name='MinimumThrottlePercent'>100</Data><Data Name='PerformanceImplementation'>0</Data></EventData></Event><Event xmlns='http://schemas.microsoft.com/win/2004/08/events/event'><System><Provider Name='Microsoft-Windows-Kernel-Processor-Power' Guid='{0f67e49f-fe51-4e9f-b490-6f2948cc6027}'/><EventID>55</EventID><Version>0</Version><Level>4</Level><Task>47</Task><Opcode>0</Opcode><Keywords>0x8000000000000000</Keywords><TimeCreated SystemTime='2025-06-03T00:42:16.2865992Z'/><EventRecordID>25</EventRecordID><Correlation/><Execution ProcessID='4' ThreadID='132'/><Channel>System</Channel><Computer>NIKOLAI-BSDBOH4</Computer><Security UserID='S-1-5-18'/></System><EventData><Data Name='Group'>0</Data><Data Name='Number'>0</Data><Data Name='IdleStateCount'>0</Data><Data Name='IdleImplementation'>0</Data><Data Name='NominalFrequency'>3200</Data><Data Name='MaximumPerformancePercent'>100</Data><Data Name='MinimumPerformancePercent'>100</Data><Data Name='MinimumThrottlePercent'>100</Data><Data Name='PerformanceImplementation'>0</Data></EventData></Event><Event xmlns='http://schemas.microsoft.com/win/2004/08/events/event'><System><Provider Name='Microsoft-Windows-Kernel-General' Guid='{a68ca8b7-004f-d7b6-a698-07e2de0f1f5d}'/><EventID>16</EventID><Version>0</Version><Level>4</Level><Task>0</Task><Opcode>0</Opcode><Keywords>0x8000000000000000</Keywords><TimeCreated SystemTime='2025-06-03T00:42:16.2102462Z'/><EventRecordID>24</EventRecordID><Correlation/><Execution ProcessID='124' ThreadID='448'/><Channel>System</Channel><Computer>NIKOLAI-BSDBOH4</Computer><Security UserID='S-1-5-18'/></System><EventData><Data Name='HiveNameLength'>35</Data><Data Name='HiveName'>\SystemRoot\System32\Config\DEFAULT</Data><Data Name='KeysUpdated'>15</Data><Data Name='DirtyPages'>3</Data></EventData></Event><Event xmlns='http://schemas.microsoft.com/win/2004/08/events/event'><System><Provider Name='Microsoft-Windows-Kernel-General' Guid='{a68ca8b7-004f-d7b6-a698-07e2de0f1f5d}'/><EventID>16</EventID><Version>0</Version><Level>4</Level><Task>0</Task><Opcode>0</Opcode><Keywords>0x8000000000000000</Keywords><TimeCreated SystemTime='2025-06-03T00:42:16.2099629Z'/><EventRecordID>23</EventRecordID><Correlation/><Execution ProcessID='124' ThreadID='452'/><Channel>System</Channel><Computer>NIKOLAI-BSDBOH4</Computer><Security UserID='S-1-5-18'/></System><EventData><Data Name='HiveNameLength'>31</Data><Data Name='HiveName'>\SystemRoot\System32\Config\SAM</Data><Data Name='KeysUpdated'>1</Data><Data Name='DirtyPages'>1</Data></EventData></Event><Event xmlns='http://schemas.microsoft.com/win/2004/08/events/event'><System><Provider Name='Microsoft-Windows-Kernel-General' Guid='{a68ca8b7-004f-d7b6-a698-07e2de0f1f5d}'/><EventID>16</EventID><Version>0</Version><Level>4</Level><Task>0</Task><Opcode>0</Opcode><Keywords>0x8000000000000000</Keywords><TimeCreated SystemTime='2025-06-03T00:42:16.2099466Z'/><EventRecordID>22</EventRecordID><Correlation/><Execution ProcessID='124' ThreadID='440'/><Channel>System</Channel><Computer>NIKOLAI-BSDBOH4</Computer><Security UserID='S-1-5-18'/></System><EventData><Data Name='HiveNameLength'>36</Data><Data Name='HiveName'>\SystemRoot\System32\Config\SECURITY</Data><Data Name='KeysUpdated'>1</Data><Data Name='DirtyPages'>1</Data></EventData></Event><Event xmlns='http://schemas.microsoft.com/win/2004/08/events/event'><System><Provider Name='Microsoft-Windows-FilterManager' Guid='{f3c5e28e-63f6-49c7-a204-e48a1bc4b09d}'/><EventID>6</EventID><Version>0</Version><Level>4</Level><Task>0</Task><Opcode>0</Opcode><Keywords>0x8000000000000000</Keywords><TimeCreated SystemTime='2025-06-03T00:42:16.1839359Z'/><EventRecordID>21</EventRecordID><Correlation/><Execution ProcessID='4' ThreadID='8'/><Channel>System</Channel><Computer>NIKOLAI-BSDBOH4</Computer><Security UserID='S-1-5-18'/></System><EventData><Data Name='FinalStatus'>0x0</Data><Data Name='DeviceVersionMajor'>10</Data><Data Name='DeviceVersionMinor'>0</Data><Data Name='DeviceNameLength'>9</Data><Data Name='DeviceName'>npsvctrig</Data><Data Name='DeviceTime'>2077-01-08T02:04:48.0000000Z</Data></EventData></Event><Event xmlns='http://schemas.microsoft.com/win/2004/08/events/event'><System><Provider Name='Microsoft-Windows-FilterManager' Guid='{f3c5e28e-63f6-49c7-a204-e48a1bc4b09d}'/><EventID>6</EventID><Version>0</Version><Level>4</Level><Task>0</Task><Opcode>0</Opcode><Keywords>0x8000000000000000</Keywords><TimeCreated SystemTime='2025-06-03T00:42:16.0642709Z'/><EventRecordID>20</EventRecordID><Correlation/><Execution ProcessID='4' ThreadID='8'/><Channel>System</Channel><Computer>NIKOLAI-BSDBOH4</Computer><Security UserID='S-1-5-18'/></System><EventData><Data Name='FinalStatus'>0x0</Data><Data Name='DeviceVersionMajor'>10</Data><Data Name='DeviceVersionMinor'>0</Data><Data Name='DeviceNameLength'>9</Data><Data Name='DeviceName'>FileCrypt</Data><Data Name='DeviceTime'>2023-08-31T05:48:23.0000000Z</Data></EventData></Event><Event xmlns='http://schemas.microsoft.com/win/2004/08/events/event'><System><Provider Name='Microsoft-Windows-Ntfs' Guid='{3ff37a1c-a68d-4d6e-8c9b-f79e8b16c482}'/><EventID>98</EventID><Version>0</Version><Level>4</Level><Task>0</Task><Opcode>0</Opcode><Keywords>0x8000000000000002</Keywords><TimeCreated SystemTime='2025-06-03T00:42:16.0197045Z'/><EventRecordID>19</EventRecordID><Correlation/><Execution ProcessID='4' ThreadID='132'/><Channel>System</Channel><Computer>NIKOLAI-BSDBOH4</Computer><Security UserID='S-1-5-18'/></System><EventData><Data Name='DriveName'>C:</Data><Data Name='DeviceName'>\Device\HarddiskVolume4</Data><Data Name='CorruptionActionState'>0</Data></EventData></Event><Event xmlns='http://schemas.microsoft.com/win/2004/08/events/event'><System><Provider Name='Microsoft-Windows-FilterManager' Guid='{f3c5e28e-63f6-49c7-a204-e48a1bc4b09d}'/><EventID>6</EventID><Version>0</Version><Level>4</Level><Task>0</Task><Opcode>0</Opcode><Keywords>0x8000000000000000</Keywords><TimeCreated SystemTime='2025-06-03T00:42:15.8296450Z'/><EventRecordID>18</EventRecordID><Correlation/><Execution ProcessID='4' ThreadID='8'/><Channel>System</Channel><Computer>NIKOLAI-BSDBOH4</Computer><Security UserID='S-1-5-18'/></System><EventData><Data Name='FinalStatus'>0x0</Data><Data Name='DeviceVersionMajor'>10</Data><Data Name='DeviceVersionMinor'>0</Data><Data Name='DeviceNameLength'>8</Data><Data Name='DeviceName'>WdFilter</Data><Data Name='DeviceTime'>2075-05-27T13:05:35.0000000Z</Data></EventData></Event><Event xmlns='http://schemas.microsoft.com/win/2004/08/events/event'><System><Provider Name='Microsoft-Windows-FilterManager' Guid='{f3c5e28e-63f6-49c7-a204-e48a1bc4b09d}'/><EventID>6</EventID><Version>0</Version><Level>4</Level><Task>0</Task><Opcode>0</Opcode><Keywords>0x8000000000000000</Keywords><TimeCreated SystemTime='2025-06-03T00:42:15.8291901Z'/><EventRecordID>17</EventRecordID><Correlation/><Execution ProcessID='4' ThreadID='8'/><Channel>System</Channel><Computer>NIKOLAI-BSDBOH4</Computer><Security UserID='S-1-5-18'/></System><EventData><Data Name='FinalStatus'>0x0</Data><Data Name='DeviceVersionMajor'>10</Data><Data Name='DeviceVersionMinor'>0</Data><Data Name='DeviceNameLength'>3</Data><Data Name='DeviceName'>Wof</Data><Data Name='DeviceTime'>2061-04-10T13:33:29.0000000Z</Data></EventData></Event><Event xmlns='http://schemas.microsoft.com/win/2004/08/events/event'><System><Provider Name='Microsoft-Windows-FilterManager' Guid='{f3c5e28e-63f6-49c7-a204-e48a1bc4b09d}'/><EventID>6</EventID><Version>0</Version><Level>4</Level><Task>0</Task><Opcode>0</Opcode><Keywords>0x8000000000000000</Keywords><TimeCreated SystemTime='2025-06-03T00:42:15.8289702Z'/><EventRecordID>16</EventRecordID><Correlation/><Execution ProcessID='4' ThreadID='8'/><Channel>System</Channel><Computer>NIKOLAI-BSDBOH4</Computer><Security UserID='S-1-5-18'/></System><EventData><Data Name='FinalStatus'>0x0</Data><Data Name='DeviceVersionMajor'>10</Data><Data Name='DeviceVersionMinor'>0</Data><Data Name='DeviceNameLength'>8</Data><Data Name='DeviceName'>FileInfo</Data><Data Name='DeviceTime'>2010-08-01T08:38:45.0000000Z</Data></EventData></Event><Event xmlns='http://schemas.microsoft.com/win/2004/08/events/event'><System><Provider Name='Microsoft-Windows-HAL' Guid='{63d1e632-95cc-4443-9312-af927761d52a}'/><EventID>16</EventID><Version>0</Version><Level>4</Level><Task>0</Task><Opcode>0</Opcode><Keywords>0x8000000000000000</Keywords><TimeCreated SystemTime='2025-06-03T00:42:15.5751087Z'/><EventRecordID>15</EventRecordID><Correlation/><Execution ProcessID='4' ThreadID='8'/><Channel>System</Channel><Computer>NIKOLAI-BSDBOH4</Computer><Security UserID='S-1-5-18'/></System><EventData></EventData></Event><Event xmlns='http://schemas.microsoft.com/win/2004/08/events/event'><System><Provider Name='Microsoft-Windows-Kernel-General' Guid='{a68ca8b7-004f-d7b6-a698-07e2de0f1f5d}'/><EventID>20</EventID><Version>0</Version><Level>4</Level><Task>6</Task><Opcode>0</Opcode><Keywords>0x8000000000000010</Keywords><TimeCreated SystemTime='2025-06-03T00:42:15.5622378Z'/><EventRecordID>14</EventRecordID><Correlation/><Execution ProcessID='4' ThreadID='8'/><Channel>System</Channel><Computer>NIKOLAI-BSDBOH4</Computer><Security UserID='S-1-5-18'/></System><EventData><Data Name='UpdateReason'>0</Data><Data Name='EnabledNew'>true</Data><Data Name='CountNew'>0</Data><Data Name='CountOld'>0</Data></EventData></Event><Event xmlns='http://schemas.microsoft.com/win/2004/08/events/event'><System><Provider Name='Microsoft-Windows-Kernel-Boot' Guid='{15ca44ff-4d7a-4baa-bba5-0998955e531e}'/><EventID>32</EventID><Version>0</Version><Level>4</Level><Task>58</Task><Opcode>0</Opcode><Keywords>0x8000000000000000</Keywords><TimeCreated SystemTime='2025-06-03T00:42:15.5593126Z'/><EventRecordID>13</EventRecordID><Correlation/><Execution ProcessID='4' ThreadID='8'/><Channel>System</Channel><Computer>NIKOLAI-BSDBOH4</Computer><Security UserID='S-1-5-18'/></System><EventData><Data Name='BitlockerUserInputTime'>0</Data></EventData></Event><Event xmlns='http://schemas.microsoft.com/win/2004/08/events/event'><System><Provider Name='Microsoft-Windows-Kernel-Boot' Guid='{15ca44ff-4d7a-4baa-bba5-0998955e531e}'/><EventID>18</EventID><Version>0</Version><Level>4</Level><Task>57</Task><Opcode>0</Opcode><Keywords>0x8000000000000000</Keywords><TimeCreated SystemTime='2025-06-03T00:42:15.5593022Z'/><EventRecordID>12</EventRecordID><Correlation/><Execution ProcessID='4' ThreadID='8'/><Channel>System</Channel><Computer>NIKOLAI-BSDBOH4</Computer><Security UserID='S-1-5-18'/></System><EventData><Data Name='EntryCount'>1</Data></EventData></Event><Event xmlns='http://schemas.microsoft.com/win/2004/08/events/event'><System><Provider Name='Microsoft-Windows-Kernel-Boot' Guid='{15ca44ff-4d7a-4baa-bba5-0998955e531e}'/><EventID>27</EventID><Version>1</Version><Level>4</Level><Task>33</Task><Opcode>0</Opcode><Keywords>0x8000000000000000</Keywords><TimeCreated SystemTime='2025-06-03T00:42:15.5592570Z'/><EventRecordID>11</EventRecordID><Correlation/><Execution ProcessID='4' ThreadID='8'/><Channel>System</Channel><Computer>NIKOLAI-BSDBOH4</Computer><Security UserID='S-1-5-18'/></System><EventData><Data Name='BootType'>0</Data><Data Name='LoadOptions'> NOEXECUTE=OPTIN  FVEBOOT=1075355648  NOVGA</Data></EventData></Event><Event xmlns='http://schemas.microsoft.com/win/2004/08/events/event'><System><Provider Name='Microsoft-Windows-Kernel-Boot' Guid='{15ca44ff-4d7a-4baa-bba5-0998955e531e}'/><EventID>25</EventID><Version>0</Version><Level>4</Level><Task>32</Task><Opcode>0</Opcode><Keywords>0x8000000000000000</Keywords><TimeCreated SystemTime='2025-06-03T00:42:15.5592568Z'/><EventRecordID>10</EventRecordID><Correlation/><Execution ProcessID='4' ThreadID='8'/><Channel>System</Channel><Computer>NIKOLAI-BSDBOH4</Computer><Security UserID='S-1-5-18'/></System><EventData><Data Name='BootMenuPolicy'>1</Data></EventData></Event><Event xmlns='http://schemas.microsoft.com/win/2004/08/events/event'><System><Provider Name='Microsoft-Windows-Kernel-Boot' Guid='{15ca44ff-4d7a-4baa-bba5-0998955e531e}'/><EventID>238</EventID><Version>1</Version><Level>4</Level><Task>101</Task><Opcode>0</Opcode><Keywords>0x8000000000000000</Keywords><TimeCreated SystemTime='2025-06-03T00:42:15.5592566Z'/><EventRecordID>9</EventRecordID><Correlation/><Execution ProcessID='4' ThreadID='8'/><Channel>System</Channel><Computer>NIKOLAI-BSDBOH4</Computer><Security UserID='S-1-5-18'/></System><EventData><Data Name='EfiTimeZoneBias'>2047</Data><Data Name='EfiDaylightFlags'>0</Data><Data Name='EfiTime'>2025-06-02T17:42:15.0000000Z</Data></EventData></Event><Event xmlns='http://schemas.microsoft.com/win/2004/08/events/event'><System><Provider Name='Microsoft-Windows-Kernel-Boot' Guid='{15ca44ff-4d7a-4baa-bba5-0998955e531e}'/><EventID>247</EventID><Version>0</Version><Level>4</Level><Task>99</Task><Opcode>12</Opcode><Keywords>0x8000000000000000</Keywords><TimeCreated SystemTime='2025-06-03T00:42:15.5592510Z'/><EventRecordID>8</EventRecordID><Correlation/><Execution ProcessID='4' ThreadID='8'/><Channel>System</Channel><Computer>NIKOLAI-BSDBOH4</Computer><Security UserID='S-1-5-18'/></System><EventData><Data Name='Status'>3221225473</Data><Data Name='FailureReason'>0</Data></EventData></Event><Event xmlns='http://schemas.microsoft.com/win/2004/08/events/event'><System><Provider Name='Microsoft-Windows-Kernel-Boot' Guid='{15ca44ff-4d7a-4baa-bba5-0998955e531e}'/><EventID>20</EventID><Version>1</Version><Level>4</Level><Task>31</Task><Opcode>0</Opcode><Keywords>0x8000000000000000</Keywords><TimeCreated SystemTime='2025-06-03T00:42:15.5592497Z'/><EventRecordID>7</EventRecordID><Correlation/><Execution ProcessID='4' ThreadID='8'/><Channel>System</Channel><Computer>NIKOLAI-BSDBOH4</Computer><Security UserID='S-1-5-18'/></System><EventData><Data Name='LastShutdownGood'>true</Data><Data Name='LastBootGood'>true</Data><Data Name='LastBootId'>0</Data><Data Name='BootStatusPolicy'>2</Data></EventData></Event><Event xmlns='http://schemas.microsoft.com/win/2004/08/events/event'><System><Provider Name='Microsoft-Windows-Kernel-Boot' Guid='{15ca44ff-4d7a-4baa-bba5-0998955e531e}'/><EventID>153</EventID><Version>0</Version><Level>4</Level><Task>62</Task><Opcode>0</Opcode><Keywords>0x8000000000000000</Keywords><TimeCreated SystemTime='2025-06-03T00:42:15.5591326Z'/><EventRecordID>6</EventRecordID><Correlation/><Execution ProcessID='4' ThreadID='8'/><Channel>System</Channel><Computer>NIKOLAI-BSDBOH4</Computer><Security UserID='S-1-5-18'/></System><EventData><Data Name='Status'>0</Data><Data Name='EnableDisableReason'>0</Data><Data Name='VsmPolicy'>0</Data></EventData></Event><Event xmlns='http://schemas.microsoft.com/win/2004/08/events/event'><System><Provider Name='Microsoft-Windows-Kernel-General' Guid='{a68ca8b7-004f-d7b6-a698-07e2de0f1f5d}'/><EventID>25</EventID><Version>0</Version><Level>4</Level><Task>12</Task><Opcode>0</Opcode><Keywords>0x8000000000000010</Keywords><TimeCreated SystemTime='2025-06-03T00:42:15.5590035Z'/><EventRecordID>5</EventRecordID><Correlation/><Execution ProcessID='4' ThreadID='8'/><Channel>System</Channel><Computer>NIKOLAI-BSDBOH4</Computer><Security UserID='S-1-5-18'/></System><EventData><Data Name='SystemTime'>2025-06-03T01:42:15.5334690Z</Data><Data Name='LoaderTime'>2025-06-03T01:42:15.0000000Z</Data><Data Name='InternalBootFlags'>2</Data><Data Name='HalRtcErrorCode'>0</Data><Data Name='RealTimeIsUniversal'>false</Data><Data Name='IsSoftBoot'>false</Data><Data Name='Success'>false</Data><Data Name='Phase'>2</Data></EventData></Event><Event xmlns='http://schemas.microsoft.com/win/2004/08/events/event'><System><Provider Name='Microsoft-Windows-Kernel-General' Guid='{a68ca8b7-004f-d7b6-a698-07e2de0f1f5d}'/><EventID>12</EventID><Version>0</Version><Level>4</Level><Task>1</Task><Opcode>0</Opcode><Keywords>0x8000000000000080</Keywords><TimeCreated SystemTime='2025-06-03T00:42:15.5590020Z'/><EventRecordID>4</EventRecordID><Correlation/><Execution ProcessID='4' ThreadID='8'/><Channel>System</Channel><Computer>NIKOLAI-BSDBOH4</Computer><Security UserID='S-1-5-18'/></System><EventData><Data Name='MajorVersion'>10</Data><Data Name='MinorVersion'>0</Data><Data Name='BuildVersion'>26100</Data><Data Name='QfeVersion'>2033</Data><Data Name='ServiceVersion'>0</Data><Data Name='BootMode'>0</Data><Data Name='StartTime'>2025-06-03T00:42:15.5334690Z</Data></EventData></Event><Event xmlns='http://schemas.microsoft.com/win/2004/08/events/event'><System><Provider Name='EventLog'/><EventID Qualifiers='32768'>6005</EventID><Version>0</Version><Level>4</Level><Task>0</Task><Opcode>0</Opcode><Keywords>0x80000000000000</Keywords><TimeCreated SystemTime='2025-06-03T00:42:34.9349712Z'/><EventRecordID>3</EventRecordID><Correlation/><Execution ProcessID='2624' ThreadID='2696'/><Channel>System</Channel><Computer>NIKOLAI-BSDBOH4</Computer><Security/></System><EventData><Binary>E90706000200030000002A002200A6030000000000000000</Binary></EventData></Event><Event xmlns='http://schemas.microsoft.com/win/2004/08/events/event'><System><Provider Name='EventLog'/><EventID Qualifiers='32768'>6009</EventID><Version>0</Version><Level>4</Level><Task>0</Task><Opcode>0</Opcode><Keywords>0x80000000000000</Keywords><TimeCreated SystemTime='2025-06-03T00:42:34.9349101Z'/><EventRecordID>2</EventRecordID><Correlation/><Execution ProcessID='2624' ThreadID='2696'/><Channel>System</Channel><Computer>NIKOLAI-BSDBOH4</Computer><Security/></System><EventData><Data>10.00.</Data><Data>26100</Data><Data></Data><Data>Multiprocessor Free</Data><Data>0</Data></EventData></Event><Event xmlns='http://schemas.microsoft.com/win/2004/08/events/event'><System><Provider Name='EventLog'/><EventID Qualifiers='32768'>6011</EventID><Version>0</Version><Level>4</Level><Task>0</Task><Opcode>0</Opcode><Keywords>0x80000000000000</Keywords><TimeCreated SystemTime='2025-06-03T00:42:34.9347115Z'/><EventRecordID>1</EventRecordID><Correlation/><Execution ProcessID='2624' ThreadID='2696'/><Channel>System</Channel><Computer>NIKOLAI-BSDBOH4</Computer><Security/></System><EventData><Data></Data><Data>NIKOLAI-BSDBOH4</Data></EventData></Event></Events>