<Event xmlns='http://schemas.microsoft.com/win/2004/08/events/event'><System><Provider Name='Microsoft-Windows-WindowsUpdateClient' Guid='{945a8954-c147-4acd-923f-40c45405a658}'/><EventID>43</EventID><Version>1</Version><Level>4</Level><Task>1</Task><Opcode>13</Opcode><Keywords>0x8000000000002008</Keywords><TimeCreated SystemTime='2025-06-03T10:33:13.7480724Z'/><EventRecordID>623</EventRecordID><Correlation ActivityID='{189ccb3f-d3de-0003-ee16-9f18ded3db01}'/><Execution ProcessID='4216' ThreadID='2648'/><Channel>System</Channel><Computer>NIKOLAISMETBD82</Computer><Security UserID='S-1-5-18'/></System><EventData><Data Name='updateTitle'>9PLL735RFDSM-Microsoft.NET.Native.Runtime.2.2</Data><Data Name='updateGuid'>{9c137291-4059-4cb8-b650-12b07bbe1da1}</Data><Data Name='updateRevisionNumber'>1</Data></EventData></Event><Event xmlns='http://schemas.microsoft.com/win/2004/08/events/event'><System><Provider Name='Microsoft-Windows-WindowsUpdateClient' Guid='{945a8954-c147-4acd-923f-40c45405a658}'/><EventID>19</EventID><Version>1</Version><Level>4</Level><Task>1</Task><Opcode>13</Opcode><Keywords>0x8000000000000018</Keywords><TimeCreated SystemTime='2025-06-03T10:33:13.4846787Z'/><EventRecordID>622</EventRecordID><Correlation ActivityID='{189ccb3f-d3de-0003-ee16-9f18ded3db01}'/><Execution ProcessID='4216' ThreadID='2648'/><Channel>System</Channel><Computer>NIKOLAISMETBD82</Computer><Security UserID='S-1-5-18'/></System><EventData><Data Name='updateTitle'>9NBLGGH3FRZM-Microsoft.VCLibs.140.00</Data><Data Name='updateGuid'>{7c4b0956-b3f1-40ac-a633-668abc5d6af2}</Data><Data Name='updateRevisionNumber'>1</Data><Data Name='serviceGuid'>{855e8a7c-ecb4-4ca3-b045-1dfa50104289}</Data></EventData></Event><Event xmlns='http://schemas.microsoft.com/win/2004/08/events/event'><System><Provider Name='Microsoft-Windows-Kernel-General' Guid='{a68ca8b7-004f-d7b6-a698-07e2de0f1f5d}'/><EventID>16</EventID><Version>0</Version><Level>4</Level><Task>0</Task><Opcode>0</Opcode><Keywords>0x8000000000000000</Keywords><TimeCreated SystemTime='2025-06-03T10:33:12.5515466Z'/><EventRecordID>621</EventRecordID><Correlation/><Execution ProcessID='3056' ThreadID='7276'/><Channel>System</Channel><Computer>NIKOLAISMETBD82</Computer><Security UserID='S-1-5-18'/></System><EventData><Data Name='HiveNameLength'>134</Data><Data Name='HiveName'>\??\C:\ProgramData\Microsoft\Windows\AppRepository\Packages\Microsoft.GetHelp_10.2409.22951.0_arm64__8wekyb3d8bbwe\ActivationStore.dat</Data><Data Name='KeysUpdated'>0</Data><Data Name='DirtyPages'>0</Data></EventData></Event><Event xmlns='http://schemas.microsoft.com/win/2004/08/events/event'><System><Provider Name='Microsoft-Windows-WindowsUpdateClient' Guid='{945a8954-c147-4acd-923f-40c45405a658}'/><EventID>43</EventID><Version>1</Version><Level>4</Level><Task>1</Task><Opcode>13</Opcode><Keywords>0x8000000000002008</Keywords><TimeCreated SystemTime='2025-06-03T10:33:11.9969251Z'/><EventRecordID>620</EventRecordID><Correlation/><Execution ProcessID='4216' ThreadID='2648'/><Channel>System</Channel><Computer>NIKOLAISMETBD82</Computer><Security UserID='S-1-5-18'/></System><EventData><Data Name='updateTitle'>9NBLGGH3FRZM-Microsoft.VCLibs.140.00</Data><Data Name='updateGuid'>{7c4b0956-b3f1-40ac-a633-668abc5d6af2}</Data><Data Name='updateRevisionNumber'>1</Data></EventData></Event><Event xmlns='http://schemas.microsoft.com/win/2004/08/events/event'><System><Provider Name='Microsoft-Windows-WindowsUpdateClient' Guid='{945a8954-c147-4acd-923f-40c45405a658}'/><EventID>44</EventID><Version>1</Version><Level>4</Level><Task>1</Task><Opcode>12</Opcode><Keywords>0x8000000000002004</Keywords><TimeCreated SystemTime='2025-06-03T10:33:11.9968566Z'/><EventRecordID>619</EventRecordID><Correlation/><Execution ProcessID='4216' ThreadID='2648'/><Channel>System</Channel><Computer>NIKOLAISMETBD82</Computer><Security UserID='S-1-5-18'/></System><EventData><Data Name='updateTitle'>9N4D0MSMP0PT-Microsoft.VP9VideoExtensions</Data><Data Name='updateGuid'>{44581fb6-8638-482d-89f9-4e1ed4356a44}</Data><Data Name='updateRevisionNumber'>1</Data></EventData></Event><Event xmlns='http://schemas.microsoft.com/win/2004/08/events/event'><System><Provider Name='Service Control Manager' Guid='{555908d1-a6d7-4695-8e1e-26931d2012f4}' EventSourceName='Service Control Manager'/><EventID Qualifiers='16384'>7040</EventID><Version>0</Version><Level>4</Level><Task>0</Task><Opcode>0</Opcode><Keywords>0x8080000000000000</Keywords><TimeCreated SystemTime='2025-06-03T10:33:11.4869756Z'/><EventRecordID>618</EventRecordID><Correlation/><Execution ProcessID='892' ThreadID='11364'/><Channel>System</Channel><Computer>NIKOLAISMETBD82</Computer><Security UserID='S-1-5-18'/></System><EventData><Data Name='param1'>Background Intelligent Transfer Service</Data><Data Name='param2'>demand start</Data><Data Name='param3'>auto start</Data><Data Name='param4'>BITS</Data></EventData></Event><Event xmlns='http://schemas.microsoft.com/win/2004/08/events/event'><System><Provider Name='Microsoft-Windows-WindowsUpdateClient' Guid='{945a8954-c147-4acd-923f-40c45405a658}'/><EventID>44</EventID><Version>1</Version><Level>4</Level><Task>1</Task><Opcode>12</Opcode><Keywords>0x8000000000002004</Keywords><TimeCreated SystemTime='2025-06-03T10:33:09.2600776Z'/><EventRecordID>617</EventRecordID><Correlation/><Execution ProcessID='4216' ThreadID='4856'/><Channel>System</Channel><Computer>NIKOLAISMETBD82</Computer><Security UserID='S-1-5-18'/></System><EventData><Data Name='updateTitle'>9NBLGGH3FRZM-Microsoft.VCLibs.140.00</Data><Data Name='updateGuid'>{7c4b0956-b3f1-40ac-a633-668abc5d6af2}</Data><Data Name='updateRevisionNumber'>1</Data></EventData></Event><Event xmlns='http://schemas.microsoft.com/win/2004/08/events/event'><System><Provider Name='Microsoft-Windows-WindowsUpdateClient' Guid='{945a8954-c147-4acd-923f-40c45405a658}'/><EventID>44</EventID><Version>1</Version><Level>4</Level><Task>1</Task><Opcode>12</Opcode><Keywords>0x8000000000002004</Keywords><TimeCreated SystemTime='2025-06-03T10:33:09.0327929Z'/><EventRecordID>616</EventRecordID><Correlation/><Execution ProcessID='4216' ThreadID='4856'/><Channel>System</Channel><Computer>NIKOLAISMETBD82</Computer><Security UserID='S-1-5-18'/></System><EventData><Data Name='updateTitle'>9NBLGGH4QGHW-Microsoft.MicrosoftStickyNotes</Data><Data Name='updateGuid'>{f523659e-240d-4689-b2ea-645e036f83d4}</Data><Data Name='updateRevisionNumber'>1</Data></EventData></Event><Event xmlns='http://schemas.microsoft.com/win/2004/08/events/event'><System><Provider Name='Microsoft-Windows-WindowsUpdateClient' Guid='{945a8954-c147-4acd-923f-40c45405a658}'/><EventID>44</EventID><Version>1</Version><Level>4</Level><Task>1</Task><Opcode>12</Opcode><Keywords>0x8000000000002004</Keywords><TimeCreated SystemTime='2025-06-03T10:33:09.0327902Z'/><EventRecordID>615</EventRecordID><Correlation/><Execution ProcessID='4216' ThreadID='4856'/><Channel>System</Channel><Computer>NIKOLAISMETBD82</Computer><Security UserID='S-1-5-18'/></System><EventData><Data Name='updateTitle'>9NBLGGH3FRZM-Microsoft.VCLibs.140.00</Data><Data Name='updateGuid'>{7c4b0956-b3f1-40ac-a633-668abc5d6af2}</Data><Data Name='updateRevisionNumber'>1</Data></EventData></Event><Event xmlns='http://schemas.microsoft.com/win/2004/08/events/event'><System><Provider Name='Microsoft-Windows-Kernel-General' Guid='{a68ca8b7-004f-d7b6-a698-07e2de0f1f5d}'/><EventID>16</EventID><Version>0</Version><Level>4</Level><Task>0</Task><Opcode>0</Opcode><Keywords>0x8000000000000000</Keywords><TimeCreated SystemTime='2025-06-03T10:33:07.5663706Z'/><EventRecordID>614</EventRecordID><Correlation/><Execution ProcessID='3056' ThreadID='7264'/><Channel>System</Channel><Computer>NIKOLAISMETBD82</Computer><Security UserID='S-1-5-18'/></System><EventData><Data Name='HiveNameLength'>142</Data><Data Name='HiveName'>\??\C:\ProgramData\Microsoft\Windows\AppRepository\Packages\Microsoft.MicrosoftStickyNotes_4.0.6104.0_arm64__8wekyb3d8bbwe\ActivationStore.dat</Data><Data Name='KeysUpdated'>0</Data><Data Name='DirtyPages'>0</Data></EventData></Event><Event xmlns='http://schemas.microsoft.com/win/2004/08/events/event'><System><Provider Name='Microsoft-Windows-WindowsUpdateClient' Guid='{945a8954-c147-4acd-923f-40c45405a658}'/><EventID>44</EventID><Version>1</Version><Level>4</Level><Task>1</Task><Opcode>12</Opcode><Keywords>0x8000000000002004</Keywords><TimeCreated SystemTime='2025-06-03T10:33:05.5890480Z'/><EventRecordID>613</EventRecordID><Correlation/><Execution ProcessID='4216' ThreadID='4856'/><Channel>System</Channel><Computer>NIKOLAISMETBD82</Computer><Security UserID='S-1-5-18'/></System><EventData><Data Name='updateTitle'>9NBLGGH4QGHW-Microsoft.MicrosoftStickyNotes</Data><Data Name='updateGuid'>{f523659e-240d-4689-b2ea-645e036f83d4}</Data><Data Name='updateRevisionNumber'>1</Data></EventData></Event><Event xmlns='http://schemas.microsoft.com/win/2004/08/events/event'><System><Provider Name='Microsoft-Windows-WindowsUpdateClient' Guid='{945a8954-c147-4acd-923f-40c45405a658}'/><EventID>44</EventID><Version>1</Version><Level>4</Level><Task>1</Task><Opcode>12</Opcode><Keywords>0x8000000000002004</Keywords><TimeCreated SystemTime='2025-06-03T10:33:05.5890461Z'/><EventRecordID>612</EventRecordID><Correlation/><Execution ProcessID='4216' ThreadID='4856'/><Channel>System</Channel><Computer>NIKOLAISMETBD82</Computer><Security UserID='S-1-5-18'/></System><EventData><Data Name='updateTitle'>9MW2LKJ0TPJF-Microsoft.NET.Native.Framework.2.2</Data><Data Name='updateGuid'>{bfa7d40d-2cdf-4c15-98cf-85c847517da3}</Data><Data Name='updateRevisionNumber'>1</Data></EventData></Event><Event xmlns='http://schemas.microsoft.com/win/2004/08/events/event'><System><Provider Name='Microsoft-Windows-Kernel-General' Guid='{a68ca8b7-004f-d7b6-a698-07e2de0f1f5d}'/><EventID>16</EventID><Version>0</Version><Level>4</Level><Task>0</Task><Opcode>0</Opcode><Keywords>0x8000000000000000</Keywords><TimeCreated SystemTime='2025-06-03T10:33:01.7130505Z'/><EventRecordID>611</EventRecordID><Correlation/><Execution ProcessID='3056' ThreadID='7264'/><Channel>System</Channel><Computer>NIKOLAISMETBD82</Computer><Security UserID='S-1-5-18'/></System><EventData><Data Name='HiveNameLength'>131</Data><Data Name='HiveName'>\??\C:\ProgramData\Microsoft\Windows\AppRepository\Packages\Microsoft.Xbox.TCUI_1.24.10001.0_x64__8wekyb3d8bbwe\ActivationStore.dat</Data><Data Name='KeysUpdated'>0</Data><Data Name='DirtyPages'>0</Data></EventData></Event><Event xmlns='http://schemas.microsoft.com/win/2004/08/events/event'><System><Provider Name='Microsoft-Windows-WindowsUpdateClient' Guid='{945a8954-c147-4acd-923f-40c45405a658}'/><EventID>44</EventID><Version>1</Version><Level>4</Level><Task>1</Task><Opcode>12</Opcode><Keywords>0x8000000000002004</Keywords><TimeCreated SystemTime='2025-06-03T10:32:56.8331166Z'/><EventRecordID>610</EventRecordID><Correlation/><Execution ProcessID='4216' ThreadID='4856'/><Channel>System</Channel><Computer>NIKOLAISMETBD82</Computer><Security UserID='S-1-5-18'/></System><EventData><Data Name='updateTitle'>9NKNC0LD5NN6-Microsoft.Xbox.TCUI</Data><Data Name='updateGuid'>{f97927ad-01c5-4063-87b2-4638508ff2f5}</Data><Data Name='updateRevisionNumber'>1</Data></EventData></Event><Event xmlns='http://schemas.microsoft.com/win/2004/08/events/event'><System><Provider Name='Microsoft-Windows-WindowsUpdateClient' Guid='{945a8954-c147-4acd-923f-40c45405a658}'/><EventID>44</EventID><Version>1</Version><Level>4</Level><Task>1</Task><Opcode>12</Opcode><Keywords>0x8000000000002004</Keywords><TimeCreated SystemTime='2025-06-03T10:32:56.8331151Z'/><EventRecordID>609</EventRecordID><Correlation/><Execution ProcessID='4216' ThreadID='4856'/><Channel>System</Channel><Computer>NIKOLAISMETBD82</Computer><Security UserID='S-1-5-18'/></System><EventData><Data Name='updateTitle'>9NBLGGH4QGHW-Microsoft.MicrosoftStickyNotes</Data><Data Name='updateGuid'>{f523659e-240d-4689-b2ea-645e036f83d4}</Data><Data Name='updateRevisionNumber'>1</Data></EventData></Event><Event xmlns='http://schemas.microsoft.com/win/2004/08/events/event'><System><Provider Name='Microsoft-Windows-WindowsUpdateClient' Guid='{945a8954-c147-4acd-923f-40c45405a658}'/><EventID>44</EventID><Version>1</Version><Level>4</Level><Task>1</Task><Opcode>12</Opcode><Keywords>0x8000000000002004</Keywords><TimeCreated SystemTime='2025-06-03T10:32:56.8331122Z'/><EventRecordID>608</EventRecordID><Correlation/><Execution ProcessID='4216' ThreadID='4856'/><Channel>System</Channel><Computer>NIKOLAISMETBD82</Computer><Security UserID='S-1-5-18'/></System><EventData><Data Name='updateTitle'>9MW2LKJ0TPJF-Microsoft.NET.Native.Framework.2.2</Data><Data Name='updateGuid'>{bfa7d40d-2cdf-4c15-98cf-85c847517da3}</Data><Data Name='updateRevisionNumber'>1</Data></EventData></Event><Event xmlns='http://schemas.microsoft.com/win/2004/08/events/event'><System><Provider Name='Microsoft-Windows-WindowsUpdateClient' Guid='{945a8954-c147-4acd-923f-40c45405a658}'/><EventID>44</EventID><Version>1</Version><Level>4</Level><Task>1</Task><Opcode>12</Opcode><Keywords>0x8000000000002004</Keywords><TimeCreated SystemTime='2025-06-03T10:32:49.2392249Z'/><EventRecordID>607</EventRecordID><Correlation/><Execution ProcessID='4216' ThreadID='4856'/><Channel>System</Channel><Computer>NIKOLAISMETBD82</Computer><Security UserID='S-1-5-18'/></System><EventData><Data Name='updateTitle'>9NKNC0LD5NN6-Microsoft.Xbox.TCUI</Data><Data Name='updateGuid'>{f97927ad-01c5-4063-87b2-4638508ff2f5}</Data><Data Name='updateRevisionNumber'>1</Data></EventData></Event><Event xmlns='http://schemas.microsoft.com/win/2004/08/events/event'><System><Provider Name='Microsoft-Windows-WindowsUpdateClient' Guid='{945a8954-c147-4acd-923f-40c45405a658}'/><EventID>44</EventID><Version>1</Version><Level>4</Level><Task>1</Task><Opcode>12</Opcode><Keywords>0x8000000000002004</Keywords><TimeCreated SystemTime='2025-06-03T10:32:49.2392218Z'/><EventRecordID>606</EventRecordID><Correlation/><Execution ProcessID='4216' ThreadID='4856'/><Channel>System</Channel><Computer>NIKOLAISMETBD82</Computer><Security UserID='S-1-5-18'/></System><EventData><Data Name='updateTitle'>9NBLGGH4QGHW-Microsoft.MicrosoftStickyNotes</Data><Data Name='updateGuid'>{f523659e-240d-4689-b2ea-645e036f83d4}</Data><Data Name='updateRevisionNumber'>1</Data></EventData></Event><Event xmlns='http://schemas.microsoft.com/win/2004/08/events/event'><System><Provider Name='Microsoft-Windows-WindowsUpdateClient' Guid='{945a8954-c147-4acd-923f-40c45405a658}'/><EventID>44</EventID><Version>1</Version><Level>4</Level><Task>1</Task><Opcode>12</Opcode><Keywords>0x8000000000002004</Keywords><TimeCreated SystemTime='2025-06-03T10:32:44.2379779Z'/><EventRecordID>605</EventRecordID><Correlation/><Execution ProcessID='4216' ThreadID='4856'/><Channel>System</Channel><Computer>NIKOLAISMETBD82</Computer><Security UserID='S-1-5-18'/></System><EventData><Data Name='updateTitle'>9PLL735RFDSM-Microsoft.NET.Native.Runtime.2.2</Data><Data Name='updateGuid'>{9c137291-4059-4cb8-b650-12b07bbe1da1}</Data><Data Name='updateRevisionNumber'>1</Data></EventData></Event><Event xmlns='http://schemas.microsoft.com/win/2004/08/events/event'><System><Provider Name='Microsoft-Windows-WindowsUpdateClient' Guid='{945a8954-c147-4acd-923f-40c45405a658}'/><EventID>44</EventID><Version>1</Version><Level>4</Level><Task>1</Task><Opcode>12</Opcode><Keywords>0x8000000000002004</Keywords><TimeCreated SystemTime='2025-06-03T10:32:44.2379761Z'/><EventRecordID>604</EventRecordID><Correlation/><Execution ProcessID='4216' ThreadID='4856'/><Channel>System</Channel><Computer>NIKOLAISMETBD82</Computer><Security UserID='S-1-5-18'/></System><EventData><Data Name='updateTitle'>9NKNC0LD5NN6-Microsoft.Xbox.TCUI</Data><Data Name='updateGuid'>{f97927ad-01c5-4063-87b2-4638508ff2f5}</Data><Data Name='updateRevisionNumber'>1</Data></EventData></Event><Event xmlns='http://schemas.microsoft.com/win/2004/08/events/event'><System><Provider Name='Microsoft-Windows-WindowsUpdateClient' Guid='{945a8954-c147-4acd-923f-40c45405a658}'/><EventID>44</EventID><Version>1</Version><Level>4</Level><Task>1</Task><Opcode>12</Opcode><Keywords>0x8000000000002004</Keywords><TimeCreated SystemTime='2025-06-03T10:32:44.2379745Z'/><EventRecordID>603</EventRecordID><Correlation/><Execution ProcessID='4216' ThreadID='4856'/><Channel>System</Channel><Computer>NIKOLAISMETBD82</Computer><Security UserID='S-1-5-18'/></System><EventData><Data Name='updateTitle'>9NBLGGH4QGHW-Microsoft.MicrosoftStickyNotes</Data><Data Name='updateGuid'>{f523659e-240d-4689-b2ea-645e036f83d4}</Data><Data Name='updateRevisionNumber'>1</Data></EventData></Event><Event xmlns='http://schemas.microsoft.com/win/2004/08/events/event'><System><Provider Name='Microsoft-Windows-WindowsUpdateClient' Guid='{945a8954-c147-4acd-923f-40c45405a658}'/><EventID>44</EventID><Version>1</Version><Level>4</Level><Task>1</Task><Opcode>12</Opcode><Keywords>0x8000000000002004</Keywords><TimeCreated SystemTime='2025-06-03T10:32:44.2379726Z'/><EventRecordID>602</EventRecordID><Correlation/><Execution ProcessID='4216' ThreadID='4856'/><Channel>System</Channel><Computer>NIKOLAISMETBD82</Computer><Security UserID='S-1-5-18'/></System><EventData><Data Name='updateTitle'>9PLL735RFDSM-Microsoft.NET.Native.Runtime.2.2</Data><Data Name='updateGuid'>{9c137291-4059-4cb8-b650-12b07bbe1da1}</Data><Data Name='updateRevisionNumber'>1</Data></EventData></Event><Event xmlns='http://schemas.microsoft.com/win/2004/08/events/event'><System><Provider Name='Microsoft-Windows-Kernel-General' Guid='{a68ca8b7-004f-d7b6-a698-07e2de0f1f5d}'/><EventID>16</EventID><Version>0</Version><Level>4</Level><Task>0</Task><Opcode>0</Opcode><Keywords>0x8000000000000000</Keywords><TimeCreated SystemTime='2025-06-03T10:32:39.8502144Z'/><EventRecordID>601</EventRecordID><Correlation/><Execution ProcessID='3056' ThreadID='7284'/><Channel>System</Channel><Computer>NIKOLAISMETBD82</Computer><Security UserID='S-1-5-21-4155168598-3527253067-2058671051-1000'/></System><EventData><Data Name='HiveNameLength'>99</Data><Data Name='HiveName'>\??\C:\Users\nikolai.smetannikov\AppData\Local\Packages\MSTeams_8wekyb3d8bbwe\Settings\settings.dat</Data><Data Name='KeysUpdated'>3</Data><Data Name='DirtyPages'>1</Data></EventData></Event><Event xmlns='http://schemas.microsoft.com/win/2004/08/events/event'><System><Provider Name='Microsoft-Windows-Kernel-General' Guid='{a68ca8b7-004f-d7b6-a698-07e2de0f1f5d}'/><EventID>16</EventID><Version>0</Version><Level>4</Level><Task>0</Task><Opcode>0</Opcode><Keywords>0x8000000000000000</Keywords><TimeCreated SystemTime='2025-06-03T10:32:38.7119073Z'/><EventRecordID>600</EventRecordID><Correlation/><Execution ProcessID='3056' ThreadID='7284'/><Channel>System</Channel><Computer>NIKOLAISMETBD82</Computer><Security UserID='S-1-5-18'/></System><EventData><Data Name='HiveNameLength'>143</Data><Data Name='HiveName'>\??\C:\ProgramData\Microsoft\Windows\AppRepository\Packages\Microsoft.OutlookForWindows_1.2025.522.100_arm64__8wekyb3d8bbwe\ActivationStore.dat</Data><Data Name='KeysUpdated'>0</Data><Data Name='DirtyPages'>0</Data></EventData></Event><Event xmlns='http://schemas.microsoft.com/win/2004/08/events/event'><System><Provider Name='Microsoft-Windows-WindowsUpdateClient' Guid='{945a8954-c147-4acd-923f-40c45405a658}'/><EventID>44</EventID><Version>1</Version><Level>4</Level><Task>1</Task><Opcode>12</Opcode><Keywords>0x8000000000002004</Keywords><TimeCreated SystemTime='2025-06-03T10:32:38.3301464Z'/><EventRecordID>599</EventRecordID><Correlation/><Execution ProcessID='4216' ThreadID='4856'/><Channel>System</Channel><Computer>NIKOLAISMETBD82</Computer><Security UserID='S-1-5-18'/></System><EventData><Data Name='updateTitle'>9NBLGGH4QGHW-Microsoft.MicrosoftStickyNotes</Data><Data Name='updateGuid'>{f523659e-240d-4689-b2ea-645e036f83d4}</Data><Data Name='updateRevisionNumber'>1</Data></EventData></Event><Event xmlns='http://schemas.microsoft.com/win/2004/08/events/event'><System><Provider Name='Microsoft-Windows-WindowsUpdateClient' Guid='{945a8954-c147-4acd-923f-40c45405a658}'/><EventID>44</EventID><Version>1</Version><Level>4</Level><Task>1</Task><Opcode>12</Opcode><Keywords>0x8000000000002004</Keywords><TimeCreated SystemTime='2025-06-03T10:32:38.3299770Z'/><EventRecordID>598</EventRecordID><Correlation/><Execution ProcessID='4216' ThreadID='4856'/><Channel>System</Channel><Computer>NIKOLAISMETBD82</Computer><Security UserID='S-1-5-18'/></System><EventData><Data Name='updateTitle'>9PKDZBMV1H3T-Microsoft.GetHelp</Data><Data Name='updateGuid'>{0d3a7753-0583-485b-bff6-989a4837d059}</Data><Data Name='updateRevisionNumber'>1</Data></EventData></Event><Event xmlns='http://schemas.microsoft.com/win/2004/08/events/event'><System><Provider Name='Microsoft-Windows-WindowsUpdateClient' Guid='{945a8954-c147-4acd-923f-40c45405a658}'/><EventID>44</EventID><Version>1</Version><Level>4</Level><Task>1</Task><Opcode>12</Opcode><Keywords>0x8000000000002004</Keywords><TimeCreated SystemTime='2025-06-03T10:32:38.3299754Z'/><EventRecordID>597</EventRecordID><Correlation/><Execution ProcessID='4216' ThreadID='4856'/><Channel>System</Channel><Computer>NIKOLAISMETBD82</Computer><Security UserID='S-1-5-18'/></System><EventData><Data Name='updateTitle'>9PB1QWVW0R95-Microsoft.WindowsAppRuntime.1.4</Data><Data Name='updateGuid'>{95a66ab5-9220-40f7-8eee-10325aa7534a}</Data><Data Name='updateRevisionNumber'>1</Data></EventData></Event><Event xmlns='http://schemas.microsoft.com/win/2004/08/events/event'><System><Provider Name='Microsoft-Windows-WindowsUpdateClient' Guid='{945a8954-c147-4acd-923f-40c45405a658}'/><EventID>44</EventID><Version>1</Version><Level>4</Level><Task>1</Task><Opcode>12</Opcode><Keywords>0x8000000000002004</Keywords><TimeCreated SystemTime='2025-06-03T10:32:38.3299737Z'/><EventRecordID>596</EventRecordID><Correlation/><Execution ProcessID='4216' ThreadID='4856'/><Channel>System</Channel><Computer>NIKOLAISMETBD82</Computer><Security UserID='S-1-5-18'/></System><EventData><Data Name='updateTitle'>9PKDZBMV1H3T-Microsoft.GetHelp</Data><Data Name='updateGuid'>{0d3a7753-0583-485b-bff6-989a4837d059}</Data><Data Name='updateRevisionNumber'>1</Data></EventData></Event><Event xmlns='http://schemas.microsoft.com/win/2004/08/events/event'><System><Provider Name='Microsoft-Windows-WindowsUpdateClient' Guid='{945a8954-c147-4acd-923f-40c45405a658}'/><EventID>44</EventID><Version>1</Version><Level>4</Level><Task>1</Task><Opcode>12</Opcode><Keywords>0x8000000000002004</Keywords><TimeCreated SystemTime='2025-06-03T10:32:38.3295258Z'/><EventRecordID>595</EventRecordID><Correlation/><Execution ProcessID='4216' ThreadID='4856'/><Channel>System</Channel><Computer>NIKOLAISMETBD82</Computer><Security UserID='S-1-5-18'/></System><EventData><Data Name='updateTitle'>9NBLGGH4RV3K-Microsoft.VCLibs.140.00.UWPDesktop</Data><Data Name='updateGuid'>{fcdd3b59-f41c-4595-b36b-245bacb749e8}</Data><Data Name='updateRevisionNumber'>1</Data></EventData></Event><Event xmlns='http://schemas.microsoft.com/win/2004/08/events/event'><System><Provider Name='Microsoft-Windows-WindowsUpdateClient' Guid='{945a8954-c147-4acd-923f-40c45405a658}'/><EventID>44</EventID><Version>1</Version><Level>4</Level><Task>1</Task><Opcode>12</Opcode><Keywords>0x8000000000002004</Keywords><TimeCreated SystemTime='2025-06-03T10:32:38.3295240Z'/><EventRecordID>594</EventRecordID><Correlation/><Execution ProcessID='4216' ThreadID='4856'/><Channel>System</Channel><Computer>NIKOLAISMETBD82</Computer><Security UserID='S-1-5-18'/></System><EventData><Data Name='updateTitle'>9PKDZBMV1H3T-Microsoft.GetHelp</Data><Data Name='updateGuid'>{0d3a7753-0583-485b-bff6-989a4837d059}</Data><Data Name='updateRevisionNumber'>1</Data></EventData></Event><Event xmlns='http://schemas.microsoft.com/win/2004/08/events/event'><System><Provider Name='Microsoft-Windows-WindowsUpdateClient' Guid='{945a8954-c147-4acd-923f-40c45405a658}'/><EventID>44</EventID><Version>1</Version><Level>4</Level><Task>1</Task><Opcode>12</Opcode><Keywords>0x8000000000002004</Keywords><TimeCreated SystemTime='2025-06-03T10:32:38.3295222Z'/><EventRecordID>593</EventRecordID><Correlation/><Execution ProcessID='4216' ThreadID='4856'/><Channel>System</Channel><Computer>NIKOLAISMETBD82</Computer><Security UserID='S-1-5-18'/></System><EventData><Data Name='updateTitle'>9NKNC0LD5NN6-Microsoft.Xbox.TCUI</Data><Data Name='updateGuid'>{f97927ad-01c5-4063-87b2-4638508ff2f5}</Data><Data Name='updateRevisionNumber'>1</Data></EventData></Event><Event xmlns='http://schemas.microsoft.com/win/2004/08/events/event'><System><Provider Name='Microsoft-Windows-WindowsUpdateClient' Guid='{945a8954-c147-4acd-923f-40c45405a658}'/><EventID>44</EventID><Version>1</Version><Level>4</Level><Task>1</Task><Opcode>12</Opcode><Keywords>0x8000000000002004</Keywords><TimeCreated SystemTime='2025-06-03T10:32:38.3288773Z'/><EventRecordID>592</EventRecordID><Correlation/><Execution ProcessID='4216' ThreadID='4856'/><Channel>System</Channel><Computer>NIKOLAISMETBD82</Computer><Security UserID='S-1-5-18'/></System><EventData><Data Name='updateTitle'>9NKNC0LD5NN6-Microsoft.Xbox.TCUI</Data><Data Name='updateGuid'>{f97927ad-01c5-4063-87b2-4638508ff2f5}</Data><Data Name='updateRevisionNumber'>1</Data></EventData></Event><Event xmlns='http://schemas.microsoft.com/win/2004/08/events/event'><System><Provider Name='Microsoft-Windows-WindowsUpdateClient' Guid='{945a8954-c147-4acd-923f-40c45405a658}'/><EventID>44</EventID><Version>1</Version><Level>4</Level><Task>1</Task><Opcode>12</Opcode><Keywords>0x8000000000002004</Keywords><TimeCreated SystemTime='2025-06-03T10:32:38.3288759Z'/><EventRecordID>591</EventRecordID><Correlation/><Execution ProcessID='4216' ThreadID='4856'/><Channel>System</Channel><Computer>NIKOLAISMETBD82</Computer><Security UserID='S-1-5-18'/></System><EventData><Data Name='updateTitle'>9MW2LKJ0TPJF-Microsoft.NET.Native.Framework.2.2</Data><Data Name='updateGuid'>{bfa7d40d-2cdf-4c15-98cf-85c847517da3}</Data><Data Name='updateRevisionNumber'>1</Data></EventData></Event><Event xmlns='http://schemas.microsoft.com/win/2004/08/events/event'><System><Provider Name='Microsoft-Windows-WindowsUpdateClient' Guid='{945a8954-c147-4acd-923f-40c45405a658}'/><EventID>44</EventID><Version>1</Version><Level>4</Level><Task>1</Task><Opcode>12</Opcode><Keywords>0x8000000000002004</Keywords><TimeCreated SystemTime='2025-06-03T10:32:38.3288740Z'/><EventRecordID>590</EventRecordID><Correlation/><Execution ProcessID='4216' ThreadID='4856'/><Channel>System</Channel><Computer>NIKOLAISMETBD82</Computer><Security UserID='S-1-5-18'/></System><EventData><Data Name='updateTitle'>9NKNC0LD5NN6-Microsoft.Xbox.TCUI</Data><Data Name='updateGuid'>{f97927ad-01c5-4063-87b2-4638508ff2f5}</Data><Data Name='updateRevisionNumber'>1</Data></EventData></Event><Event xmlns='http://schemas.microsoft.com/win/2004/08/events/event'><System><Provider Name='Microsoft-Windows-WindowsUpdateClient' Guid='{945a8954-c147-4acd-923f-40c45405a658}'/><EventID>44</EventID><Version>1</Version><Level>4</Level><Task>1</Task><Opcode>12</Opcode><Keywords>0x8000000000002004</Keywords><TimeCreated SystemTime='2025-06-03T10:32:38.3288722Z'/><EventRecordID>589</EventRecordID><Correlation/><Execution ProcessID='4216' ThreadID='4856'/><Channel>System</Channel><Computer>NIKOLAISMETBD82</Computer><Security UserID='S-1-5-18'/></System><EventData><Data Name='updateTitle'>9PLL735RFDSM-Microsoft.NET.Native.Runtime.2.2</Data><Data Name='updateGuid'>{9c137291-4059-4cb8-b650-12b07bbe1da1}</Data><Data Name='updateRevisionNumber'>1</Data></EventData></Event><Event xmlns='http://schemas.microsoft.com/win/2004/08/events/event'><System><Provider Name='Microsoft-Windows-WindowsUpdateClient' Guid='{945a8954-c147-4acd-923f-40c45405a658}'/><EventID>44</EventID><Version>1</Version><Level>4</Level><Task>1</Task><Opcode>12</Opcode><Keywords>0x8000000000002004</Keywords><TimeCreated SystemTime='2025-06-03T10:32:38.3282003Z'/><EventRecordID>588</EventRecordID><Correlation/><Execution ProcessID='4216' ThreadID='4856'/><Channel>System</Channel><Computer>NIKOLAISMETBD82</Computer><Security UserID='S-1-5-18'/></System><EventData><Data Name='updateTitle'>9NKNC0LD5NN6-Microsoft.Xbox.TCUI</Data><Data Name='updateGuid'>{f97927ad-01c5-4063-87b2-4638508ff2f5}</Data><Data Name='updateRevisionNumber'>1</Data></EventData></Event><Event xmlns='http://schemas.microsoft.com/win/2004/08/events/event'><System><Provider Name='Microsoft-Windows-WindowsUpdateClient' Guid='{945a8954-c147-4acd-923f-40c45405a658}'/><EventID>44</EventID><Version>1</Version><Level>4</Level><Task>1</Task><Opcode>12</Opcode><Keywords>0x8000000000002004</Keywords><TimeCreated SystemTime='2025-06-03T10:32:38.3281984Z'/><EventRecordID>587</EventRecordID><Correlation/><Execution ProcessID='4216' ThreadID='4856'/><Channel>System</Channel><Computer>NIKOLAISMETBD82</Computer><Security UserID='S-1-5-18'/></System><EventData><Data Name='updateTitle'>9NBLGGH3FRZM-Microsoft.VCLibs.140.00</Data><Data Name='updateGuid'>{7c4b0956-b3f1-40ac-a633-668abc5d6af2}</Data><Data Name='updateRevisionNumber'>1</Data></EventData></Event><Event xmlns='http://schemas.microsoft.com/win/2004/08/events/event'><System><Provider Name='Microsoft-Windows-DNS-Client' Guid='{1c95126e-7eea-49a9-a3fe-a378b03ddb4d}'/><EventID>1014</EventID><Version>1</Version><Level>3</Level><Task>1014</Task><Opcode>0</Opcode><Keywords>0x4000000010000000</Keywords><TimeCreated SystemTime='2025-06-03T10:32:17.9675354Z'/><EventRecordID>586</EventRecordID><Correlation/><Execution ProcessID='1552' ThreadID='4428'/><Channel>System</Channel><Computer>NIKOLAISMETBD82</Computer><Security UserID='S-1-5-20'/></System><EventData><Data Name='QueryName'>wpad</Data><Data Name='AddressLength'>128</Data><Data Name='Address'>020000000AD33701000000000000000000000000000000000000000000000000000000000000000000000000000000000000000000000000000000000000000000000000000000000000000000000000000000000000000000000000000000000000000000000000000000000000000000000000000000000000000000000000</Data><Data Name='ClientPID'>7932</Data></EventData></Event><Event xmlns='http://schemas.microsoft.com/win/2004/08/events/event'><System><Provider Name='TPM' Guid='{1b6b0772-251b-4d42-917d-faca166bc059}'/><EventID>17</EventID><Version>0</Version><Level>4</Level><Task>0</Task><Opcode>0</Opcode><Keywords>0x8000000000000000</Keywords><TimeCreated SystemTime='2025-06-03T10:32:14.7745898Z'/><EventRecordID>585</EventRecordID><Correlation/><Execution ProcessID='4' ThreadID='284'/><Channel>System</Channel><Computer>NIKOLAISMETBD82</Computer><Security UserID='S-1-5-18'/></System><EventData><Data Name='driverFile'>0x1e</Data><Data Name='lineNumber'>960</Data><Data Name='TpmCommandOrdinal'>371</Data><Data Name='TpmResponseCode'>395</Data></EventData></Event><Event xmlns='http://schemas.microsoft.com/win/2004/08/events/event'><System><Provider Name='TPM' Guid='{1b6b0772-251b-4d42-917d-faca166bc059}'/><EventID>17</EventID><Version>0</Version><Level>4</Level><Task>0</Task><Opcode>0</Opcode><Keywords>0x8000000000000000</Keywords><TimeCreated SystemTime='2025-06-03T10:32:14.7704287Z'/><EventRecordID>584</EventRecordID><Correlation/><Execution ProcessID='4' ThreadID='284'/><Channel>System</Channel><Computer>NIKOLAISMETBD82</Computer><Security UserID='S-1-5-18'/></System><EventData><Data Name='driverFile'>0x1e</Data><Data Name='lineNumber'>960</Data><Data Name='TpmCommandOrdinal'>371</Data><Data Name='TpmResponseCode'>395</Data></EventData></Event><Event xmlns='http://schemas.microsoft.com/win/2004/08/events/event'><System><Provider Name='TPM' Guid='{1b6b0772-251b-4d42-917d-faca166bc059}'/><EventID>17</EventID><Version>0</Version><Level>4</Level><Task>0</Task><Opcode>0</Opcode><Keywords>0x8000000000000000</Keywords><TimeCreated SystemTime='2025-06-03T10:32:14.7487343Z'/><EventRecordID>583</EventRecordID><Correlation/><Execution ProcessID='4' ThreadID='284'/><Channel>System</Channel><Computer>NIKOLAISMETBD82</Computer><Security UserID='S-1-5-18'/></System><EventData><Data Name='driverFile'>0x1e</Data><Data Name='lineNumber'>960</Data><Data Name='TpmCommandOrdinal'>371</Data><Data Name='TpmResponseCode'>395</Data></EventData></Event><Event xmlns='http://schemas.microsoft.com/win/2004/08/events/event'><System><Provider Name='Service Control Manager' Guid='{555908d1-a6d7-4695-8e1e-26931d2012f4}' EventSourceName='Service Control Manager'/><EventID Qualifiers='16384'>7040</EventID><Version>0</Version><Level>4</Level><Task>0</Task><Opcode>0</Opcode><Keywords>0x8080000000000000</Keywords><TimeCreated SystemTime='2025-06-03T10:31:22.9846842Z'/><EventRecordID>582</EventRecordID><Correlation/><Execution ProcessID='892' ThreadID='5376'/><Channel>System</Channel><Computer>NIKOLAISMETBD82</Computer><Security UserID='S-1-5-18'/></System><EventData><Data Name='param1'>Background Intelligent Transfer Service</Data><Data Name='param2'>auto start</Data><Data Name='param3'>demand start</Data><Data Name='param4'>BITS</Data></EventData></Event><Event xmlns='http://schemas.microsoft.com/win/2004/08/events/event'><System><Provider Name='Microsoft-Windows-DistributedCOM' Guid='{1B562E86-B7AA-4131-BADC-B6F3A001407E}' EventSourceName='DCOM'/><EventID Qualifiers='0'>10016</EventID><Version>0</Version><Level>3</Level><Task>0</Task><Opcode>0</Opcode><Keywords>0x8080000000000000</Keywords><TimeCreated SystemTime='2025-06-03T10:31:01.0565218Z'/><EventRecordID>581</EventRecordID><Correlation/><Execution ProcessID='1036' ThreadID='3996'/><Channel>System</Channel><Computer>NIKOLAISMETBD82</Computer><Security UserID='S-1-5-20'/></System><EventData><Data Name='param1'>machine-default</Data><Data Name='param2'>Local</Data><Data Name='param3'>Activation</Data><Data Name='param4'>{F87B28F1-DA9A-4F35-8EC0-800EFCF26B83}</Data><Data Name='param5'>{0868DC9B-D9A2-4F64-9362-133CEA201299}</Data><Data Name='param6'>NT AUTHORITY</Data><Data Name='param7'>NETWORK SERVICE</Data><Data Name='param8'>S-1-5-20</Data><Data Name='param9'>LocalHost (Using LRPC)</Data><Data Name='param10'>Unavailable</Data><Data Name='param11'>Unavailable</Data></EventData></Event><Event xmlns='http://schemas.microsoft.com/win/2004/08/events/event'><System><Provider Name='Microsoft-Windows-Winlogon' Guid='{dbe9b383-7cf3-4331-91cc-a3cb16a3b538}'/><EventID>7001</EventID><Version>0</Version><Level>4</Level><Task>1101</Task><Opcode>0</Opcode><Keywords>0x2000200000000000</Keywords><TimeCreated SystemTime='2025-06-03T10:30:59.8483158Z'/><EventRecordID>580</EventRecordID><Correlation/><Execution ProcessID='11636' ThreadID='9788'/><Channel>System</Channel><Computer>NIKOLAISMETBD82</Computer><Security UserID='S-1-5-18'/></System><EventData><Data Name='TSId'>3</Data><Data Name='UserSid'>S-1-5-21-4155168598-3527253067-2058671051-1000</Data></EventData></Event><Event xmlns='http://schemas.microsoft.com/win/2004/08/events/event'><System><Provider Name='Microsoft-Windows-TPM-WMI' Guid='{7d5387b0-cbe0-11da-a94d-0800200c9a66}'/><EventID>1796</EventID><Version>0</Version><Level>2</Level><Task>0</Task><Opcode>0</Opcode><Keywords>0x8000000000000000</Keywords><TimeCreated SystemTime='2025-06-03T10:30:58.6489821Z'/><EventRecordID>579</EventRecordID><Correlation/><Execution ProcessID='2888' ThreadID='1884'/><Channel>System</Channel><Computer>NIKOLAISMETBD82</Computer><Security UserID='S-1-5-18'/></System><EventData><Data Name='HResult'>-2147024809</Data></EventData></Event><Event xmlns='http://schemas.microsoft.com/win/2004/08/events/event'><System><Provider Name='Microsoft-Windows-Kernel-General' Guid='{a68ca8b7-004f-d7b6-a698-07e2de0f1f5d}'/><EventID>1</EventID><Version>4</Version><Level>4</Level><Task>5</Task><Opcode>0</Opcode><Keywords>0x8000000000000010</Keywords><TimeCreated SystemTime='2025-06-03T10:30:57.7536148Z'/><EventRecordID>578</EventRecordID><Correlation/><Execution ProcessID='9920' ThreadID='3728'/><Channel>System</Channel><Computer>NIKOLAISMETBD82</Computer><Security UserID='S-1-5-18'/></System><EventData><Data Name='NewTime'>2025-06-03T10:30:57.7320000Z</Data><Data Name='OldTime'>2025-06-02T16:53:20.8528142Z</Data><Data Name='TimeDeltaInMs'>63456879</Data><Data Name='Reason'>1</Data><Data Name='ProcessName'>\Device\HarddiskVolume4\Program Files\Parallels\Parallels Tools\Services\prl_tools.exe</Data><Data Name='ProcessID'>9920</Data><Data Name='CmosTime'>2025-06-03T11:30:57.7320000Z</Data><Data Name='TimeZoneBias'>-60</Data><Data Name='RealTimeIsUniversal'>false</Data><Data Name='SystemInCmosMode'>false</Data></EventData></Event><Event xmlns='http://schemas.microsoft.com/win/2004/08/events/event'><System><Provider Name='Microsoft-Windows-HAL' Guid='{63d1e632-95cc-4443-9312-af927761d52a}'/><EventID>20</EventID><Version>0</Version><Level>2</Level><Task>0</Task><Opcode>0</Opcode><Keywords>0x8000000000000000</Keywords><TimeCreated SystemTime='2025-06-03T10:30:57.7534113Z'/><EventRecordID>577</EventRecordID><Correlation/><Execution ProcessID='9920' ThreadID='3728'/><Channel>System</Channel><Computer>NIKOLAISMETBD82</Computer><Security UserID='S-1-5-18'/></System><EventData><Data Name='Status'>3221225473</Data></EventData></Event><Event xmlns='http://schemas.microsoft.com/win/2004/08/events/event'><System><Provider Name='Microsoft-Windows-Kernel-General' Guid='{a68ca8b7-004f-d7b6-a698-07e2de0f1f5d}'/><EventID>24</EventID><Version>0</Version><Level>4</Level><Task>11</Task><Opcode>0</Opcode><Keywords>0x8000000000000010</Keywords><TimeCreated SystemTime='2025-06-03T10:30:57.7513202Z'/><EventRecordID>576</EventRecordID><Correlation/><Execution ProcessID='9920' ThreadID='3728'/><Channel>System</Channel><Computer>NIKOLAISMETBD82</Computer><Security UserID='S-1-5-18'/></System><EventData><Data Name='ExitReason'>0</Data><Data Name='CurrentBias'>-60</Data><Data Name='CurrentTimeZoneID'>2</Data><Data Name='TimeZoneInfoCacheUpdated'>0</Data><Data Name='FirstRefresh'>0</Data></EventData></Event><Event xmlns='http://schemas.microsoft.com/win/2004/08/events/event'><System><Provider Name='Microsoft-Windows-Winlogon' Guid='{dbe9b383-7cf3-4331-91cc-a3cb16a3b538}'/><EventID>7002</EventID><Version>0</Version><Level>4</Level><Task>1102</Task><Opcode>0</Opcode><Keywords>0x2000200000000000</Keywords><TimeCreated SystemTime='2025-06-02T16:52:18.7748549Z'/><EventRecordID>575</EventRecordID><Correlation/><Execution ProcessID='5840' ThreadID='7560'/><Channel>System</Channel><Computer>NIKOLAISMETBD82</Computer><Security UserID='S-1-5-18'/></System><EventData><Data Name='TSId'>2</Data><Data Name='UserSid'>S-1-5-21-4155168598-3527253067-2058671051-1000</Data></EventData></Event><Event xmlns='http://schemas.microsoft.com/win/2004/08/events/event'><System><Provider Name='Microsoft-Windows-DistributedCOM' Guid='{1B562E86-B7AA-4131-BADC-B6F3A001407E}' EventSourceName='DCOM'/><EventID Qualifiers='0'>10016</EventID><Version>0</Version><Level>3</Level><Task>0</Task><Opcode>0</Opcode><Keywords>0x8080000000000000</Keywords><TimeCreated SystemTime='2025-06-02T16:50:02.9369708Z'/><EventRecordID>574</EventRecordID><Correlation/><Execution ProcessID='1036' ThreadID='1372'/><Channel>System</Channel><Computer>NIKOLAISMETBD82</Computer><Security UserID='S-1-5-18'/></System><EventData><Data Name='param1'>application-specific</Data><Data Name='param2'>Local</Data><Data Name='param3'>Launch</Data><Data Name='param4'>Windows.SecurityCenter.WscDataProtection</Data><Data Name='param5'>Unavailable</Data><Data Name='param6'>NT AUTHORITY</Data><Data Name='param7'>SYSTEM</Data><Data Name='param8'>S-1-5-18</Data><Data Name='param9'>LocalHost (Using LRPC)</Data><Data Name='param10'>Unavailable</Data><Data Name='param11'>Unavailable</Data></EventData></Event><Event xmlns='http://schemas.microsoft.com/win/2004/08/events/event'><System><Provider Name='Microsoft-Windows-DistributedCOM' Guid='{1B562E86-B7AA-4131-BADC-B6F3A001407E}' EventSourceName='DCOM'/><EventID Qualifiers='0'>10016</EventID><Version>0</Version><Level>3</Level><Task>0</Task><Opcode>0</Opcode><Keywords>0x8080000000000000</Keywords><TimeCreated SystemTime='2025-06-02T16:50:02.9369708Z'/><EventRecordID>573</EventRecordID><Correlation/><Execution ProcessID='1036' ThreadID='3584'/><Channel>System</Channel><Computer>NIKOLAISMETBD82</Computer><Security UserID='S-1-5-18'/></System><EventData><Data Name='param1'>application-specific</Data><Data Name='param2'>Local</Data><Data Name='param3'>Launch</Data><Data Name='param4'>Windows.SecurityCenter.SecurityAppBroker</Data><Data Name='param5'>Unavailable</Data><Data Name='param6'>NT AUTHORITY</Data><Data Name='param7'>SYSTEM</Data><Data Name='param8'>S-1-5-18</Data><Data Name='param9'>LocalHost (Using LRPC)</Data><Data Name='param10'>Unavailable</Data><Data Name='param11'>Unavailable</Data></EventData></Event><Event xmlns='http://schemas.microsoft.com/win/2004/08/events/event'><System><Provider Name='Microsoft-Windows-DistributedCOM' Guid='{1B562E86-B7AA-4131-BADC-B6F3A001407E}' EventSourceName='DCOM'/><EventID Qualifiers='0'>10016</EventID><Version>0</Version><Level>3</Level><Task>0</Task><Opcode>0</Opcode><Keywords>0x8080000000000000</Keywords><TimeCreated SystemTime='2025-06-02T16:50:02.9369708Z'/><EventRecordID>572</EventRecordID><Correlation/><Execution ProcessID='1036' ThreadID='5152'/><Channel>System</Channel><Computer>NIKOLAISMETBD82</Computer><Security UserID='S-1-5-18'/></System><EventData><Data Name='param1'>application-specific</Data><Data Name='param2'>Local</Data><Data Name='param3'>Launch</Data><Data Name='param4'>Windows.SecurityCenter.WscBrokerManager</Data><Data Name='param5'>Unavailable</Data><Data Name='param6'>NT AUTHORITY</Data><Data Name='param7'>SYSTEM</Data><Data Name='param8'>S-1-5-18</Data><Data Name='param9'>LocalHost (Using LRPC)</Data><Data Name='param10'>Unavailable</Data><Data Name='param11'>Unavailable</Data></EventData></Event><Event xmlns='http://schemas.microsoft.com/win/2004/08/events/event'><System><Provider Name='Microsoft-Windows-TPM-WMI' Guid='{7d5387b0-cbe0-11da-a94d-0800200c9a66}'/><EventID>1034</EventID><Version>0</Version><Level>4</Level><Task>0</Task><Opcode>0</Opcode><Keywords>0x8000000000000000</Keywords><TimeCreated SystemTime='2025-06-02T16:50:02.7270955Z'/><EventRecordID>571</EventRecordID><Correlation/><Execution ProcessID='2888' ThreadID='1560'/><Channel>System</Channel><Computer>NIKOLAISMETBD82</Computer><Security UserID='S-1-5-18'/></System><EventData></EventData></Event><Event xmlns='http://schemas.microsoft.com/win/2004/08/events/event'><System><Provider Name='Microsoft-Windows-Kernel-General' Guid='{a68ca8b7-004f-d7b6-a698-07e2de0f1f5d}'/><EventID>16</EventID><Version>0</Version><Level>4</Level><Task>0</Task><Opcode>0</Opcode><Keywords>0x8000000000000000</Keywords><TimeCreated SystemTime='2025-06-02T16:49:48.9206278Z'/><EventRecordID>570</EventRecordID><Correlation/><Execution ProcessID='10764' ThreadID='12152'/><Channel>System</Channel><Computer>NIKOLAISMETBD82</Computer><Security UserID='S-1-5-18'/></System><EventData><Data Name='HiveNameLength'>114</Data><Data Name='HiveName'>\??\C:\Users\nikolai.smetannikov\AppData\Local\Packages\Microsoft.WindowsStore_8wekyb3d8bbwe\Settings\settings.dat</Data><Data Name='KeysUpdated'>3</Data><Data Name='DirtyPages'>1</Data></EventData></Event><Event xmlns='http://schemas.microsoft.com/win/2004/08/events/event'><System><Provider Name='TPM' Guid='{1b6b0772-251b-4d42-917d-faca166bc059}'/><EventID>17</EventID><Version>0</Version><Level>4</Level><Task>0</Task><Opcode>0</Opcode><Keywords>0x8000000000000000</Keywords><TimeCreated SystemTime='2025-06-02T16:49:47.8157207Z'/><EventRecordID>569</EventRecordID><Correlation/><Execution ProcessID='4' ThreadID='284'/><Channel>System</Channel><Computer>NIKOLAISMETBD82</Computer><Security UserID='S-1-5-18'/></System><EventData><Data Name='driverFile'>0x1e</Data><Data Name='lineNumber'>960</Data><Data Name='TpmCommandOrdinal'>371</Data><Data Name='TpmResponseCode'>395</Data></EventData></Event><Event xmlns='http://schemas.microsoft.com/win/2004/08/events/event'><System><Provider Name='TPM' Guid='{1b6b0772-251b-4d42-917d-faca166bc059}'/><EventID>17</EventID><Version>0</Version><Level>4</Level><Task>0</Task><Opcode>0</Opcode><Keywords>0x8000000000000000</Keywords><TimeCreated SystemTime='2025-06-02T16:49:47.8113771Z'/><EventRecordID>568</EventRecordID><Correlation/><Execution ProcessID='4' ThreadID='284'/><Channel>System</Channel><Computer>NIKOLAISMETBD82</Computer><Security UserID='S-1-5-18'/></System><EventData><Data Name='driverFile'>0x1e</Data><Data Name='lineNumber'>960</Data><Data Name='TpmCommandOrdinal'>371</Data><Data Name='TpmResponseCode'>395</Data></EventData></Event><Event xmlns='http://schemas.microsoft.com/win/2004/08/events/event'><System><Provider Name='TPM' Guid='{1b6b0772-251b-4d42-917d-faca166bc059}'/><EventID>17</EventID><Version>0</Version><Level>4</Level><Task>0</Task><Opcode>0</Opcode><Keywords>0x8000000000000000</Keywords><TimeCreated SystemTime='2025-06-02T16:49:47.7516043Z'/><EventRecordID>567</EventRecordID><Correlation/><Execution ProcessID='4' ThreadID='284'/><Channel>System</Channel><Computer>NIKOLAISMETBD82</Computer><Security UserID='S-1-5-18'/></System><EventData><Data Name='driverFile'>0x1e</Data><Data Name='lineNumber'>960</Data><Data Name='TpmCommandOrdinal'>371</Data><Data Name='TpmResponseCode'>395</Data></EventData></Event><Event xmlns='http://schemas.microsoft.com/win/2004/08/events/event'><System><Provider Name='Service Control Manager' Guid='{555908d1-a6d7-4695-8e1e-26931d2012f4}' EventSourceName='Service Control Manager'/><EventID Qualifiers='16384'>7040</EventID><Version>0</Version><Level>4</Level><Task>0</Task><Opcode>0</Opcode><Keywords>0x8080000000000000</Keywords><TimeCreated SystemTime='2025-06-02T16:49:43.0605506Z'/><EventRecordID>566</EventRecordID><Correlation/><Execution ProcessID='892' ThreadID='3560'/><Channel>System</Channel><Computer>NIKOLAISMETBD82</Computer><Security UserID='S-1-5-18'/></System><EventData><Data Name='param1'>Program Compatibility Assistant Service</Data><Data Name='param2'>demand start</Data><Data Name='param3'>auto start</Data><Data Name='param4'>PcaSvc</Data></EventData></Event><Event xmlns='http://schemas.microsoft.com/win/2004/08/events/event'><System><Provider Name='Service Control Manager' Guid='{555908d1-a6d7-4695-8e1e-26931d2012f4}' EventSourceName='Service Control Manager'/><EventID Qualifiers='16384'>7040</EventID><Version>0</Version><Level>4</Level><Task>0</Task><Opcode>0</Opcode><Keywords>0x8080000000000000</Keywords><TimeCreated SystemTime='2025-06-02T16:49:42.5137724Z'/><EventRecordID>565</EventRecordID><Correlation/><Execution ProcessID='892' ThreadID='1004'/><Channel>System</Channel><Computer>NIKOLAISMETBD82</Computer><Security UserID='S-1-5-18'/></System><EventData><Data Name='param1'>Windows Modules Installer</Data><Data Name='param2'>auto start</Data><Data Name='param3'>demand start</Data><Data Name='param4'>TrustedInstaller</Data></EventData></Event><Event xmlns='http://schemas.microsoft.com/win/2004/08/events/event'><System><Provider Name='Microsoft-Windows-DeviceAssociationService' Guid='{56c71c31-cfbd-4cdd-8559-505e042bbbe1}'/><EventID>2500</EventID><Version>0</Version><Level>4</Level><Task>7000</Task><Opcode>0</Opcode><Keywords>0x4000000000000012</Keywords><TimeCreated SystemTime='2025-06-02T16:49:40.6658753Z'/><EventRecordID>564</EventRecordID><Correlation ActivityID='{189ccb3f-d3de-0000-443b-9d18ded3db01}'/><Execution ProcessID='7556' ThreadID='9312'/><Channel>System</Channel><Computer>NIKOLAISMETBD82</Computer><Security UserID='S-1-5-18'/></System><EventData><Data Name='AepId'>IPP#3d83708f-2f46-37c0-4f6d-36e1e0a70a89</Data><Data Name='ClientProcessName'>C:\Windows\System32\spoolsv.exe</Data><Data Name='ClientPid'>2964</Data><Data Name='IsPersisted'>true</Data><Data Name='IsManagingDevnodes'>true</Data><Data Name='IsPerUser'>false</Data><Data Name='PerUserSid'>S-1-5-21-4155168598-3527253067-2058671051-1000</Data><Data Name='IsPartOfSet'>false</Data><Data Name='AssociationError'>0</Data><Data Name='ProtocolError'>0</Data></EventData></Event><Event xmlns='http://schemas.microsoft.com/win/2004/08/events/event'><System><Provider Name='Service Control Manager' Guid='{555908d1-a6d7-4695-8e1e-26931d2012f4}' EventSourceName='Service Control Manager'/><EventID Qualifiers='16384'>7040</EventID><Version>0</Version><Level>4</Level><Task>0</Task><Opcode>0</Opcode><Keywords>0x8080000000000000</Keywords><TimeCreated SystemTime='2025-06-02T16:49:40.6641198Z'/><EventRecordID>563</EventRecordID><Correlation/><Execution ProcessID='892' ThreadID='3556'/><Channel>System</Channel><Computer>NIKOLAISMETBD82</Computer><Security UserID='S-1-5-18'/></System><EventData><Data Name='param1'>Device Association Service</Data><Data Name='param2'>demand start</Data><Data Name='param3'>auto start</Data><Data Name='param4'>DeviceAssociationService</Data></EventData></Event><Event xmlns='http://schemas.microsoft.com/win/2004/08/events/event'><System><Provider Name='Service Control Manager' Guid='{555908d1-a6d7-4695-8e1e-26931d2012f4}' EventSourceName='Service Control Manager'/><EventID Qualifiers='16384'>7040</EventID><Version>0</Version><Level>4</Level><Task>0</Task><Opcode>0</Opcode><Keywords>0x8080000000000000</Keywords><TimeCreated SystemTime='2025-06-02T16:49:38.9068745Z'/><EventRecordID>562</EventRecordID><Correlation/><Execution ProcessID='892' ThreadID='3552'/><Channel>System</Channel><Computer>NIKOLAISMETBD82</Computer><Security UserID='S-1-5-18'/></System><EventData><Data Name='param1'>Windows Modules Installer</Data><Data Name='param2'>demand start</Data><Data Name='param3'>auto start</Data><Data Name='param4'>TrustedInstaller</Data></EventData></Event>