<Event xmlns='http://schemas.microsoft.com/win/2004/08/events/event'><System><Provider Name='Microsoft-Windows-WindowsUpdateClient' Guid='{945a8954-c147-4acd-923f-40c45405a658}'/><EventID>44</EventID><Version>1</Version><Level>4</Level><Task>1</Task><Opcode>12</Opcode><Keywords>0x8000000000002004</Keywords><TimeCreated SystemTime='2025-06-03T10:33:41.5498127Z'/><EventRecordID>748</EventRecordID><Correlation ActivityID='{189ccb3f-d3de-0003-ac4f-9f18ded3db01}'/><Execution ProcessID='4216' ThreadID='7356'/><Channel>System</Channel><Computer>NIKOLAISMETBD82</Computer><Security UserID='S-1-5-18'/></System><EventData><Data Name='updateTitle'>9WZDNCRFJ3PR-MICROSOFT.WINDOWSALARMS</Data><Data Name='updateGuid'>{956cd5a3-5d32-4972-8e6b-29c90b712ea5}</Data><Data Name='updateRevisionNumber'>1</Data></EventData></Event><Event xmlns='http://schemas.microsoft.com/win/2004/08/events/event'><System><Provider Name='Microsoft-Windows-WindowsUpdateClient' Guid='{945a8954-c147-4acd-923f-40c45405a658}'/><EventID>44</EventID><Version>1</Version><Level>4</Level><Task>1</Task><Opcode>12</Opcode><Keywords>0x8000000000002004</Keywords><TimeCreated SystemTime='2025-06-03T10:33:41.5498107Z'/><EventRecordID>747</EventRecordID><Correlation ActivityID='{189ccb3f-d3de-0003-ac4f-9f18ded3db01}'/><Execution ProcessID='4216' ThreadID='7356'/><Channel>System</Channel><Computer>NIKOLAISMETBD82</Computer><Security UserID='S-1-5-18'/></System><EventData><Data Name='updateTitle'>9NBLGGH4RV3K-Microsoft.VCLibs.140.00.UWPDesktop</Data><Data Name='updateGuid'>{fcdd3b59-f41c-4595-b36b-245bacb749e8}</Data><Data Name='updateRevisionNumber'>1</Data></EventData></Event><Event xmlns='http://schemas.microsoft.com/win/2004/08/events/event'><System><Provider Name='Microsoft-Windows-WindowsUpdateClient' Guid='{945a8954-c147-4acd-923f-40c45405a658}'/><EventID>44</EventID><Version>1</Version><Level>4</Level><Task>1</Task><Opcode>12</Opcode><Keywords>0x8000000000002004</Keywords><TimeCreated SystemTime='2025-06-03T10:33:41.5497549Z'/><EventRecordID>746</EventRecordID><Correlation ActivityID='{189ccb3f-d3de-0003-ac4f-9f18ded3db01}'/><Execution ProcessID='4216' ThreadID='7356'/><Channel>System</Channel><Computer>NIKOLAISMETBD82</Computer><Security UserID='S-1-5-18'/></System><EventData><Data Name='updateTitle'>9WZDNCRFJ3PR-MICROSOFT.WINDOWSALARMS</Data><Data Name='updateGuid'>{956cd5a3-5d32-4972-8e6b-29c90b712ea5}</Data><Data Name='updateRevisionNumber'>1</Data></EventData></Event><Event xmlns='http://schemas.microsoft.com/win/2004/08/events/event'><System><Provider Name='Microsoft-Windows-WindowsUpdateClient' Guid='{945a8954-c147-4acd-923f-40c45405a658}'/><EventID>44</EventID><Version>1</Version><Level>4</Level><Task>1</Task><Opcode>12</Opcode><Keywords>0x8000000000002004</Keywords><TimeCreated SystemTime='2025-06-03T10:33:41.5497534Z'/><EventRecordID>745</EventRecordID><Correlation ActivityID='{189ccb3f-d3de-0003-ac4f-9f18ded3db01}'/><Execution ProcessID='4216' ThreadID='7356'/><Channel>System</Channel><Computer>NIKOLAISMETBD82</Computer><Security UserID='S-1-5-18'/></System><EventData><Data Name='updateTitle'>9MW2LKJ0TPJF-Microsoft.NET.Native.Framework.2.2</Data><Data Name='updateGuid'>{bfa7d40d-2cdf-4c15-98cf-85c847517da3}</Data><Data Name='updateRevisionNumber'>1</Data></EventData></Event><Event xmlns='http://schemas.microsoft.com/win/2004/08/events/event'><System><Provider Name='Microsoft-Windows-WindowsUpdateClient' Guid='{945a8954-c147-4acd-923f-40c45405a658}'/><EventID>44</EventID><Version>1</Version><Level>4</Level><Task>1</Task><Opcode>12</Opcode><Keywords>0x8000000000002004</Keywords><TimeCreated SystemTime='2025-06-03T10:33:41.5497510Z'/><EventRecordID>744</EventRecordID><Correlation ActivityID='{189ccb3f-d3de-0003-ac4f-9f18ded3db01}'/><Execution ProcessID='4216' ThreadID='7356'/><Channel>System</Channel><Computer>NIKOLAISMETBD82</Computer><Security UserID='S-1-5-18'/></System><EventData><Data Name='updateTitle'>9WZDNCRFJ3PR-MICROSOFT.WINDOWSALARMS</Data><Data Name='updateGuid'>{956cd5a3-5d32-4972-8e6b-29c90b712ea5}</Data><Data Name='updateRevisionNumber'>1</Data></EventData></Event><Event xmlns='http://schemas.microsoft.com/win/2004/08/events/event'><System><Provider Name='Microsoft-Windows-WindowsUpdateClient' Guid='{945a8954-c147-4acd-923f-40c45405a658}'/><EventID>44</EventID><Version>1</Version><Level>4</Level><Task>1</Task><Opcode>12</Opcode><Keywords>0x8000000000002004</Keywords><TimeCreated SystemTime='2025-06-03T10:33:41.5497482Z'/><EventRecordID>743</EventRecordID><Correlation ActivityID='{189ccb3f-d3de-0003-ac4f-9f18ded3db01}'/><Execution ProcessID='4216' ThreadID='7356'/><Channel>System</Channel><Computer>NIKOLAISMETBD82</Computer><Security UserID='S-1-5-18'/></System><EventData><Data Name='updateTitle'>9PLL735RFDSM-Microsoft.NET.Native.Runtime.2.2</Data><Data Name='updateGuid'>{9c137291-4059-4cb8-b650-12b07bbe1da1}</Data><Data Name='updateRevisionNumber'>1</Data></EventData></Event><Event xmlns='http://schemas.microsoft.com/win/2004/08/events/event'><System><Provider Name='Microsoft-Windows-WindowsUpdateClient' Guid='{945a8954-c147-4acd-923f-40c45405a658}'/><EventID>44</EventID><Version>1</Version><Level>4</Level><Task>1</Task><Opcode>12</Opcode><Keywords>0x8000000000002004</Keywords><TimeCreated SystemTime='2025-06-03T10:33:41.5496553Z'/><EventRecordID>742</EventRecordID><Correlation ActivityID='{189ccb3f-d3de-0003-ac4f-9f18ded3db01}'/><Execution ProcessID='4216' ThreadID='7356'/><Channel>System</Channel><Computer>NIKOLAISMETBD82</Computer><Security UserID='S-1-5-18'/></System><EventData><Data Name='updateTitle'>9WZDNCRFJ3PR-MICROSOFT.WINDOWSALARMS</Data><Data Name='updateGuid'>{956cd5a3-5d32-4972-8e6b-29c90b712ea5}</Data><Data Name='updateRevisionNumber'>1</Data></EventData></Event><Event xmlns='http://schemas.microsoft.com/win/2004/08/events/event'><System><Provider Name='Microsoft-Windows-WindowsUpdateClient' Guid='{945a8954-c147-4acd-923f-40c45405a658}'/><EventID>44</EventID><Version>1</Version><Level>4</Level><Task>1</Task><Opcode>12</Opcode><Keywords>0x8000000000002004</Keywords><TimeCreated SystemTime='2025-06-03T10:33:41.5496536Z'/><EventRecordID>741</EventRecordID><Correlation ActivityID='{189ccb3f-d3de-0003-ac4f-9f18ded3db01}'/><Execution ProcessID='4216' ThreadID='7356'/><Channel>System</Channel><Computer>NIKOLAISMETBD82</Computer><Security UserID='S-1-5-18'/></System><EventData><Data Name='updateTitle'>9NBLGGH3FRZM-Microsoft.VCLibs.140.00</Data><Data Name='updateGuid'>{7c4b0956-b3f1-40ac-a633-668abc5d6af2}</Data><Data Name='updateRevisionNumber'>1</Data></EventData></Event><Event xmlns='http://schemas.microsoft.com/win/2004/08/events/event'><System><Provider Name='Microsoft-Windows-Kernel-General' Guid='{a68ca8b7-004f-d7b6-a698-07e2de0f1f5d}'/><EventID>16</EventID><Version>0</Version><Level>4</Level><Task>0</Task><Opcode>0</Opcode><Keywords>0x8000000000000000</Keywords><TimeCreated SystemTime='2025-06-03T10:33:40.4477990Z'/><EventRecordID>740</EventRecordID><Correlation/><Execution ProcessID='3056' ThreadID='7280'/><Channel>System</Channel><Computer>NIKOLAISMETBD82</Computer><Security UserID='S-1-5-21-4155168598-3527253067-2058671051-1000'/></System><EventData><Data Name='HiveNameLength'>113</Data><Data Name='HiveName'>\??\C:\Users\nikolai.smetannikov\AppData\Local\Packages\Microsoft.BingWeather_8wekyb3d8bbwe\Settings\settings.dat</Data><Data Name='KeysUpdated'>3</Data><Data Name='DirtyPages'>1</Data></EventData></Event><Event xmlns='http://schemas.microsoft.com/win/2004/08/events/event'><System><Provider Name='Microsoft-Windows-WindowsUpdateClient' Guid='{945a8954-c147-4acd-923f-40c45405a658}'/><EventID>43</EventID><Version>1</Version><Level>4</Level><Task>1</Task><Opcode>13</Opcode><Keywords>0x8000000000002008</Keywords><TimeCreated SystemTime='2025-06-03T10:33:40.2558465Z'/><EventRecordID>739</EventRecordID><Correlation/><Execution ProcessID='4216' ThreadID='7356'/><Channel>System</Channel><Computer>NIKOLAISMETBD82</Computer><Security UserID='S-1-5-18'/></System><EventData><Data Name='updateTitle'>9WZDNCRFJ3Q2-Microsoft.BingWeather</Data><Data Name='updateGuid'>{6c06eb91-84aa-414f-a430-068feabcbadd}</Data><Data Name='updateRevisionNumber'>1</Data></EventData></Event><Event xmlns='http://schemas.microsoft.com/win/2004/08/events/event'><System><Provider Name='Microsoft-Windows-WindowsUpdateClient' Guid='{945a8954-c147-4acd-923f-40c45405a658}'/><EventID>44</EventID><Version>1</Version><Level>4</Level><Task>1</Task><Opcode>12</Opcode><Keywords>0x8000000000002004</Keywords><TimeCreated SystemTime='2025-06-03T10:33:40.2557578Z'/><EventRecordID>738</EventRecordID><Correlation/><Execution ProcessID='4216' ThreadID='7356'/><Channel>System</Channel><Computer>NIKOLAISMETBD82</Computer><Security UserID='S-1-5-18'/></System><EventData><Data Name='updateTitle'>9WZDNCRFJ3PR-MICROSOFT.WINDOWSALARMS</Data><Data Name='updateGuid'>{956cd5a3-5d32-4972-8e6b-29c90b712ea5}</Data><Data Name='updateRevisionNumber'>1</Data></EventData></Event><Event xmlns='http://schemas.microsoft.com/win/2004/08/events/event'><System><Provider Name='Microsoft-Windows-WindowsUpdateClient' Guid='{945a8954-c147-4acd-923f-40c45405a658}'/><EventID>44</EventID><Version>1</Version><Level>4</Level><Task>1</Task><Opcode>12</Opcode><Keywords>0x8000000000002004</Keywords><TimeCreated SystemTime='2025-06-03T10:33:40.2557561Z'/><EventRecordID>737</EventRecordID><Correlation/><Execution ProcessID='4216' ThreadID='7356'/><Channel>System</Channel><Computer>NIKOLAISMETBD82</Computer><Security UserID='S-1-5-18'/></System><EventData><Data Name='updateTitle'>9WZDNCRFJ3PR-MICROSOFT.WINDOWSALARMS</Data><Data Name='updateGuid'>{956cd5a3-5d32-4972-8e6b-29c90b712ea5}</Data><Data Name='updateRevisionNumber'>1</Data></EventData></Event><Event xmlns='http://schemas.microsoft.com/win/2004/08/events/event'><System><Provider Name='Microsoft-Windows-WindowsUpdateClient' Guid='{945a8954-c147-4acd-923f-40c45405a658}'/><EventID>44</EventID><Version>1</Version><Level>4</Level><Task>1</Task><Opcode>12</Opcode><Keywords>0x8000000000002004</Keywords><TimeCreated SystemTime='2025-06-03T10:33:40.2557542Z'/><EventRecordID>736</EventRecordID><Correlation/><Execution ProcessID='4216' ThreadID='7356'/><Channel>System</Channel><Computer>NIKOLAISMETBD82</Computer><Security UserID='S-1-5-18'/></System><EventData><Data Name='updateTitle'>9NH2SW16MQ7F-Microsoft.WindowsAppRuntime.1.5</Data><Data Name='updateGuid'>{9e7b6034-6a40-4f49-ba32-0d77661c32a5}</Data><Data Name='updateRevisionNumber'>1</Data></EventData></Event><Event xmlns='http://schemas.microsoft.com/win/2004/08/events/event'><System><Provider Name='Microsoft-Windows-WindowsUpdateClient' Guid='{945a8954-c147-4acd-923f-40c45405a658}'/><EventID>19</EventID><Version>1</Version><Level>4</Level><Task>1</Task><Opcode>13</Opcode><Keywords>0x8000000000000018</Keywords><TimeCreated SystemTime='2025-06-03T10:33:38.6850755Z'/><EventRecordID>735</EventRecordID><Correlation ActivityID='{189ccb3f-d3de-0002-4396-9f18ded3db01}'/><Execution ProcessID='4216' ThreadID='10992'/><Channel>System</Channel><Computer>NIKOLAISMETBD82</Computer><Security UserID='S-1-5-18'/></System><EventData><Data Name='updateTitle'>9WZDNCRFHWKN-MICROSOFT.WINDOWSSOUNDRECORDER</Data><Data Name='updateGuid'>{28bd4083-267c-47bd-ba10-987e72ed6a25}</Data><Data Name='updateRevisionNumber'>1</Data><Data Name='serviceGuid'>{855e8a7c-ecb4-4ca3-b045-1dfa50104289}</Data></EventData></Event><Event xmlns='http://schemas.microsoft.com/win/2004/08/events/event'><System><Provider Name='Microsoft-Windows-Kernel-General' Guid='{a68ca8b7-004f-d7b6-a698-07e2de0f1f5d}'/><EventID>16</EventID><Version>0</Version><Level>4</Level><Task>0</Task><Opcode>0</Opcode><Keywords>0x8000000000000000</Keywords><TimeCreated SystemTime='2025-06-03T10:33:38.3080712Z'/><EventRecordID>734</EventRecordID><Correlation/><Execution ProcessID='3056' ThreadID='7280'/><Channel>System</Channel><Computer>NIKOLAISMETBD82</Computer><Security UserID='S-1-5-18'/></System><EventData><Data Name='HiveNameLength'>135</Data><Data Name='HiveName'>\??\C:\ProgramData\Microsoft\Windows\AppRepository\Packages\Microsoft.BingWeather_4.54.63007.0_arm64__8wekyb3d8bbwe\ActivationStore.dat</Data><Data Name='KeysUpdated'>0</Data><Data Name='DirtyPages'>0</Data></EventData></Event><Event xmlns='http://schemas.microsoft.com/win/2004/08/events/event'><System><Provider Name='Microsoft-Windows-Kernel-General' Guid='{a68ca8b7-004f-d7b6-a698-07e2de0f1f5d}'/><EventID>16</EventID><Version>0</Version><Level>4</Level><Task>0</Task><Opcode>0</Opcode><Keywords>0x8000000000000000</Keywords><TimeCreated SystemTime='2025-06-03T10:33:38.1967902Z'/><EventRecordID>733</EventRecordID><Correlation/><Execution ProcessID='3056' ThreadID='7284'/><Channel>System</Channel><Computer>NIKOLAISMETBD82</Computer><Security UserID='S-1-5-21-4155168598-3527253067-2058671051-1000'/></System><EventData><Data Name='HiveNameLength'>122</Data><Data Name='HiveName'>\??\C:\Users\nikolai.smetannikov\AppData\Local\Packages\Microsoft.WindowsSoundRecorder_8wekyb3d8bbwe\Settings\settings.dat</Data><Data Name='KeysUpdated'>3</Data><Data Name='DirtyPages'>1</Data></EventData></Event><Event xmlns='http://schemas.microsoft.com/win/2004/08/events/event'><System><Provider Name='Microsoft-Windows-WindowsUpdateClient' Guid='{945a8954-c147-4acd-923f-40c45405a658}'/><EventID>43</EventID><Version>1</Version><Level>4</Level><Task>1</Task><Opcode>13</Opcode><Keywords>0x8000000000002008</Keywords><TimeCreated SystemTime='2025-06-03T10:33:38.0135988Z'/><EventRecordID>732</EventRecordID><Correlation ActivityID='{189ccb3f-d3de-0003-1044-9f18ded3db01}'/><Execution ProcessID='4216' ThreadID='10992'/><Channel>System</Channel><Computer>NIKOLAISMETBD82</Computer><Security UserID='S-1-5-18'/></System><EventData><Data Name='updateTitle'>9WZDNCRFHWKN-MICROSOFT.WINDOWSSOUNDRECORDER</Data><Data Name='updateGuid'>{28bd4083-267c-47bd-ba10-987e72ed6a25}</Data><Data Name='updateRevisionNumber'>1</Data></EventData></Event><Event xmlns='http://schemas.microsoft.com/win/2004/08/events/event'><System><Provider Name='Microsoft-Windows-WindowsUpdateClient' Guid='{945a8954-c147-4acd-923f-40c45405a658}'/><EventID>19</EventID><Version>1</Version><Level>4</Level><Task>1</Task><Opcode>13</Opcode><Keywords>0x8000000000000018</Keywords><TimeCreated SystemTime='2025-06-03T10:33:37.9819378Z'/><EventRecordID>731</EventRecordID><Correlation ActivityID='{189ccb3f-d3de-0003-1044-9f18ded3db01}'/><Execution ProcessID='4216' ThreadID='10992'/><Channel>System</Channel><Computer>NIKOLAISMETBD82</Computer><Security UserID='S-1-5-18'/></System><EventData><Data Name='updateTitle'>9NSTH9KHZDLQ-Microsoft.UI.Xaml.2.8</Data><Data Name='updateGuid'>{6b5369f2-d415-4daf-a500-1b864dc84dec}</Data><Data Name='updateRevisionNumber'>1</Data><Data Name='serviceGuid'>{855e8a7c-ecb4-4ca3-b045-1dfa50104289}</Data></EventData></Event><Event xmlns='http://schemas.microsoft.com/win/2004/08/events/event'><System><Provider Name='Microsoft-Windows-WindowsUpdateClient' Guid='{945a8954-c147-4acd-923f-40c45405a658}'/><EventID>44</EventID><Version>1</Version><Level>4</Level><Task>1</Task><Opcode>12</Opcode><Keywords>0x8000000000002004</Keywords><TimeCreated SystemTime='2025-06-03T10:33:37.9818821Z'/><EventRecordID>730</EventRecordID><Correlation ActivityID='{189ccb3f-d3de-0003-1044-9f18ded3db01}'/><Execution ProcessID='4216' ThreadID='10992'/><Channel>System</Channel><Computer>NIKOLAISMETBD82</Computer><Security UserID='S-1-5-18'/></System><EventData><Data Name='updateTitle'>9PB0TRCNRHFX-Microsoft.AVCEncoderVideoExtension</Data><Data Name='updateGuid'>{1195e018-0975-43be-96bd-91d77c9c9068}</Data><Data Name='updateRevisionNumber'>1</Data></EventData></Event><Event xmlns='http://schemas.microsoft.com/win/2004/08/events/event'><System><Provider Name='Microsoft-Windows-Kernel-General' Guid='{a68ca8b7-004f-d7b6-a698-07e2de0f1f5d}'/><EventID>16</EventID><Version>0</Version><Level>4</Level><Task>0</Task><Opcode>0</Opcode><Keywords>0x8000000000000000</Keywords><TimeCreated SystemTime='2025-06-03T10:33:36.9383814Z'/><EventRecordID>729</EventRecordID><Correlation/><Execution ProcessID='3056' ThreadID='7260'/><Channel>System</Channel><Computer>NIKOLAISMETBD82</Computer><Security UserID='S-1-5-18'/></System><EventData><Data Name='HiveNameLength'>140</Data><Data Name='HiveName'>\??\C:\ProgramData\Microsoft\Windows\AppRepository\Packages\Microsoft.WindowsCalculator_11.2502.2.0_arm64__8wekyb3d8bbwe\ActivationStore.dat</Data><Data Name='KeysUpdated'>0</Data><Data Name='DirtyPages'>0</Data></EventData></Event><Event xmlns='http://schemas.microsoft.com/win/2004/08/events/event'><System><Provider Name='Microsoft-Windows-WindowsUpdateClient' Guid='{945a8954-c147-4acd-923f-40c45405a658}'/><EventID>43</EventID><Version>1</Version><Level>4</Level><Task>1</Task><Opcode>13</Opcode><Keywords>0x8000000000002008</Keywords><TimeCreated SystemTime='2025-06-03T10:33:36.8970648Z'/><EventRecordID>728</EventRecordID><Correlation/><Execution ProcessID='4216' ThreadID='10992'/><Channel>System</Channel><Computer>NIKOLAISMETBD82</Computer><Security UserID='S-1-5-18'/></System><EventData><Data Name='updateTitle'>9NSTH9KHZDLQ-Microsoft.UI.Xaml.2.8</Data><Data Name='updateGuid'>{6b5369f2-d415-4daf-a500-1b864dc84dec}</Data><Data Name='updateRevisionNumber'>1</Data></EventData></Event><Event xmlns='http://schemas.microsoft.com/win/2004/08/events/event'><System><Provider Name='Microsoft-Windows-WindowsUpdateClient' Guid='{945a8954-c147-4acd-923f-40c45405a658}'/><EventID>44</EventID><Version>1</Version><Level>4</Level><Task>1</Task><Opcode>12</Opcode><Keywords>0x8000000000002004</Keywords><TimeCreated SystemTime='2025-06-03T10:33:35.1183853Z'/><EventRecordID>727</EventRecordID><Correlation/><Execution ProcessID='4216' ThreadID='4856'/><Channel>System</Channel><Computer>NIKOLAISMETBD82</Computer><Security UserID='S-1-5-18'/></System><EventData><Data Name='updateTitle'>9NSTH9KHZDLQ-Microsoft.UI.Xaml.2.8</Data><Data Name='updateGuid'>{6b5369f2-d415-4daf-a500-1b864dc84dec}</Data><Data Name='updateRevisionNumber'>1</Data></EventData></Event><Event xmlns='http://schemas.microsoft.com/win/2004/08/events/event'><System><Provider Name='Microsoft-Windows-WindowsUpdateClient' Guid='{945a8954-c147-4acd-923f-40c45405a658}'/><EventID>44</EventID><Version>1</Version><Level>4</Level><Task>1</Task><Opcode>12</Opcode><Keywords>0x8000000000002004</Keywords><TimeCreated SystemTime='2025-06-03T10:33:35.1183835Z'/><EventRecordID>726</EventRecordID><Correlation/><Execution ProcessID='4216' ThreadID='4856'/><Channel>System</Channel><Computer>NIKOLAISMETBD82</Computer><Security UserID='S-1-5-18'/></System><EventData><Data Name='updateTitle'>9WZDNCRFHVN5-MICROSOFT.WINDOWSCALCULATOR</Data><Data Name='updateGuid'>{fc745b3b-d317-4a3e-8e00-f01e8ddfb402}</Data><Data Name='updateRevisionNumber'>1</Data></EventData></Event><Event xmlns='http://schemas.microsoft.com/win/2004/08/events/event'><System><Provider Name='Microsoft-Windows-WindowsUpdateClient' Guid='{945a8954-c147-4acd-923f-40c45405a658}'/><EventID>44</EventID><Version>1</Version><Level>4</Level><Task>1</Task><Opcode>12</Opcode><Keywords>0x8000000000002004</Keywords><TimeCreated SystemTime='2025-06-03T10:33:34.5532392Z'/><EventRecordID>725</EventRecordID><Correlation/><Execution ProcessID='4216' ThreadID='4856'/><Channel>System</Channel><Computer>NIKOLAISMETBD82</Computer><Security UserID='S-1-5-18'/></System><EventData><Data Name='updateTitle'>9WZDNCRFJ3Q2-Microsoft.BingWeather</Data><Data Name='updateGuid'>{6c06eb91-84aa-414f-a430-068feabcbadd}</Data><Data Name='updateRevisionNumber'>1</Data></EventData></Event><Event xmlns='http://schemas.microsoft.com/win/2004/08/events/event'><System><Provider Name='Microsoft-Windows-WindowsUpdateClient' Guid='{945a8954-c147-4acd-923f-40c45405a658}'/><EventID>44</EventID><Version>1</Version><Level>4</Level><Task>1</Task><Opcode>12</Opcode><Keywords>0x8000000000002004</Keywords><TimeCreated SystemTime='2025-06-03T10:33:34.3599266Z'/><EventRecordID>724</EventRecordID><Correlation/><Execution ProcessID='4216' ThreadID='4856'/><Channel>System</Channel><Computer>NIKOLAISMETBD82</Computer><Security UserID='S-1-5-18'/></System><EventData><Data Name='updateTitle'>9NBLGGH4RV3K-Microsoft.VCLibs.140.00.UWPDesktop</Data><Data Name='updateGuid'>{fcdd3b59-f41c-4595-b36b-245bacb749e8}</Data><Data Name='updateRevisionNumber'>1</Data></EventData></Event><Event xmlns='http://schemas.microsoft.com/win/2004/08/events/event'><System><Provider Name='Microsoft-Windows-WindowsUpdateClient' Guid='{945a8954-c147-4acd-923f-40c45405a658}'/><EventID>44</EventID><Version>1</Version><Level>4</Level><Task>1</Task><Opcode>12</Opcode><Keywords>0x8000000000002004</Keywords><TimeCreated SystemTime='2025-06-03T10:33:34.3599247Z'/><EventRecordID>723</EventRecordID><Correlation/><Execution ProcessID='4216' ThreadID='4856'/><Channel>System</Channel><Computer>NIKOLAISMETBD82</Computer><Security UserID='S-1-5-18'/></System><EventData><Data Name='updateTitle'>9WZDNCRFHVN5-MICROSOFT.WINDOWSCALCULATOR</Data><Data Name='updateGuid'>{fc745b3b-d317-4a3e-8e00-f01e8ddfb402}</Data><Data Name='updateRevisionNumber'>1</Data></EventData></Event><Event xmlns='http://schemas.microsoft.com/win/2004/08/events/event'><System><Provider Name='Microsoft-Windows-WindowsUpdateClient' Guid='{945a8954-c147-4acd-923f-40c45405a658}'/><EventID>44</EventID><Version>1</Version><Level>4</Level><Task>1</Task><Opcode>12</Opcode><Keywords>0x8000000000002004</Keywords><TimeCreated SystemTime='2025-06-03T10:33:33.7149219Z'/><EventRecordID>722</EventRecordID><Correlation/><Execution ProcessID='4216' ThreadID='4856'/><Channel>System</Channel><Computer>NIKOLAISMETBD82</Computer><Security UserID='S-1-5-18'/></System><EventData><Data Name='updateTitle'>9WZDNCRFJ3Q2-Microsoft.BingWeather</Data><Data Name='updateGuid'>{6c06eb91-84aa-414f-a430-068feabcbadd}</Data><Data Name='updateRevisionNumber'>1</Data></EventData></Event><Event xmlns='http://schemas.microsoft.com/win/2004/08/events/event'><System><Provider Name='Microsoft-Windows-WindowsUpdateClient' Guid='{945a8954-c147-4acd-923f-40c45405a658}'/><EventID>44</EventID><Version>1</Version><Level>4</Level><Task>1</Task><Opcode>12</Opcode><Keywords>0x8000000000002004</Keywords><TimeCreated SystemTime='2025-06-03T10:33:33.7149200Z'/><EventRecordID>721</EventRecordID><Correlation/><Execution ProcessID='4216' ThreadID='4856'/><Channel>System</Channel><Computer>NIKOLAISMETBD82</Computer><Security UserID='S-1-5-18'/></System><EventData><Data Name='updateTitle'>9WZDNCRFHWKN-MICROSOFT.WINDOWSSOUNDRECORDER</Data><Data Name='updateGuid'>{28bd4083-267c-47bd-ba10-987e72ed6a25}</Data><Data Name='updateRevisionNumber'>1</Data></EventData></Event><Event xmlns='http://schemas.microsoft.com/win/2004/08/events/event'><System><Provider Name='Microsoft-Windows-WindowsUpdateClient' Guid='{945a8954-c147-4acd-923f-40c45405a658}'/><EventID>44</EventID><Version>1</Version><Level>4</Level><Task>1</Task><Opcode>12</Opcode><Keywords>0x8000000000002004</Keywords><TimeCreated SystemTime='2025-06-03T10:33:33.7149172Z'/><EventRecordID>720</EventRecordID><Correlation/><Execution ProcessID='4216' ThreadID='4856'/><Channel>System</Channel><Computer>NIKOLAISMETBD82</Computer><Security UserID='S-1-5-18'/></System><EventData><Data Name='updateTitle'>9NBLGGH4RV3K-Microsoft.VCLibs.140.00.UWPDesktop</Data><Data Name='updateGuid'>{fcdd3b59-f41c-4595-b36b-245bacb749e8}</Data><Data Name='updateRevisionNumber'>1</Data></EventData></Event><Event xmlns='http://schemas.microsoft.com/win/2004/08/events/event'><System><Provider Name='Microsoft-Windows-WindowsUpdateClient' Guid='{945a8954-c147-4acd-923f-40c45405a658}'/><EventID>44</EventID><Version>1</Version><Level>4</Level><Task>1</Task><Opcode>12</Opcode><Keywords>0x8000000000002004</Keywords><TimeCreated SystemTime='2025-06-03T10:33:33.7149145Z'/><EventRecordID>719</EventRecordID><Correlation/><Execution ProcessID='4216' ThreadID='4856'/><Channel>System</Channel><Computer>NIKOLAISMETBD82</Computer><Security UserID='S-1-5-18'/></System><EventData><Data Name='updateTitle'>9WZDNCRFHVN5-MICROSOFT.WINDOWSCALCULATOR</Data><Data Name='updateGuid'>{fc745b3b-d317-4a3e-8e00-f01e8ddfb402}</Data><Data Name='updateRevisionNumber'>1</Data></EventData></Event><Event xmlns='http://schemas.microsoft.com/win/2004/08/events/event'><System><Provider Name='Microsoft-Windows-Kernel-General' Guid='{a68ca8b7-004f-d7b6-a698-07e2de0f1f5d}'/><EventID>16</EventID><Version>0</Version><Level>4</Level><Task>0</Task><Opcode>0</Opcode><Keywords>0x8000000000000000</Keywords><TimeCreated SystemTime='2025-06-03T10:33:33.2389065Z'/><EventRecordID>718</EventRecordID><Correlation/><Execution ProcessID='3056' ThreadID='7284'/><Channel>System</Channel><Computer>NIKOLAISMETBD82</Computer><Security UserID='S-1-5-18'/></System><EventData><Data Name='HiveNameLength'>135</Data><Data Name='HiveName'>\??\C:\ProgramData\Microsoft\Windows\AppRepository\Packages\Microsoft.UI.Xaml.2.8_8.2501.31001.0_x64__8wekyb3d8bbwe\ActivationStore.dat</Data><Data Name='KeysUpdated'>0</Data><Data Name='DirtyPages'>0</Data></EventData></Event><Event xmlns='http://schemas.microsoft.com/win/2004/08/events/event'><System><Provider Name='Microsoft-Windows-WindowsUpdateClient' Guid='{945a8954-c147-4acd-923f-40c45405a658}'/><EventID>44</EventID><Version>1</Version><Level>4</Level><Task>1</Task><Opcode>12</Opcode><Keywords>0x8000000000002004</Keywords><TimeCreated SystemTime='2025-06-03T10:33:32.7784215Z'/><EventRecordID>717</EventRecordID><Correlation/><Execution ProcessID='4216' ThreadID='4856'/><Channel>System</Channel><Computer>NIKOLAISMETBD82</Computer><Security UserID='S-1-5-18'/></System><EventData><Data Name='updateTitle'>9NSTH9KHZDLQ-Microsoft.UI.Xaml.2.8</Data><Data Name='updateGuid'>{6b5369f2-d415-4daf-a500-1b864dc84dec}</Data><Data Name='updateRevisionNumber'>1</Data></EventData></Event><Event xmlns='http://schemas.microsoft.com/win/2004/08/events/event'><System><Provider Name='Microsoft-Windows-WindowsUpdateClient' Guid='{945a8954-c147-4acd-923f-40c45405a658}'/><EventID>44</EventID><Version>1</Version><Level>4</Level><Task>1</Task><Opcode>12</Opcode><Keywords>0x8000000000002004</Keywords><TimeCreated SystemTime='2025-06-03T10:33:32.7784166Z'/><EventRecordID>716</EventRecordID><Correlation/><Execution ProcessID='4216' ThreadID='4856'/><Channel>System</Channel><Computer>NIKOLAISMETBD82</Computer><Security UserID='S-1-5-18'/></System><EventData><Data Name='updateTitle'>9WZDNCRFHWKN-MICROSOFT.WINDOWSSOUNDRECORDER</Data><Data Name='updateGuid'>{28bd4083-267c-47bd-ba10-987e72ed6a25}</Data><Data Name='updateRevisionNumber'>1</Data></EventData></Event><Event xmlns='http://schemas.microsoft.com/win/2004/08/events/event'><System><Provider Name='Microsoft-Windows-Kernel-General' Guid='{a68ca8b7-004f-d7b6-a698-07e2de0f1f5d}'/><EventID>16</EventID><Version>0</Version><Level>4</Level><Task>0</Task><Opcode>0</Opcode><Keywords>0x8000000000000000</Keywords><TimeCreated SystemTime='2025-06-03T10:33:32.2010146Z'/><EventRecordID>715</EventRecordID><Correlation/><Execution ProcessID='3056' ThreadID='7260'/><Channel>System</Channel><Computer>NIKOLAISMETBD82</Computer><Security UserID='S-1-5-18'/></System><EventData><Data Name='HiveNameLength'>140</Data><Data Name='HiveName'>\??\C:\ProgramData\Microsoft\Windows\AppRepository\Packages\Microsoft.WindowsSoundRecorder_1.0.90.0_arm64__8wekyb3d8bbwe\ActivationStore.dat</Data><Data Name='KeysUpdated'>0</Data><Data Name='DirtyPages'>0</Data></EventData></Event><Event xmlns='http://schemas.microsoft.com/win/2004/08/events/event'><System><Provider Name='Microsoft-Windows-WindowsUpdateClient' Guid='{945a8954-c147-4acd-923f-40c45405a658}'/><EventID>44</EventID><Version>1</Version><Level>4</Level><Task>1</Task><Opcode>12</Opcode><Keywords>0x8000000000002004</Keywords><TimeCreated SystemTime='2025-06-03T10:33:31.9189616Z'/><EventRecordID>714</EventRecordID><Correlation/><Execution ProcessID='4216' ThreadID='4856'/><Channel>System</Channel><Computer>NIKOLAISMETBD82</Computer><Security UserID='S-1-5-18'/></System><EventData><Data Name='updateTitle'>9WZDNCRFHVN5-MICROSOFT.WINDOWSCALCULATOR</Data><Data Name='updateGuid'>{fc745b3b-d317-4a3e-8e00-f01e8ddfb402}</Data><Data Name='updateRevisionNumber'>1</Data></EventData></Event><Event xmlns='http://schemas.microsoft.com/win/2004/08/events/event'><System><Provider Name='Microsoft-Windows-WindowsUpdateClient' Guid='{945a8954-c147-4acd-923f-40c45405a658}'/><EventID>44</EventID><Version>1</Version><Level>4</Level><Task>1</Task><Opcode>12</Opcode><Keywords>0x8000000000002004</Keywords><TimeCreated SystemTime='2025-06-03T10:33:31.5248035Z'/><EventRecordID>713</EventRecordID><Correlation/><Execution ProcessID='4216' ThreadID='4856'/><Channel>System</Channel><Computer>NIKOLAISMETBD82</Computer><Security UserID='S-1-5-18'/></System><EventData><Data Name='updateTitle'>9NSTH9KHZDLQ-Microsoft.UI.Xaml.2.8</Data><Data Name='updateGuid'>{6b5369f2-d415-4daf-a500-1b864dc84dec}</Data><Data Name='updateRevisionNumber'>1</Data></EventData></Event><Event xmlns='http://schemas.microsoft.com/win/2004/08/events/event'><System><Provider Name='Microsoft-Windows-WindowsUpdateClient' Guid='{945a8954-c147-4acd-923f-40c45405a658}'/><EventID>44</EventID><Version>1</Version><Level>4</Level><Task>1</Task><Opcode>12</Opcode><Keywords>0x8000000000002004</Keywords><TimeCreated SystemTime='2025-06-03T10:33:31.5248020Z'/><EventRecordID>712</EventRecordID><Correlation/><Execution ProcessID='4216' ThreadID='4856'/><Channel>System</Channel><Computer>NIKOLAISMETBD82</Computer><Security UserID='S-1-5-18'/></System><EventData><Data Name='updateTitle'>9WZDNCRFHWKN-MICROSOFT.WINDOWSSOUNDRECORDER</Data><Data Name='updateGuid'>{28bd4083-267c-47bd-ba10-987e72ed6a25}</Data><Data Name='updateRevisionNumber'>1</Data></EventData></Event><Event xmlns='http://schemas.microsoft.com/win/2004/08/events/event'><System><Provider Name='Microsoft-Windows-WindowsUpdateClient' Guid='{945a8954-c147-4acd-923f-40c45405a658}'/><EventID>44</EventID><Version>1</Version><Level>4</Level><Task>1</Task><Opcode>12</Opcode><Keywords>0x8000000000002004</Keywords><TimeCreated SystemTime='2025-06-03T10:33:31.5248001Z'/><EventRecordID>711</EventRecordID><Correlation/><Execution ProcessID='4216' ThreadID='4856'/><Channel>System</Channel><Computer>NIKOLAISMETBD82</Computer><Security UserID='S-1-5-18'/></System><EventData><Data Name='updateTitle'>9WZDNCRFHVN5-MICROSOFT.WINDOWSCALCULATOR</Data><Data Name='updateGuid'>{fc745b3b-d317-4a3e-8e00-f01e8ddfb402}</Data><Data Name='updateRevisionNumber'>1</Data></EventData></Event><Event xmlns='http://schemas.microsoft.com/win/2004/08/events/event'><System><Provider Name='Microsoft-Windows-WindowsUpdateClient' Guid='{945a8954-c147-4acd-923f-40c45405a658}'/><EventID>44</EventID><Version>1</Version><Level>4</Level><Task>1</Task><Opcode>12</Opcode><Keywords>0x8000000000002004</Keywords><TimeCreated SystemTime='2025-06-03T10:33:30.9792012Z'/><EventRecordID>710</EventRecordID><Correlation/><Execution ProcessID='4216' ThreadID='4856'/><Channel>System</Channel><Computer>NIKOLAISMETBD82</Computer><Security UserID='S-1-5-18'/></System><EventData><Data Name='updateTitle'>9WZDNCRFJ3Q2-Microsoft.BingWeather</Data><Data Name='updateGuid'>{6c06eb91-84aa-414f-a430-068feabcbadd}</Data><Data Name='updateRevisionNumber'>1</Data></EventData></Event><Event xmlns='http://schemas.microsoft.com/win/2004/08/events/event'><System><Provider Name='Microsoft-Windows-WindowsUpdateClient' Guid='{945a8954-c147-4acd-923f-40c45405a658}'/><EventID>44</EventID><Version>1</Version><Level>4</Level><Task>1</Task><Opcode>12</Opcode><Keywords>0x8000000000002004</Keywords><TimeCreated SystemTime='2025-06-03T10:33:30.9791991Z'/><EventRecordID>709</EventRecordID><Correlation/><Execution ProcessID='4216' ThreadID='4856'/><Channel>System</Channel><Computer>NIKOLAISMETBD82</Computer><Security UserID='S-1-5-18'/></System><EventData><Data Name='updateTitle'>9PLL735RFDSM-Microsoft.NET.Native.Runtime.2.2</Data><Data Name='updateGuid'>{9c137291-4059-4cb8-b650-12b07bbe1da1}</Data><Data Name='updateRevisionNumber'>1</Data></EventData></Event><Event xmlns='http://schemas.microsoft.com/win/2004/08/events/event'><System><Provider Name='Microsoft-Windows-WindowsUpdateClient' Guid='{945a8954-c147-4acd-923f-40c45405a658}'/><EventID>44</EventID><Version>1</Version><Level>4</Level><Task>1</Task><Opcode>12</Opcode><Keywords>0x8000000000002004</Keywords><TimeCreated SystemTime='2025-06-03T10:33:30.9791968Z'/><EventRecordID>708</EventRecordID><Correlation/><Execution ProcessID='4216' ThreadID='4856'/><Channel>System</Channel><Computer>NIKOLAISMETBD82</Computer><Security UserID='S-1-5-18'/></System><EventData><Data Name='updateTitle'>9WZDNCRFHWKN-MICROSOFT.WINDOWSSOUNDRECORDER</Data><Data Name='updateGuid'>{28bd4083-267c-47bd-ba10-987e72ed6a25}</Data><Data Name='updateRevisionNumber'>1</Data></EventData></Event><Event xmlns='http://schemas.microsoft.com/win/2004/08/events/event'><System><Provider Name='Microsoft-Windows-WindowsUpdateClient' Guid='{945a8954-c147-4acd-923f-40c45405a658}'/><EventID>44</EventID><Version>1</Version><Level>4</Level><Task>1</Task><Opcode>12</Opcode><Keywords>0x8000000000002004</Keywords><TimeCreated SystemTime='2025-06-03T10:33:30.7308617Z'/><EventRecordID>707</EventRecordID><Correlation/><Execution ProcessID='4216' ThreadID='4856'/><Channel>System</Channel><Computer>NIKOLAISMETBD82</Computer><Security UserID='S-1-5-18'/></System><EventData><Data Name='updateTitle'>9WZDNCRFHVN5-MICROSOFT.WINDOWSCALCULATOR</Data><Data Name='updateGuid'>{fc745b3b-d317-4a3e-8e00-f01e8ddfb402}</Data><Data Name='updateRevisionNumber'>1</Data></EventData></Event><Event xmlns='http://schemas.microsoft.com/win/2004/08/events/event'><System><Provider Name='Microsoft-Windows-WindowsUpdateClient' Guid='{945a8954-c147-4acd-923f-40c45405a658}'/><EventID>44</EventID><Version>1</Version><Level>4</Level><Task>1</Task><Opcode>12</Opcode><Keywords>0x8000000000002004</Keywords><TimeCreated SystemTime='2025-06-03T10:33:30.6078460Z'/><EventRecordID>706</EventRecordID><Correlation/><Execution ProcessID='4216' ThreadID='4856'/><Channel>System</Channel><Computer>NIKOLAISMETBD82</Computer><Security UserID='S-1-5-18'/></System><EventData><Data Name='updateTitle'>9WZDNCRFJ3Q2-Microsoft.BingWeather</Data><Data Name='updateGuid'>{6c06eb91-84aa-414f-a430-068feabcbadd}</Data><Data Name='updateRevisionNumber'>1</Data></EventData></Event><Event xmlns='http://schemas.microsoft.com/win/2004/08/events/event'><System><Provider Name='Microsoft-Windows-WindowsUpdateClient' Guid='{945a8954-c147-4acd-923f-40c45405a658}'/><EventID>44</EventID><Version>1</Version><Level>4</Level><Task>1</Task><Opcode>12</Opcode><Keywords>0x8000000000002004</Keywords><TimeCreated SystemTime='2025-06-03T10:33:30.6078445Z'/><EventRecordID>705</EventRecordID><Correlation/><Execution ProcessID='4216' ThreadID='4856'/><Channel>System</Channel><Computer>NIKOLAISMETBD82</Computer><Security UserID='S-1-5-18'/></System><EventData><Data Name='updateTitle'>9WZDNCRFHWKN-MICROSOFT.WINDOWSSOUNDRECORDER</Data><Data Name='updateGuid'>{28bd4083-267c-47bd-ba10-987e72ed6a25}</Data><Data Name='updateRevisionNumber'>1</Data></EventData></Event><Event xmlns='http://schemas.microsoft.com/win/2004/08/events/event'><System><Provider Name='Microsoft-Windows-WindowsUpdateClient' Guid='{945a8954-c147-4acd-923f-40c45405a658}'/><EventID>44</EventID><Version>1</Version><Level>4</Level><Task>1</Task><Opcode>12</Opcode><Keywords>0x8000000000002004</Keywords><TimeCreated SystemTime='2025-06-03T10:33:30.6078431Z'/><EventRecordID>704</EventRecordID><Correlation/><Execution ProcessID='4216' ThreadID='4856'/><Channel>System</Channel><Computer>NIKOLAISMETBD82</Computer><Security UserID='S-1-5-18'/></System><EventData><Data Name='updateTitle'>9NBLGGH4RV3K-Microsoft.VCLibs.140.00.UWPDesktop</Data><Data Name='updateGuid'>{fcdd3b59-f41c-4595-b36b-245bacb749e8}</Data><Data Name='updateRevisionNumber'>1</Data></EventData></Event><Event xmlns='http://schemas.microsoft.com/win/2004/08/events/event'><System><Provider Name='Microsoft-Windows-WindowsUpdateClient' Guid='{945a8954-c147-4acd-923f-40c45405a658}'/><EventID>44</EventID><Version>1</Version><Level>4</Level><Task>1</Task><Opcode>12</Opcode><Keywords>0x8000000000002004</Keywords><TimeCreated SystemTime='2025-06-03T10:33:30.6078413Z'/><EventRecordID>703</EventRecordID><Correlation/><Execution ProcessID='4216' ThreadID='4856'/><Channel>System</Channel><Computer>NIKOLAISMETBD82</Computer><Security UserID='S-1-5-18'/></System><EventData><Data Name='updateTitle'>9WZDNCRFHVN5-MICROSOFT.WINDOWSCALCULATOR</Data><Data Name='updateGuid'>{fc745b3b-d317-4a3e-8e00-f01e8ddfb402}</Data><Data Name='updateRevisionNumber'>1</Data></EventData></Event><Event xmlns='http://schemas.microsoft.com/win/2004/08/events/event'><System><Provider Name='Microsoft-Windows-WindowsUpdateClient' Guid='{945a8954-c147-4acd-923f-40c45405a658}'/><EventID>44</EventID><Version>1</Version><Level>4</Level><Task>1</Task><Opcode>12</Opcode><Keywords>0x8000000000002004</Keywords><TimeCreated SystemTime='2025-06-03T10:33:30.6070869Z'/><EventRecordID>702</EventRecordID><Correlation/><Execution ProcessID='4216' ThreadID='4856'/><Channel>System</Channel><Computer>NIKOLAISMETBD82</Computer><Security UserID='S-1-5-18'/></System><EventData><Data Name='updateTitle'>9WZDNCRFJ3Q2-Microsoft.BingWeather</Data><Data Name='updateGuid'>{6c06eb91-84aa-414f-a430-068feabcbadd}</Data><Data Name='updateRevisionNumber'>1</Data></EventData></Event><Event xmlns='http://schemas.microsoft.com/win/2004/08/events/event'><System><Provider Name='Microsoft-Windows-WindowsUpdateClient' Guid='{945a8954-c147-4acd-923f-40c45405a658}'/><EventID>44</EventID><Version>1</Version><Level>4</Level><Task>1</Task><Opcode>12</Opcode><Keywords>0x8000000000002004</Keywords><TimeCreated SystemTime='2025-06-03T10:33:30.6070854Z'/><EventRecordID>701</EventRecordID><Correlation/><Execution ProcessID='4216' ThreadID='4856'/><Channel>System</Channel><Computer>NIKOLAISMETBD82</Computer><Security UserID='S-1-5-18'/></System><EventData><Data Name='updateTitle'>9WZDNCRFHWKN-MICROSOFT.WINDOWSSOUNDRECORDER</Data><Data Name='updateGuid'>{28bd4083-267c-47bd-ba10-987e72ed6a25}</Data><Data Name='updateRevisionNumber'>1</Data></EventData></Event><Event xmlns='http://schemas.microsoft.com/win/2004/08/events/event'><System><Provider Name='Microsoft-Windows-WindowsUpdateClient' Guid='{945a8954-c147-4acd-923f-40c45405a658}'/><EventID>44</EventID><Version>1</Version><Level>4</Level><Task>1</Task><Opcode>12</Opcode><Keywords>0x8000000000002004</Keywords><TimeCreated SystemTime='2025-06-03T10:33:30.6070840Z'/><EventRecordID>700</EventRecordID><Correlation/><Execution ProcessID='4216' ThreadID='4856'/><Channel>System</Channel><Computer>NIKOLAISMETBD82</Computer><Security UserID='S-1-5-18'/></System><EventData><Data Name='updateTitle'>9WZDNCRFHVN5-MICROSOFT.WINDOWSCALCULATOR</Data><Data Name='updateGuid'>{fc745b3b-d317-4a3e-8e00-f01e8ddfb402}</Data><Data Name='updateRevisionNumber'>1</Data></EventData></Event><Event xmlns='http://schemas.microsoft.com/win/2004/08/events/event'><System><Provider Name='Microsoft-Windows-WindowsUpdateClient' Guid='{945a8954-c147-4acd-923f-40c45405a658}'/><EventID>44</EventID><Version>1</Version><Level>4</Level><Task>1</Task><Opcode>12</Opcode><Keywords>0x8000000000002004</Keywords><TimeCreated SystemTime='2025-06-03T10:33:30.6070825Z'/><EventRecordID>699</EventRecordID><Correlation/><Execution ProcessID='4216' ThreadID='4856'/><Channel>System</Channel><Computer>NIKOLAISMETBD82</Computer><Security UserID='S-1-5-18'/></System><EventData><Data Name='updateTitle'>9MW2LKJ0TPJF-Microsoft.NET.Native.Framework.2.2</Data><Data Name='updateGuid'>{bfa7d40d-2cdf-4c15-98cf-85c847517da3}</Data><Data Name='updateRevisionNumber'>1</Data></EventData></Event><Event xmlns='http://schemas.microsoft.com/win/2004/08/events/event'><System><Provider Name='Microsoft-Windows-WindowsUpdateClient' Guid='{945a8954-c147-4acd-923f-40c45405a658}'/><EventID>44</EventID><Version>1</Version><Level>4</Level><Task>1</Task><Opcode>12</Opcode><Keywords>0x8000000000002004</Keywords><TimeCreated SystemTime='2025-06-03T10:33:30.6064897Z'/><EventRecordID>698</EventRecordID><Correlation/><Execution ProcessID='4216' ThreadID='4856'/><Channel>System</Channel><Computer>NIKOLAISMETBD82</Computer><Security UserID='S-1-5-18'/></System><EventData><Data Name='updateTitle'>9WZDNCRFJ3Q2-Microsoft.BingWeather</Data><Data Name='updateGuid'>{6c06eb91-84aa-414f-a430-068feabcbadd}</Data><Data Name='updateRevisionNumber'>1</Data></EventData></Event><Event xmlns='http://schemas.microsoft.com/win/2004/08/events/event'><System><Provider Name='Microsoft-Windows-WindowsUpdateClient' Guid='{945a8954-c147-4acd-923f-40c45405a658}'/><EventID>44</EventID><Version>1</Version><Level>4</Level><Task>1</Task><Opcode>12</Opcode><Keywords>0x8000000000002004</Keywords><TimeCreated SystemTime='2025-06-03T10:33:30.6064882Z'/><EventRecordID>697</EventRecordID><Correlation/><Execution ProcessID='4216' ThreadID='4856'/><Channel>System</Channel><Computer>NIKOLAISMETBD82</Computer><Security UserID='S-1-5-18'/></System><EventData><Data Name='updateTitle'>9PLL735RFDSM-Microsoft.NET.Native.Runtime.2.2</Data><Data Name='updateGuid'>{9c137291-4059-4cb8-b650-12b07bbe1da1}</Data><Data Name='updateRevisionNumber'>1</Data></EventData></Event><Event xmlns='http://schemas.microsoft.com/win/2004/08/events/event'><System><Provider Name='Microsoft-Windows-WindowsUpdateClient' Guid='{945a8954-c147-4acd-923f-40c45405a658}'/><EventID>44</EventID><Version>1</Version><Level>4</Level><Task>1</Task><Opcode>12</Opcode><Keywords>0x8000000000002004</Keywords><TimeCreated SystemTime='2025-06-03T10:33:30.6064868Z'/><EventRecordID>696</EventRecordID><Correlation/><Execution ProcessID='4216' ThreadID='4856'/><Channel>System</Channel><Computer>NIKOLAISMETBD82</Computer><Security UserID='S-1-5-18'/></System><EventData><Data Name='updateTitle'>9WZDNCRFHWKN-MICROSOFT.WINDOWSSOUNDRECORDER</Data><Data Name='updateGuid'>{28bd4083-267c-47bd-ba10-987e72ed6a25}</Data><Data Name='updateRevisionNumber'>1</Data></EventData></Event><Event xmlns='http://schemas.microsoft.com/win/2004/08/events/event'><System><Provider Name='Microsoft-Windows-WindowsUpdateClient' Guid='{945a8954-c147-4acd-923f-40c45405a658}'/><EventID>44</EventID><Version>1</Version><Level>4</Level><Task>1</Task><Opcode>12</Opcode><Keywords>0x8000000000002004</Keywords><TimeCreated SystemTime='2025-06-03T10:33:30.6064853Z'/><EventRecordID>695</EventRecordID><Correlation/><Execution ProcessID='4216' ThreadID='4856'/><Channel>System</Channel><Computer>NIKOLAISMETBD82</Computer><Security UserID='S-1-5-18'/></System><EventData><Data Name='updateTitle'>9WZDNCRFHVN5-MICROSOFT.WINDOWSCALCULATOR</Data><Data Name='updateGuid'>{fc745b3b-d317-4a3e-8e00-f01e8ddfb402}</Data><Data Name='updateRevisionNumber'>1</Data></EventData></Event><Event xmlns='http://schemas.microsoft.com/win/2004/08/events/event'><System><Provider Name='Microsoft-Windows-WindowsUpdateClient' Guid='{945a8954-c147-4acd-923f-40c45405a658}'/><EventID>44</EventID><Version>1</Version><Level>4</Level><Task>1</Task><Opcode>12</Opcode><Keywords>0x8000000000002004</Keywords><TimeCreated SystemTime='2025-06-03T10:33:30.6058756Z'/><EventRecordID>694</EventRecordID><Correlation/><Execution ProcessID='4216' ThreadID='4856'/><Channel>System</Channel><Computer>NIKOLAISMETBD82</Computer><Security UserID='S-1-5-18'/></System><EventData><Data Name='updateTitle'>9WZDNCRFJ3Q2-Microsoft.BingWeather</Data><Data Name='updateGuid'>{6c06eb91-84aa-414f-a430-068feabcbadd}</Data><Data Name='updateRevisionNumber'>1</Data></EventData></Event><Event xmlns='http://schemas.microsoft.com/win/2004/08/events/event'><System><Provider Name='Microsoft-Windows-WindowsUpdateClient' Guid='{945a8954-c147-4acd-923f-40c45405a658}'/><EventID>44</EventID><Version>1</Version><Level>4</Level><Task>1</Task><Opcode>12</Opcode><Keywords>0x8000000000002004</Keywords><TimeCreated SystemTime='2025-06-03T10:33:30.6058742Z'/><EventRecordID>693</EventRecordID><Correlation/><Execution ProcessID='4216' ThreadID='4856'/><Channel>System</Channel><Computer>NIKOLAISMETBD82</Computer><Security UserID='S-1-5-18'/></System><EventData><Data Name='updateTitle'>9WZDNCRFHWKN-MICROSOFT.WINDOWSSOUNDRECORDER</Data><Data Name='updateGuid'>{28bd4083-267c-47bd-ba10-987e72ed6a25}</Data><Data Name='updateRevisionNumber'>1</Data></EventData></Event><Event xmlns='http://schemas.microsoft.com/win/2004/08/events/event'><System><Provider Name='Microsoft-Windows-WindowsUpdateClient' Guid='{945a8954-c147-4acd-923f-40c45405a658}'/><EventID>44</EventID><Version>1</Version><Level>4</Level><Task>1</Task><Opcode>12</Opcode><Keywords>0x8000000000002004</Keywords><TimeCreated SystemTime='2025-06-03T10:33:30.6058728Z'/><EventRecordID>692</EventRecordID><Correlation/><Execution ProcessID='4216' ThreadID='4856'/><Channel>System</Channel><Computer>NIKOLAISMETBD82</Computer><Security UserID='S-1-5-18'/></System><EventData><Data Name='updateTitle'>9NBLGGH3FRZM-Microsoft.VCLibs.140.00</Data><Data Name='updateGuid'>{7c4b0956-b3f1-40ac-a633-668abc5d6af2}</Data><Data Name='updateRevisionNumber'>1</Data></EventData></Event><Event xmlns='http://schemas.microsoft.com/win/2004/08/events/event'><System><Provider Name='Microsoft-Windows-WindowsUpdateClient' Guid='{945a8954-c147-4acd-923f-40c45405a658}'/><EventID>44</EventID><Version>1</Version><Level>4</Level><Task>1</Task><Opcode>12</Opcode><Keywords>0x8000000000002004</Keywords><TimeCreated SystemTime='2025-06-03T10:33:30.6058711Z'/><EventRecordID>691</EventRecordID><Correlation/><Execution ProcessID='4216' ThreadID='4856'/><Channel>System</Channel><Computer>NIKOLAISMETBD82</Computer><Security UserID='S-1-5-18'/></System><EventData><Data Name='updateTitle'>9WZDNCRFHVN5-MICROSOFT.WINDOWSCALCULATOR</Data><Data Name='updateGuid'>{fc745b3b-d317-4a3e-8e00-f01e8ddfb402}</Data><Data Name='updateRevisionNumber'>1</Data></EventData></Event><Event xmlns='http://schemas.microsoft.com/win/2004/08/events/event'><System><Provider Name='Microsoft-Windows-WindowsUpdateClient' Guid='{945a8954-c147-4acd-923f-40c45405a658}'/><EventID>44</EventID><Version>1</Version><Level>4</Level><Task>1</Task><Opcode>12</Opcode><Keywords>0x8000000000002004</Keywords><TimeCreated SystemTime='2025-06-03T10:33:30.6053163Z'/><EventRecordID>690</EventRecordID><Correlation/><Execution ProcessID='4216' ThreadID='4856'/><Channel>System</Channel><Computer>NIKOLAISMETBD82</Computer><Security UserID='S-1-5-18'/></System><EventData><Data Name='updateTitle'>9NSTH9KHZDLQ-Microsoft.UI.Xaml.2.8</Data><Data Name='updateGuid'>{6b5369f2-d415-4daf-a500-1b864dc84dec}</Data><Data Name='updateRevisionNumber'>1</Data></EventData></Event><Event xmlns='http://schemas.microsoft.com/win/2004/08/events/event'><System><Provider Name='Microsoft-Windows-WindowsUpdateClient' Guid='{945a8954-c147-4acd-923f-40c45405a658}'/><EventID>44</EventID><Version>1</Version><Level>4</Level><Task>1</Task><Opcode>12</Opcode><Keywords>0x8000000000002004</Keywords><TimeCreated SystemTime='2025-06-03T10:33:30.6053148Z'/><EventRecordID>689</EventRecordID><Correlation/><Execution ProcessID='4216' ThreadID='4856'/><Channel>System</Channel><Computer>NIKOLAISMETBD82</Computer><Security UserID='S-1-5-18'/></System><EventData><Data Name='updateTitle'>9WZDNCRFHWKN-MICROSOFT.WINDOWSSOUNDRECORDER</Data><Data Name='updateGuid'>{28bd4083-267c-47bd-ba10-987e72ed6a25}</Data><Data Name='updateRevisionNumber'>1</Data></EventData></Event><Event xmlns='http://schemas.microsoft.com/win/2004/08/events/event'><System><Provider Name='Microsoft-Windows-WindowsUpdateClient' Guid='{945a8954-c147-4acd-923f-40c45405a658}'/><EventID>44</EventID><Version>1</Version><Level>4</Level><Task>1</Task><Opcode>12</Opcode><Keywords>0x8000000000002004</Keywords><TimeCreated SystemTime='2025-06-03T10:33:30.6053133Z'/><EventRecordID>688</EventRecordID><Correlation/><Execution ProcessID='4216' ThreadID='4856'/><Channel>System</Channel><Computer>NIKOLAISMETBD82</Computer><Security UserID='S-1-5-18'/></System><EventData><Data Name='updateTitle'>9WZDNCRFHVN5-MICROSOFT.WINDOWSCALCULATOR</Data><Data Name='updateGuid'>{fc745b3b-d317-4a3e-8e00-f01e8ddfb402}</Data><Data Name='updateRevisionNumber'>1</Data></EventData></Event><Event xmlns='http://schemas.microsoft.com/win/2004/08/events/event'><System><Provider Name='Microsoft-Windows-WindowsUpdateClient' Guid='{945a8954-c147-4acd-923f-40c45405a658}'/><EventID>44</EventID><Version>1</Version><Level>4</Level><Task>1</Task><Opcode>12</Opcode><Keywords>0x8000000000002004</Keywords><TimeCreated SystemTime='2025-06-03T10:33:30.6039825Z'/><EventRecordID>687</EventRecordID><Correlation/><Execution ProcessID='4216' ThreadID='4856'/><Channel>System</Channel><Computer>NIKOLAISMETBD82</Computer><Security UserID='S-1-5-18'/></System><EventData><Data Name='updateTitle'>9WZDNCRFHVN5-MICROSOFT.WINDOWSCALCULATOR</Data><Data Name='updateGuid'>{fc745b3b-d317-4a3e-8e00-f01e8ddfb402}</Data><Data Name='updateRevisionNumber'>1</Data></EventData></Event><Event xmlns='http://schemas.microsoft.com/win/2004/08/events/event'><System><Provider Name='Microsoft-Windows-WindowsUpdateClient' Guid='{945a8954-c147-4acd-923f-40c45405a658}'/><EventID>44</EventID><Version>1</Version><Level>4</Level><Task>1</Task><Opcode>12</Opcode><Keywords>0x8000000000002004</Keywords><TimeCreated SystemTime='2025-06-03T10:33:30.6039696Z'/><EventRecordID>686</EventRecordID><Correlation/><Execution ProcessID='4216' ThreadID='4856'/><Channel>System</Channel><Computer>NIKOLAISMETBD82</Computer><Security UserID='S-1-5-18'/></System><EventData><Data Name='updateTitle'>9WZDNCRFJ3Q2-Microsoft.BingWeather</Data><Data Name='updateGuid'>{6c06eb91-84aa-414f-a430-068feabcbadd}</Data><Data Name='updateRevisionNumber'>1</Data></EventData></Event>