<Event xmlns='http://schemas.microsoft.com/win/2004/08/events/event'><System><Provider Name='Microsoft-Windows-Directory-Services-SAM' Guid='{0d4fdc09-8c27-494a-bda0-505e4fd8adae}'/><EventID>16962</EventID><Version>0</Version><Level>4</Level><Task>0</Task><Opcode>0</Opcode><Keywords>0x8000000000000000</Keywords><TimeCreated SystemTime='2025-06-03T00:43:51.1710009Z'/><EventRecordID>234</EventRecordID><Correlation ActivityID='{92554509-d420-0001-d045-559220d4db01}'/><Execution ProcessID='916' ThreadID='920'/><Channel>System</Channel><Computer>NIKOLAI-BSDBOH4</Computer><Security UserID='S-1-5-18'/></System><EventData Name='SAMMSG_RESTRICT_REMOTE_SAM_DEFAULT_SD'><Data Name='Default SD String:'>O:SYG:SYD:(A;;RC;;;BA)</Data></EventData></Event><Event xmlns='http://schemas.microsoft.com/win/2004/08/events/event'><System><Provider Name='LsaSrv' Guid='{199fe037-2b82-40a9-82ac-e1d46c792b99}'/><EventID>6156</EventID><Version>0</Version><Level>4</Level><Task>0</Task><Opcode>0</Opcode><Keywords>0x8000000000000000</Keywords><TimeCreated SystemTime='2025-06-03T00:43:50.9637956Z'/><EventRecordID>233</EventRecordID><Correlation/><Execution ProcessID='916' ThreadID='920'/><Channel>System</Channel><Computer>NIKOLAI-BSDBOH4</Computer><Security UserID='S-1-5-18'/></System><EventData><Data Name='HardwareChecks'>0</Data><Data Name='ADDomainJoin'>0</Data><Data Name='AADDomainJoin'>0</Data><Data Name='IsLicensed'>0</Data><Data Name='DomainController'>0</Data></EventData></Event><Event xmlns='http://schemas.microsoft.com/win/2004/08/events/event'><System><Provider Name='Microsoft-Windows-Wininit' Guid='{206f6dea-d3c5-4d10-bc72-989f03c8b84b}'/><EventID>12</EventID><Version>0</Version><Level>4</Level><Task>0</Task><Opcode>0</Opcode><Keywords>0x4000000000000000</Keywords><TimeCreated SystemTime='2025-06-03T00:43:50.9074020Z'/><EventRecordID>232</EventRecordID><Correlation/><Execution ProcessID='744' ThreadID='748'/><Channel>System</Channel><Computer>NIKOLAI-BSDBOH4</Computer><Security UserID='S-1-5-18'/></System><EventData><Data Name='Level'>4</Data></EventData></Event><Event xmlns='http://schemas.microsoft.com/win/2004/08/events/event'><System><Provider Name='Microsoft-Windows-Wininit' Guid='{206f6dea-d3c5-4d10-bc72-989f03c8b84b}'/><EventID>15</EventID><Version>0</Version><Level>3</Level><Task>0</Task><Opcode>0</Opcode><Keywords>0x4000000000000000</Keywords><TimeCreated SystemTime='2025-06-03T00:43:50.9050439Z'/><EventRecordID>231</EventRecordID><Correlation/><Execution ProcessID='744' ThreadID='748'/><Channel>System</Channel><Computer>NIKOLAI-BSDBOH4</Computer><Security UserID='S-1-5-18'/></System><EventData></EventData></Event><Event xmlns='http://schemas.microsoft.com/win/2004/08/events/event'><System><Provider Name='Microsoft-Windows-Wininit' Guid='{206f6dea-d3c5-4d10-bc72-989f03c8b84b}'/><EventID>14</EventID><Version>0</Version><Level>4</Level><Task>0</Task><Opcode>0</Opcode><Keywords>0x4000000000000000</Keywords><TimeCreated SystemTime='2025-06-03T00:43:50.9050234Z'/><EventRecordID>230</EventRecordID><Correlation/><Execution ProcessID='744' ThreadID='748'/><Channel>System</Channel><Computer>NIKOLAI-BSDBOH4</Computer><Security UserID='S-1-5-18'/></System><EventData><Data Name='Config'>2</Data><Data Name='IsTestConfig'>0</Data><Data Name='IsAutoEnabled'>1</Data></EventData></Event><Event xmlns='http://schemas.microsoft.com/win/2004/08/events/event'><System><Provider Name='Microsoft-Windows-Kernel-General' Guid='{a68ca8b7-004f-d7b6-a698-07e2de0f1f5d}'/><EventID>24</EventID><Version>0</Version><Level>4</Level><Task>11</Task><Opcode>0</Opcode><Keywords>0x8000000000000010</Keywords><TimeCreated SystemTime='2025-06-03T00:43:50.5046965Z'/><EventRecordID>229</EventRecordID><Correlation/><Execution ProcessID='124' ThreadID='604'/><Channel>System</Channel><Computer>NIKOLAI-BSDBOH4</Computer><Security UserID='S-1-5-18'/></System><EventData><Data Name='ExitReason'>0</Data><Data Name='CurrentBias'>420</Data><Data Name='CurrentTimeZoneID'>2</Data><Data Name='TimeZoneInfoCacheUpdated'>0</Data><Data Name='FirstRefresh'>0</Data></EventData></Event><Event xmlns='http://schemas.microsoft.com/win/2004/08/events/event'><System><Provider Name='Microsoft-Windows-HAL' Guid='{63d1e632-95cc-4443-9312-af927761d52a}'/><EventID>20</EventID><Version>0</Version><Level>2</Level><Task>0</Task><Opcode>0</Opcode><Keywords>0x8000000000000000</Keywords><TimeCreated SystemTime='2025-06-03T00:43:50.5037910Z'/><EventRecordID>228</EventRecordID><Correlation/><Execution ProcessID='124' ThreadID='604'/><Channel>System</Channel><Computer>NIKOLAI-BSDBOH4</Computer><Security UserID='S-1-5-18'/></System><EventData><Data Name='Status'>3221225473</Data></EventData></Event><Event xmlns='http://schemas.microsoft.com/win/2004/08/events/event'><System><Provider Name='Microsoft-Windows-Ntfs' Guid='{3ff37a1c-a68d-4d6e-8c9b-f79e8b16c482}'/><EventID>98</EventID><Version>0</Version><Level>4</Level><Task>0</Task><Opcode>0</Opcode><Keywords>0x8000000000000002</Keywords><TimeCreated SystemTime='2025-06-03T00:43:50.4648507Z'/><EventRecordID>227</EventRecordID><Correlation/><Execution ProcessID='4' ThreadID='132'/><Channel>System</Channel><Computer>NIKOLAI-BSDBOH4</Computer><Security UserID='S-1-5-18'/></System><EventData><Data Name='DriveName'>\\?\Volume{68206a47-414c-4344-94cb-e9c5077b8440}</Data><Data Name='DeviceName'>\Device\HarddiskVolume1</Data><Data Name='CorruptionActionState'>0</Data></EventData></Event><Event xmlns='http://schemas.microsoft.com/win/2004/08/events/event'><System><Provider Name='Microsoft-Windows-Ntfs' Guid='{3ff37a1c-a68d-4d6e-8c9b-f79e8b16c482}'/><EventID>98</EventID><Version>0</Version><Level>4</Level><Task>0</Task><Opcode>0</Opcode><Keywords>0x8000000000000002</Keywords><TimeCreated SystemTime='2025-06-03T00:43:50.4547573Z'/><EventRecordID>226</EventRecordID><Correlation/><Execution ProcessID='4' ThreadID='272'/><Channel>System</Channel><Computer>NIKOLAI-BSDBOH4</Computer><Security UserID='S-1-5-18'/></System><EventData><Data Name='DriveName'>\\?\Volume{9f6c029c-4ef1-4e37-9366-ec5e795c40bf}</Data><Data Name='DeviceName'>\Device\HarddiskVolume5</Data><Data Name='CorruptionActionState'>0</Data></EventData></Event><Event xmlns='http://schemas.microsoft.com/win/2004/08/events/event'><System><Provider Name='Microsoft-Windows-Kernel-Power' Guid='{331c3b3a-2005-44c2-ac5e-77220c37d6b4}'/><EventID>521</EventID><Version>0</Version><Level>4</Level><Task>220</Task><Opcode>0</Opcode><Keywords>0x8000000000000404</Keywords><TimeCreated SystemTime='2025-06-03T00:43:50.3081393Z'/><EventRecordID>225</EventRecordID><Correlation/><Execution ProcessID='4' ThreadID='468'/><Channel>System</Channel><Computer>NIKOLAI-BSDBOH4</Computer><Security UserID='S-1-5-18'/></System><EventData><Data Name='ValidBatteryCount'>1</Data><Data Name='ErrorBatteryCount'>0</Data><Data Name='AbandonedBatteryCount'>0</Data></EventData></Event><Event xmlns='http://schemas.microsoft.com/win/2004/08/events/event'><System><Provider Name='Microsoft-Windows-Kernel-Power' Guid='{331c3b3a-2005-44c2-ac5e-77220c37d6b4}'/><EventID>521</EventID><Version>0</Version><Level>4</Level><Task>220</Task><Opcode>0</Opcode><Keywords>0x8000000000000404</Keywords><TimeCreated SystemTime='2025-06-03T00:43:50.3080394Z'/><EventRecordID>224</EventRecordID><Correlation/><Execution ProcessID='4' ThreadID='276'/><Channel>System</Channel><Computer>NIKOLAI-BSDBOH4</Computer><Security UserID='S-1-5-18'/></System><EventData><Data Name='ValidBatteryCount'>0</Data><Data Name='ErrorBatteryCount'>0</Data><Data Name='AbandonedBatteryCount'>0</Data></EventData></Event><Event xmlns='http://schemas.microsoft.com/win/2004/08/events/event'><System><Provider Name='Microsoft-Windows-Kernel-Processor-Power' Guid='{0f67e49f-fe51-4e9f-b490-6f2948cc6027}'/><EventID>55</EventID><Version>0</Version><Level>4</Level><Task>47</Task><Opcode>0</Opcode><Keywords>0x8000000000000000</Keywords><TimeCreated SystemTime='2025-06-03T00:43:50.3028367Z'/><EventRecordID>223</EventRecordID><Correlation/><Execution ProcessID='4' ThreadID='240'/><Channel>System</Channel><Computer>NIKOLAI-BSDBOH4</Computer><Security UserID='S-1-5-18'/></System><EventData><Data Name='Group'>0</Data><Data Name='Number'>3</Data><Data Name='IdleStateCount'>0</Data><Data Name='IdleImplementation'>0</Data><Data Name='NominalFrequency'>3200</Data><Data Name='MaximumPerformancePercent'>100</Data><Data Name='MinimumPerformancePercent'>100</Data><Data Name='MinimumThrottlePercent'>100</Data><Data Name='PerformanceImplementation'>0</Data></EventData></Event><Event xmlns='http://schemas.microsoft.com/win/2004/08/events/event'><System><Provider Name='Microsoft-Windows-Kernel-Processor-Power' Guid='{0f67e49f-fe51-4e9f-b490-6f2948cc6027}'/><EventID>55</EventID><Version>0</Version><Level>4</Level><Task>47</Task><Opcode>0</Opcode><Keywords>0x8000000000000000</Keywords><TimeCreated SystemTime='2025-06-03T00:43:50.3025003Z'/><EventRecordID>222</EventRecordID><Correlation/><Execution ProcessID='4' ThreadID='240'/><Channel>System</Channel><Computer>NIKOLAI-BSDBOH4</Computer><Security UserID='S-1-5-18'/></System><EventData><Data Name='Group'>0</Data><Data Name='Number'>2</Data><Data Name='IdleStateCount'>0</Data><Data Name='IdleImplementation'>0</Data><Data Name='NominalFrequency'>3200</Data><Data Name='MaximumPerformancePercent'>100</Data><Data Name='MinimumPerformancePercent'>100</Data><Data Name='MinimumThrottlePercent'>100</Data><Data Name='PerformanceImplementation'>0</Data></EventData></Event><Event xmlns='http://schemas.microsoft.com/win/2004/08/events/event'><System><Provider Name='Microsoft-Windows-Kernel-Processor-Power' Guid='{0f67e49f-fe51-4e9f-b490-6f2948cc6027}'/><EventID>55</EventID><Version>0</Version><Level>4</Level><Task>47</Task><Opcode>0</Opcode><Keywords>0x8000000000000000</Keywords><TimeCreated SystemTime='2025-06-03T00:43:50.3021404Z'/><EventRecordID>221</EventRecordID><Correlation/><Execution ProcessID='4' ThreadID='240'/><Channel>System</Channel><Computer>NIKOLAI-BSDBOH4</Computer><Security UserID='S-1-5-18'/></System><EventData><Data Name='Group'>0</Data><Data Name='Number'>1</Data><Data Name='IdleStateCount'>0</Data><Data Name='IdleImplementation'>0</Data><Data Name='NominalFrequency'>3200</Data><Data Name='MaximumPerformancePercent'>100</Data><Data Name='MinimumPerformancePercent'>100</Data><Data Name='MinimumThrottlePercent'>100</Data><Data Name='PerformanceImplementation'>0</Data></EventData></Event><Event xmlns='http://schemas.microsoft.com/win/2004/08/events/event'><System><Provider Name='Microsoft-Windows-Kernel-Processor-Power' Guid='{0f67e49f-fe51-4e9f-b490-6f2948cc6027}'/><EventID>55</EventID><Version>0</Version><Level>4</Level><Task>47</Task><Opcode>0</Opcode><Keywords>0x8000000000000000</Keywords><TimeCreated SystemTime='2025-06-03T00:43:50.2998734Z'/><EventRecordID>220</EventRecordID><Correlation/><Execution ProcessID='4' ThreadID='240'/><Channel>System</Channel><Computer>NIKOLAI-BSDBOH4</Computer><Security UserID='S-1-5-18'/></System><EventData><Data Name='Group'>0</Data><Data Name='Number'>0</Data><Data Name='IdleStateCount'>0</Data><Data Name='IdleImplementation'>0</Data><Data Name='NominalFrequency'>3200</Data><Data Name='MaximumPerformancePercent'>100</Data><Data Name='MinimumPerformancePercent'>100</Data><Data Name='MinimumThrottlePercent'>100</Data><Data Name='PerformanceImplementation'>0</Data></EventData></Event><Event xmlns='http://schemas.microsoft.com/win/2004/08/events/event'><System><Provider Name='Microsoft-Windows-FilterManager' Guid='{f3c5e28e-63f6-49c7-a204-e48a1bc4b09d}'/><EventID>6</EventID><Version>0</Version><Level>4</Level><Task>0</Task><Opcode>0</Opcode><Keywords>0x8000000000000000</Keywords><TimeCreated SystemTime='2025-06-03T00:43:50.1182958Z'/><EventRecordID>219</EventRecordID><Correlation/><Execution ProcessID='4' ThreadID='8'/><Channel>System</Channel><Computer>NIKOLAI-BSDBOH4</Computer><Security UserID='S-1-5-18'/></System><EventData><Data Name='FinalStatus'>0x0</Data><Data Name='DeviceVersionMajor'>10</Data><Data Name='DeviceVersionMinor'>0</Data><Data Name='DeviceNameLength'>9</Data><Data Name='DeviceName'>npsvctrig</Data><Data Name='DeviceTime'>2077-01-08T02:04:48.0000000Z</Data></EventData></Event><Event xmlns='http://schemas.microsoft.com/win/2004/08/events/event'><System><Provider Name='Microsoft-Windows-FilterManager' Guid='{f3c5e28e-63f6-49c7-a204-e48a1bc4b09d}'/><EventID>6</EventID><Version>0</Version><Level>4</Level><Task>0</Task><Opcode>0</Opcode><Keywords>0x8000000000000000</Keywords><TimeCreated SystemTime='2025-06-03T00:43:50.0233246Z'/><EventRecordID>218</EventRecordID><Correlation/><Execution ProcessID='4' ThreadID='8'/><Channel>System</Channel><Computer>NIKOLAI-BSDBOH4</Computer><Security UserID='S-1-5-18'/></System><EventData><Data Name='FinalStatus'>0x0</Data><Data Name='DeviceVersionMajor'>10</Data><Data Name='DeviceVersionMinor'>0</Data><Data Name='DeviceNameLength'>9</Data><Data Name='DeviceName'>FileCrypt</Data><Data Name='DeviceTime'>2023-08-31T05:48:23.0000000Z</Data></EventData></Event><Event xmlns='http://schemas.microsoft.com/win/2004/08/events/event'><System><Provider Name='Microsoft-Windows-Ntfs' Guid='{3ff37a1c-a68d-4d6e-8c9b-f79e8b16c482}'/><EventID>98</EventID><Version>0</Version><Level>4</Level><Task>0</Task><Opcode>0</Opcode><Keywords>0x8000000000000002</Keywords><TimeCreated SystemTime='2025-06-03T00:43:49.9619102Z'/><EventRecordID>217</EventRecordID><Correlation/><Execution ProcessID='4' ThreadID='276'/><Channel>System</Channel><Computer>NIKOLAI-BSDBOH4</Computer><Security UserID='S-1-5-18'/></System><EventData><Data Name='DriveName'>C:</Data><Data Name='DeviceName'>\Device\HarddiskVolume4</Data><Data Name='CorruptionActionState'>0</Data></EventData></Event><Event xmlns='http://schemas.microsoft.com/win/2004/08/events/event'><System><Provider Name='Microsoft-Windows-FilterManager' Guid='{f3c5e28e-63f6-49c7-a204-e48a1bc4b09d}'/><EventID>6</EventID><Version>0</Version><Level>4</Level><Task>0</Task><Opcode>0</Opcode><Keywords>0x8000000000000000</Keywords><TimeCreated SystemTime='2025-06-03T00:43:49.9078431Z'/><EventRecordID>216</EventRecordID><Correlation/><Execution ProcessID='4' ThreadID='8'/><Channel>System</Channel><Computer>NIKOLAI-BSDBOH4</Computer><Security UserID='S-1-5-18'/></System><EventData><Data Name='FinalStatus'>0x0</Data><Data Name='DeviceVersionMajor'>10</Data><Data Name='DeviceVersionMinor'>0</Data><Data Name='DeviceNameLength'>8</Data><Data Name='DeviceName'>WdFilter</Data><Data Name='DeviceTime'>2075-05-27T13:05:35.0000000Z</Data></EventData></Event><Event xmlns='http://schemas.microsoft.com/win/2004/08/events/event'><System><Provider Name='Microsoft-Windows-FilterManager' Guid='{f3c5e28e-63f6-49c7-a204-e48a1bc4b09d}'/><EventID>6</EventID><Version>0</Version><Level>4</Level><Task>0</Task><Opcode>0</Opcode><Keywords>0x8000000000000000</Keywords><TimeCreated SystemTime='2025-06-03T00:43:49.9073853Z'/><EventRecordID>215</EventRecordID><Correlation/><Execution ProcessID='4' ThreadID='8'/><Channel>System</Channel><Computer>NIKOLAI-BSDBOH4</Computer><Security UserID='S-1-5-18'/></System><EventData><Data Name='FinalStatus'>0x0</Data><Data Name='DeviceVersionMajor'>10</Data><Data Name='DeviceVersionMinor'>0</Data><Data Name='DeviceNameLength'>3</Data><Data Name='DeviceName'>Wof</Data><Data Name='DeviceTime'>2061-04-10T13:33:29.0000000Z</Data></EventData></Event><Event xmlns='http://schemas.microsoft.com/win/2004/08/events/event'><System><Provider Name='Microsoft-Windows-FilterManager' Guid='{f3c5e28e-63f6-49c7-a204-e48a1bc4b09d}'/><EventID>6</EventID><Version>0</Version><Level>4</Level><Task>0</Task><Opcode>0</Opcode><Keywords>0x8000000000000000</Keywords><TimeCreated SystemTime='2025-06-03T00:43:49.9071187Z'/><EventRecordID>214</EventRecordID><Correlation/><Execution ProcessID='4' ThreadID='8'/><Channel>System</Channel><Computer>NIKOLAI-BSDBOH4</Computer><Security UserID='S-1-5-18'/></System><EventData><Data Name='FinalStatus'>0x0</Data><Data Name='DeviceVersionMajor'>10</Data><Data Name='DeviceVersionMinor'>0</Data><Data Name='DeviceNameLength'>8</Data><Data Name='DeviceName'>FileInfo</Data><Data Name='DeviceTime'>2010-08-01T08:38:45.0000000Z</Data></EventData></Event><Event xmlns='http://schemas.microsoft.com/win/2004/08/events/event'><System><Provider Name='Microsoft-Windows-HAL' Guid='{63d1e632-95cc-4443-9312-af927761d52a}'/><EventID>16</EventID><Version>0</Version><Level>4</Level><Task>0</Task><Opcode>0</Opcode><Keywords>0x8000000000000000</Keywords><TimeCreated SystemTime='2025-06-03T00:43:49.7055885Z'/><EventRecordID>213</EventRecordID><Correlation/><Execution ProcessID='4' ThreadID='8'/><Channel>System</Channel><Computer>NIKOLAI-BSDBOH4</Computer><Security UserID='S-1-5-18'/></System><EventData></EventData></Event><Event xmlns='http://schemas.microsoft.com/win/2004/08/events/event'><System><Provider Name='Microsoft-Windows-Kernel-General' Guid='{a68ca8b7-004f-d7b6-a698-07e2de0f1f5d}'/><EventID>20</EventID><Version>0</Version><Level>4</Level><Task>6</Task><Opcode>0</Opcode><Keywords>0x8000000000000010</Keywords><TimeCreated SystemTime='2025-06-03T00:43:49.6870611Z'/><EventRecordID>212</EventRecordID><Correlation/><Execution ProcessID='4' ThreadID='8'/><Channel>System</Channel><Computer>NIKOLAI-BSDBOH4</Computer><Security UserID='S-1-5-18'/></System><EventData><Data Name='UpdateReason'>0</Data><Data Name='EnabledNew'>true</Data><Data Name='CountNew'>0</Data><Data Name='CountOld'>0</Data></EventData></Event><Event xmlns='http://schemas.microsoft.com/win/2004/08/events/event'><System><Provider Name='Microsoft-Windows-Kernel-Boot' Guid='{15ca44ff-4d7a-4baa-bba5-0998955e531e}'/><EventID>32</EventID><Version>0</Version><Level>4</Level><Task>58</Task><Opcode>0</Opcode><Keywords>0x8000000000000000</Keywords><TimeCreated SystemTime='2025-06-03T00:43:49.6853007Z'/><EventRecordID>211</EventRecordID><Correlation/><Execution ProcessID='4' ThreadID='8'/><Channel>System</Channel><Computer>NIKOLAI-BSDBOH4</Computer><Security UserID='S-1-5-18'/></System><EventData><Data Name='BitlockerUserInputTime'>0</Data></EventData></Event><Event xmlns='http://schemas.microsoft.com/win/2004/08/events/event'><System><Provider Name='Microsoft-Windows-Kernel-Boot' Guid='{15ca44ff-4d7a-4baa-bba5-0998955e531e}'/><EventID>26</EventID><Version>0</Version><Level>4</Level><Task>0</Task><Opcode>0</Opcode><Keywords>0x8000080000000000</Keywords><TimeCreated SystemTime='2025-06-03T00:43:49.6852919Z'/><EventRecordID>210</EventRecordID><Correlation/><Execution ProcessID='4' ThreadID='8'/><Channel>System</Channel><Computer>NIKOLAI-BSDBOH4</Computer><Security UserID='S-1-5-18'/></System><EventData></EventData></Event><Event xmlns='http://schemas.microsoft.com/win/2004/08/events/event'><System><Provider Name='Microsoft-Windows-Kernel-Boot' Guid='{15ca44ff-4d7a-4baa-bba5-0998955e531e}'/><EventID>27</EventID><Version>1</Version><Level>4</Level><Task>33</Task><Opcode>0</Opcode><Keywords>0x8000000000000000</Keywords><TimeCreated SystemTime='2025-06-03T00:43:49.6852563Z'/><EventRecordID>209</EventRecordID><Correlation/><Execution ProcessID='4' ThreadID='8'/><Channel>System</Channel><Computer>NIKOLAI-BSDBOH4</Computer><Security UserID='S-1-5-18'/></System><EventData><Data Name='BootType'>0</Data><Data Name='LoadOptions'> NOEXECUTE=OPTIN  FVEBOOT=1075355648  NOVGA</Data></EventData></Event><Event xmlns='http://schemas.microsoft.com/win/2004/08/events/event'><System><Provider Name='Microsoft-Windows-Kernel-Boot' Guid='{15ca44ff-4d7a-4baa-bba5-0998955e531e}'/><EventID>25</EventID><Version>0</Version><Level>4</Level><Task>32</Task><Opcode>0</Opcode><Keywords>0x8000000000000000</Keywords><TimeCreated SystemTime='2025-06-03T00:43:49.6852561Z'/><EventRecordID>208</EventRecordID><Correlation/><Execution ProcessID='4' ThreadID='8'/><Channel>System</Channel><Computer>NIKOLAI-BSDBOH4</Computer><Security UserID='S-1-5-18'/></System><EventData><Data Name='BootMenuPolicy'>1</Data></EventData></Event><Event xmlns='http://schemas.microsoft.com/win/2004/08/events/event'><System><Provider Name='Microsoft-Windows-Kernel-Boot' Guid='{15ca44ff-4d7a-4baa-bba5-0998955e531e}'/><EventID>238</EventID><Version>1</Version><Level>4</Level><Task>101</Task><Opcode>0</Opcode><Keywords>0x8000000000000000</Keywords><TimeCreated SystemTime='2025-06-03T00:43:49.6852559Z'/><EventRecordID>207</EventRecordID><Correlation/><Execution ProcessID='4' ThreadID='8'/><Channel>System</Channel><Computer>NIKOLAI-BSDBOH4</Computer><Security UserID='S-1-5-18'/></System><EventData><Data Name='EfiTimeZoneBias'>2047</Data><Data Name='EfiDaylightFlags'>0</Data><Data Name='EfiTime'>2025-06-02T17:43:49.0000000Z</Data></EventData></Event><Event xmlns='http://schemas.microsoft.com/win/2004/08/events/event'><System><Provider Name='Microsoft-Windows-Kernel-Boot' Guid='{15ca44ff-4d7a-4baa-bba5-0998955e531e}'/><EventID>247</EventID><Version>0</Version><Level>4</Level><Task>99</Task><Opcode>12</Opcode><Keywords>0x8000000000000000</Keywords><TimeCreated SystemTime='2025-06-03T00:43:49.6852146Z'/><EventRecordID>206</EventRecordID><Correlation/><Execution ProcessID='4' ThreadID='8'/><Channel>System</Channel><Computer>NIKOLAI-BSDBOH4</Computer><Security UserID='S-1-5-18'/></System><EventData><Data Name='Status'>3221225473</Data><Data Name='FailureReason'>0</Data></EventData></Event><Event xmlns='http://schemas.microsoft.com/win/2004/08/events/event'><System><Provider Name='Microsoft-Windows-Kernel-Boot' Guid='{15ca44ff-4d7a-4baa-bba5-0998955e531e}'/><EventID>20</EventID><Version>1</Version><Level>4</Level><Task>31</Task><Opcode>0</Opcode><Keywords>0x8000000000000000</Keywords><TimeCreated SystemTime='2025-06-03T00:43:49.6852130Z'/><EventRecordID>205</EventRecordID><Correlation/><Execution ProcessID='4' ThreadID='8'/><Channel>System</Channel><Computer>NIKOLAI-BSDBOH4</Computer><Security UserID='S-1-5-18'/></System><EventData><Data Name='LastShutdownGood'>true</Data><Data Name='LastBootGood'>true</Data><Data Name='LastBootId'>1</Data><Data Name='BootStatusPolicy'>2</Data></EventData></Event><Event xmlns='http://schemas.microsoft.com/win/2004/08/events/event'><System><Provider Name='Microsoft-Windows-Kernel-Boot' Guid='{15ca44ff-4d7a-4baa-bba5-0998955e531e}'/><EventID>153</EventID><Version>0</Version><Level>4</Level><Task>62</Task><Opcode>0</Opcode><Keywords>0x8000000000000000</Keywords><TimeCreated SystemTime='2025-06-03T00:43:49.6851171Z'/><EventRecordID>204</EventRecordID><Correlation/><Execution ProcessID='4' ThreadID='8'/><Channel>System</Channel><Computer>NIKOLAI-BSDBOH4</Computer><Security UserID='S-1-5-18'/></System><EventData><Data Name='Status'>0</Data><Data Name='EnableDisableReason'>0</Data><Data Name='VsmPolicy'>0</Data></EventData></Event><Event xmlns='http://schemas.microsoft.com/win/2004/08/events/event'><System><Provider Name='Microsoft-Windows-Kernel-General' Guid='{a68ca8b7-004f-d7b6-a698-07e2de0f1f5d}'/><EventID>25</EventID><Version>0</Version><Level>4</Level><Task>12</Task><Opcode>0</Opcode><Keywords>0x8000000000000010</Keywords><TimeCreated SystemTime='2025-06-03T00:43:49.6849867Z'/><EventRecordID>203</EventRecordID><Correlation/><Execution ProcessID='4' ThreadID='8'/><Channel>System</Channel><Computer>NIKOLAI-BSDBOH4</Computer><Security UserID='S-1-5-18'/></System><EventData><Data Name='SystemTime'>2025-06-03T00:43:49.4949732Z</Data><Data Name='LoaderTime'>2025-06-03T00:43:49.0000000Z</Data><Data Name='InternalBootFlags'>2</Data><Data Name='HalRtcErrorCode'>0</Data><Data Name='RealTimeIsUniversal'>false</Data><Data Name='IsSoftBoot'>false</Data><Data Name='Success'>false</Data><Data Name='Phase'>2</Data></EventData></Event><Event xmlns='http://schemas.microsoft.com/win/2004/08/events/event'><System><Provider Name='Microsoft-Windows-Kernel-General' Guid='{a68ca8b7-004f-d7b6-a698-07e2de0f1f5d}'/><EventID>12</EventID><Version>0</Version><Level>4</Level><Task>1</Task><Opcode>0</Opcode><Keywords>0x8000000000000080</Keywords><TimeCreated SystemTime='2025-06-03T00:43:49.6849860Z'/><EventRecordID>202</EventRecordID><Correlation/><Execution ProcessID='4' ThreadID='8'/><Channel>System</Channel><Computer>NIKOLAI-BSDBOH4</Computer><Security UserID='S-1-5-18'/></System><EventData><Data Name='MajorVersion'>10</Data><Data Name='MinorVersion'>0</Data><Data Name='BuildVersion'>26100</Data><Data Name='QfeVersion'>2033</Data><Data Name='ServiceVersion'>0</Data><Data Name='BootMode'>0</Data><Data Name='StartTime'>2025-06-03T00:43:49.4949732Z</Data></EventData></Event><Event xmlns='http://schemas.microsoft.com/win/2004/08/events/event'><System><Provider Name='Microsoft-Windows-Kernel-General' Guid='{a68ca8b7-004f-d7b6-a698-07e2de0f1f5d}'/><EventID>13</EventID><Version>0</Version><Level>4</Level><Task>2</Task><Opcode>0</Opcode><Keywords>0x8000000000000080</Keywords><TimeCreated SystemTime='2025-06-03T00:43:46.8907080Z'/><EventRecordID>201</EventRecordID><Correlation/><Execution ProcessID='4' ThreadID='404'/><Channel>System</Channel><Computer>NIKOLAI-BSDBOH4</Computer><Security/></System><EventData><Data Name='StopTime'>2025-06-03T00:43:46.8907073Z</Data></EventData></Event><Event xmlns='http://schemas.microsoft.com/win/2004/08/events/event'><System><Provider Name='Microsoft-Windows-Kernel-Power' Guid='{331c3b3a-2005-44c2-ac5e-77220c37d6b4}'/><EventID>577</EventID><Version>0</Version><Level>4</Level><Task>280</Task><Opcode>0</Opcode><Keywords>0x8000000000000004</Keywords><TimeCreated SystemTime='2025-06-03T00:43:46.8418164Z'/><EventRecordID>200</EventRecordID><Correlation/><Execution ProcessID='4' ThreadID='404'/><Channel>System</Channel><Computer>NIKOLAI-BSDBOH4</Computer><Security/></System><EventData><Data Name='AdaptiveTargetState'>0</Data><Data Name='IsUnattended'>false</Data><Data Name='Status'>279</Data></EventData></Event><Event xmlns='http://schemas.microsoft.com/win/2004/08/events/event'><System><Provider Name='Microsoft-Windows-Kernel-Power' Guid='{331c3b3a-2005-44c2-ac5e-77220c37d6b4}'/><EventID>109</EventID><Version>0</Version><Level>4</Level><Task>103</Task><Opcode>0</Opcode><Keywords>0x8000400000000404</Keywords><TimeCreated SystemTime='2025-06-03T00:43:46.7630070Z'/><EventRecordID>199</EventRecordID><Correlation/><Execution ProcessID='732' ThreadID='736'/><Channel>System</Channel><Computer>NIKOLAI-BSDBOH4</Computer><Security UserID='S-1-5-18'/></System><EventData><Data Name='ShutdownActionType'>5</Data><Data Name='ShutdownEventCode'>0</Data><Data Name='ShutdownReason'>5</Data></EventData></Event><Event xmlns='http://schemas.microsoft.com/win/2004/08/events/event'><System><Provider Name='EventLog'/><EventID Qualifiers='32768'>6005</EventID><Version>0</Version><Level>4</Level><Task>0</Task><Opcode>0</Opcode><Keywords>0x80000000000000</Keywords><TimeCreated SystemTime='2025-06-02T16:46:30.1836661Z'/><EventRecordID>198</EventRecordID><Correlation/><Execution ProcessID='3420' ThreadID='3484'/><Channel>System</Channel><Computer>NIKOLAI-BSDBOH4</Computer><Security/></System><EventData><Binary>E90706000100020010002E001E00B5000000000000000000</Binary></EventData></Event><Event xmlns='http://schemas.microsoft.com/win/2004/08/events/event'><System><Provider Name='EventLog'/><EventID Qualifiers='32768'>6009</EventID><Version>0</Version><Level>4</Level><Task>0</Task><Opcode>0</Opcode><Keywords>0x80000000000000</Keywords><TimeCreated SystemTime='2025-06-02T16:46:30.1835651Z'/><EventRecordID>197</EventRecordID><Correlation/><Execution ProcessID='3420' ThreadID='3484'/><Channel>System</Channel><Computer>NIKOLAI-BSDBOH4</Computer><Security/></System><EventData><Data>10.00.</Data><Data>26100</Data><Data></Data><Data>Multiprocessor Free</Data><Data>0</Data></EventData></Event><Event xmlns='http://schemas.microsoft.com/win/2004/08/events/event'><System><Provider Name='Microsoft-Windows-Dhcp-Client' Guid='{15a7a4f8-0072-4eab-abad-f98a4d666aed}'/><EventID>50037</EventID><Version>0</Version><Level>4</Level><Task>4</Task><Opcode>69</Opcode><Keywords>0x2000000000000000</Keywords><TimeCreated SystemTime='2025-06-03T00:43:41.7979751Z'/><EventRecordID>196</EventRecordID><Correlation/><Execution ProcessID='2160' ThreadID='2216'/><Channel>System</Channel><Computer>NIKOLAI-BSDBOH4</Computer><Security UserID='S-1-5-19'/></System><EventData><Data Name='DwordVal'>1</Data></EventData></Event><Event xmlns='http://schemas.microsoft.com/win/2004/08/events/event'><System><Provider Name='Microsoft-Windows-DHCPv6-Client' Guid='{6a1f2b00-6a90-4c38-95a5-5cab3b056778}'/><EventID>51057</EventID><Version>0</Version><Level>4</Level><Task>4</Task><Opcode>104</Opcode><Keywords>0x2000000000000000</Keywords><TimeCreated SystemTime='2025-06-03T00:43:41.7911154Z'/><EventRecordID>195</EventRecordID><Correlation/><Execution ProcessID='2160' ThreadID='2292'/><Channel>System</Channel><Computer>NIKOLAI-BSDBOH4</Computer><Security UserID='S-1-5-19'/></System><EventData><Data Name='DwordVal'>1</Data></EventData></Event><Event xmlns='http://schemas.microsoft.com/win/2004/08/events/event'><System><Provider Name='Microsoft-Windows-DHCPv6-Client' Guid='{6a1f2b00-6a90-4c38-95a5-5cab3b056778}'/><EventID>51047</EventID><Version>0</Version><Level>4</Level><Task>4</Task><Opcode>63</Opcode><Keywords>0x2000000000000000</Keywords><TimeCreated SystemTime='2025-06-03T00:43:41.7911130Z'/><EventRecordID>194</EventRecordID><Correlation/><Execution ProcessID='2160' ThreadID='2292'/><Channel>System</Channel><Computer>NIKOLAI-BSDBOH4</Computer><Security UserID='S-1-5-19'/></System><EventData><Data Name='DwordVal'>1</Data></EventData></Event><Event xmlns='http://schemas.microsoft.com/win/2004/08/events/event'><System><Provider Name='Microsoft-Windows-Dhcp-Client' Guid='{15a7a4f8-0072-4eab-abad-f98a4d666aed}'/><EventID>50106</EventID><Version>0</Version><Level>4</Level><Task>4</Task><Opcode>129</Opcode><Keywords>0x2000000000000000</Keywords><TimeCreated SystemTime='2025-06-03T00:43:41.7909398Z'/><EventRecordID>193</EventRecordID><Correlation/><Execution ProcessID='2160' ThreadID='2216'/><Channel>System</Channel><Computer>NIKOLAI-BSDBOH4</Computer><Security UserID='S-1-5-19'/></System><EventData></EventData></Event><Event xmlns='http://schemas.microsoft.com/win/2004/08/events/event'><System><Provider Name='Microsoft-Windows-Dhcp-Client' Guid='{15a7a4f8-0072-4eab-abad-f98a4d666aed}'/><EventID>50105</EventID><Version>0</Version><Level>4</Level><Task>4</Task><Opcode>129</Opcode><Keywords>0x2000000000000000</Keywords><TimeCreated SystemTime='2025-06-03T00:43:41.7709645Z'/><EventRecordID>192</EventRecordID><Correlation/><Execution ProcessID='2160' ThreadID='2216'/><Channel>System</Channel><Computer>NIKOLAI-BSDBOH4</Computer><Security UserID='S-1-5-19'/></System><EventData></EventData></Event><Event xmlns='http://schemas.microsoft.com/win/2004/08/events/event'><System><Provider Name='Microsoft-Windows-Dhcp-Client' Guid='{15a7a4f8-0072-4eab-abad-f98a4d666aed}'/><EventID>50104</EventID><Version>0</Version><Level>4</Level><Task>4</Task><Opcode>129</Opcode><Keywords>0x2000000000000000</Keywords><TimeCreated SystemTime='2025-06-03T00:43:41.7676190Z'/><EventRecordID>191</EventRecordID><Correlation/><Execution ProcessID='2160' ThreadID='2164'/><Channel>System</Channel><Computer>NIKOLAI-BSDBOH4</Computer><Security UserID='S-1-5-19'/></System><EventData></EventData></Event><Event xmlns='http://schemas.microsoft.com/win/2004/08/events/event'><System><Provider Name='User32' Guid='{b0aa8734-56f7-41cc-b2f4-de228e98b946}' EventSourceName='User32'/><EventID Qualifiers='32768'>1074</EventID><Version>0</Version><Level>4</Level><Task>0</Task><Opcode>0</Opcode><Keywords>0x8080000000000000</Keywords><TimeCreated SystemTime='2025-06-03T00:43:41.6353128Z'/><EventRecordID>190</EventRecordID><Correlation/><Execution ProcessID='660' ThreadID='804'/><Channel>System</Channel><Computer>NIKOLAI-BSDBOH4</Computer><Security UserID='S-1-5-18'/></System><EventData><Data Name='param1'>C:\WINDOWS\system32\winlogon.exe (NIKOLAI-BSDBOH4)</Data><Data Name='param2'>NIKOLAI-BSDBOH4</Data><Data Name='param3'>Operating System: Upgrade (Planned)</Data><Data Name='param4'>0x80020003</Data><Data Name='param5'>restart</Data><Data Name='param6'></Data><Data Name='param7'>NT AUTHORITY\SYSTEM</Data></EventData></Event><Event xmlns='http://schemas.microsoft.com/win/2004/08/events/event'><System><Provider Name='EventLog'/><EventID Qualifiers='32768'>6006</EventID><Version>0</Version><Level>4</Level><Task>0</Task><Opcode>0</Opcode><Keywords>0x80000000000000</Keywords><TimeCreated SystemTime='2025-06-03T00:43:41.7730478Z'/><EventRecordID>189</EventRecordID><Correlation/><Execution ProcessID='2624' ThreadID='2984'/><Channel>System</Channel><Computer>NIKOLAI-BSDBOH4</Computer><Security/></System><EventData><Binary>0100000000000000</Binary></EventData></Event><Event xmlns='http://schemas.microsoft.com/win/2004/08/events/event'><System><Provider Name='Service Control Manager' Guid='{555908d1-a6d7-4695-8e1e-26931d2012f4}' EventSourceName='Service Control Manager'/><EventID Qualifiers='16384'>7045</EventID><Version>0</Version><Level>4</Level><Task>0</Task><Opcode>0</Opcode><Keywords>0x8080000000000000</Keywords><TimeCreated SystemTime='2025-06-03T00:43:41.4105466Z'/><EventRecordID>188</EventRecordID><Correlation/><Execution ProcessID='880' ThreadID='4656'/><Channel>System</Channel><Computer>NIKOLAI-BSDBOH4</Computer><Security UserID='S-1-5-18'/></System><EventData><Data Name='ServiceName'>Parallels Tool Device</Data><Data Name='ImagePath'>System32\drivers\prl_tg.sys</Data><Data Name='ServiceType'>kernel mode driver</Data><Data Name='StartType'>boot start</Data><Data Name='AccountName'></Data></EventData></Event><Event xmlns='http://schemas.microsoft.com/win/2004/08/events/event'><System><Provider Name='Microsoft-Windows-Kernel-General' Guid='{a68ca8b7-004f-d7b6-a698-07e2de0f1f5d}'/><EventID>15</EventID><Version>0</Version><Level>4</Level><Task>10</Task><Opcode>0</Opcode><Keywords>0x8000000000000000</Keywords><TimeCreated SystemTime='2025-06-03T00:43:40.4311828Z'/><EventRecordID>187</EventRecordID><Correlation/><Execution ProcessID='1952' ThreadID='1956'/><Channel>System</Channel><Computer>NIKOLAI-BSDBOH4</Computer><Security UserID='S-1-5-18'/></System><EventData><Data Name='HiveNameLength'>52</Data><Data Name='HiveName'>\??\C:\WINDOWS\System32\SMI\Store\Machine\SCHEMA.DAT</Data><Data Name='OriginalSize'>11714560</Data><Data Name='NewSize'>10743808</Data></EventData></Event><Event xmlns='http://schemas.microsoft.com/win/2004/08/events/event'><System><Provider Name='Microsoft-Windows-UserModePowerService' Guid='{ce8dee0b-d539-4000-b0f8-77bed049c590}'/><EventID>22</EventID><Version>0</Version><Level>4</Level><Task>18</Task><Opcode>0</Opcode><Keywords>0x4000000000000000</Keywords><TimeCreated SystemTime='2025-06-03T00:43:36.3148609Z'/><EventRecordID>186</EventRecordID><Correlation/><Execution ProcessID='400' ThreadID='592'/><Channel>System</Channel><Computer>NIKOLAI-BSDBOH4</Computer><Security UserID='S-1-5-18'/></System><EventData><Data Name='Turn'>1</Data></EventData></Event><Event xmlns='http://schemas.microsoft.com/win/2004/08/events/event'><System><Provider Name='Microsoft-Windows-Kernel-General' Guid='{a68ca8b7-004f-d7b6-a698-07e2de0f1f5d}'/><EventID>16</EventID><Version>0</Version><Level>4</Level><Task>0</Task><Opcode>0</Opcode><Keywords>0x8000000000000000</Keywords><TimeCreated SystemTime='2025-06-03T00:43:30.4381528Z'/><EventRecordID>185</EventRecordID><Correlation/><Execution ProcessID='4668' ThreadID='4320'/><Channel>System</Channel><Computer>NIKOLAI-BSDBOH4</Computer><Security UserID='S-1-5-18'/></System><EventData><Data Name='HiveNameLength'>85</Data><Data Name='HiveName'>\??\C:\ProgramData\Microsoft\Provisioning\Microsoft-Desktop-Provisioning-Sequence.dat</Data><Data Name='KeysUpdated'>0</Data><Data Name='DirtyPages'>0</Data></EventData></Event><Event xmlns='http://schemas.microsoft.com/win/2004/08/events/event'><System><Provider Name='Microsoft-Windows-Kernel-General' Guid='{a68ca8b7-004f-d7b6-a698-07e2de0f1f5d}'/><EventID>16</EventID><Version>0</Version><Level>4</Level><Task>0</Task><Opcode>0</Opcode><Keywords>0x8000000000000000</Keywords><TimeCreated SystemTime='2025-06-03T00:43:29.4176446Z'/><EventRecordID>184</EventRecordID><Correlation/><Execution ProcessID='4756' ThreadID='5280'/><Channel>System</Channel><Computer>NIKOLAI-BSDBOH4</Computer><Security UserID='S-1-5-18'/></System><EventData><Data Name='HiveNameLength'>142</Data><Data Name='HiveName'>\??\C:\ProgramData\Microsoft\Windows\AppRepository\Packages\MicrosoftWindows.CrossDevice_0.23101.22.0_arm64__cw5n1h2txyewy\ActivationStore.dat</Data><Data Name='KeysUpdated'>0</Data><Data Name='DirtyPages'>0</Data></EventData></Event><Event xmlns='http://schemas.microsoft.com/win/2004/08/events/event'><System><Provider Name='Microsoft-Windows-Kernel-General' Guid='{a68ca8b7-004f-d7b6-a698-07e2de0f1f5d}'/><EventID>16</EventID><Version>0</Version><Level>4</Level><Task>0</Task><Opcode>0</Opcode><Keywords>0x8000000000000000</Keywords><TimeCreated SystemTime='2025-06-03T00:43:28.9084914Z'/><EventRecordID>183</EventRecordID><Correlation/><Execution ProcessID='4756' ThreadID='5280'/><Channel>System</Channel><Computer>NIKOLAI-BSDBOH4</Computer><Security UserID='S-1-5-18'/></System><EventData><Data Name='HiveNameLength'>153</Data><Data Name='HiveName'>\??\C:\ProgramData\Microsoft\Windows\AppRepository\Packages\MicrosoftWindows.Client.WebExperience_424.1301.270.9_arm64__cw5n1h2txyewy\ActivationStore.dat</Data><Data Name='KeysUpdated'>0</Data><Data Name='DirtyPages'>0</Data></EventData></Event><Event xmlns='http://schemas.microsoft.com/win/2004/08/events/event'><System><Provider Name='Microsoft-Windows-Kernel-General' Guid='{a68ca8b7-004f-d7b6-a698-07e2de0f1f5d}'/><EventID>16</EventID><Version>0</Version><Level>4</Level><Task>0</Task><Opcode>0</Opcode><Keywords>0x8000000000000000</Keywords><TimeCreated SystemTime='2025-06-03T00:43:19.7130245Z'/><EventRecordID>182</EventRecordID><Correlation/><Execution ProcessID='4756' ThreadID='5280'/><Channel>System</Channel><Computer>NIKOLAI-BSDBOH4</Computer><Security UserID='S-1-5-18'/></System><EventData><Data Name='HiveNameLength'>132</Data><Data Name='HiveName'>\??\C:\ProgramData\Microsoft\Windows\AppRepository\Packages\Microsoft.ZuneMusic_11.2312.8.0_arm64__8wekyb3d8bbwe\ActivationStore.dat</Data><Data Name='KeysUpdated'>0</Data><Data Name='DirtyPages'>0</Data></EventData></Event><Event xmlns='http://schemas.microsoft.com/win/2004/08/events/event'><System><Provider Name='Microsoft-Windows-Kernel-General' Guid='{a68ca8b7-004f-d7b6-a698-07e2de0f1f5d}'/><EventID>16</EventID><Version>0</Version><Level>4</Level><Task>0</Task><Opcode>0</Opcode><Keywords>0x8000000000000000</Keywords><TimeCreated SystemTime='2025-06-03T00:43:19.0464208Z'/><EventRecordID>181</EventRecordID><Correlation/><Execution ProcessID='4756' ThreadID='5280'/><Channel>System</Channel><Computer>NIKOLAI-BSDBOH4</Computer><Security UserID='S-1-5-18'/></System><EventData><Data Name='HiveNameLength'>134</Data><Data Name='HiveName'>\??\C:\ProgramData\Microsoft\Windows\AppRepository\Packages\Microsoft.YourPhone_0.24012.105.0_arm64__8wekyb3d8bbwe\ActivationStore.dat</Data><Data Name='KeysUpdated'>0</Data><Data Name='DirtyPages'>0</Data></EventData></Event><Event xmlns='http://schemas.microsoft.com/win/2004/08/events/event'><System><Provider Name='Microsoft-Windows-Kernel-General' Guid='{a68ca8b7-004f-d7b6-a698-07e2de0f1f5d}'/><EventID>16</EventID><Version>0</Version><Level>4</Level><Task>0</Task><Opcode>0</Opcode><Keywords>0x8000000000000000</Keywords><TimeCreated SystemTime='2025-06-03T00:43:18.5220038Z'/><EventRecordID>180</EventRecordID><Correlation/><Execution ProcessID='4756' ThreadID='5280'/><Channel>System</Channel><Computer>NIKOLAI-BSDBOH4</Computer><Security UserID='S-1-5-18'/></System><EventData><Data Name='HiveNameLength'>147</Data><Data Name='HiveName'>\??\C:\ProgramData\Microsoft\Windows\AppRepository\Packages\Microsoft.XboxSpeechToTextOverlay_1.97.17002.0_arm64__8wekyb3d8bbwe\ActivationStore.dat</Data><Data Name='KeysUpdated'>0</Data><Data Name='DirtyPages'>0</Data></EventData></Event><Event xmlns='http://schemas.microsoft.com/win/2004/08/events/event'><System><Provider Name='Microsoft-Windows-Kernel-General' Guid='{a68ca8b7-004f-d7b6-a698-07e2de0f1f5d}'/><EventID>16</EventID><Version>0</Version><Level>4</Level><Task>0</Task><Opcode>0</Opcode><Keywords>0x8000000000000000</Keywords><TimeCreated SystemTime='2025-06-03T00:43:18.1922808Z'/><EventRecordID>179</EventRecordID><Correlation/><Execution ProcessID='4756' ThreadID='5280'/><Channel>System</Channel><Computer>NIKOLAI-BSDBOH4</Computer><Security UserID='S-1-5-18'/></System><EventData><Data Name='HiveNameLength'>146</Data><Data Name='HiveName'>\??\C:\ProgramData\Microsoft\Windows\AppRepository\Packages\Microsoft.XboxIdentityProvider_12.110.15002.0_arm64__8wekyb3d8bbwe\ActivationStore.dat</Data><Data Name='KeysUpdated'>0</Data><Data Name='DirtyPages'>0</Data></EventData></Event><Event xmlns='http://schemas.microsoft.com/win/2004/08/events/event'><System><Provider Name='Microsoft-Windows-Kernel-General' Guid='{a68ca8b7-004f-d7b6-a698-07e2de0f1f5d}'/><EventID>16</EventID><Version>0</Version><Level>4</Level><Task>0</Task><Opcode>0</Opcode><Keywords>0x8000000000000000</Keywords><TimeCreated SystemTime='2025-06-03T00:43:17.8613360Z'/><EventRecordID>178</EventRecordID><Correlation/><Execution ProcessID='4756' ThreadID='5280'/><Channel>System</Channel><Computer>NIKOLAI-BSDBOH4</Computer><Security UserID='S-1-5-18'/></System><EventData><Data Name='HiveNameLength'>141</Data><Data Name='HiveName'>\??\C:\ProgramData\Microsoft\Windows\AppRepository\Packages\Microsoft.XboxGamingOverlay_2.624.1111.0_arm64__8wekyb3d8bbwe\ActivationStore.dat</Data><Data Name='KeysUpdated'>0</Data><Data Name='DirtyPages'>0</Data></EventData></Event><Event xmlns='http://schemas.microsoft.com/win/2004/08/events/event'><System><Provider Name='Microsoft-Windows-Kernel-General' Guid='{a68ca8b7-004f-d7b6-a698-07e2de0f1f5d}'/><EventID>16</EventID><Version>0</Version><Level>4</Level><Task>0</Task><Opcode>0</Opcode><Keywords>0x8000000000000000</Keywords><TimeCreated SystemTime='2025-06-03T00:43:17.5236489Z'/><EventRecordID>177</EventRecordID><Correlation/><Execution ProcessID='4756' ThreadID='5280'/><Channel>System</Channel><Computer>NIKOLAI-BSDBOH4</Computer><Security UserID='S-1-5-18'/></System><EventData><Data Name='HiveNameLength'>133</Data><Data Name='HiveName'>\??\C:\ProgramData\Microsoft\Windows\AppRepository\Packages\Microsoft.Xbox.TCUI_1.23.28005.0_arm64__8wekyb3d8bbwe\ActivationStore.dat</Data><Data Name='KeysUpdated'>0</Data><Data Name='DirtyPages'>0</Data></EventData></Event><Event xmlns='http://schemas.microsoft.com/win/2004/08/events/event'><System><Provider Name='Microsoft-Windows-Kernel-General' Guid='{a68ca8b7-004f-d7b6-a698-07e2de0f1f5d}'/><EventID>16</EventID><Version>0</Version><Level>4</Level><Task>0</Task><Opcode>0</Opcode><Keywords>0x8000000000000000</Keywords><TimeCreated SystemTime='2025-06-03T00:43:17.2726522Z'/><EventRecordID>176</EventRecordID><Correlation/><Execution ProcessID='4756' ThreadID='5280'/><Channel>System</Channel><Computer>NIKOLAI-BSDBOH4</Computer><Security UserID='S-1-5-18'/></System><EventData><Data Name='HiveNameLength'>139</Data><Data Name='HiveName'>\??\C:\ProgramData\Microsoft\Windows\AppRepository\Packages\Microsoft.WindowsTerminal_1.18.10301.0_arm64__8wekyb3d8bbwe\ActivationStore.dat</Data><Data Name='KeysUpdated'>0</Data><Data Name='DirtyPages'>0</Data></EventData></Event><Event xmlns='http://schemas.microsoft.com/win/2004/08/events/event'><System><Provider Name='Microsoft-Windows-Kernel-General' Guid='{a68ca8b7-004f-d7b6-a698-07e2de0f1f5d}'/><EventID>16</EventID><Version>0</Version><Level>4</Level><Task>0</Task><Opcode>0</Opcode><Keywords>0x8000000000000000</Keywords><TimeCreated SystemTime='2025-06-03T00:43:16.7461346Z'/><EventRecordID>175</EventRecordID><Correlation/><Execution ProcessID='4756' ThreadID='5280'/><Channel>System</Channel><Computer>NIKOLAI-BSDBOH4</Computer><Security UserID='S-1-5-18'/></System><EventData><Data Name='HiveNameLength'>138</Data><Data Name='HiveName'>\??\C:\ProgramData\Microsoft\Windows\AppRepository\Packages\Microsoft.WindowsStore_22401.1400.6.0_arm64__8wekyb3d8bbwe\ActivationStore.dat</Data><Data Name='KeysUpdated'>0</Data><Data Name='DirtyPages'>0</Data></EventData></Event><Event xmlns='http://schemas.microsoft.com/win/2004/08/events/event'><System><Provider Name='Microsoft-Windows-Kernel-General' Guid='{a68ca8b7-004f-d7b6-a698-07e2de0f1f5d}'/><EventID>16</EventID><Version>0</Version><Level>4</Level><Task>0</Task><Opcode>0</Opcode><Keywords>0x8000000000000000</Keywords><TimeCreated SystemTime='2025-06-03T00:43:15.8922204Z'/><EventRecordID>174</EventRecordID><Correlation/><Execution ProcessID='4756' ThreadID='5280'/><Channel>System</Channel><Computer>NIKOLAI-BSDBOH4</Computer><Security UserID='S-1-5-18'/></System><EventData><Data Name='HiveNameLength'>140</Data><Data Name='HiveName'>\??\C:\ProgramData\Microsoft\Windows\AppRepository\Packages\Microsoft.WindowsSoundRecorder_1.0.76.0_arm64__8wekyb3d8bbwe\ActivationStore.dat</Data><Data Name='KeysUpdated'>0</Data><Data Name='DirtyPages'>0</Data></EventData></Event><Event xmlns='http://schemas.microsoft.com/win/2004/08/events/event'><System><Provider Name='Microsoft-Windows-Kernel-General' Guid='{a68ca8b7-004f-d7b6-a698-07e2de0f1f5d}'/><EventID>16</EventID><Version>0</Version><Level>4</Level><Task>0</Task><Opcode>0</Opcode><Keywords>0x8000000000000000</Keywords><TimeCreated SystemTime='2025-06-03T00:43:15.2654387Z'/><EventRecordID>173</EventRecordID><Correlation/><Execution ProcessID='4756' ThreadID='5280'/><Channel>System</Channel><Computer>NIKOLAI-BSDBOH4</Computer><Security UserID='S-1-5-18'/></System><EventData><Data Name='HiveNameLength'>138</Data><Data Name='HiveName'>\??\C:\ProgramData\Microsoft\Windows\AppRepository\Packages\Microsoft.WindowsNotepad_11.2312.18.0_arm64__8wekyb3d8bbwe\ActivationStore.dat</Data><Data Name='KeysUpdated'>0</Data><Data Name='DirtyPages'>0</Data></EventData></Event><Event xmlns='http://schemas.microsoft.com/win/2004/08/events/event'><System><Provider Name='Microsoft-Windows-Kernel-General' Guid='{a68ca8b7-004f-d7b6-a698-07e2de0f1f5d}'/><EventID>16</EventID><Version>0</Version><Level>4</Level><Task>0</Task><Opcode>0</Opcode><Keywords>0x8000000000000000</Keywords><TimeCreated SystemTime='2025-06-03T00:43:14.3896420Z'/><EventRecordID>172</EventRecordID><Correlation/><Execution ProcessID='4756' ThreadID='5280'/><Channel>System</Channel><Computer>NIKOLAI-BSDBOH4</Computer><Security UserID='S-1-5-18'/></System><EventData><Data Name='HiveNameLength'>144</Data><Data Name='HiveName'>\??\C:\ProgramData\Microsoft\Windows\AppRepository\Packages\Microsoft.WindowsFeedbackHub_1.2401.20253.0_arm64__8wekyb3d8bbwe\ActivationStore.dat</Data><Data Name='KeysUpdated'>0</Data><Data Name='DirtyPages'>0</Data></EventData></Event><Event xmlns='http://schemas.microsoft.com/win/2004/08/events/event'><System><Provider Name='Microsoft-Windows-Kernel-General' Guid='{a68ca8b7-004f-d7b6-a698-07e2de0f1f5d}'/><EventID>16</EventID><Version>0</Version><Level>4</Level><Task>0</Task><Opcode>0</Opcode><Keywords>0x8000000000000000</Keywords><TimeCreated SystemTime='2025-06-03T00:43:13.7911383Z'/><EventRecordID>171</EventRecordID><Correlation/><Execution ProcessID='4756' ThreadID='5280'/><Channel>System</Channel><Computer>NIKOLAI-BSDBOH4</Computer><Security UserID='S-1-5-18'/></System><EventData><Data Name='HiveNameLength'>138</Data><Data Name='HiveName'>\??\C:\ProgramData\Microsoft\Windows\AppRepository\Packages\Microsoft.WindowsCamera_2023.2312.3.0_arm64__8wekyb3d8bbwe\ActivationStore.dat</Data><Data Name='KeysUpdated'>0</Data><Data Name='DirtyPages'>0</Data></EventData></Event><Event xmlns='http://schemas.microsoft.com/win/2004/08/events/event'><System><Provider Name='Microsoft-Windows-Kernel-General' Guid='{a68ca8b7-004f-d7b6-a698-07e2de0f1f5d}'/><EventID>16</EventID><Version>0</Version><Level>4</Level><Task>0</Task><Opcode>0</Opcode><Keywords>0x8000000000000000</Keywords><TimeCreated SystemTime='2025-06-03T00:43:13.2545692Z'/><EventRecordID>170</EventRecordID><Correlation/><Execution ProcessID='4756' ThreadID='5280'/><Channel>System</Channel><Computer>NIKOLAI-BSDBOH4</Computer><Security UserID='S-1-5-18'/></System><EventData><Data Name='HiveNameLength'>140</Data><Data Name='HiveName'>\??\C:\ProgramData\Microsoft\Windows\AppRepository\Packages\Microsoft.WindowsCalculator_11.2311.0.0_arm64__8wekyb3d8bbwe\ActivationStore.dat</Data><Data Name='KeysUpdated'>0</Data><Data Name='DirtyPages'>0</Data></EventData></Event><Event xmlns='http://schemas.microsoft.com/win/2004/08/events/event'><System><Provider Name='Microsoft-Windows-Kernel-General' Guid='{a68ca8b7-004f-d7b6-a698-07e2de0f1f5d}'/><EventID>16</EventID><Version>0</Version><Level>4</Level><Task>0</Task><Opcode>0</Opcode><Keywords>0x8000000000000000</Keywords><TimeCreated SystemTime='2025-06-03T00:43:12.6781052Z'/><EventRecordID>169</EventRecordID><Correlation/><Execution ProcessID='4756' ThreadID='5280'/><Channel>System</Channel><Computer>NIKOLAI-BSDBOH4</Computer><Security UserID='S-1-5-18'/></System><EventData><Data Name='HiveNameLength'>134</Data><Data Name='HiveName'>\??\C:\ProgramData\Microsoft\Windows\AppRepository\Packages\Microsoft.WindowsAlarms_1.0.188.0_arm64__8wekyb3d8bbwe\ActivationStore.dat</Data><Data Name='KeysUpdated'>0</Data><Data Name='DirtyPages'>0</Data></EventData></Event>