<?xml version="1.0" encoding="utf-8" standalone="yes"?>
<Events><Event xmlns='http://schemas.microsoft.com/win/2004/08/events/event'><System><Provider Name='Microsoft-Windows-WindowsUpdateClient' Guid='{945a8954-c147-4acd-923f-40c45405a658}'/><EventID>44</EventID><Version>1</Version><Level>4</Level><Task>1</Task><Opcode>12</Opcode><Keywords>0x8000000000002004</Keywords><TimeCreated SystemTime='2025-06-08T07:15:00.0513480Z'/><EventRecordID>1247</EventRecordID><Correlation/><Execution ProcessID='4216' ThreadID='4856'/><Channel>System</Channel><Computer>NIKOLAISMETBD82</Computer><Security UserID='S-1-5-18'/></System><EventData><Data Name='updateTitle'>9PLL735RFDSM-Microsoft.NET.Native.Runtime.2.2</Data><Data Name='updateGuid'>{9c137291-4059-4cb8-b650-12b07bbe1da1}</Data><Data Name='updateRevisionNumber'>1</Data></EventData></Event><Event xmlns='http://schemas.microsoft.com/win/2004/08/events/event'><System><Provider Name='Microsoft-Windows-WindowsUpdateClient' Guid='{945a8954-c147-4acd-923f-40c45405a658}'/><EventID>44</EventID><Version>1</Version><Level>4</Level><Task>1</Task><Opcode>12</Opcode><Keywords>0x8000000000002004</Keywords><TimeCreated SystemTime='2025-06-08T07:15:00.0513461Z'/><EventRecordID>1246</EventRecordID><Correlation/><Execution ProcessID='4216' ThreadID='4856'/><Channel>System</Channel><Computer>NIKOLAISMETBD82</Computer><Security UserID='S-1-5-18'/></System><EventData><Data Name='updateTitle'>9WZDNCRFHVFW-Microsoft.BingNews</Data><Data Name='updateGuid'>{a88d0e88-976a-47f1-ad43-a6734e50e4cf}</Data><Data Name='updateRevisionNumber'>1</Data></EventData></Event><Event xmlns='http://schemas.microsoft.com/win/2004/08/events/event'><System><Provider Name='Microsoft-Windows-WindowsUpdateClient' Guid='{945a8954-c147-4acd-923f-40c45405a658}'/><EventID>44</EventID><Version>1</Version><Level>4</Level><Task>1</Task><Opcode>12</Opcode><Keywords>0x8000000000002004</Keywords><TimeCreated SystemTime='2025-06-08T07:15:00.0513440Z'/><EventRecordID>1245</EventRecordID><Correlation/><Execution ProcessID='4216' ThreadID='4856'/><Channel>System</Channel><Computer>NIKOLAISMETBD82</Computer><Security UserID='S-1-5-18'/></System><EventData><Data Name='updateTitle'>9WZDNCRD1HKW-Microsoft.XboxIdentityProvider</Data><Data Name='updateGuid'>{d93ed933-7f77-4c4b-a247-044e4ab86ac4}</Data><Data Name='updateRevisionNumber'>1</Data></EventData></Event><Event xmlns='http://schemas.microsoft.com/win/2004/08/events/event'><System><Provider Name='Microsoft-Windows-WindowsUpdateClient' Guid='{945a8954-c147-4acd-923f-40c45405a658}'/><EventID>44</EventID><Version>1</Version><Level>4</Level><Task>1</Task><Opcode>12</Opcode><Keywords>0x8000000000002004</Keywords><TimeCreated SystemTime='2025-06-08T07:14:59.2694676Z'/><EventRecordID>1244</EventRecordID><Correlation/><Execution ProcessID='4216' ThreadID='4856'/><Channel>System</Channel><Computer>NIKOLAISMETBD82</Computer><Security UserID='S-1-5-18'/></System><EventData><Data Name='updateTitle'>9WZDNCRFHVFW-Microsoft.BingNews</Data><Data Name='updateGuid'>{a88d0e88-976a-47f1-ad43-a6734e50e4cf}</Data><Data Name='updateRevisionNumber'>1</Data></EventData></Event><Event xmlns='http://schemas.microsoft.com/win/2004/08/events/event'><System><Provider Name='Microsoft-Windows-WindowsUpdateClient' Guid='{945a8954-c147-4acd-923f-40c45405a658}'/><EventID>44</EventID><Version>1</Version><Level>4</Level><Task>1</Task><Opcode>12</Opcode><Keywords>0x8000000000002004</Keywords><TimeCreated SystemTime='2025-06-08T07:14:59.2694657Z'/><EventRecordID>1243</EventRecordID><Correlation/><Execution ProcessID='4216' ThreadID='4856'/><Channel>System</Channel><Computer>NIKOLAISMETBD82</Computer><Security UserID='S-1-5-18'/></System><EventData><Data Name='updateTitle'>9WZDNCRD1HKW-Microsoft.XboxIdentityProvider</Data><Data Name='updateGuid'>{d93ed933-7f77-4c4b-a247-044e4ab86ac4}</Data><Data Name='updateRevisionNumber'>1</Data></EventData></Event><Event xmlns='http://schemas.microsoft.com/win/2004/08/events/event'><System><Provider Name='Microsoft-Windows-WindowsUpdateClient' Guid='{945a8954-c147-4acd-923f-40c45405a658}'/><EventID>44</EventID><Version>1</Version><Level>4</Level><Task>1</Task><Opcode>12</Opcode><Keywords>0x8000000000002004</Keywords><TimeCreated SystemTime='2025-06-08T07:14:59.2694631Z'/><EventRecordID>1242</EventRecordID><Correlation/><Execution ProcessID='4216' ThreadID='4856'/><Channel>System</Channel><Computer>NIKOLAISMETBD82</Computer><Security UserID='S-1-5-18'/></System><EventData><Data Name='updateTitle'>9MW2LKJ0TPJF-Microsoft.NET.Native.Framework.2.2</Data><Data Name='updateGuid'>{bfa7d40d-2cdf-4c15-98cf-85c847517da3}</Data><Data Name='updateRevisionNumber'>1</Data></EventData></Event><Event xmlns='http://schemas.microsoft.com/win/2004/08/events/event'><System><Provider Name='Microsoft-Windows-WindowsUpdateClient' Guid='{945a8954-c147-4acd-923f-40c45405a658}'/><EventID>44</EventID><Version>1</Version><Level>4</Level><Task>1</Task><Opcode>12</Opcode><Keywords>0x8000000000002004</Keywords><TimeCreated SystemTime='2025-06-08T07:14:59.0015276Z'/><EventRecordID>1241</EventRecordID><Correlation/><Execution ProcessID='4216' ThreadID='4856'/><Channel>System</Channel><Computer>NIKOLAISMETBD82</Computer><Security UserID='S-1-5-18'/></System><EventData><Data Name='updateTitle'>9PLL735RFDSM-Microsoft.NET.Native.Runtime.2.2</Data><Data Name='updateGuid'>{9c137291-4059-4cb8-b650-12b07bbe1da1}</Data><Data Name='updateRevisionNumber'>1</Data></EventData></Event><Event xmlns='http://schemas.microsoft.com/win/2004/08/events/event'><System><Provider Name='Microsoft-Windows-WindowsUpdateClient' Guid='{945a8954-c147-4acd-923f-40c45405a658}'/><EventID>44</EventID><Version>1</Version><Level>4</Level><Task>1</Task><Opcode>12</Opcode><Keywords>0x8000000000002004</Keywords><TimeCreated SystemTime='2025-06-08T07:14:59.0015244Z'/><EventRecordID>1240</EventRecordID><Correlation/><Execution ProcessID='4216' ThreadID='4856'/><Channel>System</Channel><Computer>NIKOLAISMETBD82</Computer><Security UserID='S-1-5-18'/></System><EventData><Data Name='updateTitle'>9WZDNCRFHVFW-Microsoft.BingNews</Data><Data Name='updateGuid'>{a88d0e88-976a-47f1-ad43-a6734e50e4cf}</Data><Data Name='updateRevisionNumber'>1</Data></EventData></Event><Event xmlns='http://schemas.microsoft.com/win/2004/08/events/event'><System><Provider Name='Microsoft-Windows-WindowsUpdateClient' Guid='{945a8954-c147-4acd-923f-40c45405a658}'/><EventID>44</EventID><Version>1</Version><Level>4</Level><Task>1</Task><Opcode>12</Opcode><Keywords>0x8000000000002004</Keywords><TimeCreated SystemTime='2025-06-08T07:14:59.0015215Z'/><EventRecordID>1239</EventRecordID><Correlation/><Execution ProcessID='4216' ThreadID='4856'/><Channel>System</Channel><Computer>NIKOLAISMETBD82</Computer><Security UserID='S-1-5-18'/></System><EventData><Data Name='updateTitle'>9WZDNCRD1HKW-Microsoft.XboxIdentityProvider</Data><Data Name='updateGuid'>{d93ed933-7f77-4c4b-a247-044e4ab86ac4}</Data><Data Name='updateRevisionNumber'>1</Data></EventData></Event><Event xmlns='http://schemas.microsoft.com/win/2004/08/events/event'><System><Provider Name='Microsoft-Windows-WindowsUpdateClient' Guid='{945a8954-c147-4acd-923f-40c45405a658}'/><EventID>44</EventID><Version>1</Version><Level>4</Level><Task>1</Task><Opcode>12</Opcode><Keywords>0x8000000000002004</Keywords><TimeCreated SystemTime='2025-06-08T07:14:57.5273933Z'/><EventRecordID>1238</EventRecordID><Correlation/><Execution ProcessID='4216' ThreadID='4856'/><Channel>System</Channel><Computer>NIKOLAISMETBD82</Computer><Security UserID='S-1-5-18'/></System><EventData><Data Name='updateTitle'>9WZDNCRD1HKW-Microsoft.XboxIdentityProvider</Data><Data Name='updateGuid'>{d93ed933-7f77-4c4b-a247-044e4ab86ac4}</Data><Data Name='updateRevisionNumber'>1</Data></EventData></Event><Event xmlns='http://schemas.microsoft.com/win/2004/08/events/event'><System><Provider Name='Microsoft-Windows-WindowsUpdateClient' Guid='{945a8954-c147-4acd-923f-40c45405a658}'/><EventID>44</EventID><Version>1</Version><Level>4</Level><Task>1</Task><Opcode>12</Opcode><Keywords>0x8000000000002004</Keywords><TimeCreated SystemTime='2025-06-08T07:14:57.5273917Z'/><EventRecordID>1237</EventRecordID><Correlation/><Execution ProcessID='4216' ThreadID='4856'/><Channel>System</Channel><Computer>NIKOLAISMETBD82</Computer><Security UserID='S-1-5-18'/></System><EventData><Data Name='updateTitle'>9NSTH9KHZDLQ-Microsoft.UI.Xaml.2.8</Data><Data Name='updateGuid'>{6b5369f2-d415-4daf-a500-1b864dc84dec}</Data><Data Name='updateRevisionNumber'>1</Data></EventData></Event><Event xmlns='http://schemas.microsoft.com/win/2004/08/events/event'><System><Provider Name='Microsoft-Windows-WindowsUpdateClient' Guid='{945a8954-c147-4acd-923f-40c45405a658}'/><EventID>44</EventID><Version>1</Version><Level>4</Level><Task>1</Task><Opcode>12</Opcode><Keywords>0x8000000000002004</Keywords><TimeCreated SystemTime='2025-06-08T07:14:57.5273902Z'/><EventRecordID>1236</EventRecordID><Correlation/><Execution ProcessID='4216' ThreadID='4856'/><Channel>System</Channel><Computer>NIKOLAISMETBD82</Computer><Security UserID='S-1-5-18'/></System><EventData><Data Name='updateTitle'>9NBLGGH4LS1F-Microsoft.StorePurchaseApp</Data><Data Name='updateGuid'>{d3cb5184-1fd2-41cd-9368-9ecb39951214}</Data><Data Name='updateRevisionNumber'>1</Data></EventData></Event><Event xmlns='http://schemas.microsoft.com/win/2004/08/events/event'><System><Provider Name='Microsoft-Windows-WindowsUpdateClient' Guid='{945a8954-c147-4acd-923f-40c45405a658}'/><EventID>44</EventID><Version>1</Version><Level>4</Level><Task>1</Task><Opcode>12</Opcode><Keywords>0x8000000000002004</Keywords><TimeCreated SystemTime='2025-06-08T07:14:57.5273871Z'/><EventRecordID>1235</EventRecordID><Correlation/><Execution ProcessID='4216' ThreadID='4856'/><Channel>System</Channel><Computer>NIKOLAISMETBD82</Computer><Security UserID='S-1-5-18'/></System><EventData><Data Name='updateTitle'>9NBLGGH4LS1F-Microsoft.StorePurchaseApp</Data><Data Name='updateGuid'>{d3cb5184-1fd2-41cd-9368-9ecb39951214}</Data><Data Name='updateRevisionNumber'>1</Data></EventData></Event><Event xmlns='http://schemas.microsoft.com/win/2004/08/events/event'><System><Provider Name='Microsoft-Windows-WindowsUpdateClient' Guid='{945a8954-c147-4acd-923f-40c45405a658}'/><EventID>44</EventID><Version>1</Version><Level>4</Level><Task>1</Task><Opcode>12</Opcode><Keywords>0x8000000000002004</Keywords><TimeCreated SystemTime='2025-06-08T07:14:57.5273835Z'/><EventRecordID>1234</EventRecordID><Correlation/><Execution ProcessID='4216' ThreadID='4856'/><Channel>System</Channel><Computer>NIKOLAISMETBD82</Computer><Security UserID='S-1-5-18'/></System><EventData><Data Name='updateTitle'>9NBLGGH4RV3K-Microsoft.VCLibs.140.00.UWPDesktop</Data><Data Name='updateGuid'>{fcdd3b59-f41c-4595-b36b-245bacb749e8}</Data><Data Name='updateRevisionNumber'>1</Data></EventData></Event><Event xmlns='http://schemas.microsoft.com/win/2004/08/events/event'><System><Provider Name='Microsoft-Windows-Kernel-General' Guid='{a68ca8b7-004f-d7b6-a698-07e2de0f1f5d}'/><EventID>16</EventID><Version>0</Version><Level>4</Level><Task>0</Task><Opcode>0</Opcode><Keywords>0x8000000000000000</Keywords><TimeCreated SystemTime='2025-06-08T07:14:57.1800231Z'/><EventRecordID>1233</EventRecordID><Correlation/><Execution ProcessID='3056' ThreadID='7276'/><Channel>System</Channel><Computer>NIKOLAISMETBD82</Computer><Security UserID='S-1-5-18'/></System><EventData><Data Name='HiveNameLength'>142</Data><Data Name='HiveName'>\??\C:\ProgramData\Microsoft\Windows\AppRepository\Packages\Microsoft.StorePurchaseApp_22504.1401.4.0_arm64__8wekyb3d8bbwe\ActivationStore.dat</Data><Data Name='KeysUpdated'>0</Data><Data Name='DirtyPages'>0</Data></EventData></Event><Event xmlns='http://schemas.microsoft.com/win/2004/08/events/event'><System><Provider Name='Microsoft-Windows-WindowsUpdateClient' Guid='{945a8954-c147-4acd-923f-40c45405a658}'/><EventID>19</EventID><Version>1</Version><Level>4</Level><Task>1</Task><Opcode>13</Opcode><Keywords>0x8000000000000018</Keywords><TimeCreated SystemTime='2025-06-08T07:14:53.2790740Z'/><EventRecordID>1232</EventRecordID><Correlation ActivityID='{189ccb3f-d3de-0000-672f-a218ded3db01}'/><Execution ProcessID='4216' ThreadID='10776'/><Channel>System</Channel><Computer>NIKOLAISMETBD82</Computer><Security UserID='S-1-5-18'/></System><EventData><Data Name='updateTitle'>9WZDNCRFHWD2-Microsoft.MicrosoftSolitaireCollection</Data><Data Name='updateGuid'>{52c7221a-6bbe-4282-9378-fb96ff732c4c}</Data><Data Name='updateRevisionNumber'>1</Data><Data Name='serviceGuid'>{855e8a7c-ecb4-4ca3-b045-1dfa50104289}</Data></EventData></Event><Event xmlns='http://schemas.microsoft.com/win/2004/08/events/event'><System><Provider Name='Microsoft-Windows-WindowsUpdateClient' Guid='{945a8954-c147-4acd-923f-40c45405a658}'/><EventID>44</EventID><Version>1</Version><Level>4</Level><Task>1</Task><Opcode>12</Opcode><Keywords>0x8000000000002004</Keywords><TimeCreated SystemTime='2025-06-08T07:14:53.2790126Z'/><EventRecordID>1231</EventRecordID><Correlation ActivityID='{189ccb3f-d3de-0000-672f-a218ded3db01}'/><Execution ProcessID='4216' ThreadID='10776'/><Channel>System</Channel><Computer>NIKOLAISMETBD82</Computer><Security UserID='S-1-5-18'/></System><EventData><Data Name='updateTitle'>9WZDNCRFHVFW-Microsoft.BingNews</Data><Data Name='updateGuid'>{a88d0e88-976a-47f1-ad43-a6734e50e4cf}</Data><Data Name='updateRevisionNumber'>1</Data></EventData></Event><Event xmlns='http://schemas.microsoft.com/win/2004/08/events/event'><System><Provider Name='Microsoft-Windows-WindowsUpdateClient' Guid='{945a8954-c147-4acd-923f-40c45405a658}'/><EventID>44</EventID><Version>1</Version><Level>4</Level><Task>1</Task><Opcode>12</Opcode><Keywords>0x8000000000002004</Keywords><TimeCreated SystemTime='2025-06-08T07:14:53.2790110Z'/><EventRecordID>1230</EventRecordID><Correlation ActivityID='{189ccb3f-d3de-0000-672f-a218ded3db01}'/><Execution ProcessID='4216' ThreadID='10776'/><Channel>System</Channel><Computer>NIKOLAISMETBD82</Computer><Security UserID='S-1-5-18'/></System><EventData><Data Name='updateTitle'>9NBLGGH4LS1F-Microsoft.StorePurchaseApp</Data><Data Name='updateGuid'>{d3cb5184-1fd2-41cd-9368-9ecb39951214}</Data><Data Name='updateRevisionNumber'>1</Data></EventData></Event><Event xmlns='http://schemas.microsoft.com/win/2004/08/events/event'><System><Provider Name='Microsoft-Windows-WindowsUpdateClient' Guid='{945a8954-c147-4acd-923f-40c45405a658}'/><EventID>44</EventID><Version>1</Version><Level>4</Level><Task>1</Task><Opcode>12</Opcode><Keywords>0x8000000000002004</Keywords><TimeCreated SystemTime='2025-06-08T07:14:53.2790091Z'/><EventRecordID>1229</EventRecordID><Correlation ActivityID='{189ccb3f-d3de-0000-672f-a218ded3db01}'/><Execution ProcessID='4216' ThreadID='10776'/><Channel>System</Channel><Computer>NIKOLAISMETBD82</Computer><Security UserID='S-1-5-18'/></System><EventData><Data Name='updateTitle'>9MW2LKJ0TPJF-Microsoft.NET.Native.Framework.2.2</Data><Data Name='updateGuid'>{bfa7d40d-2cdf-4c15-98cf-85c847517da3}</Data><Data Name='updateRevisionNumber'>1</Data></EventData></Event><Event xmlns='http://schemas.microsoft.com/win/2004/08/events/event'><System><Provider Name='Microsoft-Windows-WindowsUpdateClient' Guid='{945a8954-c147-4acd-923f-40c45405a658}'/><EventID>44</EventID><Version>1</Version><Level>4</Level><Task>1</Task><Opcode>12</Opcode><Keywords>0x8000000000002004</Keywords><TimeCreated SystemTime='2025-06-08T07:14:53.2788810Z'/><EventRecordID>1228</EventRecordID><Correlation ActivityID='{189ccb3f-d3de-0000-672f-a218ded3db01}'/><Execution ProcessID='4216' ThreadID='10776'/><Channel>System</Channel><Computer>NIKOLAISMETBD82</Computer><Security UserID='S-1-5-18'/></System><EventData><Data Name='updateTitle'>9NSTH9KHZDLQ-Microsoft.UI.Xaml.2.8</Data><Data Name='updateGuid'>{6b5369f2-d415-4daf-a500-1b864dc84dec}</Data><Data Name='updateRevisionNumber'>1</Data></EventData></Event><Event xmlns='http://schemas.microsoft.com/win/2004/08/events/event'><System><Provider Name='Microsoft-Windows-WindowsUpdateClient' Guid='{945a8954-c147-4acd-923f-40c45405a658}'/><EventID>44</EventID><Version>1</Version><Level>4</Level><Task>1</Task><Opcode>12</Opcode><Keywords>0x8000000000002004</Keywords><TimeCreated SystemTime='2025-06-08T07:14:53.2788793Z'/><EventRecordID>1227</EventRecordID><Correlation ActivityID='{189ccb3f-d3de-0000-672f-a218ded3db01}'/><Execution ProcessID='4216' ThreadID='10776'/><Channel>System</Channel><Computer>NIKOLAISMETBD82</Computer><Security UserID='S-1-5-18'/></System><EventData><Data Name='updateTitle'>9NBLGGH4LS1F-Microsoft.StorePurchaseApp</Data><Data Name='updateGuid'>{d3cb5184-1fd2-41cd-9368-9ecb39951214}</Data><Data Name='updateRevisionNumber'>1</Data></EventData></Event><Event xmlns='http://schemas.microsoft.com/win/2004/08/events/event'><System><Provider Name='Microsoft-Windows-WindowsUpdateClient' Guid='{945a8954-c147-4acd-923f-40c45405a658}'/><EventID>44</EventID><Version>1</Version><Level>4</Level><Task>1</Task><Opcode>12</Opcode><Keywords>0x8000000000002004</Keywords><TimeCreated SystemTime='2025-06-08T07:14:53.2788769Z'/><EventRecordID>1226</EventRecordID><Correlation ActivityID='{189ccb3f-d3de-0000-672f-a218ded3db01}'/><Execution ProcessID='4216' ThreadID='10776'/><Channel>System</Channel><Computer>NIKOLAISMETBD82</Computer><Security UserID='S-1-5-18'/></System><EventData><Data Name='updateTitle'>9WZDNCRFHVFW-Microsoft.BingNews</Data><Data Name='updateGuid'>{a88d0e88-976a-47f1-ad43-a6734e50e4cf}</Data><Data Name='updateRevisionNumber'>1</Data></EventData></Event><Event xmlns='http://schemas.microsoft.com/win/2004/08/events/event'><System><Provider Name='Microsoft-Windows-WindowsUpdateClient' Guid='{945a8954-c147-4acd-923f-40c45405a658}'/><EventID>44</EventID><Version>1</Version><Level>4</Level><Task>1</Task><Opcode>12</Opcode><Keywords>0x8000000000002004</Keywords><TimeCreated SystemTime='2025-06-08T07:14:53.2788751Z'/><EventRecordID>1225</EventRecordID><Correlation ActivityID='{189ccb3f-d3de-0000-672f-a218ded3db01}'/><Execution ProcessID='4216' ThreadID='10776'/><Channel>System</Channel><Computer>NIKOLAISMETBD82</Computer><Security UserID='S-1-5-18'/></System><EventData><Data Name='updateTitle'>9NBLGGH4LS1F-Microsoft.StorePurchaseApp</Data><Data Name='updateGuid'>{d3cb5184-1fd2-41cd-9368-9ecb39951214}</Data><Data Name='updateRevisionNumber'>1</Data></EventData></Event><Event xmlns='http://schemas.microsoft.com/win/2004/08/events/event'><System><Provider Name='Microsoft-Windows-WindowsUpdateClient' Guid='{945a8954-c147-4acd-923f-40c45405a658}'/><EventID>44</EventID><Version>1</Version><Level>4</Level><Task>1</Task><Opcode>12</Opcode><Keywords>0x8000000000002004</Keywords><TimeCreated SystemTime='2025-06-08T07:14:53.2788736Z'/><EventRecordID>1224</EventRecordID><Correlation ActivityID='{189ccb3f-d3de-0000-672f-a218ded3db01}'/><Execution ProcessID='4216' ThreadID='10776'/><Channel>System</Channel><Computer>NIKOLAISMETBD82</Computer><Security UserID='S-1-5-18'/></System><EventData><Data Name='updateTitle'>9MW2LKJ0TPJF-Microsoft.NET.Native.Framework.2.2</Data><Data Name='updateGuid'>{bfa7d40d-2cdf-4c15-98cf-85c847517da3}</Data><Data Name='updateRevisionNumber'>1</Data></EventData></Event><Event xmlns='http://schemas.microsoft.com/win/2004/08/events/event'><System><Provider Name='Microsoft-Windows-WindowsUpdateClient' Guid='{945a8954-c147-4acd-923f-40c45405a658}'/><EventID>44</EventID><Version>1</Version><Level>4</Level><Task>1</Task><Opcode>12</Opcode><Keywords>0x8000000000002004</Keywords><TimeCreated SystemTime='2025-06-08T07:14:53.2787538Z'/><EventRecordID>1223</EventRecordID><Correlation ActivityID='{189ccb3f-d3de-0000-672f-a218ded3db01}'/><Execution ProcessID='4216' ThreadID='10776'/><Channel>System</Channel><Computer>NIKOLAISMETBD82</Computer><Security UserID='S-1-5-18'/></System><EventData><Data Name='updateTitle'>9PLL735RFDSM-Microsoft.NET.Native.Runtime.2.2</Data><Data Name='updateGuid'>{9c137291-4059-4cb8-b650-12b07bbe1da1}</Data><Data Name='updateRevisionNumber'>1</Data></EventData></Event><Event xmlns='http://schemas.microsoft.com/win/2004/08/events/event'><System><Provider Name='Microsoft-Windows-WindowsUpdateClient' Guid='{945a8954-c147-4acd-923f-40c45405a658}'/><EventID>44</EventID><Version>1</Version><Level>4</Level><Task>1</Task><Opcode>12</Opcode><Keywords>0x8000000000002004</Keywords><TimeCreated SystemTime='2025-06-08T07:14:53.2787515Z'/><EventRecordID>1222</EventRecordID><Correlation ActivityID='{189ccb3f-d3de-0000-672f-a218ded3db01}'/><Execution ProcessID='4216' ThreadID='10776'/><Channel>System</Channel><Computer>NIKOLAISMETBD82</Computer><Security UserID='S-1-5-18'/></System><EventData><Data Name='updateTitle'>9WZDNCRFHVFW-Microsoft.BingNews</Data><Data Name='updateGuid'>{a88d0e88-976a-47f1-ad43-a6734e50e4cf}</Data><Data Name='updateRevisionNumber'>1</Data></EventData></Event><Event xmlns='http://schemas.microsoft.com/win/2004/08/events/event'><System><Provider Name='Microsoft-Windows-WindowsUpdateClient' Guid='{945a8954-c147-4acd-923f-40c45405a658}'/><EventID>44</EventID><Version>1</Version><Level>4</Level><Task>1</Task><Opcode>12</Opcode><Keywords>0x8000000000002004</Keywords><TimeCreated SystemTime='2025-06-08T07:14:53.2787492Z'/><EventRecordID>1221</EventRecordID><Correlation ActivityID='{189ccb3f-d3de-0000-672f-a218ded3db01}'/><Execution ProcessID='4216' ThreadID='10776'/><Channel>System</Channel><Computer>NIKOLAISMETBD82</Computer><Security UserID='S-1-5-18'/></System><EventData><Data Name='updateTitle'>9NBLGGH4LS1F-Microsoft.StorePurchaseApp</Data><Data Name='updateGuid'>{d3cb5184-1fd2-41cd-9368-9ecb39951214}</Data><Data Name='updateRevisionNumber'>1</Data></EventData></Event><Event xmlns='http://schemas.microsoft.com/win/2004/08/events/event'><System><Provider Name='Microsoft-Windows-Kernel-General' Guid='{a68ca8b7-004f-d7b6-a698-07e2de0f1f5d}'/><EventID>16</EventID><Version>0</Version><Level>4</Level><Task>0</Task><Opcode>0</Opcode><Keywords>0x8000000000000000</Keywords><TimeCreated SystemTime='2025-06-08T07:14:52.7748941Z'/><EventRecordID>1220</EventRecordID><Correlation/><Execution ProcessID='3056' ThreadID='7264'/><Channel>System</Channel><Computer>NIKOLAISMETBD82</Computer><Security UserID='S-1-5-21-4155168598-3527253067-2058671051-1000'/></System><EventData><Data Name='HiveNameLength'>130</Data><Data Name='HiveName'>\??\C:\Users\nikolai.smetannikov\AppData\Local\Packages\Microsoft.MicrosoftSolitaireCollection_8wekyb3d8bbwe\Settings\settings.dat</Data><Data Name='KeysUpdated'>3</Data><Data Name='DirtyPages'>1</Data></EventData></Event><Event xmlns='http://schemas.microsoft.com/win/2004/08/events/event'><System><Provider Name='Microsoft-Windows-WindowsUpdateClient' Guid='{945a8954-c147-4acd-923f-40c45405a658}'/><EventID>43</EventID><Version>1</Version><Level>4</Level><Task>1</Task><Opcode>13</Opcode><Keywords>0x8000000000002008</Keywords><TimeCreated SystemTime='2025-06-08T07:14:52.4370129Z'/><EventRecordID>1219</EventRecordID><Correlation/><Execution ProcessID='4216' ThreadID='10776'/><Channel>System</Channel><Computer>NIKOLAISMETBD82</Computer><Security UserID='S-1-5-18'/></System><EventData><Data Name='updateTitle'>9WZDNCRFHWD2-Microsoft.MicrosoftSolitaireCollection</Data><Data Name='updateGuid'>{52c7221a-6bbe-4282-9378-fb96ff732c4c}</Data><Data Name='updateRevisionNumber'>1</Data></EventData></Event><Event xmlns='http://schemas.microsoft.com/win/2004/08/events/event'><System><Provider Name='Microsoft-Windows-WindowsUpdateClient' Guid='{945a8954-c147-4acd-923f-40c45405a658}'/><EventID>44</EventID><Version>1</Version><Level>4</Level><Task>1</Task><Opcode>12</Opcode><Keywords>0x8000000000002004</Keywords><TimeCreated SystemTime='2025-06-08T07:14:52.4369571Z'/><EventRecordID>1218</EventRecordID><Correlation/><Execution ProcessID='4216' ThreadID='10776'/><Channel>System</Channel><Computer>NIKOLAISMETBD82</Computer><Security UserID='S-1-5-18'/></System><EventData><Data Name='updateTitle'>9WZDNCRFHVFW-Microsoft.BingNews</Data><Data Name='updateGuid'>{a88d0e88-976a-47f1-ad43-a6734e50e4cf}</Data><Data Name='updateRevisionNumber'>1</Data></EventData></Event><Event xmlns='http://schemas.microsoft.com/win/2004/08/events/event'><System><Provider Name='Microsoft-Windows-WindowsUpdateClient' Guid='{945a8954-c147-4acd-923f-40c45405a658}'/><EventID>44</EventID><Version>1</Version><Level>4</Level><Task>1</Task><Opcode>12</Opcode><Keywords>0x8000000000002004</Keywords><TimeCreated SystemTime='2025-06-08T07:14:52.4369550Z'/><EventRecordID>1217</EventRecordID><Correlation/><Execution ProcessID='4216' ThreadID='10776'/><Channel>System</Channel><Computer>NIKOLAISMETBD82</Computer><Security UserID='S-1-5-18'/></System><EventData><Data Name='updateTitle'>9NSTH9KHZDLQ-Microsoft.UI.Xaml.2.8</Data><Data Name='updateGuid'>{6b5369f2-d415-4daf-a500-1b864dc84dec}</Data><Data Name='updateRevisionNumber'>1</Data></EventData></Event><Event xmlns='http://schemas.microsoft.com/win/2004/08/events/event'><System><Provider Name='Microsoft-Windows-WindowsUpdateClient' Guid='{945a8954-c147-4acd-923f-40c45405a658}'/><EventID>44</EventID><Version>1</Version><Level>4</Level><Task>1</Task><Opcode>12</Opcode><Keywords>0x8000000000002004</Keywords><TimeCreated SystemTime='2025-06-08T07:14:52.4369525Z'/><EventRecordID>1216</EventRecordID><Correlation/><Execution ProcessID='4216' ThreadID='10776'/><Channel>System</Channel><Computer>NIKOLAISMETBD82</Computer><Security UserID='S-1-5-18'/></System><EventData><Data Name='updateTitle'>9NBLGGH4LS1F-Microsoft.StorePurchaseApp</Data><Data Name='updateGuid'>{d3cb5184-1fd2-41cd-9368-9ecb39951214}</Data><Data Name='updateRevisionNumber'>1</Data></EventData></Event><Event xmlns='http://schemas.microsoft.com/win/2004/08/events/event'><System><Provider Name='Microsoft-Windows-WindowsUpdateClient' Guid='{945a8954-c147-4acd-923f-40c45405a658}'/><EventID>44</EventID><Version>1</Version><Level>4</Level><Task>1</Task><Opcode>12</Opcode><Keywords>0x8000000000002004</Keywords><TimeCreated SystemTime='2025-06-08T07:14:52.4369502Z'/><EventRecordID>1215</EventRecordID><Correlation/><Execution ProcessID='4216' ThreadID='10776'/><Channel>System</Channel><Computer>NIKOLAISMETBD82</Computer><Security UserID='S-1-5-18'/></System><EventData><Data Name='updateTitle'>9NBLGGH4LS1F-Microsoft.StorePurchaseApp</Data><Data Name='updateGuid'>{d3cb5184-1fd2-41cd-9368-9ecb39951214}</Data><Data Name='updateRevisionNumber'>1</Data></EventData></Event><Event xmlns='http://schemas.microsoft.com/win/2004/08/events/event'><System><Provider Name='Microsoft-Windows-WindowsUpdateClient' Guid='{945a8954-c147-4acd-923f-40c45405a658}'/><EventID>44</EventID><Version>1</Version><Level>4</Level><Task>1</Task><Opcode>12</Opcode><Keywords>0x8000000000002004</Keywords><TimeCreated SystemTime='2025-06-08T07:14:52.4368560Z'/><EventRecordID>1214</EventRecordID><Correlation/><Execution ProcessID='4216' ThreadID='10776'/><Channel>System</Channel><Computer>NIKOLAISMETBD82</Computer><Security UserID='S-1-5-18'/></System><EventData><Data Name='updateTitle'>9NBLGGH4RV3K-Microsoft.VCLibs.140.00.UWPDesktop</Data><Data Name='updateGuid'>{fcdd3b59-f41c-4595-b36b-245bacb749e8}</Data><Data Name='updateRevisionNumber'>1</Data></EventData></Event><Event xmlns='http://schemas.microsoft.com/win/2004/08/events/event'><System><Provider Name='Microsoft-Windows-WindowsUpdateClient' Guid='{945a8954-c147-4acd-923f-40c45405a658}'/><EventID>44</EventID><Version>1</Version><Level>4</Level><Task>1</Task><Opcode>12</Opcode><Keywords>0x8000000000002004</Keywords><TimeCreated SystemTime='2025-06-08T07:14:52.4368540Z'/><EventRecordID>1213</EventRecordID><Correlation/><Execution ProcessID='4216' ThreadID='10776'/><Channel>System</Channel><Computer>NIKOLAISMETBD82</Computer><Security UserID='S-1-5-18'/></System><EventData><Data Name='updateTitle'>9WZDNCRFHVFW-Microsoft.BingNews</Data><Data Name='updateGuid'>{a88d0e88-976a-47f1-ad43-a6734e50e4cf}</Data><Data Name='updateRevisionNumber'>1</Data></EventData></Event><Event xmlns='http://schemas.microsoft.com/win/2004/08/events/event'><System><Provider Name='Microsoft-Windows-WindowsUpdateClient' Guid='{945a8954-c147-4acd-923f-40c45405a658}'/><EventID>44</EventID><Version>1</Version><Level>4</Level><Task>1</Task><Opcode>12</Opcode><Keywords>0x8000000000002004</Keywords><TimeCreated SystemTime='2025-06-08T07:14:52.4368515Z'/><EventRecordID>1212</EventRecordID><Correlation/><Execution ProcessID='4216' ThreadID='10776'/><Channel>System</Channel><Computer>NIKOLAISMETBD82</Computer><Security UserID='S-1-5-18'/></System><EventData><Data Name='updateTitle'>9NBLGGH4LS1F-Microsoft.StorePurchaseApp</Data><Data Name='updateGuid'>{d3cb5184-1fd2-41cd-9368-9ecb39951214}</Data><Data Name='updateRevisionNumber'>1</Data></EventData></Event><Event xmlns='http://schemas.microsoft.com/win/2004/08/events/event'><System><Provider Name='Microsoft-Windows-WindowsUpdateClient' Guid='{945a8954-c147-4acd-923f-40c45405a658}'/><EventID>44</EventID><Version>1</Version><Level>4</Level><Task>1</Task><Opcode>12</Opcode><Keywords>0x8000000000002004</Keywords><TimeCreated SystemTime='2025-06-08T07:14:52.4368489Z'/><EventRecordID>1211</EventRecordID><Correlation/><Execution ProcessID='4216' ThreadID='10776'/><Channel>System</Channel><Computer>NIKOLAISMETBD82</Computer><Security UserID='S-1-5-18'/></System><EventData><Data Name='updateTitle'>9NBLGGH3FRZM-Microsoft.VCLibs.140.00</Data><Data Name='updateGuid'>{7c4b0956-b3f1-40ac-a633-668abc5d6af2}</Data><Data Name='updateRevisionNumber'>1</Data></EventData></Event><Event xmlns='http://schemas.microsoft.com/win/2004/08/events/event'><System><Provider Name='Microsoft-Windows-Kernel-General' Guid='{a68ca8b7-004f-d7b6-a698-07e2de0f1f5d}'/><EventID>16</EventID><Version>0</Version><Level>4</Level><Task>0</Task><Opcode>0</Opcode><Keywords>0x8000000000000000</Keywords><TimeCreated SystemTime='2025-06-08T07:14:49.2527659Z'/><EventRecordID>1210</EventRecordID><Correlation/><Execution ProcessID='3056' ThreadID='7280'/><Channel>System</Channel><Computer>NIKOLAISMETBD82</Computer><Security UserID='S-1-5-18'/></System><EventData><Data Name='HiveNameLength'>151</Data><Data Name='HiveName'>\??\C:\ProgramData\Microsoft\Windows\AppRepository\Packages\Microsoft.MicrosoftSolitaireCollection_4.22.5200.0_arm64__8wekyb3d8bbwe\ActivationStore.dat</Data><Data Name='KeysUpdated'>0</Data><Data Name='DirtyPages'>0</Data></EventData></Event><Event xmlns='http://schemas.microsoft.com/win/2004/08/events/event'><System><Provider Name='Microsoft-Windows-WindowsUpdateClient' Guid='{945a8954-c147-4acd-923f-40c45405a658}'/><EventID>44</EventID><Version>1</Version><Level>4</Level><Task>1</Task><Opcode>12</Opcode><Keywords>0x8000000000002004</Keywords><TimeCreated SystemTime='2025-06-08T07:14:48.3794575Z'/><EventRecordID>1209</EventRecordID><Correlation/><Execution ProcessID='4216' ThreadID='4856'/><Channel>System</Channel><Computer>NIKOLAISMETBD82</Computer><Security UserID='S-1-5-18'/></System><EventData><Data Name='updateTitle'>9NSTH9KHZDLQ-Microsoft.UI.Xaml.2.8</Data><Data Name='updateGuid'>{6b5369f2-d415-4daf-a500-1b864dc84dec}</Data><Data Name='updateRevisionNumber'>1</Data></EventData></Event><Event xmlns='http://schemas.microsoft.com/win/2004/08/events/event'><System><Provider Name='Microsoft-Windows-WindowsUpdateClient' Guid='{945a8954-c147-4acd-923f-40c45405a658}'/><EventID>44</EventID><Version>1</Version><Level>4</Level><Task>1</Task><Opcode>12</Opcode><Keywords>0x8000000000002004</Keywords><TimeCreated SystemTime='2025-06-08T07:14:48.3794561Z'/><EventRecordID>1208</EventRecordID><Correlation/><Execution ProcessID='4216' ThreadID='4856'/><Channel>System</Channel><Computer>NIKOLAISMETBD82</Computer><Security UserID='S-1-5-18'/></System><EventData><Data Name='updateTitle'>9NBLGGH4LS1F-Microsoft.StorePurchaseApp</Data><Data Name='updateGuid'>{d3cb5184-1fd2-41cd-9368-9ecb39951214}</Data><Data Name='updateRevisionNumber'>1</Data></EventData></Event><Event xmlns='http://schemas.microsoft.com/win/2004/08/events/event'><System><Provider Name='Microsoft-Windows-WindowsUpdateClient' Guid='{945a8954-c147-4acd-923f-40c45405a658}'/><EventID>44</EventID><Version>1</Version><Level>4</Level><Task>1</Task><Opcode>12</Opcode><Keywords>0x8000000000002004</Keywords><TimeCreated SystemTime='2025-06-08T07:14:48.3794542Z'/><EventRecordID>1207</EventRecordID><Correlation/><Execution ProcessID='4216' ThreadID='4856'/><Channel>System</Channel><Computer>NIKOLAISMETBD82</Computer><Security UserID='S-1-5-18'/></System><EventData><Data Name='updateTitle'>9WZDNCRFHWD2-Microsoft.MicrosoftSolitaireCollection</Data><Data Name='updateGuid'>{52c7221a-6bbe-4282-9378-fb96ff732c4c}</Data><Data Name='updateRevisionNumber'>1</Data></EventData></Event><Event xmlns='http://schemas.microsoft.com/win/2004/08/events/event'><System><Provider Name='Microsoft-Windows-WindowsUpdateClient' Guid='{945a8954-c147-4acd-923f-40c45405a658}'/><EventID>44</EventID><Version>1</Version><Level>4</Level><Task>1</Task><Opcode>12</Opcode><Keywords>0x8000000000002004</Keywords><TimeCreated SystemTime='2025-06-08T07:14:47.9638627Z'/><EventRecordID>1206</EventRecordID><Correlation/><Execution ProcessID='4216' ThreadID='4856'/><Channel>System</Channel><Computer>NIKOLAISMETBD82</Computer><Security UserID='S-1-5-18'/></System><EventData><Data Name='updateTitle'>9NBLGGH4LS1F-Microsoft.StorePurchaseApp</Data><Data Name='updateGuid'>{d3cb5184-1fd2-41cd-9368-9ecb39951214}</Data><Data Name='updateRevisionNumber'>1</Data></EventData></Event><Event xmlns='http://schemas.microsoft.com/win/2004/08/events/event'><System><Provider Name='Microsoft-Windows-WindowsUpdateClient' Guid='{945a8954-c147-4acd-923f-40c45405a658}'/><EventID>44</EventID><Version>1</Version><Level>4</Level><Task>1</Task><Opcode>12</Opcode><Keywords>0x8000000000002004</Keywords><TimeCreated SystemTime='2025-06-08T07:14:47.9638605Z'/><EventRecordID>1205</EventRecordID><Correlation/><Execution ProcessID='4216' ThreadID='4856'/><Channel>System</Channel><Computer>NIKOLAISMETBD82</Computer><Security UserID='S-1-5-18'/></System><EventData><Data Name='updateTitle'>9NBLGGH3FRZM-Microsoft.VCLibs.140.00</Data><Data Name='updateGuid'>{7c4b0956-b3f1-40ac-a633-668abc5d6af2}</Data><Data Name='updateRevisionNumber'>1</Data></EventData></Event><Event xmlns='http://schemas.microsoft.com/win/2004/08/events/event'><System><Provider Name='Microsoft-Windows-WindowsUpdateClient' Guid='{945a8954-c147-4acd-923f-40c45405a658}'/><EventID>44</EventID><Version>1</Version><Level>4</Level><Task>1</Task><Opcode>12</Opcode><Keywords>0x8000000000002004</Keywords><TimeCreated SystemTime='2025-06-08T07:14:47.9638342Z'/><EventRecordID>1204</EventRecordID><Correlation/><Execution ProcessID='4216' ThreadID='4856'/><Channel>System</Channel><Computer>NIKOLAISMETBD82</Computer><Security UserID='S-1-5-18'/></System><EventData><Data Name='updateTitle'>9MSSGKG348SP-MicrosoftWindows.Client.WebExperience</Data><Data Name='updateGuid'>{2a4d634f-c68f-49cf-90c4-5e377bf71b91}</Data><Data Name='updateRevisionNumber'>1</Data></EventData></Event><Event xmlns='http://schemas.microsoft.com/win/2004/08/events/event'><System><Provider Name='Microsoft-Windows-WindowsUpdateClient' Guid='{945a8954-c147-4acd-923f-40c45405a658}'/><EventID>44</EventID><Version>1</Version><Level>4</Level><Task>1</Task><Opcode>12</Opcode><Keywords>0x8000000000002004</Keywords><TimeCreated SystemTime='2025-06-08T07:14:47.9638309Z'/><EventRecordID>1203</EventRecordID><Correlation/><Execution ProcessID='4216' ThreadID='4856'/><Channel>System</Channel><Computer>NIKOLAISMETBD82</Computer><Security UserID='S-1-5-18'/></System><EventData><Data Name='updateTitle'>9WZDNCRFHWD2-Microsoft.MicrosoftSolitaireCollection</Data><Data Name='updateGuid'>{52c7221a-6bbe-4282-9378-fb96ff732c4c}</Data><Data Name='updateRevisionNumber'>1</Data></EventData></Event><Event xmlns='http://schemas.microsoft.com/win/2004/08/events/event'><System><Provider Name='Microsoft-Windows-WindowsUpdateClient' Guid='{945a8954-c147-4acd-923f-40c45405a658}'/><EventID>44</EventID><Version>1</Version><Level>4</Level><Task>1</Task><Opcode>12</Opcode><Keywords>0x8000000000002004</Keywords><TimeCreated SystemTime='2025-06-08T07:14:47.9568403Z'/><EventRecordID>1202</EventRecordID><Correlation/><Execution ProcessID='4216' ThreadID='4856'/><Channel>System</Channel><Computer>NIKOLAISMETBD82</Computer><Security UserID='S-1-5-18'/></System><EventData><Data Name='updateTitle'>9NSTH9KHZDLQ-Microsoft.UI.Xaml.2.8</Data><Data Name='updateGuid'>{6b5369f2-d415-4daf-a500-1b864dc84dec}</Data><Data Name='updateRevisionNumber'>1</Data></EventData></Event><Event xmlns='http://schemas.microsoft.com/win/2004/08/events/event'><System><Provider Name='Microsoft-Windows-WindowsUpdateClient' Guid='{945a8954-c147-4acd-923f-40c45405a658}'/><EventID>44</EventID><Version>1</Version><Level>4</Level><Task>1</Task><Opcode>12</Opcode><Keywords>0x8000000000002004</Keywords><TimeCreated SystemTime='2025-06-08T07:14:47.9568388Z'/><EventRecordID>1201</EventRecordID><Correlation/><Execution ProcessID='4216' ThreadID='4856'/><Channel>System</Channel><Computer>NIKOLAISMETBD82</Computer><Security UserID='S-1-5-18'/></System><EventData><Data Name='updateTitle'>9NBLGGH4LS1F-Microsoft.StorePurchaseApp</Data><Data Name='updateGuid'>{d3cb5184-1fd2-41cd-9368-9ecb39951214}</Data><Data Name='updateRevisionNumber'>1</Data></EventData></Event><Event xmlns='http://schemas.microsoft.com/win/2004/08/events/event'><System><Provider Name='Microsoft-Windows-WindowsUpdateClient' Guid='{945a8954-c147-4acd-923f-40c45405a658}'/><EventID>44</EventID><Version>1</Version><Level>4</Level><Task>1</Task><Opcode>12</Opcode><Keywords>0x8000000000002004</Keywords><TimeCreated SystemTime='2025-06-08T07:14:47.9568286Z'/><EventRecordID>1200</EventRecordID><Correlation/><Execution ProcessID='4216' ThreadID='4856'/><Channel>System</Channel><Computer>NIKOLAISMETBD82</Computer><Security UserID='S-1-5-18'/></System><EventData><Data Name='updateTitle'>9WZDNCRFHWD2-Microsoft.MicrosoftSolitaireCollection</Data><Data Name='updateGuid'>{52c7221a-6bbe-4282-9378-fb96ff732c4c}</Data><Data Name='updateRevisionNumber'>1</Data></EventData></Event><Event xmlns='http://schemas.microsoft.com/win/2004/08/events/event'><System><Provider Name='Microsoft-Windows-WindowsUpdateClient' Guid='{945a8954-c147-4acd-923f-40c45405a658}'/><EventID>44</EventID><Version>1</Version><Level>4</Level><Task>1</Task><Opcode>12</Opcode><Keywords>0x8000000000002004</Keywords><TimeCreated SystemTime='2025-06-08T07:14:47.9487778Z'/><EventRecordID>1199</EventRecordID><Correlation/><Execution ProcessID='4216' ThreadID='4856'/><Channel>System</Channel><Computer>NIKOLAISMETBD82</Computer><Security UserID='S-1-5-18'/></System><EventData><Data Name='updateTitle'>9NBLGGH4LS1F-Microsoft.StorePurchaseApp</Data><Data Name='updateGuid'>{d3cb5184-1fd2-41cd-9368-9ecb39951214}</Data><Data Name='updateRevisionNumber'>1</Data></EventData></Event><Event xmlns='http://schemas.microsoft.com/win/2004/08/events/event'><System><Provider Name='Microsoft-Windows-WindowsUpdateClient' Guid='{945a8954-c147-4acd-923f-40c45405a658}'/><EventID>44</EventID><Version>1</Version><Level>4</Level><Task>1</Task><Opcode>12</Opcode><Keywords>0x8000000000002004</Keywords><TimeCreated SystemTime='2025-06-08T07:14:47.9487758Z'/><EventRecordID>1198</EventRecordID><Correlation/><Execution ProcessID='4216' ThreadID='4856'/><Channel>System</Channel><Computer>NIKOLAISMETBD82</Computer><Security UserID='S-1-5-18'/></System><EventData><Data Name='updateTitle'>9NBLGGH4RV3K-Microsoft.VCLibs.140.00.UWPDesktop</Data><Data Name='updateGuid'>{fcdd3b59-f41c-4595-b36b-245bacb749e8}</Data><Data Name='updateRevisionNumber'>1</Data></EventData></Event><Event xmlns='http://schemas.microsoft.com/win/2004/08/events/event'><System><Provider Name='Microsoft-Windows-WindowsUpdateClient' Guid='{945a8954-c147-4acd-923f-40c45405a658}'/><EventID>44</EventID><Version>1</Version><Level>4</Level><Task>1</Task><Opcode>12</Opcode><Keywords>0x8000000000002004</Keywords><TimeCreated SystemTime='2025-06-08T07:14:47.9487739Z'/><EventRecordID>1197</EventRecordID><Correlation/><Execution ProcessID='4216' ThreadID='4856'/><Channel>System</Channel><Computer>NIKOLAISMETBD82</Computer><Security UserID='S-1-5-18'/></System><EventData><Data Name='updateTitle'>9MSSGKG348SP-MicrosoftWindows.Client.WebExperience</Data><Data Name='updateGuid'>{2a4d634f-c68f-49cf-90c4-5e377bf71b91}</Data><Data Name='updateRevisionNumber'>1</Data></EventData></Event><Event xmlns='http://schemas.microsoft.com/win/2004/08/events/event'><System><Provider Name='Microsoft-Windows-WindowsUpdateClient' Guid='{945a8954-c147-4acd-923f-40c45405a658}'/><EventID>44</EventID><Version>1</Version><Level>4</Level><Task>1</Task><Opcode>12</Opcode><Keywords>0x8000000000002004</Keywords><TimeCreated SystemTime='2025-06-08T07:14:47.9487708Z'/><EventRecordID>1196</EventRecordID><Correlation/><Execution ProcessID='4216' ThreadID='4856'/><Channel>System</Channel><Computer>NIKOLAISMETBD82</Computer><Security UserID='S-1-5-18'/></System><EventData><Data Name='updateTitle'>9WZDNCRFHWD2-Microsoft.MicrosoftSolitaireCollection</Data><Data Name='updateGuid'>{52c7221a-6bbe-4282-9378-fb96ff732c4c}</Data><Data Name='updateRevisionNumber'>1</Data></EventData></Event><Event xmlns='http://schemas.microsoft.com/win/2004/08/events/event'><System><Provider Name='Microsoft-Windows-WindowsUpdateClient' Guid='{945a8954-c147-4acd-923f-40c45405a658}'/><EventID>44</EventID><Version>1</Version><Level>4</Level><Task>1</Task><Opcode>12</Opcode><Keywords>0x8000000000002004</Keywords><TimeCreated SystemTime='2025-06-08T07:14:47.9352438Z'/><EventRecordID>1195</EventRecordID><Correlation/><Execution ProcessID='4216' ThreadID='4856'/><Channel>System</Channel><Computer>NIKOLAISMETBD82</Computer><Security UserID='S-1-5-18'/></System><EventData><Data Name='updateTitle'>9NBLGGH4LS1F-Microsoft.StorePurchaseApp</Data><Data Name='updateGuid'>{d3cb5184-1fd2-41cd-9368-9ecb39951214}</Data><Data Name='updateRevisionNumber'>1</Data></EventData></Event><Event xmlns='http://schemas.microsoft.com/win/2004/08/events/event'><System><Provider Name='Microsoft-Windows-WindowsUpdateClient' Guid='{945a8954-c147-4acd-923f-40c45405a658}'/><EventID>44</EventID><Version>1</Version><Level>4</Level><Task>1</Task><Opcode>12</Opcode><Keywords>0x8000000000002004</Keywords><TimeCreated SystemTime='2025-06-08T07:14:47.9352409Z'/><EventRecordID>1194</EventRecordID><Correlation/><Execution ProcessID='4216' ThreadID='4856'/><Channel>System</Channel><Computer>NIKOLAISMETBD82</Computer><Security UserID='S-1-5-18'/></System><EventData><Data Name='updateTitle'>9WZDNCRFHWD2-Microsoft.MicrosoftSolitaireCollection</Data><Data Name='updateGuid'>{52c7221a-6bbe-4282-9378-fb96ff732c4c}</Data><Data Name='updateRevisionNumber'>1</Data></EventData></Event><Event xmlns='http://schemas.microsoft.com/win/2004/08/events/event'><System><Provider Name='Microsoft-Windows-WindowsUpdateClient' Guid='{945a8954-c147-4acd-923f-40c45405a658}'/><EventID>44</EventID><Version>1</Version><Level>4</Level><Task>1</Task><Opcode>12</Opcode><Keywords>0x8000000000002004</Keywords><TimeCreated SystemTime='2025-06-08T07:14:47.9352370Z'/><EventRecordID>1193</EventRecordID><Correlation/><Execution ProcessID='4216' ThreadID='4856'/><Channel>System</Channel><Computer>NIKOLAISMETBD82</Computer><Security UserID='S-1-5-18'/></System><EventData><Data Name='updateTitle'>9MW2LKJ0TPJF-Microsoft.NET.Native.Framework.2.2</Data><Data Name='updateGuid'>{bfa7d40d-2cdf-4c15-98cf-85c847517da3}</Data><Data Name='updateRevisionNumber'>1</Data></EventData></Event><Event xmlns='http://schemas.microsoft.com/win/2004/08/events/event'><System><Provider Name='Microsoft-Windows-WindowsUpdateClient' Guid='{945a8954-c147-4acd-923f-40c45405a658}'/><EventID>44</EventID><Version>1</Version><Level>4</Level><Task>1</Task><Opcode>12</Opcode><Keywords>0x8000000000002004</Keywords><TimeCreated SystemTime='2025-06-08T07:14:47.9326053Z'/><EventRecordID>1192</EventRecordID><Correlation/><Execution ProcessID='4216' ThreadID='4856'/><Channel>System</Channel><Computer>NIKOLAISMETBD82</Computer><Security UserID='S-1-5-18'/></System><EventData><Data Name='updateTitle'>9PLL735RFDSM-Microsoft.NET.Native.Runtime.2.2</Data><Data Name='updateGuid'>{9c137291-4059-4cb8-b650-12b07bbe1da1}</Data><Data Name='updateRevisionNumber'>1</Data></EventData></Event><Event xmlns='http://schemas.microsoft.com/win/2004/08/events/event'><System><Provider Name='Microsoft-Windows-WindowsUpdateClient' Guid='{945a8954-c147-4acd-923f-40c45405a658}'/><EventID>44</EventID><Version>1</Version><Level>4</Level><Task>1</Task><Opcode>12</Opcode><Keywords>0x8000000000002004</Keywords><TimeCreated SystemTime='2025-06-08T07:14:47.9326039Z'/><EventRecordID>1191</EventRecordID><Correlation/><Execution ProcessID='4216' ThreadID='4856'/><Channel>System</Channel><Computer>NIKOLAISMETBD82</Computer><Security UserID='S-1-5-18'/></System><EventData><Data Name='updateTitle'>9NBLGGH4LS1F-Microsoft.StorePurchaseApp</Data><Data Name='updateGuid'>{d3cb5184-1fd2-41cd-9368-9ecb39951214}</Data><Data Name='updateRevisionNumber'>1</Data></EventData></Event><Event xmlns='http://schemas.microsoft.com/win/2004/08/events/event'><System><Provider Name='Microsoft-Windows-WindowsUpdateClient' Guid='{945a8954-c147-4acd-923f-40c45405a658}'/><EventID>44</EventID><Version>1</Version><Level>4</Level><Task>1</Task><Opcode>12</Opcode><Keywords>0x8000000000002004</Keywords><TimeCreated SystemTime='2025-06-08T07:14:47.9326020Z'/><EventRecordID>1190</EventRecordID><Correlation/><Execution ProcessID='4216' ThreadID='4856'/><Channel>System</Channel><Computer>NIKOLAISMETBD82</Computer><Security UserID='S-1-5-18'/></System><EventData><Data Name='updateTitle'>9WZDNCRFHWD2-Microsoft.MicrosoftSolitaireCollection</Data><Data Name='updateGuid'>{52c7221a-6bbe-4282-9378-fb96ff732c4c}</Data><Data Name='updateRevisionNumber'>1</Data></EventData></Event><Event xmlns='http://schemas.microsoft.com/win/2004/08/events/event'><System><Provider Name='Microsoft-Windows-WindowsUpdateClient' Guid='{945a8954-c147-4acd-923f-40c45405a658}'/><EventID>44</EventID><Version>1</Version><Level>4</Level><Task>1</Task><Opcode>12</Opcode><Keywords>0x8000000000002004</Keywords><TimeCreated SystemTime='2025-06-08T07:14:47.9325986Z'/><EventRecordID>1189</EventRecordID><Correlation/><Execution ProcessID='4216' ThreadID='4856'/><Channel>System</Channel><Computer>NIKOLAISMETBD82</Computer><Security UserID='S-1-5-18'/></System><EventData><Data Name='updateTitle'>9NBLGGH4LS1F-Microsoft.StorePurchaseApp</Data><Data Name='updateGuid'>{d3cb5184-1fd2-41cd-9368-9ecb39951214}</Data><Data Name='updateRevisionNumber'>1</Data></EventData></Event><Event xmlns='http://schemas.microsoft.com/win/2004/08/events/event'><System><Provider Name='Microsoft-Windows-WindowsUpdateClient' Guid='{945a8954-c147-4acd-923f-40c45405a658}'/><EventID>19</EventID><Version>1</Version><Level>4</Level><Task>1</Task><Opcode>13</Opcode><Keywords>0x8000000000000018</Keywords><TimeCreated SystemTime='2025-06-08T07:14:44.7412993Z'/><EventRecordID>1188</EventRecordID><Correlation ActivityID='{189ccb3f-d3de-0001-3e12-a218ded3db01}'/><Execution ProcessID='4216' ThreadID='4388'/><Channel>System</Channel><Computer>NIKOLAISMETBD82</Computer><Security UserID='S-1-5-18'/></System><EventData><Data Name='updateTitle'>9NTXGKQ8P7N0-MicrosoftWindows.CrossDevice</Data><Data Name='updateGuid'>{3b37b83b-a72f-4af6-b629-0ecb0778d09e}</Data><Data Name='updateRevisionNumber'>1</Data><Data Name='serviceGuid'>{855e8a7c-ecb4-4ca3-b045-1dfa50104289}</Data></EventData></Event><Event xmlns='http://schemas.microsoft.com/win/2004/08/events/event'><System><Provider Name='Microsoft-Windows-Kernel-General' Guid='{a68ca8b7-004f-d7b6-a698-07e2de0f1f5d}'/><EventID>16</EventID><Version>0</Version><Level>4</Level><Task>0</Task><Opcode>0</Opcode><Keywords>0x8000000000000000</Keywords><TimeCreated SystemTime='2025-06-08T07:14:43.9489477Z'/><EventRecordID>1187</EventRecordID><Correlation/><Execution ProcessID='3056' ThreadID='7276'/><Channel>System</Channel><Computer>NIKOLAISMETBD82</Computer><Security UserID='S-1-5-21-4155168598-3527253067-2058671051-1000'/></System><EventData><Data Name='HiveNameLength'>120</Data><Data Name='HiveName'>\??\C:\Users\nikolai.smetannikov\AppData\Local\Packages\MicrosoftWindows.CrossDevice_cw5n1h2txyewy\Settings\settings.dat</Data><Data Name='KeysUpdated'>3</Data><Data Name='DirtyPages'>1</Data></EventData></Event><Event xmlns='http://schemas.microsoft.com/win/2004/08/events/event'><System><Provider Name='Microsoft-Windows-WindowsUpdateClient' Guid='{945a8954-c147-4acd-923f-40c45405a658}'/><EventID>43</EventID><Version>1</Version><Level>4</Level><Task>1</Task><Opcode>13</Opcode><Keywords>0x8000000000002008</Keywords><TimeCreated SystemTime='2025-06-08T07:14:43.5645021Z'/><EventRecordID>1186</EventRecordID><Correlation/><Execution ProcessID='4216' ThreadID='4388'/><Channel>System</Channel><Computer>NIKOLAISMETBD82</Computer><Security UserID='S-1-5-18'/></System><EventData><Data Name='updateTitle'>9NTXGKQ8P7N0-MicrosoftWindows.CrossDevice</Data><Data Name='updateGuid'>{3b37b83b-a72f-4af6-b629-0ecb0778d09e}</Data><Data Name='updateRevisionNumber'>1</Data></EventData></Event>