<Event xmlns='http://schemas.microsoft.com/win/2004/08/events/event'><System><Provider Name='Microsoft-Windows-Kernel-General' Guid='{a68ca8b7-004f-d7b6-a698-07e2de0f1f5d}'/><EventID>16</EventID><Version>0</Version><Level>4</Level><Task>0</Task><Opcode>0</Opcode><Keywords>0x8000000000000000</Keywords><TimeCreated SystemTime='2025-06-03T00:43:12.1095238Z'/><EventRecordID>168</EventRecordID><Correlation/><Execution ProcessID='4756' ThreadID='5280'/><Channel>System</Channel><Computer>NIKOLAI-BSDBOH4</Computer><Security UserID='S-1-5-18'/></System><EventData><Data Name='HiveNameLength'>142</Data><Data Name='HiveName'>\??\C:\ProgramData\Microsoft\Windows\AppRepository\Packages\Microsoft.Windows.Photos_24.24010.29003.0_arm64__8wekyb3d8bbwe\ActivationStore.dat</Data><Data Name='KeysUpdated'>0</Data><Data Name='DirtyPages'>0</Data></EventData></Event><Event xmlns='http://schemas.microsoft.com/win/2004/08/events/event'><System><Provider Name='Microsoft-Windows-Kernel-General' Guid='{a68ca8b7-004f-d7b6-a698-07e2de0f1f5d}'/><EventID>16</EventID><Version>0</Version><Level>4</Level><Task>0</Task><Opcode>0</Opcode><Keywords>0x8000000000000000</Keywords><TimeCreated SystemTime='2025-06-03T00:43:10.9753536Z'/><EventRecordID>167</EventRecordID><Correlation/><Execution ProcessID='4756' ThreadID='5280'/><Channel>System</Channel><Computer>NIKOLAI-BSDBOH4</Computer><Security UserID='S-1-5-18'/></System><EventData><Data Name='HiveNameLength'>141</Data><Data Name='HiveName'>\??\C:\ProgramData\Microsoft\Windows\AppRepository\Packages\Microsoft.WebMediaExtensions_1.0.62931.0_arm64__8wekyb3d8bbwe\ActivationStore.dat</Data><Data Name='KeysUpdated'>0</Data><Data Name='DirtyPages'>0</Data></EventData></Event><Event xmlns='http://schemas.microsoft.com/win/2004/08/events/event'><System><Provider Name='Microsoft-Windows-Kernel-General' Guid='{a68ca8b7-004f-d7b6-a698-07e2de0f1f5d}'/><EventID>16</EventID><Version>0</Version><Level>4</Level><Task>0</Task><Opcode>0</Opcode><Keywords>0x8000000000000000</Keywords><TimeCreated SystemTime='2025-06-03T00:43:10.3159039Z'/><EventRecordID>166</EventRecordID><Correlation/><Execution ProcessID='4756' ThreadID='5280'/><Channel>System</Channel><Computer>NIKOLAI-BSDBOH4</Computer><Security UserID='S-1-5-18'/></System><EventData><Data Name='HiveNameLength'>130</Data><Data Name='HiveName'>\??\C:\ProgramData\Microsoft\Windows\AppRepository\Packages\Microsoft.Todos_0.104.62421.0_arm64__8wekyb3d8bbwe\ActivationStore.dat</Data><Data Name='KeysUpdated'>0</Data><Data Name='DirtyPages'>0</Data></EventData></Event><Event xmlns='http://schemas.microsoft.com/win/2004/08/events/event'><System><Provider Name='Microsoft-Windows-Kernel-General' Guid='{a68ca8b7-004f-d7b6-a698-07e2de0f1f5d}'/><EventID>16</EventID><Version>0</Version><Level>4</Level><Task>0</Task><Opcode>0</Opcode><Keywords>0x8000000000000000</Keywords><TimeCreated SystemTime='2025-06-03T00:43:09.8699460Z'/><EventRecordID>165</EventRecordID><Correlation/><Execution ProcessID='4756' ThreadID='5280'/><Channel>System</Channel><Computer>NIKOLAI-BSDBOH4</Computer><Security UserID='S-1-5-18'/></System><EventData><Data Name='HiveNameLength'>142</Data><Data Name='HiveName'>\??\C:\ProgramData\Microsoft\Windows\AppRepository\Packages\Microsoft.StorePurchaseApp_22312.1400.6.0_arm64__8wekyb3d8bbwe\ActivationStore.dat</Data><Data Name='KeysUpdated'>0</Data><Data Name='DirtyPages'>0</Data></EventData></Event><Event xmlns='http://schemas.microsoft.com/win/2004/08/events/event'><System><Provider Name='Microsoft-Windows-Kernel-General' Guid='{a68ca8b7-004f-d7b6-a698-07e2de0f1f5d}'/><EventID>16</EventID><Version>0</Version><Level>4</Level><Task>0</Task><Opcode>0</Opcode><Keywords>0x8000000000000000</Keywords><TimeCreated SystemTime='2025-06-03T00:43:09.2525304Z'/><EventRecordID>164</EventRecordID><Correlation/><Execution ProcessID='4756' ThreadID='5280'/><Channel>System</Channel><Computer>NIKOLAI-BSDBOH4</Computer><Security UserID='S-1-5-18'/></System><EventData><Data Name='HiveNameLength'>137</Data><Data Name='HiveName'>\??\C:\ProgramData\Microsoft\Windows\AppRepository\Packages\Microsoft.SecHealthUI_1000.26100.1.0_arm64__8wekyb3d8bbwe\ActivationStore.dat</Data><Data Name='KeysUpdated'>0</Data><Data Name='DirtyPages'>0</Data></EventData></Event><Event xmlns='http://schemas.microsoft.com/win/2004/08/events/event'><System><Provider Name='Microsoft-Windows-Kernel-General' Guid='{a68ca8b7-004f-d7b6-a698-07e2de0f1f5d}'/><EventID>16</EventID><Version>0</Version><Level>4</Level><Task>0</Task><Opcode>0</Opcode><Keywords>0x8000000000000000</Keywords><TimeCreated SystemTime='2025-06-03T00:43:08.8432534Z'/><EventRecordID>163</EventRecordID><Correlation/><Execution ProcessID='4756' ThreadID='5280'/><Channel>System</Channel><Computer>NIKOLAI-BSDBOH4</Computer><Security UserID='S-1-5-18'/></System><EventData><Data Name='HiveNameLength'>136</Data><Data Name='HiveName'>\??\C:\ProgramData\Microsoft\Windows\AppRepository\Packages\Microsoft.ScreenSketch_11.2307.52.0_arm64__8wekyb3d8bbwe\ActivationStore.dat</Data><Data Name='KeysUpdated'>0</Data><Data Name='DirtyPages'>0</Data></EventData></Event><Event xmlns='http://schemas.microsoft.com/win/2004/08/events/event'><System><Provider Name='Microsoft-Windows-Kernel-General' Guid='{a68ca8b7-004f-d7b6-a698-07e2de0f1f5d}'/><EventID>16</EventID><Version>0</Version><Level>4</Level><Task>0</Task><Opcode>0</Opcode><Keywords>0x8000000000000000</Keywords><TimeCreated SystemTime='2025-06-03T00:43:08.0222092Z'/><EventRecordID>162</EventRecordID><Correlation/><Execution ProcessID='4756' ThreadID='5280'/><Channel>System</Channel><Computer>NIKOLAI-BSDBOH4</Computer><Security UserID='S-1-5-18'/></System><EventData><Data Name='HiveNameLength'>129</Data><Data Name='HiveName'>\??\C:\ProgramData\Microsoft\Windows\AppRepository\Packages\Microsoft.Paint_11.2302.20.0_arm64__8wekyb3d8bbwe\ActivationStore.dat</Data><Data Name='KeysUpdated'>0</Data><Data Name='DirtyPages'>0</Data></EventData></Event><Event xmlns='http://schemas.microsoft.com/win/2004/08/events/event'><System><Provider Name='Microsoft-Windows-Kernel-General' Guid='{a68ca8b7-004f-d7b6-a698-07e2de0f1f5d}'/><EventID>16</EventID><Version>0</Version><Level>4</Level><Task>0</Task><Opcode>0</Opcode><Keywords>0x8000000000000000</Keywords><TimeCreated SystemTime='2025-06-03T00:43:06.7621602Z'/><EventRecordID>161</EventRecordID><Correlation/><Execution ProcessID='4756' ThreadID='5280'/><Channel>System</Channel><Computer>NIKOLAI-BSDBOH4</Computer><Security UserID='S-1-5-18'/></System><EventData><Data Name='HiveNameLength'>142</Data><Data Name='HiveName'>\??\C:\ProgramData\Microsoft\Windows\AppRepository\Packages\Microsoft.MicrosoftStickyNotes_4.0.4602.0_arm64__8wekyb3d8bbwe\ActivationStore.dat</Data><Data Name='KeysUpdated'>0</Data><Data Name='DirtyPages'>0</Data></EventData></Event><Event xmlns='http://schemas.microsoft.com/win/2004/08/events/event'><System><Provider Name='Microsoft-Windows-Kernel-General' Guid='{a68ca8b7-004f-d7b6-a698-07e2de0f1f5d}'/><EventID>16</EventID><Version>0</Version><Level>4</Level><Task>0</Task><Opcode>0</Opcode><Keywords>0x8000000000000000</Keywords><TimeCreated SystemTime='2025-06-03T00:43:06.2969563Z'/><EventRecordID>160</EventRecordID><Correlation/><Execution ProcessID='4756' ThreadID='5280'/><Channel>System</Channel><Computer>NIKOLAI-BSDBOH4</Computer><Security UserID='S-1-5-18'/></System><EventData><Data Name='HiveNameLength'>151</Data><Data Name='HiveName'>\??\C:\ProgramData\Microsoft\Windows\AppRepository\Packages\Microsoft.MicrosoftSolitaireCollection_4.19.3190.0_arm64__8wekyb3d8bbwe\ActivationStore.dat</Data><Data Name='KeysUpdated'>0</Data><Data Name='DirtyPages'>0</Data></EventData></Event><Event xmlns='http://schemas.microsoft.com/win/2004/08/events/event'><System><Provider Name='Microsoft-Windows-Kernel-General' Guid='{a68ca8b7-004f-d7b6-a698-07e2de0f1f5d}'/><EventID>16</EventID><Version>0</Version><Level>4</Level><Task>0</Task><Opcode>0</Opcode><Keywords>0x8000000000000000</Keywords><TimeCreated SystemTime='2025-06-03T00:43:05.6052995Z'/><EventRecordID>159</EventRecordID><Correlation/><Execution ProcessID='4756' ThreadID='5280'/><Channel>System</Channel><Computer>NIKOLAI-BSDBOH4</Computer><Security UserID='S-1-5-18'/></System><EventData><Data Name='HiveNameLength'>144</Data><Data Name='HiveName'>\??\C:\ProgramData\Microsoft\Windows\AppRepository\Packages\Microsoft.MicrosoftOfficeHub_18.2308.1034.0_arm64__8wekyb3d8bbwe\ActivationStore.dat</Data><Data Name='KeysUpdated'>0</Data><Data Name='DirtyPages'>0</Data></EventData></Event><Event xmlns='http://schemas.microsoft.com/win/2004/08/events/event'><System><Provider Name='Microsoft-Windows-Kernel-General' Guid='{a68ca8b7-004f-d7b6-a698-07e2de0f1f5d}'/><EventID>16</EventID><Version>0</Version><Level>4</Level><Task>0</Task><Opcode>0</Opcode><Keywords>0x8000000000000000</Keywords><TimeCreated SystemTime='2025-06-03T00:43:04.4580942Z'/><EventRecordID>158</EventRecordID><Correlation/><Execution ProcessID='4756' ThreadID='5280'/><Channel>System</Channel><Computer>NIKOLAI-BSDBOH4</Computer><Security UserID='S-1-5-18'/></System><EventData><Data Name='HiveNameLength'>134</Data><Data Name='HiveName'>\??\C:\ProgramData\Microsoft\Windows\AppRepository\Packages\Microsoft.GetHelp_10.2302.10601.0_arm64__8wekyb3d8bbwe\ActivationStore.dat</Data><Data Name='KeysUpdated'>0</Data><Data Name='DirtyPages'>0</Data></EventData></Event><Event xmlns='http://schemas.microsoft.com/win/2004/08/events/event'><System><Provider Name='Microsoft-Windows-Kernel-General' Guid='{a68ca8b7-004f-d7b6-a698-07e2de0f1f5d}'/><EventID>16</EventID><Version>0</Version><Level>4</Level><Task>0</Task><Opcode>0</Opcode><Keywords>0x8000000000000000</Keywords><TimeCreated SystemTime='2025-06-03T00:43:03.8947387Z'/><EventRecordID>157</EventRecordID><Correlation/><Execution ProcessID='4756' ThreadID='5280'/><Channel>System</Channel><Computer>NIKOLAI-BSDBOH4</Computer><Security UserID='S-1-5-18'/></System><EventData><Data Name='HiveNameLength'>143</Data><Data Name='HiveName'>\??\C:\ProgramData\Microsoft\Windows\AppRepository\Packages\Microsoft.DesktopAppInstaller_1.21.10120.0_arm64__8wekyb3d8bbwe\ActivationStore.dat</Data><Data Name='KeysUpdated'>0</Data><Data Name='DirtyPages'>0</Data></EventData></Event><Event xmlns='http://schemas.microsoft.com/win/2004/08/events/event'><System><Provider Name='Microsoft-Windows-Kernel-General' Guid='{a68ca8b7-004f-d7b6-a698-07e2de0f1f5d}'/><EventID>16</EventID><Version>0</Version><Level>4</Level><Task>0</Task><Opcode>0</Opcode><Keywords>0x8000000000000000</Keywords><TimeCreated SystemTime='2025-06-03T00:43:03.4966531Z'/><EventRecordID>156</EventRecordID><Correlation/><Execution ProcessID='4756' ThreadID='5280'/><Channel>System</Channel><Computer>NIKOLAI-BSDBOH4</Computer><Security UserID='S-1-5-18'/></System><EventData><Data Name='HiveNameLength'>130</Data><Data Name='HiveName'>\??\C:\ProgramData\Microsoft\Windows\AppRepository\Packages\Microsoft.BingWeather_3.2.9.0_arm64__8wekyb3d8bbwe\ActivationStore.dat</Data><Data Name='KeysUpdated'>0</Data><Data Name='DirtyPages'>0</Data></EventData></Event><Event xmlns='http://schemas.microsoft.com/win/2004/08/events/event'><System><Provider Name='Microsoft-Windows-Kernel-General' Guid='{a68ca8b7-004f-d7b6-a698-07e2de0f1f5d}'/><EventID>16</EventID><Version>0</Version><Level>4</Level><Task>0</Task><Opcode>0</Opcode><Keywords>0x8000000000000000</Keywords><TimeCreated SystemTime='2025-06-03T00:43:02.9754247Z'/><EventRecordID>155</EventRecordID><Correlation/><Execution ProcessID='4756' ThreadID='5280'/><Channel>System</Channel><Computer>NIKOLAI-BSDBOH4</Computer><Security UserID='S-1-5-18'/></System><EventData><Data Name='HiveNameLength'>130</Data><Data Name='HiveName'>\??\C:\ProgramData\Microsoft\Windows\AppRepository\Packages\Microsoft.BingSearch_1.0.79.0_arm64__8wekyb3d8bbwe\ActivationStore.dat</Data><Data Name='KeysUpdated'>0</Data><Data Name='DirtyPages'>0</Data></EventData></Event><Event xmlns='http://schemas.microsoft.com/win/2004/08/events/event'><System><Provider Name='Microsoft-Windows-Kernel-General' Guid='{a68ca8b7-004f-d7b6-a698-07e2de0f1f5d}'/><EventID>16</EventID><Version>0</Version><Level>4</Level><Task>0</Task><Opcode>0</Opcode><Keywords>0x8000000000000000</Keywords><TimeCreated SystemTime='2025-06-03T00:43:02.6448668Z'/><EventRecordID>154</EventRecordID><Correlation/><Execution ProcessID='4756' ThreadID='5280'/><Channel>System</Channel><Computer>NIKOLAI-BSDBOH4</Computer><Security UserID='S-1-5-18'/></System><EventData><Data Name='HiveNameLength'>127</Data><Data Name='HiveName'>\??\C:\ProgramData\Microsoft\Windows\AppRepository\Packages\Microsoft.BingNews_1.0.2.0_arm64__8wekyb3d8bbwe\ActivationStore.dat</Data><Data Name='KeysUpdated'>0</Data><Data Name='DirtyPages'>0</Data></EventData></Event><Event xmlns='http://schemas.microsoft.com/win/2004/08/events/event'><System><Provider Name='Microsoft-Windows-Kernel-General' Guid='{a68ca8b7-004f-d7b6-a698-07e2de0f1f5d}'/><EventID>16</EventID><Version>0</Version><Level>4</Level><Task>0</Task><Opcode>0</Opcode><Keywords>0x8000000000000000</Keywords><TimeCreated SystemTime='2025-06-03T00:43:01.1331461Z'/><EventRecordID>153</EventRecordID><Correlation/><Execution ProcessID='4756' ThreadID='5280'/><Channel>System</Channel><Computer>NIKOLAI-BSDBOH4</Computer><Security UserID='S-1-5-18'/></System><EventData><Data Name='HiveNameLength'>134</Data><Data Name='HiveName'>\??\C:\ProgramData\Microsoft\Windows\AppRepository\Packages\Clipchamp.Clipchamp_3.0.10220.0_neutral__yxz26nhyzhsrt\ActivationStore.dat</Data><Data Name='KeysUpdated'>0</Data><Data Name='DirtyPages'>0</Data></EventData></Event><Event xmlns='http://schemas.microsoft.com/win/2004/08/events/event'><System><Provider Name='Microsoft-Windows-Kernel-General' Guid='{a68ca8b7-004f-d7b6-a698-07e2de0f1f5d}'/><EventID>16</EventID><Version>0</Version><Level>4</Level><Task>0</Task><Opcode>0</Opcode><Keywords>0x8000000000000000</Keywords><TimeCreated SystemTime='2025-06-03T00:43:00.3131881Z'/><EventRecordID>152</EventRecordID><Correlation/><Execution ProcessID='4756' ThreadID='5280'/><Channel>System</Channel><Computer>NIKOLAI-BSDBOH4</Computer><Security UserID='S-1-5-18'/></System><EventData><Data Name='HiveNameLength'>137</Data><Data Name='HiveName'>\??\C:\ProgramData\Microsoft\Windows\AppRepository\Packages\Microsoft.UI.Xaml.2.8_8.2310.30001.0_arm64__8wekyb3d8bbwe\ActivationStore.dat</Data><Data Name='KeysUpdated'>0</Data><Data Name='DirtyPages'>0</Data></EventData></Event><Event xmlns='http://schemas.microsoft.com/win/2004/08/events/event'><System><Provider Name='Microsoft-Windows-Kernel-General' Guid='{a68ca8b7-004f-d7b6-a698-07e2de0f1f5d}'/><EventID>16</EventID><Version>0</Version><Level>4</Level><Task>0</Task><Opcode>0</Opcode><Keywords>0x8000000000000000</Keywords><TimeCreated SystemTime='2025-06-03T00:42:59.5301557Z'/><EventRecordID>151</EventRecordID><Correlation/><Execution ProcessID='4756' ThreadID='5280'/><Channel>System</Channel><Computer>NIKOLAI-BSDBOH4</Computer><Security UserID='S-1-5-18'/></System><EventData><Data Name='HiveNameLength'>148</Data><Data Name='HiveName'>\??\C:\ProgramData\Microsoft\Windows\AppRepository\Packages\Microsoft.WindowsAppRuntime.1.3_3000.934.1904.0_arm64__8wekyb3d8bbwe\ActivationStore.dat</Data><Data Name='KeysUpdated'>0</Data><Data Name='DirtyPages'>0</Data></EventData></Event><Event xmlns='http://schemas.microsoft.com/win/2004/08/events/event'><System><Provider Name='Microsoft-Windows-Kernel-General' Guid='{a68ca8b7-004f-d7b6-a698-07e2de0f1f5d}'/><EventID>16</EventID><Version>0</Version><Level>4</Level><Task>0</Task><Opcode>0</Opcode><Keywords>0x8000000000000000</Keywords><TimeCreated SystemTime='2025-06-03T00:42:54.6851087Z'/><EventRecordID>150</EventRecordID><Correlation/><Execution ProcessID='4756' ThreadID='5280'/><Channel>System</Channel><Computer>NIKOLAI-BSDBOH4</Computer><Security UserID='S-1-5-18'/></System><EventData><Data Name='HiveNameLength'>137</Data><Data Name='HiveName'>\??\C:\ProgramData\Microsoft\Windows\AppRepository\Packages\Windows.PrintDialog_6.2.3.0_neutral_neutral_cw5n1h2txyewy\ActivationStore.dat</Data><Data Name='KeysUpdated'>0</Data><Data Name='DirtyPages'>0</Data></EventData></Event><Event xmlns='http://schemas.microsoft.com/win/2004/08/events/event'><System><Provider Name='Microsoft-Windows-Kernel-General' Guid='{a68ca8b7-004f-d7b6-a698-07e2de0f1f5d}'/><EventID>16</EventID><Version>0</Version><Level>4</Level><Task>0</Task><Opcode>0</Opcode><Keywords>0x8000000000000000</Keywords><TimeCreated SystemTime='2025-06-03T00:42:54.5630654Z'/><EventRecordID>149</EventRecordID><Correlation/><Execution ProcessID='4756' ThreadID='5280'/><Channel>System</Channel><Computer>NIKOLAI-BSDBOH4</Computer><Security UserID='S-1-5-18'/></System><EventData><Data Name='HiveNameLength'>151</Data><Data Name='HiveName'>\??\C:\ProgramData\Microsoft\Windows\AppRepository\Packages\windows.immersivecontrolpanel_10.0.8.1000_neutral_neutral_cw5n1h2txyewy\ActivationStore.dat</Data><Data Name='KeysUpdated'>0</Data><Data Name='DirtyPages'>0</Data></EventData></Event><Event xmlns='http://schemas.microsoft.com/win/2004/08/events/event'><System><Provider Name='Microsoft-Windows-Kernel-General' Guid='{a68ca8b7-004f-d7b6-a698-07e2de0f1f5d}'/><EventID>16</EventID><Version>0</Version><Level>4</Level><Task>0</Task><Opcode>0</Opcode><Keywords>0x8000000000000000</Keywords><TimeCreated SystemTime='2025-06-03T00:42:54.4527546Z'/><EventRecordID>148</EventRecordID><Correlation/><Execution ProcessID='4756' ThreadID='5304'/><Channel>System</Channel><Computer>NIKOLAI-BSDBOH4</Computer><Security UserID='S-1-5-18'/></System><EventData><Data Name='HiveNameLength'>144</Data><Data Name='HiveName'>\??\C:\ProgramData\Microsoft\Windows\AppRepository\Packages\Windows.CBSPreview_10.0.19580.1000_neutral_neutral_cw5n1h2txyewy\ActivationStore.dat</Data><Data Name='KeysUpdated'>0</Data><Data Name='DirtyPages'>0</Data></EventData></Event><Event xmlns='http://schemas.microsoft.com/win/2004/08/events/event'><System><Provider Name='Microsoft-Windows-Kernel-General' Guid='{a68ca8b7-004f-d7b6-a698-07e2de0f1f5d}'/><EventID>16</EventID><Version>0</Version><Level>4</Level><Task>0</Task><Opcode>0</Opcode><Keywords>0x8000000000000000</Keywords><TimeCreated SystemTime='2025-06-03T00:42:54.3393435Z'/><EventRecordID>147</EventRecordID><Correlation/><Execution ProcessID='4756' ThreadID='5304'/><Channel>System</Channel><Computer>NIKOLAI-BSDBOH4</Computer><Security UserID='S-1-5-18'/></System><EventData><Data Name='HiveNameLength'>138</Data><Data Name='HiveName'>\??\C:\ProgramData\Microsoft\Windows\AppRepository\Packages\NcsiUwpApp_1000.25128.1000.0_neutral_neutral_8wekyb3d8bbwe\ActivationStore.dat</Data><Data Name='KeysUpdated'>0</Data><Data Name='DirtyPages'>0</Data></EventData></Event><Event xmlns='http://schemas.microsoft.com/win/2004/08/events/event'><System><Provider Name='Microsoft-Windows-Kernel-General' Guid='{a68ca8b7-004f-d7b6-a698-07e2de0f1f5d}'/><EventID>16</EventID><Version>0</Version><Level>4</Level><Task>0</Task><Opcode>0</Opcode><Keywords>0x8000000000000000</Keywords><TimeCreated SystemTime='2025-06-03T00:42:54.0932621Z'/><EventRecordID>146</EventRecordID><Correlation/><Execution ProcessID='4756' ThreadID='5304'/><Channel>System</Channel><Computer>NIKOLAI-BSDBOH4</Computer><Security UserID='S-1-5-18'/></System><EventData><Data Name='HiveNameLength'>147</Data><Data Name='HiveName'>\??\C:\ProgramData\Microsoft\Windows\AppRepository\Packages\MicrosoftWindows.LKG.TwinSxS_1000.26100.2033.0_arm64__cw5n1h2txyewy\ActivationStore.dat</Data><Data Name='KeysUpdated'>0</Data><Data Name='DirtyPages'>0</Data></EventData></Event><Event xmlns='http://schemas.microsoft.com/win/2004/08/events/event'><System><Provider Name='Microsoft-Windows-Kernel-General' Guid='{a68ca8b7-004f-d7b6-a698-07e2de0f1f5d}'/><EventID>16</EventID><Version>0</Version><Level>4</Level><Task>0</Task><Opcode>0</Opcode><Keywords>0x8000000000000000</Keywords><TimeCreated SystemTime='2025-06-03T00:42:53.9483231Z'/><EventRecordID>145</EventRecordID><Correlation/><Execution ProcessID='4756' ThreadID='5280'/><Channel>System</Channel><Computer>NIKOLAI-BSDBOH4</Computer><Security UserID='S-1-5-18'/></System><EventData><Data Name='HiveNameLength'>151</Data><Data Name='HiveName'>\??\C:\ProgramData\Microsoft\Windows\AppRepository\Packages\MicrosoftWindows.LKG.IrisService_1000.26100.2033.0_arm64__cw5n1h2txyewy\ActivationStore.dat</Data><Data Name='KeysUpdated'>0</Data><Data Name='DirtyPages'>0</Data></EventData></Event><Event xmlns='http://schemas.microsoft.com/win/2004/08/events/event'><System><Provider Name='Microsoft-Windows-Kernel-General' Guid='{a68ca8b7-004f-d7b6-a698-07e2de0f1f5d}'/><EventID>16</EventID><Version>0</Version><Level>4</Level><Task>0</Task><Opcode>0</Opcode><Keywords>0x8000000000000000</Keywords><TimeCreated SystemTime='2025-06-03T00:42:53.8278999Z'/><EventRecordID>144</EventRecordID><Correlation/><Execution ProcessID='4756' ThreadID='5280'/><Channel>System</Channel><Computer>NIKOLAI-BSDBOH4</Computer><Security UserID='S-1-5-18'/></System><EventData><Data Name='HiveNameLength'>155</Data><Data Name='HiveName'>\??\C:\ProgramData\Microsoft\Windows\AppRepository\Packages\MicrosoftWindows.LKG.AccountsService_1000.26100.2033.0_arm64__cw5n1h2txyewy\ActivationStore.dat</Data><Data Name='KeysUpdated'>0</Data><Data Name='DirtyPages'>0</Data></EventData></Event><Event xmlns='http://schemas.microsoft.com/win/2004/08/events/event'><System><Provider Name='Microsoft-Windows-Kernel-General' Guid='{a68ca8b7-004f-d7b6-a698-07e2de0f1f5d}'/><EventID>16</EventID><Version>0</Version><Level>4</Level><Task>0</Task><Opcode>0</Opcode><Keywords>0x8000000000000000</Keywords><TimeCreated SystemTime='2025-06-03T00:42:53.7009630Z'/><EventRecordID>143</EventRecordID><Correlation/><Execution ProcessID='4756' ThreadID='5280'/><Channel>System</Channel><Computer>NIKOLAI-BSDBOH4</Computer><Security UserID='S-1-5-18'/></System><EventData><Data Name='HiveNameLength'>146</Data><Data Name='HiveName'>\??\C:\ProgramData\Microsoft\Windows\AppRepository\Packages\MicrosoftWindows.Client.Photon_1000.26100.6.0_arm64__cw5n1h2txyewy\ActivationStore.dat</Data><Data Name='KeysUpdated'>0</Data><Data Name='DirtyPages'>0</Data></EventData></Event><Event xmlns='http://schemas.microsoft.com/win/2004/08/events/event'><System><Provider Name='Microsoft-Windows-Kernel-General' Guid='{a68ca8b7-004f-d7b6-a698-07e2de0f1f5d}'/><EventID>16</EventID><Version>0</Version><Level>4</Level><Task>0</Task><Opcode>0</Opcode><Keywords>0x8000000000000000</Keywords><TimeCreated SystemTime='2025-06-03T00:42:53.5473820Z'/><EventRecordID>142</EventRecordID><Correlation/><Execution ProcessID='4756' ThreadID='5280'/><Channel>System</Channel><Computer>NIKOLAI-BSDBOH4</Computer><Security UserID='S-1-5-18'/></System><EventData><Data Name='HiveNameLength'>144</Data><Data Name='HiveName'>\??\C:\ProgramData\Microsoft\Windows\AppRepository\Packages\MicrosoftWindows.Client.OOBE_1000.26100.2.0_arm64__cw5n1h2txyewy\ActivationStore.dat</Data><Data Name='KeysUpdated'>0</Data><Data Name='DirtyPages'>0</Data></EventData></Event><Event xmlns='http://schemas.microsoft.com/win/2004/08/events/event'><System><Provider Name='Microsoft-Windows-Kernel-General' Guid='{a68ca8b7-004f-d7b6-a698-07e2de0f1f5d}'/><EventID>16</EventID><Version>0</Version><Level>4</Level><Task>0</Task><Opcode>0</Opcode><Keywords>0x8000000000000000</Keywords><TimeCreated SystemTime='2025-06-03T00:42:53.3809601Z'/><EventRecordID>141</EventRecordID><Correlation/><Execution ProcessID='4756' ThreadID='5280'/><Channel>System</Channel><Computer>NIKOLAI-BSDBOH4</Computer><Security UserID='S-1-5-18'/></System><EventData><Data Name='HiveNameLength'>147</Data><Data Name='HiveName'>\??\C:\ProgramData\Microsoft\Windows\AppRepository\Packages\MicrosoftWindows.Client.FileExp_1000.26100.3.0_arm64__cw5n1h2txyewy\ActivationStore.dat</Data><Data Name='KeysUpdated'>0</Data><Data Name='DirtyPages'>0</Data></EventData></Event><Event xmlns='http://schemas.microsoft.com/win/2004/08/events/event'><System><Provider Name='Microsoft-Windows-Kernel-General' Guid='{a68ca8b7-004f-d7b6-a698-07e2de0f1f5d}'/><EventID>16</EventID><Version>0</Version><Level>4</Level><Task>0</Task><Opcode>0</Opcode><Keywords>0x8000000000000000</Keywords><TimeCreated SystemTime='2025-06-03T00:42:53.0593557Z'/><EventRecordID>140</EventRecordID><Correlation/><Execution ProcessID='4756' ThreadID='5280'/><Channel>System</Channel><Computer>NIKOLAI-BSDBOH4</Computer><Security UserID='S-1-5-18'/></System><EventData><Data Name='HiveNameLength'>145</Data><Data Name='HiveName'>\??\C:\ProgramData\Microsoft\Windows\AppRepository\Packages\MicrosoftWindows.Client.Core_1000.26100.25.0_arm64__cw5n1h2txyewy\ActivationStore.dat</Data><Data Name='KeysUpdated'>0</Data><Data Name='DirtyPages'>0</Data></EventData></Event><Event xmlns='http://schemas.microsoft.com/win/2004/08/events/event'><System><Provider Name='Microsoft-Windows-Kernel-General' Guid='{a68ca8b7-004f-d7b6-a698-07e2de0f1f5d}'/><EventID>16</EventID><Version>0</Version><Level>4</Level><Task>0</Task><Opcode>0</Opcode><Keywords>0x8000000000000000</Keywords><TimeCreated SystemTime='2025-06-03T00:42:52.5596405Z'/><EventRecordID>139</EventRecordID><Correlation/><Execution ProcessID='4756' ThreadID='5280'/><Channel>System</Channel><Computer>NIKOLAI-BSDBOH4</Computer><Security UserID='S-1-5-18'/></System><EventData><Data Name='HiveNameLength'>144</Data><Data Name='HiveName'>\??\C:\ProgramData\Microsoft\Windows\AppRepository\Packages\MicrosoftWindows.Client.CBS_1000.26100.23.0_arm64__cw5n1h2txyewy\ActivationStore.dat</Data><Data Name='KeysUpdated'>0</Data><Data Name='DirtyPages'>0</Data></EventData></Event><Event xmlns='http://schemas.microsoft.com/win/2004/08/events/event'><System><Provider Name='Microsoft-Windows-Kernel-General' Guid='{a68ca8b7-004f-d7b6-a698-07e2de0f1f5d}'/><EventID>16</EventID><Version>0</Version><Level>4</Level><Task>0</Task><Opcode>0</Opcode><Keywords>0x8000000000000000</Keywords><TimeCreated SystemTime='2025-06-03T00:42:52.2066004Z'/><EventRecordID>138</EventRecordID><Correlation/><Execution ProcessID='4756' ThreadID='5280'/><Channel>System</Channel><Computer>NIKOLAI-BSDBOH4</Computer><Security UserID='S-1-5-18'/></System><EventData><Data Name='HiveNameLength'>144</Data><Data Name='HiveName'>\??\C:\ProgramData\Microsoft\Windows\AppRepository\Packages\MicrosoftWindows.Client.AIX_1000.26100.41.0_arm64__cw5n1h2txyewy\ActivationStore.dat</Data><Data Name='KeysUpdated'>0</Data><Data Name='DirtyPages'>0</Data></EventData></Event><Event xmlns='http://schemas.microsoft.com/win/2004/08/events/event'><System><Provider Name='Microsoft-Windows-Kernel-General' Guid='{a68ca8b7-004f-d7b6-a698-07e2de0f1f5d}'/><EventID>16</EventID><Version>0</Version><Level>4</Level><Task>0</Task><Opcode>0</Opcode><Keywords>0x8000000000000000</Keywords><TimeCreated SystemTime='2025-06-03T00:42:52.0932157Z'/><EventRecordID>137</EventRecordID><Correlation/><Execution ProcessID='4756' ThreadID='5280'/><Channel>System</Channel><Computer>NIKOLAI-BSDBOH4</Computer><Security UserID='S-1-5-18'/></System><EventData><Data Name='HiveNameLength'>156</Data><Data Name='HiveName'>\??\C:\ProgramData\Microsoft\Windows\AppRepository\Packages\Microsoft.XboxGameCallableUI_1000.25128.1000.0_neutral_neutral_cw5n1h2txyewy\ActivationStore.dat</Data><Data Name='KeysUpdated'>0</Data><Data Name='DirtyPages'>0</Data></EventData></Event><Event xmlns='http://schemas.microsoft.com/win/2004/08/events/event'><System><Provider Name='Microsoft-Windows-Kernel-General' Guid='{a68ca8b7-004f-d7b6-a698-07e2de0f1f5d}'/><EventID>16</EventID><Version>0</Version><Level>4</Level><Task>0</Task><Opcode>0</Opcode><Keywords>0x8000000000000000</Keywords><TimeCreated SystemTime='2025-06-03T00:42:51.9502692Z'/><EventRecordID>136</EventRecordID><Correlation/><Execution ProcessID='4756' ThreadID='5280'/><Channel>System</Channel><Computer>NIKOLAI-BSDBOH4</Computer><Security UserID='S-1-5-18'/></System><EventData><Data Name='HiveNameLength'>148</Data><Data Name='HiveName'>\??\C:\ProgramData\Microsoft\Windows\AppRepository\Packages\Microsoft.WindowsAppRuntime.CBS_5001.221.1556.0_arm64__8wekyb3d8bbwe\ActivationStore.dat</Data><Data Name='KeysUpdated'>0</Data><Data Name='DirtyPages'>0</Data></EventData></Event><Event xmlns='http://schemas.microsoft.com/win/2004/08/events/event'><System><Provider Name='Microsoft-Windows-Kernel-General' Guid='{a68ca8b7-004f-d7b6-a698-07e2de0f1f5d}'/><EventID>16</EventID><Version>0</Version><Level>4</Level><Task>0</Task><Opcode>0</Opcode><Keywords>0x8000000000000000</Keywords><TimeCreated SystemTime='2025-06-03T00:42:51.7748389Z'/><EventRecordID>135</EventRecordID><Correlation/><Execution ProcessID='4756' ThreadID='5304'/><Channel>System</Channel><Computer>NIKOLAI-BSDBOH4</Computer><Security UserID='S-1-5-18'/></System><EventData><Data Name='HiveNameLength'>152</Data><Data Name='HiveName'>\??\C:\ProgramData\Microsoft\Windows\AppRepository\Packages\Microsoft.WindowsAppRuntime.CBS.1.6_6000.211.1839.0_arm64__8wekyb3d8bbwe\ActivationStore.dat</Data><Data Name='KeysUpdated'>0</Data><Data Name='DirtyPages'>0</Data></EventData></Event><Event xmlns='http://schemas.microsoft.com/win/2004/08/events/event'><System><Provider Name='Microsoft-Windows-Kernel-General' Guid='{a68ca8b7-004f-d7b6-a698-07e2de0f1f5d}'/><EventID>16</EventID><Version>0</Version><Level>4</Level><Task>0</Task><Opcode>0</Opcode><Keywords>0x8000000000000000</Keywords><TimeCreated SystemTime='2025-06-03T00:42:51.6390416Z'/><EventRecordID>134</EventRecordID><Correlation/><Execution ProcessID='4756' ThreadID='5304'/><Channel>System</Channel><Computer>NIKOLAI-BSDBOH4</Computer><Security UserID='S-1-5-18'/></System><EventData><Data Name='HiveNameLength'>156</Data><Data Name='HiveName'>\??\C:\ProgramData\Microsoft\Windows\AppRepository\Packages\Microsoft.Windows.XGpuEjectDialog_10.0.26100.1_neutral_neutral_cw5n1h2txyewy\ActivationStore.dat</Data><Data Name='KeysUpdated'>0</Data><Data Name='DirtyPages'>0</Data></EventData></Event><Event xmlns='http://schemas.microsoft.com/win/2004/08/events/event'><System><Provider Name='Microsoft-Windows-Kernel-General' Guid='{a68ca8b7-004f-d7b6-a698-07e2de0f1f5d}'/><EventID>16</EventID><Version>0</Version><Level>4</Level><Task>0</Task><Opcode>0</Opcode><Keywords>0x8000000000000000</Keywords><TimeCreated SystemTime='2025-06-03T00:42:51.5241353Z'/><EventRecordID>133</EventRecordID><Correlation/><Execution ProcessID='4756' ThreadID='5304'/><Channel>System</Channel><Computer>NIKOLAI-BSDBOH4</Computer><Security UserID='S-1-5-18'/></System><EventData><Data Name='HiveNameLength'>167</Data><Data Name='HiveName'>\??\C:\ProgramData\Microsoft\Windows\AppRepository\Packages\Microsoft.Windows.StartMenuExperienceHost_10.0.26100.1882_neutral_neutral_cw5n1h2txyewy\ActivationStore.dat</Data><Data Name='KeysUpdated'>0</Data><Data Name='DirtyPages'>0</Data></EventData></Event><Event xmlns='http://schemas.microsoft.com/win/2004/08/events/event'><System><Provider Name='Microsoft-Windows-Kernel-General' Guid='{a68ca8b7-004f-d7b6-a698-07e2de0f1f5d}'/><EventID>16</EventID><Version>0</Version><Level>4</Level><Task>0</Task><Opcode>0</Opcode><Keywords>0x8000000000000000</Keywords><TimeCreated SystemTime='2025-06-03T00:42:51.3872556Z'/><EventRecordID>132</EventRecordID><Correlation/><Execution ProcessID='4756' ThreadID='5304'/><Channel>System</Channel><Computer>NIKOLAI-BSDBOH4</Computer><Security UserID='S-1-5-18'/></System><EventData><Data Name='HiveNameLength'>163</Data><Data Name='HiveName'>\??\C:\ProgramData\Microsoft\Windows\AppRepository\Packages\Microsoft.Windows.ShellExperienceHost_10.0.26100.1882_neutral_neutral_cw5n1h2txyewy\ActivationStore.dat</Data><Data Name='KeysUpdated'>0</Data><Data Name='DirtyPages'>0</Data></EventData></Event><Event xmlns='http://schemas.microsoft.com/win/2004/08/events/event'><System><Provider Name='Microsoft-Windows-Kernel-General' Guid='{a68ca8b7-004f-d7b6-a698-07e2de0f1f5d}'/><EventID>16</EventID><Version>0</Version><Level>4</Level><Task>0</Task><Opcode>0</Opcode><Keywords>0x8000000000000000</Keywords><TimeCreated SystemTime='2025-06-03T00:42:51.2379557Z'/><EventRecordID>131</EventRecordID><Correlation/><Execution ProcessID='4756' ThreadID='5304'/><Channel>System</Channel><Computer>NIKOLAI-BSDBOH4</Computer><Security UserID='S-1-5-18'/></System><EventData><Data Name='HiveNameLength'>164</Data><Data Name='HiveName'>\??\C:\ProgramData\Microsoft\Windows\AppRepository\Packages\Microsoft.Windows.SecureAssessmentBrowser_10.0.26100.1_neutral_neutral_cw5n1h2txyewy\ActivationStore.dat</Data><Data Name='KeysUpdated'>0</Data><Data Name='DirtyPages'>0</Data></EventData></Event><Event xmlns='http://schemas.microsoft.com/win/2004/08/events/event'><System><Provider Name='Microsoft-Windows-Kernel-General' Guid='{a68ca8b7-004f-d7b6-a698-07e2de0f1f5d}'/><EventID>16</EventID><Version>0</Version><Level>4</Level><Task>0</Task><Opcode>0</Opcode><Keywords>0x8000000000000000</Keywords><TimeCreated SystemTime='2025-06-03T00:42:51.1011402Z'/><EventRecordID>130</EventRecordID><Correlation/><Execution ProcessID='4756' ThreadID='5304'/><Channel>System</Channel><Computer>NIKOLAI-BSDBOH4</Computer><Security UserID='S-1-5-18'/></System><EventData><Data Name='HiveNameLength'>158</Data><Data Name='HiveName'>\??\C:\ProgramData\Microsoft\Windows\AppRepository\Packages\Microsoft.Windows.PrintQueueActionCenter_1.0.2.0_neutral_neutral_cw5n1h2txyewy\ActivationStore.dat</Data><Data Name='KeysUpdated'>0</Data><Data Name='DirtyPages'>0</Data></EventData></Event><Event xmlns='http://schemas.microsoft.com/win/2004/08/events/event'><System><Provider Name='Microsoft-Windows-Kernel-General' Guid='{a68ca8b7-004f-d7b6-a698-07e2de0f1f5d}'/><EventID>16</EventID><Version>0</Version><Level>4</Level><Task>0</Task><Opcode>0</Opcode><Keywords>0x8000000000000000</Keywords><TimeCreated SystemTime='2025-06-03T00:42:50.9906173Z'/><EventRecordID>129</EventRecordID><Correlation/><Execution ProcessID='4756' ThreadID='5304'/><Channel>System</Channel><Computer>NIKOLAI-BSDBOH4</Computer><Security UserID='S-1-5-18'/></System><EventData><Data Name='HiveNameLength'>164</Data><Data Name='HiveName'>\??\C:\ProgramData\Microsoft\Windows\AppRepository\Packages\Microsoft.Windows.PinningConfirmationDialog_1000.25140.1001.0_neutral__cw5n1h2txyewy\ActivationStore.dat</Data><Data Name='KeysUpdated'>0</Data><Data Name='DirtyPages'>0</Data></EventData></Event><Event xmlns='http://schemas.microsoft.com/win/2004/08/events/event'><System><Provider Name='Microsoft-Windows-Kernel-General' Guid='{a68ca8b7-004f-d7b6-a698-07e2de0f1f5d}'/><EventID>16</EventID><Version>0</Version><Level>4</Level><Task>0</Task><Opcode>0</Opcode><Keywords>0x8000000000000000</Keywords><TimeCreated SystemTime='2025-06-03T00:42:50.8778507Z'/><EventRecordID>128</EventRecordID><Correlation/><Execution ProcessID='4756' ThreadID='5304'/><Channel>System</Channel><Computer>NIKOLAI-BSDBOH4</Computer><Security UserID='S-1-5-18'/></System><EventData><Data Name='HiveNameLength'>161</Data><Data Name='HiveName'>\??\C:\ProgramData\Microsoft\Windows\AppRepository\Packages\Microsoft.Windows.PeopleExperienceHost_10.0.26100.1_neutral_neutral_cw5n1h2txyewy\ActivationStore.dat</Data><Data Name='KeysUpdated'>0</Data><Data Name='DirtyPages'>0</Data></EventData></Event><Event xmlns='http://schemas.microsoft.com/win/2004/08/events/event'><System><Provider Name='Microsoft-Windows-Kernel-General' Guid='{a68ca8b7-004f-d7b6-a698-07e2de0f1f5d}'/><EventID>16</EventID><Version>0</Version><Level>4</Level><Task>0</Task><Opcode>0</Opcode><Keywords>0x8000000000000000</Keywords><TimeCreated SystemTime='2025-06-03T00:42:50.7568458Z'/><EventRecordID>127</EventRecordID><Correlation/><Execution ProcessID='4756' ThreadID='5304'/><Channel>System</Channel><Computer>NIKOLAI-BSDBOH4</Computer><Security UserID='S-1-5-18'/></System><EventData><Data Name='HiveNameLength'>162</Data><Data Name='HiveName'>\??\C:\ProgramData\Microsoft\Windows\AppRepository\Packages\Microsoft.Windows.ParentalControls_1000.25128.1000.0_neutral_neutral_cw5n1h2txyewy\ActivationStore.dat</Data><Data Name='KeysUpdated'>0</Data><Data Name='DirtyPages'>0</Data></EventData></Event><Event xmlns='http://schemas.microsoft.com/win/2004/08/events/event'><System><Provider Name='Microsoft-Windows-Kernel-General' Guid='{a68ca8b7-004f-d7b6-a698-07e2de0f1f5d}'/><EventID>16</EventID><Version>0</Version><Level>4</Level><Task>0</Task><Opcode>0</Opcode><Keywords>0x8000000000000000</Keywords><TimeCreated SystemTime='2025-06-03T00:42:50.6398857Z'/><EventRecordID>126</EventRecordID><Correlation/><Execution ProcessID='4756' ThreadID='5304'/><Channel>System</Channel><Computer>NIKOLAI-BSDBOH4</Computer><Security UserID='S-1-5-18'/></System><EventData><Data Name='HiveNameLength'>162</Data><Data Name='HiveName'>\??\C:\ProgramData\Microsoft\Windows\AppRepository\Packages\Microsoft.Windows.OOBENetworkConnectionFlow_10.0.21302.1000_neutral__cw5n1h2txyewy\ActivationStore.dat</Data><Data Name='KeysUpdated'>0</Data><Data Name='DirtyPages'>0</Data></EventData></Event><Event xmlns='http://schemas.microsoft.com/win/2004/08/events/event'><System><Provider Name='Microsoft-Windows-Kernel-General' Guid='{a68ca8b7-004f-d7b6-a698-07e2de0f1f5d}'/><EventID>16</EventID><Version>0</Version><Level>4</Level><Task>0</Task><Opcode>0</Opcode><Keywords>0x8000000000000000</Keywords><TimeCreated SystemTime='2025-06-03T00:42:50.5227377Z'/><EventRecordID>125</EventRecordID><Correlation/><Execution ProcessID='4756' ThreadID='5304'/><Channel>System</Channel><Computer>NIKOLAI-BSDBOH4</Computer><Security UserID='S-1-5-18'/></System><EventData><Data Name='HiveNameLength'>161</Data><Data Name='HiveName'>\??\C:\ProgramData\Microsoft\Windows\AppRepository\Packages\Microsoft.Windows.OOBENetworkCaptivePortal_10.0.21302.1000_neutral__cw5n1h2txyewy\ActivationStore.dat</Data><Data Name='KeysUpdated'>0</Data><Data Name='DirtyPages'>0</Data></EventData></Event><Event xmlns='http://schemas.microsoft.com/win/2004/08/events/event'><System><Provider Name='Microsoft-Windows-Kernel-General' Guid='{a68ca8b7-004f-d7b6-a698-07e2de0f1f5d}'/><EventID>16</EventID><Version>0</Version><Level>4</Level><Task>0</Task><Opcode>0</Opcode><Keywords>0x8000000000000000</Keywords><TimeCreated SystemTime='2025-06-03T00:42:50.4125276Z'/><EventRecordID>124</EventRecordID><Correlation/><Execution ProcessID='4756' ThreadID='5280'/><Channel>System</Channel><Computer>NIKOLAI-BSDBOH4</Computer><Security UserID='S-1-5-18'/></System><EventData><Data Name='HiveNameLength'>159</Data><Data Name='HiveName'>\??\C:\ProgramData\Microsoft\Windows\AppRepository\Packages\Microsoft.Windows.NarratorQuickStart_10.0.26100.1_neutral_neutral_8wekyb3d8bbwe\ActivationStore.dat</Data><Data Name='KeysUpdated'>0</Data><Data Name='DirtyPages'>0</Data></EventData></Event><Event xmlns='http://schemas.microsoft.com/win/2004/08/events/event'><System><Provider Name='Microsoft-Windows-Kernel-General' Guid='{a68ca8b7-004f-d7b6-a698-07e2de0f1f5d}'/><EventID>16</EventID><Version>0</Version><Level>4</Level><Task>0</Task><Opcode>0</Opcode><Keywords>0x8000000000000000</Keywords><TimeCreated SystemTime='2025-06-03T00:42:50.2877766Z'/><EventRecordID>123</EventRecordID><Correlation/><Execution ProcessID='4756' ThreadID='5280'/><Channel>System</Channel><Computer>NIKOLAI-BSDBOH4</Computer><Security UserID='S-1-5-18'/></System><EventData><Data Name='HiveNameLength'>163</Data><Data Name='HiveName'>\??\C:\ProgramData\Microsoft\Windows\AppRepository\Packages\Microsoft.Windows.ContentDeliveryManager_10.0.26100.1_neutral_neutral_cw5n1h2txyewy\ActivationStore.dat</Data><Data Name='KeysUpdated'>0</Data><Data Name='DirtyPages'>0</Data></EventData></Event><Event xmlns='http://schemas.microsoft.com/win/2004/08/events/event'><System><Provider Name='Microsoft-Windows-Kernel-General' Guid='{a68ca8b7-004f-d7b6-a698-07e2de0f1f5d}'/><EventID>16</EventID><Version>0</Version><Level>4</Level><Task>0</Task><Opcode>0</Opcode><Keywords>0x8000000000000000</Keywords><TimeCreated SystemTime='2025-06-03T00:42:50.1517962Z'/><EventRecordID>122</EventRecordID><Correlation/><Execution ProcessID='4756' ThreadID='5280'/><Channel>System</Channel><Computer>NIKOLAI-BSDBOH4</Computer><Security UserID='S-1-5-18'/></System><EventData><Data Name='HiveNameLength'>160</Data><Data Name='HiveName'>\??\C:\ProgramData\Microsoft\Windows\AppRepository\Packages\Microsoft.Windows.CloudExperienceHost_10.0.26100.1_neutral_neutral_cw5n1h2txyewy\ActivationStore.dat</Data><Data Name='KeysUpdated'>0</Data><Data Name='DirtyPages'>0</Data></EventData></Event><Event xmlns='http://schemas.microsoft.com/win/2004/08/events/event'><System><Provider Name='Microsoft-Windows-Kernel-General' Guid='{a68ca8b7-004f-d7b6-a698-07e2de0f1f5d}'/><EventID>16</EventID><Version>0</Version><Level>4</Level><Task>0</Task><Opcode>0</Opcode><Keywords>0x8000000000000000</Keywords><TimeCreated SystemTime='2025-06-03T00:42:50.0262148Z'/><EventRecordID>121</EventRecordID><Correlation/><Execution ProcessID='4756' ThreadID='5304'/><Channel>System</Channel><Computer>NIKOLAI-BSDBOH4</Computer><Security UserID='S-1-5-18'/></System><EventData><Data Name='HiveNameLength'>150</Data><Data Name='HiveName'>\??\C:\ProgramData\Microsoft\Windows\AppRepository\Packages\Microsoft.Windows.CapturePicker_10.0.19580.1000_neutral__cw5n1h2txyewy\ActivationStore.dat</Data><Data Name='KeysUpdated'>0</Data><Data Name='DirtyPages'>0</Data></EventData></Event><Event xmlns='http://schemas.microsoft.com/win/2004/08/events/event'><System><Provider Name='Microsoft-Windows-Kernel-General' Guid='{a68ca8b7-004f-d7b6-a698-07e2de0f1f5d}'/><EventID>16</EventID><Version>0</Version><Level>4</Level><Task>0</Task><Opcode>0</Opcode><Keywords>0x8000000000000000</Keywords><TimeCreated SystemTime='2025-06-03T00:42:49.9201572Z'/><EventRecordID>120</EventRecordID><Correlation/><Execution ProcessID='4756' ThreadID='5304'/><Channel>System</Channel><Computer>NIKOLAI-BSDBOH4</Computer><Security UserID='S-1-5-18'/></System><EventData><Data Name='HiveNameLength'>143</Data><Data Name='HiveName'>\??\C:\ProgramData\Microsoft\Windows\AppRepository\Packages\Microsoft.Windows.AugLoop.CBS_1.572.2254.0_arm64__8wekyb3d8bbwe\ActivationStore.dat</Data><Data Name='KeysUpdated'>0</Data><Data Name='DirtyPages'>0</Data></EventData></Event><Event xmlns='http://schemas.microsoft.com/win/2004/08/events/event'><System><Provider Name='Microsoft-Windows-Kernel-General' Guid='{a68ca8b7-004f-d7b6-a698-07e2de0f1f5d}'/><EventID>16</EventID><Version>0</Version><Level>4</Level><Task>0</Task><Opcode>0</Opcode><Keywords>0x8000000000000000</Keywords><TimeCreated SystemTime='2025-06-03T00:42:49.8189937Z'/><EventRecordID>119</EventRecordID><Correlation/><Execution ProcessID='4756' ThreadID='5304'/><Channel>System</Channel><Computer>NIKOLAI-BSDBOH4</Computer><Security UserID='S-1-5-18'/></System><EventData><Data Name='HiveNameLength'>167</Data><Data Name='HiveName'>\??\C:\ProgramData\Microsoft\Windows\AppRepository\Packages\Microsoft.Windows.AssignedAccessLockApp_1000.25128.1000.0_neutral_neutral_cw5n1h2txyewy\ActivationStore.dat</Data><Data Name='KeysUpdated'>0</Data><Data Name='DirtyPages'>0</Data></EventData></Event><Event xmlns='http://schemas.microsoft.com/win/2004/08/events/event'><System><Provider Name='Microsoft-Windows-Kernel-General' Guid='{a68ca8b7-004f-d7b6-a698-07e2de0f1f5d}'/><EventID>16</EventID><Version>0</Version><Level>4</Level><Task>0</Task><Opcode>0</Opcode><Keywords>0x8000000000000000</Keywords><TimeCreated SystemTime='2025-06-03T00:42:49.7061679Z'/><EventRecordID>118</EventRecordID><Correlation/><Execution ProcessID='4756' ThreadID='5304'/><Channel>System</Channel><Computer>NIKOLAI-BSDBOH4</Computer><Security UserID='S-1-5-18'/></System><EventData><Data Name='HiveNameLength'>159</Data><Data Name='HiveName'>\??\C:\ProgramData\Microsoft\Windows\AppRepository\Packages\Microsoft.Windows.Apprep.ChxApp_1000.25128.1000.0_neutral_neutral_cw5n1h2txyewy\ActivationStore.dat</Data><Data Name='KeysUpdated'>0</Data><Data Name='DirtyPages'>0</Data></EventData></Event><Event xmlns='http://schemas.microsoft.com/win/2004/08/events/event'><System><Provider Name='Microsoft-Windows-Kernel-General' Guid='{a68ca8b7-004f-d7b6-a698-07e2de0f1f5d}'/><EventID>16</EventID><Version>0</Version><Level>4</Level><Task>0</Task><Opcode>0</Opcode><Keywords>0x8000000000000000</Keywords><TimeCreated SystemTime='2025-06-03T00:42:49.5796345Z'/><EventRecordID>117</EventRecordID><Correlation/><Execution ProcessID='4756' ThreadID='5304'/><Channel>System</Channel><Computer>NIKOLAI-BSDBOH4</Computer><Security UserID='S-1-5-18'/></System><EventData><Data Name='HiveNameLength'>149</Data><Data Name='HiveName'>\??\C:\ProgramData\Microsoft\Windows\AppRepository\Packages\Microsoft.Win32WebViewHost_10.0.26100.1_neutral_neutral_cw5n1h2txyewy\ActivationStore.dat</Data><Data Name='KeysUpdated'>0</Data><Data Name='DirtyPages'>0</Data></EventData></Event><Event xmlns='http://schemas.microsoft.com/win/2004/08/events/event'><System><Provider Name='Microsoft-Windows-Kernel-General' Guid='{a68ca8b7-004f-d7b6-a698-07e2de0f1f5d}'/><EventID>16</EventID><Version>0</Version><Level>4</Level><Task>0</Task><Opcode>0</Opcode><Keywords>0x8000000000000000</Keywords><TimeCreated SystemTime='2025-06-03T00:42:49.4552649Z'/><EventRecordID>116</EventRecordID><Correlation/><Execution ProcessID='4756' ThreadID='5304'/><Channel>System</Channel><Computer>NIKOLAI-BSDBOH4</Computer><Security UserID='S-1-5-18'/></System><EventData><Data Name='HiveNameLength'>137</Data><Data Name='HiveName'>\??\C:\ProgramData\Microsoft\Windows\AppRepository\Packages\Microsoft.UI.Xaml.CBS_9.2311.10002.0_arm64__8wekyb3d8bbwe\ActivationStore.dat</Data><Data Name='KeysUpdated'>0</Data><Data Name='DirtyPages'>0</Data></EventData></Event><Event xmlns='http://schemas.microsoft.com/win/2004/08/events/event'><System><Provider Name='Microsoft-Windows-Kernel-General' Guid='{a68ca8b7-004f-d7b6-a698-07e2de0f1f5d}'/><EventID>16</EventID><Version>0</Version><Level>4</Level><Task>0</Task><Opcode>0</Opcode><Keywords>0x8000000000000000</Keywords><TimeCreated SystemTime='2025-06-03T00:42:49.2339301Z'/><EventRecordID>115</EventRecordID><Correlation/><Execution ProcessID='4756' ThreadID='5304'/><Channel>System</Channel><Computer>NIKOLAI-BSDBOH4</Computer><Security UserID='S-1-5-18'/></System><EventData><Data Name='HiveNameLength'>136</Data><Data Name='HiveName'>\??\C:\ProgramData\Microsoft\Windows\AppRepository\Packages\Microsoft.LockApp_10.0.26100.1301_neutral__cw5n1h2txyewy\ActivationStore.dat</Data><Data Name='KeysUpdated'>0</Data><Data Name='DirtyPages'>0</Data></EventData></Event><Event xmlns='http://schemas.microsoft.com/win/2004/08/events/event'><System><Provider Name='Microsoft-Windows-TPM-WMI' Guid='{7d5387b0-cbe0-11da-a94d-0800200c9a66}'/><EventID>1026</EventID><Version>0</Version><Level>4</Level><Task>0</Task><Opcode>0</Opcode><Keywords>0x8000000000000000</Keywords><TimeCreated SystemTime='2025-06-03T00:42:49.2009051Z'/><EventRecordID>114</EventRecordID><Correlation/><Execution ProcessID='4280' ThreadID='3316'/><Channel>System</Channel><Computer>NIKOLAI-BSDBOH4</Computer><Security UserID='S-1-5-18'/></System><EventData><Data Name='Error Code'>0</Data><Data Name='Status Information'>0x2442040</Data></EventData></Event><Event xmlns='http://schemas.microsoft.com/win/2004/08/events/event'><System><Provider Name='Microsoft-Windows-Kernel-General' Guid='{a68ca8b7-004f-d7b6-a698-07e2de0f1f5d}'/><EventID>16</EventID><Version>0</Version><Level>4</Level><Task>0</Task><Opcode>0</Opcode><Keywords>0x8000000000000000</Keywords><TimeCreated SystemTime='2025-06-03T00:42:49.1038629Z'/><EventRecordID>113</EventRecordID><Correlation/><Execution ProcessID='4756' ThreadID='5304'/><Channel>System</Channel><Computer>NIKOLAI-BSDBOH4</Computer><Security UserID='S-1-5-18'/></System><EventData><Data Name='HiveNameLength'>134</Data><Data Name='HiveName'>\??\C:\ProgramData\Microsoft\Windows\AppRepository\Packages\Microsoft.ECApp_10.0.26100.1150_neutral__8wekyb3d8bbwe\ActivationStore.dat</Data><Data Name='KeysUpdated'>0</Data><Data Name='DirtyPages'>0</Data></EventData></Event><Event xmlns='http://schemas.microsoft.com/win/2004/08/events/event'><System><Provider Name='Microsoft-Windows-TPM-WMI' Guid='{7d5387b0-cbe0-11da-a94d-0800200c9a66}'/><EventID>1282</EventID><Version>0</Version><Level>4</Level><Task>0</Task><Opcode>0</Opcode><Keywords>0x8000000000000000</Keywords><TimeCreated SystemTime='2025-06-03T00:42:48.9919899Z'/><EventRecordID>112</EventRecordID><Correlation/><Execution ProcessID='4280' ThreadID='3316'/><Channel>System</Channel><Computer>NIKOLAI-BSDBOH4</Computer><Security UserID='S-1-5-18'/></System><EventData></EventData></Event><Event xmlns='http://schemas.microsoft.com/win/2004/08/events/event'><System><Provider Name='Microsoft-Windows-Kernel-General' Guid='{a68ca8b7-004f-d7b6-a698-07e2de0f1f5d}'/><EventID>16</EventID><Version>0</Version><Level>4</Level><Task>0</Task><Opcode>0</Opcode><Keywords>0x8000000000000000</Keywords><TimeCreated SystemTime='2025-06-03T00:42:48.9661936Z'/><EventRecordID>111</EventRecordID><Correlation/><Execution ProcessID='4756' ThreadID='5304'/><Channel>System</Channel><Computer>NIKOLAI-BSDBOH4</Computer><Security UserID='S-1-5-18'/></System><EventData><Data Name='HiveNameLength'>143</Data><Data Name='HiveName'>\??\C:\ProgramData\Microsoft\Windows\AppRepository\Packages\Microsoft.CredDialogHost_10.0.19595.1001_neutral__cw5n1h2txyewy\ActivationStore.dat</Data><Data Name='KeysUpdated'>0</Data><Data Name='DirtyPages'>0</Data></EventData></Event>