<Event xmlns='http://schemas.microsoft.com/win/2004/08/events/event'><System><Provider Name='Microsoft-Windows-Kernel-General' Guid='{a68ca8b7-004f-d7b6-a698-07e2de0f1f5d}'/><EventID>16</EventID><Version>0</Version><Level>4</Level><Task>0</Task><Opcode>0</Opcode><Keywords>0x8000000000000000</Keywords><TimeCreated SystemTime='2025-06-08T07:11:54.3806599Z'/><EventRecordID>996</EventRecordID><Correlation/><Execution ProcessID='3056' ThreadID='7280'/><Channel>System</Channel><Computer>NIKOLAISMETBD82</Computer><Security UserID='S-1-5-18'/></System><EventData><Data Name='HiveNameLength'>133</Data><Data Name='HiveName'>\??\C:\ProgramData\Microsoft\Windows\AppRepository\Packages\Microsoft.YourPhone_0.25042.85.0_arm64__8wekyb3d8bbwe\ActivationStore.dat</Data><Data Name='KeysUpdated'>0</Data><Data Name='DirtyPages'>0</Data></EventData></Event><Event xmlns='http://schemas.microsoft.com/win/2004/08/events/event'><System><Provider Name='Microsoft-Windows-Kernel-General' Guid='{a68ca8b7-004f-d7b6-a698-07e2de0f1f5d}'/><EventID>16</EventID><Version>0</Version><Level>4</Level><Task>0</Task><Opcode>0</Opcode><Keywords>0x8000000000000000</Keywords><TimeCreated SystemTime='2025-06-08T07:11:54.0962925Z'/><EventRecordID>995</EventRecordID><Correlation/><Execution ProcessID='3056' ThreadID='7276'/><Channel>System</Channel><Computer>NIKOLAISMETBD82</Computer><Security UserID='S-1-5-18'/></System><EventData><Data Name='HiveNameLength'>132</Data><Data Name='HiveName'>\??\C:\ProgramData\Microsoft\Windows\AppRepository\Packages\Clipchamp.Clipchamp_4.2.10220.0_arm64__yxz26nhyzhsrt\ActivationStore.dat</Data><Data Name='KeysUpdated'>0</Data><Data Name='DirtyPages'>0</Data></EventData></Event><Event xmlns='http://schemas.microsoft.com/win/2004/08/events/event'><System><Provider Name='Microsoft-Windows-Kernel-General' Guid='{a68ca8b7-004f-d7b6-a698-07e2de0f1f5d}'/><EventID>16</EventID><Version>0</Version><Level>4</Level><Task>0</Task><Opcode>0</Opcode><Keywords>0x8000000000000000</Keywords><TimeCreated SystemTime='2025-06-08T07:11:53.7698838Z'/><EventRecordID>994</EventRecordID><Correlation/><Execution ProcessID='3056' ThreadID='7284'/><Channel>System</Channel><Computer>NIKOLAISMETBD82</Computer><Security UserID='S-1-5-18'/></System><EventData><Data Name='HiveNameLength'>130</Data><Data Name='HiveName'>\??\C:\ProgramData\Microsoft\Windows\AppRepository\Packages\Microsoft.Paint_11.2503.381.0_arm64__8wekyb3d8bbwe\ActivationStore.dat</Data><Data Name='KeysUpdated'>0</Data><Data Name='DirtyPages'>0</Data></EventData></Event><Event xmlns='http://schemas.microsoft.com/win/2004/08/events/event'><System><Provider Name='Microsoft-Windows-DNS-Client' Guid='{1c95126e-7eea-49a9-a3fe-a378b03ddb4d}'/><EventID>1014</EventID><Version>1</Version><Level>3</Level><Task>1014</Task><Opcode>0</Opcode><Keywords>0x4000000010000000</Keywords><TimeCreated SystemTime='2025-06-08T07:11:51.0468217Z'/><EventRecordID>993</EventRecordID><Correlation/><Execution ProcessID='1552' ThreadID='4928'/><Channel>System</Channel><Computer>NIKOLAISMETBD82</Computer><Security UserID='S-1-5-20'/></System><EventData><Data Name='QueryName'>wpad</Data><Data Name='AddressLength'>128</Data><Data Name='Address'>020000000AD33701000000000000000000000000000000000000000000000000000000000000000000000000000000000000000000000000000000000000000000000000000000000000000000000000000000000000000000000000000000000000000000000000000000000000000000000000000000000000000000000000</Data><Data Name='ClientPID'>7932</Data></EventData></Event><Event xmlns='http://schemas.microsoft.com/win/2004/08/events/event'><System><Provider Name='Microsoft-Windows-DistributedCOM' Guid='{1B562E86-B7AA-4131-BADC-B6F3A001407E}' EventSourceName='DCOM'/><EventID Qualifiers='0'>10016</EventID><Version>0</Version><Level>3</Level><Task>0</Task><Opcode>0</Opcode><Keywords>0x8080000000000000</Keywords><TimeCreated SystemTime='2025-06-08T07:11:45.4749768Z'/><EventRecordID>992</EventRecordID><Correlation/><Execution ProcessID='1036' ThreadID='8112'/><Channel>System</Channel><Computer>NIKOLAISMETBD82</Computer><Security UserID='S-1-5-20'/></System><EventData><Data Name='param1'>machine-default</Data><Data Name='param2'>Local</Data><Data Name='param3'>Activation</Data><Data Name='param4'>{F87B28F1-DA9A-4F35-8EC0-800EFCF26B83}</Data><Data Name='param5'>{0868DC9B-D9A2-4F64-9362-133CEA201299}</Data><Data Name='param6'>NT AUTHORITY</Data><Data Name='param7'>NETWORK SERVICE</Data><Data Name='param8'>S-1-5-20</Data><Data Name='param9'>LocalHost (Using LRPC)</Data><Data Name='param10'>Unavailable</Data><Data Name='param11'>Unavailable</Data></EventData></Event><Event xmlns='http://schemas.microsoft.com/win/2004/08/events/event'><System><Provider Name='Microsoft-Windows-WindowsUpdateClient' Guid='{945a8954-c147-4acd-923f-40c45405a658}'/><EventID>44</EventID><Version>1</Version><Level>4</Level><Task>1</Task><Opcode>12</Opcode><Keywords>0x8000000000002004</Keywords><TimeCreated SystemTime='2025-06-08T07:11:45.3834799Z'/><EventRecordID>991</EventRecordID><Correlation/><Execution ProcessID='4216' ThreadID='4856'/><Channel>System</Channel><Computer>NIKOLAISMETBD82</Computer><Security UserID='S-1-5-18'/></System><EventData><Data Name='updateTitle'>9NMPJ99VJBWV-Microsoft.YourPhone</Data><Data Name='updateGuid'>{9325a2d3-8d04-4ebd-8357-4d73770dfdd1}</Data><Data Name='updateRevisionNumber'>1</Data></EventData></Event><Event xmlns='http://schemas.microsoft.com/win/2004/08/events/event'><System><Provider Name='Microsoft-Windows-WindowsUpdateClient' Guid='{945a8954-c147-4acd-923f-40c45405a658}'/><EventID>44</EventID><Version>1</Version><Level>4</Level><Task>1</Task><Opcode>12</Opcode><Keywords>0x8000000000002004</Keywords><TimeCreated SystemTime='2025-06-08T07:11:45.3834707Z'/><EventRecordID>990</EventRecordID><Correlation/><Execution ProcessID='4216' ThreadID='4856'/><Channel>System</Channel><Computer>NIKOLAISMETBD82</Computer><Security UserID='S-1-5-18'/></System><EventData><Data Name='updateTitle'>9P1J8S7CCWWT-Clipchamp.Clipchamp</Data><Data Name='updateGuid'>{f3259bd0-8546-4f55-9002-059b69b9e6ba}</Data><Data Name='updateRevisionNumber'>1</Data></EventData></Event><Event xmlns='http://schemas.microsoft.com/win/2004/08/events/event'><System><Provider Name='Microsoft-Windows-WindowsUpdateClient' Guid='{945a8954-c147-4acd-923f-40c45405a658}'/><EventID>44</EventID><Version>1</Version><Level>4</Level><Task>1</Task><Opcode>12</Opcode><Keywords>0x8000000000002004</Keywords><TimeCreated SystemTime='2025-06-08T07:11:45.3834689Z'/><EventRecordID>989</EventRecordID><Correlation/><Execution ProcessID='4216' ThreadID='4856'/><Channel>System</Channel><Computer>NIKOLAISMETBD82</Computer><Security UserID='S-1-5-18'/></System><EventData><Data Name='updateTitle'>9NBLGGH4RV3K-Microsoft.VCLibs.140.00.UWPDesktop</Data><Data Name='updateGuid'>{fcdd3b59-f41c-4595-b36b-245bacb749e8}</Data><Data Name='updateRevisionNumber'>1</Data></EventData></Event><Event xmlns='http://schemas.microsoft.com/win/2004/08/events/event'><System><Provider Name='Microsoft-Windows-WindowsUpdateClient' Guid='{945a8954-c147-4acd-923f-40c45405a658}'/><EventID>44</EventID><Version>1</Version><Level>4</Level><Task>1</Task><Opcode>12</Opcode><Keywords>0x8000000000002004</Keywords><TimeCreated SystemTime='2025-06-08T07:11:45.3834667Z'/><EventRecordID>988</EventRecordID><Correlation/><Execution ProcessID='4216' ThreadID='4856'/><Channel>System</Channel><Computer>NIKOLAISMETBD82</Computer><Security UserID='S-1-5-18'/></System><EventData><Data Name='updateTitle'>9PCFS5B6T72H-Microsoft.Paint</Data><Data Name='updateGuid'>{1a712c26-f40d-40c9-a35d-0488e72167b7}</Data><Data Name='updateRevisionNumber'>1</Data></EventData></Event><Event xmlns='http://schemas.microsoft.com/win/2004/08/events/event'><System><Provider Name='Microsoft-Windows-DistributedCOM' Guid='{1B562E86-B7AA-4131-BADC-B6F3A001407E}' EventSourceName='DCOM'/><EventID Qualifiers='0'>10016</EventID><Version>0</Version><Level>3</Level><Task>0</Task><Opcode>0</Opcode><Keywords>0x8080000000000000</Keywords><TimeCreated SystemTime='2025-06-08T07:11:44.7429087Z'/><EventRecordID>987</EventRecordID><Correlation/><Execution ProcessID='1036' ThreadID='8856'/><Channel>System</Channel><Computer>NIKOLAISMETBD82</Computer><Security UserID='S-1-5-20'/></System><EventData><Data Name='param1'>machine-default</Data><Data Name='param2'>Local</Data><Data Name='param3'>Activation</Data><Data Name='param4'>{F87B28F1-DA9A-4F35-8EC0-800EFCF26B83}</Data><Data Name='param5'>{0868DC9B-D9A2-4F64-9362-133CEA201299}</Data><Data Name='param6'>NT AUTHORITY</Data><Data Name='param7'>NETWORK SERVICE</Data><Data Name='param8'>S-1-5-20</Data><Data Name='param9'>LocalHost (Using LRPC)</Data><Data Name='param10'>Unavailable</Data><Data Name='param11'>Unavailable</Data></EventData></Event><Event xmlns='http://schemas.microsoft.com/win/2004/08/events/event'><System><Provider Name='Microsoft-Windows-DistributedCOM' Guid='{1B562E86-B7AA-4131-BADC-B6F3A001407E}' EventSourceName='DCOM'/><EventID Qualifiers='0'>10016</EventID><Version>0</Version><Level>3</Level><Task>0</Task><Opcode>0</Opcode><Keywords>0x8080000000000000</Keywords><TimeCreated SystemTime='2025-06-08T07:11:44.7388839Z'/><EventRecordID>986</EventRecordID><Correlation/><Execution ProcessID='1036' ThreadID='8856'/><Channel>System</Channel><Computer>NIKOLAISMETBD82</Computer><Security UserID='S-1-5-20'/></System><EventData><Data Name='param1'>machine-default</Data><Data Name='param2'>Local</Data><Data Name='param3'>Activation</Data><Data Name='param4'>{F87B28F1-DA9A-4F35-8EC0-800EFCF26B83}</Data><Data Name='param5'>{0868DC9B-D9A2-4F64-9362-133CEA201299}</Data><Data Name='param6'>NT AUTHORITY</Data><Data Name='param7'>NETWORK SERVICE</Data><Data Name='param8'>S-1-5-20</Data><Data Name='param9'>LocalHost (Using LRPC)</Data><Data Name='param10'>Unavailable</Data><Data Name='param11'>Unavailable</Data></EventData></Event><Event xmlns='http://schemas.microsoft.com/win/2004/08/events/event'><System><Provider Name='Microsoft-Windows-TPM-WMI' Guid='{7d5387b0-cbe0-11da-a94d-0800200c9a66}'/><EventID>1796</EventID><Version>0</Version><Level>2</Level><Task>0</Task><Opcode>0</Opcode><Keywords>0x8000000000000000</Keywords><TimeCreated SystemTime='2025-06-08T07:11:43.3958671Z'/><EventRecordID>985</EventRecordID><Correlation/><Execution ProcessID='2888' ThreadID='10016'/><Channel>System</Channel><Computer>NIKOLAISMETBD82</Computer><Security UserID='S-1-5-18'/></System><EventData><Data Name='HResult'>-2147024809</Data></EventData></Event><Event xmlns='http://schemas.microsoft.com/win/2004/08/events/event'><System><Provider Name='Microsoft-Windows-Kernel-General' Guid='{a68ca8b7-004f-d7b6-a698-07e2de0f1f5d}'/><EventID>1</EventID><Version>4</Version><Level>4</Level><Task>5</Task><Opcode>0</Opcode><Keywords>0x8000000000000010</Keywords><TimeCreated SystemTime='2025-06-08T07:11:41.4408917Z'/><EventRecordID>984</EventRecordID><Correlation/><Execution ProcessID='9920' ThreadID='3728'/><Channel>System</Channel><Computer>NIKOLAISMETBD82</Computer><Security UserID='S-1-5-18'/></System><EventData><Data Name='NewTime'>2025-06-08T07:11:41.4400000Z</Data><Data Name='OldTime'>2025-06-03T11:01:36.6294429Z</Data><Data Name='TimeDeltaInMs'>418204810</Data><Data Name='Reason'>1</Data><Data Name='ProcessName'>\Device\HarddiskVolume4\Program Files\Parallels\Parallels Tools\Services\prl_tools.exe</Data><Data Name='ProcessID'>9920</Data><Data Name='CmosTime'>2025-06-08T08:11:41.4400000Z</Data><Data Name='TimeZoneBias'>-60</Data><Data Name='RealTimeIsUniversal'>false</Data><Data Name='SystemInCmosMode'>false</Data></EventData></Event><Event xmlns='http://schemas.microsoft.com/win/2004/08/events/event'><System><Provider Name='Microsoft-Windows-HAL' Guid='{63d1e632-95cc-4443-9312-af927761d52a}'/><EventID>20</EventID><Version>0</Version><Level>2</Level><Task>0</Task><Opcode>0</Opcode><Keywords>0x8000000000000000</Keywords><TimeCreated SystemTime='2025-06-08T07:11:41.4408718Z'/><EventRecordID>983</EventRecordID><Correlation/><Execution ProcessID='9920' ThreadID='3728'/><Channel>System</Channel><Computer>NIKOLAISMETBD82</Computer><Security UserID='S-1-5-18'/></System><EventData><Data Name='Status'>3221225473</Data></EventData></Event><Event xmlns='http://schemas.microsoft.com/win/2004/08/events/event'><System><Provider Name='Microsoft-Windows-Kernel-General' Guid='{a68ca8b7-004f-d7b6-a698-07e2de0f1f5d}'/><EventID>24</EventID><Version>0</Version><Level>4</Level><Task>11</Task><Opcode>0</Opcode><Keywords>0x8000000000000010</Keywords><TimeCreated SystemTime='2025-06-08T07:11:41.4407021Z'/><EventRecordID>982</EventRecordID><Correlation/><Execution ProcessID='9920' ThreadID='3728'/><Channel>System</Channel><Computer>NIKOLAISMETBD82</Computer><Security UserID='S-1-5-18'/></System><EventData><Data Name='ExitReason'>0</Data><Data Name='CurrentBias'>-60</Data><Data Name='CurrentTimeZoneID'>2</Data><Data Name='TimeZoneInfoCacheUpdated'>0</Data><Data Name='FirstRefresh'>0</Data></EventData></Event><Event xmlns='http://schemas.microsoft.com/win/2004/08/events/event'><System><Provider Name='EventLog'/><EventID Qualifiers='32768'>6013</EventID><Version>0</Version><Level>4</Level><Task>0</Task><Opcode>0</Opcode><Keywords>0x80000000000000</Keywords><TimeCreated SystemTime='2025-06-08T07:11:41.5037167Z'/><EventRecordID>981</EventRecordID><Correlation/><Execution ProcessID='2240' ThreadID='2400'/><Channel>System</Channel><Computer>NIKOLAISMETBD82</Computer><Security/></System><EventData><Data></Data><Data></Data><Data></Data><Data></Data><Data>576</Data><Data>60</Data><Data>0 GMT Standard Time</Data><Binary>31002E003100000030000000570069006E0064006F00770073002000310030002000500072006F000000310030002E0030002E003200360031003000300020004200750069006C0064002000320036003100300030002000200000004D0075006C0074006900700072006F0063006500730073006F007200200046007200650065000000320036003100300030002E00670065005F00720065006C0065006100730065002E003200340030003300330031002D00310034003300350000003600380033006400640035003800330000004E006F007400200041007600610069006C00610062006C00650000004E006F007400200041007600610069006C00610062006C0065000000310032000000340000003800310038003700000034003000390000004E0049004B004F004C004100490053004D0045005400420044003800320000000000</Binary></EventData></Event><Event xmlns='http://schemas.microsoft.com/win/2004/08/events/event'><System><Provider Name='Microsoft-Windows-WindowsUpdateClient' Guid='{945a8954-c147-4acd-923f-40c45405a658}'/><EventID>44</EventID><Version>1</Version><Level>4</Level><Task>1</Task><Opcode>12</Opcode><Keywords>0x8000000000002004</Keywords><TimeCreated SystemTime='2025-06-03T11:01:34.8246869Z'/><EventRecordID>980</EventRecordID><Correlation/><Execution ProcessID='4216' ThreadID='4856'/><Channel>System</Channel><Computer>NIKOLAISMETBD82</Computer><Security UserID='S-1-5-18'/></System><EventData><Data Name='updateTitle'>9NMPJ99VJBWV-Microsoft.YourPhone</Data><Data Name='updateGuid'>{9325a2d3-8d04-4ebd-8357-4d73770dfdd1}</Data><Data Name='updateRevisionNumber'>1</Data></EventData></Event><Event xmlns='http://schemas.microsoft.com/win/2004/08/events/event'><System><Provider Name='Microsoft-Windows-WindowsUpdateClient' Guid='{945a8954-c147-4acd-923f-40c45405a658}'/><EventID>44</EventID><Version>1</Version><Level>4</Level><Task>1</Task><Opcode>12</Opcode><Keywords>0x8000000000002004</Keywords><TimeCreated SystemTime='2025-06-03T11:01:34.8246855Z'/><EventRecordID>979</EventRecordID><Correlation/><Execution ProcessID='4216' ThreadID='4856'/><Channel>System</Channel><Computer>NIKOLAISMETBD82</Computer><Security UserID='S-1-5-18'/></System><EventData><Data Name='updateTitle'>9P1J8S7CCWWT-Clipchamp.Clipchamp</Data><Data Name='updateGuid'>{f3259bd0-8546-4f55-9002-059b69b9e6ba}</Data><Data Name='updateRevisionNumber'>1</Data></EventData></Event><Event xmlns='http://schemas.microsoft.com/win/2004/08/events/event'><System><Provider Name='Microsoft-Windows-WindowsUpdateClient' Guid='{945a8954-c147-4acd-923f-40c45405a658}'/><EventID>44</EventID><Version>1</Version><Level>4</Level><Task>1</Task><Opcode>12</Opcode><Keywords>0x8000000000002004</Keywords><TimeCreated SystemTime='2025-06-03T11:01:34.8246840Z'/><EventRecordID>978</EventRecordID><Correlation/><Execution ProcessID='4216' ThreadID='4856'/><Channel>System</Channel><Computer>NIKOLAISMETBD82</Computer><Security UserID='S-1-5-18'/></System><EventData><Data Name='updateTitle'>9NBLGGH4RV3K-Microsoft.VCLibs.140.00.UWPDesktop</Data><Data Name='updateGuid'>{fcdd3b59-f41c-4595-b36b-245bacb749e8}</Data><Data Name='updateRevisionNumber'>1</Data></EventData></Event><Event xmlns='http://schemas.microsoft.com/win/2004/08/events/event'><System><Provider Name='Microsoft-Windows-WindowsUpdateClient' Guid='{945a8954-c147-4acd-923f-40c45405a658}'/><EventID>44</EventID><Version>1</Version><Level>4</Level><Task>1</Task><Opcode>12</Opcode><Keywords>0x8000000000002004</Keywords><TimeCreated SystemTime='2025-06-03T11:01:34.8246824Z'/><EventRecordID>977</EventRecordID><Correlation/><Execution ProcessID='4216' ThreadID='4856'/><Channel>System</Channel><Computer>NIKOLAISMETBD82</Computer><Security UserID='S-1-5-18'/></System><EventData><Data Name='updateTitle'>9PCFS5B6T72H-Microsoft.Paint</Data><Data Name='updateGuid'>{1a712c26-f40d-40c9-a35d-0488e72167b7}</Data><Data Name='updateRevisionNumber'>1</Data></EventData></Event><Event xmlns='http://schemas.microsoft.com/win/2004/08/events/event'><System><Provider Name='Microsoft-Windows-WindowsUpdateClient' Guid='{945a8954-c147-4acd-923f-40c45405a658}'/><EventID>44</EventID><Version>1</Version><Level>4</Level><Task>1</Task><Opcode>12</Opcode><Keywords>0x8000000000002004</Keywords><TimeCreated SystemTime='2025-06-03T11:01:34.2671810Z'/><EventRecordID>976</EventRecordID><Correlation/><Execution ProcessID='4216' ThreadID='4856'/><Channel>System</Channel><Computer>NIKOLAISMETBD82</Computer><Security UserID='S-1-5-18'/></System><EventData><Data Name='updateTitle'>9NMPJ99VJBWV-Microsoft.YourPhone</Data><Data Name='updateGuid'>{9325a2d3-8d04-4ebd-8357-4d73770dfdd1}</Data><Data Name='updateRevisionNumber'>1</Data></EventData></Event><Event xmlns='http://schemas.microsoft.com/win/2004/08/events/event'><System><Provider Name='Microsoft-Windows-WindowsUpdateClient' Guid='{945a8954-c147-4acd-923f-40c45405a658}'/><EventID>44</EventID><Version>1</Version><Level>4</Level><Task>1</Task><Opcode>12</Opcode><Keywords>0x8000000000002004</Keywords><TimeCreated SystemTime='2025-06-03T11:01:34.2671789Z'/><EventRecordID>975</EventRecordID><Correlation/><Execution ProcessID='4216' ThreadID='4856'/><Channel>System</Channel><Computer>NIKOLAISMETBD82</Computer><Security UserID='S-1-5-18'/></System><EventData><Data Name='updateTitle'>9P1J8S7CCWWT-Clipchamp.Clipchamp</Data><Data Name='updateGuid'>{f3259bd0-8546-4f55-9002-059b69b9e6ba}</Data><Data Name='updateRevisionNumber'>1</Data></EventData></Event><Event xmlns='http://schemas.microsoft.com/win/2004/08/events/event'><System><Provider Name='Microsoft-Windows-WindowsUpdateClient' Guid='{945a8954-c147-4acd-923f-40c45405a658}'/><EventID>44</EventID><Version>1</Version><Level>4</Level><Task>1</Task><Opcode>12</Opcode><Keywords>0x8000000000002004</Keywords><TimeCreated SystemTime='2025-06-03T11:01:34.2671773Z'/><EventRecordID>974</EventRecordID><Correlation/><Execution ProcessID='4216' ThreadID='4856'/><Channel>System</Channel><Computer>NIKOLAISMETBD82</Computer><Security UserID='S-1-5-18'/></System><EventData><Data Name='updateTitle'>9NBLGGH4RV3K-Microsoft.VCLibs.140.00.UWPDesktop</Data><Data Name='updateGuid'>{fcdd3b59-f41c-4595-b36b-245bacb749e8}</Data><Data Name='updateRevisionNumber'>1</Data></EventData></Event><Event xmlns='http://schemas.microsoft.com/win/2004/08/events/event'><System><Provider Name='Microsoft-Windows-WindowsUpdateClient' Guid='{945a8954-c147-4acd-923f-40c45405a658}'/><EventID>44</EventID><Version>1</Version><Level>4</Level><Task>1</Task><Opcode>12</Opcode><Keywords>0x8000000000002004</Keywords><TimeCreated SystemTime='2025-06-03T11:01:34.2671758Z'/><EventRecordID>973</EventRecordID><Correlation/><Execution ProcessID='4216' ThreadID='4856'/><Channel>System</Channel><Computer>NIKOLAISMETBD82</Computer><Security UserID='S-1-5-18'/></System><EventData><Data Name='updateTitle'>9PCFS5B6T72H-Microsoft.Paint</Data><Data Name='updateGuid'>{1a712c26-f40d-40c9-a35d-0488e72167b7}</Data><Data Name='updateRevisionNumber'>1</Data></EventData></Event><Event xmlns='http://schemas.microsoft.com/win/2004/08/events/event'><System><Provider Name='Microsoft-Windows-WindowsUpdateClient' Guid='{945a8954-c147-4acd-923f-40c45405a658}'/><EventID>44</EventID><Version>1</Version><Level>4</Level><Task>1</Task><Opcode>12</Opcode><Keywords>0x8000000000002004</Keywords><TimeCreated SystemTime='2025-06-03T11:01:34.2671722Z'/><EventRecordID>972</EventRecordID><Correlation/><Execution ProcessID='4216' ThreadID='4856'/><Channel>System</Channel><Computer>NIKOLAISMETBD82</Computer><Security UserID='S-1-5-18'/></System><EventData><Data Name='updateTitle'>9NMPJ99VJBWV-Microsoft.YourPhone</Data><Data Name='updateGuid'>{9325a2d3-8d04-4ebd-8357-4d73770dfdd1}</Data><Data Name='updateRevisionNumber'>1</Data></EventData></Event><Event xmlns='http://schemas.microsoft.com/win/2004/08/events/event'><System><Provider Name='Microsoft-Windows-WindowsUpdateClient' Guid='{945a8954-c147-4acd-923f-40c45405a658}'/><EventID>44</EventID><Version>1</Version><Level>4</Level><Task>1</Task><Opcode>12</Opcode><Keywords>0x8000000000002004</Keywords><TimeCreated SystemTime='2025-06-03T11:01:32.4368548Z'/><EventRecordID>971</EventRecordID><Correlation/><Execution ProcessID='4216' ThreadID='4856'/><Channel>System</Channel><Computer>NIKOLAISMETBD82</Computer><Security UserID='S-1-5-18'/></System><EventData><Data Name='updateTitle'>9P1J8S7CCWWT-Clipchamp.Clipchamp</Data><Data Name='updateGuid'>{f3259bd0-8546-4f55-9002-059b69b9e6ba}</Data><Data Name='updateRevisionNumber'>1</Data></EventData></Event><Event xmlns='http://schemas.microsoft.com/win/2004/08/events/event'><System><Provider Name='Microsoft-Windows-WindowsUpdateClient' Guid='{945a8954-c147-4acd-923f-40c45405a658}'/><EventID>44</EventID><Version>1</Version><Level>4</Level><Task>1</Task><Opcode>12</Opcode><Keywords>0x8000000000002004</Keywords><TimeCreated SystemTime='2025-06-03T11:01:32.4368528Z'/><EventRecordID>970</EventRecordID><Correlation/><Execution ProcessID='4216' ThreadID='4856'/><Channel>System</Channel><Computer>NIKOLAISMETBD82</Computer><Security UserID='S-1-5-18'/></System><EventData><Data Name='updateTitle'>9NBLGGH4RV3K-Microsoft.VCLibs.140.00.UWPDesktop</Data><Data Name='updateGuid'>{fcdd3b59-f41c-4595-b36b-245bacb749e8}</Data><Data Name='updateRevisionNumber'>1</Data></EventData></Event><Event xmlns='http://schemas.microsoft.com/win/2004/08/events/event'><System><Provider Name='Microsoft-Windows-WindowsUpdateClient' Guid='{945a8954-c147-4acd-923f-40c45405a658}'/><EventID>44</EventID><Version>1</Version><Level>4</Level><Task>1</Task><Opcode>12</Opcode><Keywords>0x8000000000002004</Keywords><TimeCreated SystemTime='2025-06-03T11:01:32.4368509Z'/><EventRecordID>969</EventRecordID><Correlation/><Execution ProcessID='4216' ThreadID='4856'/><Channel>System</Channel><Computer>NIKOLAISMETBD82</Computer><Security UserID='S-1-5-18'/></System><EventData><Data Name='updateTitle'>9PCFS5B6T72H-Microsoft.Paint</Data><Data Name='updateGuid'>{1a712c26-f40d-40c9-a35d-0488e72167b7}</Data><Data Name='updateRevisionNumber'>1</Data></EventData></Event><Event xmlns='http://schemas.microsoft.com/win/2004/08/events/event'><System><Provider Name='Microsoft-Windows-WindowsUpdateClient' Guid='{945a8954-c147-4acd-923f-40c45405a658}'/><EventID>44</EventID><Version>1</Version><Level>4</Level><Task>1</Task><Opcode>12</Opcode><Keywords>0x8000000000002004</Keywords><TimeCreated SystemTime='2025-06-03T11:01:32.4355934Z'/><EventRecordID>968</EventRecordID><Correlation/><Execution ProcessID='4216' ThreadID='4856'/><Channel>System</Channel><Computer>NIKOLAISMETBD82</Computer><Security UserID='S-1-5-18'/></System><EventData><Data Name='updateTitle'>9P1J8S7CCWWT-Clipchamp.Clipchamp</Data><Data Name='updateGuid'>{f3259bd0-8546-4f55-9002-059b69b9e6ba}</Data><Data Name='updateRevisionNumber'>1</Data></EventData></Event><Event xmlns='http://schemas.microsoft.com/win/2004/08/events/event'><System><Provider Name='Microsoft-Windows-WindowsUpdateClient' Guid='{945a8954-c147-4acd-923f-40c45405a658}'/><EventID>44</EventID><Version>1</Version><Level>4</Level><Task>1</Task><Opcode>12</Opcode><Keywords>0x8000000000002004</Keywords><TimeCreated SystemTime='2025-06-03T11:01:32.4355917Z'/><EventRecordID>967</EventRecordID><Correlation/><Execution ProcessID='4216' ThreadID='4856'/><Channel>System</Channel><Computer>NIKOLAISMETBD82</Computer><Security UserID='S-1-5-18'/></System><EventData><Data Name='updateTitle'>9NBLGGH3FRZM-Microsoft.VCLibs.140.00</Data><Data Name='updateGuid'>{7c4b0956-b3f1-40ac-a633-668abc5d6af2}</Data><Data Name='updateRevisionNumber'>1</Data></EventData></Event><Event xmlns='http://schemas.microsoft.com/win/2004/08/events/event'><System><Provider Name='Microsoft-Windows-WindowsUpdateClient' Guid='{945a8954-c147-4acd-923f-40c45405a658}'/><EventID>44</EventID><Version>1</Version><Level>4</Level><Task>1</Task><Opcode>12</Opcode><Keywords>0x8000000000002004</Keywords><TimeCreated SystemTime='2025-06-03T11:01:32.4355893Z'/><EventRecordID>966</EventRecordID><Correlation/><Execution ProcessID='4216' ThreadID='4856'/><Channel>System</Channel><Computer>NIKOLAISMETBD82</Computer><Security UserID='S-1-5-18'/></System><EventData><Data Name='updateTitle'>9PCFS5B6T72H-Microsoft.Paint</Data><Data Name='updateGuid'>{1a712c26-f40d-40c9-a35d-0488e72167b7}</Data><Data Name='updateRevisionNumber'>1</Data></EventData></Event><Event xmlns='http://schemas.microsoft.com/win/2004/08/events/event'><System><Provider Name='Microsoft-Windows-WindowsUpdateClient' Guid='{945a8954-c147-4acd-923f-40c45405a658}'/><EventID>19</EventID><Version>1</Version><Level>4</Level><Task>1</Task><Opcode>13</Opcode><Keywords>0x8000000000000018</Keywords><TimeCreated SystemTime='2025-06-03T11:01:30.3029349Z'/><EventRecordID>965</EventRecordID><Correlation ActivityID='{189ccb3f-d3de-0000-35d3-a018ded3db01}'/><Execution ProcessID='4216' ThreadID='7080'/><Channel>System</Channel><Computer>NIKOLAISMETBD82</Computer><Security UserID='S-1-5-18'/></System><EventData><Data Name='updateTitle'>9MZ95KL8MR0L-Microsoft.ScreenSketch</Data><Data Name='updateGuid'>{8b9e0466-3472-473b-bed3-c2f02a4b051d}</Data><Data Name='updateRevisionNumber'>1</Data><Data Name='serviceGuid'>{855e8a7c-ecb4-4ca3-b045-1dfa50104289}</Data></EventData></Event><Event xmlns='http://schemas.microsoft.com/win/2004/08/events/event'><System><Provider Name='Microsoft-Windows-Kernel-General' Guid='{a68ca8b7-004f-d7b6-a698-07e2de0f1f5d}'/><EventID>16</EventID><Version>0</Version><Level>4</Level><Task>0</Task><Opcode>0</Opcode><Keywords>0x8000000000000000</Keywords><TimeCreated SystemTime='2025-06-03T11:01:30.0009760Z'/><EventRecordID>964</EventRecordID><Correlation/><Execution ProcessID='3056' ThreadID='7276'/><Channel>System</Channel><Computer>NIKOLAISMETBD82</Computer><Security UserID='S-1-5-21-4155168598-3527253067-2058671051-1000'/></System><EventData><Data Name='HiveNameLength'>114</Data><Data Name='HiveName'>\??\C:\Users\nikolai.smetannikov\AppData\Local\Packages\Microsoft.ScreenSketch_8wekyb3d8bbwe\Settings\settings.dat</Data><Data Name='KeysUpdated'>3</Data><Data Name='DirtyPages'>1</Data></EventData></Event><Event xmlns='http://schemas.microsoft.com/win/2004/08/events/event'><System><Provider Name='Microsoft-Windows-WindowsUpdateClient' Guid='{945a8954-c147-4acd-923f-40c45405a658}'/><EventID>43</EventID><Version>1</Version><Level>4</Level><Task>1</Task><Opcode>13</Opcode><Keywords>0x8000000000002008</Keywords><TimeCreated SystemTime='2025-06-03T11:01:29.8697368Z'/><EventRecordID>963</EventRecordID><Correlation/><Execution ProcessID='4216' ThreadID='7080'/><Channel>System</Channel><Computer>NIKOLAISMETBD82</Computer><Security UserID='S-1-5-18'/></System><EventData><Data Name='updateTitle'>9MZ95KL8MR0L-Microsoft.ScreenSketch</Data><Data Name='updateGuid'>{8b9e0466-3472-473b-bed3-c2f02a4b051d}</Data><Data Name='updateRevisionNumber'>1</Data></EventData></Event><Event xmlns='http://schemas.microsoft.com/win/2004/08/events/event'><System><Provider Name='Microsoft-Windows-WindowsUpdateClient' Guid='{945a8954-c147-4acd-923f-40c45405a658}'/><EventID>44</EventID><Version>1</Version><Level>4</Level><Task>1</Task><Opcode>12</Opcode><Keywords>0x8000000000002004</Keywords><TimeCreated SystemTime='2025-06-03T11:01:29.8696677Z'/><EventRecordID>962</EventRecordID><Correlation/><Execution ProcessID='4216' ThreadID='7080'/><Channel>System</Channel><Computer>NIKOLAISMETBD82</Computer><Security UserID='S-1-5-18'/></System><EventData><Data Name='updateTitle'>9P1J8S7CCWWT-Clipchamp.Clipchamp</Data><Data Name='updateGuid'>{f3259bd0-8546-4f55-9002-059b69b9e6ba}</Data><Data Name='updateRevisionNumber'>1</Data></EventData></Event><Event xmlns='http://schemas.microsoft.com/win/2004/08/events/event'><System><Provider Name='Microsoft-Windows-WindowsUpdateClient' Guid='{945a8954-c147-4acd-923f-40c45405a658}'/><EventID>44</EventID><Version>1</Version><Level>4</Level><Task>1</Task><Opcode>12</Opcode><Keywords>0x8000000000002004</Keywords><TimeCreated SystemTime='2025-06-03T11:01:29.8696661Z'/><EventRecordID>961</EventRecordID><Correlation/><Execution ProcessID='4216' ThreadID='7080'/><Channel>System</Channel><Computer>NIKOLAISMETBD82</Computer><Security UserID='S-1-5-18'/></System><EventData><Data Name='updateTitle'>9P2VP41KK7LF-Microsoft.WindowsAppRuntime.1.6</Data><Data Name='updateGuid'>{c059ded3-c6ea-4edc-a631-a8f800727c76}</Data><Data Name='updateRevisionNumber'>1</Data></EventData></Event><Event xmlns='http://schemas.microsoft.com/win/2004/08/events/event'><System><Provider Name='Microsoft-Windows-WindowsUpdateClient' Guid='{945a8954-c147-4acd-923f-40c45405a658}'/><EventID>44</EventID><Version>1</Version><Level>4</Level><Task>1</Task><Opcode>12</Opcode><Keywords>0x8000000000002004</Keywords><TimeCreated SystemTime='2025-06-03T11:01:29.8696644Z'/><EventRecordID>960</EventRecordID><Correlation/><Execution ProcessID='4216' ThreadID='7080'/><Channel>System</Channel><Computer>NIKOLAISMETBD82</Computer><Security UserID='S-1-5-18'/></System><EventData><Data Name='updateTitle'>9P1J8S7CCWWT-Clipchamp.Clipchamp</Data><Data Name='updateGuid'>{f3259bd0-8546-4f55-9002-059b69b9e6ba}</Data><Data Name='updateRevisionNumber'>1</Data></EventData></Event><Event xmlns='http://schemas.microsoft.com/win/2004/08/events/event'><System><Provider Name='Microsoft-Windows-WindowsUpdateClient' Guid='{945a8954-c147-4acd-923f-40c45405a658}'/><EventID>19</EventID><Version>1</Version><Level>4</Level><Task>1</Task><Opcode>13</Opcode><Keywords>0x8000000000000018</Keywords><TimeCreated SystemTime='2025-06-03T11:01:29.2294313Z'/><EventRecordID>959</EventRecordID><Correlation ActivityID='{189ccb3f-d3de-0000-4bbc-a018ded3db01}'/><Execution ProcessID='4216' ThreadID='4884'/><Channel>System</Channel><Computer>NIKOLAISMETBD82</Computer><Security UserID='S-1-5-18'/></System><EventData><Data Name='updateTitle'>9WZDNCRFJBH4-Microsoft.Windows.Photos</Data><Data Name='updateGuid'>{7351927d-dd08-4729-a5ea-4b6dc7cda105}</Data><Data Name='updateRevisionNumber'>1</Data><Data Name='serviceGuid'>{855e8a7c-ecb4-4ca3-b045-1dfa50104289}</Data></EventData></Event><Event xmlns='http://schemas.microsoft.com/win/2004/08/events/event'><System><Provider Name='Microsoft-Windows-Kernel-General' Guid='{a68ca8b7-004f-d7b6-a698-07e2de0f1f5d}'/><EventID>16</EventID><Version>0</Version><Level>4</Level><Task>0</Task><Opcode>0</Opcode><Keywords>0x8000000000000000</Keywords><TimeCreated SystemTime='2025-06-03T11:01:28.7278171Z'/><EventRecordID>958</EventRecordID><Correlation/><Execution ProcessID='3056' ThreadID='7276'/><Channel>System</Channel><Computer>NIKOLAISMETBD82</Computer><Security UserID='S-1-5-21-4155168598-3527253067-2058671051-1000'/></System><EventData><Data Name='HiveNameLength'>116</Data><Data Name='HiveName'>\??\C:\Users\nikolai.smetannikov\AppData\Local\Packages\Microsoft.Windows.Photos_8wekyb3d8bbwe\Settings\settings.dat</Data><Data Name='KeysUpdated'>3</Data><Data Name='DirtyPages'>1</Data></EventData></Event><Event xmlns='http://schemas.microsoft.com/win/2004/08/events/event'><System><Provider Name='Microsoft-Windows-WindowsUpdateClient' Guid='{945a8954-c147-4acd-923f-40c45405a658}'/><EventID>43</EventID><Version>1</Version><Level>4</Level><Task>1</Task><Opcode>13</Opcode><Keywords>0x8000000000002008</Keywords><TimeCreated SystemTime='2025-06-03T11:01:28.4449388Z'/><EventRecordID>957</EventRecordID><Correlation/><Execution ProcessID='4216' ThreadID='4884'/><Channel>System</Channel><Computer>NIKOLAISMETBD82</Computer><Security UserID='S-1-5-18'/></System><EventData><Data Name='updateTitle'>9WZDNCRFJBH4-Microsoft.Windows.Photos</Data><Data Name='updateGuid'>{7351927d-dd08-4729-a5ea-4b6dc7cda105}</Data><Data Name='updateRevisionNumber'>1</Data></EventData></Event><Event xmlns='http://schemas.microsoft.com/win/2004/08/events/event'><System><Provider Name='Microsoft-Windows-Kernel-General' Guid='{a68ca8b7-004f-d7b6-a698-07e2de0f1f5d}'/><EventID>16</EventID><Version>0</Version><Level>4</Level><Task>0</Task><Opcode>0</Opcode><Keywords>0x8000000000000000</Keywords><TimeCreated SystemTime='2025-06-03T11:01:28.3094048Z'/><EventRecordID>956</EventRecordID><Correlation/><Execution ProcessID='3328' ThreadID='2024'/><Channel>System</Channel><Computer>NIKOLAISMETBD82</Computer><Security UserID='S-1-5-18'/></System><EventData><Data Name='HiveNameLength'>129</Data><Data Name='HiveName'>\??\C:\Users\nikolai.smetannikov\AppData\Local\Packages\MicrosoftWindows.Client.WebExperience_cw5n1h2txyewy\Settings\settings.dat</Data><Data Name='KeysUpdated'>3</Data><Data Name='DirtyPages'>1</Data></EventData></Event><Event xmlns='http://schemas.microsoft.com/win/2004/08/events/event'><System><Provider Name='Microsoft-Windows-Kernel-General' Guid='{a68ca8b7-004f-d7b6-a698-07e2de0f1f5d}'/><EventID>16</EventID><Version>0</Version><Level>4</Level><Task>0</Task><Opcode>0</Opcode><Keywords>0x8000000000000000</Keywords><TimeCreated SystemTime='2025-06-03T11:01:27.6709841Z'/><EventRecordID>955</EventRecordID><Correlation/><Execution ProcessID='3056' ThreadID='7276'/><Channel>System</Channel><Computer>NIKOLAISMETBD82</Computer><Security UserID='S-1-5-18'/></System><EventData><Data Name='HiveNameLength'>136</Data><Data Name='HiveName'>\??\C:\ProgramData\Microsoft\Windows\AppRepository\Packages\Microsoft.ScreenSketch_11.2503.29.0_arm64__8wekyb3d8bbwe\ActivationStore.dat</Data><Data Name='KeysUpdated'>0</Data><Data Name='DirtyPages'>0</Data></EventData></Event><Event xmlns='http://schemas.microsoft.com/win/2004/08/events/event'><System><Provider Name='Microsoft-Windows-Kernel-General' Guid='{a68ca8b7-004f-d7b6-a698-07e2de0f1f5d}'/><EventID>16</EventID><Version>0</Version><Level>4</Level><Task>0</Task><Opcode>0</Opcode><Keywords>0x8000000000000000</Keywords><TimeCreated SystemTime='2025-06-03T11:01:23.7380329Z'/><EventRecordID>954</EventRecordID><Correlation/><Execution ProcessID='3056' ThreadID='7280'/><Channel>System</Channel><Computer>NIKOLAISMETBD82</Computer><Security UserID='S-1-5-18'/></System><EventData><Data Name='HiveNameLength'>144</Data><Data Name='HiveName'>\??\C:\ProgramData\Microsoft\Windows\AppRepository\Packages\Microsoft.Windows.Photos_2025.11040.23001.0_arm64__8wekyb3d8bbwe\ActivationStore.dat</Data><Data Name='KeysUpdated'>0</Data><Data Name='DirtyPages'>0</Data></EventData></Event><Event xmlns='http://schemas.microsoft.com/win/2004/08/events/event'><System><Provider Name='Microsoft-Windows-WindowsUpdateClient' Guid='{945a8954-c147-4acd-923f-40c45405a658}'/><EventID>44</EventID><Version>1</Version><Level>4</Level><Task>1</Task><Opcode>12</Opcode><Keywords>0x8000000000002004</Keywords><TimeCreated SystemTime='2025-06-03T11:01:17.9048111Z'/><EventRecordID>953</EventRecordID><Correlation/><Execution ProcessID='4216' ThreadID='4856'/><Channel>System</Channel><Computer>NIKOLAISMETBD82</Computer><Security UserID='S-1-5-18'/></System><EventData><Data Name='updateTitle'>9NSTH9KHZDLQ-Microsoft.UI.Xaml.2.8</Data><Data Name='updateGuid'>{6b5369f2-d415-4daf-a500-1b864dc84dec}</Data><Data Name='updateRevisionNumber'>1</Data></EventData></Event><Event xmlns='http://schemas.microsoft.com/win/2004/08/events/event'><System><Provider Name='Microsoft-Windows-WindowsUpdateClient' Guid='{945a8954-c147-4acd-923f-40c45405a658}'/><EventID>44</EventID><Version>1</Version><Level>4</Level><Task>1</Task><Opcode>12</Opcode><Keywords>0x8000000000002004</Keywords><TimeCreated SystemTime='2025-06-03T11:01:17.4527477Z'/><EventRecordID>952</EventRecordID><Correlation/><Execution ProcessID='4216' ThreadID='4856'/><Channel>System</Channel><Computer>NIKOLAISMETBD82</Computer><Security UserID='S-1-5-18'/></System><EventData><Data Name='updateTitle'>9MZ95KL8MR0L-Microsoft.ScreenSketch</Data><Data Name='updateGuid'>{8b9e0466-3472-473b-bed3-c2f02a4b051d}</Data><Data Name='updateRevisionNumber'>1</Data></EventData></Event><Event xmlns='http://schemas.microsoft.com/win/2004/08/events/event'><System><Provider Name='Microsoft-Windows-WindowsUpdateClient' Guid='{945a8954-c147-4acd-923f-40c45405a658}'/><EventID>44</EventID><Version>1</Version><Level>4</Level><Task>1</Task><Opcode>12</Opcode><Keywords>0x8000000000002004</Keywords><TimeCreated SystemTime='2025-06-03T11:01:17.4527463Z'/><EventRecordID>951</EventRecordID><Correlation/><Execution ProcessID='4216' ThreadID='4856'/><Channel>System</Channel><Computer>NIKOLAISMETBD82</Computer><Security UserID='S-1-5-18'/></System><EventData><Data Name='updateTitle'>9PCFS5B6T72H-Microsoft.Paint</Data><Data Name='updateGuid'>{1a712c26-f40d-40c9-a35d-0488e72167b7}</Data><Data Name='updateRevisionNumber'>1</Data></EventData></Event><Event xmlns='http://schemas.microsoft.com/win/2004/08/events/event'><System><Provider Name='Microsoft-Windows-WindowsUpdateClient' Guid='{945a8954-c147-4acd-923f-40c45405a658}'/><EventID>44</EventID><Version>1</Version><Level>4</Level><Task>1</Task><Opcode>12</Opcode><Keywords>0x8000000000002004</Keywords><TimeCreated SystemTime='2025-06-03T11:01:17.4527442Z'/><EventRecordID>950</EventRecordID><Correlation/><Execution ProcessID='4216' ThreadID='4856'/><Channel>System</Channel><Computer>NIKOLAISMETBD82</Computer><Security UserID='S-1-5-18'/></System><EventData><Data Name='updateTitle'>9WZDNCRFJBH4-Microsoft.Windows.Photos</Data><Data Name='updateGuid'>{7351927d-dd08-4729-a5ea-4b6dc7cda105}</Data><Data Name='updateRevisionNumber'>1</Data></EventData></Event><Event xmlns='http://schemas.microsoft.com/win/2004/08/events/event'><System><Provider Name='Microsoft-Windows-WindowsUpdateClient' Guid='{945a8954-c147-4acd-923f-40c45405a658}'/><EventID>44</EventID><Version>1</Version><Level>4</Level><Task>1</Task><Opcode>12</Opcode><Keywords>0x8000000000002004</Keywords><TimeCreated SystemTime='2025-06-03T11:01:17.4523547Z'/><EventRecordID>949</EventRecordID><Correlation/><Execution ProcessID='4216' ThreadID='4856'/><Channel>System</Channel><Computer>NIKOLAISMETBD82</Computer><Security UserID='S-1-5-18'/></System><EventData><Data Name='updateTitle'>9MZ95KL8MR0L-Microsoft.ScreenSketch</Data><Data Name='updateGuid'>{8b9e0466-3472-473b-bed3-c2f02a4b051d}</Data><Data Name='updateRevisionNumber'>1</Data></EventData></Event><Event xmlns='http://schemas.microsoft.com/win/2004/08/events/event'><System><Provider Name='Microsoft-Windows-WindowsUpdateClient' Guid='{945a8954-c147-4acd-923f-40c45405a658}'/><EventID>44</EventID><Version>1</Version><Level>4</Level><Task>1</Task><Opcode>12</Opcode><Keywords>0x8000000000002004</Keywords><TimeCreated SystemTime='2025-06-03T11:01:17.4523530Z'/><EventRecordID>948</EventRecordID><Correlation/><Execution ProcessID='4216' ThreadID='4856'/><Channel>System</Channel><Computer>NIKOLAISMETBD82</Computer><Security UserID='S-1-5-18'/></System><EventData><Data Name='updateTitle'>9NBLGGH4RV3K-Microsoft.VCLibs.140.00.UWPDesktop</Data><Data Name='updateGuid'>{fcdd3b59-f41c-4595-b36b-245bacb749e8}</Data><Data Name='updateRevisionNumber'>1</Data></EventData></Event><Event xmlns='http://schemas.microsoft.com/win/2004/08/events/event'><System><Provider Name='Microsoft-Windows-WindowsUpdateClient' Guid='{945a8954-c147-4acd-923f-40c45405a658}'/><EventID>44</EventID><Version>1</Version><Level>4</Level><Task>1</Task><Opcode>12</Opcode><Keywords>0x8000000000002004</Keywords><TimeCreated SystemTime='2025-06-03T11:01:17.4523516Z'/><EventRecordID>947</EventRecordID><Correlation/><Execution ProcessID='4216' ThreadID='4856'/><Channel>System</Channel><Computer>NIKOLAISMETBD82</Computer><Security UserID='S-1-5-18'/></System><EventData><Data Name='updateTitle'>9PCFS5B6T72H-Microsoft.Paint</Data><Data Name='updateGuid'>{1a712c26-f40d-40c9-a35d-0488e72167b7}</Data><Data Name='updateRevisionNumber'>1</Data></EventData></Event><Event xmlns='http://schemas.microsoft.com/win/2004/08/events/event'><System><Provider Name='Microsoft-Windows-WindowsUpdateClient' Guid='{945a8954-c147-4acd-923f-40c45405a658}'/><EventID>44</EventID><Version>1</Version><Level>4</Level><Task>1</Task><Opcode>12</Opcode><Keywords>0x8000000000002004</Keywords><TimeCreated SystemTime='2025-06-03T11:01:17.4523493Z'/><EventRecordID>946</EventRecordID><Correlation/><Execution ProcessID='4216' ThreadID='4856'/><Channel>System</Channel><Computer>NIKOLAISMETBD82</Computer><Security UserID='S-1-5-18'/></System><EventData><Data Name='updateTitle'>9WZDNCRFJBH4-Microsoft.Windows.Photos</Data><Data Name='updateGuid'>{7351927d-dd08-4729-a5ea-4b6dc7cda105}</Data><Data Name='updateRevisionNumber'>1</Data></EventData></Event><Event xmlns='http://schemas.microsoft.com/win/2004/08/events/event'><System><Provider Name='Microsoft-Windows-WindowsUpdateClient' Guid='{945a8954-c147-4acd-923f-40c45405a658}'/><EventID>44</EventID><Version>1</Version><Level>4</Level><Task>1</Task><Opcode>12</Opcode><Keywords>0x8000000000002004</Keywords><TimeCreated SystemTime='2025-06-03T11:01:17.4523480Z'/><EventRecordID>945</EventRecordID><Correlation/><Execution ProcessID='4216' ThreadID='4856'/><Channel>System</Channel><Computer>NIKOLAISMETBD82</Computer><Security UserID='S-1-5-18'/></System><EventData><Data Name='updateTitle'>9MZ95KL8MR0L-Microsoft.ScreenSketch</Data><Data Name='updateGuid'>{8b9e0466-3472-473b-bed3-c2f02a4b051d}</Data><Data Name='updateRevisionNumber'>1</Data></EventData></Event><Event xmlns='http://schemas.microsoft.com/win/2004/08/events/event'><System><Provider Name='Microsoft-Windows-WindowsUpdateClient' Guid='{945a8954-c147-4acd-923f-40c45405a658}'/><EventID>44</EventID><Version>1</Version><Level>4</Level><Task>1</Task><Opcode>12</Opcode><Keywords>0x8000000000002004</Keywords><TimeCreated SystemTime='2025-06-03T11:01:17.4523464Z'/><EventRecordID>944</EventRecordID><Correlation/><Execution ProcessID='4216' ThreadID='4856'/><Channel>System</Channel><Computer>NIKOLAISMETBD82</Computer><Security UserID='S-1-5-18'/></System><EventData><Data Name='updateTitle'>9NBLGGH3FRZM-Microsoft.VCLibs.140.00</Data><Data Name='updateGuid'>{7c4b0956-b3f1-40ac-a633-668abc5d6af2}</Data><Data Name='updateRevisionNumber'>1</Data></EventData></Event><Event xmlns='http://schemas.microsoft.com/win/2004/08/events/event'><System><Provider Name='Microsoft-Windows-WindowsUpdateClient' Guid='{945a8954-c147-4acd-923f-40c45405a658}'/><EventID>44</EventID><Version>1</Version><Level>4</Level><Task>1</Task><Opcode>12</Opcode><Keywords>0x8000000000002004</Keywords><TimeCreated SystemTime='2025-06-03T11:01:17.4512089Z'/><EventRecordID>943</EventRecordID><Correlation/><Execution ProcessID='4216' ThreadID='4856'/><Channel>System</Channel><Computer>NIKOLAISMETBD82</Computer><Security UserID='S-1-5-18'/></System><EventData><Data Name='updateTitle'>9PCFS5B6T72H-Microsoft.Paint</Data><Data Name='updateGuid'>{1a712c26-f40d-40c9-a35d-0488e72167b7}</Data><Data Name='updateRevisionNumber'>1</Data></EventData></Event><Event xmlns='http://schemas.microsoft.com/win/2004/08/events/event'><System><Provider Name='Microsoft-Windows-WindowsUpdateClient' Guid='{945a8954-c147-4acd-923f-40c45405a658}'/><EventID>44</EventID><Version>1</Version><Level>4</Level><Task>1</Task><Opcode>12</Opcode><Keywords>0x8000000000002004</Keywords><TimeCreated SystemTime='2025-06-03T11:01:17.4512072Z'/><EventRecordID>942</EventRecordID><Correlation/><Execution ProcessID='4216' ThreadID='4856'/><Channel>System</Channel><Computer>NIKOLAISMETBD82</Computer><Security UserID='S-1-5-18'/></System><EventData><Data Name='updateTitle'>9WZDNCRFJBH4-Microsoft.Windows.Photos</Data><Data Name='updateGuid'>{7351927d-dd08-4729-a5ea-4b6dc7cda105}</Data><Data Name='updateRevisionNumber'>1</Data></EventData></Event><Event xmlns='http://schemas.microsoft.com/win/2004/08/events/event'><System><Provider Name='Microsoft-Windows-WindowsUpdateClient' Guid='{945a8954-c147-4acd-923f-40c45405a658}'/><EventID>44</EventID><Version>1</Version><Level>4</Level><Task>1</Task><Opcode>12</Opcode><Keywords>0x8000000000002004</Keywords><TimeCreated SystemTime='2025-06-03T11:01:17.4512058Z'/><EventRecordID>941</EventRecordID><Correlation/><Execution ProcessID='4216' ThreadID='4856'/><Channel>System</Channel><Computer>NIKOLAISMETBD82</Computer><Security UserID='S-1-5-18'/></System><EventData><Data Name='updateTitle'>9MZ95KL8MR0L-Microsoft.ScreenSketch</Data><Data Name='updateGuid'>{8b9e0466-3472-473b-bed3-c2f02a4b051d}</Data><Data Name='updateRevisionNumber'>1</Data></EventData></Event><Event xmlns='http://schemas.microsoft.com/win/2004/08/events/event'><System><Provider Name='Microsoft-Windows-WindowsUpdateClient' Guid='{945a8954-c147-4acd-923f-40c45405a658}'/><EventID>44</EventID><Version>1</Version><Level>4</Level><Task>1</Task><Opcode>12</Opcode><Keywords>0x8000000000002004</Keywords><TimeCreated SystemTime='2025-06-03T11:01:17.4512045Z'/><EventRecordID>940</EventRecordID><Correlation/><Execution ProcessID='4216' ThreadID='4856'/><Channel>System</Channel><Computer>NIKOLAISMETBD82</Computer><Security UserID='S-1-5-18'/></System><EventData><Data Name='updateTitle'>9NBLGGH3FRZM-Microsoft.VCLibs.140.00</Data><Data Name='updateGuid'>{7c4b0956-b3f1-40ac-a633-668abc5d6af2}</Data><Data Name='updateRevisionNumber'>1</Data></EventData></Event><Event xmlns='http://schemas.microsoft.com/win/2004/08/events/event'><System><Provider Name='Microsoft-Windows-WindowsUpdateClient' Guid='{945a8954-c147-4acd-923f-40c45405a658}'/><EventID>44</EventID><Version>1</Version><Level>4</Level><Task>1</Task><Opcode>12</Opcode><Keywords>0x8000000000002004</Keywords><TimeCreated SystemTime='2025-06-03T11:01:17.4512027Z'/><EventRecordID>939</EventRecordID><Correlation/><Execution ProcessID='4216' ThreadID='4856'/><Channel>System</Channel><Computer>NIKOLAISMETBD82</Computer><Security UserID='S-1-5-18'/></System><EventData><Data Name='updateTitle'>9PCFS5B6T72H-Microsoft.Paint</Data><Data Name='updateGuid'>{1a712c26-f40d-40c9-a35d-0488e72167b7}</Data><Data Name='updateRevisionNumber'>1</Data></EventData></Event><Event xmlns='http://schemas.microsoft.com/win/2004/08/events/event'><System><Provider Name='Microsoft-Windows-WindowsUpdateClient' Guid='{945a8954-c147-4acd-923f-40c45405a658}'/><EventID>44</EventID><Version>1</Version><Level>4</Level><Task>1</Task><Opcode>12</Opcode><Keywords>0x8000000000002004</Keywords><TimeCreated SystemTime='2025-06-03T11:01:13.0839032Z'/><EventRecordID>938</EventRecordID><Correlation/><Execution ProcessID='4216' ThreadID='4856'/><Channel>System</Channel><Computer>NIKOLAISMETBD82</Computer><Security UserID='S-1-5-18'/></System><EventData><Data Name='updateTitle'>9NSTH9KHZDLQ-Microsoft.UI.Xaml.2.8</Data><Data Name='updateGuid'>{6b5369f2-d415-4daf-a500-1b864dc84dec}</Data><Data Name='updateRevisionNumber'>1</Data></EventData></Event><Event xmlns='http://schemas.microsoft.com/win/2004/08/events/event'><System><Provider Name='Microsoft-Windows-WindowsUpdateClient' Guid='{945a8954-c147-4acd-923f-40c45405a658}'/><EventID>44</EventID><Version>1</Version><Level>4</Level><Task>1</Task><Opcode>12</Opcode><Keywords>0x8000000000002004</Keywords><TimeCreated SystemTime='2025-06-03T11:01:13.0839016Z'/><EventRecordID>937</EventRecordID><Correlation/><Execution ProcessID='4216' ThreadID='4856'/><Channel>System</Channel><Computer>NIKOLAISMETBD82</Computer><Security UserID='S-1-5-18'/></System><EventData><Data Name='updateTitle'>9MZ95KL8MR0L-Microsoft.ScreenSketch</Data><Data Name='updateGuid'>{8b9e0466-3472-473b-bed3-c2f02a4b051d}</Data><Data Name='updateRevisionNumber'>1</Data></EventData></Event><Event xmlns='http://schemas.microsoft.com/win/2004/08/events/event'><System><Provider Name='Microsoft-Windows-WindowsUpdateClient' Guid='{945a8954-c147-4acd-923f-40c45405a658}'/><EventID>44</EventID><Version>1</Version><Level>4</Level><Task>1</Task><Opcode>12</Opcode><Keywords>0x8000000000002004</Keywords><TimeCreated SystemTime='2025-06-03T11:01:13.0838990Z'/><EventRecordID>936</EventRecordID><Correlation/><Execution ProcessID='4216' ThreadID='4856'/><Channel>System</Channel><Computer>NIKOLAISMETBD82</Computer><Security UserID='S-1-5-18'/></System><EventData><Data Name='updateTitle'>9PCFS5B6T72H-Microsoft.Paint</Data><Data Name='updateGuid'>{1a712c26-f40d-40c9-a35d-0488e72167b7}</Data><Data Name='updateRevisionNumber'>1</Data></EventData></Event>