<Event xmlns='http://schemas.microsoft.com/win/2004/08/events/event'><System><Provider Name='Microsoft-Windows-Kernel-General' Guid='{a68ca8b7-004f-d7b6-a698-07e2de0f1f5d}'/><EventID>16</EventID><Version>0</Version><Level>4</Level><Task>0</Task><Opcode>0</Opcode><Keywords>0x8000000000000000</Keywords><TimeCreated SystemTime='2025-06-02T16:48:27.4899436Z'/><EventRecordID>561</EventRecordID><Correlation/><Execution ProcessID='8104' ThreadID='9360'/><Channel>System</Channel><Computer>NIKOLAISMETBD82</Computer><Security UserID='S-1-5-18'/></System><EventData><Data Name='HiveNameLength'>133</Data><Data Name='HiveName'>\??\C:\Users\nikolai.smetannikov\AppData\Local\Packages\Microsoft.Windows.StartMenuExperienceHost_cw5n1h2txyewy\Settings\settings.dat</Data><Data Name='KeysUpdated'>3</Data><Data Name='DirtyPages'>1</Data></EventData></Event><Event xmlns='http://schemas.microsoft.com/win/2004/08/events/event'><System><Provider Name='Microsoft-Windows-Kernel-General' Guid='{a68ca8b7-004f-d7b6-a698-07e2de0f1f5d}'/><EventID>16</EventID><Version>0</Version><Level>4</Level><Task>0</Task><Opcode>0</Opcode><Keywords>0x8000000000000000</Keywords><TimeCreated SystemTime='2025-06-02T16:48:26.2321800Z'/><EventRecordID>560</EventRecordID><Correlation/><Execution ProcessID='3056' ThreadID='7668'/><Channel>System</Channel><Computer>NIKOLAISMETBD82</Computer><Security UserID='S-1-5-21-4155168598-3527253067-2058671051-1000'/></System><EventData><Data Name='HiveNameLength'>132</Data><Data Name='HiveName'>\??\C:\Users\nikolai.smetannikov\AppData\Local\Packages\Microsoft.Windows.ContentDeliveryManager_cw5n1h2txyewy\Settings\settings.dat</Data><Data Name='KeysUpdated'>3</Data><Data Name='DirtyPages'>1</Data></EventData></Event><Event xmlns='http://schemas.microsoft.com/win/2004/08/events/event'><System><Provider Name='Microsoft-Windows-Kernel-General' Guid='{a68ca8b7-004f-d7b6-a698-07e2de0f1f5d}'/><EventID>16</EventID><Version>0</Version><Level>4</Level><Task>0</Task><Opcode>0</Opcode><Keywords>0x8000000000000000</Keywords><TimeCreated SystemTime='2025-06-02T16:48:25.6990168Z'/><EventRecordID>559</EventRecordID><Correlation/><Execution ProcessID='1908' ThreadID='9420'/><Channel>System</Channel><Computer>NIKOLAISMETBD82</Computer><Security UserID='S-1-5-18'/></System><EventData><Data Name='HiveNameLength'>119</Data><Data Name='HiveName'>\??\C:\Users\nikolai.smetannikov\AppData\Local\Packages\MicrosoftWindows.Client.CBS_cw5n1h2txyewy\Settings\settings.dat</Data><Data Name='KeysUpdated'>3</Data><Data Name='DirtyPages'>1</Data></EventData></Event><Event xmlns='http://schemas.microsoft.com/win/2004/08/events/event'><System><Provider Name='Microsoft-Windows-Kernel-General' Guid='{a68ca8b7-004f-d7b6-a698-07e2de0f1f5d}'/><EventID>16</EventID><Version>0</Version><Level>4</Level><Task>0</Task><Opcode>0</Opcode><Keywords>0x8000000000000000</Keywords><TimeCreated SystemTime='2025-06-02T16:48:25.5528267Z'/><EventRecordID>558</EventRecordID><Correlation/><Execution ProcessID='7960' ThreadID='8096'/><Channel>System</Channel><Computer>NIKOLAISMETBD82</Computer><Security UserID='S-1-5-18'/></System><EventData><Data Name='HiveNameLength'>118</Data><Data Name='HiveName'>\??\C:\Users\nikolai.smetannikov\AppData\Local\Packages\Microsoft.AAD.BrokerPlugin_cw5n1h2txyewy\Settings\settings.dat</Data><Data Name='KeysUpdated'>3</Data><Data Name='DirtyPages'>1</Data></EventData></Event><Event xmlns='http://schemas.microsoft.com/win/2004/08/events/event'><System><Provider Name='Microsoft-Windows-Kernel-General' Guid='{a68ca8b7-004f-d7b6-a698-07e2de0f1f5d}'/><EventID>16</EventID><Version>0</Version><Level>4</Level><Task>0</Task><Opcode>0</Opcode><Keywords>0x8000000000000000</Keywords><TimeCreated SystemTime='2025-06-02T16:48:24.8538425Z'/><EventRecordID>557</EventRecordID><Correlation/><Execution ProcessID='3056' ThreadID='7200'/><Channel>System</Channel><Computer>NIKOLAISMETBD82</Computer><Security UserID='S-1-5-18'/></System><EventData><Data Name='HiveNameLength'>128</Data><Data Name='HiveName'>\??\C:\ProgramData\Microsoft\Windows\AppRepository\Packages\Microsoft.Copilot_0.4.2.0_neutral__8wekyb3d8bbwe\ActivationStore.dat</Data><Data Name='KeysUpdated'>0</Data><Data Name='DirtyPages'>0</Data></EventData></Event><Event xmlns='http://schemas.microsoft.com/win/2004/08/events/event'><System><Provider Name='Microsoft-Windows-DistributedCOM' Guid='{1B562E86-B7AA-4131-BADC-B6F3A001407E}' EventSourceName='DCOM'/><EventID Qualifiers='0'>10016</EventID><Version>0</Version><Level>3</Level><Task>0</Task><Opcode>0</Opcode><Keywords>0x8080000000000000</Keywords><TimeCreated SystemTime='2025-06-02T16:48:22.8610779Z'/><EventRecordID>556</EventRecordID><Correlation/><Execution ProcessID='1036' ThreadID='1372'/><Channel>System</Channel><Computer>NIKOLAISMETBD82</Computer><Security UserID='S-1-5-20'/></System><EventData><Data Name='param1'>machine-default</Data><Data Name='param2'>Local</Data><Data Name='param3'>Activation</Data><Data Name='param4'>{F87B28F1-DA9A-4F35-8EC0-800EFCF26B83}</Data><Data Name='param5'>{0868DC9B-D9A2-4F64-9362-133CEA201299}</Data><Data Name='param6'>NT AUTHORITY</Data><Data Name='param7'>NETWORK SERVICE</Data><Data Name='param8'>S-1-5-20</Data><Data Name='param9'>LocalHost (Using LRPC)</Data><Data Name='param10'>Unavailable</Data><Data Name='param11'>Unavailable</Data></EventData></Event><Event xmlns='http://schemas.microsoft.com/win/2004/08/events/event'><System><Provider Name='Microsoft-Windows-DistributedCOM' Guid='{1B562E86-B7AA-4131-BADC-B6F3A001407E}' EventSourceName='DCOM'/><EventID Qualifiers='0'>10016</EventID><Version>0</Version><Level>3</Level><Task>0</Task><Opcode>0</Opcode><Keywords>0x8080000000000000</Keywords><TimeCreated SystemTime='2025-06-02T16:48:20.8450286Z'/><EventRecordID>555</EventRecordID><Correlation/><Execution ProcessID='1036' ThreadID='1884'/><Channel>System</Channel><Computer>NIKOLAISMETBD82</Computer><Security UserID='S-1-5-20'/></System><EventData><Data Name='param1'>machine-default</Data><Data Name='param2'>Local</Data><Data Name='param3'>Activation</Data><Data Name='param4'>{F87B28F1-DA9A-4F35-8EC0-800EFCF26B83}</Data><Data Name='param5'>{0868DC9B-D9A2-4F64-9362-133CEA201299}</Data><Data Name='param6'>NT AUTHORITY</Data><Data Name='param7'>NETWORK SERVICE</Data><Data Name='param8'>S-1-5-20</Data><Data Name='param9'>LocalHost (Using LRPC)</Data><Data Name='param10'>Unavailable</Data><Data Name='param11'>Unavailable</Data></EventData></Event><Event xmlns='http://schemas.microsoft.com/win/2004/08/events/event'><System><Provider Name='Microsoft-Windows-GroupPolicy' Guid='{aea1b4fa-97d1-45f2-a64c-4d69fffd92c9}'/><EventID>1501</EventID><Version>0</Version><Level>4</Level><Task>0</Task><Opcode>1</Opcode><Keywords>0x8000000000000000</Keywords><TimeCreated SystemTime='2025-06-02T16:48:19.4291188Z'/><EventRecordID>554</EventRecordID><Correlation ActivityID='{f5779c61-082f-4b7c-ae8c-148d9886f027}'/><Execution ProcessID='2316' ThreadID='8088'/><Channel>System</Channel><Computer>NIKOLAISMETBD82</Computer><Security UserID='S-1-5-21-4155168598-3527253067-2058671051-1000'/></System><EventData><Data Name='SupportInfo1'>1</Data><Data Name='SupportInfo2'>4391</Data><Data Name='ProcessingMode'>1</Data><Data Name='ProcessingTimeInMilliseconds'>703</Data><Data Name='DCName'></Data></EventData></Event><Event xmlns='http://schemas.microsoft.com/win/2004/08/events/event'><System><Provider Name='Microsoft-Windows-Winlogon' Guid='{dbe9b383-7cf3-4331-91cc-a3cb16a3b538}'/><EventID>7001</EventID><Version>0</Version><Level>4</Level><Task>1101</Task><Opcode>0</Opcode><Keywords>0x2000200000000000</Keywords><TimeCreated SystemTime='2025-06-02T16:48:18.4173115Z'/><EventRecordID>553</EventRecordID><Correlation/><Execution ProcessID='5840' ThreadID='7560'/><Channel>System</Channel><Computer>NIKOLAISMETBD82</Computer><Security UserID='S-1-5-18'/></System><EventData><Data Name='TSId'>2</Data><Data Name='UserSid'>S-1-5-21-4155168598-3527253067-2058671051-1000</Data></EventData></Event><Event xmlns='http://schemas.microsoft.com/win/2004/08/events/event'><System><Provider Name='Microsoft-Windows-Winlogon' Guid='{dbe9b383-7cf3-4331-91cc-a3cb16a3b538}'/><EventID>7002</EventID><Version>0</Version><Level>4</Level><Task>1102</Task><Opcode>0</Opcode><Keywords>0x2000200000000000</Keywords><TimeCreated SystemTime='2025-06-02T16:48:18.0797818Z'/><EventRecordID>552</EventRecordID><Correlation/><Execution ProcessID='848' ThreadID='1124'/><Channel>System</Channel><Computer>NIKOLAISMETBD82</Computer><Security UserID='S-1-5-18'/></System><EventData><Data Name='TSId'>1</Data><Data Name='UserSid'>S-1-5-21-4155168598-3527253067-2058671051-1001</Data></EventData></Event><Event xmlns='http://schemas.microsoft.com/win/2004/08/events/event'><System><Provider Name='Microsoft-Windows-WindowsUpdateClient' Guid='{945a8954-c147-4acd-923f-40c45405a658}'/><EventID>19</EventID><Version>1</Version><Level>4</Level><Task>1</Task><Opcode>13</Opcode><Keywords>0x8000000000000018</Keywords><TimeCreated SystemTime='2025-06-02T16:48:11.4705817Z'/><EventRecordID>551</EventRecordID><Correlation/><Execution ProcessID='4216' ThreadID='4856'/><Channel>System</Channel><Computer>NIKOLAISMETBD82</Computer><Security UserID='S-1-5-18'/></System><EventData><Data Name='updateTitle'>2025-04 Update for Windows 11 Version 24H2 for ARM64-based Systems (KB5059093)</Data><Data Name='updateGuid'>{da15f516-8b0d-4173-9171-3627b44a5a17}</Data><Data Name='updateRevisionNumber'>201</Data><Data Name='serviceGuid'>{9482f4b4-e343-43b6-b170-9a65bc822c77}</Data></EventData></Event><Event xmlns='http://schemas.microsoft.com/win/2004/08/events/event'><System><Provider Name='Microsoft-Windows-Kernel-General' Guid='{a68ca8b7-004f-d7b6-a698-07e2de0f1f5d}'/><EventID>11</EventID><Version>0</Version><Level>4</Level><Task>0</Task><Opcode>0</Opcode><Keywords>0x8000000000000000</Keywords><TimeCreated SystemTime='2025-06-02T16:48:11.4354601Z'/><EventRecordID>550</EventRecordID><Correlation/><Execution ProcessID='492' ThreadID='644'/><Channel>System</Channel><Computer>NIKOLAISMETBD82</Computer><Security UserID='S-1-5-21-4155168598-3527253067-2058671051-1001'/></System><EventData><Data Name='ExtraStringLength'>43</Data><Data Name='ExtraString'>\SystemRoot\System32\AppLocker\AppCache.dat</Data><Data Name='TmId'>{56d9fae8-3fd1-11f0-8d6d-f3a5cee8cf3c}</Data><Data Name='RmId'>{56d9fae7-3fd1-11f0-8d6d-f3a5cee8cf3c}</Data><Data Name='Status'>0xc0000022</Data><Data Name='InternalCode'>7</Data></EventData></Event><Event xmlns='http://schemas.microsoft.com/win/2004/08/events/event'><System><Provider Name='Microsoft-Windows-Kernel-General' Guid='{a68ca8b7-004f-d7b6-a698-07e2de0f1f5d}'/><EventID>11</EventID><Version>0</Version><Level>4</Level><Task>0</Task><Opcode>0</Opcode><Keywords>0x8000000000000000</Keywords><TimeCreated SystemTime='2025-06-02T16:48:11.4353958Z'/><EventRecordID>549</EventRecordID><Correlation/><Execution ProcessID='492' ThreadID='644'/><Channel>System</Channel><Computer>NIKOLAISMETBD82</Computer><Security UserID='S-1-5-21-4155168598-3527253067-2058671051-1001'/></System><EventData><Data Name='ExtraStringLength'>43</Data><Data Name='ExtraString'>\SystemRoot\System32\AppLocker\AppCache.dat</Data><Data Name='TmId'>{272d67e6-3fd1-11f0-8d6c-da1e81f8f1d9}</Data><Data Name='RmId'>{272d67e5-3fd1-11f0-8d6c-da1e81f8f1d9}</Data><Data Name='Status'>0xc0000022</Data><Data Name='InternalCode'>0</Data></EventData></Event><Event xmlns='http://schemas.microsoft.com/win/2004/08/events/event'><System><Provider Name='Microsoft-Windows-TPM-WMI' Guid='{7d5387b0-cbe0-11da-a94d-0800200c9a66}'/><EventID>1026</EventID><Version>0</Version><Level>4</Level><Task>0</Task><Opcode>0</Opcode><Keywords>0x8000000000000000</Keywords><TimeCreated SystemTime='2025-06-02T16:48:09.3094974Z'/><EventRecordID>548</EventRecordID><Correlation/><Execution ProcessID='2888' ThreadID='5808'/><Channel>System</Channel><Computer>NIKOLAISMETBD82</Computer><Security UserID='S-1-5-18'/></System><EventData><Data Name='Error Code'>0</Data><Data Name='Status Information'>0x2442000</Data></EventData></Event><Event xmlns='http://schemas.microsoft.com/win/2004/08/events/event'><System><Provider Name='Microsoft-Windows-TPM-WMI' Guid='{7d5387b0-cbe0-11da-a94d-0800200c9a66}'/><EventID>1282</EventID><Version>0</Version><Level>4</Level><Task>0</Task><Opcode>0</Opcode><Keywords>0x8000000000000000</Keywords><TimeCreated SystemTime='2025-06-02T16:48:09.2100773Z'/><EventRecordID>547</EventRecordID><Correlation/><Execution ProcessID='2888' ThreadID='5808'/><Channel>System</Channel><Computer>NIKOLAISMETBD82</Computer><Security UserID='S-1-5-18'/></System><EventData></EventData></Event><Event xmlns='http://schemas.microsoft.com/win/2004/08/events/event'><System><Provider Name='TPM' Guid='{1b6b0772-251b-4d42-917d-faca166bc059}'/><EventID>17</EventID><Version>0</Version><Level>4</Level><Task>0</Task><Opcode>0</Opcode><Keywords>0x8000000000000000</Keywords><TimeCreated SystemTime='2025-06-02T16:48:09.1302476Z'/><EventRecordID>546</EventRecordID><Correlation/><Execution ProcessID='4' ThreadID='284'/><Channel>System</Channel><Computer>NIKOLAISMETBD82</Computer><Security UserID='S-1-5-18'/></System><EventData><Data Name='driverFile'>0x1e</Data><Data Name='lineNumber'>960</Data><Data Name='TpmCommandOrdinal'>298</Data><Data Name='TpmResponseCode'>130</Data></EventData></Event><Event xmlns='http://schemas.microsoft.com/win/2004/08/events/event'><System><Provider Name='TPM' Guid='{1b6b0772-251b-4d42-917d-faca166bc059}'/><EventID>17</EventID><Version>0</Version><Level>4</Level><Task>0</Task><Opcode>0</Opcode><Keywords>0x8000000000000000</Keywords><TimeCreated SystemTime='2025-06-02T16:48:09.1293513Z'/><EventRecordID>545</EventRecordID><Correlation/><Execution ProcessID='4' ThreadID='284'/><Channel>System</Channel><Computer>NIKOLAISMETBD82</Computer><Security UserID='S-1-5-18'/></System><EventData><Data Name='driverFile'>0x1e</Data><Data Name='lineNumber'>960</Data><Data Name='TpmCommandOrdinal'>298</Data><Data Name='TpmResponseCode'>130</Data></EventData></Event><Event xmlns='http://schemas.microsoft.com/win/2004/08/events/event'><System><Provider Name='TPM' Guid='{1b6b0772-251b-4d42-917d-faca166bc059}'/><EventID>17</EventID><Version>0</Version><Level>4</Level><Task>0</Task><Opcode>0</Opcode><Keywords>0x8000000000000000</Keywords><TimeCreated SystemTime='2025-06-02T16:48:09.1286049Z'/><EventRecordID>544</EventRecordID><Correlation/><Execution ProcessID='4' ThreadID='284'/><Channel>System</Channel><Computer>NIKOLAISMETBD82</Computer><Security UserID='S-1-5-18'/></System><EventData><Data Name='driverFile'>0x1e</Data><Data Name='lineNumber'>960</Data><Data Name='TpmCommandOrdinal'>298</Data><Data Name='TpmResponseCode'>130</Data></EventData></Event><Event xmlns='http://schemas.microsoft.com/win/2004/08/events/event'><System><Provider Name='TPM' Guid='{1b6b0772-251b-4d42-917d-faca166bc059}'/><EventID>17</EventID><Version>0</Version><Level>4</Level><Task>0</Task><Opcode>0</Opcode><Keywords>0x8000000000000000</Keywords><TimeCreated SystemTime='2025-06-02T16:48:09.0966077Z'/><EventRecordID>543</EventRecordID><Correlation/><Execution ProcessID='4' ThreadID='284'/><Channel>System</Channel><Computer>NIKOLAISMETBD82</Computer><Security UserID='S-1-5-18'/></System><EventData><Data Name='driverFile'>0x1e</Data><Data Name='lineNumber'>960</Data><Data Name='TpmCommandOrdinal'>298</Data><Data Name='TpmResponseCode'>130</Data></EventData></Event><Event xmlns='http://schemas.microsoft.com/win/2004/08/events/event'><System><Provider Name='TPM' Guid='{1b6b0772-251b-4d42-917d-faca166bc059}'/><EventID>18</EventID><Version>0</Version><Level>4</Level><Task>0</Task><Opcode>0</Opcode><Keywords>0x8000000000000000</Keywords><TimeCreated SystemTime='2025-06-02T16:48:08.7212418Z'/><EventRecordID>542</EventRecordID><Correlation/><Execution ProcessID='4' ThreadID='288'/><Channel>System</Channel><Computer>NIKOLAISMETBD82</Computer><Security UserID='S-1-5-18'/></System><EventData><Data Name='driverFile'>0x14</Data><Data Name='lineNumber'>217</Data><Data Name='Data'>0</Data></EventData></Event><Event xmlns='http://schemas.microsoft.com/win/2004/08/events/event'><System><Provider Name='Microsoft-Windows-Winlogon' Guid='{dbe9b383-7cf3-4331-91cc-a3cb16a3b538}'/><EventID>7001</EventID><Version>0</Version><Level>4</Level><Task>1101</Task><Opcode>0</Opcode><Keywords>0x2000200000000000</Keywords><TimeCreated SystemTime='2025-06-02T16:48:04.7945391Z'/><EventRecordID>541</EventRecordID><Correlation/><Execution ProcessID='848' ThreadID='1124'/><Channel>System</Channel><Computer>NIKOLAISMETBD82</Computer><Security UserID='S-1-5-18'/></System><EventData><Data Name='TSId'>1</Data><Data Name='UserSid'>S-1-5-21-4155168598-3527253067-2058671051-1001</Data></EventData></Event><Event xmlns='http://schemas.microsoft.com/win/2004/08/events/event'><System><Provider Name='Service Control Manager' Guid='{555908d1-a6d7-4695-8e1e-26931d2012f4}' EventSourceName='Service Control Manager'/><EventID Qualifiers='16384'>7040</EventID><Version>0</Version><Level>4</Level><Task>0</Task><Opcode>0</Opcode><Keywords>0x8080000000000000</Keywords><TimeCreated SystemTime='2025-06-02T16:48:02.9437568Z'/><EventRecordID>540</EventRecordID><Correlation/><Execution ProcessID='892' ThreadID='3556'/><Channel>System</Channel><Computer>NIKOLAISMETBD82</Computer><Security UserID='S-1-5-18'/></System><EventData><Data Name='param1'>Windows Modules Installer</Data><Data Name='param2'>auto start</Data><Data Name='param3'>demand start</Data><Data Name='param4'>TrustedInstaller</Data></EventData></Event><Event xmlns='http://schemas.microsoft.com/win/2004/08/events/event'><System><Provider Name='Service Control Manager' Guid='{555908d1-a6d7-4695-8e1e-26931d2012f4}' EventSourceName='Service Control Manager'/><EventID Qualifiers='49152'>7026</EventID><Version>0</Version><Level>4</Level><Task>0</Task><Opcode>0</Opcode><Keywords>0x8080000000000000</Keywords><TimeCreated SystemTime='2025-06-02T16:48:02.5173771Z'/><EventRecordID>539</EventRecordID><Correlation/><Execution ProcessID='892' ThreadID='896'/><Channel>System</Channel><Computer>NIKOLAISMETBD82</Computer><Security/></System><EventData><Data Name='param1'>
uiomap</Data></EventData></Event><Event xmlns='http://schemas.microsoft.com/win/2004/08/events/event'><System><Provider Name='Microsoft-Windows-TPM-WMI' Guid='{7d5387b0-cbe0-11da-a94d-0800200c9a66}'/><EventID>1038</EventID><Version>0</Version><Level>4</Level><Task>0</Task><Opcode>0</Opcode><Keywords>0x8000000000000000</Keywords><TimeCreated SystemTime='2025-06-02T16:48:02.4040378Z'/><EventRecordID>538</EventRecordID><Correlation/><Execution ProcessID='2888' ThreadID='2292'/><Channel>System</Channel><Computer>NIKOLAISMETBD82</Computer><Security UserID='S-1-5-18'/></System><EventData><Data Name='Path'>C:\WINDOWS\Logs\MeasuredBoot\0000000004-0000000000.json</Data></EventData></Event><Event xmlns='http://schemas.microsoft.com/win/2004/08/events/event'><System><Provider Name='Microsoft-Windows-TPM-WMI' Guid='{7d5387b0-cbe0-11da-a94d-0800200c9a66}'/><EventID>1041</EventID><Version>0</Version><Level>4</Level><Task>0</Task><Opcode>0</Opcode><Keywords>0x8000000000000000</Keywords><TimeCreated SystemTime='2025-06-02T16:48:02.4039786Z'/><EventRecordID>537</EventRecordID><Correlation/><Execution ProcessID='2888' ThreadID='2292'/><Channel>System</Channel><Computer>NIKOLAISMETBD82</Computer><Security UserID='S-1-5-18'/></System><EventData><Data Name='Json'>{"Version":1,"HealthStatus":"Attestable","Required":[{"Field":"TpmPresent","Value":true,"DesiredValue":true},{"Field":"TpmMeetsMinimumVersion","Value":true,"DesiredValue":true},{"Field":"TpmIsResponsive","Value":true,"DesiredValue":true},{"Field":"EkCertIsAvailable","Value":true,"DesiredValue":true},{"Field":"TcgLogFound","Value":true,"DesiredValue":true}],"Expected":[{"Field":"PcrsMatchTcgLog","Value":true,"DesiredValue":true}],"Informational":[{"Field":"SecureBootEnabled","ValueFromComputer":true,"ValueFromTcgLog":false,"DesiredValue":true,"TcgValueIsVerifiable":true},{"Field":"VirtualSecureMemory","ValueFromComputer":false,"ValueFromTcgLog":false,"DesiredValue":true,"TcgValueIsVerifiable":true},{"Field":"SecureCorePCCompliant","ValueFromComputer":false,"ValueFromTcgLog":false,"DesiredValue":true,"TcgValueIsVerifiable":true}]}</Data></EventData></Event><Event xmlns='http://schemas.microsoft.com/win/2004/08/events/event'><System><Provider Name='Microsoft-Windows-HttpService' Guid='{dd5ef90a-6398-47a4-ad34-4dcecdef795f}'/><EventID>112</EventID><Version>0</Version><Level>4</Level><Task>3</Task><Opcode>121</Opcode><Keywords>0x4000000000000001</Keywords><TimeCreated SystemTime='2025-06-02T16:48:01.8113884Z'/><EventRecordID>536</EventRecordID><Correlation/><Execution ProcessID='4' ThreadID='268'/><Channel>System</Channel><Computer>NIKOLAISMETBD82</Computer><Security UserID='S-1-5-18'/></System><EventData><Data Name='Url'>http://+:10247/apps/</Data><Data Name='ReserveStatus'>0</Data><Data Name='ProcessId'>4</Data><Data Name='ExecutablePath'></Data><Data Name='UserSid'>S-1-5-18</Data></EventData></Event><Event xmlns='http://schemas.microsoft.com/win/2004/08/events/event'><System><Provider Name='Microsoft-Windows-HttpService' Guid='{dd5ef90a-6398-47a4-ad34-4dcecdef795f}'/><EventID>112</EventID><Version>0</Version><Level>4</Level><Task>3</Task><Opcode>121</Opcode><Keywords>0x4000000000000001</Keywords><TimeCreated SystemTime='2025-06-02T16:48:01.8113789Z'/><EventRecordID>535</EventRecordID><Correlation/><Execution ProcessID='4' ThreadID='268'/><Channel>System</Channel><Computer>NIKOLAISMETBD82</Computer><Security UserID='S-1-5-18'/></System><EventData><Data Name='Url'>http://+:80/116B50EB-ECE2-41ac-8429-9F9E963361B7/</Data><Data Name='ReserveStatus'>0</Data><Data Name='ProcessId'>4</Data><Data Name='ExecutablePath'></Data><Data Name='UserSid'>S-1-5-18</Data></EventData></Event><Event xmlns='http://schemas.microsoft.com/win/2004/08/events/event'><System><Provider Name='Microsoft-Windows-HttpService' Guid='{dd5ef90a-6398-47a4-ad34-4dcecdef795f}'/><EventID>112</EventID><Version>0</Version><Level>4</Level><Task>3</Task><Opcode>121</Opcode><Keywords>0x4000000000000001</Keywords><TimeCreated SystemTime='2025-06-02T16:48:01.8113751Z'/><EventRecordID>534</EventRecordID><Correlation/><Execution ProcessID='4' ThreadID='268'/><Channel>System</Channel><Computer>NIKOLAISMETBD82</Computer><Security UserID='S-1-5-18'/></System><EventData><Data Name='Url'>https://+:443/C574AC30-5794-4AEE-B1BB-6651C5315029/</Data><Data Name='ReserveStatus'>0</Data><Data Name='ProcessId'>4</Data><Data Name='ExecutablePath'></Data><Data Name='UserSid'>S-1-5-18</Data></EventData></Event><Event xmlns='http://schemas.microsoft.com/win/2004/08/events/event'><System><Provider Name='Microsoft-Windows-HttpService' Guid='{dd5ef90a-6398-47a4-ad34-4dcecdef795f}'/><EventID>112</EventID><Version>0</Version><Level>4</Level><Task>3</Task><Opcode>121</Opcode><Keywords>0x4000000000000001</Keywords><TimeCreated SystemTime='2025-06-02T16:48:01.8113716Z'/><EventRecordID>533</EventRecordID><Correlation/><Execution ProcessID='4' ThreadID='268'/><Channel>System</Channel><Computer>NIKOLAISMETBD82</Computer><Security UserID='S-1-5-18'/></System><EventData><Data Name='Url'>http://+:80/0131501b-d67f-491b-9a40-c4bf27bcb4d4/</Data><Data Name='ReserveStatus'>0</Data><Data Name='ProcessId'>4</Data><Data Name='ExecutablePath'></Data><Data Name='UserSid'>S-1-5-18</Data></EventData></Event><Event xmlns='http://schemas.microsoft.com/win/2004/08/events/event'><System><Provider Name='Microsoft-Windows-HttpService' Guid='{dd5ef90a-6398-47a4-ad34-4dcecdef795f}'/><EventID>112</EventID><Version>0</Version><Level>4</Level><Task>3</Task><Opcode>121</Opcode><Keywords>0x4000000000000001</Keywords><TimeCreated SystemTime='2025-06-02T16:48:01.8113675Z'/><EventRecordID>532</EventRecordID><Correlation/><Execution ProcessID='4' ThreadID='268'/><Channel>System</Channel><Computer>NIKOLAISMETBD82</Computer><Security UserID='S-1-5-18'/></System><EventData><Data Name='Url'>http://+:3387/rdp/</Data><Data Name='ReserveStatus'>0</Data><Data Name='ProcessId'>4</Data><Data Name='ExecutablePath'></Data><Data Name='UserSid'>S-1-5-18</Data></EventData></Event><Event xmlns='http://schemas.microsoft.com/win/2004/08/events/event'><System><Provider Name='Microsoft-Windows-HttpService' Guid='{dd5ef90a-6398-47a4-ad34-4dcecdef795f}'/><EventID>112</EventID><Version>0</Version><Level>4</Level><Task>3</Task><Opcode>121</Opcode><Keywords>0x4000000000000001</Keywords><TimeCreated SystemTime='2025-06-02T16:48:01.8113563Z'/><EventRecordID>531</EventRecordID><Correlation/><Execution ProcessID='4' ThreadID='268'/><Channel>System</Channel><Computer>NIKOLAISMETBD82</Computer><Security UserID='S-1-5-18'/></System><EventData><Data Name='Url'>https://+:3392/rdp/</Data><Data Name='ReserveStatus'>0</Data><Data Name='ProcessId'>4</Data><Data Name='ExecutablePath'></Data><Data Name='UserSid'>S-1-5-18</Data></EventData></Event><Event xmlns='http://schemas.microsoft.com/win/2004/08/events/event'><System><Provider Name='Microsoft-Windows-HttpService' Guid='{dd5ef90a-6398-47a4-ad34-4dcecdef795f}'/><EventID>112</EventID><Version>0</Version><Level>4</Level><Task>3</Task><Opcode>121</Opcode><Keywords>0x4000000000000001</Keywords><TimeCreated SystemTime='2025-06-02T16:48:01.8113535Z'/><EventRecordID>530</EventRecordID><Correlation/><Execution ProcessID='4' ThreadID='268'/><Channel>System</Channel><Computer>NIKOLAISMETBD82</Computer><Security UserID='S-1-5-18'/></System><EventData><Data Name='Url'>http://+:10246/MDEServer/</Data><Data Name='ReserveStatus'>0</Data><Data Name='ProcessId'>4</Data><Data Name='ExecutablePath'></Data><Data Name='UserSid'>S-1-5-18</Data></EventData></Event><Event xmlns='http://schemas.microsoft.com/win/2004/08/events/event'><System><Provider Name='Microsoft-Windows-HttpService' Guid='{dd5ef90a-6398-47a4-ad34-4dcecdef795f}'/><EventID>112</EventID><Version>0</Version><Level>4</Level><Task>3</Task><Opcode>121</Opcode><Keywords>0x4000000000000001</Keywords><TimeCreated SystemTime='2025-06-02T16:48:01.8113500Z'/><EventRecordID>529</EventRecordID><Correlation/><Execution ProcessID='4' ThreadID='268'/><Channel>System</Channel><Computer>NIKOLAISMETBD82</Computer><Security UserID='S-1-5-18'/></System><EventData><Data Name='Url'>http://+:10243/WMPNSSv4/</Data><Data Name='ReserveStatus'>0</Data><Data Name='ProcessId'>4</Data><Data Name='ExecutablePath'></Data><Data Name='UserSid'>S-1-5-18</Data></EventData></Event><Event xmlns='http://schemas.microsoft.com/win/2004/08/events/event'><System><Provider Name='Microsoft-Windows-HttpService' Guid='{dd5ef90a-6398-47a4-ad34-4dcecdef795f}'/><EventID>112</EventID><Version>0</Version><Level>4</Level><Task>3</Task><Opcode>121</Opcode><Keywords>0x4000000000000001</Keywords><TimeCreated SystemTime='2025-06-02T16:48:01.8113435Z'/><EventRecordID>528</EventRecordID><Correlation/><Execution ProcessID='4' ThreadID='268'/><Channel>System</Channel><Computer>NIKOLAISMETBD82</Computer><Security UserID='S-1-5-18'/></System><EventData><Data Name='Url'>https://+:10245/WMPNSSv4/</Data><Data Name='ReserveStatus'>0</Data><Data Name='ProcessId'>4</Data><Data Name='ExecutablePath'></Data><Data Name='UserSid'>S-1-5-18</Data></EventData></Event><Event xmlns='http://schemas.microsoft.com/win/2004/08/events/event'><System><Provider Name='Microsoft-Windows-HttpService' Guid='{dd5ef90a-6398-47a4-ad34-4dcecdef795f}'/><EventID>112</EventID><Version>0</Version><Level>4</Level><Task>3</Task><Opcode>121</Opcode><Keywords>0x4000000000000001</Keywords><TimeCreated SystemTime='2025-06-02T16:48:01.8113403Z'/><EventRecordID>527</EventRecordID><Correlation/><Execution ProcessID='4' ThreadID='268'/><Channel>System</Channel><Computer>NIKOLAISMETBD82</Computer><Security UserID='S-1-5-18'/></System><EventData><Data Name='Url'>http://*:2869/</Data><Data Name='ReserveStatus'>0</Data><Data Name='ProcessId'>4</Data><Data Name='ExecutablePath'></Data><Data Name='UserSid'>S-1-5-18</Data></EventData></Event><Event xmlns='http://schemas.microsoft.com/win/2004/08/events/event'><System><Provider Name='Microsoft-Windows-HttpService' Guid='{dd5ef90a-6398-47a4-ad34-4dcecdef795f}'/><EventID>112</EventID><Version>0</Version><Level>4</Level><Task>3</Task><Opcode>121</Opcode><Keywords>0x4000000000000001</Keywords><TimeCreated SystemTime='2025-06-02T16:48:01.8113376Z'/><EventRecordID>526</EventRecordID><Correlation/><Execution ProcessID='4' ThreadID='268'/><Channel>System</Channel><Computer>NIKOLAISMETBD82</Computer><Security UserID='S-1-5-18'/></System><EventData><Data Name='Url'>http://+:5985/wsman/</Data><Data Name='ReserveStatus'>0</Data><Data Name='ProcessId'>4</Data><Data Name='ExecutablePath'></Data><Data Name='UserSid'>S-1-5-18</Data></EventData></Event><Event xmlns='http://schemas.microsoft.com/win/2004/08/events/event'><System><Provider Name='Microsoft-Windows-HttpService' Guid='{dd5ef90a-6398-47a4-ad34-4dcecdef795f}'/><EventID>112</EventID><Version>0</Version><Level>4</Level><Task>3</Task><Opcode>121</Opcode><Keywords>0x4000000000000001</Keywords><TimeCreated SystemTime='2025-06-02T16:48:01.8113348Z'/><EventRecordID>525</EventRecordID><Correlation/><Execution ProcessID='4' ThreadID='268'/><Channel>System</Channel><Computer>NIKOLAISMETBD82</Computer><Security UserID='S-1-5-18'/></System><EventData><Data Name='Url'>http://+:47001/wsman/</Data><Data Name='ReserveStatus'>0</Data><Data Name='ProcessId'>4</Data><Data Name='ExecutablePath'></Data><Data Name='UserSid'>S-1-5-18</Data></EventData></Event><Event xmlns='http://schemas.microsoft.com/win/2004/08/events/event'><System><Provider Name='Microsoft-Windows-HttpService' Guid='{dd5ef90a-6398-47a4-ad34-4dcecdef795f}'/><EventID>112</EventID><Version>0</Version><Level>4</Level><Task>3</Task><Opcode>121</Opcode><Keywords>0x4000000000000001</Keywords><TimeCreated SystemTime='2025-06-02T16:48:01.8113319Z'/><EventRecordID>524</EventRecordID><Correlation/><Execution ProcessID='4' ThreadID='268'/><Channel>System</Channel><Computer>NIKOLAISMETBD82</Computer><Security UserID='S-1-5-18'/></System><EventData><Data Name='Url'>https://+:5986/wsman/</Data><Data Name='ReserveStatus'>0</Data><Data Name='ProcessId'>4</Data><Data Name='ExecutablePath'></Data><Data Name='UserSid'>S-1-5-18</Data></EventData></Event><Event xmlns='http://schemas.microsoft.com/win/2004/08/events/event'><System><Provider Name='Microsoft-Windows-HttpService' Guid='{dd5ef90a-6398-47a4-ad34-4dcecdef795f}'/><EventID>112</EventID><Version>0</Version><Level>4</Level><Task>3</Task><Opcode>121</Opcode><Keywords>0x4000000000000001</Keywords><TimeCreated SystemTime='2025-06-02T16:48:01.8113262Z'/><EventRecordID>523</EventRecordID><Correlation/><Execution ProcessID='4' ThreadID='268'/><Channel>System</Channel><Computer>NIKOLAISMETBD82</Computer><Security UserID='S-1-5-18'/></System><EventData><Data Name='Url'>https://+:443/sra_{BA195980-CD49-458b-9E23-C84EE0ADCD75}/</Data><Data Name='ReserveStatus'>0</Data><Data Name='ProcessId'>4</Data><Data Name='ExecutablePath'></Data><Data Name='UserSid'>S-1-5-18</Data></EventData></Event><Event xmlns='http://schemas.microsoft.com/win/2004/08/events/event'><System><Provider Name='Microsoft-Windows-HttpService' Guid='{dd5ef90a-6398-47a4-ad34-4dcecdef795f}'/><EventID>112</EventID><Version>0</Version><Level>4</Level><Task>3</Task><Opcode>121</Opcode><Keywords>0x4000000000000001</Keywords><TimeCreated SystemTime='2025-06-02T16:48:01.8113201Z'/><EventRecordID>522</EventRecordID><Correlation/><Execution ProcessID='4' ThreadID='268'/><Channel>System</Channel><Computer>NIKOLAISMETBD82</Computer><Security UserID='S-1-5-18'/></System><EventData><Data Name='Url'>https://*:5358/</Data><Data Name='ReserveStatus'>0</Data><Data Name='ProcessId'>4</Data><Data Name='ExecutablePath'></Data><Data Name='UserSid'>S-1-5-18</Data></EventData></Event><Event xmlns='http://schemas.microsoft.com/win/2004/08/events/event'><System><Provider Name='Microsoft-Windows-HttpService' Guid='{dd5ef90a-6398-47a4-ad34-4dcecdef795f}'/><EventID>112</EventID><Version>0</Version><Level>4</Level><Task>3</Task><Opcode>121</Opcode><Keywords>0x4000000000000001</Keywords><TimeCreated SystemTime='2025-06-02T16:48:01.8113137Z'/><EventRecordID>521</EventRecordID><Correlation/><Execution ProcessID='4' ThreadID='268'/><Channel>System</Channel><Computer>NIKOLAISMETBD82</Computer><Security UserID='S-1-5-18'/></System><EventData><Data Name='Url'>http://+:80/Temporary_Listen_Addresses/</Data><Data Name='ReserveStatus'>0</Data><Data Name='ProcessId'>4</Data><Data Name='ExecutablePath'></Data><Data Name='UserSid'>S-1-5-18</Data></EventData></Event><Event xmlns='http://schemas.microsoft.com/win/2004/08/events/event'><System><Provider Name='Microsoft-Windows-HttpService' Guid='{dd5ef90a-6398-47a4-ad34-4dcecdef795f}'/><EventID>112</EventID><Version>0</Version><Level>4</Level><Task>3</Task><Opcode>121</Opcode><Keywords>0x4000000000000001</Keywords><TimeCreated SystemTime='2025-06-02T16:48:01.8113078Z'/><EventRecordID>520</EventRecordID><Correlation/><Execution ProcessID='4' ThreadID='268'/><Channel>System</Channel><Computer>NIKOLAISMETBD82</Computer><Security UserID='S-1-5-18'/></System><EventData><Data Name='Url'>http://*:5357/</Data><Data Name='ReserveStatus'>0</Data><Data Name='ProcessId'>4</Data><Data Name='ExecutablePath'></Data><Data Name='UserSid'>S-1-5-18</Data></EventData></Event><Event xmlns='http://schemas.microsoft.com/win/2004/08/events/event'><System><Provider Name='Microsoft-Windows-FilterManager' Guid='{f3c5e28e-63f6-49c7-a204-e48a1bc4b09d}'/><EventID>6</EventID><Version>0</Version><Level>4</Level><Task>0</Task><Opcode>0</Opcode><Keywords>0x8000000000000000</Keywords><TimeCreated SystemTime='2025-06-02T16:48:01.4701914Z'/><EventRecordID>519</EventRecordID><Correlation/><Execution ProcessID='4' ThreadID='400'/><Channel>System</Channel><Computer>NIKOLAISMETBD82</Computer><Security UserID='S-1-5-18'/></System><EventData><Data Name='FinalStatus'>0x0</Data><Data Name='DeviceVersionMajor'>10</Data><Data Name='DeviceVersionMinor'>0</Data><Data Name='DeviceNameLength'>7</Data><Data Name='DeviceName'>bindflt</Data><Data Name='DeviceTime'>2076-08-13T09:23:28.0000000Z</Data></EventData></Event><Event xmlns='http://schemas.microsoft.com/win/2004/08/events/event'><System><Provider Name='Microsoft-Windows-FilterManager' Guid='{f3c5e28e-63f6-49c7-a204-e48a1bc4b09d}'/><EventID>6</EventID><Version>0</Version><Level>4</Level><Task>0</Task><Opcode>0</Opcode><Keywords>0x8000000000000000</Keywords><TimeCreated SystemTime='2025-06-02T16:48:01.4648869Z'/><EventRecordID>518</EventRecordID><Correlation/><Execution ProcessID='4' ThreadID='400'/><Channel>System</Channel><Computer>NIKOLAISMETBD82</Computer><Security UserID='S-1-5-18'/></System><EventData><Data Name='FinalStatus'>0x0</Data><Data Name='DeviceVersionMajor'>10</Data><Data Name='DeviceVersionMinor'>0</Data><Data Name='DeviceNameLength'>10</Data><Data Name='DeviceName'>storqosflt</Data><Data Name='DeviceTime'>2073-10-13T14:50:58.0000000Z</Data></EventData></Event><Event xmlns='http://schemas.microsoft.com/win/2004/08/events/event'><System><Provider Name='Microsoft-Windows-FilterManager' Guid='{f3c5e28e-63f6-49c7-a204-e48a1bc4b09d}'/><EventID>6</EventID><Version>0</Version><Level>4</Level><Task>0</Task><Opcode>0</Opcode><Keywords>0x8000000000000000</Keywords><TimeCreated SystemTime='2025-06-02T16:48:01.4609690Z'/><EventRecordID>517</EventRecordID><Correlation/><Execution ProcessID='4' ThreadID='400'/><Channel>System</Channel><Computer>NIKOLAISMETBD82</Computer><Security UserID='S-1-5-18'/></System><EventData><Data Name='FinalStatus'>0x0</Data><Data Name='DeviceVersionMajor'>10</Data><Data Name='DeviceVersionMinor'>0</Data><Data Name='DeviceNameLength'>7</Data><Data Name='DeviceName'>UnionFS</Data><Data Name='DeviceTime'>1984-01-11T08:44:42.0000000Z</Data></EventData></Event><Event xmlns='http://schemas.microsoft.com/win/2004/08/events/event'><System><Provider Name='Microsoft-Windows-FilterManager' Guid='{f3c5e28e-63f6-49c7-a204-e48a1bc4b09d}'/><EventID>6</EventID><Version>0</Version><Level>4</Level><Task>0</Task><Opcode>0</Opcode><Keywords>0x8000000000000000</Keywords><TimeCreated SystemTime='2025-06-02T16:48:01.4524570Z'/><EventRecordID>516</EventRecordID><Correlation/><Execution ProcessID='4' ThreadID='232'/><Channel>System</Channel><Computer>NIKOLAISMETBD82</Computer><Security UserID='S-1-5-18'/></System><EventData><Data Name='FinalStatus'>0x0</Data><Data Name='DeviceVersionMajor'>10</Data><Data Name='DeviceVersionMinor'>0</Data><Data Name='DeviceNameLength'>6</Data><Data Name='DeviceName'>CldFlt</Data><Data Name='DeviceTime'>2045-01-07T22:12:58.0000000Z</Data></EventData></Event><Event xmlns='http://schemas.microsoft.com/win/2004/08/events/event'><System><Provider Name='Microsoft-Windows-FilterManager' Guid='{f3c5e28e-63f6-49c7-a204-e48a1bc4b09d}'/><EventID>1</EventID><Version>0</Version><Level>4</Level><Task>0</Task><Opcode>0</Opcode><Keywords>0x8000000000000000</Keywords><TimeCreated SystemTime='2025-06-02T16:48:01.4524094Z'/><EventRecordID>515</EventRecordID><Correlation/><Execution ProcessID='4' ThreadID='232'/><Channel>System</Channel><Computer>NIKOLAISMETBD82</Computer><Security UserID='S-1-5-18'/></System><EventData><Data Name='FinalStatus'>0x0</Data><Data Name='DeviceVersionMajor'>10</Data><Data Name='DeviceVersionMinor'>0</Data><Data Name='DeviceNameLength'>6</Data><Data Name='DeviceName'>CldFlt</Data><Data Name='DeviceTime'>2045-01-07T22:12:58.0000000Z</Data></EventData></Event><Event xmlns='http://schemas.microsoft.com/win/2004/08/events/event'><System><Provider Name='Microsoft-Windows-FilterManager' Guid='{f3c5e28e-63f6-49c7-a204-e48a1bc4b09d}'/><EventID>6</EventID><Version>0</Version><Level>4</Level><Task>0</Task><Opcode>0</Opcode><Keywords>0x8000000000000000</Keywords><TimeCreated SystemTime='2025-06-02T16:48:01.4523985Z'/><EventRecordID>514</EventRecordID><Correlation/><Execution ProcessID='4' ThreadID='232'/><Channel>System</Channel><Computer>NIKOLAISMETBD82</Computer><Security UserID='S-1-5-18'/></System><EventData><Data Name='FinalStatus'>0x0</Data><Data Name='DeviceVersionMajor'>10</Data><Data Name='DeviceVersionMinor'>0</Data><Data Name='DeviceNameLength'>6</Data><Data Name='DeviceName'>CldFlt</Data><Data Name='DeviceTime'>2045-01-07T22:12:58.0000000Z</Data></EventData></Event><Event xmlns='http://schemas.microsoft.com/win/2004/08/events/event'><System><Provider Name='Microsoft-Windows-FilterManager' Guid='{f3c5e28e-63f6-49c7-a204-e48a1bc4b09d}'/><EventID>6</EventID><Version>0</Version><Level>4</Level><Task>0</Task><Opcode>0</Opcode><Keywords>0x8000000000000000</Keywords><TimeCreated SystemTime='2025-06-02T16:48:01.3025941Z'/><EventRecordID>513</EventRecordID><Correlation/><Execution ProcessID='4' ThreadID='264'/><Channel>System</Channel><Computer>NIKOLAISMETBD82</Computer><Security UserID='S-1-5-18'/></System><EventData><Data Name='FinalStatus'>0x0</Data><Data Name='DeviceVersionMajor'>10</Data><Data Name='DeviceVersionMinor'>0</Data><Data Name='DeviceNameLength'>5</Data><Data Name='DeviceName'>luafv</Data><Data Name='DeviceTime'>2053-12-04T11:35:47.0000000Z</Data></EventData></Event><Event xmlns='http://schemas.microsoft.com/win/2004/08/events/event'><System><Provider Name='Microsoft-Windows-FilterManager' Guid='{f3c5e28e-63f6-49c7-a204-e48a1bc4b09d}'/><EventID>6</EventID><Version>0</Version><Level>4</Level><Task>0</Task><Opcode>0</Opcode><Keywords>0x8000000000000000</Keywords><TimeCreated SystemTime='2025-06-02T16:48:01.2992043Z'/><EventRecordID>512</EventRecordID><Correlation/><Execution ProcessID='4' ThreadID='132'/><Channel>System</Channel><Computer>NIKOLAISMETBD82</Computer><Security UserID='S-1-5-18'/></System><EventData><Data Name='FinalStatus'>0x0</Data><Data Name='DeviceVersionMajor'>10</Data><Data Name='DeviceVersionMinor'>0</Data><Data Name='DeviceNameLength'>5</Data><Data Name='DeviceName'>wcifs</Data><Data Name='DeviceTime'>2099-11-27T05:14:01.0000000Z</Data></EventData></Event><Event xmlns='http://schemas.microsoft.com/win/2004/08/events/event'><System><Provider Name='Microsoft-Windows-FilterManager' Guid='{f3c5e28e-63f6-49c7-a204-e48a1bc4b09d}'/><EventID>6</EventID><Version>0</Version><Level>4</Level><Task>0</Task><Opcode>0</Opcode><Keywords>0x8000000000000000</Keywords><TimeCreated SystemTime='2025-06-02T16:48:01.2894412Z'/><EventRecordID>511</EventRecordID><Correlation/><Execution ProcessID='4' ThreadID='264'/><Channel>System</Channel><Computer>NIKOLAISMETBD82</Computer><Security UserID='S-1-5-18'/></System><EventData><Data Name='FinalStatus'>0x0</Data><Data Name='DeviceVersionMajor'>10</Data><Data Name='DeviceVersionMinor'>0</Data><Data Name='DeviceNameLength'>3</Data><Data Name='DeviceName'>bfs</Data><Data Name='DeviceTime'>1971-12-21T17:40:21.0000000Z</Data></EventData></Event><Event xmlns='http://schemas.microsoft.com/win/2004/08/events/event'><System><Provider Name='Microsoft-Windows-DHCPv6-Client' Guid='{6a1f2b00-6a90-4c38-95a5-5cab3b056778}'/><EventID>51046</EventID><Version>0</Version><Level>4</Level><Task>4</Task><Opcode>62</Opcode><Keywords>0x2000000000000000</Keywords><TimeCreated SystemTime='2025-06-02T16:48:01.2364190Z'/><EventRecordID>510</EventRecordID><Correlation/><Execution ProcessID='1656' ThreadID='1920'/><Channel>System</Channel><Computer>NIKOLAISMETBD82</Computer><Security UserID='S-1-5-19'/></System><EventData></EventData></Event><Event xmlns='http://schemas.microsoft.com/win/2004/08/events/event'><System><Provider Name='Microsoft-Windows-Dhcp-Client' Guid='{15a7a4f8-0072-4eab-abad-f98a4d666aed}'/><EventID>50036</EventID><Version>0</Version><Level>4</Level><Task>4</Task><Opcode>68</Opcode><Keywords>0x2000000000000000</Keywords><TimeCreated SystemTime='2025-06-02T16:48:01.2060001Z'/><EventRecordID>509</EventRecordID><Correlation/><Execution ProcessID='1656' ThreadID='1796'/><Channel>System</Channel><Computer>NIKOLAISMETBD82</Computer><Security UserID='S-1-5-19'/></System><EventData></EventData></Event><Event xmlns='http://schemas.microsoft.com/win/2004/08/events/event'><System><Provider Name='Microsoft-Windows-Dhcp-Client' Guid='{15a7a4f8-0072-4eab-abad-f98a4d666aed}'/><EventID>50103</EventID><Version>0</Version><Level>4</Level><Task>4</Task><Opcode>129</Opcode><Keywords>0x2000000000000000</Keywords><TimeCreated SystemTime='2025-06-02T16:48:01.2059461Z'/><EventRecordID>508</EventRecordID><Correlation/><Execution ProcessID='1656' ThreadID='1796'/><Channel>System</Channel><Computer>NIKOLAISMETBD82</Computer><Security UserID='S-1-5-19'/></System><EventData></EventData></Event><Event xmlns='http://schemas.microsoft.com/win/2004/08/events/event'><System><Provider Name='Microsoft-Windows-Dhcp-Client' Guid='{15a7a4f8-0072-4eab-abad-f98a4d666aed}'/><EventID>50036</EventID><Version>0</Version><Level>4</Level><Task>4</Task><Opcode>68</Opcode><Keywords>0x2000000000000000</Keywords><TimeCreated SystemTime='2025-06-02T16:48:01.2057867Z'/><EventRecordID>507</EventRecordID><Correlation/><Execution ProcessID='1656' ThreadID='1796'/><Channel>System</Channel><Computer>NIKOLAISMETBD82</Computer><Security UserID='S-1-5-19'/></System><EventData></EventData></Event><Event xmlns='http://schemas.microsoft.com/win/2004/08/events/event'><System><Provider Name='Microsoft-Windows-FilterManager' Guid='{f3c5e28e-63f6-49c7-a204-e48a1bc4b09d}'/><EventID>6</EventID><Version>0</Version><Level>4</Level><Task>0</Task><Opcode>0</Opcode><Keywords>0x8000000000000000</Keywords><TimeCreated SystemTime='2025-06-02T16:48:01.2052490Z'/><EventRecordID>506</EventRecordID><Correlation/><Execution ProcessID='4' ThreadID='264'/><Channel>System</Channel><Computer>NIKOLAISMETBD82</Computer><Security UserID='S-1-5-18'/></System><EventData><Data Name='FinalStatus'>0x0</Data><Data Name='DeviceVersionMajor'>10</Data><Data Name='DeviceVersionMinor'>0</Data><Data Name='DeviceNameLength'>13</Data><Data Name='DeviceName'>applockerfltr</Data><Data Name='DeviceTime'>2031-04-22T13:37:03.0000000Z</Data></EventData></Event><Event xmlns='http://schemas.microsoft.com/win/2004/08/events/event'><System><Provider Name='Microsoft-Windows-Directory-Services-SAM' Guid='{0d4fdc09-8c27-494a-bda0-505e4fd8adae}'/><EventID>16983</EventID><Version>0</Version><Level>4</Level><Task>0</Task><Opcode>0</Opcode><Keywords>0x8000000000000000</Keywords><TimeCreated SystemTime='2025-06-02T16:48:00.5151277Z'/><EventRecordID>505</EventRecordID><Correlation ActivityID='{189ccb3f-d3de-0002-c0cb-9c18ded3db01}'/><Execution ProcessID='912' ThreadID='916'/><Channel>System</Channel><Computer>NIKOLAISMETBD82</Computer><Security UserID='S-1-5-18'/></System><EventData Name='SAMMSG_AUDIT_LEGACY_PWD_RPC_METHODS_OFF'></EventData></Event><Event xmlns='http://schemas.microsoft.com/win/2004/08/events/event'><System><Provider Name='Microsoft-Windows-Directory-Services-SAM' Guid='{0d4fdc09-8c27-494a-bda0-505e4fd8adae}'/><EventID>16977</EventID><Version>0</Version><Level>4</Level><Task>0</Task><Opcode>0</Opcode><Keywords>0x8000000000000000</Keywords><TimeCreated SystemTime='2025-06-02T16:48:00.5151241Z'/><EventRecordID>504</EventRecordID><Correlation ActivityID='{189ccb3f-d3de-0002-c0cb-9c18ded3db01}'/><Execution ProcessID='912' ThreadID='916'/><Channel>System</Channel><Computer>NIKOLAISMETBD82</Computer><Security UserID='S-1-5-18'/></System><EventData Name='SAMMSG_MINPWDLEN_SETTINGS_IN_EFFECT'><Data Name='MinimumPasswordLength'>0</Data><Data Name='RelaxMinimumPasswordLengthLimits'>0</Data><Data Name='MinimumPasswordLengthAudit'>-1</Data></EventData></Event><Event xmlns='http://schemas.microsoft.com/win/2004/08/events/event'><System><Provider Name='Microsoft-Windows-Directory-Services-SAM' Guid='{0d4fdc09-8c27-494a-bda0-505e4fd8adae}'/><EventID>16962</EventID><Version>0</Version><Level>4</Level><Task>0</Task><Opcode>0</Opcode><Keywords>0x8000000000000000</Keywords><TimeCreated SystemTime='2025-06-02T16:48:00.4395823Z'/><EventRecordID>503</EventRecordID><Correlation ActivityID='{189ccb3f-d3de-0002-c0cb-9c18ded3db01}'/><Execution ProcessID='912' ThreadID='916'/><Channel>System</Channel><Computer>NIKOLAISMETBD82</Computer><Security UserID='S-1-5-18'/></System><EventData Name='SAMMSG_RESTRICT_REMOTE_SAM_DEFAULT_SD'><Data Name='Default SD String:'>O:SYG:SYD:(A;;RC;;;BA)</Data></EventData></Event><Event xmlns='http://schemas.microsoft.com/win/2004/08/events/event'><System><Provider Name='LsaSrv' Guid='{199fe037-2b82-40a9-82ac-e1d46c792b99}'/><EventID>6156</EventID><Version>0</Version><Level>4</Level><Task>0</Task><Opcode>0</Opcode><Keywords>0x8000000000000000</Keywords><TimeCreated SystemTime='2025-06-02T16:48:00.3494391Z'/><EventRecordID>502</EventRecordID><Correlation/><Execution ProcessID='912' ThreadID='916'/><Channel>System</Channel><Computer>NIKOLAISMETBD82</Computer><Security UserID='S-1-5-18'/></System><EventData><Data Name='HardwareChecks'>0</Data><Data Name='ADDomainJoin'>0</Data><Data Name='AADDomainJoin'>0</Data><Data Name='IsLicensed'>0</Data><Data Name='DomainController'>0</Data></EventData></Event><Event xmlns='http://schemas.microsoft.com/win/2004/08/events/event'><System><Provider Name='Microsoft-Windows-Wininit' Guid='{206f6dea-d3c5-4d10-bc72-989f03c8b84b}'/><EventID>12</EventID><Version>0</Version><Level>4</Level><Task>0</Task><Opcode>0</Opcode><Keywords>0x4000000000000000</Keywords><TimeCreated SystemTime='2025-06-02T16:48:00.3203182Z'/><EventRecordID>501</EventRecordID><Correlation/><Execution ProcessID='744' ThreadID='748'/><Channel>System</Channel><Computer>NIKOLAISMETBD82</Computer><Security UserID='S-1-5-18'/></System><EventData><Data Name='Level'>4</Data></EventData></Event><Event xmlns='http://schemas.microsoft.com/win/2004/08/events/event'><System><Provider Name='Microsoft-Windows-Wininit' Guid='{206f6dea-d3c5-4d10-bc72-989f03c8b84b}'/><EventID>14</EventID><Version>0</Version><Level>4</Level><Task>0</Task><Opcode>0</Opcode><Keywords>0x4000000000000000</Keywords><TimeCreated SystemTime='2025-06-02T16:48:00.3181907Z'/><EventRecordID>500</EventRecordID><Correlation/><Execution ProcessID='744' ThreadID='748'/><Channel>System</Channel><Computer>NIKOLAISMETBD82</Computer><Security UserID='S-1-5-18'/></System><EventData><Data Name='Config'>0</Data><Data Name='IsTestConfig'>0</Data><Data Name='IsAutoEnabled'>0</Data></EventData></Event><Event xmlns='http://schemas.microsoft.com/win/2004/08/events/event'><System><Provider Name='Microsoft-Windows-Kernel-General' Guid='{a68ca8b7-004f-d7b6-a698-07e2de0f1f5d}'/><EventID>24</EventID><Version>0</Version><Level>4</Level><Task>11</Task><Opcode>0</Opcode><Keywords>0x8000000000000010</Keywords><TimeCreated SystemTime='2025-06-02T16:47:59.8409817Z'/><EventRecordID>499</EventRecordID><Correlation/><Execution ProcessID='124' ThreadID='616'/><Channel>System</Channel><Computer>NIKOLAISMETBD82</Computer><Security UserID='S-1-5-18'/></System><EventData><Data Name='ExitReason'>0</Data><Data Name='CurrentBias'>-60</Data><Data Name='CurrentTimeZoneID'>2</Data><Data Name='TimeZoneInfoCacheUpdated'>0</Data><Data Name='FirstRefresh'>0</Data></EventData></Event><Event xmlns='http://schemas.microsoft.com/win/2004/08/events/event'><System><Provider Name='Microsoft-Windows-HAL' Guid='{63d1e632-95cc-4443-9312-af927761d52a}'/><EventID>20</EventID><Version>0</Version><Level>2</Level><Task>0</Task><Opcode>0</Opcode><Keywords>0x8000000000000000</Keywords><TimeCreated SystemTime='2025-06-02T16:47:59.8397516Z'/><EventRecordID>498</EventRecordID><Correlation/><Execution ProcessID='124' ThreadID='616'/><Channel>System</Channel><Computer>NIKOLAISMETBD82</Computer><Security UserID='S-1-5-18'/></System><EventData><Data Name='Status'>3221225473</Data></EventData></Event>