<Event xmlns='http://schemas.microsoft.com/win/2004/08/events/event'><System><Provider Name='Microsoft-Windows-Kernel-General' Guid='{a68ca8b7-004f-d7b6-a698-07e2de0f1f5d}'/><EventID>16</EventID><Version>0</Version><Level>4</Level><Task>0</Task><Opcode>0</Opcode><Keywords>0x8000000000000000</Keywords><TimeCreated SystemTime='2025-06-03T00:42:48.8488775Z'/><EventRecordID>110</EventRecordID><Correlation/><Execution ProcessID='4756' ThreadID='5304'/><Channel>System</Channel><Computer>NIKOLAI-BSDBOH4</Computer><Security UserID='S-1-5-18'/></System><EventData><Data Name='HiveNameLength'>142</Data><Data Name='HiveName'>\??\C:\ProgramData\Microsoft\Windows\AppRepository\Packages\Microsoft.BioEnrollment_10.0.19587.1000_neutral__cw5n1h2txyewy\ActivationStore.dat</Data><Data Name='KeysUpdated'>0</Data><Data Name='DirtyPages'>0</Data></EventData></Event><Event xmlns='http://schemas.microsoft.com/win/2004/08/events/event'><System><Provider Name='Microsoft-Windows-Kernel-General' Guid='{a68ca8b7-004f-d7b6-a698-07e2de0f1f5d}'/><EventID>16</EventID><Version>0</Version><Level>4</Level><Task>0</Task><Opcode>0</Opcode><Keywords>0x8000000000000000</Keywords><TimeCreated SystemTime='2025-06-03T00:42:48.7301860Z'/><EventRecordID>109</EventRecordID><Correlation/><Execution ProcessID='4756' ThreadID='5280'/><Channel>System</Channel><Computer>NIKOLAI-BSDBOH4</Computer><Security UserID='S-1-5-18'/></System><EventData><Data Name='HiveNameLength'>142</Data><Data Name='HiveName'>\??\C:\ProgramData\Microsoft\Windows\AppRepository\Packages\Microsoft.AsyncTextService_10.0.26100.1_neutral__8wekyb3d8bbwe\ActivationStore.dat</Data><Data Name='KeysUpdated'>0</Data><Data Name='DirtyPages'>0</Data></EventData></Event><Event xmlns='http://schemas.microsoft.com/win/2004/08/events/event'><System><Provider Name='Microsoft-Windows-Kernel-General' Guid='{a68ca8b7-004f-d7b6-a698-07e2de0f1f5d}'/><EventID>16</EventID><Version>0</Version><Level>4</Level><Task>0</Task><Opcode>0</Opcode><Keywords>0x8000000000000000</Keywords><TimeCreated SystemTime='2025-06-03T00:42:48.6196171Z'/><EventRecordID>108</EventRecordID><Correlation/><Execution ProcessID='4756' ThreadID='5280'/><Channel>System</Channel><Computer>NIKOLAI-BSDBOH4</Computer><Security UserID='S-1-5-18'/></System><EventData><Data Name='HiveNameLength'>141</Data><Data Name='HiveName'>\??\C:\ProgramData\Microsoft\Windows\AppRepository\Packages\Microsoft.AccountsControl_10.0.26100.1_neutral__cw5n1h2txyewy\ActivationStore.dat</Data><Data Name='KeysUpdated'>0</Data><Data Name='DirtyPages'>0</Data></EventData></Event><Event xmlns='http://schemas.microsoft.com/win/2004/08/events/event'><System><Provider Name='Microsoft-Windows-Kernel-General' Guid='{a68ca8b7-004f-d7b6-a698-07e2de0f1f5d}'/><EventID>16</EventID><Version>0</Version><Level>4</Level><Task>0</Task><Opcode>0</Opcode><Keywords>0x8000000000000000</Keywords><TimeCreated SystemTime='2025-06-03T00:42:48.4891345Z'/><EventRecordID>107</EventRecordID><Correlation/><Execution ProcessID='4756' ThreadID='5280'/><Channel>System</Channel><Computer>NIKOLAI-BSDBOH4</Computer><Security UserID='S-1-5-18'/></System><EventData><Data Name='HiveNameLength'>154</Data><Data Name='HiveName'>\??\C:\ProgramData\Microsoft\Windows\AppRepository\Packages\Microsoft.AAD.BrokerPlugin_1000.19580.1000.0_neutral_neutral_cw5n1h2txyewy\ActivationStore.dat</Data><Data Name='KeysUpdated'>0</Data><Data Name='DirtyPages'>0</Data></EventData></Event><Event xmlns='http://schemas.microsoft.com/win/2004/08/events/event'><System><Provider Name='TPM' Guid='{1b6b0772-251b-4d42-917d-faca166bc059}'/><EventID>17</EventID><Version>0</Version><Level>4</Level><Task>0</Task><Opcode>0</Opcode><Keywords>0x8000000000000000</Keywords><TimeCreated SystemTime='2025-06-03T00:42:48.4835147Z'/><EventRecordID>106</EventRecordID><Correlation/><Execution ProcessID='4' ThreadID='296'/><Channel>System</Channel><Computer>NIKOLAI-BSDBOH4</Computer><Security UserID='S-1-5-18'/></System><EventData><Data Name='driverFile'>0x1e</Data><Data Name='lineNumber'>960</Data><Data Name='TpmCommandOrdinal'>371</Data><Data Name='TpmResponseCode'>395</Data></EventData></Event><Event xmlns='http://schemas.microsoft.com/win/2004/08/events/event'><System><Provider Name='Microsoft-Windows-Kernel-General' Guid='{a68ca8b7-004f-d7b6-a698-07e2de0f1f5d}'/><EventID>16</EventID><Version>0</Version><Level>4</Level><Task>0</Task><Opcode>0</Opcode><Keywords>0x8000000000000000</Keywords><TimeCreated SystemTime='2025-06-03T00:42:48.2821800Z'/><EventRecordID>105</EventRecordID><Correlation/><Execution ProcessID='4756' ThreadID='5280'/><Channel>System</Channel><Computer>NIKOLAI-BSDBOH4</Computer><Security UserID='S-1-5-18'/></System><EventData><Data Name='HiveNameLength'>159</Data><Data Name='HiveName'>\??\C:\ProgramData\Microsoft\Windows\AppRepository\Packages\F46D4000-FD22-4DB4-AC8E-4E1DDDE828FE_10.0.26100.1_neutral_neutral_cw5n1h2txyewy\ActivationStore.dat</Data><Data Name='KeysUpdated'>0</Data><Data Name='DirtyPages'>0</Data></EventData></Event><Event xmlns='http://schemas.microsoft.com/win/2004/08/events/event'><System><Provider Name='Microsoft-Windows-Kernel-General' Guid='{a68ca8b7-004f-d7b6-a698-07e2de0f1f5d}'/><EventID>16</EventID><Version>0</Version><Level>4</Level><Task>0</Task><Opcode>0</Opcode><Keywords>0x8000000000000000</Keywords><TimeCreated SystemTime='2025-06-03T00:42:48.1612184Z'/><EventRecordID>104</EventRecordID><Correlation/><Execution ProcessID='4756' ThreadID='5280'/><Channel>System</Channel><Computer>NIKOLAI-BSDBOH4</Computer><Security UserID='S-1-5-18'/></System><EventData><Data Name='HiveNameLength'>162</Data><Data Name='HiveName'>\??\C:\ProgramData\Microsoft\Windows\AppRepository\Packages\E2A4F912-2574-4A75-9BB0-0D023378592B_10.0.19640.1000_neutral_neutral_cw5n1h2txyewy\ActivationStore.dat</Data><Data Name='KeysUpdated'>0</Data><Data Name='DirtyPages'>0</Data></EventData></Event><Event xmlns='http://schemas.microsoft.com/win/2004/08/events/event'><System><Provider Name='Microsoft-Windows-Kernel-General' Guid='{a68ca8b7-004f-d7b6-a698-07e2de0f1f5d}'/><EventID>16</EventID><Version>0</Version><Level>4</Level><Task>0</Task><Opcode>0</Opcode><Keywords>0x8000000000000000</Keywords><TimeCreated SystemTime='2025-06-03T00:42:48.0319063Z'/><EventRecordID>103</EventRecordID><Correlation/><Execution ProcessID='4756' ThreadID='5280'/><Channel>System</Channel><Computer>NIKOLAI-BSDBOH4</Computer><Security UserID='S-1-5-18'/></System><EventData><Data Name='HiveNameLength'>159</Data><Data Name='HiveName'>\??\C:\ProgramData\Microsoft\Windows\AppRepository\Packages\c5e2524a-ea46-4f67-841f-6a9465d9d515_10.0.26100.1_neutral_neutral_cw5n1h2txyewy\ActivationStore.dat</Data><Data Name='KeysUpdated'>0</Data><Data Name='DirtyPages'>0</Data></EventData></Event><Event xmlns='http://schemas.microsoft.com/win/2004/08/events/event'><System><Provider Name='Microsoft-Windows-Kernel-General' Guid='{a68ca8b7-004f-d7b6-a698-07e2de0f1f5d}'/><EventID>16</EventID><Version>0</Version><Level>4</Level><Task>0</Task><Opcode>0</Opcode><Keywords>0x8000000000000000</Keywords><TimeCreated SystemTime='2025-06-03T00:42:47.8877672Z'/><EventRecordID>102</EventRecordID><Correlation/><Execution ProcessID='4756' ThreadID='5280'/><Channel>System</Channel><Computer>NIKOLAI-BSDBOH4</Computer><Security UserID='S-1-5-18'/></System><EventData><Data Name='HiveNameLength'>162</Data><Data Name='HiveName'>\??\C:\ProgramData\Microsoft\Windows\AppRepository\Packages\1527c705-839a-4832-9118-54d4Bd6a0c89_10.0.19640.1000_neutral_neutral_cw5n1h2txyewy\ActivationStore.dat</Data><Data Name='KeysUpdated'>0</Data><Data Name='DirtyPages'>0</Data></EventData></Event><Event xmlns='http://schemas.microsoft.com/win/2004/08/events/event'><System><Provider Name='Service Control Manager' Guid='{555908d1-a6d7-4695-8e1e-26931d2012f4}' EventSourceName='Service Control Manager'/><EventID Qualifiers='16384'>7045</EventID><Version>0</Version><Level>4</Level><Task>0</Task><Opcode>0</Opcode><Keywords>0x8080000000000000</Keywords><TimeCreated SystemTime='2025-06-03T00:42:47.7537427Z'/><EventRecordID>101</EventRecordID><Correlation/><Execution ProcessID='880' ThreadID='4648'/><Channel>System</Channel><Computer>NIKOLAI-BSDBOH4</Computer><Security UserID='S-1-5-18'/></System><EventData><Data Name='ServiceName'>Microsoft Edge Elevation Service (MicrosoftEdgeElevationService)</Data><Data Name='ImagePath'>"C:\Program Files (x86)\Microsoft\Edge\Application\122.0.2365.106\elevation_service.exe"</Data><Data Name='ServiceType'>user mode service</Data><Data Name='StartType'>demand start</Data><Data Name='AccountName'>LocalSystem</Data></EventData></Event><Event xmlns='http://schemas.microsoft.com/win/2004/08/events/event'><System><Provider Name='TPM' Guid='{1b6b0772-251b-4d42-917d-faca166bc059}'/><EventID>17</EventID><Version>0</Version><Level>4</Level><Task>0</Task><Opcode>0</Opcode><Keywords>0x8000000000000000</Keywords><TimeCreated SystemTime='2025-06-03T00:42:47.6143801Z'/><EventRecordID>100</EventRecordID><Correlation/><Execution ProcessID='4' ThreadID='296'/><Channel>System</Channel><Computer>NIKOLAI-BSDBOH4</Computer><Security UserID='S-1-5-18'/></System><EventData><Data Name='driverFile'>0x1e</Data><Data Name='lineNumber'>960</Data><Data Name='TpmCommandOrdinal'>371</Data><Data Name='TpmResponseCode'>395</Data></EventData></Event><Event xmlns='http://schemas.microsoft.com/win/2004/08/events/event'><System><Provider Name='Service Control Manager' Guid='{555908d1-a6d7-4695-8e1e-26931d2012f4}' EventSourceName='Service Control Manager'/><EventID Qualifiers='16384'>7045</EventID><Version>0</Version><Level>4</Level><Task>0</Task><Opcode>0</Opcode><Keywords>0x8080000000000000</Keywords><TimeCreated SystemTime='2025-06-03T00:42:46.9636729Z'/><EventRecordID>99</EventRecordID><Correlation/><Execution ProcessID='880' ThreadID='4340'/><Channel>System</Channel><Computer>NIKOLAI-BSDBOH4</Computer><Security UserID='S-1-5-18'/></System><EventData><Data Name='ServiceName'>Microsoft Kernel Debug Network Miniport</Data><Data Name='ImagePath'>\SystemRoot\System32\drivers\kdnic.sys</Data><Data Name='ServiceType'>kernel mode driver</Data><Data Name='StartType'>demand start</Data><Data Name='AccountName'></Data></EventData></Event><Event xmlns='http://schemas.microsoft.com/win/2004/08/events/event'><System><Provider Name='Microsoft-Windows-TPM-WMI' Guid='{7d5387b0-cbe0-11da-a94d-0800200c9a66}'/><EventID>1027</EventID><Version>0</Version><Level>4</Level><Task>0</Task><Opcode>0</Opcode><Keywords>0x8000000000000000</Keywords><TimeCreated SystemTime='2025-06-03T00:42:46.9079043Z'/><EventRecordID>98</EventRecordID><Correlation/><Execution ProcessID='4280' ThreadID='3316'/><Channel>System</Channel><Computer>NIKOLAI-BSDBOH4</Computer><Security UserID='S-1-5-18'/></System><EventData></EventData></Event><Event xmlns='http://schemas.microsoft.com/win/2004/08/events/event'><System><Provider Name='TPM' Guid='{1b6b0772-251b-4d42-917d-faca166bc059}'/><EventID>17</EventID><Version>0</Version><Level>4</Level><Task>0</Task><Opcode>0</Opcode><Keywords>0x8000000000000000</Keywords><TimeCreated SystemTime='2025-06-03T00:42:46.8806227Z'/><EventRecordID>97</EventRecordID><Correlation/><Execution ProcessID='4' ThreadID='296'/><Channel>System</Channel><Computer>NIKOLAI-BSDBOH4</Computer><Security UserID='S-1-5-18'/></System><EventData><Data Name='driverFile'>0x1e</Data><Data Name='lineNumber'>960</Data><Data Name='TpmCommandOrdinal'>298</Data><Data Name='TpmResponseCode'>130</Data></EventData></Event><Event xmlns='http://schemas.microsoft.com/win/2004/08/events/event'><System><Provider Name='TPM' Guid='{1b6b0772-251b-4d42-917d-faca166bc059}'/><EventID>17</EventID><Version>0</Version><Level>4</Level><Task>0</Task><Opcode>0</Opcode><Keywords>0x8000000000000000</Keywords><TimeCreated SystemTime='2025-06-03T00:42:46.8797006Z'/><EventRecordID>96</EventRecordID><Correlation/><Execution ProcessID='4' ThreadID='296'/><Channel>System</Channel><Computer>NIKOLAI-BSDBOH4</Computer><Security UserID='S-1-5-18'/></System><EventData><Data Name='driverFile'>0x1e</Data><Data Name='lineNumber'>960</Data><Data Name='TpmCommandOrdinal'>298</Data><Data Name='TpmResponseCode'>130</Data></EventData></Event><Event xmlns='http://schemas.microsoft.com/win/2004/08/events/event'><System><Provider Name='TPM' Guid='{1b6b0772-251b-4d42-917d-faca166bc059}'/><EventID>17</EventID><Version>0</Version><Level>4</Level><Task>0</Task><Opcode>0</Opcode><Keywords>0x8000000000000000</Keywords><TimeCreated SystemTime='2025-06-03T00:42:46.8786943Z'/><EventRecordID>95</EventRecordID><Correlation/><Execution ProcessID='4' ThreadID='296'/><Channel>System</Channel><Computer>NIKOLAI-BSDBOH4</Computer><Security UserID='S-1-5-18'/></System><EventData><Data Name='driverFile'>0x1e</Data><Data Name='lineNumber'>960</Data><Data Name='TpmCommandOrdinal'>298</Data><Data Name='TpmResponseCode'>130</Data></EventData></Event><Event xmlns='http://schemas.microsoft.com/win/2004/08/events/event'><System><Provider Name='TPM' Guid='{1b6b0772-251b-4d42-917d-faca166bc059}'/><EventID>17</EventID><Version>0</Version><Level>4</Level><Task>0</Task><Opcode>0</Opcode><Keywords>0x8000000000000000</Keywords><TimeCreated SystemTime='2025-06-03T00:42:46.8715345Z'/><EventRecordID>94</EventRecordID><Correlation/><Execution ProcessID='4' ThreadID='296'/><Channel>System</Channel><Computer>NIKOLAI-BSDBOH4</Computer><Security UserID='S-1-5-18'/></System><EventData><Data Name='driverFile'>0x1e</Data><Data Name='lineNumber'>960</Data><Data Name='TpmCommandOrdinal'>298</Data><Data Name='TpmResponseCode'>130</Data></EventData></Event><Event xmlns='http://schemas.microsoft.com/win/2004/08/events/event'><System><Provider Name='Microsoft-Windows-TPM-WMI' Guid='{7d5387b0-cbe0-11da-a94d-0800200c9a66}'/><EventID>519</EventID><Version>0</Version><Level>4</Level><Task>0</Task><Opcode>0</Opcode><Keywords>0x8000000000000000</Keywords><TimeCreated SystemTime='2025-06-03T00:42:46.8661485Z'/><EventRecordID>93</EventRecordID><Correlation/><Execution ProcessID='4280' ThreadID='3316'/><Channel>System</Channel><Computer>NIKOLAI-BSDBOH4</Computer><Security UserID='S-1-5-18'/></System><EventData><Data Name='ClearReason'>SRK Pub not present or empty.</Data></EventData></Event><Event xmlns='http://schemas.microsoft.com/win/2004/08/events/event'><System><Provider Name='Service Control Manager' Guid='{555908d1-a6d7-4695-8e1e-26931d2012f4}' EventSourceName='Service Control Manager'/><EventID Qualifiers='16384'>7045</EventID><Version>0</Version><Level>4</Level><Task>0</Task><Opcode>0</Opcode><Keywords>0x8080000000000000</Keywords><TimeCreated SystemTime='2025-06-03T00:42:46.8223159Z'/><EventRecordID>92</EventRecordID><Correlation/><Execution ProcessID='880' ThreadID='4344'/><Channel>System</Channel><Computer>NIKOLAI-BSDBOH4</Computer><Security UserID='S-1-5-18'/></System><EventData><Data Name='ServiceName'>Parallels VirtIO Ethernet Adapter Service</Data><Data Name='ImagePath'>\SystemRoot\System32\drivers\netkvm.sys</Data><Data Name='ServiceType'>kernel mode driver</Data><Data Name='StartType'>demand start</Data><Data Name='AccountName'></Data></EventData></Event><Event xmlns='http://schemas.microsoft.com/win/2004/08/events/event'><System><Provider Name='Service Control Manager' Guid='{555908d1-a6d7-4695-8e1e-26931d2012f4}' EventSourceName='Service Control Manager'/><EventID Qualifiers='16384'>7045</EventID><Version>0</Version><Level>4</Level><Task>0</Task><Opcode>0</Opcode><Keywords>0x8080000000000000</Keywords><TimeCreated SystemTime='2025-06-03T00:42:46.7123184Z'/><EventRecordID>91</EventRecordID><Correlation/><Execution ProcessID='880' ThreadID='4340'/><Channel>System</Channel><Computer>NIKOLAI-BSDBOH4</Computer><Security UserID='S-1-5-18'/></System><EventData><Data Name='ServiceName'>USB Video Device (WDM)</Data><Data Name='ImagePath'>\SystemRoot\System32\Drivers\usbvideo.sys</Data><Data Name='ServiceType'>kernel mode driver</Data><Data Name='StartType'>demand start</Data><Data Name='AccountName'></Data></EventData></Event><Event xmlns='http://schemas.microsoft.com/win/2004/08/events/event'><System><Provider Name='TPM' Guid='{1b6b0772-251b-4d42-917d-faca166bc059}'/><EventID>18</EventID><Version>0</Version><Level>4</Level><Task>0</Task><Opcode>0</Opcode><Keywords>0x8000000000000000</Keywords><TimeCreated SystemTime='2025-06-03T00:42:46.5833867Z'/><EventRecordID>90</EventRecordID><Correlation/><Execution ProcessID='4' ThreadID='300'/><Channel>System</Channel><Computer>NIKOLAI-BSDBOH4</Computer><Security UserID='S-1-5-18'/></System><EventData><Data Name='driverFile'>0x14</Data><Data Name='lineNumber'>217</Data><Data Name='Data'>0</Data></EventData></Event><Event xmlns='http://schemas.microsoft.com/win/2004/08/events/event'><System><Provider Name='Service Control Manager' Guid='{555908d1-a6d7-4695-8e1e-26931d2012f4}' EventSourceName='Service Control Manager'/><EventID Qualifiers='49152'>7026</EventID><Version>0</Version><Level>4</Level><Task>0</Task><Opcode>0</Opcode><Keywords>0x8080000000000000</Keywords><TimeCreated SystemTime='2025-06-03T00:42:46.5825612Z'/><EventRecordID>89</EventRecordID><Correlation/><Execution ProcessID='880' ThreadID='884'/><Channel>System</Channel><Computer>NIKOLAI-BSDBOH4</Computer><Security/></System><EventData><Data Name='param1'>
CSC
uiomap</Data></EventData></Event><Event xmlns='http://schemas.microsoft.com/win/2004/08/events/event'><System><Provider Name='Microsoft-Windows-Kernel-General' Guid='{a68ca8b7-004f-d7b6-a698-07e2de0f1f5d}'/><EventID>16</EventID><Version>0</Version><Level>4</Level><Task>0</Task><Opcode>0</Opcode><Keywords>0x8000000000000000</Keywords><TimeCreated SystemTime='2025-06-03T00:42:46.2027861Z'/><EventRecordID>88</EventRecordID><Correlation/><Execution ProcessID='3364' ThreadID='3640'/><Channel>System</Channel><Computer>NIKOLAI-BSDBOH4</Computer><Security UserID='S-1-5-18'/></System><EventData><Data Name='HiveNameLength'>35</Data><Data Name='HiveName'>\??\C:\WINDOWS\system32\Config\Elam</Data><Data Name='KeysUpdated'>1</Data><Data Name='DirtyPages'>1</Data></EventData></Event><Event xmlns='http://schemas.microsoft.com/win/2004/08/events/event'><System><Provider Name='Workstation'/><EventID Qualifiers='0'>3261</EventID><Version>0</Version><Level>4</Level><Task>0</Task><Opcode>0</Opcode><Keywords>0x80000000000000</Keywords><TimeCreated SystemTime='2025-06-03T00:42:46.6067906Z'/><EventRecordID>87</EventRecordID><Correlation/><Execution ProcessID='3180' ThreadID='0'/><Channel>System</Channel><Computer>NIKOLAI-BSDBOH4</Computer><Security/></System><EventData><Data>WORKGROUP</Data></EventData></Event><Event xmlns='http://schemas.microsoft.com/win/2004/08/events/event'><System><Provider Name='Microsoft-Windows-HttpService' Guid='{dd5ef90a-6398-47a4-ad34-4dcecdef795f}'/><EventID>112</EventID><Version>0</Version><Level>4</Level><Task>3</Task><Opcode>121</Opcode><Keywords>0x4000000000000001</Keywords><TimeCreated SystemTime='2025-06-03T00:42:35.1152832Z'/><EventRecordID>86</EventRecordID><Correlation/><Execution ProcessID='4' ThreadID='408'/><Channel>System</Channel><Computer>NIKOLAI-BSDBOH4</Computer><Security UserID='S-1-5-18'/></System><EventData><Data Name='Url'>http://+:10247/apps/</Data><Data Name='ReserveStatus'>0</Data><Data Name='ProcessId'>4</Data><Data Name='ExecutablePath'></Data><Data Name='UserSid'>S-1-5-18</Data></EventData></Event><Event xmlns='http://schemas.microsoft.com/win/2004/08/events/event'><System><Provider Name='Microsoft-Windows-HttpService' Guid='{dd5ef90a-6398-47a4-ad34-4dcecdef795f}'/><EventID>112</EventID><Version>0</Version><Level>4</Level><Task>3</Task><Opcode>121</Opcode><Keywords>0x4000000000000001</Keywords><TimeCreated SystemTime='2025-06-03T00:42:35.1152806Z'/><EventRecordID>85</EventRecordID><Correlation/><Execution ProcessID='4' ThreadID='408'/><Channel>System</Channel><Computer>NIKOLAI-BSDBOH4</Computer><Security UserID='S-1-5-18'/></System><EventData><Data Name='Url'>http://+:80/116B50EB-ECE2-41ac-8429-9F9E963361B7/</Data><Data Name='ReserveStatus'>0</Data><Data Name='ProcessId'>4</Data><Data Name='ExecutablePath'></Data><Data Name='UserSid'>S-1-5-18</Data></EventData></Event><Event xmlns='http://schemas.microsoft.com/win/2004/08/events/event'><System><Provider Name='Microsoft-Windows-HttpService' Guid='{dd5ef90a-6398-47a4-ad34-4dcecdef795f}'/><EventID>112</EventID><Version>0</Version><Level>4</Level><Task>3</Task><Opcode>121</Opcode><Keywords>0x4000000000000001</Keywords><TimeCreated SystemTime='2025-06-03T00:42:35.1152771Z'/><EventRecordID>84</EventRecordID><Correlation/><Execution ProcessID='4' ThreadID='408'/><Channel>System</Channel><Computer>NIKOLAI-BSDBOH4</Computer><Security UserID='S-1-5-18'/></System><EventData><Data Name='Url'>https://+:443/C574AC30-5794-4AEE-B1BB-6651C5315029/</Data><Data Name='ReserveStatus'>0</Data><Data Name='ProcessId'>4</Data><Data Name='ExecutablePath'></Data><Data Name='UserSid'>S-1-5-18</Data></EventData></Event><Event xmlns='http://schemas.microsoft.com/win/2004/08/events/event'><System><Provider Name='Microsoft-Windows-HttpService' Guid='{dd5ef90a-6398-47a4-ad34-4dcecdef795f}'/><EventID>112</EventID><Version>0</Version><Level>4</Level><Task>3</Task><Opcode>121</Opcode><Keywords>0x4000000000000001</Keywords><TimeCreated SystemTime='2025-06-03T00:42:35.1152733Z'/><EventRecordID>83</EventRecordID><Correlation/><Execution ProcessID='4' ThreadID='408'/><Channel>System</Channel><Computer>NIKOLAI-BSDBOH4</Computer><Security UserID='S-1-5-18'/></System><EventData><Data Name='Url'>http://+:80/0131501b-d67f-491b-9a40-c4bf27bcb4d4/</Data><Data Name='ReserveStatus'>0</Data><Data Name='ProcessId'>4</Data><Data Name='ExecutablePath'></Data><Data Name='UserSid'>S-1-5-18</Data></EventData></Event><Event xmlns='http://schemas.microsoft.com/win/2004/08/events/event'><System><Provider Name='Microsoft-Windows-HttpService' Guid='{dd5ef90a-6398-47a4-ad34-4dcecdef795f}'/><EventID>112</EventID><Version>0</Version><Level>4</Level><Task>3</Task><Opcode>121</Opcode><Keywords>0x4000000000000001</Keywords><TimeCreated SystemTime='2025-06-03T00:42:35.1152690Z'/><EventRecordID>82</EventRecordID><Correlation/><Execution ProcessID='4' ThreadID='408'/><Channel>System</Channel><Computer>NIKOLAI-BSDBOH4</Computer><Security UserID='S-1-5-18'/></System><EventData><Data Name='Url'>http://+:3387/rdp/</Data><Data Name='ReserveStatus'>0</Data><Data Name='ProcessId'>4</Data><Data Name='ExecutablePath'></Data><Data Name='UserSid'>S-1-5-18</Data></EventData></Event><Event xmlns='http://schemas.microsoft.com/win/2004/08/events/event'><System><Provider Name='Microsoft-Windows-HttpService' Guid='{dd5ef90a-6398-47a4-ad34-4dcecdef795f}'/><EventID>112</EventID><Version>0</Version><Level>4</Level><Task>3</Task><Opcode>121</Opcode><Keywords>0x4000000000000001</Keywords><TimeCreated SystemTime='2025-06-03T00:42:35.1152665Z'/><EventRecordID>81</EventRecordID><Correlation/><Execution ProcessID='4' ThreadID='408'/><Channel>System</Channel><Computer>NIKOLAI-BSDBOH4</Computer><Security UserID='S-1-5-18'/></System><EventData><Data Name='Url'>https://+:3392/rdp/</Data><Data Name='ReserveStatus'>0</Data><Data Name='ProcessId'>4</Data><Data Name='ExecutablePath'></Data><Data Name='UserSid'>S-1-5-18</Data></EventData></Event><Event xmlns='http://schemas.microsoft.com/win/2004/08/events/event'><System><Provider Name='Microsoft-Windows-HttpService' Guid='{dd5ef90a-6398-47a4-ad34-4dcecdef795f}'/><EventID>112</EventID><Version>0</Version><Level>4</Level><Task>3</Task><Opcode>121</Opcode><Keywords>0x4000000000000001</Keywords><TimeCreated SystemTime='2025-06-03T00:42:35.1152639Z'/><EventRecordID>80</EventRecordID><Correlation/><Execution ProcessID='4' ThreadID='408'/><Channel>System</Channel><Computer>NIKOLAI-BSDBOH4</Computer><Security UserID='S-1-5-18'/></System><EventData><Data Name='Url'>http://+:10246/MDEServer/</Data><Data Name='ReserveStatus'>0</Data><Data Name='ProcessId'>4</Data><Data Name='ExecutablePath'></Data><Data Name='UserSid'>S-1-5-18</Data></EventData></Event><Event xmlns='http://schemas.microsoft.com/win/2004/08/events/event'><System><Provider Name='Microsoft-Windows-HttpService' Guid='{dd5ef90a-6398-47a4-ad34-4dcecdef795f}'/><EventID>112</EventID><Version>0</Version><Level>4</Level><Task>3</Task><Opcode>121</Opcode><Keywords>0x4000000000000001</Keywords><TimeCreated SystemTime='2025-06-03T00:42:35.1152605Z'/><EventRecordID>79</EventRecordID><Correlation/><Execution ProcessID='4' ThreadID='408'/><Channel>System</Channel><Computer>NIKOLAI-BSDBOH4</Computer><Security UserID='S-1-5-18'/></System><EventData><Data Name='Url'>http://+:10243/WMPNSSv4/</Data><Data Name='ReserveStatus'>0</Data><Data Name='ProcessId'>4</Data><Data Name='ExecutablePath'></Data><Data Name='UserSid'>S-1-5-18</Data></EventData></Event><Event xmlns='http://schemas.microsoft.com/win/2004/08/events/event'><System><Provider Name='Microsoft-Windows-HttpService' Guid='{dd5ef90a-6398-47a4-ad34-4dcecdef795f}'/><EventID>112</EventID><Version>0</Version><Level>4</Level><Task>3</Task><Opcode>121</Opcode><Keywords>0x4000000000000001</Keywords><TimeCreated SystemTime='2025-06-03T00:42:35.1152549Z'/><EventRecordID>78</EventRecordID><Correlation/><Execution ProcessID='4' ThreadID='408'/><Channel>System</Channel><Computer>NIKOLAI-BSDBOH4</Computer><Security UserID='S-1-5-18'/></System><EventData><Data Name='Url'>https://+:10245/WMPNSSv4/</Data><Data Name='ReserveStatus'>0</Data><Data Name='ProcessId'>4</Data><Data Name='ExecutablePath'></Data><Data Name='UserSid'>S-1-5-18</Data></EventData></Event><Event xmlns='http://schemas.microsoft.com/win/2004/08/events/event'><System><Provider Name='Microsoft-Windows-HttpService' Guid='{dd5ef90a-6398-47a4-ad34-4dcecdef795f}'/><EventID>112</EventID><Version>0</Version><Level>4</Level><Task>3</Task><Opcode>121</Opcode><Keywords>0x4000000000000001</Keywords><TimeCreated SystemTime='2025-06-03T00:42:35.1152522Z'/><EventRecordID>77</EventRecordID><Correlation/><Execution ProcessID='4' ThreadID='408'/><Channel>System</Channel><Computer>NIKOLAI-BSDBOH4</Computer><Security UserID='S-1-5-18'/></System><EventData><Data Name='Url'>http://*:2869/</Data><Data Name='ReserveStatus'>0</Data><Data Name='ProcessId'>4</Data><Data Name='ExecutablePath'></Data><Data Name='UserSid'>S-1-5-18</Data></EventData></Event><Event xmlns='http://schemas.microsoft.com/win/2004/08/events/event'><System><Provider Name='Microsoft-Windows-HttpService' Guid='{dd5ef90a-6398-47a4-ad34-4dcecdef795f}'/><EventID>112</EventID><Version>0</Version><Level>4</Level><Task>3</Task><Opcode>121</Opcode><Keywords>0x4000000000000001</Keywords><TimeCreated SystemTime='2025-06-03T00:42:35.1152501Z'/><EventRecordID>76</EventRecordID><Correlation/><Execution ProcessID='4' ThreadID='408'/><Channel>System</Channel><Computer>NIKOLAI-BSDBOH4</Computer><Security UserID='S-1-5-18'/></System><EventData><Data Name='Url'>http://+:5985/wsman/</Data><Data Name='ReserveStatus'>0</Data><Data Name='ProcessId'>4</Data><Data Name='ExecutablePath'></Data><Data Name='UserSid'>S-1-5-18</Data></EventData></Event><Event xmlns='http://schemas.microsoft.com/win/2004/08/events/event'><System><Provider Name='Microsoft-Windows-HttpService' Guid='{dd5ef90a-6398-47a4-ad34-4dcecdef795f}'/><EventID>112</EventID><Version>0</Version><Level>4</Level><Task>3</Task><Opcode>121</Opcode><Keywords>0x4000000000000001</Keywords><TimeCreated SystemTime='2025-06-03T00:42:35.1152476Z'/><EventRecordID>75</EventRecordID><Correlation/><Execution ProcessID='4' ThreadID='408'/><Channel>System</Channel><Computer>NIKOLAI-BSDBOH4</Computer><Security UserID='S-1-5-18'/></System><EventData><Data Name='Url'>http://+:47001/wsman/</Data><Data Name='ReserveStatus'>0</Data><Data Name='ProcessId'>4</Data><Data Name='ExecutablePath'></Data><Data Name='UserSid'>S-1-5-18</Data></EventData></Event><Event xmlns='http://schemas.microsoft.com/win/2004/08/events/event'><System><Provider Name='Microsoft-Windows-HttpService' Guid='{dd5ef90a-6398-47a4-ad34-4dcecdef795f}'/><EventID>112</EventID><Version>0</Version><Level>4</Level><Task>3</Task><Opcode>121</Opcode><Keywords>0x4000000000000001</Keywords><TimeCreated SystemTime='2025-06-03T00:42:35.1152448Z'/><EventRecordID>74</EventRecordID><Correlation/><Execution ProcessID='4' ThreadID='408'/><Channel>System</Channel><Computer>NIKOLAI-BSDBOH4</Computer><Security UserID='S-1-5-18'/></System><EventData><Data Name='Url'>https://+:5986/wsman/</Data><Data Name='ReserveStatus'>0</Data><Data Name='ProcessId'>4</Data><Data Name='ExecutablePath'></Data><Data Name='UserSid'>S-1-5-18</Data></EventData></Event><Event xmlns='http://schemas.microsoft.com/win/2004/08/events/event'><System><Provider Name='Microsoft-Windows-HttpService' Guid='{dd5ef90a-6398-47a4-ad34-4dcecdef795f}'/><EventID>112</EventID><Version>0</Version><Level>4</Level><Task>3</Task><Opcode>121</Opcode><Keywords>0x4000000000000001</Keywords><TimeCreated SystemTime='2025-06-03T00:42:35.1152399Z'/><EventRecordID>73</EventRecordID><Correlation/><Execution ProcessID='4' ThreadID='408'/><Channel>System</Channel><Computer>NIKOLAI-BSDBOH4</Computer><Security UserID='S-1-5-18'/></System><EventData><Data Name='Url'>https://+:443/sra_{BA195980-CD49-458b-9E23-C84EE0ADCD75}/</Data><Data Name='ReserveStatus'>0</Data><Data Name='ProcessId'>4</Data><Data Name='ExecutablePath'></Data><Data Name='UserSid'>S-1-5-18</Data></EventData></Event><Event xmlns='http://schemas.microsoft.com/win/2004/08/events/event'><System><Provider Name='Microsoft-Windows-HttpService' Guid='{dd5ef90a-6398-47a4-ad34-4dcecdef795f}'/><EventID>112</EventID><Version>0</Version><Level>4</Level><Task>3</Task><Opcode>121</Opcode><Keywords>0x4000000000000001</Keywords><TimeCreated SystemTime='2025-06-03T00:42:35.1152337Z'/><EventRecordID>72</EventRecordID><Correlation/><Execution ProcessID='4' ThreadID='408'/><Channel>System</Channel><Computer>NIKOLAI-BSDBOH4</Computer><Security UserID='S-1-5-18'/></System><EventData><Data Name='Url'>https://*:5358/</Data><Data Name='ReserveStatus'>0</Data><Data Name='ProcessId'>4</Data><Data Name='ExecutablePath'></Data><Data Name='UserSid'>S-1-5-18</Data></EventData></Event><Event xmlns='http://schemas.microsoft.com/win/2004/08/events/event'><System><Provider Name='Microsoft-Windows-HttpService' Guid='{dd5ef90a-6398-47a4-ad34-4dcecdef795f}'/><EventID>112</EventID><Version>0</Version><Level>4</Level><Task>3</Task><Opcode>121</Opcode><Keywords>0x4000000000000001</Keywords><TimeCreated SystemTime='2025-06-03T00:42:35.1152298Z'/><EventRecordID>71</EventRecordID><Correlation/><Execution ProcessID='4' ThreadID='408'/><Channel>System</Channel><Computer>NIKOLAI-BSDBOH4</Computer><Security UserID='S-1-5-18'/></System><EventData><Data Name='Url'>http://+:80/Temporary_Listen_Addresses/</Data><Data Name='ReserveStatus'>0</Data><Data Name='ProcessId'>4</Data><Data Name='ExecutablePath'></Data><Data Name='UserSid'>S-1-5-18</Data></EventData></Event><Event xmlns='http://schemas.microsoft.com/win/2004/08/events/event'><System><Provider Name='Microsoft-Windows-HttpService' Guid='{dd5ef90a-6398-47a4-ad34-4dcecdef795f}'/><EventID>112</EventID><Version>0</Version><Level>4</Level><Task>3</Task><Opcode>121</Opcode><Keywords>0x4000000000000001</Keywords><TimeCreated SystemTime='2025-06-03T00:42:35.1152248Z'/><EventRecordID>70</EventRecordID><Correlation/><Execution ProcessID='4' ThreadID='408'/><Channel>System</Channel><Computer>NIKOLAI-BSDBOH4</Computer><Security UserID='S-1-5-18'/></System><EventData><Data Name='Url'>http://*:5357/</Data><Data Name='ReserveStatus'>0</Data><Data Name='ProcessId'>4</Data><Data Name='ExecutablePath'></Data><Data Name='UserSid'>S-1-5-18</Data></EventData></Event><Event xmlns='http://schemas.microsoft.com/win/2004/08/events/event'><System><Provider Name='Microsoft-Windows-FilterManager' Guid='{f3c5e28e-63f6-49c7-a204-e48a1bc4b09d}'/><EventID>6</EventID><Version>0</Version><Level>4</Level><Task>0</Task><Opcode>0</Opcode><Keywords>0x8000000000000000</Keywords><TimeCreated SystemTime='2025-06-03T00:42:34.8720982Z'/><EventRecordID>69</EventRecordID><Correlation/><Execution ProcessID='4' ThreadID='68'/><Channel>System</Channel><Computer>NIKOLAI-BSDBOH4</Computer><Security UserID='S-1-5-18'/></System><EventData><Data Name='FinalStatus'>0x0</Data><Data Name='DeviceVersionMajor'>10</Data><Data Name='DeviceVersionMinor'>0</Data><Data Name='DeviceNameLength'>7</Data><Data Name='DeviceName'>bindflt</Data><Data Name='DeviceTime'>2076-08-13T01:23:28.0000000Z</Data></EventData></Event><Event xmlns='http://schemas.microsoft.com/win/2004/08/events/event'><System><Provider Name='Microsoft-Windows-FilterManager' Guid='{f3c5e28e-63f6-49c7-a204-e48a1bc4b09d}'/><EventID>6</EventID><Version>0</Version><Level>4</Level><Task>0</Task><Opcode>0</Opcode><Keywords>0x8000000000000000</Keywords><TimeCreated SystemTime='2025-06-03T00:42:34.8679393Z'/><EventRecordID>68</EventRecordID><Correlation/><Execution ProcessID='4' ThreadID='68'/><Channel>System</Channel><Computer>NIKOLAI-BSDBOH4</Computer><Security UserID='S-1-5-18'/></System><EventData><Data Name='FinalStatus'>0x0</Data><Data Name='DeviceVersionMajor'>10</Data><Data Name='DeviceVersionMinor'>0</Data><Data Name='DeviceNameLength'>10</Data><Data Name='DeviceName'>storqosflt</Data><Data Name='DeviceTime'>2073-10-13T06:50:58.0000000Z</Data></EventData></Event><Event xmlns='http://schemas.microsoft.com/win/2004/08/events/event'><System><Provider Name='Microsoft-Windows-FilterManager' Guid='{f3c5e28e-63f6-49c7-a204-e48a1bc4b09d}'/><EventID>6</EventID><Version>0</Version><Level>4</Level><Task>0</Task><Opcode>0</Opcode><Keywords>0x8000000000000000</Keywords><TimeCreated SystemTime='2025-06-03T00:42:34.8639689Z'/><EventRecordID>67</EventRecordID><Correlation/><Execution ProcessID='4' ThreadID='68'/><Channel>System</Channel><Computer>NIKOLAI-BSDBOH4</Computer><Security UserID='S-1-5-18'/></System><EventData><Data Name='FinalStatus'>0x0</Data><Data Name='DeviceVersionMajor'>10</Data><Data Name='DeviceVersionMinor'>0</Data><Data Name='DeviceNameLength'>7</Data><Data Name='DeviceName'>UnionFS</Data><Data Name='DeviceTime'>1984-01-11T00:44:42.0000000Z</Data></EventData></Event><Event xmlns='http://schemas.microsoft.com/win/2004/08/events/event'><System><Provider Name='Microsoft-Windows-FilterManager' Guid='{f3c5e28e-63f6-49c7-a204-e48a1bc4b09d}'/><EventID>6</EventID><Version>0</Version><Level>4</Level><Task>0</Task><Opcode>0</Opcode><Keywords>0x8000000000000000</Keywords><TimeCreated SystemTime='2025-06-03T00:42:34.8580638Z'/><EventRecordID>66</EventRecordID><Correlation/><Execution ProcessID='4' ThreadID='408'/><Channel>System</Channel><Computer>NIKOLAI-BSDBOH4</Computer><Security UserID='S-1-5-18'/></System><EventData><Data Name='FinalStatus'>0x0</Data><Data Name='DeviceVersionMajor'>10</Data><Data Name='DeviceVersionMinor'>0</Data><Data Name='DeviceNameLength'>6</Data><Data Name='DeviceName'>CldFlt</Data><Data Name='DeviceTime'>2045-01-07T14:12:58.0000000Z</Data></EventData></Event><Event xmlns='http://schemas.microsoft.com/win/2004/08/events/event'><System><Provider Name='Microsoft-Windows-FilterManager' Guid='{f3c5e28e-63f6-49c7-a204-e48a1bc4b09d}'/><EventID>1</EventID><Version>0</Version><Level>4</Level><Task>0</Task><Opcode>0</Opcode><Keywords>0x8000000000000000</Keywords><TimeCreated SystemTime='2025-06-03T00:42:34.8580222Z'/><EventRecordID>65</EventRecordID><Correlation/><Execution ProcessID='4' ThreadID='408'/><Channel>System</Channel><Computer>NIKOLAI-BSDBOH4</Computer><Security UserID='S-1-5-18'/></System><EventData><Data Name='FinalStatus'>0x0</Data><Data Name='DeviceVersionMajor'>10</Data><Data Name='DeviceVersionMinor'>0</Data><Data Name='DeviceNameLength'>6</Data><Data Name='DeviceName'>CldFlt</Data><Data Name='DeviceTime'>2045-01-07T14:12:58.0000000Z</Data></EventData></Event><Event xmlns='http://schemas.microsoft.com/win/2004/08/events/event'><System><Provider Name='Microsoft-Windows-FilterManager' Guid='{f3c5e28e-63f6-49c7-a204-e48a1bc4b09d}'/><EventID>6</EventID><Version>0</Version><Level>4</Level><Task>0</Task><Opcode>0</Opcode><Keywords>0x8000000000000000</Keywords><TimeCreated SystemTime='2025-06-03T00:42:34.8580152Z'/><EventRecordID>64</EventRecordID><Correlation/><Execution ProcessID='4' ThreadID='408'/><Channel>System</Channel><Computer>NIKOLAI-BSDBOH4</Computer><Security UserID='S-1-5-18'/></System><EventData><Data Name='FinalStatus'>0x0</Data><Data Name='DeviceVersionMajor'>10</Data><Data Name='DeviceVersionMinor'>0</Data><Data Name='DeviceNameLength'>6</Data><Data Name='DeviceName'>CldFlt</Data><Data Name='DeviceTime'>2045-01-07T14:12:58.0000000Z</Data></EventData></Event><Event xmlns='http://schemas.microsoft.com/win/2004/08/events/event'><System><Provider Name='Microsoft-Windows-FilterManager' Guid='{f3c5e28e-63f6-49c7-a204-e48a1bc4b09d}'/><EventID>6</EventID><Version>0</Version><Level>4</Level><Task>0</Task><Opcode>0</Opcode><Keywords>0x8000000000000000</Keywords><TimeCreated SystemTime='2025-06-03T00:42:34.8509917Z'/><EventRecordID>63</EventRecordID><Correlation/><Execution ProcessID='4' ThreadID='408'/><Channel>System</Channel><Computer>NIKOLAI-BSDBOH4</Computer><Security UserID='S-1-5-18'/></System><EventData><Data Name='FinalStatus'>0x0</Data><Data Name='DeviceVersionMajor'>10</Data><Data Name='DeviceVersionMinor'>0</Data><Data Name='DeviceNameLength'>5</Data><Data Name='DeviceName'>luafv</Data><Data Name='DeviceTime'>2053-12-04T03:35:47.0000000Z</Data></EventData></Event><Event xmlns='http://schemas.microsoft.com/win/2004/08/events/event'><System><Provider Name='Microsoft-Windows-FilterManager' Guid='{f3c5e28e-63f6-49c7-a204-e48a1bc4b09d}'/><EventID>6</EventID><Version>0</Version><Level>4</Level><Task>0</Task><Opcode>0</Opcode><Keywords>0x8000000000000000</Keywords><TimeCreated SystemTime='2025-06-03T00:42:34.8426100Z'/><EventRecordID>62</EventRecordID><Correlation/><Execution ProcessID='4' ThreadID='68'/><Channel>System</Channel><Computer>NIKOLAI-BSDBOH4</Computer><Security UserID='S-1-5-18'/></System><EventData><Data Name='FinalStatus'>0x0</Data><Data Name='DeviceVersionMajor'>10</Data><Data Name='DeviceVersionMinor'>0</Data><Data Name='DeviceNameLength'>5</Data><Data Name='DeviceName'>wcifs</Data><Data Name='DeviceTime'>2099-11-26T21:14:01.0000000Z</Data></EventData></Event><Event xmlns='http://schemas.microsoft.com/win/2004/08/events/event'><System><Provider Name='Microsoft-Windows-FilterManager' Guid='{f3c5e28e-63f6-49c7-a204-e48a1bc4b09d}'/><EventID>6</EventID><Version>0</Version><Level>4</Level><Task>0</Task><Opcode>0</Opcode><Keywords>0x8000000000000000</Keywords><TimeCreated SystemTime='2025-06-03T00:42:34.8357258Z'/><EventRecordID>61</EventRecordID><Correlation/><Execution ProcessID='4' ThreadID='404'/><Channel>System</Channel><Computer>NIKOLAI-BSDBOH4</Computer><Security UserID='S-1-5-18'/></System><EventData><Data Name='FinalStatus'>0x0</Data><Data Name='DeviceVersionMajor'>10</Data><Data Name='DeviceVersionMinor'>0</Data><Data Name='DeviceNameLength'>3</Data><Data Name='DeviceName'>bfs</Data><Data Name='DeviceTime'>1971-12-21T09:40:21.0000000Z</Data></EventData></Event><Event xmlns='http://schemas.microsoft.com/win/2004/08/events/event'><System><Provider Name='Service Control Manager' Guid='{555908d1-a6d7-4695-8e1e-26931d2012f4}' EventSourceName='Service Control Manager'/><EventID Qualifiers='49152'>7023</EventID><Version>0</Version><Level>2</Level><Task>0</Task><Opcode>0</Opcode><Keywords>0x8080000000000000</Keywords><TimeCreated SystemTime='2025-06-03T00:42:34.8213026Z'/><EventRecordID>60</EventRecordID><Correlation/><Execution ProcessID='880' ThreadID='1204'/><Channel>System</Channel><Computer>NIKOLAI-BSDBOH4</Computer><Security/></System><EventData><Data Name='param1'>netprofm</Data><Data Name='param2'>%%21</Data><Binary>6E0065007400700072006F0066006D000000</Binary></EventData></Event><Event xmlns='http://schemas.microsoft.com/win/2004/08/events/event'><System><Provider Name='Microsoft-Windows-DHCPv6-Client' Guid='{6a1f2b00-6a90-4c38-95a5-5cab3b056778}'/><EventID>51046</EventID><Version>0</Version><Level>4</Level><Task>4</Task><Opcode>62</Opcode><Keywords>0x2000000000000000</Keywords><TimeCreated SystemTime='2025-06-03T00:42:34.7933960Z'/><EventRecordID>59</EventRecordID><Correlation/><Execution ProcessID='2160' ThreadID='2292'/><Channel>System</Channel><Computer>NIKOLAI-BSDBOH4</Computer><Security UserID='S-1-5-19'/></System><EventData></EventData></Event><Event xmlns='http://schemas.microsoft.com/win/2004/08/events/event'><System><Provider Name='Microsoft-Windows-FilterManager' Guid='{f3c5e28e-63f6-49c7-a204-e48a1bc4b09d}'/><EventID>6</EventID><Version>0</Version><Level>4</Level><Task>0</Task><Opcode>0</Opcode><Keywords>0x8000000000000000</Keywords><TimeCreated SystemTime='2025-06-03T00:42:34.7889397Z'/><EventRecordID>58</EventRecordID><Correlation/><Execution ProcessID='4' ThreadID='404'/><Channel>System</Channel><Computer>NIKOLAI-BSDBOH4</Computer><Security UserID='S-1-5-18'/></System><EventData><Data Name='FinalStatus'>0x0</Data><Data Name='DeviceVersionMajor'>10</Data><Data Name='DeviceVersionMinor'>0</Data><Data Name='DeviceNameLength'>13</Data><Data Name='DeviceName'>applockerfltr</Data><Data Name='DeviceTime'>2031-04-22T05:37:03.0000000Z</Data></EventData></Event><Event xmlns='http://schemas.microsoft.com/win/2004/08/events/event'><System><Provider Name='Microsoft-Windows-Dhcp-Client' Guid='{15a7a4f8-0072-4eab-abad-f98a4d666aed}'/><EventID>50036</EventID><Version>0</Version><Level>4</Level><Task>4</Task><Opcode>68</Opcode><Keywords>0x2000000000000000</Keywords><TimeCreated SystemTime='2025-06-03T00:42:34.7825518Z'/><EventRecordID>57</EventRecordID><Correlation/><Execution ProcessID='2160' ThreadID='2216'/><Channel>System</Channel><Computer>NIKOLAI-BSDBOH4</Computer><Security UserID='S-1-5-19'/></System><EventData></EventData></Event><Event xmlns='http://schemas.microsoft.com/win/2004/08/events/event'><System><Provider Name='Microsoft-Windows-Dhcp-Client' Guid='{15a7a4f8-0072-4eab-abad-f98a4d666aed}'/><EventID>50103</EventID><Version>0</Version><Level>4</Level><Task>4</Task><Opcode>129</Opcode><Keywords>0x2000000000000000</Keywords><TimeCreated SystemTime='2025-06-03T00:42:34.7824802Z'/><EventRecordID>56</EventRecordID><Correlation/><Execution ProcessID='2160' ThreadID='2216'/><Channel>System</Channel><Computer>NIKOLAI-BSDBOH4</Computer><Security UserID='S-1-5-19'/></System><EventData></EventData></Event><Event xmlns='http://schemas.microsoft.com/win/2004/08/events/event'><System><Provider Name='Microsoft-Windows-Dhcp-Client' Guid='{15a7a4f8-0072-4eab-abad-f98a4d666aed}'/><EventID>50036</EventID><Version>0</Version><Level>4</Level><Task>4</Task><Opcode>68</Opcode><Keywords>0x2000000000000000</Keywords><TimeCreated SystemTime='2025-06-03T00:42:34.7824170Z'/><EventRecordID>55</EventRecordID><Correlation/><Execution ProcessID='2160' ThreadID='2216'/><Channel>System</Channel><Computer>NIKOLAI-BSDBOH4</Computer><Security UserID='S-1-5-19'/></System><EventData></EventData></Event><Event xmlns='http://schemas.microsoft.com/win/2004/08/events/event'><System><Provider Name='Microsoft-Windows-Kernel-General' Guid='{a68ca8b7-004f-d7b6-a698-07e2de0f1f5d}'/><EventID>16</EventID><Version>0</Version><Level>4</Level><Task>0</Task><Opcode>0</Opcode><Keywords>0x8000000000000000</Keywords><TimeCreated SystemTime='2025-06-03T00:42:34.7250753Z'/><EventRecordID>54</EventRecordID><Correlation/><Execution ProcessID='400' ThreadID='500'/><Channel>System</Channel><Computer>NIKOLAI-BSDBOH4</Computer><Security UserID='S-1-5-18'/></System><EventData><Data Name='HiveNameLength'>31</Data><Data Name='HiveName'>\SystemRoot\System32\Config\BBI</Data><Data Name='KeysUpdated'>1</Data><Data Name='DirtyPages'>1</Data></EventData></Event><Event xmlns='http://schemas.microsoft.com/win/2004/08/events/event'><System><Provider Name='Microsoft-Windows-Directory-Services-SAM' Guid='{0d4fdc09-8c27-494a-bda0-505e4fd8adae}'/><EventID>16977</EventID><Version>0</Version><Level>4</Level><Task>0</Task><Opcode>0</Opcode><Keywords>0x8000000000000000</Keywords><TimeCreated SystemTime='2025-06-03T00:42:34.5026452Z'/><EventRecordID>53</EventRecordID><Correlation ActivityID='{5a3a9721-d420-0000-b998-3a5a20d4db01}'/><Execution ProcessID='904' ThreadID='1012'/><Channel>System</Channel><Computer>NIKOLAI-BSDBOH4</Computer><Security UserID='S-1-5-18'/></System><EventData Name='SAMMSG_MINPWDLEN_SETTINGS_IN_EFFECT'><Data Name='MinimumPasswordLength'>0</Data><Data Name='RelaxMinimumPasswordLengthLimits'>0</Data><Data Name='MinimumPasswordLengthAudit'>-1</Data></EventData></Event><Event xmlns='http://schemas.microsoft.com/win/2004/08/events/event'><System><Provider Name='Microsoft-Windows-Kernel-General' Guid='{a68ca8b7-004f-d7b6-a698-07e2de0f1f5d}'/><EventID>16</EventID><Version>0</Version><Level>4</Level><Task>0</Task><Opcode>0</Opcode><Keywords>0x8000000000000000</Keywords><TimeCreated SystemTime='2025-06-03T00:42:34.4840182Z'/><EventRecordID>52</EventRecordID><Correlation/><Execution ProcessID='1952' ThreadID='1996'/><Channel>System</Channel><Computer>NIKOLAI-BSDBOH4</Computer><Security UserID='S-1-5-18'/></System><EventData><Data Name='HiveNameLength'>41</Data><Data Name='HiveName'>\??\C:\WINDOWS\System32\config\COMPONENTS</Data><Data Name='KeysUpdated'>68759</Data><Data Name='DirtyPages'>7134</Data></EventData></Event><Event xmlns='http://schemas.microsoft.com/win/2004/08/events/event'><System><Provider Name='Microsoft-Windows-SetupPlatform' Guid='{530fb9b9-c515-4472-9313-fb346f9255e3}'/><EventID>2005</EventID><Version>0</Version><Level>4</Level><Task>1003</Task><Opcode>0</Opcode><Keywords>0x2000000000000000</Keywords><TimeCreated SystemTime='2025-06-03T00:42:34.1994426Z'/><EventRecordID>51</EventRecordID><Correlation/><Execution ProcessID='1544' ThreadID='1548'/><Channel>System</Channel><Computer>NIKOLAI-BSDBOH4</Computer><Security UserID='S-1-5-18'/></System><EventData><Data Name='Installation choice'>1</Data><Data Name='Host OS Major version'>10</Data><Data Name='Host OS Minor version'>0</Data><Data Name='Host OS Build number'>26100</Data><Data Name='Host OS Service pack major number'>0</Data><Data Name='Host OS Service pack minor number'>0</Data></EventData></Event><Event xmlns='http://schemas.microsoft.com/win/2004/08/events/event'><System><Provider Name='Microsoft-Windows-Kernel-General' Guid='{a68ca8b7-004f-d7b6-a698-07e2de0f1f5d}'/><EventID>16</EventID><Version>0</Version><Level>4</Level><Task>0</Task><Opcode>0</Opcode><Keywords>0x8000000000000000</Keywords><TimeCreated SystemTime='2025-06-03T00:42:34.1544289Z'/><EventRecordID>50</EventRecordID><Correlation/><Execution ProcessID='1544' ThreadID='1548'/><Channel>System</Channel><Computer>NIKOLAI-BSDBOH4</Computer><Security UserID='S-1-5-18'/></System><EventData><Data Name='HiveNameLength'>50</Data><Data Name='HiveName'>\Device\HarddiskVolume2\EFI\Microsoft\Recovery\BCD</Data><Data Name='KeysUpdated'>0</Data><Data Name='DirtyPages'>0</Data></EventData></Event><Event xmlns='http://schemas.microsoft.com/win/2004/08/events/event'><System><Provider Name='Microsoft-Windows-Kernel-General' Guid='{a68ca8b7-004f-d7b6-a698-07e2de0f1f5d}'/><EventID>16</EventID><Version>0</Version><Level>4</Level><Task>0</Task><Opcode>0</Opcode><Keywords>0x8000000000000000</Keywords><TimeCreated SystemTime='2025-06-03T00:42:34.1541209Z'/><EventRecordID>49</EventRecordID><Correlation/><Execution ProcessID='1544' ThreadID='1548'/><Channel>System</Channel><Computer>NIKOLAI-BSDBOH4</Computer><Security UserID='S-1-5-18'/></System><EventData><Data Name='HiveNameLength'>50</Data><Data Name='HiveName'>\Device\HarddiskVolume2\EFI\Microsoft\Recovery\BCD</Data><Data Name='KeysUpdated'>0</Data><Data Name='DirtyPages'>0</Data></EventData></Event><Event xmlns='http://schemas.microsoft.com/win/2004/08/events/event'><System><Provider Name='Microsoft-Windows-Kernel-General' Guid='{a68ca8b7-004f-d7b6-a698-07e2de0f1f5d}'/><EventID>16</EventID><Version>0</Version><Level>4</Level><Task>0</Task><Opcode>0</Opcode><Keywords>0x8000000000000000</Keywords><TimeCreated SystemTime='2025-06-03T00:42:34.1522095Z'/><EventRecordID>48</EventRecordID><Correlation/><Execution ProcessID='1544' ThreadID='1548'/><Channel>System</Channel><Computer>NIKOLAI-BSDBOH4</Computer><Security UserID='S-1-5-18'/></System><EventData><Data Name='HiveNameLength'>50</Data><Data Name='HiveName'>\Device\HarddiskVolume2\EFI\Microsoft\Recovery\BCD</Data><Data Name='KeysUpdated'>41</Data><Data Name='DirtyPages'>2</Data></EventData></Event><Event xmlns='http://schemas.microsoft.com/win/2004/08/events/event'><System><Provider Name='Microsoft-Windows-Ntfs' Guid='{3ff37a1c-a68d-4d6e-8c9b-f79e8b16c482}'/><EventID>98</EventID><Version>0</Version><Level>4</Level><Task>0</Task><Opcode>0</Opcode><Keywords>0x8000000000000002</Keywords><TimeCreated SystemTime='2025-06-03T00:42:33.9569386Z'/><EventRecordID>47</EventRecordID><Correlation/><Execution ProcessID='4' ThreadID='404'/><Channel>System</Channel><Computer>NIKOLAI-BSDBOH4</Computer><Security UserID='S-1-5-18'/></System><EventData><Data Name='DriveName'>\\?\Volume{9f6c029c-4ef1-4e37-9366-ec5e795c40bf}</Data><Data Name='DeviceName'>\Device\HarddiskVolume5</Data><Data Name='CorruptionActionState'>0</Data></EventData></Event><Event xmlns='http://schemas.microsoft.com/win/2004/08/events/event'><System><Provider Name='Microsoft-Windows-Directory-Services-SAM' Guid='{0d4fdc09-8c27-494a-bda0-505e4fd8adae}'/><EventID>16983</EventID><Version>0</Version><Level>4</Level><Task>0</Task><Opcode>0</Opcode><Keywords>0x8000000000000000</Keywords><TimeCreated SystemTime='2025-06-03T00:42:21.0414517Z'/><EventRecordID>46</EventRecordID><Correlation ActivityID='{5a3a9721-d420-0000-b998-3a5a20d4db01}'/><Execution ProcessID='904' ThreadID='908'/><Channel>System</Channel><Computer>NIKOLAI-BSDBOH4</Computer><Security UserID='S-1-5-18'/></System><EventData Name='SAMMSG_AUDIT_LEGACY_PWD_RPC_METHODS_OFF'></EventData></Event>