<Event xmlns='http://schemas.microsoft.com/win/2004/08/events/event'><System><Provider Name='Microsoft-Windows-WindowsUpdateClient' Guid='{945a8954-c147-4acd-923f-40c45405a658}'/><EventID>44</EventID><Version>1</Version><Level>4</Level><Task>1</Task><Opcode>12</Opcode><Keywords>0x8000000000002004</Keywords><TimeCreated SystemTime='2025-06-03T10:34:22.1884851Z'/><EventRecordID>874</EventRecordID><Correlation/><Execution ProcessID='4216' ThreadID='4856'/><Channel>System</Channel><Computer>NIKOLAISMETBD82</Computer><Security UserID='S-1-5-18'/></System><EventData><Data Name='updateTitle'>9NBLGGH5R558-Microsoft.Todos</Data><Data Name='updateGuid'>{42f0ce05-be46-4b0a-a996-ef749762891e}</Data><Data Name='updateRevisionNumber'>1</Data></EventData></Event><Event xmlns='http://schemas.microsoft.com/win/2004/08/events/event'><System><Provider Name='Microsoft-Windows-Kernel-General' Guid='{a68ca8b7-004f-d7b6-a698-07e2de0f1f5d}'/><EventID>16</EventID><Version>0</Version><Level>4</Level><Task>0</Task><Opcode>0</Opcode><Keywords>0x8000000000000000</Keywords><TimeCreated SystemTime='2025-06-03T10:34:21.1095221Z'/><EventRecordID>873</EventRecordID><Correlation/><Execution ProcessID='3056' ThreadID='7284'/><Channel>System</Channel><Computer>NIKOLAISMETBD82</Computer><Security UserID='S-1-5-18'/></System><EventData><Data Name='HiveNameLength'>129</Data><Data Name='HiveName'>\??\C:\ProgramData\Microsoft\Windows\AppRepository\Packages\Microsoft.Todos_0.148.3611.0_arm64__8wekyb3d8bbwe\ActivationStore.dat</Data><Data Name='KeysUpdated'>0</Data><Data Name='DirtyPages'>0</Data></EventData></Event><Event xmlns='http://schemas.microsoft.com/win/2004/08/events/event'><System><Provider Name='Microsoft-Windows-WindowsUpdateClient' Guid='{945a8954-c147-4acd-923f-40c45405a658}'/><EventID>44</EventID><Version>1</Version><Level>4</Level><Task>1</Task><Opcode>12</Opcode><Keywords>0x8000000000002004</Keywords><TimeCreated SystemTime='2025-06-03T10:34:18.4505095Z'/><EventRecordID>872</EventRecordID><Correlation/><Execution ProcessID='4216' ThreadID='4856'/><Channel>System</Channel><Computer>NIKOLAISMETBD82</Computer><Security UserID='S-1-5-18'/></System><EventData><Data Name='updateTitle'>9WZDNCRFJBH4-Microsoft.Windows.Photos</Data><Data Name='updateGuid'>{7351927d-dd08-4729-a5ea-4b6dc7cda105}</Data><Data Name='updateRevisionNumber'>1</Data></EventData></Event><Event xmlns='http://schemas.microsoft.com/win/2004/08/events/event'><System><Provider Name='Microsoft-Windows-WindowsUpdateClient' Guid='{945a8954-c147-4acd-923f-40c45405a658}'/><EventID>44</EventID><Version>1</Version><Level>4</Level><Task>1</Task><Opcode>12</Opcode><Keywords>0x8000000000002004</Keywords><TimeCreated SystemTime='2025-06-03T10:34:18.4505072Z'/><EventRecordID>871</EventRecordID><Correlation/><Execution ProcessID='4216' ThreadID='4856'/><Channel>System</Channel><Computer>NIKOLAISMETBD82</Computer><Security UserID='S-1-5-18'/></System><EventData><Data Name='updateTitle'>9MZ95KL8MR0L-Microsoft.ScreenSketch</Data><Data Name='updateGuid'>{8b9e0466-3472-473b-bed3-c2f02a4b051d}</Data><Data Name='updateRevisionNumber'>1</Data></EventData></Event><Event xmlns='http://schemas.microsoft.com/win/2004/08/events/event'><System><Provider Name='Microsoft-Windows-WindowsUpdateClient' Guid='{945a8954-c147-4acd-923f-40c45405a658}'/><EventID>44</EventID><Version>1</Version><Level>4</Level><Task>1</Task><Opcode>12</Opcode><Keywords>0x8000000000002004</Keywords><TimeCreated SystemTime='2025-06-03T10:34:18.4505046Z'/><EventRecordID>870</EventRecordID><Correlation/><Execution ProcessID='4216' ThreadID='4856'/><Channel>System</Channel><Computer>NIKOLAISMETBD82</Computer><Security UserID='S-1-5-18'/></System><EventData><Data Name='updateTitle'>9NBLGGH4RV3K-Microsoft.VCLibs.140.00.UWPDesktop</Data><Data Name='updateGuid'>{fcdd3b59-f41c-4595-b36b-245bacb749e8}</Data><Data Name='updateRevisionNumber'>1</Data></EventData></Event><Event xmlns='http://schemas.microsoft.com/win/2004/08/events/event'><System><Provider Name='Microsoft-Windows-WindowsUpdateClient' Guid='{945a8954-c147-4acd-923f-40c45405a658}'/><EventID>44</EventID><Version>1</Version><Level>4</Level><Task>1</Task><Opcode>12</Opcode><Keywords>0x8000000000002004</Keywords><TimeCreated SystemTime='2025-06-03T10:34:18.4505024Z'/><EventRecordID>869</EventRecordID><Correlation/><Execution ProcessID='4216' ThreadID='4856'/><Channel>System</Channel><Computer>NIKOLAISMETBD82</Computer><Security UserID='S-1-5-18'/></System><EventData><Data Name='updateTitle'>9NBLGGH5R558-Microsoft.Todos</Data><Data Name='updateGuid'>{42f0ce05-be46-4b0a-a996-ef749762891e}</Data><Data Name='updateRevisionNumber'>1</Data></EventData></Event><Event xmlns='http://schemas.microsoft.com/win/2004/08/events/event'><System><Provider Name='Microsoft-Windows-WindowsUpdateClient' Guid='{945a8954-c147-4acd-923f-40c45405a658}'/><EventID>44</EventID><Version>1</Version><Level>4</Level><Task>1</Task><Opcode>12</Opcode><Keywords>0x8000000000002004</Keywords><TimeCreated SystemTime='2025-06-03T10:34:18.4504994Z'/><EventRecordID>868</EventRecordID><Correlation/><Execution ProcessID='4216' ThreadID='4856'/><Channel>System</Channel><Computer>NIKOLAISMETBD82</Computer><Security UserID='S-1-5-18'/></System><EventData><Data Name='updateTitle'>9WZDNCRFJBH4-Microsoft.Windows.Photos</Data><Data Name='updateGuid'>{7351927d-dd08-4729-a5ea-4b6dc7cda105}</Data><Data Name='updateRevisionNumber'>1</Data></EventData></Event><Event xmlns='http://schemas.microsoft.com/win/2004/08/events/event'><System><Provider Name='Microsoft-Windows-WindowsUpdateClient' Guid='{945a8954-c147-4acd-923f-40c45405a658}'/><EventID>44</EventID><Version>1</Version><Level>4</Level><Task>1</Task><Opcode>12</Opcode><Keywords>0x8000000000002004</Keywords><TimeCreated SystemTime='2025-06-03T10:34:18.1768654Z'/><EventRecordID>867</EventRecordID><Correlation/><Execution ProcessID='4216' ThreadID='4856'/><Channel>System</Channel><Computer>NIKOLAISMETBD82</Computer><Security UserID='S-1-5-18'/></System><EventData><Data Name='updateTitle'>9MZ95KL8MR0L-Microsoft.ScreenSketch</Data><Data Name='updateGuid'>{8b9e0466-3472-473b-bed3-c2f02a4b051d}</Data><Data Name='updateRevisionNumber'>1</Data></EventData></Event><Event xmlns='http://schemas.microsoft.com/win/2004/08/events/event'><System><Provider Name='Microsoft-Windows-WindowsUpdateClient' Guid='{945a8954-c147-4acd-923f-40c45405a658}'/><EventID>44</EventID><Version>1</Version><Level>4</Level><Task>1</Task><Opcode>12</Opcode><Keywords>0x8000000000002004</Keywords><TimeCreated SystemTime='2025-06-03T10:34:18.1768635Z'/><EventRecordID>866</EventRecordID><Correlation/><Execution ProcessID='4216' ThreadID='4856'/><Channel>System</Channel><Computer>NIKOLAISMETBD82</Computer><Security UserID='S-1-5-18'/></System><EventData><Data Name='updateTitle'>9NBLGGH4RV3K-Microsoft.VCLibs.140.00.UWPDesktop</Data><Data Name='updateGuid'>{fcdd3b59-f41c-4595-b36b-245bacb749e8}</Data><Data Name='updateRevisionNumber'>1</Data></EventData></Event><Event xmlns='http://schemas.microsoft.com/win/2004/08/events/event'><System><Provider Name='Microsoft-Windows-WindowsUpdateClient' Guid='{945a8954-c147-4acd-923f-40c45405a658}'/><EventID>44</EventID><Version>1</Version><Level>4</Level><Task>1</Task><Opcode>12</Opcode><Keywords>0x8000000000002004</Keywords><TimeCreated SystemTime='2025-06-03T10:34:18.1768609Z'/><EventRecordID>865</EventRecordID><Correlation/><Execution ProcessID='4216' ThreadID='4856'/><Channel>System</Channel><Computer>NIKOLAISMETBD82</Computer><Security UserID='S-1-5-18'/></System><EventData><Data Name='updateTitle'>9NBLGGH5R558-Microsoft.Todos</Data><Data Name='updateGuid'>{42f0ce05-be46-4b0a-a996-ef749762891e}</Data><Data Name='updateRevisionNumber'>1</Data></EventData></Event><Event xmlns='http://schemas.microsoft.com/win/2004/08/events/event'><System><Provider Name='Microsoft-Windows-WindowsUpdateClient' Guid='{945a8954-c147-4acd-923f-40c45405a658}'/><EventID>44</EventID><Version>1</Version><Level>4</Level><Task>1</Task><Opcode>12</Opcode><Keywords>0x8000000000002004</Keywords><TimeCreated SystemTime='2025-06-03T10:34:17.7185381Z'/><EventRecordID>864</EventRecordID><Correlation/><Execution ProcessID='4216' ThreadID='4856'/><Channel>System</Channel><Computer>NIKOLAISMETBD82</Computer><Security UserID='S-1-5-18'/></System><EventData><Data Name='updateTitle'>9WZDNCRFJBH4-Microsoft.Windows.Photos</Data><Data Name='updateGuid'>{7351927d-dd08-4729-a5ea-4b6dc7cda105}</Data><Data Name='updateRevisionNumber'>1</Data></EventData></Event><Event xmlns='http://schemas.microsoft.com/win/2004/08/events/event'><System><Provider Name='Microsoft-Windows-WindowsUpdateClient' Guid='{945a8954-c147-4acd-923f-40c45405a658}'/><EventID>44</EventID><Version>1</Version><Level>4</Level><Task>1</Task><Opcode>12</Opcode><Keywords>0x8000000000002004</Keywords><TimeCreated SystemTime='2025-06-03T10:34:17.7185365Z'/><EventRecordID>863</EventRecordID><Correlation/><Execution ProcessID='4216' ThreadID='4856'/><Channel>System</Channel><Computer>NIKOLAISMETBD82</Computer><Security UserID='S-1-5-18'/></System><EventData><Data Name='updateTitle'>9MZ95KL8MR0L-Microsoft.ScreenSketch</Data><Data Name='updateGuid'>{8b9e0466-3472-473b-bed3-c2f02a4b051d}</Data><Data Name='updateRevisionNumber'>1</Data></EventData></Event><Event xmlns='http://schemas.microsoft.com/win/2004/08/events/event'><System><Provider Name='Microsoft-Windows-WindowsUpdateClient' Guid='{945a8954-c147-4acd-923f-40c45405a658}'/><EventID>44</EventID><Version>1</Version><Level>4</Level><Task>1</Task><Opcode>12</Opcode><Keywords>0x8000000000002004</Keywords><TimeCreated SystemTime='2025-06-03T10:34:17.7185345Z'/><EventRecordID>862</EventRecordID><Correlation/><Execution ProcessID='4216' ThreadID='4856'/><Channel>System</Channel><Computer>NIKOLAISMETBD82</Computer><Security UserID='S-1-5-18'/></System><EventData><Data Name='updateTitle'>9NBLGGH3FRZM-Microsoft.VCLibs.140.00</Data><Data Name='updateGuid'>{7c4b0956-b3f1-40ac-a633-668abc5d6af2}</Data><Data Name='updateRevisionNumber'>1</Data></EventData></Event><Event xmlns='http://schemas.microsoft.com/win/2004/08/events/event'><System><Provider Name='Microsoft-Windows-WindowsUpdateClient' Guid='{945a8954-c147-4acd-923f-40c45405a658}'/><EventID>44</EventID><Version>1</Version><Level>4</Level><Task>1</Task><Opcode>12</Opcode><Keywords>0x8000000000002004</Keywords><TimeCreated SystemTime='2025-06-03T10:34:17.7185316Z'/><EventRecordID>861</EventRecordID><Correlation/><Execution ProcessID='4216' ThreadID='4856'/><Channel>System</Channel><Computer>NIKOLAISMETBD82</Computer><Security UserID='S-1-5-18'/></System><EventData><Data Name='updateTitle'>9NBLGGH5R558-Microsoft.Todos</Data><Data Name='updateGuid'>{42f0ce05-be46-4b0a-a996-ef749762891e}</Data><Data Name='updateRevisionNumber'>1</Data></EventData></Event><Event xmlns='http://schemas.microsoft.com/win/2004/08/events/event'><System><Provider Name='Microsoft-Windows-WindowsUpdateClient' Guid='{945a8954-c147-4acd-923f-40c45405a658}'/><EventID>44</EventID><Version>1</Version><Level>4</Level><Task>1</Task><Opcode>12</Opcode><Keywords>0x8000000000002004</Keywords><TimeCreated SystemTime='2025-06-03T10:34:17.7176221Z'/><EventRecordID>860</EventRecordID><Correlation/><Execution ProcessID='4216' ThreadID='4856'/><Channel>System</Channel><Computer>NIKOLAISMETBD82</Computer><Security UserID='S-1-5-18'/></System><EventData><Data Name='updateTitle'>9WZDNCRFJBH4-Microsoft.Windows.Photos</Data><Data Name='updateGuid'>{7351927d-dd08-4729-a5ea-4b6dc7cda105}</Data><Data Name='updateRevisionNumber'>1</Data></EventData></Event><Event xmlns='http://schemas.microsoft.com/win/2004/08/events/event'><System><Provider Name='Microsoft-Windows-WindowsUpdateClient' Guid='{945a8954-c147-4acd-923f-40c45405a658}'/><EventID>44</EventID><Version>1</Version><Level>4</Level><Task>1</Task><Opcode>12</Opcode><Keywords>0x8000000000002004</Keywords><TimeCreated SystemTime='2025-06-03T10:34:17.7176001Z'/><EventRecordID>859</EventRecordID><Correlation/><Execution ProcessID='4216' ThreadID='4856'/><Channel>System</Channel><Computer>NIKOLAISMETBD82</Computer><Security UserID='S-1-5-18'/></System><EventData><Data Name='updateTitle'>9MZ95KL8MR0L-Microsoft.ScreenSketch</Data><Data Name='updateGuid'>{8b9e0466-3472-473b-bed3-c2f02a4b051d}</Data><Data Name='updateRevisionNumber'>1</Data></EventData></Event><Event xmlns='http://schemas.microsoft.com/win/2004/08/events/event'><System><Provider Name='Microsoft-Windows-WindowsUpdateClient' Guid='{945a8954-c147-4acd-923f-40c45405a658}'/><EventID>44</EventID><Version>1</Version><Level>4</Level><Task>1</Task><Opcode>12</Opcode><Keywords>0x8000000000002004</Keywords><TimeCreated SystemTime='2025-06-03T10:34:17.7175980Z'/><EventRecordID>858</EventRecordID><Correlation/><Execution ProcessID='4216' ThreadID='4856'/><Channel>System</Channel><Computer>NIKOLAISMETBD82</Computer><Security UserID='S-1-5-18'/></System><EventData><Data Name='updateTitle'>9NBLGGH3FRZM-Microsoft.VCLibs.140.00</Data><Data Name='updateGuid'>{7c4b0956-b3f1-40ac-a633-668abc5d6af2}</Data><Data Name='updateRevisionNumber'>1</Data></EventData></Event><Event xmlns='http://schemas.microsoft.com/win/2004/08/events/event'><System><Provider Name='Microsoft-Windows-WindowsUpdateClient' Guid='{945a8954-c147-4acd-923f-40c45405a658}'/><EventID>44</EventID><Version>1</Version><Level>4</Level><Task>1</Task><Opcode>12</Opcode><Keywords>0x8000000000002004</Keywords><TimeCreated SystemTime='2025-06-03T10:34:17.7175949Z'/><EventRecordID>857</EventRecordID><Correlation/><Execution ProcessID='4216' ThreadID='4856'/><Channel>System</Channel><Computer>NIKOLAISMETBD82</Computer><Security UserID='S-1-5-18'/></System><EventData><Data Name='updateTitle'>9NBLGGH5R558-Microsoft.Todos</Data><Data Name='updateGuid'>{42f0ce05-be46-4b0a-a996-ef749762891e}</Data><Data Name='updateRevisionNumber'>1</Data></EventData></Event><Event xmlns='http://schemas.microsoft.com/win/2004/08/events/event'><System><Provider Name='Microsoft-Windows-WindowsUpdateClient' Guid='{945a8954-c147-4acd-923f-40c45405a658}'/><EventID>44</EventID><Version>1</Version><Level>4</Level><Task>1</Task><Opcode>12</Opcode><Keywords>0x8000000000002004</Keywords><TimeCreated SystemTime='2025-06-03T10:34:16.6265830Z'/><EventRecordID>856</EventRecordID><Correlation/><Execution ProcessID='4216' ThreadID='4856'/><Channel>System</Channel><Computer>NIKOLAISMETBD82</Computer><Security UserID='S-1-5-18'/></System><EventData><Data Name='updateTitle'>9NSTH9KHZDLQ-Microsoft.UI.Xaml.2.8</Data><Data Name='updateGuid'>{6b5369f2-d415-4daf-a500-1b864dc84dec}</Data><Data Name='updateRevisionNumber'>1</Data></EventData></Event><Event xmlns='http://schemas.microsoft.com/win/2004/08/events/event'><System><Provider Name='Microsoft-Windows-WindowsUpdateClient' Guid='{945a8954-c147-4acd-923f-40c45405a658}'/><EventID>44</EventID><Version>1</Version><Level>4</Level><Task>1</Task><Opcode>12</Opcode><Keywords>0x8000000000002004</Keywords><TimeCreated SystemTime='2025-06-03T10:34:16.6265584Z'/><EventRecordID>855</EventRecordID><Correlation/><Execution ProcessID='4216' ThreadID='4856'/><Channel>System</Channel><Computer>NIKOLAISMETBD82</Computer><Security UserID='S-1-5-18'/></System><EventData><Data Name='updateTitle'>9MZ95KL8MR0L-Microsoft.ScreenSketch</Data><Data Name='updateGuid'>{8b9e0466-3472-473b-bed3-c2f02a4b051d}</Data><Data Name='updateRevisionNumber'>1</Data></EventData></Event><Event xmlns='http://schemas.microsoft.com/win/2004/08/events/event'><System><Provider Name='Microsoft-Windows-WindowsUpdateClient' Guid='{945a8954-c147-4acd-923f-40c45405a658}'/><EventID>44</EventID><Version>1</Version><Level>4</Level><Task>1</Task><Opcode>12</Opcode><Keywords>0x8000000000002004</Keywords><TimeCreated SystemTime='2025-06-03T10:34:16.6265541Z'/><EventRecordID>854</EventRecordID><Correlation/><Execution ProcessID='4216' ThreadID='4856'/><Channel>System</Channel><Computer>NIKOLAISMETBD82</Computer><Security UserID='S-1-5-18'/></System><EventData><Data Name='updateTitle'>9NBLGGH5R558-Microsoft.Todos</Data><Data Name='updateGuid'>{42f0ce05-be46-4b0a-a996-ef749762891e}</Data><Data Name='updateRevisionNumber'>1</Data></EventData></Event><Event xmlns='http://schemas.microsoft.com/win/2004/08/events/event'><System><Provider Name='Microsoft-Windows-WindowsUpdateClient' Guid='{945a8954-c147-4acd-923f-40c45405a658}'/><EventID>44</EventID><Version>1</Version><Level>4</Level><Task>1</Task><Opcode>12</Opcode><Keywords>0x8000000000002004</Keywords><TimeCreated SystemTime='2025-06-03T10:34:16.6252295Z'/><EventRecordID>853</EventRecordID><Correlation/><Execution ProcessID='4216' ThreadID='4856'/><Channel>System</Channel><Computer>NIKOLAISMETBD82</Computer><Security UserID='S-1-5-18'/></System><EventData><Data Name='updateTitle'>9NSTH9KHZDLQ-Microsoft.UI.Xaml.2.8</Data><Data Name='updateGuid'>{6b5369f2-d415-4daf-a500-1b864dc84dec}</Data><Data Name='updateRevisionNumber'>1</Data></EventData></Event><Event xmlns='http://schemas.microsoft.com/win/2004/08/events/event'><System><Provider Name='Microsoft-Windows-WindowsUpdateClient' Guid='{945a8954-c147-4acd-923f-40c45405a658}'/><EventID>44</EventID><Version>1</Version><Level>4</Level><Task>1</Task><Opcode>12</Opcode><Keywords>0x8000000000002004</Keywords><TimeCreated SystemTime='2025-06-03T10:34:16.6252275Z'/><EventRecordID>852</EventRecordID><Correlation/><Execution ProcessID='4216' ThreadID='4856'/><Channel>System</Channel><Computer>NIKOLAISMETBD82</Computer><Security UserID='S-1-5-18'/></System><EventData><Data Name='updateTitle'>9MZ95KL8MR0L-Microsoft.ScreenSketch</Data><Data Name='updateGuid'>{8b9e0466-3472-473b-bed3-c2f02a4b051d}</Data><Data Name='updateRevisionNumber'>1</Data></EventData></Event><Event xmlns='http://schemas.microsoft.com/win/2004/08/events/event'><System><Provider Name='Microsoft-Windows-WindowsUpdateClient' Guid='{945a8954-c147-4acd-923f-40c45405a658}'/><EventID>44</EventID><Version>1</Version><Level>4</Level><Task>1</Task><Opcode>12</Opcode><Keywords>0x8000000000002004</Keywords><TimeCreated SystemTime='2025-06-03T10:34:16.6252253Z'/><EventRecordID>851</EventRecordID><Correlation/><Execution ProcessID='4216' ThreadID='4856'/><Channel>System</Channel><Computer>NIKOLAISMETBD82</Computer><Security UserID='S-1-5-18'/></System><EventData><Data Name='updateTitle'>9NBLGGH5R558-Microsoft.Todos</Data><Data Name='updateGuid'>{42f0ce05-be46-4b0a-a996-ef749762891e}</Data><Data Name='updateRevisionNumber'>1</Data></EventData></Event><Event xmlns='http://schemas.microsoft.com/win/2004/08/events/event'><System><Provider Name='Microsoft-Windows-WindowsUpdateClient' Guid='{945a8954-c147-4acd-923f-40c45405a658}'/><EventID>44</EventID><Version>1</Version><Level>4</Level><Task>1</Task><Opcode>12</Opcode><Keywords>0x8000000000002004</Keywords><TimeCreated SystemTime='2025-06-03T10:34:16.6156765Z'/><EventRecordID>850</EventRecordID><Correlation/><Execution ProcessID='4216' ThreadID='4856'/><Channel>System</Channel><Computer>NIKOLAISMETBD82</Computer><Security UserID='S-1-5-18'/></System><EventData><Data Name='updateTitle'>9WZDNCRFJBH4-Microsoft.Windows.Photos</Data><Data Name='updateGuid'>{7351927d-dd08-4729-a5ea-4b6dc7cda105}</Data><Data Name='updateRevisionNumber'>1</Data></EventData></Event><Event xmlns='http://schemas.microsoft.com/win/2004/08/events/event'><System><Provider Name='Microsoft-Windows-WindowsUpdateClient' Guid='{945a8954-c147-4acd-923f-40c45405a658}'/><EventID>44</EventID><Version>1</Version><Level>4</Level><Task>1</Task><Opcode>12</Opcode><Keywords>0x8000000000002004</Keywords><TimeCreated SystemTime='2025-06-03T10:34:16.6156751Z'/><EventRecordID>849</EventRecordID><Correlation/><Execution ProcessID='4216' ThreadID='4856'/><Channel>System</Channel><Computer>NIKOLAISMETBD82</Computer><Security UserID='S-1-5-18'/></System><EventData><Data Name='updateTitle'>9MZ95KL8MR0L-Microsoft.ScreenSketch</Data><Data Name='updateGuid'>{8b9e0466-3472-473b-bed3-c2f02a4b051d}</Data><Data Name='updateRevisionNumber'>1</Data></EventData></Event><Event xmlns='http://schemas.microsoft.com/win/2004/08/events/event'><System><Provider Name='Microsoft-Windows-WindowsUpdateClient' Guid='{945a8954-c147-4acd-923f-40c45405a658}'/><EventID>44</EventID><Version>1</Version><Level>4</Level><Task>1</Task><Opcode>12</Opcode><Keywords>0x8000000000002004</Keywords><TimeCreated SystemTime='2025-06-03T10:34:16.6156737Z'/><EventRecordID>848</EventRecordID><Correlation/><Execution ProcessID='4216' ThreadID='4856'/><Channel>System</Channel><Computer>NIKOLAISMETBD82</Computer><Security UserID='S-1-5-18'/></System><EventData><Data Name='updateTitle'>9NBLGGH4RV3K-Microsoft.VCLibs.140.00.UWPDesktop</Data><Data Name='updateGuid'>{fcdd3b59-f41c-4595-b36b-245bacb749e8}</Data><Data Name='updateRevisionNumber'>1</Data></EventData></Event><Event xmlns='http://schemas.microsoft.com/win/2004/08/events/event'><System><Provider Name='Microsoft-Windows-WindowsUpdateClient' Guid='{945a8954-c147-4acd-923f-40c45405a658}'/><EventID>44</EventID><Version>1</Version><Level>4</Level><Task>1</Task><Opcode>12</Opcode><Keywords>0x8000000000002004</Keywords><TimeCreated SystemTime='2025-06-03T10:34:16.6156720Z'/><EventRecordID>847</EventRecordID><Correlation/><Execution ProcessID='4216' ThreadID='4856'/><Channel>System</Channel><Computer>NIKOLAISMETBD82</Computer><Security UserID='S-1-5-18'/></System><EventData><Data Name='updateTitle'>9NBLGGH5R558-Microsoft.Todos</Data><Data Name='updateGuid'>{42f0ce05-be46-4b0a-a996-ef749762891e}</Data><Data Name='updateRevisionNumber'>1</Data></EventData></Event><Event xmlns='http://schemas.microsoft.com/win/2004/08/events/event'><System><Provider Name='Microsoft-Windows-WindowsUpdateClient' Guid='{945a8954-c147-4acd-923f-40c45405a658}'/><EventID>44</EventID><Version>1</Version><Level>4</Level><Task>1</Task><Opcode>12</Opcode><Keywords>0x8000000000002004</Keywords><TimeCreated SystemTime='2025-06-03T10:34:16.6150893Z'/><EventRecordID>846</EventRecordID><Correlation/><Execution ProcessID='4216' ThreadID='4856'/><Channel>System</Channel><Computer>NIKOLAISMETBD82</Computer><Security UserID='S-1-5-18'/></System><EventData><Data Name='updateTitle'>9MW2LKJ0TPJF-Microsoft.NET.Native.Framework.2.2</Data><Data Name='updateGuid'>{bfa7d40d-2cdf-4c15-98cf-85c847517da3}</Data><Data Name='updateRevisionNumber'>1</Data></EventData></Event><Event xmlns='http://schemas.microsoft.com/win/2004/08/events/event'><System><Provider Name='Microsoft-Windows-WindowsUpdateClient' Guid='{945a8954-c147-4acd-923f-40c45405a658}'/><EventID>44</EventID><Version>1</Version><Level>4</Level><Task>1</Task><Opcode>12</Opcode><Keywords>0x8000000000002004</Keywords><TimeCreated SystemTime='2025-06-03T10:34:16.6150878Z'/><EventRecordID>845</EventRecordID><Correlation/><Execution ProcessID='4216' ThreadID='4856'/><Channel>System</Channel><Computer>NIKOLAISMETBD82</Computer><Security UserID='S-1-5-18'/></System><EventData><Data Name='updateTitle'>9NBLGGH5R558-Microsoft.Todos</Data><Data Name='updateGuid'>{42f0ce05-be46-4b0a-a996-ef749762891e}</Data><Data Name='updateRevisionNumber'>1</Data></EventData></Event><Event xmlns='http://schemas.microsoft.com/win/2004/08/events/event'><System><Provider Name='Microsoft-Windows-WindowsUpdateClient' Guid='{945a8954-c147-4acd-923f-40c45405a658}'/><EventID>44</EventID><Version>1</Version><Level>4</Level><Task>1</Task><Opcode>12</Opcode><Keywords>0x8000000000002004</Keywords><TimeCreated SystemTime='2025-06-03T10:34:16.6150858Z'/><EventRecordID>844</EventRecordID><Correlation/><Execution ProcessID='4216' ThreadID='4856'/><Channel>System</Channel><Computer>NIKOLAISMETBD82</Computer><Security UserID='S-1-5-18'/></System><EventData><Data Name='updateTitle'>9PLL735RFDSM-Microsoft.NET.Native.Runtime.2.2</Data><Data Name='updateGuid'>{9c137291-4059-4cb8-b650-12b07bbe1da1}</Data><Data Name='updateRevisionNumber'>1</Data></EventData></Event><Event xmlns='http://schemas.microsoft.com/win/2004/08/events/event'><System><Provider Name='Microsoft-Windows-WindowsUpdateClient' Guid='{945a8954-c147-4acd-923f-40c45405a658}'/><EventID>44</EventID><Version>1</Version><Level>4</Level><Task>1</Task><Opcode>12</Opcode><Keywords>0x8000000000002004</Keywords><TimeCreated SystemTime='2025-06-03T10:34:16.6150838Z'/><EventRecordID>843</EventRecordID><Correlation/><Execution ProcessID='4216' ThreadID='4856'/><Channel>System</Channel><Computer>NIKOLAISMETBD82</Computer><Security UserID='S-1-5-18'/></System><EventData><Data Name='updateTitle'>9NBLGGH5R558-Microsoft.Todos</Data><Data Name='updateGuid'>{42f0ce05-be46-4b0a-a996-ef749762891e}</Data><Data Name='updateRevisionNumber'>1</Data></EventData></Event><Event xmlns='http://schemas.microsoft.com/win/2004/08/events/event'><System><Provider Name='Microsoft-Windows-WindowsUpdateClient' Guid='{945a8954-c147-4acd-923f-40c45405a658}'/><EventID>44</EventID><Version>1</Version><Level>4</Level><Task>1</Task><Opcode>12</Opcode><Keywords>0x8000000000002004</Keywords><TimeCreated SystemTime='2025-06-03T10:34:16.6144155Z'/><EventRecordID>842</EventRecordID><Correlation/><Execution ProcessID='4216' ThreadID='4856'/><Channel>System</Channel><Computer>NIKOLAISMETBD82</Computer><Security UserID='S-1-5-18'/></System><EventData><Data Name='updateTitle'>9WZDNCRFJBH4-Microsoft.Windows.Photos</Data><Data Name='updateGuid'>{7351927d-dd08-4729-a5ea-4b6dc7cda105}</Data><Data Name='updateRevisionNumber'>1</Data></EventData></Event><Event xmlns='http://schemas.microsoft.com/win/2004/08/events/event'><System><Provider Name='Microsoft-Windows-WindowsUpdateClient' Guid='{945a8954-c147-4acd-923f-40c45405a658}'/><EventID>44</EventID><Version>1</Version><Level>4</Level><Task>1</Task><Opcode>12</Opcode><Keywords>0x8000000000002004</Keywords><TimeCreated SystemTime='2025-06-03T10:34:16.6144141Z'/><EventRecordID>841</EventRecordID><Correlation/><Execution ProcessID='4216' ThreadID='4856'/><Channel>System</Channel><Computer>NIKOLAISMETBD82</Computer><Security UserID='S-1-5-18'/></System><EventData><Data Name='updateTitle'>9MZ95KL8MR0L-Microsoft.ScreenSketch</Data><Data Name='updateGuid'>{8b9e0466-3472-473b-bed3-c2f02a4b051d}</Data><Data Name='updateRevisionNumber'>1</Data></EventData></Event><Event xmlns='http://schemas.microsoft.com/win/2004/08/events/event'><System><Provider Name='Microsoft-Windows-WindowsUpdateClient' Guid='{945a8954-c147-4acd-923f-40c45405a658}'/><EventID>44</EventID><Version>1</Version><Level>4</Level><Task>1</Task><Opcode>12</Opcode><Keywords>0x8000000000002004</Keywords><TimeCreated SystemTime='2025-06-03T10:34:16.6144128Z'/><EventRecordID>840</EventRecordID><Correlation/><Execution ProcessID='4216' ThreadID='4856'/><Channel>System</Channel><Computer>NIKOLAISMETBD82</Computer><Security UserID='S-1-5-18'/></System><EventData><Data Name='updateTitle'>9NBLGGH3FRZM-Microsoft.VCLibs.140.00</Data><Data Name='updateGuid'>{7c4b0956-b3f1-40ac-a633-668abc5d6af2}</Data><Data Name='updateRevisionNumber'>1</Data></EventData></Event><Event xmlns='http://schemas.microsoft.com/win/2004/08/events/event'><System><Provider Name='Microsoft-Windows-WindowsUpdateClient' Guid='{945a8954-c147-4acd-923f-40c45405a658}'/><EventID>44</EventID><Version>1</Version><Level>4</Level><Task>1</Task><Opcode>12</Opcode><Keywords>0x8000000000002004</Keywords><TimeCreated SystemTime='2025-06-03T10:34:16.6144111Z'/><EventRecordID>839</EventRecordID><Correlation/><Execution ProcessID='4216' ThreadID='4856'/><Channel>System</Channel><Computer>NIKOLAISMETBD82</Computer><Security UserID='S-1-5-18'/></System><EventData><Data Name='updateTitle'>9NBLGGH5R558-Microsoft.Todos</Data><Data Name='updateGuid'>{42f0ce05-be46-4b0a-a996-ef749762891e}</Data><Data Name='updateRevisionNumber'>1</Data></EventData></Event><Event xmlns='http://schemas.microsoft.com/win/2004/08/events/event'><System><Provider Name='Microsoft-Windows-WindowsUpdateClient' Guid='{945a8954-c147-4acd-923f-40c45405a658}'/><EventID>44</EventID><Version>1</Version><Level>4</Level><Task>1</Task><Opcode>12</Opcode><Keywords>0x8000000000002004</Keywords><TimeCreated SystemTime='2025-06-03T10:34:16.6135523Z'/><EventRecordID>838</EventRecordID><Correlation/><Execution ProcessID='4216' ThreadID='4856'/><Channel>System</Channel><Computer>NIKOLAISMETBD82</Computer><Security UserID='S-1-5-18'/></System><EventData><Data Name='updateTitle'>9NBLGGH5R558-Microsoft.Todos</Data><Data Name='updateGuid'>{42f0ce05-be46-4b0a-a996-ef749762891e}</Data><Data Name='updateRevisionNumber'>1</Data></EventData></Event><Event xmlns='http://schemas.microsoft.com/win/2004/08/events/event'><System><Provider Name='Microsoft-Windows-WindowsUpdateClient' Guid='{945a8954-c147-4acd-923f-40c45405a658}'/><EventID>44</EventID><Version>1</Version><Level>4</Level><Task>1</Task><Opcode>12</Opcode><Keywords>0x8000000000002004</Keywords><TimeCreated SystemTime='2025-06-03T10:34:16.6135499Z'/><EventRecordID>837</EventRecordID><Correlation/><Execution ProcessID='4216' ThreadID='4856'/><Channel>System</Channel><Computer>NIKOLAISMETBD82</Computer><Security UserID='S-1-5-18'/></System><EventData><Data Name='updateTitle'>9NBLGGH51CLL-Microsoft.Services.Store.Engagement</Data><Data Name='updateGuid'>{3f6608fd-a63e-4c0a-ac23-3d0a81a8fe70}</Data><Data Name='updateRevisionNumber'>1</Data></EventData></Event><Event xmlns='http://schemas.microsoft.com/win/2004/08/events/event'><System><Provider Name='Microsoft-Windows-WindowsUpdateClient' Guid='{945a8954-c147-4acd-923f-40c45405a658}'/><EventID>44</EventID><Version>1</Version><Level>4</Level><Task>1</Task><Opcode>12</Opcode><Keywords>0x8000000000002004</Keywords><TimeCreated SystemTime='2025-06-03T10:34:16.6135478Z'/><EventRecordID>836</EventRecordID><Correlation/><Execution ProcessID='4216' ThreadID='4856'/><Channel>System</Channel><Computer>NIKOLAISMETBD82</Computer><Security UserID='S-1-5-18'/></System><EventData><Data Name='updateTitle'>9NBLGGH5R558-Microsoft.Todos</Data><Data Name='updateGuid'>{42f0ce05-be46-4b0a-a996-ef749762891e}</Data><Data Name='updateRevisionNumber'>1</Data></EventData></Event><Event xmlns='http://schemas.microsoft.com/win/2004/08/events/event'><System><Provider Name='Microsoft-Windows-WindowsUpdateClient' Guid='{945a8954-c147-4acd-923f-40c45405a658}'/><EventID>19</EventID><Version>1</Version><Level>4</Level><Task>1</Task><Opcode>13</Opcode><Keywords>0x8000000000000018</Keywords><TimeCreated SystemTime='2025-06-03T10:34:14.2202478Z'/><EventRecordID>835</EventRecordID><Correlation ActivityID='{189ccb3f-d3de-0003-9884-9f18ded3db01}'/><Execution ProcessID='4216' ThreadID='2140'/><Channel>System</Channel><Computer>NIKOLAISMETBD82</Computer><Security UserID='S-1-5-18'/></System><EventData><Data Name='updateTitle'>9PMMSR1CGPWG-Microsoft.HEIFImageExtension</Data><Data Name='updateGuid'>{20f868f0-14e3-4097-bdd9-e0140e0385e3}</Data><Data Name='updateRevisionNumber'>1</Data><Data Name='serviceGuid'>{855e8a7c-ecb4-4ca3-b045-1dfa50104289}</Data></EventData></Event><Event xmlns='http://schemas.microsoft.com/win/2004/08/events/event'><System><Provider Name='Microsoft-Windows-Kernel-General' Guid='{a68ca8b7-004f-d7b6-a698-07e2de0f1f5d}'/><EventID>16</EventID><Version>0</Version><Level>4</Level><Task>0</Task><Opcode>0</Opcode><Keywords>0x8000000000000000</Keywords><TimeCreated SystemTime='2025-06-03T10:34:13.9014521Z'/><EventRecordID>834</EventRecordID><Correlation/><Execution ProcessID='3056' ThreadID='7284'/><Channel>System</Channel><Computer>NIKOLAISMETBD82</Computer><Security UserID='S-1-5-21-4155168598-3527253067-2058671051-1000'/></System><EventData><Data Name='HiveNameLength'>120</Data><Data Name='HiveName'>\??\C:\Users\nikolai.smetannikov\AppData\Local\Packages\Microsoft.HEIFImageExtension_8wekyb3d8bbwe\Settings\settings.dat</Data><Data Name='KeysUpdated'>3</Data><Data Name='DirtyPages'>1</Data></EventData></Event><Event xmlns='http://schemas.microsoft.com/win/2004/08/events/event'><System><Provider Name='Microsoft-Windows-WindowsUpdateClient' Guid='{945a8954-c147-4acd-923f-40c45405a658}'/><EventID>43</EventID><Version>1</Version><Level>4</Level><Task>1</Task><Opcode>13</Opcode><Keywords>0x8000000000002008</Keywords><TimeCreated SystemTime='2025-06-03T10:34:13.7887370Z'/><EventRecordID>833</EventRecordID><Correlation/><Execution ProcessID='4216' ThreadID='2140'/><Channel>System</Channel><Computer>NIKOLAISMETBD82</Computer><Security UserID='S-1-5-18'/></System><EventData><Data Name='updateTitle'>9PMMSR1CGPWG-Microsoft.HEIFImageExtension</Data><Data Name='updateGuid'>{20f868f0-14e3-4097-bdd9-e0140e0385e3}</Data><Data Name='updateRevisionNumber'>1</Data></EventData></Event><Event xmlns='http://schemas.microsoft.com/win/2004/08/events/event'><System><Provider Name='Microsoft-Windows-WindowsUpdateClient' Guid='{945a8954-c147-4acd-923f-40c45405a658}'/><EventID>44</EventID><Version>1</Version><Level>4</Level><Task>1</Task><Opcode>12</Opcode><Keywords>0x8000000000002004</Keywords><TimeCreated SystemTime='2025-06-03T10:34:13.0329984Z'/><EventRecordID>832</EventRecordID><Correlation/><Execution ProcessID='4216' ThreadID='4856'/><Channel>System</Channel><Computer>NIKOLAISMETBD82</Computer><Security UserID='S-1-5-18'/></System><EventData><Data Name='updateTitle'>9WZDNCRFJBH4-Microsoft.Windows.Photos</Data><Data Name='updateGuid'>{7351927d-dd08-4729-a5ea-4b6dc7cda105}</Data><Data Name='updateRevisionNumber'>1</Data></EventData></Event><Event xmlns='http://schemas.microsoft.com/win/2004/08/events/event'><System><Provider Name='Microsoft-Windows-WindowsUpdateClient' Guid='{945a8954-c147-4acd-923f-40c45405a658}'/><EventID>44</EventID><Version>1</Version><Level>4</Level><Task>1</Task><Opcode>12</Opcode><Keywords>0x8000000000002004</Keywords><TimeCreated SystemTime='2025-06-03T10:34:13.0329964Z'/><EventRecordID>831</EventRecordID><Correlation/><Execution ProcessID='4216' ThreadID='4856'/><Channel>System</Channel><Computer>NIKOLAISMETBD82</Computer><Security UserID='S-1-5-18'/></System><EventData><Data Name='updateTitle'>9MZ95KL8MR0L-Microsoft.ScreenSketch</Data><Data Name='updateGuid'>{8b9e0466-3472-473b-bed3-c2f02a4b051d}</Data><Data Name='updateRevisionNumber'>1</Data></EventData></Event><Event xmlns='http://schemas.microsoft.com/win/2004/08/events/event'><System><Provider Name='Microsoft-Windows-WindowsUpdateClient' Guid='{945a8954-c147-4acd-923f-40c45405a658}'/><EventID>44</EventID><Version>1</Version><Level>4</Level><Task>1</Task><Opcode>12</Opcode><Keywords>0x8000000000002004</Keywords><TimeCreated SystemTime='2025-06-03T10:34:13.0329939Z'/><EventRecordID>830</EventRecordID><Correlation/><Execution ProcessID='4216' ThreadID='4856'/><Channel>System</Channel><Computer>NIKOLAISMETBD82</Computer><Security UserID='S-1-5-18'/></System><EventData><Data Name='updateTitle'>9NH2SW16MQ7F-Microsoft.WindowsAppRuntime.1.5</Data><Data Name='updateGuid'>{9e7b6034-6a40-4f49-ba32-0d77661c32a5}</Data><Data Name='updateRevisionNumber'>1</Data></EventData></Event><Event xmlns='http://schemas.microsoft.com/win/2004/08/events/event'><System><Provider Name='Microsoft-Windows-WindowsUpdateClient' Guid='{945a8954-c147-4acd-923f-40c45405a658}'/><EventID>44</EventID><Version>1</Version><Level>4</Level><Task>1</Task><Opcode>12</Opcode><Keywords>0x8000000000002004</Keywords><TimeCreated SystemTime='2025-06-03T10:34:12.8348197Z'/><EventRecordID>829</EventRecordID><Correlation/><Execution ProcessID='4216' ThreadID='4856'/><Channel>System</Channel><Computer>NIKOLAISMETBD82</Computer><Security UserID='S-1-5-18'/></System><EventData><Data Name='updateTitle'>9NSTH9KHZDLQ-Microsoft.UI.Xaml.2.8</Data><Data Name='updateGuid'>{6b5369f2-d415-4daf-a500-1b864dc84dec}</Data><Data Name='updateRevisionNumber'>1</Data></EventData></Event><Event xmlns='http://schemas.microsoft.com/win/2004/08/events/event'><System><Provider Name='Microsoft-Windows-WindowsUpdateClient' Guid='{945a8954-c147-4acd-923f-40c45405a658}'/><EventID>44</EventID><Version>1</Version><Level>4</Level><Task>1</Task><Opcode>12</Opcode><Keywords>0x8000000000002004</Keywords><TimeCreated SystemTime='2025-06-03T10:34:12.8348179Z'/><EventRecordID>828</EventRecordID><Correlation/><Execution ProcessID='4216' ThreadID='4856'/><Channel>System</Channel><Computer>NIKOLAISMETBD82</Computer><Security UserID='S-1-5-18'/></System><EventData><Data Name='updateTitle'>9MZ95KL8MR0L-Microsoft.ScreenSketch</Data><Data Name='updateGuid'>{8b9e0466-3472-473b-bed3-c2f02a4b051d}</Data><Data Name='updateRevisionNumber'>1</Data></EventData></Event><Event xmlns='http://schemas.microsoft.com/win/2004/08/events/event'><System><Provider Name='Microsoft-Windows-WindowsUpdateClient' Guid='{945a8954-c147-4acd-923f-40c45405a658}'/><EventID>44</EventID><Version>1</Version><Level>4</Level><Task>1</Task><Opcode>12</Opcode><Keywords>0x8000000000002004</Keywords><TimeCreated SystemTime='2025-06-03T10:34:12.6177253Z'/><EventRecordID>827</EventRecordID><Correlation/><Execution ProcessID='4216' ThreadID='4856'/><Channel>System</Channel><Computer>NIKOLAISMETBD82</Computer><Security UserID='S-1-5-18'/></System><EventData><Data Name='updateTitle'>9WZDNCRFJBH4-Microsoft.Windows.Photos</Data><Data Name='updateGuid'>{7351927d-dd08-4729-a5ea-4b6dc7cda105}</Data><Data Name='updateRevisionNumber'>1</Data></EventData></Event><Event xmlns='http://schemas.microsoft.com/win/2004/08/events/event'><System><Provider Name='Microsoft-Windows-WindowsUpdateClient' Guid='{945a8954-c147-4acd-923f-40c45405a658}'/><EventID>44</EventID><Version>1</Version><Level>4</Level><Task>1</Task><Opcode>12</Opcode><Keywords>0x8000000000002004</Keywords><TimeCreated SystemTime='2025-06-03T10:34:12.6177236Z'/><EventRecordID>826</EventRecordID><Correlation/><Execution ProcessID='4216' ThreadID='4856'/><Channel>System</Channel><Computer>NIKOLAISMETBD82</Computer><Security UserID='S-1-5-18'/></System><EventData><Data Name='updateTitle'>9MZ95KL8MR0L-Microsoft.ScreenSketch</Data><Data Name='updateGuid'>{8b9e0466-3472-473b-bed3-c2f02a4b051d}</Data><Data Name='updateRevisionNumber'>1</Data></EventData></Event><Event xmlns='http://schemas.microsoft.com/win/2004/08/events/event'><System><Provider Name='Microsoft-Windows-WindowsUpdateClient' Guid='{945a8954-c147-4acd-923f-40c45405a658}'/><EventID>44</EventID><Version>1</Version><Level>4</Level><Task>1</Task><Opcode>12</Opcode><Keywords>0x8000000000002004</Keywords><TimeCreated SystemTime='2025-06-03T10:34:12.6177210Z'/><EventRecordID>825</EventRecordID><Correlation/><Execution ProcessID='4216' ThreadID='4856'/><Channel>System</Channel><Computer>NIKOLAISMETBD82</Computer><Security UserID='S-1-5-18'/></System><EventData><Data Name='updateTitle'>9NBLGGH4RV3K-Microsoft.VCLibs.140.00.UWPDesktop</Data><Data Name='updateGuid'>{fcdd3b59-f41c-4595-b36b-245bacb749e8}</Data><Data Name='updateRevisionNumber'>1</Data></EventData></Event><Event xmlns='http://schemas.microsoft.com/win/2004/08/events/event'><System><Provider Name='Microsoft-Windows-WindowsUpdateClient' Guid='{945a8954-c147-4acd-923f-40c45405a658}'/><EventID>44</EventID><Version>1</Version><Level>4</Level><Task>1</Task><Opcode>12</Opcode><Keywords>0x8000000000002004</Keywords><TimeCreated SystemTime='2025-06-03T10:34:12.3050402Z'/><EventRecordID>824</EventRecordID><Correlation/><Execution ProcessID='4216' ThreadID='4856'/><Channel>System</Channel><Computer>NIKOLAISMETBD82</Computer><Security UserID='S-1-5-18'/></System><EventData><Data Name='updateTitle'>9WZDNCRFJBH4-Microsoft.Windows.Photos</Data><Data Name='updateGuid'>{7351927d-dd08-4729-a5ea-4b6dc7cda105}</Data><Data Name='updateRevisionNumber'>1</Data></EventData></Event><Event xmlns='http://schemas.microsoft.com/win/2004/08/events/event'><System><Provider Name='Microsoft-Windows-WindowsUpdateClient' Guid='{945a8954-c147-4acd-923f-40c45405a658}'/><EventID>44</EventID><Version>1</Version><Level>4</Level><Task>1</Task><Opcode>12</Opcode><Keywords>0x8000000000002004</Keywords><TimeCreated SystemTime='2025-06-03T10:34:12.3050383Z'/><EventRecordID>823</EventRecordID><Correlation/><Execution ProcessID='4216' ThreadID='4856'/><Channel>System</Channel><Computer>NIKOLAISMETBD82</Computer><Security UserID='S-1-5-18'/></System><EventData><Data Name='updateTitle'>9MZ95KL8MR0L-Microsoft.ScreenSketch</Data><Data Name='updateGuid'>{8b9e0466-3472-473b-bed3-c2f02a4b051d}</Data><Data Name='updateRevisionNumber'>1</Data></EventData></Event><Event xmlns='http://schemas.microsoft.com/win/2004/08/events/event'><System><Provider Name='Microsoft-Windows-WindowsUpdateClient' Guid='{945a8954-c147-4acd-923f-40c45405a658}'/><EventID>44</EventID><Version>1</Version><Level>4</Level><Task>1</Task><Opcode>12</Opcode><Keywords>0x8000000000002004</Keywords><TimeCreated SystemTime='2025-06-03T10:34:12.3050360Z'/><EventRecordID>822</EventRecordID><Correlation/><Execution ProcessID='4216' ThreadID='4856'/><Channel>System</Channel><Computer>NIKOLAISMETBD82</Computer><Security UserID='S-1-5-18'/></System><EventData><Data Name='updateTitle'>9NBLGGH4RV3K-Microsoft.VCLibs.140.00.UWPDesktop</Data><Data Name='updateGuid'>{fcdd3b59-f41c-4595-b36b-245bacb749e8}</Data><Data Name='updateRevisionNumber'>1</Data></EventData></Event><Event xmlns='http://schemas.microsoft.com/win/2004/08/events/event'><System><Provider Name='Microsoft-Windows-WindowsUpdateClient' Guid='{945a8954-c147-4acd-923f-40c45405a658}'/><EventID>44</EventID><Version>1</Version><Level>4</Level><Task>1</Task><Opcode>12</Opcode><Keywords>0x8000000000002004</Keywords><TimeCreated SystemTime='2025-06-03T10:34:12.3010358Z'/><EventRecordID>821</EventRecordID><Correlation/><Execution ProcessID='4216' ThreadID='4856'/><Channel>System</Channel><Computer>NIKOLAISMETBD82</Computer><Security UserID='S-1-5-18'/></System><EventData><Data Name='updateTitle'>9WZDNCRFJBH4-Microsoft.Windows.Photos</Data><Data Name='updateGuid'>{7351927d-dd08-4729-a5ea-4b6dc7cda105}</Data><Data Name='updateRevisionNumber'>1</Data></EventData></Event><Event xmlns='http://schemas.microsoft.com/win/2004/08/events/event'><System><Provider Name='Microsoft-Windows-WindowsUpdateClient' Guid='{945a8954-c147-4acd-923f-40c45405a658}'/><EventID>44</EventID><Version>1</Version><Level>4</Level><Task>1</Task><Opcode>12</Opcode><Keywords>0x8000000000002004</Keywords><TimeCreated SystemTime='2025-06-03T10:34:11.3826721Z'/><EventRecordID>820</EventRecordID><Correlation/><Execution ProcessID='4216' ThreadID='4856'/><Channel>System</Channel><Computer>NIKOLAISMETBD82</Computer><Security UserID='S-1-5-18'/></System><EventData><Data Name='updateTitle'>9MZ95KL8MR0L-Microsoft.ScreenSketch</Data><Data Name='updateGuid'>{8b9e0466-3472-473b-bed3-c2f02a4b051d}</Data><Data Name='updateRevisionNumber'>1</Data></EventData></Event><Event xmlns='http://schemas.microsoft.com/win/2004/08/events/event'><System><Provider Name='Microsoft-Windows-WindowsUpdateClient' Guid='{945a8954-c147-4acd-923f-40c45405a658}'/><EventID>44</EventID><Version>1</Version><Level>4</Level><Task>1</Task><Opcode>12</Opcode><Keywords>0x8000000000002004</Keywords><TimeCreated SystemTime='2025-06-03T10:34:11.3826700Z'/><EventRecordID>819</EventRecordID><Correlation/><Execution ProcessID='4216' ThreadID='4856'/><Channel>System</Channel><Computer>NIKOLAISMETBD82</Computer><Security UserID='S-1-5-18'/></System><EventData><Data Name='updateTitle'>9NH2SW16MQ7F-Microsoft.WindowsAppRuntime.1.5</Data><Data Name='updateGuid'>{9e7b6034-6a40-4f49-ba32-0d77661c32a5}</Data><Data Name='updateRevisionNumber'>1</Data></EventData></Event><Event xmlns='http://schemas.microsoft.com/win/2004/08/events/event'><System><Provider Name='Microsoft-Windows-WindowsUpdateClient' Guid='{945a8954-c147-4acd-923f-40c45405a658}'/><EventID>44</EventID><Version>1</Version><Level>4</Level><Task>1</Task><Opcode>12</Opcode><Keywords>0x8000000000002004</Keywords><TimeCreated SystemTime='2025-06-03T10:34:10.9370877Z'/><EventRecordID>818</EventRecordID><Correlation/><Execution ProcessID='4216' ThreadID='4856'/><Channel>System</Channel><Computer>NIKOLAISMETBD82</Computer><Security UserID='S-1-5-18'/></System><EventData><Data Name='updateTitle'>9WZDNCRFJBH4-Microsoft.Windows.Photos</Data><Data Name='updateGuid'>{7351927d-dd08-4729-a5ea-4b6dc7cda105}</Data><Data Name='updateRevisionNumber'>1</Data></EventData></Event><Event xmlns='http://schemas.microsoft.com/win/2004/08/events/event'><System><Provider Name='Microsoft-Windows-WindowsUpdateClient' Guid='{945a8954-c147-4acd-923f-40c45405a658}'/><EventID>44</EventID><Version>1</Version><Level>4</Level><Task>1</Task><Opcode>12</Opcode><Keywords>0x8000000000002004</Keywords><TimeCreated SystemTime='2025-06-03T10:34:10.9370862Z'/><EventRecordID>817</EventRecordID><Correlation/><Execution ProcessID='4216' ThreadID='4856'/><Channel>System</Channel><Computer>NIKOLAISMETBD82</Computer><Security UserID='S-1-5-18'/></System><EventData><Data Name='updateTitle'>9MZ95KL8MR0L-Microsoft.ScreenSketch</Data><Data Name='updateGuid'>{8b9e0466-3472-473b-bed3-c2f02a4b051d}</Data><Data Name='updateRevisionNumber'>1</Data></EventData></Event><Event xmlns='http://schemas.microsoft.com/win/2004/08/events/event'><System><Provider Name='Microsoft-Windows-WindowsUpdateClient' Guid='{945a8954-c147-4acd-923f-40c45405a658}'/><EventID>44</EventID><Version>1</Version><Level>4</Level><Task>1</Task><Opcode>12</Opcode><Keywords>0x8000000000002004</Keywords><TimeCreated SystemTime='2025-06-03T10:34:10.9370841Z'/><EventRecordID>816</EventRecordID><Correlation/><Execution ProcessID='4216' ThreadID='4856'/><Channel>System</Channel><Computer>NIKOLAISMETBD82</Computer><Security UserID='S-1-5-18'/></System><EventData><Data Name='updateTitle'>9NH2SW16MQ7F-Microsoft.WindowsAppRuntime.1.5</Data><Data Name='updateGuid'>{9e7b6034-6a40-4f49-ba32-0d77661c32a5}</Data><Data Name='updateRevisionNumber'>1</Data></EventData></Event><Event xmlns='http://schemas.microsoft.com/win/2004/08/events/event'><System><Provider Name='Microsoft-Windows-WindowsUpdateClient' Guid='{945a8954-c147-4acd-923f-40c45405a658}'/><EventID>44</EventID><Version>1</Version><Level>4</Level><Task>1</Task><Opcode>12</Opcode><Keywords>0x8000000000002004</Keywords><TimeCreated SystemTime='2025-06-03T10:34:10.6261490Z'/><EventRecordID>815</EventRecordID><Correlation/><Execution ProcessID='4216' ThreadID='4856'/><Channel>System</Channel><Computer>NIKOLAISMETBD82</Computer><Security UserID='S-1-5-18'/></System><EventData><Data Name='updateTitle'>9WZDNCRFJBH4-Microsoft.Windows.Photos</Data><Data Name='updateGuid'>{7351927d-dd08-4729-a5ea-4b6dc7cda105}</Data><Data Name='updateRevisionNumber'>1</Data></EventData></Event><Event xmlns='http://schemas.microsoft.com/win/2004/08/events/event'><System><Provider Name='Microsoft-Windows-WindowsUpdateClient' Guid='{945a8954-c147-4acd-923f-40c45405a658}'/><EventID>44</EventID><Version>1</Version><Level>4</Level><Task>1</Task><Opcode>12</Opcode><Keywords>0x8000000000002004</Keywords><TimeCreated SystemTime='2025-06-03T10:34:10.6257186Z'/><EventRecordID>814</EventRecordID><Correlation/><Execution ProcessID='4216' ThreadID='4856'/><Channel>System</Channel><Computer>NIKOLAISMETBD82</Computer><Security UserID='S-1-5-18'/></System><EventData><Data Name='updateTitle'>9MZ95KL8MR0L-Microsoft.ScreenSketch</Data><Data Name='updateGuid'>{8b9e0466-3472-473b-bed3-c2f02a4b051d}</Data><Data Name='updateRevisionNumber'>1</Data></EventData></Event><Event xmlns='http://schemas.microsoft.com/win/2004/08/events/event'><System><Provider Name='Microsoft-Windows-WindowsUpdateClient' Guid='{945a8954-c147-4acd-923f-40c45405a658}'/><EventID>44</EventID><Version>1</Version><Level>4</Level><Task>1</Task><Opcode>12</Opcode><Keywords>0x8000000000002004</Keywords><TimeCreated SystemTime='2025-06-03T10:34:10.6257102Z'/><EventRecordID>813</EventRecordID><Correlation/><Execution ProcessID='4216' ThreadID='4856'/><Channel>System</Channel><Computer>NIKOLAISMETBD82</Computer><Security UserID='S-1-5-18'/></System><EventData><Data Name='updateTitle'>9NBLGGH3FRZM-Microsoft.VCLibs.140.00</Data><Data Name='updateGuid'>{7c4b0956-b3f1-40ac-a633-668abc5d6af2}</Data><Data Name='updateRevisionNumber'>1</Data></EventData></Event><Event xmlns='http://schemas.microsoft.com/win/2004/08/events/event'><System><Provider Name='Microsoft-Windows-WindowsUpdateClient' Guid='{945a8954-c147-4acd-923f-40c45405a658}'/><EventID>44</EventID><Version>1</Version><Level>4</Level><Task>1</Task><Opcode>12</Opcode><Keywords>0x8000000000002004</Keywords><TimeCreated SystemTime='2025-06-03T10:34:10.6257046Z'/><EventRecordID>812</EventRecordID><Correlation/><Execution ProcessID='4216' ThreadID='4856'/><Channel>System</Channel><Computer>NIKOLAISMETBD82</Computer><Security UserID='S-1-5-18'/></System><EventData><Data Name='updateTitle'>9NSTH9KHZDLQ-Microsoft.UI.Xaml.2.8</Data><Data Name='updateGuid'>{6b5369f2-d415-4daf-a500-1b864dc84dec}</Data><Data Name='updateRevisionNumber'>1</Data></EventData></Event><Event xmlns='http://schemas.microsoft.com/win/2004/08/events/event'><System><Provider Name='Microsoft-Windows-WindowsUpdateClient' Guid='{945a8954-c147-4acd-923f-40c45405a658}'/><EventID>44</EventID><Version>1</Version><Level>4</Level><Task>1</Task><Opcode>12</Opcode><Keywords>0x8000000000002004</Keywords><TimeCreated SystemTime='2025-06-03T10:34:10.6257030Z'/><EventRecordID>811</EventRecordID><Correlation/><Execution ProcessID='4216' ThreadID='4856'/><Channel>System</Channel><Computer>NIKOLAISMETBD82</Computer><Security UserID='S-1-5-18'/></System><EventData><Data Name='updateTitle'>9MZ95KL8MR0L-Microsoft.ScreenSketch</Data><Data Name='updateGuid'>{8b9e0466-3472-473b-bed3-c2f02a4b051d}</Data><Data Name='updateRevisionNumber'>1</Data></EventData></Event>