<Event xmlns='http://schemas.microsoft.com/win/2004/08/events/event'><System><Provider Name='Microsoft-Windows-GroupPolicy' Guid='{aea1b4fa-97d1-45f2-a64c-4d69fffd92c9}'/><EventID>1501</EventID><Version>0</Version><Level>4</Level><Task>0</Task><Opcode>1</Opcode><Keywords>0x8000000000000000</Keywords><TimeCreated SystemTime='2025-06-02T16:47:01.4896911Z'/><EventRecordID>432</EventRecordID><Correlation ActivityID='{69bd2f35-0aa3-40e5-8521-336346b1f172}'/><Execution ProcessID='2676' ThreadID='5080'/><Channel>System</Channel><Computer>NIKOLAISMETBD82</Computer><Security UserID='S-1-5-21-4155168598-3527253067-2058671051-1001'/></System><EventData><Data Name='SupportInfo1'>1</Data><Data Name='SupportInfo2'>4391</Data><Data Name='ProcessingMode'>1</Data><Data Name='ProcessingTimeInMilliseconds'>562</Data><Data Name='DCName'></Data></EventData></Event><Event xmlns='http://schemas.microsoft.com/win/2004/08/events/event'><System><Provider Name='Microsoft-Windows-Winlogon' Guid='{dbe9b383-7cf3-4331-91cc-a3cb16a3b538}'/><EventID>7001</EventID><Version>0</Version><Level>4</Level><Task>1101</Task><Opcode>0</Opcode><Keywords>0x2000200000000000</Keywords><TimeCreated SystemTime='2025-06-02T16:47:00.7530980Z'/><EventRecordID>431</EventRecordID><Correlation/><Execution ProcessID='824' ThreadID='1532'/><Channel>System</Channel><Computer>NIKOLAISMETBD82</Computer><Security UserID='S-1-5-18'/></System><EventData><Data Name='TSId'>1</Data><Data Name='UserSid'>S-1-5-21-4155168598-3527253067-2058671051-1001</Data></EventData></Event><Event xmlns='http://schemas.microsoft.com/win/2004/08/events/event'><System><Provider Name='Service Control Manager' Guid='{555908d1-a6d7-4695-8e1e-26931d2012f4}' EventSourceName='Service Control Manager'/><EventID Qualifiers='16384'>7040</EventID><Version>0</Version><Level>4</Level><Task>0</Task><Opcode>0</Opcode><Keywords>0x8080000000000000</Keywords><TimeCreated SystemTime='2025-06-02T16:47:00.5267036Z'/><EventRecordID>430</EventRecordID><Correlation/><Execution ProcessID='896' ThreadID='2180'/><Channel>System</Channel><Computer>NIKOLAISMETBD82</Computer><Security UserID='S-1-5-20'/></System><EventData><Data Name='param1'>Delivery Optimization</Data><Data Name='param2'>demand start</Data><Data Name='param3'>auto start</Data><Data Name='param4'>DoSvc</Data></EventData></Event><Event xmlns='http://schemas.microsoft.com/win/2004/08/events/event'><System><Provider Name='Microsoft-Windows-GroupPolicy' Guid='{aea1b4fa-97d1-45f2-a64c-4d69fffd92c9}'/><EventID>1502</EventID><Version>0</Version><Level>4</Level><Task>0</Task><Opcode>1</Opcode><Keywords>0x8000000000000000</Keywords><TimeCreated SystemTime='2025-06-02T16:47:00.3494226Z'/><EventRecordID>429</EventRecordID><Correlation ActivityID='{55b821a1-e798-490e-a9ca-a2f599fbfdc6}'/><Execution ProcessID='2676' ThreadID='6076'/><Channel>System</Channel><Computer>NIKOLAISMETBD82</Computer><Security UserID='S-1-5-18'/></System><EventData><Data Name='SupportInfo1'>1</Data><Data Name='SupportInfo2'>4372</Data><Data Name='ProcessingMode'>1</Data><Data Name='ProcessingTimeInMilliseconds'>46</Data><Data Name='DCName'></Data><Data Name='NumberOfGroupPolicyObjects'>1</Data></EventData></Event><Event xmlns='http://schemas.microsoft.com/win/2004/08/events/event'><System><Provider Name='Service Control Manager' Guid='{555908d1-a6d7-4695-8e1e-26931d2012f4}' EventSourceName='Service Control Manager'/><EventID Qualifiers='16384'>7040</EventID><Version>0</Version><Level>4</Level><Task>0</Task><Opcode>0</Opcode><Keywords>0x8080000000000000</Keywords><TimeCreated SystemTime='2025-06-02T16:47:00.2818517Z'/><EventRecordID>428</EventRecordID><Correlation/><Execution ProcessID='896' ThreadID='1672'/><Channel>System</Channel><Computer>NIKOLAISMETBD82</Computer><Security UserID='S-1-5-18'/></System><EventData><Data Name='param1'>Windows Modules Installer</Data><Data Name='param2'>auto start</Data><Data Name='param3'>demand start</Data><Data Name='param4'>TrustedInstaller</Data></EventData></Event><Event xmlns='http://schemas.microsoft.com/win/2004/08/events/event'><System><Provider Name='Microsoft-Windows-TPM-WMI' Guid='{7d5387b0-cbe0-11da-a94d-0800200c9a66}'/><EventID>1038</EventID><Version>0</Version><Level>4</Level><Task>0</Task><Opcode>0</Opcode><Keywords>0x8000000000000000</Keywords><TimeCreated SystemTime='2025-06-02T16:47:00.0611319Z'/><EventRecordID>427</EventRecordID><Correlation/><Execution ProcessID='4192' ThreadID='5832'/><Channel>System</Channel><Computer>NIKOLAISMETBD82</Computer><Security UserID='S-1-5-18'/></System><EventData><Data Name='Path'>C:\WINDOWS\Logs\MeasuredBoot\0000000003-0000000000.json</Data></EventData></Event><Event xmlns='http://schemas.microsoft.com/win/2004/08/events/event'><System><Provider Name='Microsoft-Windows-TPM-WMI' Guid='{7d5387b0-cbe0-11da-a94d-0800200c9a66}'/><EventID>1041</EventID><Version>0</Version><Level>4</Level><Task>0</Task><Opcode>0</Opcode><Keywords>0x8000000000000000</Keywords><TimeCreated SystemTime='2025-06-02T16:47:00.0610628Z'/><EventRecordID>426</EventRecordID><Correlation/><Execution ProcessID='4192' ThreadID='5832'/><Channel>System</Channel><Computer>NIKOLAISMETBD82</Computer><Security UserID='S-1-5-18'/></System><EventData><Data Name='Json'>{"Version":1,"HealthStatus":"Attestable","Required":[{"Field":"TpmPresent","Value":true,"DesiredValue":true},{"Field":"TpmMeetsMinimumVersion","Value":true,"DesiredValue":true},{"Field":"TpmIsResponsive","Value":true,"DesiredValue":true},{"Field":"EkCertIsAvailable","Value":true,"DesiredValue":true},{"Field":"TcgLogFound","Value":true,"DesiredValue":true}],"Expected":[{"Field":"PcrsMatchTcgLog","Value":true,"DesiredValue":true}],"Informational":[{"Field":"SecureBootEnabled","ValueFromComputer":true,"ValueFromTcgLog":true,"DesiredValue":true,"TcgValueIsVerifiable":true},{"Field":"VirtualSecureMemory","ValueFromComputer":false,"ValueFromTcgLog":false,"DesiredValue":true,"TcgValueIsVerifiable":true},{"Field":"SecureCorePCCompliant","ValueFromComputer":false,"ValueFromTcgLog":false,"DesiredValue":true,"TcgValueIsVerifiable":true}]}</Data></EventData></Event><Event xmlns='http://schemas.microsoft.com/win/2004/08/events/event'><System><Provider Name='Microsoft-Windows-Kernel-General' Guid='{a68ca8b7-004f-d7b6-a698-07e2de0f1f5d}'/><EventID>16</EventID><Version>0</Version><Level>4</Level><Task>0</Task><Opcode>0</Opcode><Keywords>0x8000000000000000</Keywords><TimeCreated SystemTime='2025-06-02T16:46:59.6361993Z'/><EventRecordID>425</EventRecordID><Correlation/><Execution ProcessID='5656' ThreadID='5660'/><Channel>System</Channel><Computer>NIKOLAISMETBD82</Computer><Security UserID='S-1-5-18'/></System><EventData><Data Name='HiveNameLength'>45</Data><Data Name='HiveName'>\??\C:\WINDOWS\AppCompat\Programs\Amcache.hve</Data><Data Name='KeysUpdated'>0</Data><Data Name='DirtyPages'>0</Data></EventData></Event><Event xmlns='http://schemas.microsoft.com/win/2004/08/events/event'><System><Provider Name='Microsoft-Windows-Kernel-General' Guid='{a68ca8b7-004f-d7b6-a698-07e2de0f1f5d}'/><EventID>16</EventID><Version>0</Version><Level>4</Level><Task>0</Task><Opcode>0</Opcode><Keywords>0x8000000000000000</Keywords><TimeCreated SystemTime='2025-06-02T16:46:59.1338836Z'/><EventRecordID>424</EventRecordID><Correlation/><Execution ProcessID='5080' ThreadID='5084'/><Channel>System</Channel><Computer>NIKOLAISMETBD82</Computer><Security UserID='S-1-5-18'/></System><EventData><Data Name='HiveNameLength'>50</Data><Data Name='HiveName'>\Device\HarddiskVolume2\EFI\Microsoft\Recovery\BCD</Data><Data Name='KeysUpdated'>0</Data><Data Name='DirtyPages'>0</Data></EventData></Event><Event xmlns='http://schemas.microsoft.com/win/2004/08/events/event'><System><Provider Name='Microsoft-Windows-Kernel-General' Guid='{a68ca8b7-004f-d7b6-a698-07e2de0f1f5d}'/><EventID>16</EventID><Version>0</Version><Level>4</Level><Task>0</Task><Opcode>0</Opcode><Keywords>0x8000000000000000</Keywords><TimeCreated SystemTime='2025-06-02T16:46:59.1335081Z'/><EventRecordID>423</EventRecordID><Correlation/><Execution ProcessID='5080' ThreadID='5084'/><Channel>System</Channel><Computer>NIKOLAISMETBD82</Computer><Security UserID='S-1-5-18'/></System><EventData><Data Name='HiveNameLength'>50</Data><Data Name='HiveName'>\Device\HarddiskVolume2\EFI\Microsoft\Recovery\BCD</Data><Data Name='KeysUpdated'>0</Data><Data Name='DirtyPages'>0</Data></EventData></Event><Event xmlns='http://schemas.microsoft.com/win/2004/08/events/event'><System><Provider Name='Microsoft-Windows-Kernel-General' Guid='{a68ca8b7-004f-d7b6-a698-07e2de0f1f5d}'/><EventID>16</EventID><Version>0</Version><Level>4</Level><Task>0</Task><Opcode>0</Opcode><Keywords>0x8000000000000000</Keywords><TimeCreated SystemTime='2025-06-02T16:46:59.1324053Z'/><EventRecordID>422</EventRecordID><Correlation/><Execution ProcessID='5080' ThreadID='5084'/><Channel>System</Channel><Computer>NIKOLAISMETBD82</Computer><Security UserID='S-1-5-18'/></System><EventData><Data Name='HiveNameLength'>50</Data><Data Name='HiveName'>\Device\HarddiskVolume2\EFI\Microsoft\Recovery\BCD</Data><Data Name='KeysUpdated'>29</Data><Data Name='DirtyPages'>3</Data></EventData></Event><Event xmlns='http://schemas.microsoft.com/win/2004/08/events/event'><System><Provider Name='Virtual Disk Service'/><EventID Qualifiers='16896'>4</EventID><Version>0</Version><Level>4</Level><Task>0</Task><Opcode>0</Opcode><Keywords>0x80000000000000</Keywords><TimeCreated SystemTime='2025-06-02T16:46:59.1268199Z'/><EventRecordID>421</EventRecordID><Correlation/><Execution ProcessID='1212' ThreadID='0'/><Channel>System</Channel><Computer>NIKOLAISMETBD82</Computer><Security/></System><EventData><Data>@2010001</Data></EventData></Event><Event xmlns='http://schemas.microsoft.com/win/2004/08/events/event'><System><Provider Name='Microsoft-Windows-Kernel-General' Guid='{a68ca8b7-004f-d7b6-a698-07e2de0f1f5d}'/><EventID>15</EventID><Version>0</Version><Level>4</Level><Task>10</Task><Opcode>0</Opcode><Keywords>0x8000000000000000</Keywords><TimeCreated SystemTime='2025-06-02T16:46:55.8650025Z'/><EventRecordID>420</EventRecordID><Correlation/><Execution ProcessID='4284' ThreadID='5288'/><Channel>System</Channel><Computer>NIKOLAISMETBD82</Computer><Security UserID='S-1-5-18'/></System><EventData><Data Name='HiveNameLength'>41</Data><Data Name='HiveName'>\??\C:\WINDOWS\System32\config\COMPONENTS</Data><Data Name='OriginalSize'>30773248</Data><Data Name='NewSize'>30773248</Data></EventData></Event><Event xmlns='http://schemas.microsoft.com/win/2004/08/events/event'><System><Provider Name='Microsoft-Windows-TPM-WMI' Guid='{7d5387b0-cbe0-11da-a94d-0800200c9a66}'/><EventID>1026</EventID><Version>0</Version><Level>4</Level><Task>0</Task><Opcode>0</Opcode><Keywords>0x8000000000000000</Keywords><TimeCreated SystemTime='2025-06-02T16:46:52.7774274Z'/><EventRecordID>419</EventRecordID><Correlation/><Execution ProcessID='4192' ThreadID='4940'/><Channel>System</Channel><Computer>NIKOLAISMETBD82</Computer><Security UserID='S-1-5-18'/></System><EventData><Data Name='Error Code'>0</Data><Data Name='Status Information'>0x2442000</Data></EventData></Event><Event xmlns='http://schemas.microsoft.com/win/2004/08/events/event'><System><Provider Name='Microsoft-Windows-TPM-WMI' Guid='{7d5387b0-cbe0-11da-a94d-0800200c9a66}'/><EventID>1282</EventID><Version>0</Version><Level>4</Level><Task>0</Task><Opcode>0</Opcode><Keywords>0x8000000000000000</Keywords><TimeCreated SystemTime='2025-06-02T16:46:52.6013592Z'/><EventRecordID>418</EventRecordID><Correlation/><Execution ProcessID='4192' ThreadID='4940'/><Channel>System</Channel><Computer>NIKOLAISMETBD82</Computer><Security UserID='S-1-5-18'/></System><EventData></EventData></Event><Event xmlns='http://schemas.microsoft.com/win/2004/08/events/event'><System><Provider Name='TPM' Guid='{1b6b0772-251b-4d42-917d-faca166bc059}'/><EventID>17</EventID><Version>0</Version><Level>4</Level><Task>0</Task><Opcode>0</Opcode><Keywords>0x8000000000000000</Keywords><TimeCreated SystemTime='2025-06-02T16:46:52.5355745Z'/><EventRecordID>417</EventRecordID><Correlation/><Execution ProcessID='4' ThreadID='292'/><Channel>System</Channel><Computer>NIKOLAISMETBD82</Computer><Security UserID='S-1-5-18'/></System><EventData><Data Name='driverFile'>0x1e</Data><Data Name='lineNumber'>960</Data><Data Name='TpmCommandOrdinal'>298</Data><Data Name='TpmResponseCode'>130</Data></EventData></Event><Event xmlns='http://schemas.microsoft.com/win/2004/08/events/event'><System><Provider Name='TPM' Guid='{1b6b0772-251b-4d42-917d-faca166bc059}'/><EventID>17</EventID><Version>0</Version><Level>4</Level><Task>0</Task><Opcode>0</Opcode><Keywords>0x8000000000000000</Keywords><TimeCreated SystemTime='2025-06-02T16:46:52.5349245Z'/><EventRecordID>416</EventRecordID><Correlation/><Execution ProcessID='4' ThreadID='292'/><Channel>System</Channel><Computer>NIKOLAISMETBD82</Computer><Security UserID='S-1-5-18'/></System><EventData><Data Name='driverFile'>0x1e</Data><Data Name='lineNumber'>960</Data><Data Name='TpmCommandOrdinal'>298</Data><Data Name='TpmResponseCode'>130</Data></EventData></Event><Event xmlns='http://schemas.microsoft.com/win/2004/08/events/event'><System><Provider Name='TPM' Guid='{1b6b0772-251b-4d42-917d-faca166bc059}'/><EventID>17</EventID><Version>0</Version><Level>4</Level><Task>0</Task><Opcode>0</Opcode><Keywords>0x8000000000000000</Keywords><TimeCreated SystemTime='2025-06-02T16:46:52.5339253Z'/><EventRecordID>415</EventRecordID><Correlation/><Execution ProcessID='4' ThreadID='292'/><Channel>System</Channel><Computer>NIKOLAISMETBD82</Computer><Security UserID='S-1-5-18'/></System><EventData><Data Name='driverFile'>0x1e</Data><Data Name='lineNumber'>960</Data><Data Name='TpmCommandOrdinal'>298</Data><Data Name='TpmResponseCode'>130</Data></EventData></Event><Event xmlns='http://schemas.microsoft.com/win/2004/08/events/event'><System><Provider Name='TPM' Guid='{1b6b0772-251b-4d42-917d-faca166bc059}'/><EventID>17</EventID><Version>0</Version><Level>4</Level><Task>0</Task><Opcode>0</Opcode><Keywords>0x8000000000000000</Keywords><TimeCreated SystemTime='2025-06-02T16:46:52.5296715Z'/><EventRecordID>414</EventRecordID><Correlation/><Execution ProcessID='4' ThreadID='292'/><Channel>System</Channel><Computer>NIKOLAISMETBD82</Computer><Security UserID='S-1-5-18'/></System><EventData><Data Name='driverFile'>0x1e</Data><Data Name='lineNumber'>960</Data><Data Name='TpmCommandOrdinal'>298</Data><Data Name='TpmResponseCode'>130</Data></EventData></Event><Event xmlns='http://schemas.microsoft.com/win/2004/08/events/event'><System><Provider Name='Virtual Disk Service'/><EventID Qualifiers='16896'>3</EventID><Version>0</Version><Level>4</Level><Task>0</Task><Opcode>0</Opcode><Keywords>0x80000000000000</Keywords><TimeCreated SystemTime='2025-06-02T16:46:52.1712572Z'/><EventRecordID>413</EventRecordID><Correlation/><Execution ProcessID='1212' ThreadID='0'/><Channel>System</Channel><Computer>NIKOLAISMETBD82</Computer><Security/></System><EventData><Data>@2010005</Data></EventData></Event><Event xmlns='http://schemas.microsoft.com/win/2004/08/events/event'><System><Provider Name='Microsoft-Windows-Kernel-General' Guid='{a68ca8b7-004f-d7b6-a698-07e2de0f1f5d}'/><EventID>1</EventID><Version>4</Version><Level>4</Level><Task>5</Task><Opcode>0</Opcode><Keywords>0x8000000000000010</Keywords><TimeCreated SystemTime='2025-06-02T16:46:51.2109477Z'/><EventRecordID>412</EventRecordID><Correlation/><Execution ProcessID='1716' ThreadID='1720'/><Channel>System</Channel><Computer>NIKOLAISMETBD82</Computer><Security UserID='S-1-5-18'/></System><EventData><Data Name='NewTime'>2025-06-02T16:46:51.2104030Z</Data><Data Name='OldTime'>2025-06-02T16:46:51.2104030Z</Data><Data Name='TimeDeltaInMs'>0</Data><Data Name='Reason'>3</Data><Data Name='ProcessName'>\Device\HarddiskVolume4\Windows\System32\oobe\msoobe.exe</Data><Data Name='ProcessID'>1716</Data><Data Name='CmosTime'>2025-06-02T17:46:51.2104030Z</Data><Data Name='TimeZoneBias'>-60</Data><Data Name='RealTimeIsUniversal'>false</Data><Data Name='SystemInCmosMode'>false</Data></EventData></Event><Event xmlns='http://schemas.microsoft.com/win/2004/08/events/event'><System><Provider Name='Microsoft-Windows-HAL' Guid='{63d1e632-95cc-4443-9312-af927761d52a}'/><EventID>20</EventID><Version>0</Version><Level>2</Level><Task>0</Task><Opcode>0</Opcode><Keywords>0x8000000000000000</Keywords><TimeCreated SystemTime='2025-06-02T16:46:51.2109397Z'/><EventRecordID>411</EventRecordID><Correlation/><Execution ProcessID='1716' ThreadID='1720'/><Channel>System</Channel><Computer>NIKOLAISMETBD82</Computer><Security UserID='S-1-5-18'/></System><EventData><Data Name='Status'>3221225473</Data></EventData></Event><Event xmlns='http://schemas.microsoft.com/win/2004/08/events/event'><System><Provider Name='Microsoft-Windows-Kernel-General' Guid='{a68ca8b7-004f-d7b6-a698-07e2de0f1f5d}'/><EventID>24</EventID><Version>0</Version><Level>4</Level><Task>11</Task><Opcode>0</Opcode><Keywords>0x8000000000000010</Keywords><TimeCreated SystemTime='2025-06-02T16:46:51.2108706Z'/><EventRecordID>410</EventRecordID><Correlation/><Execution ProcessID='1716' ThreadID='1720'/><Channel>System</Channel><Computer>NIKOLAISMETBD82</Computer><Security UserID='S-1-5-18'/></System><EventData><Data Name='ExitReason'>0</Data><Data Name='CurrentBias'>-60</Data><Data Name='CurrentTimeZoneID'>2</Data><Data Name='TimeZoneInfoCacheUpdated'>0</Data><Data Name='FirstRefresh'>0</Data></EventData></Event><Event xmlns='http://schemas.microsoft.com/win/2004/08/events/event'><System><Provider Name='Microsoft-Windows-HAL' Guid='{63d1e632-95cc-4443-9312-af927761d52a}'/><EventID>20</EventID><Version>0</Version><Level>2</Level><Task>0</Task><Opcode>0</Opcode><Keywords>0x8000000000000000</Keywords><TimeCreated SystemTime='2025-06-02T16:46:51.2107906Z'/><EventRecordID>409</EventRecordID><Correlation/><Execution ProcessID='1716' ThreadID='1720'/><Channel>System</Channel><Computer>NIKOLAISMETBD82</Computer><Security UserID='S-1-5-18'/></System><EventData><Data Name='Status'>3221225473</Data></EventData></Event><Event xmlns='http://schemas.microsoft.com/win/2004/08/events/event'><System><Provider Name='Microsoft-Windows-Time-Service' Guid='{06edcfeb-0fd0-4e53-acca-a6f8bbf81bcb}'/><EventID>134</EventID><Version>0</Version><Level>3</Level><Task>0</Task><Opcode>0</Opcode><Keywords>0x8000000000000000</Keywords><TimeCreated SystemTime='2025-06-02T16:46:50.5753683Z'/><EventRecordID>408</EventRecordID><Correlation/><Execution ProcessID='1984' ThreadID='592'/><Channel>System</Channel><Computer>NIKOLAISMETBD82</Computer><Security UserID='S-1-5-19'/></System><EventData Name='TMP_EVENT_MANUAL_PEER_DNS_ERROR'><Data Name='ErrorMessage'>No such host is known. (0x80072AF9)</Data><Data Name='RetryMinutes'>15</Data><Data Name='DomainPeer'>time.windows.com,0x9</Data></EventData></Event><Event xmlns='http://schemas.microsoft.com/win/2004/08/events/event'><System><Provider Name='TPM' Guid='{1b6b0772-251b-4d42-917d-faca166bc059}'/><EventID>18</EventID><Version>0</Version><Level>4</Level><Task>0</Task><Opcode>0</Opcode><Keywords>0x8000000000000000</Keywords><TimeCreated SystemTime='2025-06-02T16:46:49.8229527Z'/><EventRecordID>407</EventRecordID><Correlation/><Execution ProcessID='4' ThreadID='296'/><Channel>System</Channel><Computer>NIKOLAISMETBD82</Computer><Security UserID='S-1-5-18'/></System><EventData><Data Name='driverFile'>0x14</Data><Data Name='lineNumber'>217</Data><Data Name='Data'>0</Data></EventData></Event><Event xmlns='http://schemas.microsoft.com/win/2004/08/events/event'><System><Provider Name='Service Control Manager' Guid='{555908d1-a6d7-4695-8e1e-26931d2012f4}' EventSourceName='Service Control Manager'/><EventID Qualifiers='49152'>7026</EventID><Version>0</Version><Level>4</Level><Task>0</Task><Opcode>0</Opcode><Keywords>0x8080000000000000</Keywords><TimeCreated SystemTime='2025-06-02T16:46:49.8216000Z'/><EventRecordID>406</EventRecordID><Correlation/><Execution ProcessID='896' ThreadID='900'/><Channel>System</Channel><Computer>NIKOLAISMETBD82</Computer><Security/></System><EventData><Data Name='param1'>
uiomap</Data></EventData></Event><Event xmlns='http://schemas.microsoft.com/win/2004/08/events/event'><System><Provider Name='Microsoft-Windows-HttpService' Guid='{dd5ef90a-6398-47a4-ad34-4dcecdef795f}'/><EventID>112</EventID><Version>0</Version><Level>4</Level><Task>3</Task><Opcode>121</Opcode><Keywords>0x4000000000000001</Keywords><TimeCreated SystemTime='2025-06-02T16:46:49.5142496Z'/><EventRecordID>405</EventRecordID><Correlation/><Execution ProcessID='4' ThreadID='132'/><Channel>System</Channel><Computer>NIKOLAISMETBD82</Computer><Security UserID='S-1-5-18'/></System><EventData><Data Name='Url'>http://+:10247/apps/</Data><Data Name='ReserveStatus'>0</Data><Data Name='ProcessId'>4</Data><Data Name='ExecutablePath'></Data><Data Name='UserSid'>S-1-5-18</Data></EventData></Event><Event xmlns='http://schemas.microsoft.com/win/2004/08/events/event'><System><Provider Name='Microsoft-Windows-HttpService' Guid='{dd5ef90a-6398-47a4-ad34-4dcecdef795f}'/><EventID>112</EventID><Version>0</Version><Level>4</Level><Task>3</Task><Opcode>121</Opcode><Keywords>0x4000000000000001</Keywords><TimeCreated SystemTime='2025-06-02T16:46:49.5142469Z'/><EventRecordID>404</EventRecordID><Correlation/><Execution ProcessID='4' ThreadID='132'/><Channel>System</Channel><Computer>NIKOLAISMETBD82</Computer><Security UserID='S-1-5-18'/></System><EventData><Data Name='Url'>http://+:80/116B50EB-ECE2-41ac-8429-9F9E963361B7/</Data><Data Name='ReserveStatus'>0</Data><Data Name='ProcessId'>4</Data><Data Name='ExecutablePath'></Data><Data Name='UserSid'>S-1-5-18</Data></EventData></Event><Event xmlns='http://schemas.microsoft.com/win/2004/08/events/event'><System><Provider Name='Microsoft-Windows-HttpService' Guid='{dd5ef90a-6398-47a4-ad34-4dcecdef795f}'/><EventID>112</EventID><Version>0</Version><Level>4</Level><Task>3</Task><Opcode>121</Opcode><Keywords>0x4000000000000001</Keywords><TimeCreated SystemTime='2025-06-02T16:46:49.5142432Z'/><EventRecordID>403</EventRecordID><Correlation/><Execution ProcessID='4' ThreadID='132'/><Channel>System</Channel><Computer>NIKOLAISMETBD82</Computer><Security UserID='S-1-5-18'/></System><EventData><Data Name='Url'>https://+:443/C574AC30-5794-4AEE-B1BB-6651C5315029/</Data><Data Name='ReserveStatus'>0</Data><Data Name='ProcessId'>4</Data><Data Name='ExecutablePath'></Data><Data Name='UserSid'>S-1-5-18</Data></EventData></Event><Event xmlns='http://schemas.microsoft.com/win/2004/08/events/event'><System><Provider Name='Microsoft-Windows-HttpService' Guid='{dd5ef90a-6398-47a4-ad34-4dcecdef795f}'/><EventID>112</EventID><Version>0</Version><Level>4</Level><Task>3</Task><Opcode>121</Opcode><Keywords>0x4000000000000001</Keywords><TimeCreated SystemTime='2025-06-02T16:46:49.5142364Z'/><EventRecordID>402</EventRecordID><Correlation/><Execution ProcessID='4' ThreadID='132'/><Channel>System</Channel><Computer>NIKOLAISMETBD82</Computer><Security UserID='S-1-5-18'/></System><EventData><Data Name='Url'>http://+:80/0131501b-d67f-491b-9a40-c4bf27bcb4d4/</Data><Data Name='ReserveStatus'>0</Data><Data Name='ProcessId'>4</Data><Data Name='ExecutablePath'></Data><Data Name='UserSid'>S-1-5-18</Data></EventData></Event><Event xmlns='http://schemas.microsoft.com/win/2004/08/events/event'><System><Provider Name='Microsoft-Windows-HttpService' Guid='{dd5ef90a-6398-47a4-ad34-4dcecdef795f}'/><EventID>112</EventID><Version>0</Version><Level>4</Level><Task>3</Task><Opcode>121</Opcode><Keywords>0x4000000000000001</Keywords><TimeCreated SystemTime='2025-06-02T16:46:49.5142316Z'/><EventRecordID>401</EventRecordID><Correlation/><Execution ProcessID='4' ThreadID='132'/><Channel>System</Channel><Computer>NIKOLAISMETBD82</Computer><Security UserID='S-1-5-18'/></System><EventData><Data Name='Url'>http://+:3387/rdp/</Data><Data Name='ReserveStatus'>0</Data><Data Name='ProcessId'>4</Data><Data Name='ExecutablePath'></Data><Data Name='UserSid'>S-1-5-18</Data></EventData></Event><Event xmlns='http://schemas.microsoft.com/win/2004/08/events/event'><System><Provider Name='Microsoft-Windows-HttpService' Guid='{dd5ef90a-6398-47a4-ad34-4dcecdef795f}'/><EventID>112</EventID><Version>0</Version><Level>4</Level><Task>3</Task><Opcode>121</Opcode><Keywords>0x4000000000000001</Keywords><TimeCreated SystemTime='2025-06-02T16:46:49.5142284Z'/><EventRecordID>400</EventRecordID><Correlation/><Execution ProcessID='4' ThreadID='132'/><Channel>System</Channel><Computer>NIKOLAISMETBD82</Computer><Security UserID='S-1-5-18'/></System><EventData><Data Name='Url'>https://+:3392/rdp/</Data><Data Name='ReserveStatus'>0</Data><Data Name='ProcessId'>4</Data><Data Name='ExecutablePath'></Data><Data Name='UserSid'>S-1-5-18</Data></EventData></Event><Event xmlns='http://schemas.microsoft.com/win/2004/08/events/event'><System><Provider Name='Microsoft-Windows-HttpService' Guid='{dd5ef90a-6398-47a4-ad34-4dcecdef795f}'/><EventID>112</EventID><Version>0</Version><Level>4</Level><Task>3</Task><Opcode>121</Opcode><Keywords>0x4000000000000001</Keywords><TimeCreated SystemTime='2025-06-02T16:46:49.5142256Z'/><EventRecordID>399</EventRecordID><Correlation/><Execution ProcessID='4' ThreadID='132'/><Channel>System</Channel><Computer>NIKOLAISMETBD82</Computer><Security UserID='S-1-5-18'/></System><EventData><Data Name='Url'>http://+:10246/MDEServer/</Data><Data Name='ReserveStatus'>0</Data><Data Name='ProcessId'>4</Data><Data Name='ExecutablePath'></Data><Data Name='UserSid'>S-1-5-18</Data></EventData></Event><Event xmlns='http://schemas.microsoft.com/win/2004/08/events/event'><System><Provider Name='Microsoft-Windows-HttpService' Guid='{dd5ef90a-6398-47a4-ad34-4dcecdef795f}'/><EventID>112</EventID><Version>0</Version><Level>4</Level><Task>3</Task><Opcode>121</Opcode><Keywords>0x4000000000000001</Keywords><TimeCreated SystemTime='2025-06-02T16:46:49.5142224Z'/><EventRecordID>398</EventRecordID><Correlation/><Execution ProcessID='4' ThreadID='132'/><Channel>System</Channel><Computer>NIKOLAISMETBD82</Computer><Security UserID='S-1-5-18'/></System><EventData><Data Name='Url'>http://+:10243/WMPNSSv4/</Data><Data Name='ReserveStatus'>0</Data><Data Name='ProcessId'>4</Data><Data Name='ExecutablePath'></Data><Data Name='UserSid'>S-1-5-18</Data></EventData></Event><Event xmlns='http://schemas.microsoft.com/win/2004/08/events/event'><System><Provider Name='Microsoft-Windows-HttpService' Guid='{dd5ef90a-6398-47a4-ad34-4dcecdef795f}'/><EventID>112</EventID><Version>0</Version><Level>4</Level><Task>3</Task><Opcode>121</Opcode><Keywords>0x4000000000000001</Keywords><TimeCreated SystemTime='2025-06-02T16:46:49.5142151Z'/><EventRecordID>397</EventRecordID><Correlation/><Execution ProcessID='4' ThreadID='132'/><Channel>System</Channel><Computer>NIKOLAISMETBD82</Computer><Security UserID='S-1-5-18'/></System><EventData><Data Name='Url'>https://+:10245/WMPNSSv4/</Data><Data Name='ReserveStatus'>0</Data><Data Name='ProcessId'>4</Data><Data Name='ExecutablePath'></Data><Data Name='UserSid'>S-1-5-18</Data></EventData></Event><Event xmlns='http://schemas.microsoft.com/win/2004/08/events/event'><System><Provider Name='Microsoft-Windows-HttpService' Guid='{dd5ef90a-6398-47a4-ad34-4dcecdef795f}'/><EventID>112</EventID><Version>0</Version><Level>4</Level><Task>3</Task><Opcode>121</Opcode><Keywords>0x4000000000000001</Keywords><TimeCreated SystemTime='2025-06-02T16:46:49.5142120Z'/><EventRecordID>396</EventRecordID><Correlation/><Execution ProcessID='4' ThreadID='132'/><Channel>System</Channel><Computer>NIKOLAISMETBD82</Computer><Security UserID='S-1-5-18'/></System><EventData><Data Name='Url'>http://*:2869/</Data><Data Name='ReserveStatus'>0</Data><Data Name='ProcessId'>4</Data><Data Name='ExecutablePath'></Data><Data Name='UserSid'>S-1-5-18</Data></EventData></Event><Event xmlns='http://schemas.microsoft.com/win/2004/08/events/event'><System><Provider Name='Microsoft-Windows-HttpService' Guid='{dd5ef90a-6398-47a4-ad34-4dcecdef795f}'/><EventID>112</EventID><Version>0</Version><Level>4</Level><Task>3</Task><Opcode>121</Opcode><Keywords>0x4000000000000001</Keywords><TimeCreated SystemTime='2025-06-02T16:46:49.5142096Z'/><EventRecordID>395</EventRecordID><Correlation/><Execution ProcessID='4' ThreadID='132'/><Channel>System</Channel><Computer>NIKOLAISMETBD82</Computer><Security UserID='S-1-5-18'/></System><EventData><Data Name='Url'>http://+:5985/wsman/</Data><Data Name='ReserveStatus'>0</Data><Data Name='ProcessId'>4</Data><Data Name='ExecutablePath'></Data><Data Name='UserSid'>S-1-5-18</Data></EventData></Event><Event xmlns='http://schemas.microsoft.com/win/2004/08/events/event'><System><Provider Name='Microsoft-Windows-HttpService' Guid='{dd5ef90a-6398-47a4-ad34-4dcecdef795f}'/><EventID>112</EventID><Version>0</Version><Level>4</Level><Task>3</Task><Opcode>121</Opcode><Keywords>0x4000000000000001</Keywords><TimeCreated SystemTime='2025-06-02T16:46:49.5142068Z'/><EventRecordID>394</EventRecordID><Correlation/><Execution ProcessID='4' ThreadID='132'/><Channel>System</Channel><Computer>NIKOLAISMETBD82</Computer><Security UserID='S-1-5-18'/></System><EventData><Data Name='Url'>http://+:47001/wsman/</Data><Data Name='ReserveStatus'>0</Data><Data Name='ProcessId'>4</Data><Data Name='ExecutablePath'></Data><Data Name='UserSid'>S-1-5-18</Data></EventData></Event><Event xmlns='http://schemas.microsoft.com/win/2004/08/events/event'><System><Provider Name='Microsoft-Windows-HttpService' Guid='{dd5ef90a-6398-47a4-ad34-4dcecdef795f}'/><EventID>112</EventID><Version>0</Version><Level>4</Level><Task>3</Task><Opcode>121</Opcode><Keywords>0x4000000000000001</Keywords><TimeCreated SystemTime='2025-06-02T16:46:49.5142038Z'/><EventRecordID>393</EventRecordID><Correlation/><Execution ProcessID='4' ThreadID='132'/><Channel>System</Channel><Computer>NIKOLAISMETBD82</Computer><Security UserID='S-1-5-18'/></System><EventData><Data Name='Url'>https://+:5986/wsman/</Data><Data Name='ReserveStatus'>0</Data><Data Name='ProcessId'>4</Data><Data Name='ExecutablePath'></Data><Data Name='UserSid'>S-1-5-18</Data></EventData></Event><Event xmlns='http://schemas.microsoft.com/win/2004/08/events/event'><System><Provider Name='Microsoft-Windows-HttpService' Guid='{dd5ef90a-6398-47a4-ad34-4dcecdef795f}'/><EventID>112</EventID><Version>0</Version><Level>4</Level><Task>3</Task><Opcode>121</Opcode><Keywords>0x4000000000000001</Keywords><TimeCreated SystemTime='2025-06-02T16:46:49.5141983Z'/><EventRecordID>392</EventRecordID><Correlation/><Execution ProcessID='4' ThreadID='132'/><Channel>System</Channel><Computer>NIKOLAISMETBD82</Computer><Security UserID='S-1-5-18'/></System><EventData><Data Name='Url'>https://+:443/sra_{BA195980-CD49-458b-9E23-C84EE0ADCD75}/</Data><Data Name='ReserveStatus'>0</Data><Data Name='ProcessId'>4</Data><Data Name='ExecutablePath'></Data><Data Name='UserSid'>S-1-5-18</Data></EventData></Event><Event xmlns='http://schemas.microsoft.com/win/2004/08/events/event'><System><Provider Name='Microsoft-Windows-HttpService' Guid='{dd5ef90a-6398-47a4-ad34-4dcecdef795f}'/><EventID>112</EventID><Version>0</Version><Level>4</Level><Task>3</Task><Opcode>121</Opcode><Keywords>0x4000000000000001</Keywords><TimeCreated SystemTime='2025-06-02T16:46:49.5141915Z'/><EventRecordID>391</EventRecordID><Correlation/><Execution ProcessID='4' ThreadID='132'/><Channel>System</Channel><Computer>NIKOLAISMETBD82</Computer><Security UserID='S-1-5-18'/></System><EventData><Data Name='Url'>https://*:5358/</Data><Data Name='ReserveStatus'>0</Data><Data Name='ProcessId'>4</Data><Data Name='ExecutablePath'></Data><Data Name='UserSid'>S-1-5-18</Data></EventData></Event><Event xmlns='http://schemas.microsoft.com/win/2004/08/events/event'><System><Provider Name='Microsoft-Windows-HttpService' Guid='{dd5ef90a-6398-47a4-ad34-4dcecdef795f}'/><EventID>112</EventID><Version>0</Version><Level>4</Level><Task>3</Task><Opcode>121</Opcode><Keywords>0x4000000000000001</Keywords><TimeCreated SystemTime='2025-06-02T16:46:49.5141867Z'/><EventRecordID>390</EventRecordID><Correlation/><Execution ProcessID='4' ThreadID='132'/><Channel>System</Channel><Computer>NIKOLAISMETBD82</Computer><Security UserID='S-1-5-18'/></System><EventData><Data Name='Url'>http://+:80/Temporary_Listen_Addresses/</Data><Data Name='ReserveStatus'>0</Data><Data Name='ProcessId'>4</Data><Data Name='ExecutablePath'></Data><Data Name='UserSid'>S-1-5-18</Data></EventData></Event><Event xmlns='http://schemas.microsoft.com/win/2004/08/events/event'><System><Provider Name='Microsoft-Windows-HttpService' Guid='{dd5ef90a-6398-47a4-ad34-4dcecdef795f}'/><EventID>112</EventID><Version>0</Version><Level>4</Level><Task>3</Task><Opcode>121</Opcode><Keywords>0x4000000000000001</Keywords><TimeCreated SystemTime='2025-06-02T16:46:49.5141782Z'/><EventRecordID>389</EventRecordID><Correlation/><Execution ProcessID='4' ThreadID='132'/><Channel>System</Channel><Computer>NIKOLAISMETBD82</Computer><Security UserID='S-1-5-18'/></System><EventData><Data Name='Url'>http://*:5357/</Data><Data Name='ReserveStatus'>0</Data><Data Name='ProcessId'>4</Data><Data Name='ExecutablePath'></Data><Data Name='UserSid'>S-1-5-18</Data></EventData></Event><Event xmlns='http://schemas.microsoft.com/win/2004/08/events/event'><System><Provider Name='Microsoft-Windows-FilterManager' Guid='{f3c5e28e-63f6-49c7-a204-e48a1bc4b09d}'/><EventID>6</EventID><Version>0</Version><Level>4</Level><Task>0</Task><Opcode>0</Opcode><Keywords>0x8000000000000000</Keywords><TimeCreated SystemTime='2025-06-02T16:46:49.2878889Z'/><EventRecordID>388</EventRecordID><Correlation/><Execution ProcessID='4' ThreadID='120'/><Channel>System</Channel><Computer>NIKOLAISMETBD82</Computer><Security UserID='S-1-5-18'/></System><EventData><Data Name='FinalStatus'>0x0</Data><Data Name='DeviceVersionMajor'>10</Data><Data Name='DeviceVersionMinor'>0</Data><Data Name='DeviceNameLength'>7</Data><Data Name='DeviceName'>bindflt</Data><Data Name='DeviceTime'>2076-08-13T09:23:28.0000000Z</Data></EventData></Event><Event xmlns='http://schemas.microsoft.com/win/2004/08/events/event'><System><Provider Name='Microsoft-Windows-FilterManager' Guid='{f3c5e28e-63f6-49c7-a204-e48a1bc4b09d}'/><EventID>6</EventID><Version>0</Version><Level>4</Level><Task>0</Task><Opcode>0</Opcode><Keywords>0x8000000000000000</Keywords><TimeCreated SystemTime='2025-06-02T16:46:49.2831606Z'/><EventRecordID>387</EventRecordID><Correlation/><Execution ProcessID='4' ThreadID='120'/><Channel>System</Channel><Computer>NIKOLAISMETBD82</Computer><Security UserID='S-1-5-18'/></System><EventData><Data Name='FinalStatus'>0x0</Data><Data Name='DeviceVersionMajor'>10</Data><Data Name='DeviceVersionMinor'>0</Data><Data Name='DeviceNameLength'>10</Data><Data Name='DeviceName'>storqosflt</Data><Data Name='DeviceTime'>2073-10-13T14:50:58.0000000Z</Data></EventData></Event><Event xmlns='http://schemas.microsoft.com/win/2004/08/events/event'><System><Provider Name='Microsoft-Windows-FilterManager' Guid='{f3c5e28e-63f6-49c7-a204-e48a1bc4b09d}'/><EventID>6</EventID><Version>0</Version><Level>4</Level><Task>0</Task><Opcode>0</Opcode><Keywords>0x8000000000000000</Keywords><TimeCreated SystemTime='2025-06-02T16:46:49.2701294Z'/><EventRecordID>386</EventRecordID><Correlation/><Execution ProcessID='4' ThreadID='68'/><Channel>System</Channel><Computer>NIKOLAISMETBD82</Computer><Security UserID='S-1-5-18'/></System><EventData><Data Name='FinalStatus'>0x0</Data><Data Name='DeviceVersionMajor'>10</Data><Data Name='DeviceVersionMinor'>0</Data><Data Name='DeviceNameLength'>7</Data><Data Name='DeviceName'>UnionFS</Data><Data Name='DeviceTime'>1984-01-11T08:44:42.0000000Z</Data></EventData></Event><Event xmlns='http://schemas.microsoft.com/win/2004/08/events/event'><System><Provider Name='Microsoft-Windows-FilterManager' Guid='{f3c5e28e-63f6-49c7-a204-e48a1bc4b09d}'/><EventID>6</EventID><Version>0</Version><Level>4</Level><Task>0</Task><Opcode>0</Opcode><Keywords>0x8000000000000000</Keywords><TimeCreated SystemTime='2025-06-02T16:46:49.2641068Z'/><EventRecordID>385</EventRecordID><Correlation/><Execution ProcessID='4' ThreadID='120'/><Channel>System</Channel><Computer>NIKOLAISMETBD82</Computer><Security UserID='S-1-5-18'/></System><EventData><Data Name='FinalStatus'>0x0</Data><Data Name='DeviceVersionMajor'>10</Data><Data Name='DeviceVersionMinor'>0</Data><Data Name='DeviceNameLength'>6</Data><Data Name='DeviceName'>CldFlt</Data><Data Name='DeviceTime'>2045-01-07T22:12:58.0000000Z</Data></EventData></Event><Event xmlns='http://schemas.microsoft.com/win/2004/08/events/event'><System><Provider Name='Microsoft-Windows-FilterManager' Guid='{f3c5e28e-63f6-49c7-a204-e48a1bc4b09d}'/><EventID>1</EventID><Version>0</Version><Level>4</Level><Task>0</Task><Opcode>0</Opcode><Keywords>0x8000000000000000</Keywords><TimeCreated SystemTime='2025-06-02T16:46:49.2640393Z'/><EventRecordID>384</EventRecordID><Correlation/><Execution ProcessID='4' ThreadID='120'/><Channel>System</Channel><Computer>NIKOLAISMETBD82</Computer><Security UserID='S-1-5-18'/></System><EventData><Data Name='FinalStatus'>0x0</Data><Data Name='DeviceVersionMajor'>10</Data><Data Name='DeviceVersionMinor'>0</Data><Data Name='DeviceNameLength'>6</Data><Data Name='DeviceName'>CldFlt</Data><Data Name='DeviceTime'>2045-01-07T22:12:58.0000000Z</Data></EventData></Event><Event xmlns='http://schemas.microsoft.com/win/2004/08/events/event'><System><Provider Name='Microsoft-Windows-FilterManager' Guid='{f3c5e28e-63f6-49c7-a204-e48a1bc4b09d}'/><EventID>6</EventID><Version>0</Version><Level>4</Level><Task>0</Task><Opcode>0</Opcode><Keywords>0x8000000000000000</Keywords><TimeCreated SystemTime='2025-06-02T16:46:49.2640303Z'/><EventRecordID>383</EventRecordID><Correlation/><Execution ProcessID='4' ThreadID='120'/><Channel>System</Channel><Computer>NIKOLAISMETBD82</Computer><Security UserID='S-1-5-18'/></System><EventData><Data Name='FinalStatus'>0x0</Data><Data Name='DeviceVersionMajor'>10</Data><Data Name='DeviceVersionMinor'>0</Data><Data Name='DeviceNameLength'>6</Data><Data Name='DeviceName'>CldFlt</Data><Data Name='DeviceTime'>2045-01-07T22:12:58.0000000Z</Data></EventData></Event><Event xmlns='http://schemas.microsoft.com/win/2004/08/events/event'><System><Provider Name='Microsoft-Windows-FilterManager' Guid='{f3c5e28e-63f6-49c7-a204-e48a1bc4b09d}'/><EventID>6</EventID><Version>0</Version><Level>4</Level><Task>0</Task><Opcode>0</Opcode><Keywords>0x8000000000000000</Keywords><TimeCreated SystemTime='2025-06-02T16:46:49.2472604Z'/><EventRecordID>382</EventRecordID><Correlation/><Execution ProcessID='4' ThreadID='120'/><Channel>System</Channel><Computer>NIKOLAISMETBD82</Computer><Security UserID='S-1-5-18'/></System><EventData><Data Name='FinalStatus'>0x0</Data><Data Name='DeviceVersionMajor'>10</Data><Data Name='DeviceVersionMinor'>0</Data><Data Name='DeviceNameLength'>5</Data><Data Name='DeviceName'>wcifs</Data><Data Name='DeviceTime'>2099-11-27T05:14:01.0000000Z</Data></EventData></Event><Event xmlns='http://schemas.microsoft.com/win/2004/08/events/event'><System><Provider Name='Microsoft-Windows-FilterManager' Guid='{f3c5e28e-63f6-49c7-a204-e48a1bc4b09d}'/><EventID>6</EventID><Version>0</Version><Level>4</Level><Task>0</Task><Opcode>0</Opcode><Keywords>0x8000000000000000</Keywords><TimeCreated SystemTime='2025-06-02T16:46:49.2410729Z'/><EventRecordID>381</EventRecordID><Correlation/><Execution ProcessID='4' ThreadID='272'/><Channel>System</Channel><Computer>NIKOLAISMETBD82</Computer><Security UserID='S-1-5-18'/></System><EventData><Data Name='FinalStatus'>0x0</Data><Data Name='DeviceVersionMajor'>10</Data><Data Name='DeviceVersionMinor'>0</Data><Data Name='DeviceNameLength'>5</Data><Data Name='DeviceName'>luafv</Data><Data Name='DeviceTime'>2053-12-04T11:35:47.0000000Z</Data></EventData></Event><Event xmlns='http://schemas.microsoft.com/win/2004/08/events/event'><System><Provider Name='Microsoft-Windows-FilterManager' Guid='{f3c5e28e-63f6-49c7-a204-e48a1bc4b09d}'/><EventID>6</EventID><Version>0</Version><Level>4</Level><Task>0</Task><Opcode>0</Opcode><Keywords>0x8000000000000000</Keywords><TimeCreated SystemTime='2025-06-02T16:46:49.2225901Z'/><EventRecordID>380</EventRecordID><Correlation/><Execution ProcessID='4' ThreadID='496'/><Channel>System</Channel><Computer>NIKOLAISMETBD82</Computer><Security UserID='S-1-5-18'/></System><EventData><Data Name='FinalStatus'>0x0</Data><Data Name='DeviceVersionMajor'>10</Data><Data Name='DeviceVersionMinor'>0</Data><Data Name='DeviceNameLength'>3</Data><Data Name='DeviceName'>bfs</Data><Data Name='DeviceTime'>1971-12-21T17:40:21.0000000Z</Data></EventData></Event><Event xmlns='http://schemas.microsoft.com/win/2004/08/events/event'><System><Provider Name='Microsoft-Windows-FilterManager' Guid='{f3c5e28e-63f6-49c7-a204-e48a1bc4b09d}'/><EventID>6</EventID><Version>0</Version><Level>4</Level><Task>0</Task><Opcode>0</Opcode><Keywords>0x8000000000000000</Keywords><TimeCreated SystemTime='2025-06-02T16:46:49.1009131Z'/><EventRecordID>379</EventRecordID><Correlation/><Execution ProcessID='4' ThreadID='496'/><Channel>System</Channel><Computer>NIKOLAISMETBD82</Computer><Security UserID='S-1-5-18'/></System><EventData><Data Name='FinalStatus'>0x0</Data><Data Name='DeviceVersionMajor'>10</Data><Data Name='DeviceVersionMinor'>0</Data><Data Name='DeviceNameLength'>13</Data><Data Name='DeviceName'>applockerfltr</Data><Data Name='DeviceTime'>2031-04-22T13:37:03.0000000Z</Data></EventData></Event><Event xmlns='http://schemas.microsoft.com/win/2004/08/events/event'><System><Provider Name='Microsoft-Windows-DHCPv6-Client' Guid='{6a1f2b00-6a90-4c38-95a5-5cab3b056778}'/><EventID>51046</EventID><Version>0</Version><Level>4</Level><Task>4</Task><Opcode>62</Opcode><Keywords>0x2000000000000000</Keywords><TimeCreated SystemTime='2025-06-02T16:46:49.0794588Z'/><EventRecordID>378</EventRecordID><Correlation/><Execution ProcessID='2184' ThreadID='2504'/><Channel>System</Channel><Computer>NIKOLAISMETBD82</Computer><Security UserID='S-1-5-19'/></System><EventData></EventData></Event><Event xmlns='http://schemas.microsoft.com/win/2004/08/events/event'><System><Provider Name='Microsoft-Windows-Time-Service' Guid='{06edcfeb-0fd0-4e53-acca-a6f8bbf81bcb}'/><EventID>134</EventID><Version>0</Version><Level>3</Level><Task>0</Task><Opcode>0</Opcode><Keywords>0x8000000000000000</Keywords><TimeCreated SystemTime='2025-06-02T16:46:49.0648644Z'/><EventRecordID>377</EventRecordID><Correlation/><Execution ProcessID='1984' ThreadID='592'/><Channel>System</Channel><Computer>NIKOLAISMETBD82</Computer><Security UserID='S-1-5-19'/></System><EventData Name='TMP_EVENT_MANUAL_PEER_DNS_ERROR'><Data Name='ErrorMessage'>No such host is known. (0x80072AF9)</Data><Data Name='RetryMinutes'>15</Data><Data Name='DomainPeer'>time.windows.com,0x9</Data></EventData></Event><Event xmlns='http://schemas.microsoft.com/win/2004/08/events/event'><System><Provider Name='Microsoft-Windows-Dhcp-Client' Guid='{15a7a4f8-0072-4eab-abad-f98a4d666aed}'/><EventID>50036</EventID><Version>0</Version><Level>4</Level><Task>4</Task><Opcode>68</Opcode><Keywords>0x2000000000000000</Keywords><TimeCreated SystemTime='2025-06-02T16:46:49.0370049Z'/><EventRecordID>376</EventRecordID><Correlation/><Execution ProcessID='2184' ThreadID='2324'/><Channel>System</Channel><Computer>NIKOLAISMETBD82</Computer><Security UserID='S-1-5-19'/></System><EventData></EventData></Event><Event xmlns='http://schemas.microsoft.com/win/2004/08/events/event'><System><Provider Name='Microsoft-Windows-Dhcp-Client' Guid='{15a7a4f8-0072-4eab-abad-f98a4d666aed}'/><EventID>50103</EventID><Version>0</Version><Level>4</Level><Task>4</Task><Opcode>129</Opcode><Keywords>0x2000000000000000</Keywords><TimeCreated SystemTime='2025-06-02T16:46:49.0367330Z'/><EventRecordID>375</EventRecordID><Correlation/><Execution ProcessID='2184' ThreadID='2324'/><Channel>System</Channel><Computer>NIKOLAISMETBD82</Computer><Security UserID='S-1-5-19'/></System><EventData></EventData></Event><Event xmlns='http://schemas.microsoft.com/win/2004/08/events/event'><System><Provider Name='Microsoft-Windows-Dhcp-Client' Guid='{15a7a4f8-0072-4eab-abad-f98a4d666aed}'/><EventID>50036</EventID><Version>0</Version><Level>4</Level><Task>4</Task><Opcode>68</Opcode><Keywords>0x2000000000000000</Keywords><TimeCreated SystemTime='2025-06-02T16:46:49.0362095Z'/><EventRecordID>374</EventRecordID><Correlation/><Execution ProcessID='2184' ThreadID='2324'/><Channel>System</Channel><Computer>NIKOLAISMETBD82</Computer><Security UserID='S-1-5-19'/></System><EventData></EventData></Event><Event xmlns='http://schemas.microsoft.com/win/2004/08/events/event'><System><Provider Name='Microsoft-Windows-Directory-Services-SAM' Guid='{0d4fdc09-8c27-494a-bda0-505e4fd8adae}'/><EventID>16977</EventID><Version>0</Version><Level>4</Level><Task>0</Task><Opcode>0</Opcode><Keywords>0x8000000000000000</Keywords><TimeCreated SystemTime='2025-06-02T16:46:47.8643738Z'/><EventRecordID>373</EventRecordID><Correlation ActivityID='{e8fa5c98-d3dd-0002-0d5d-fae8ddd3db01}'/><Execution ProcessID='916' ThreadID='964'/><Channel>System</Channel><Computer>NIKOLAISMETBD82</Computer><Security UserID='S-1-5-18'/></System><EventData Name='SAMMSG_MINPWDLEN_SETTINGS_IN_EFFECT'><Data Name='MinimumPasswordLength'>0</Data><Data Name='RelaxMinimumPasswordLengthLimits'>0</Data><Data Name='MinimumPasswordLengthAudit'>-1</Data></EventData></Event><Event xmlns='http://schemas.microsoft.com/win/2004/08/events/event'><System><Provider Name='Microsoft-Windows-Directory-Services-SAM' Guid='{0d4fdc09-8c27-494a-bda0-505e4fd8adae}'/><EventID>16977</EventID><Version>0</Version><Level>4</Level><Task>0</Task><Opcode>0</Opcode><Keywords>0x8000000000000000</Keywords><TimeCreated SystemTime='2025-06-02T16:46:47.8259526Z'/><EventRecordID>372</EventRecordID><Correlation ActivityID='{e8fa5c98-d3dd-0002-0d5d-fae8ddd3db01}'/><Execution ProcessID='916' ThreadID='964'/><Channel>System</Channel><Computer>NIKOLAISMETBD82</Computer><Security UserID='S-1-5-18'/></System><EventData Name='SAMMSG_MINPWDLEN_SETTINGS_IN_EFFECT'><Data Name='MinimumPasswordLength'>0</Data><Data Name='RelaxMinimumPasswordLengthLimits'>0</Data><Data Name='MinimumPasswordLengthAudit'>-1</Data></EventData></Event><Event xmlns='http://schemas.microsoft.com/win/2004/08/events/event'><System><Provider Name='Microsoft-Windows-Kernel-General' Guid='{a68ca8b7-004f-d7b6-a698-07e2de0f1f5d}'/><EventID>16</EventID><Version>0</Version><Level>4</Level><Task>0</Task><Opcode>0</Opcode><Keywords>0x8000000000000000</Keywords><TimeCreated SystemTime='2025-06-02T16:46:47.7079016Z'/><EventRecordID>371</EventRecordID><Correlation/><Execution ProcessID='1644' ThreadID='1648'/><Channel>System</Channel><Computer>NIKOLAISMETBD82</Computer><Security UserID='S-1-5-18'/></System><EventData><Data Name='HiveNameLength'>31</Data><Data Name='HiveName'>\??\C:\Users\Default\NTUSER.DAT</Data><Data Name='KeysUpdated'>551</Data><Data Name='DirtyPages'>33</Data></EventData></Event><Event xmlns='http://schemas.microsoft.com/win/2004/08/events/event'><System><Provider Name='Microsoft-Windows-Kernel-General' Guid='{a68ca8b7-004f-d7b6-a698-07e2de0f1f5d}'/><EventID>16</EventID><Version>0</Version><Level>4</Level><Task>0</Task><Opcode>0</Opcode><Keywords>0x8000000000000000</Keywords><TimeCreated SystemTime='2025-06-02T16:46:47.4626639Z'/><EventRecordID>370</EventRecordID><Correlation/><Execution ProcessID='4' ThreadID='276'/><Channel>System</Channel><Computer>NIKOLAISMETBD82</Computer><Security UserID='S-1-5-18'/></System><EventData><Data Name='HiveNameLength'>35</Data><Data Name='HiveName'>\SystemRoot\System32\config\DRIVERS</Data><Data Name='KeysUpdated'>687</Data><Data Name='DirtyPages'>98</Data></EventData></Event><Event xmlns='http://schemas.microsoft.com/win/2004/08/events/event'><System><Provider Name='Microsoft-Windows-Kernel-General' Guid='{a68ca8b7-004f-d7b6-a698-07e2de0f1f5d}'/><EventID>16</EventID><Version>0</Version><Level>4</Level><Task>0</Task><Opcode>0</Opcode><Keywords>0x8000000000000000</Keywords><TimeCreated SystemTime='2025-06-02T16:46:47.1525002Z'/><EventRecordID>369</EventRecordID><Correlation/><Execution ProcessID='1624' ThreadID='1628'/><Channel>System</Channel><Computer>NIKOLAISMETBD82</Computer><Security UserID='S-1-5-18'/></System><EventData><Data Name='HiveNameLength'>52</Data><Data Name='HiveName'>\??\C:\WINDOWS\System32\SMI\Store\Machine\SCHEMA.DAT</Data><Data Name='KeysUpdated'>14668</Data><Data Name='DirtyPages'>2487</Data></EventData></Event><Event xmlns='http://schemas.microsoft.com/win/2004/08/events/event'><System><Provider Name='Microsoft-Windows-Kernel-General' Guid='{a68ca8b7-004f-d7b6-a698-07e2de0f1f5d}'/><EventID>16</EventID><Version>0</Version><Level>4</Level><Task>0</Task><Opcode>0</Opcode><Keywords>0x8000000000000000</Keywords><TimeCreated SystemTime='2025-06-02T16:46:42.1447994Z'/><EventRecordID>368</EventRecordID><Correlation/><Execution ProcessID='896' ThreadID='900'/><Channel>System</Channel><Computer>NIKOLAISMETBD82</Computer><Security UserID='S-1-5-18'/></System><EventData><Data Name='HiveNameLength'>54</Data><Data Name='HiveName'>\??\C:\WINDOWS\ServiceProfiles\LocalService\NTUSER.DAT</Data><Data Name='KeysUpdated'>567</Data><Data Name='DirtyPages'>32</Data></EventData></Event><Event xmlns='http://schemas.microsoft.com/win/2004/08/events/event'><System><Provider Name='Microsoft-Windows-Kernel-General' Guid='{a68ca8b7-004f-d7b6-a698-07e2de0f1f5d}'/><EventID>16</EventID><Version>0</Version><Level>4</Level><Task>0</Task><Opcode>0</Opcode><Keywords>0x8000000000000000</Keywords><TimeCreated SystemTime='2025-06-02T16:46:41.9416771Z'/><EventRecordID>367</EventRecordID><Correlation/><Execution ProcessID='896' ThreadID='900'/><Channel>System</Channel><Computer>NIKOLAISMETBD82</Computer><Security UserID='S-1-5-18'/></System><EventData><Data Name='HiveNameLength'>56</Data><Data Name='HiveName'>\??\C:\WINDOWS\ServiceProfiles\NetworkService\NTUSER.DAT</Data><Data Name='KeysUpdated'>603</Data><Data Name='DirtyPages'>32</Data></EventData></Event>