<Event xmlns='http://schemas.microsoft.com/win/2004/08/events/event'><System><Provider Name='Microsoft-Windows-FilterManager' Guid='{f3c5e28e-63f6-49c7-a204-e48a1bc4b09d}'/><EventID>6</EventID><Version>0</Version><Level>4</Level><Task>0</Task><Opcode>0</Opcode><Keywords>0x8000000000000000</Keywords><TimeCreated SystemTime='2025-06-02T16:46:30.0779123Z'/><EventRecordID>297</EventRecordID><Correlation/><Execution ProcessID='4' ThreadID='388'/><Channel>System</Channel><Computer>NIKOLAI-BSDBOH4</Computer><Security UserID='S-1-5-18'/></System><EventData><Data Name='FinalStatus'>0x0</Data><Data Name='DeviceVersionMajor'>10</Data><Data Name='DeviceVersionMinor'>0</Data><Data Name='DeviceNameLength'>6</Data><Data Name='DeviceName'>CldFlt</Data><Data Name='DeviceTime'>2045-01-07T22:12:58.0000000Z</Data></EventData></Event><Event xmlns='http://schemas.microsoft.com/win/2004/08/events/event'><System><Provider Name='Microsoft-Windows-FilterManager' Guid='{f3c5e28e-63f6-49c7-a204-e48a1bc4b09d}'/><EventID>1</EventID><Version>0</Version><Level>4</Level><Task>0</Task><Opcode>0</Opcode><Keywords>0x8000000000000000</Keywords><TimeCreated SystemTime='2025-06-02T16:46:30.0777873Z'/><EventRecordID>296</EventRecordID><Correlation/><Execution ProcessID='4' ThreadID='388'/><Channel>System</Channel><Computer>NIKOLAI-BSDBOH4</Computer><Security UserID='S-1-5-18'/></System><EventData><Data Name='FinalStatus'>0x0</Data><Data Name='DeviceVersionMajor'>10</Data><Data Name='DeviceVersionMinor'>0</Data><Data Name='DeviceNameLength'>6</Data><Data Name='DeviceName'>CldFlt</Data><Data Name='DeviceTime'>2045-01-07T22:12:58.0000000Z</Data></EventData></Event><Event xmlns='http://schemas.microsoft.com/win/2004/08/events/event'><System><Provider Name='Microsoft-Windows-FilterManager' Guid='{f3c5e28e-63f6-49c7-a204-e48a1bc4b09d}'/><EventID>6</EventID><Version>0</Version><Level>4</Level><Task>0</Task><Opcode>0</Opcode><Keywords>0x8000000000000000</Keywords><TimeCreated SystemTime='2025-06-02T16:46:30.0777790Z'/><EventRecordID>295</EventRecordID><Correlation/><Execution ProcessID='4' ThreadID='388'/><Channel>System</Channel><Computer>NIKOLAI-BSDBOH4</Computer><Security UserID='S-1-5-18'/></System><EventData><Data Name='FinalStatus'>0x0</Data><Data Name='DeviceVersionMajor'>10</Data><Data Name='DeviceVersionMinor'>0</Data><Data Name='DeviceNameLength'>6</Data><Data Name='DeviceName'>CldFlt</Data><Data Name='DeviceTime'>2045-01-07T22:12:58.0000000Z</Data></EventData></Event><Event xmlns='http://schemas.microsoft.com/win/2004/08/events/event'><System><Provider Name='Microsoft-Windows-FilterManager' Guid='{f3c5e28e-63f6-49c7-a204-e48a1bc4b09d}'/><EventID>6</EventID><Version>0</Version><Level>4</Level><Task>0</Task><Opcode>0</Opcode><Keywords>0x8000000000000000</Keywords><TimeCreated SystemTime='2025-06-02T16:46:30.0770200Z'/><EventRecordID>294</EventRecordID><Correlation/><Execution ProcessID='4' ThreadID='2768'/><Channel>System</Channel><Computer>NIKOLAI-BSDBOH4</Computer><Security UserID='S-1-5-18'/></System><EventData><Data Name='FinalStatus'>0x0</Data><Data Name='DeviceVersionMajor'>10</Data><Data Name='DeviceVersionMinor'>0</Data><Data Name='DeviceNameLength'>7</Data><Data Name='DeviceName'>UnionFS</Data><Data Name='DeviceTime'>1984-01-11T08:44:42.0000000Z</Data></EventData></Event><Event xmlns='http://schemas.microsoft.com/win/2004/08/events/event'><System><Provider Name='Microsoft-Windows-FilterManager' Guid='{f3c5e28e-63f6-49c7-a204-e48a1bc4b09d}'/><EventID>6</EventID><Version>0</Version><Level>4</Level><Task>0</Task><Opcode>0</Opcode><Keywords>0x8000000000000000</Keywords><TimeCreated SystemTime='2025-06-02T16:46:30.0479194Z'/><EventRecordID>293</EventRecordID><Correlation/><Execution ProcessID='4' ThreadID='2768'/><Channel>System</Channel><Computer>NIKOLAI-BSDBOH4</Computer><Security UserID='S-1-5-18'/></System><EventData><Data Name='FinalStatus'>0x0</Data><Data Name='DeviceVersionMajor'>10</Data><Data Name='DeviceVersionMinor'>0</Data><Data Name='DeviceNameLength'>5</Data><Data Name='DeviceName'>luafv</Data><Data Name='DeviceTime'>2053-12-04T11:35:47.0000000Z</Data></EventData></Event><Event xmlns='http://schemas.microsoft.com/win/2004/08/events/event'><System><Provider Name='Microsoft-Windows-FilterManager' Guid='{f3c5e28e-63f6-49c7-a204-e48a1bc4b09d}'/><EventID>6</EventID><Version>0</Version><Level>4</Level><Task>0</Task><Opcode>0</Opcode><Keywords>0x8000000000000000</Keywords><TimeCreated SystemTime='2025-06-02T16:46:30.0407300Z'/><EventRecordID>292</EventRecordID><Correlation/><Execution ProcessID='4' ThreadID='388'/><Channel>System</Channel><Computer>NIKOLAI-BSDBOH4</Computer><Security UserID='S-1-5-18'/></System><EventData><Data Name='FinalStatus'>0x0</Data><Data Name='DeviceVersionMajor'>10</Data><Data Name='DeviceVersionMinor'>0</Data><Data Name='DeviceNameLength'>5</Data><Data Name='DeviceName'>wcifs</Data><Data Name='DeviceTime'>2099-11-27T05:14:01.0000000Z</Data></EventData></Event><Event xmlns='http://schemas.microsoft.com/win/2004/08/events/event'><System><Provider Name='Microsoft-Windows-FilterManager' Guid='{f3c5e28e-63f6-49c7-a204-e48a1bc4b09d}'/><EventID>6</EventID><Version>0</Version><Level>4</Level><Task>0</Task><Opcode>0</Opcode><Keywords>0x8000000000000000</Keywords><TimeCreated SystemTime='2025-06-02T16:46:30.0294940Z'/><EventRecordID>291</EventRecordID><Correlation/><Execution ProcessID='4' ThreadID='388'/><Channel>System</Channel><Computer>NIKOLAI-BSDBOH4</Computer><Security UserID='S-1-5-18'/></System><EventData><Data Name='FinalStatus'>0x0</Data><Data Name='DeviceVersionMajor'>10</Data><Data Name='DeviceVersionMinor'>0</Data><Data Name='DeviceNameLength'>3</Data><Data Name='DeviceName'>bfs</Data><Data Name='DeviceTime'>1971-12-21T17:40:21.0000000Z</Data></EventData></Event><Event xmlns='http://schemas.microsoft.com/win/2004/08/events/event'><System><Provider Name='Service Control Manager' Guid='{555908d1-a6d7-4695-8e1e-26931d2012f4}' EventSourceName='Service Control Manager'/><EventID Qualifiers='49152'>7023</EventID><Version>0</Version><Level>2</Level><Task>0</Task><Opcode>0</Opcode><Keywords>0x8080000000000000</Keywords><TimeCreated SystemTime='2025-06-02T16:46:30.0000601Z'/><EventRecordID>290</EventRecordID><Correlation/><Execution ProcessID='896' ThreadID='992'/><Channel>System</Channel><Computer>NIKOLAI-BSDBOH4</Computer><Security/></System><EventData><Data Name='param1'>netprofm</Data><Data Name='param2'>%%21</Data><Binary>6E0065007400700072006F0066006D000000</Binary></EventData></Event><Event xmlns='http://schemas.microsoft.com/win/2004/08/events/event'><System><Provider Name='Microsoft-Windows-DHCPv6-Client' Guid='{6a1f2b00-6a90-4c38-95a5-5cab3b056778}'/><EventID>51046</EventID><Version>0</Version><Level>4</Level><Task>4</Task><Opcode>62</Opcode><Keywords>0x2000000000000000</Keywords><TimeCreated SystemTime='2025-06-02T16:46:29.9392962Z'/><EventRecordID>289</EventRecordID><Correlation/><Execution ProcessID='1244' ThreadID='1616'/><Channel>System</Channel><Computer>NIKOLAI-BSDBOH4</Computer><Security UserID='S-1-5-19'/></System><EventData></EventData></Event><Event xmlns='http://schemas.microsoft.com/win/2004/08/events/event'><System><Provider Name='Microsoft-Windows-Dhcp-Client' Guid='{15a7a4f8-0072-4eab-abad-f98a4d666aed}'/><EventID>50036</EventID><Version>0</Version><Level>4</Level><Task>4</Task><Opcode>68</Opcode><Keywords>0x2000000000000000</Keywords><TimeCreated SystemTime='2025-06-02T16:46:29.9204968Z'/><EventRecordID>288</EventRecordID><Correlation/><Execution ProcessID='1244' ThreadID='2664'/><Channel>System</Channel><Computer>NIKOLAI-BSDBOH4</Computer><Security UserID='S-1-5-19'/></System><EventData></EventData></Event><Event xmlns='http://schemas.microsoft.com/win/2004/08/events/event'><System><Provider Name='Microsoft-Windows-Dhcp-Client' Guid='{15a7a4f8-0072-4eab-abad-f98a4d666aed}'/><EventID>50103</EventID><Version>0</Version><Level>4</Level><Task>4</Task><Opcode>129</Opcode><Keywords>0x2000000000000000</Keywords><TimeCreated SystemTime='2025-06-02T16:46:29.9204352Z'/><EventRecordID>287</EventRecordID><Correlation/><Execution ProcessID='1244' ThreadID='2664'/><Channel>System</Channel><Computer>NIKOLAI-BSDBOH4</Computer><Security UserID='S-1-5-19'/></System><EventData></EventData></Event><Event xmlns='http://schemas.microsoft.com/win/2004/08/events/event'><System><Provider Name='Microsoft-Windows-Dhcp-Client' Guid='{15a7a4f8-0072-4eab-abad-f98a4d666aed}'/><EventID>50036</EventID><Version>0</Version><Level>4</Level><Task>4</Task><Opcode>68</Opcode><Keywords>0x2000000000000000</Keywords><TimeCreated SystemTime='2025-06-02T16:46:29.9200552Z'/><EventRecordID>286</EventRecordID><Correlation/><Execution ProcessID='1244' ThreadID='2664'/><Channel>System</Channel><Computer>NIKOLAI-BSDBOH4</Computer><Security UserID='S-1-5-19'/></System><EventData></EventData></Event><Event xmlns='http://schemas.microsoft.com/win/2004/08/events/event'><System><Provider Name='Microsoft-Windows-FilterManager' Guid='{f3c5e28e-63f6-49c7-a204-e48a1bc4b09d}'/><EventID>6</EventID><Version>0</Version><Level>4</Level><Task>0</Task><Opcode>0</Opcode><Keywords>0x8000000000000000</Keywords><TimeCreated SystemTime='2025-06-02T16:46:29.9179289Z'/><EventRecordID>285</EventRecordID><Correlation/><Execution ProcessID='4' ThreadID='388'/><Channel>System</Channel><Computer>NIKOLAI-BSDBOH4</Computer><Security UserID='S-1-5-18'/></System><EventData><Data Name='FinalStatus'>0x0</Data><Data Name='DeviceVersionMajor'>10</Data><Data Name='DeviceVersionMinor'>0</Data><Data Name='DeviceNameLength'>13</Data><Data Name='DeviceName'>applockerfltr</Data><Data Name='DeviceTime'>2031-04-22T13:37:03.0000000Z</Data></EventData></Event><Event xmlns='http://schemas.microsoft.com/win/2004/08/events/event'><System><Provider Name='Microsoft-Windows-Kernel-General' Guid='{a68ca8b7-004f-d7b6-a698-07e2de0f1f5d}'/><EventID>16</EventID><Version>0</Version><Level>4</Level><Task>0</Task><Opcode>0</Opcode><Keywords>0x8000000000000000</Keywords><TimeCreated SystemTime='2025-06-02T16:46:29.8761909Z'/><EventRecordID>284</EventRecordID><Correlation/><Execution ProcessID='500' ThreadID='2952'/><Channel>System</Channel><Computer>NIKOLAI-BSDBOH4</Computer><Security UserID='S-1-5-18'/></System><EventData><Data Name='HiveNameLength'>31</Data><Data Name='HiveName'>\SystemRoot\System32\Config\BBI</Data><Data Name='KeysUpdated'>3</Data><Data Name='DirtyPages'>1</Data></EventData></Event><Event xmlns='http://schemas.microsoft.com/win/2004/08/events/event'><System><Provider Name='Microsoft-Windows-Setup' Guid='{75ebc33e-997f-49cf-b49f-ecc50184b75d}'/><EventID>2004</EventID><Version>0</Version><Level>4</Level><Task>4000</Task><Opcode>0</Opcode><Keywords>0x2000400000000000</Keywords><TimeCreated SystemTime='2025-06-02T16:46:29.6400184Z'/><EventRecordID>283</EventRecordID><Correlation/><Execution ProcessID='1572' ThreadID='1576'/><Channel>System</Channel><Computer>NIKOLAI-BSDBOH4</Computer><Security UserID='S-1-5-18'/></System><EventData><Data Name='OSName'>Windows 10 Pro</Data><Data Name='OSEditionID'>Professional</Data><Data Name='OSmajorversion'>10</Data><Data Name='OSminorversion'>0</Data><Data Name='OSbuildversion'>26100</Data><Data Name='OSservicepackName'></Data><Data Name='OSservicepackmajorversion'>0</Data><Data Name='OSservicepackminorversion'>0</Data></EventData></Event><Event xmlns='http://schemas.microsoft.com/win/2004/08/events/event'><System><Provider Name='Microsoft-Windows-Kernel-General' Guid='{a68ca8b7-004f-d7b6-a698-07e2de0f1f5d}'/><EventID>1</EventID><Version>4</Version><Level>4</Level><Task>5</Task><Opcode>0</Opcode><Keywords>0x8000000000000010</Keywords><TimeCreated SystemTime='2025-06-02T16:46:29.5482564Z'/><EventRecordID>282</EventRecordID><Correlation/><Execution ProcessID='2236' ThreadID='2192'/><Channel>System</Channel><Computer>NIKOLAI-BSDBOH4</Computer><Security UserID='S-1-5-18'/></System><EventData><Data Name='NewTime'>2025-06-02T16:46:29.5480000Z</Data><Data Name='OldTime'>2025-06-02T16:46:29.5488695Z</Data><Data Name='TimeDeltaInMs'>0</Data><Data Name='Reason'>1</Data><Data Name='ProcessName'>\Device\HarddiskVolume4\Windows\System32\rundll32.exe</Data><Data Name='ProcessID'>2236</Data><Data Name='CmosTime'>2025-06-02T17:46:29.5480000Z</Data><Data Name='TimeZoneBias'>-60</Data><Data Name='RealTimeIsUniversal'>false</Data><Data Name='SystemInCmosMode'>false</Data></EventData></Event><Event xmlns='http://schemas.microsoft.com/win/2004/08/events/event'><System><Provider Name='Microsoft-Windows-HAL' Guid='{63d1e632-95cc-4443-9312-af927761d52a}'/><EventID>20</EventID><Version>0</Version><Level>2</Level><Task>0</Task><Opcode>0</Opcode><Keywords>0x8000000000000000</Keywords><TimeCreated SystemTime='2025-06-02T16:46:29.5482464Z'/><EventRecordID>281</EventRecordID><Correlation/><Execution ProcessID='2236' ThreadID='2192'/><Channel>System</Channel><Computer>NIKOLAI-BSDBOH4</Computer><Security UserID='S-1-5-18'/></System><EventData><Data Name='Status'>3221225473</Data></EventData></Event><Event xmlns='http://schemas.microsoft.com/win/2004/08/events/event'><System><Provider Name='Microsoft-Windows-Kernel-General' Guid='{a68ca8b7-004f-d7b6-a698-07e2de0f1f5d}'/><EventID>24</EventID><Version>0</Version><Level>4</Level><Task>11</Task><Opcode>0</Opcode><Keywords>0x8000000000000010</Keywords><TimeCreated SystemTime='2025-06-02T16:46:29.5481640Z'/><EventRecordID>280</EventRecordID><Correlation/><Execution ProcessID='2236' ThreadID='2192'/><Channel>System</Channel><Computer>NIKOLAI-BSDBOH4</Computer><Security UserID='S-1-5-18'/></System><EventData><Data Name='ExitReason'>0</Data><Data Name='CurrentBias'>-60</Data><Data Name='CurrentTimeZoneID'>2</Data><Data Name='TimeZoneInfoCacheUpdated'>0</Data><Data Name='FirstRefresh'>0</Data></EventData></Event><Event xmlns='http://schemas.microsoft.com/win/2004/08/events/event'><System><Provider Name='Microsoft-Windows-Kernel-General' Guid='{a68ca8b7-004f-d7b6-a698-07e2de0f1f5d}'/><EventID>1</EventID><Version>4</Version><Level>4</Level><Task>5</Task><Opcode>0</Opcode><Keywords>0x8000000000000010</Keywords><TimeCreated SystemTime='2025-06-02T16:46:29.5538634Z'/><EventRecordID>279</EventRecordID><Correlation/><Execution ProcessID='2236' ThreadID='2192'/><Channel>System</Channel><Computer>NIKOLAI-BSDBOH4</Computer><Security UserID='S-1-5-18'/></System><EventData><Data Name='NewTime'>2025-06-02T16:46:29.5488695Z</Data><Data Name='OldTime'>2025-06-02T16:46:29.5488695Z</Data><Data Name='TimeDeltaInMs'>0</Data><Data Name='Reason'>3</Data><Data Name='ProcessName'>\Device\HarddiskVolume4\Windows\System32\rundll32.exe</Data><Data Name='ProcessID'>2236</Data><Data Name='CmosTime'>2025-06-02T17:46:29.5488695Z</Data><Data Name='TimeZoneBias'>-60</Data><Data Name='RealTimeIsUniversal'>false</Data><Data Name='SystemInCmosMode'>false</Data></EventData></Event><Event xmlns='http://schemas.microsoft.com/win/2004/08/events/event'><System><Provider Name='Microsoft-Windows-HAL' Guid='{63d1e632-95cc-4443-9312-af927761d52a}'/><EventID>20</EventID><Version>0</Version><Level>2</Level><Task>0</Task><Opcode>0</Opcode><Keywords>0x8000000000000000</Keywords><TimeCreated SystemTime='2025-06-02T16:46:29.5538571Z'/><EventRecordID>278</EventRecordID><Correlation/><Execution ProcessID='2236' ThreadID='2192'/><Channel>System</Channel><Computer>NIKOLAI-BSDBOH4</Computer><Security UserID='S-1-5-18'/></System><EventData><Data Name='Status'>3221225473</Data></EventData></Event><Event xmlns='http://schemas.microsoft.com/win/2004/08/events/event'><System><Provider Name='Microsoft-Windows-Kernel-General' Guid='{a68ca8b7-004f-d7b6-a698-07e2de0f1f5d}'/><EventID>24</EventID><Version>0</Version><Level>4</Level><Task>11</Task><Opcode>0</Opcode><Keywords>0x8000000000000010</Keywords><TimeCreated SystemTime='2025-06-02T16:46:29.5538204Z'/><EventRecordID>277</EventRecordID><Correlation/><Execution ProcessID='2236' ThreadID='2192'/><Channel>System</Channel><Computer>NIKOLAI-BSDBOH4</Computer><Security UserID='S-1-5-18'/></System><EventData><Data Name='ExitReason'>0</Data><Data Name='CurrentBias'>-60</Data><Data Name='CurrentTimeZoneID'>2</Data><Data Name='TimeZoneInfoCacheUpdated'>0</Data><Data Name='FirstRefresh'>0</Data></EventData></Event><Event xmlns='http://schemas.microsoft.com/win/2004/08/events/event'><System><Provider Name='Microsoft-Windows-HAL' Guid='{63d1e632-95cc-4443-9312-af927761d52a}'/><EventID>20</EventID><Version>0</Version><Level>2</Level><Task>0</Task><Opcode>0</Opcode><Keywords>0x8000000000000000</Keywords><TimeCreated SystemTime='2025-06-02T16:46:29.5537946Z'/><EventRecordID>276</EventRecordID><Correlation/><Execution ProcessID='2236' ThreadID='2192'/><Channel>System</Channel><Computer>NIKOLAI-BSDBOH4</Computer><Security UserID='S-1-5-18'/></System><EventData><Data Name='Status'>3221225473</Data></EventData></Event><Event xmlns='http://schemas.microsoft.com/win/2004/08/events/event'><System><Provider Name='Microsoft-Windows-UserModePowerService' Guid='{ce8dee0b-d539-4000-b0f8-77bed049c590}'/><EventID>12</EventID><Version>0</Version><Level>4</Level><Task>10</Task><Opcode>0</Opcode><Keywords>0x4000000000000000</Keywords><TimeCreated SystemTime='2025-06-02T16:46:21.9509343Z'/><EventRecordID>275</EventRecordID><Correlation/><Execution ProcessID='500' ThreadID='620'/><Channel>System</Channel><Computer>NIKOLAI-BSDBOH4</Computer><Security UserID='S-1-5-18'/></System><EventData><Data Name='ProcessPath'>C:\Windows\System32\msiexec.exe</Data><Data Name='ProcessPid'>1668</Data><Data Name='OldSchemeGuid'>{381b4222-f694-41f0-9685-ff5bb260df2e}</Data><Data Name='NewSchemeGuid'>{eb40421b-7b88-4ed1-8aa1-2f71d8b6a801}</Data></EventData></Event><Event xmlns='http://schemas.microsoft.com/win/2004/08/events/event'><System><Provider Name='Microsoft-Windows-UserModePowerService' Guid='{ce8dee0b-d539-4000-b0f8-77bed049c590}'/><EventID>12</EventID><Version>0</Version><Level>4</Level><Task>10</Task><Opcode>0</Opcode><Keywords>0x4000000000000000</Keywords><TimeCreated SystemTime='2025-06-02T16:46:21.9114664Z'/><EventRecordID>274</EventRecordID><Correlation/><Execution ProcessID='500' ThreadID='620'/><Channel>System</Channel><Computer>NIKOLAI-BSDBOH4</Computer><Security UserID='S-1-5-18'/></System><EventData><Data Name='ProcessPath'>C:\Windows\System32\msiexec.exe</Data><Data Name='ProcessPid'>1668</Data><Data Name='OldSchemeGuid'>{381b4222-f694-41f0-9685-ff5bb260df2e}</Data><Data Name='NewSchemeGuid'>{381b4222-f694-41f0-9685-ff5bb260df2e}</Data></EventData></Event><Event xmlns='http://schemas.microsoft.com/win/2004/08/events/event'><System><Provider Name='Service Control Manager' Guid='{555908d1-a6d7-4695-8e1e-26931d2012f4}' EventSourceName='Service Control Manager'/><EventID Qualifiers='16384'>7045</EventID><Version>0</Version><Level>4</Level><Task>0</Task><Opcode>0</Opcode><Keywords>0x8080000000000000</Keywords><TimeCreated SystemTime='2025-06-02T16:46:21.6998625Z'/><EventRecordID>273</EventRecordID><Correlation/><Execution ProcessID='896' ThreadID='304'/><Channel>System</Channel><Computer>NIKOLAI-BSDBOH4</Computer><Security UserID='S-1-5-18'/></System><EventData><Data Name='ServiceName'>Parallels Coherence Service</Data><Data Name='ImagePath'>"C:\Program Files\Parallels\Parallels Tools\Services\coherence.exe"</Data><Data Name='ServiceType'>user mode service</Data><Data Name='StartType'>auto start</Data><Data Name='AccountName'>LocalSystem</Data></EventData></Event><Event xmlns='http://schemas.microsoft.com/win/2004/08/events/event'><System><Provider Name='Microsoft-Windows-Kernel-General' Guid='{a68ca8b7-004f-d7b6-a698-07e2de0f1f5d}'/><EventID>1</EventID><Version>4</Version><Level>4</Level><Task>5</Task><Opcode>0</Opcode><Keywords>0x8000000000000010</Keywords><TimeCreated SystemTime='2025-06-02T16:46:20.7071684Z'/><EventRecordID>272</EventRecordID><Correlation/><Execution ProcessID='2572' ThreadID='2496'/><Channel>System</Channel><Computer>NIKOLAI-BSDBOH4</Computer><Security UserID='S-1-5-18'/></System><EventData><Data Name='NewTime'>2025-06-02T16:46:20.7070000Z</Data><Data Name='OldTime'>2025-06-03T00:46:20.3238927Z</Data><Data Name='TimeDeltaInMs'>-28799616</Data><Data Name='Reason'>1</Data><Data Name='ProcessName'>\Device\HarddiskVolume4\Program Files\Parallels\Parallels Tools\Services\prl_tools.exe</Data><Data Name='ProcessID'>2572</Data><Data Name='CmosTime'>2025-06-02T17:46:20.7070000Z</Data><Data Name='TimeZoneBias'>-60</Data><Data Name='RealTimeIsUniversal'>false</Data><Data Name='SystemInCmosMode'>false</Data></EventData></Event><Event xmlns='http://schemas.microsoft.com/win/2004/08/events/event'><System><Provider Name='Microsoft-Windows-HAL' Guid='{63d1e632-95cc-4443-9312-af927761d52a}'/><EventID>20</EventID><Version>0</Version><Level>2</Level><Task>0</Task><Opcode>0</Opcode><Keywords>0x8000000000000000</Keywords><TimeCreated SystemTime='2025-06-02T16:46:20.7071580Z'/><EventRecordID>271</EventRecordID><Correlation/><Execution ProcessID='2572' ThreadID='2496'/><Channel>System</Channel><Computer>NIKOLAI-BSDBOH4</Computer><Security UserID='S-1-5-18'/></System><EventData><Data Name='Status'>3221225473</Data></EventData></Event><Event xmlns='http://schemas.microsoft.com/win/2004/08/events/event'><System><Provider Name='Microsoft-Windows-Kernel-General' Guid='{a68ca8b7-004f-d7b6-a698-07e2de0f1f5d}'/><EventID>24</EventID><Version>0</Version><Level>4</Level><Task>11</Task><Opcode>0</Opcode><Keywords>0x8000000000000010</Keywords><TimeCreated SystemTime='2025-06-02T16:46:20.7070634Z'/><EventRecordID>270</EventRecordID><Correlation/><Execution ProcessID='2572' ThreadID='2496'/><Channel>System</Channel><Computer>NIKOLAI-BSDBOH4</Computer><Security UserID='S-1-5-18'/></System><EventData><Data Name='ExitReason'>0</Data><Data Name='CurrentBias'>-60</Data><Data Name='CurrentTimeZoneID'>2</Data><Data Name='TimeZoneInfoCacheUpdated'>0</Data><Data Name='FirstRefresh'>0</Data></EventData></Event><Event xmlns='http://schemas.microsoft.com/win/2004/08/events/event'><System><Provider Name='Microsoft-Windows-Kernel-General' Guid='{a68ca8b7-004f-d7b6-a698-07e2de0f1f5d}'/><EventID>1</EventID><Version>4</Version><Level>4</Level><Task>5</Task><Opcode>0</Opcode><Keywords>0x8000000000000010</Keywords><TimeCreated SystemTime='2025-06-03T00:46:20.3243124Z'/><EventRecordID>269</EventRecordID><Correlation/><Execution ProcessID='2572' ThreadID='2496'/><Channel>System</Channel><Computer>NIKOLAI-BSDBOH4</Computer><Security UserID='S-1-5-18'/></System><EventData><Data Name='NewTime'>2025-06-03T00:46:20.3238927Z</Data><Data Name='OldTime'>2025-06-03T00:46:20.3238927Z</Data><Data Name='TimeDeltaInMs'>0</Data><Data Name='Reason'>3</Data><Data Name='ProcessName'>\Device\HarddiskVolume4\Program Files\Parallels\Parallels Tools\Services\prl_tools.exe</Data><Data Name='ProcessID'>2572</Data><Data Name='CmosTime'>2025-06-03T01:46:20.3238927Z</Data><Data Name='TimeZoneBias'>-60</Data><Data Name='RealTimeIsUniversal'>false</Data><Data Name='SystemInCmosMode'>false</Data></EventData></Event><Event xmlns='http://schemas.microsoft.com/win/2004/08/events/event'><System><Provider Name='Microsoft-Windows-HAL' Guid='{63d1e632-95cc-4443-9312-af927761d52a}'/><EventID>20</EventID><Version>0</Version><Level>2</Level><Task>0</Task><Opcode>0</Opcode><Keywords>0x8000000000000000</Keywords><TimeCreated SystemTime='2025-06-03T00:46:20.3243062Z'/><EventRecordID>268</EventRecordID><Correlation/><Execution ProcessID='2572' ThreadID='2496'/><Channel>System</Channel><Computer>NIKOLAI-BSDBOH4</Computer><Security UserID='S-1-5-18'/></System><EventData><Data Name='Status'>3221225473</Data></EventData></Event><Event xmlns='http://schemas.microsoft.com/win/2004/08/events/event'><System><Provider Name='Microsoft-Windows-Kernel-General' Guid='{a68ca8b7-004f-d7b6-a698-07e2de0f1f5d}'/><EventID>24</EventID><Version>0</Version><Level>4</Level><Task>11</Task><Opcode>0</Opcode><Keywords>0x8000000000000010</Keywords><TimeCreated SystemTime='2025-06-03T00:46:20.3242637Z'/><EventRecordID>267</EventRecordID><Correlation/><Execution ProcessID='2572' ThreadID='2496'/><Channel>System</Channel><Computer>NIKOLAI-BSDBOH4</Computer><Security UserID='S-1-5-18'/></System><EventData><Data Name='ExitReason'>0</Data><Data Name='CurrentBias'>-60</Data><Data Name='CurrentTimeZoneID'>2</Data><Data Name='TimeZoneInfoCacheUpdated'>0</Data><Data Name='FirstRefresh'>0</Data></EventData></Event><Event xmlns='http://schemas.microsoft.com/win/2004/08/events/event'><System><Provider Name='Microsoft-Windows-Kernel-General' Guid='{a68ca8b7-004f-d7b6-a698-07e2de0f1f5d}'/><EventID>22</EventID><Version>0</Version><Level>4</Level><Task>8</Task><Opcode>0</Opcode><Keywords>0x8000000000000010</Keywords><TimeCreated SystemTime='2025-06-03T00:46:20.3242471Z'/><EventRecordID>266</EventRecordID><Correlation/><Execution ProcessID='2572' ThreadID='2496'/><Channel>System</Channel><Computer>NIKOLAI-BSDBOH4</Computer><Security UserID='S-1-5-18'/></System><EventData><Data Name='NewBias'>-60</Data><Data Name='OldBias'>420</Data></EventData></Event><Event xmlns='http://schemas.microsoft.com/win/2004/08/events/event'><System><Provider Name='Microsoft-Windows-HAL' Guid='{63d1e632-95cc-4443-9312-af927761d52a}'/><EventID>20</EventID><Version>0</Version><Level>2</Level><Task>0</Task><Opcode>0</Opcode><Keywords>0x8000000000000000</Keywords><TimeCreated SystemTime='2025-06-03T00:46:20.3241937Z'/><EventRecordID>265</EventRecordID><Correlation/><Execution ProcessID='2572' ThreadID='2496'/><Channel>System</Channel><Computer>NIKOLAI-BSDBOH4</Computer><Security UserID='S-1-5-18'/></System><EventData><Data Name='Status'>3221225473</Data></EventData></Event><Event xmlns='http://schemas.microsoft.com/win/2004/08/events/event'><System><Provider Name='Service Control Manager' Guid='{555908d1-a6d7-4695-8e1e-26931d2012f4}' EventSourceName='Service Control Manager'/><EventID Qualifiers='16384'>7045</EventID><Version>0</Version><Level>4</Level><Task>0</Task><Opcode>0</Opcode><Keywords>0x8080000000000000</Keywords><TimeCreated SystemTime='2025-06-03T00:46:20.1885304Z'/><EventRecordID>264</EventRecordID><Correlation/><Execution ProcessID='896' ThreadID='536'/><Channel>System</Channel><Computer>NIKOLAI-BSDBOH4</Computer><Security UserID='S-1-5-18'/></System><EventData><Data Name='ServiceName'>Parallels Tools Service</Data><Data Name='ImagePath'>"C:\Program Files\Parallels\Parallels Tools\Services\prl_tools_service.exe"</Data><Data Name='ServiceType'>user mode service</Data><Data Name='StartType'>auto start</Data><Data Name='AccountName'>LocalSystem</Data></EventData></Event><Event xmlns='http://schemas.microsoft.com/win/2004/08/events/event'><System><Provider Name='Service Control Manager' Guid='{555908d1-a6d7-4695-8e1e-26931d2012f4}' EventSourceName='Service Control Manager'/><EventID Qualifiers='49152'>7030</EventID><Version>0</Version><Level>2</Level><Task>0</Task><Opcode>0</Opcode><Keywords>0x8080000000000000</Keywords><TimeCreated SystemTime='2025-06-03T00:46:19.9498548Z'/><EventRecordID>263</EventRecordID><Correlation/><Execution ProcessID='896' ThreadID='536'/><Channel>System</Channel><Computer>NIKOLAI-BSDBOH4</Computer><Security/></System><EventData><Data Name='param1'>Printer Extensions and Notifications</Data></EventData></Event><Event xmlns='http://schemas.microsoft.com/win/2004/08/events/event'><System><Provider Name='Service Control Manager' Guid='{555908d1-a6d7-4695-8e1e-26931d2012f4}' EventSourceName='Service Control Manager'/><EventID Qualifiers='16384'>7045</EventID><Version>0</Version><Level>4</Level><Task>0</Task><Opcode>0</Opcode><Keywords>0x8080000000000000</Keywords><TimeCreated SystemTime='2025-06-03T00:46:19.9498548Z'/><EventRecordID>262</EventRecordID><Correlation/><Execution ProcessID='896' ThreadID='536'/><Channel>System</Channel><Computer>NIKOLAI-BSDBOH4</Computer><Security UserID='S-1-5-18'/></System><EventData><Data Name='ServiceName'>Printer Extensions and Notifications</Data><Data Name='ImagePath'>%SystemRoot%\system32\svchost.exe -k print</Data><Data Name='ServiceType'>user mode service</Data><Data Name='StartType'>demand start</Data><Data Name='AccountName'>LocalSystem</Data></EventData></Event><Event xmlns='http://schemas.microsoft.com/win/2004/08/events/event'><System><Provider Name='Microsoft-Windows-HttpService' Guid='{dd5ef90a-6398-47a4-ad34-4dcecdef795f}'/><EventID>112</EventID><Version>0</Version><Level>4</Level><Task>3</Task><Opcode>121</Opcode><Keywords>0x4000000000000001</Keywords><TimeCreated SystemTime='2025-06-03T00:46:18.6621141Z'/><EventRecordID>261</EventRecordID><Correlation/><Execution ProcessID='4' ThreadID='240'/><Channel>System</Channel><Computer>NIKOLAI-BSDBOH4</Computer><Security UserID='S-1-5-18'/></System><EventData><Data Name='Url'>http://+:10247/apps/</Data><Data Name='ReserveStatus'>0</Data><Data Name='ProcessId'>4</Data><Data Name='ExecutablePath'></Data><Data Name='UserSid'>S-1-5-18</Data></EventData></Event><Event xmlns='http://schemas.microsoft.com/win/2004/08/events/event'><System><Provider Name='Microsoft-Windows-HttpService' Guid='{dd5ef90a-6398-47a4-ad34-4dcecdef795f}'/><EventID>112</EventID><Version>0</Version><Level>4</Level><Task>3</Task><Opcode>121</Opcode><Keywords>0x4000000000000001</Keywords><TimeCreated SystemTime='2025-06-03T00:46:18.6621114Z'/><EventRecordID>260</EventRecordID><Correlation/><Execution ProcessID='4' ThreadID='240'/><Channel>System</Channel><Computer>NIKOLAI-BSDBOH4</Computer><Security UserID='S-1-5-18'/></System><EventData><Data Name='Url'>http://+:80/116B50EB-ECE2-41ac-8429-9F9E963361B7/</Data><Data Name='ReserveStatus'>0</Data><Data Name='ProcessId'>4</Data><Data Name='ExecutablePath'></Data><Data Name='UserSid'>S-1-5-18</Data></EventData></Event><Event xmlns='http://schemas.microsoft.com/win/2004/08/events/event'><System><Provider Name='Microsoft-Windows-HttpService' Guid='{dd5ef90a-6398-47a4-ad34-4dcecdef795f}'/><EventID>112</EventID><Version>0</Version><Level>4</Level><Task>3</Task><Opcode>121</Opcode><Keywords>0x4000000000000001</Keywords><TimeCreated SystemTime='2025-06-03T00:46:18.6621077Z'/><EventRecordID>259</EventRecordID><Correlation/><Execution ProcessID='4' ThreadID='240'/><Channel>System</Channel><Computer>NIKOLAI-BSDBOH4</Computer><Security UserID='S-1-5-18'/></System><EventData><Data Name='Url'>https://+:443/C574AC30-5794-4AEE-B1BB-6651C5315029/</Data><Data Name='ReserveStatus'>0</Data><Data Name='ProcessId'>4</Data><Data Name='ExecutablePath'></Data><Data Name='UserSid'>S-1-5-18</Data></EventData></Event><Event xmlns='http://schemas.microsoft.com/win/2004/08/events/event'><System><Provider Name='Microsoft-Windows-HttpService' Guid='{dd5ef90a-6398-47a4-ad34-4dcecdef795f}'/><EventID>112</EventID><Version>0</Version><Level>4</Level><Task>3</Task><Opcode>121</Opcode><Keywords>0x4000000000000001</Keywords><TimeCreated SystemTime='2025-06-03T00:46:18.6621042Z'/><EventRecordID>258</EventRecordID><Correlation/><Execution ProcessID='4' ThreadID='240'/><Channel>System</Channel><Computer>NIKOLAI-BSDBOH4</Computer><Security UserID='S-1-5-18'/></System><EventData><Data Name='Url'>http://+:80/0131501b-d67f-491b-9a40-c4bf27bcb4d4/</Data><Data Name='ReserveStatus'>0</Data><Data Name='ProcessId'>4</Data><Data Name='ExecutablePath'></Data><Data Name='UserSid'>S-1-5-18</Data></EventData></Event><Event xmlns='http://schemas.microsoft.com/win/2004/08/events/event'><System><Provider Name='Microsoft-Windows-HttpService' Guid='{dd5ef90a-6398-47a4-ad34-4dcecdef795f}'/><EventID>112</EventID><Version>0</Version><Level>4</Level><Task>3</Task><Opcode>121</Opcode><Keywords>0x4000000000000001</Keywords><TimeCreated SystemTime='2025-06-03T00:46:18.6620992Z'/><EventRecordID>257</EventRecordID><Correlation/><Execution ProcessID='4' ThreadID='240'/><Channel>System</Channel><Computer>NIKOLAI-BSDBOH4</Computer><Security UserID='S-1-5-18'/></System><EventData><Data Name='Url'>http://+:3387/rdp/</Data><Data Name='ReserveStatus'>0</Data><Data Name='ProcessId'>4</Data><Data Name='ExecutablePath'></Data><Data Name='UserSid'>S-1-5-18</Data></EventData></Event><Event xmlns='http://schemas.microsoft.com/win/2004/08/events/event'><System><Provider Name='Microsoft-Windows-HttpService' Guid='{dd5ef90a-6398-47a4-ad34-4dcecdef795f}'/><EventID>112</EventID><Version>0</Version><Level>4</Level><Task>3</Task><Opcode>121</Opcode><Keywords>0x4000000000000001</Keywords><TimeCreated SystemTime='2025-06-03T00:46:18.6620962Z'/><EventRecordID>256</EventRecordID><Correlation/><Execution ProcessID='4' ThreadID='240'/><Channel>System</Channel><Computer>NIKOLAI-BSDBOH4</Computer><Security UserID='S-1-5-18'/></System><EventData><Data Name='Url'>https://+:3392/rdp/</Data><Data Name='ReserveStatus'>0</Data><Data Name='ProcessId'>4</Data><Data Name='ExecutablePath'></Data><Data Name='UserSid'>S-1-5-18</Data></EventData></Event><Event xmlns='http://schemas.microsoft.com/win/2004/08/events/event'><System><Provider Name='Microsoft-Windows-HttpService' Guid='{dd5ef90a-6398-47a4-ad34-4dcecdef795f}'/><EventID>112</EventID><Version>0</Version><Level>4</Level><Task>3</Task><Opcode>121</Opcode><Keywords>0x4000000000000001</Keywords><TimeCreated SystemTime='2025-06-03T00:46:18.6620932Z'/><EventRecordID>255</EventRecordID><Correlation/><Execution ProcessID='4' ThreadID='240'/><Channel>System</Channel><Computer>NIKOLAI-BSDBOH4</Computer><Security UserID='S-1-5-18'/></System><EventData><Data Name='Url'>http://+:10246/MDEServer/</Data><Data Name='ReserveStatus'>0</Data><Data Name='ProcessId'>4</Data><Data Name='ExecutablePath'></Data><Data Name='UserSid'>S-1-5-18</Data></EventData></Event><Event xmlns='http://schemas.microsoft.com/win/2004/08/events/event'><System><Provider Name='Microsoft-Windows-HttpService' Guid='{dd5ef90a-6398-47a4-ad34-4dcecdef795f}'/><EventID>112</EventID><Version>0</Version><Level>4</Level><Task>3</Task><Opcode>121</Opcode><Keywords>0x4000000000000001</Keywords><TimeCreated SystemTime='2025-06-03T00:46:18.6620903Z'/><EventRecordID>254</EventRecordID><Correlation/><Execution ProcessID='4' ThreadID='240'/><Channel>System</Channel><Computer>NIKOLAI-BSDBOH4</Computer><Security UserID='S-1-5-18'/></System><EventData><Data Name='Url'>http://+:10243/WMPNSSv4/</Data><Data Name='ReserveStatus'>0</Data><Data Name='ProcessId'>4</Data><Data Name='ExecutablePath'></Data><Data Name='UserSid'>S-1-5-18</Data></EventData></Event><Event xmlns='http://schemas.microsoft.com/win/2004/08/events/event'><System><Provider Name='Microsoft-Windows-HttpService' Guid='{dd5ef90a-6398-47a4-ad34-4dcecdef795f}'/><EventID>112</EventID><Version>0</Version><Level>4</Level><Task>3</Task><Opcode>121</Opcode><Keywords>0x4000000000000001</Keywords><TimeCreated SystemTime='2025-06-03T00:46:18.6620844Z'/><EventRecordID>253</EventRecordID><Correlation/><Execution ProcessID='4' ThreadID='240'/><Channel>System</Channel><Computer>NIKOLAI-BSDBOH4</Computer><Security UserID='S-1-5-18'/></System><EventData><Data Name='Url'>https://+:10245/WMPNSSv4/</Data><Data Name='ReserveStatus'>0</Data><Data Name='ProcessId'>4</Data><Data Name='ExecutablePath'></Data><Data Name='UserSid'>S-1-5-18</Data></EventData></Event><Event xmlns='http://schemas.microsoft.com/win/2004/08/events/event'><System><Provider Name='Microsoft-Windows-HttpService' Guid='{dd5ef90a-6398-47a4-ad34-4dcecdef795f}'/><EventID>112</EventID><Version>0</Version><Level>4</Level><Task>3</Task><Opcode>121</Opcode><Keywords>0x4000000000000001</Keywords><TimeCreated SystemTime='2025-06-03T00:46:18.6620813Z'/><EventRecordID>252</EventRecordID><Correlation/><Execution ProcessID='4' ThreadID='240'/><Channel>System</Channel><Computer>NIKOLAI-BSDBOH4</Computer><Security UserID='S-1-5-18'/></System><EventData><Data Name='Url'>http://*:2869/</Data><Data Name='ReserveStatus'>0</Data><Data Name='ProcessId'>4</Data><Data Name='ExecutablePath'></Data><Data Name='UserSid'>S-1-5-18</Data></EventData></Event><Event xmlns='http://schemas.microsoft.com/win/2004/08/events/event'><System><Provider Name='Microsoft-Windows-HttpService' Guid='{dd5ef90a-6398-47a4-ad34-4dcecdef795f}'/><EventID>112</EventID><Version>0</Version><Level>4</Level><Task>3</Task><Opcode>121</Opcode><Keywords>0x4000000000000001</Keywords><TimeCreated SystemTime='2025-06-03T00:46:18.6620787Z'/><EventRecordID>251</EventRecordID><Correlation/><Execution ProcessID='4' ThreadID='240'/><Channel>System</Channel><Computer>NIKOLAI-BSDBOH4</Computer><Security UserID='S-1-5-18'/></System><EventData><Data Name='Url'>http://+:5985/wsman/</Data><Data Name='ReserveStatus'>0</Data><Data Name='ProcessId'>4</Data><Data Name='ExecutablePath'></Data><Data Name='UserSid'>S-1-5-18</Data></EventData></Event><Event xmlns='http://schemas.microsoft.com/win/2004/08/events/event'><System><Provider Name='Microsoft-Windows-HttpService' Guid='{dd5ef90a-6398-47a4-ad34-4dcecdef795f}'/><EventID>112</EventID><Version>0</Version><Level>4</Level><Task>3</Task><Opcode>121</Opcode><Keywords>0x4000000000000001</Keywords><TimeCreated SystemTime='2025-06-03T00:46:18.6620739Z'/><EventRecordID>250</EventRecordID><Correlation/><Execution ProcessID='4' ThreadID='240'/><Channel>System</Channel><Computer>NIKOLAI-BSDBOH4</Computer><Security UserID='S-1-5-18'/></System><EventData><Data Name='Url'>http://+:47001/wsman/</Data><Data Name='ReserveStatus'>0</Data><Data Name='ProcessId'>4</Data><Data Name='ExecutablePath'></Data><Data Name='UserSid'>S-1-5-18</Data></EventData></Event><Event xmlns='http://schemas.microsoft.com/win/2004/08/events/event'><System><Provider Name='Microsoft-Windows-HttpService' Guid='{dd5ef90a-6398-47a4-ad34-4dcecdef795f}'/><EventID>112</EventID><Version>0</Version><Level>4</Level><Task>3</Task><Opcode>121</Opcode><Keywords>0x4000000000000001</Keywords><TimeCreated SystemTime='2025-06-03T00:46:18.6620707Z'/><EventRecordID>249</EventRecordID><Correlation/><Execution ProcessID='4' ThreadID='240'/><Channel>System</Channel><Computer>NIKOLAI-BSDBOH4</Computer><Security UserID='S-1-5-18'/></System><EventData><Data Name='Url'>https://+:5986/wsman/</Data><Data Name='ReserveStatus'>0</Data><Data Name='ProcessId'>4</Data><Data Name='ExecutablePath'></Data><Data Name='UserSid'>S-1-5-18</Data></EventData></Event><Event xmlns='http://schemas.microsoft.com/win/2004/08/events/event'><System><Provider Name='Microsoft-Windows-HttpService' Guid='{dd5ef90a-6398-47a4-ad34-4dcecdef795f}'/><EventID>112</EventID><Version>0</Version><Level>4</Level><Task>3</Task><Opcode>121</Opcode><Keywords>0x4000000000000001</Keywords><TimeCreated SystemTime='2025-06-03T00:46:18.6620650Z'/><EventRecordID>248</EventRecordID><Correlation/><Execution ProcessID='4' ThreadID='240'/><Channel>System</Channel><Computer>NIKOLAI-BSDBOH4</Computer><Security UserID='S-1-5-18'/></System><EventData><Data Name='Url'>https://+:443/sra_{BA195980-CD49-458b-9E23-C84EE0ADCD75}/</Data><Data Name='ReserveStatus'>0</Data><Data Name='ProcessId'>4</Data><Data Name='ExecutablePath'></Data><Data Name='UserSid'>S-1-5-18</Data></EventData></Event><Event xmlns='http://schemas.microsoft.com/win/2004/08/events/event'><System><Provider Name='Microsoft-Windows-HttpService' Guid='{dd5ef90a-6398-47a4-ad34-4dcecdef795f}'/><EventID>112</EventID><Version>0</Version><Level>4</Level><Task>3</Task><Opcode>121</Opcode><Keywords>0x4000000000000001</Keywords><TimeCreated SystemTime='2025-06-03T00:46:18.6620581Z'/><EventRecordID>247</EventRecordID><Correlation/><Execution ProcessID='4' ThreadID='240'/><Channel>System</Channel><Computer>NIKOLAI-BSDBOH4</Computer><Security UserID='S-1-5-18'/></System><EventData><Data Name='Url'>https://*:5358/</Data><Data Name='ReserveStatus'>0</Data><Data Name='ProcessId'>4</Data><Data Name='ExecutablePath'></Data><Data Name='UserSid'>S-1-5-18</Data></EventData></Event><Event xmlns='http://schemas.microsoft.com/win/2004/08/events/event'><System><Provider Name='Microsoft-Windows-HttpService' Guid='{dd5ef90a-6398-47a4-ad34-4dcecdef795f}'/><EventID>112</EventID><Version>0</Version><Level>4</Level><Task>3</Task><Opcode>121</Opcode><Keywords>0x4000000000000001</Keywords><TimeCreated SystemTime='2025-06-03T00:46:18.6620506Z'/><EventRecordID>246</EventRecordID><Correlation/><Execution ProcessID='4' ThreadID='240'/><Channel>System</Channel><Computer>NIKOLAI-BSDBOH4</Computer><Security UserID='S-1-5-18'/></System><EventData><Data Name='Url'>http://+:80/Temporary_Listen_Addresses/</Data><Data Name='ReserveStatus'>0</Data><Data Name='ProcessId'>4</Data><Data Name='ExecutablePath'></Data><Data Name='UserSid'>S-1-5-18</Data></EventData></Event><Event xmlns='http://schemas.microsoft.com/win/2004/08/events/event'><System><Provider Name='Microsoft-Windows-HttpService' Guid='{dd5ef90a-6398-47a4-ad34-4dcecdef795f}'/><EventID>112</EventID><Version>0</Version><Level>4</Level><Task>3</Task><Opcode>121</Opcode><Keywords>0x4000000000000001</Keywords><TimeCreated SystemTime='2025-06-03T00:46:18.6620447Z'/><EventRecordID>245</EventRecordID><Correlation/><Execution ProcessID='4' ThreadID='240'/><Channel>System</Channel><Computer>NIKOLAI-BSDBOH4</Computer><Security UserID='S-1-5-18'/></System><EventData><Data Name='Url'>http://*:5357/</Data><Data Name='ReserveStatus'>0</Data><Data Name='ProcessId'>4</Data><Data Name='ExecutablePath'></Data><Data Name='UserSid'>S-1-5-18</Data></EventData></Event><Event xmlns='http://schemas.microsoft.com/win/2004/08/events/event'><System><Provider Name='Service Control Manager' Guid='{555908d1-a6d7-4695-8e1e-26931d2012f4}' EventSourceName='Service Control Manager'/><EventID Qualifiers='16384'>7045</EventID><Version>0</Version><Level>4</Level><Task>0</Task><Opcode>0</Opcode><Keywords>0x8080000000000000</Keywords><TimeCreated SystemTime='2025-06-03T00:46:18.5550449Z'/><EventRecordID>244</EventRecordID><Correlation/><Execution ProcessID='896' ThreadID='384'/><Channel>System</Channel><Computer>NIKOLAI-BSDBOH4</Computer><Security UserID='S-1-5-18'/></System><EventData><Data Name='ServiceName'>Parallels Display Adapter (WDDM)</Data><Data Name='ImagePath'>\SystemRoot\System32\drivers\prl_kmdd.sys</Data><Data Name='ServiceType'>kernel mode driver</Data><Data Name='StartType'>demand start</Data><Data Name='AccountName'></Data></EventData></Event><Event xmlns='http://schemas.microsoft.com/win/2004/08/events/event'><System><Provider Name='Service Control Manager' Guid='{555908d1-a6d7-4695-8e1e-26931d2012f4}' EventSourceName='Service Control Manager'/><EventID Qualifiers='16384'>7045</EventID><Version>0</Version><Level>4</Level><Task>0</Task><Opcode>0</Opcode><Keywords>0x8080000000000000</Keywords><TimeCreated SystemTime='2025-06-03T00:46:18.3069021Z'/><EventRecordID>243</EventRecordID><Correlation/><Execution ProcessID='896' ThreadID='384'/><Channel>System</Channel><Computer>NIKOLAI-BSDBOH4</Computer><Security UserID='S-1-5-18'/></System><EventData><Data Name='ServiceName'>Parallels paravirt disk filter</Data><Data Name='ImagePath'>system32\DRIVERS\prl_strg.sys</Data><Data Name='ServiceType'>kernel mode driver</Data><Data Name='StartType'>boot start</Data><Data Name='AccountName'></Data></EventData></Event><Event xmlns='http://schemas.microsoft.com/win/2004/08/events/event'><System><Provider Name='Service Control Manager' Guid='{555908d1-a6d7-4695-8e1e-26931d2012f4}' EventSourceName='Service Control Manager'/><EventID Qualifiers='16384'>7045</EventID><Version>0</Version><Level>4</Level><Task>0</Task><Opcode>0</Opcode><Keywords>0x8080000000000000</Keywords><TimeCreated SystemTime='2025-06-03T00:46:18.1639968Z'/><EventRecordID>242</EventRecordID><Correlation/><Execution ProcessID='896' ThreadID='384'/><Channel>System</Channel><Computer>NIKOLAI-BSDBOH4</Computer><Security UserID='S-1-5-18'/></System><EventData><Data Name='ServiceName'>Parallels Mouse Synchronization Device</Data><Data Name='ImagePath'>\SystemRoot\System32\drivers\prl_mouf.sys</Data><Data Name='ServiceType'>kernel mode driver</Data><Data Name='StartType'>demand start</Data><Data Name='AccountName'></Data></EventData></Event><Event xmlns='http://schemas.microsoft.com/win/2004/08/events/event'><System><Provider Name='Service Control Manager' Guid='{555908d1-a6d7-4695-8e1e-26931d2012f4}' EventSourceName='Service Control Manager'/><EventID Qualifiers='16384'>7045</EventID><Version>0</Version><Level>4</Level><Task>0</Task><Opcode>0</Opcode><Keywords>0x8080000000000000</Keywords><TimeCreated SystemTime='2025-06-03T00:46:17.9906678Z'/><EventRecordID>241</EventRecordID><Correlation/><Execution ProcessID='896' ThreadID='384'/><Channel>System</Channel><Computer>NIKOLAI-BSDBOH4</Computer><Security UserID='S-1-5-18'/></System><EventData><Data Name='ServiceName'>Parallels Shared Folders</Data><Data Name='ImagePath'>system32\DRIVERS\prl_fs.sys</Data><Data Name='ServiceType'>kernel mode driver</Data><Data Name='StartType'>system start</Data><Data Name='AccountName'></Data></EventData></Event><Event xmlns='http://schemas.microsoft.com/win/2004/08/events/event'><System><Provider Name='Service Control Manager' Guid='{555908d1-a6d7-4695-8e1e-26931d2012f4}' EventSourceName='Service Control Manager'/><EventID Qualifiers='16384'>7045</EventID><Version>0</Version><Level>4</Level><Task>0</Task><Opcode>0</Opcode><Keywords>0x8080000000000000</Keywords><TimeCreated SystemTime='2025-06-03T00:46:03.4929047Z'/><EventRecordID>240</EventRecordID><Correlation/><Execution ProcessID='896' ThreadID='384'/><Channel>System</Channel><Computer>NIKOLAI-BSDBOH4</Computer><Security UserID='S-1-5-18'/></System><EventData><Data Name='ServiceName'>prl_memdev</Data><Data Name='ImagePath'>\SystemRoot\System32\drivers\prl_memdev.sys</Data><Data Name='ServiceType'>kernel mode driver</Data><Data Name='StartType'>demand start</Data><Data Name='AccountName'></Data></EventData></Event><Event xmlns='http://schemas.microsoft.com/win/2004/08/events/event'><System><Provider Name='Microsoft-Windows-Kernel-PnP' Guid='{9c205a39-1250-487d-abd7-e831c6290539}'/><EventID>225</EventID><Version>2</Version><Level>3</Level><Task>223</Task><Opcode>0</Opcode><Keywords>0x8000000000000000</Keywords><TimeCreated SystemTime='2025-06-03T00:46:03.3214416Z'/><EventRecordID>239</EventRecordID><Correlation/><Execution ProcessID='4' ThreadID='276'/><Channel>System</Channel><Computer>NIKOLAI-BSDBOH4</Computer><Security UserID='S-1-5-18'/></System><EventData><Data Name='ProcessId'>2024</Data><Data Name='ProcessNameLength'>69</Data><Data Name='ProcessName'>\Device\HarddiskVolume4\Windows\Temp\PrlToolsPackages\setup_arm64.exe</Data><Data Name='DeviceInstanceLength'>14</Data><Data Name='DeviceInstance'>ACPI\PRL4000\0</Data><Data Name='CommandLineLength'>75</Data><Data Name='CommandLine'>"C:\WINDOWS\TEMP\PrlToolsPackages\setup_arm64.exe" --clearindication --cats</Data><Data Name='VetoingDevicesLength'>16</Data><Data Name='VetoingDevices'>ACPI\PRL4000\0
</Data></EventData></Event><Event xmlns='http://schemas.microsoft.com/win/2004/08/events/event'><System><Provider Name='Microsoft-Windows-Kernel-PnP' Guid='{9c205a39-1250-487d-abd7-e831c6290539}'/><EventID>225</EventID><Version>2</Version><Level>3</Level><Task>223</Task><Opcode>0</Opcode><Keywords>0x8000000000000000</Keywords><TimeCreated SystemTime='2025-06-03T00:46:03.3214363Z'/><EventRecordID>238</EventRecordID><Correlation/><Execution ProcessID='4' ThreadID='276'/><Channel>System</Channel><Computer>NIKOLAI-BSDBOH4</Computer><Security UserID='S-1-5-18'/></System><EventData><Data Name='ProcessId'>1992</Data><Data Name='ProcessNameLength'>57</Data><Data Name='ProcessName'>\Device\HarddiskVolume4\Windows\Temp\PrlUnatt\PTAgent.exe</Data><Data Name='DeviceInstanceLength'>14</Data><Data Name='DeviceInstance'>ACPI\PRL4000\0</Data><Data Name='CommandLineLength'>54</Data><Data Name='CommandLine'>"C:\WINDOWS\TEMP\PrlUnatt\PTAgent.exe" /install_silent</Data><Data Name='VetoingDevicesLength'>16</Data><Data Name='VetoingDevices'>ACPI\PRL4000\0
</Data></EventData></Event><Event xmlns='http://schemas.microsoft.com/win/2004/08/events/event'><System><Provider Name='Service Control Manager' Guid='{555908d1-a6d7-4695-8e1e-26931d2012f4}' EventSourceName='Service Control Manager'/><EventID Qualifiers='16384'>7040</EventID><Version>0</Version><Level>4</Level><Task>0</Task><Opcode>0</Opcode><Keywords>0x8080000000000000</Keywords><TimeCreated SystemTime='2025-06-03T00:45:49.2419043Z'/><EventRecordID>237</EventRecordID><Correlation/><Execution ProcessID='896' ThreadID='992'/><Channel>System</Channel><Computer>NIKOLAI-BSDBOH4</Computer><Security UserID='S-1-5-18'/></System><EventData><Data Name='param1'>BITS</Data><Data Name='param2'>demand start</Data><Data Name='param3'>auto start</Data><Data Name='param4'>BITS</Data></EventData></Event><Event xmlns='http://schemas.microsoft.com/win/2004/08/events/event'><System><Provider Name='Microsoft-Windows-Directory-Services-SAM' Guid='{0d4fdc09-8c27-494a-bda0-505e4fd8adae}'/><EventID>16983</EventID><Version>0</Version><Level>4</Level><Task>0</Task><Opcode>0</Opcode><Keywords>0x8000000000000000</Keywords><TimeCreated SystemTime='2025-06-03T00:43:51.1843792Z'/><EventRecordID>236</EventRecordID><Correlation ActivityID='{92554509-d420-0001-d045-559220d4db01}'/><Execution ProcessID='916' ThreadID='920'/><Channel>System</Channel><Computer>NIKOLAI-BSDBOH4</Computer><Security UserID='S-1-5-18'/></System><EventData Name='SAMMSG_AUDIT_LEGACY_PWD_RPC_METHODS_OFF'></EventData></Event><Event xmlns='http://schemas.microsoft.com/win/2004/08/events/event'><System><Provider Name='Microsoft-Windows-Directory-Services-SAM' Guid='{0d4fdc09-8c27-494a-bda0-505e4fd8adae}'/><EventID>16977</EventID><Version>0</Version><Level>4</Level><Task>0</Task><Opcode>0</Opcode><Keywords>0x8000000000000000</Keywords><TimeCreated SystemTime='2025-06-03T00:43:51.1843750Z'/><EventRecordID>235</EventRecordID><Correlation ActivityID='{92554509-d420-0001-d045-559220d4db01}'/><Execution ProcessID='916' ThreadID='920'/><Channel>System</Channel><Computer>NIKOLAI-BSDBOH4</Computer><Security UserID='S-1-5-18'/></System><EventData Name='SAMMSG_MINPWDLEN_SETTINGS_IN_EFFECT'><Data Name='MinimumPasswordLength'>0</Data><Data Name='RelaxMinimumPasswordLengthLimits'>0</Data><Data Name='MinimumPasswordLengthAudit'>-1</Data></EventData></Event>